15
Macon, GA 03813
     0
       5.000       7.100      11.600      16.700      21.100      24.300
      25.000      25.000      22.700      17.700      12.800       7.100
       9.300      12.100      16.700      21.100      25.000      28.200
      28.800      28.800      26.100      21.700      17.200      11.100
      14.300      17.200      21.100      25.000      28.200      31.100
      32.200      31.700      29.300      25.000      21.100      16.100
      41.000      37.000      38.000      36.000      42.000      46.000
      52.000      54.000      51.000      42.000      41.000      42.000
      61.000      55.000      57.000      51.000      56.000      59.000
      65.000      65.000      65.000      57.000      58.000      61.000
      85.000      80.000      80.000      74.000      77.000      79.000
      82.000      82.000      83.000      78.000      80.000      84.000
       2.400       2.400       2.400       2.400       2.000       2.000
       2.000       2.000       2.000       2.000       2.000       2.000
       3.100       3.100       3.100       3.100       2.700       2.700
       2.700       2.400       2.700       2.700       2.700       2.700
       4.400       4.400       4.800       4.400       4.000       3.500
       3.500       3.100       3.500       3.500       4.000       4.000
     300.000     290.000     290.000     280.000     280.000     270.000
     260.000      80.000      60.000      40.000     350.000     300.000
     1
       9.609      12.249      16.419      20.535      24.639      27.790
      28.723      28.505      25.878      21.028      16.750      11.385
      62.022      58.366      58.678      54.868      59.384      61.983
      66.251      67.244      66.411      59.614      60.046      62.106
     2
    21     9    15    19    23    22    14    28    30    29    21    32
    28    14    23    21    36    20    18    44    32    35    38    20
    31    14    18    21    28    23    28    41    29    35    33    25
    26    20    25    24    25    28    20    45    36    28    24    27
    42    22    34    29    39    31    34    61    53    54    40    45
    20    18    24    25    34    28    42    54    60    56    34    32
    25    19    15    30    30    30    52    57    53    40    26    32
    14    15    24    24    26    42    35    50    48    35    24    23
    42    27    23    36    48    57    46    95    70    39    44    38
    10    12    25    15    42    30    33    42    38    29    37    30
    22    22    25    15    27    25    32    51    32    27    29    25
    25    18    38    26    41    37    34    45    41    22    23    33
    25    29    31    19    28    32    40    31    29    28    31    28
    28    30    28    25    41    49    45    47    40    33    51    34
    21    25    22    25    34    41    37    46    36    21    27    33
    23    27    25    22    27    16    32    43    26    25    27    24
    12    10    18    18    24    21    39    40    17    15    19    14
    33    40    37    43    57    45    60    65    54    32    31    30
    14    12    18    32    28    30    34    41    28    13    10    19
    15    24    17    27    23    21    45    44    30    20    19    14
    18    23    24    33    36    44    51    52    40    21    15    17
    20    17    13    25    35    28    52    49    30    20    18    23
    13    19    19    29    45    36    58    61    40    22    22    28
    13    33    28    27    43    59    70    68    38    23    18    29
    16    16    21    22    32    36    68    52    27    14    18    20
    14    16    13    29    34    36    50    38    34    19    12    18
    21    28    24    36    62    58    72    70    45    52    26    28
    28    23    22    24    48    45    58    45    35    39    34    29
    24    19    44    31    55    36    53    82    42    57    23    45
    29    35    42    49    68    85    73    66    54    64    41    35
    36    29    25    30    41    46    38    29    36    40    39    40
    32    24    27    33    35    36    44    47    45    58    30    32
    25    21    21    22    26    25    20    35    23    38    27    36
    21     9    10    23    33    25    23    33    36    47    26    28
    21    12    23    19    22    18    14    27    14    25    25    17
    28    25    26    27    27    24    25    44    35    37    23    30
     3
    62    33    47    36    62    68    46    72    93   113    59    50
   102    54    65    50    96   108    70   114   179   178   111    86
    65    51    76    61    78    95    71   116   131   155    94    80
    85    64    59    68    82   107    87   141   192   164    81    77
    93    92    91    81   166   195   141   248   259   249   166   100
    75    80    70    65   124   145   134   205   227   201   119   113
    50    72    72    61   133   150   122   192   187   166    99    68
    33    58    51    47    95   100   108   121   124   100    69    52
    71    63    80    87   157   187   172   220   238   152   124    77
    39    47    44    56   108   101    84   111   122    82    61    53
    41    40    54    84   100   112   103   143   108    74    74    53
    55    61    74    98   138   127   125   183   102    89    73    70
    46    35    76    76   116    95    94   110    71    63    84    77
    92    54   111    92   148   115   140   143    89    77    83    69
    65    73    90    94   121    87   108   105    63    49    69    54
    41    51    79    77    82    97   102   113    53    33    64    53
    31    44    64    58    65    71    83    72    37    29    33    45
    73    90   128   134   133   150   171   164    76    57    80    73
    38    52    83    59    80    66   106   103    47    25    46    44
    41    57    60    65    74    86   120    89    57    30    55    42
    58    55    82    85   103   106   139    98    48    41    39    51
    26    37    47    55    78    72   107    88    46    23    33    51
    57    46    57    92    89   136   199   128    76    40    42    55
    61    68    63    93   118   127   208   140    66    54    47    55
    50    45    54    76    98   130   168    99    46    39    43    52
    44    32    37    63    77   108   129    69    49    34    46    46
    70    84    73   103   165   147   261   138    80    66    66    93
    57    38    50    86    76    86   130   101    54    58    44    54
    91    55    99   102   152   149   183   134    74    94    70    88
   100    84    93   102   129   130   167   131   103    83    96   135
    81    83    83    93    93   117    93   105    99    85    82   105
   106    84   106   104   157   141   136   147   114   131   104   116
    84    81    74    80   109   104    75    86    76   102    85    95
    69    65    68    68   116   106    89    90    93   100    76    89
    39    37    50    43    70    65    48    47    65    69    52    43
    94    47    66    67   100   119    50    99   118   162    86    99
     4
    19    14    16    22    31    30    17    33    45    44    25    26
    38    42    41    35    50    42    28    61    77    87    47    22
    24    23    28    18    30    55    24    48    68    87    31    35
    33    37    28    26    37    41    37    65    99    89    44    28
    47    56    51    39    67    91    55   113   169   136    77    54
    54    44    41    34    53    77    65    71   108   128    55    56
    37    41    31    27    73    64    52    83   111    90    37    35
    18    26    24    18    36    49    37    72    72    49    30    16
    33    44    46    44    68    84    77    84   127    78    52    41
    22    20    28    22    47    40    36    56    42    37    26    11
    15    34    31    48    59    49    57    39    54    36    24    13
    27    26    30    57    66    42    61    54    44    38    34    14
    26    25    42    59    40    41    47    39    33    31    33    18
    28    41    53    66    69    46    48    37    26    14    35    24
    22    28    40    41    39    31    39    36    27    24    37    27
    22    32    32    55    44    37    37    22    18    19    18    24
    15    25    36    36    46    26    43    34    20    20    20    15
    34    53    68    76    80    54    57    64    26    27    31    44
    23    25    53    39    43    30    44    38    21     7    22    23
    26    29    46    46    36    39    58    37    24    17    12    29
    23    43    60    49    57    46    72    53    26    22    34    31
    28    31    34    34    40    34    66    35    19    10    19    18
    44    37    49    71    66    52   101    61    27    22    31    33
    34    37    59    59    68    74    95    47    31    15    30    41
    44    34    34    46    43    76    83    23    13    16    23    35
    21    24    28    50    37    53    59    27    20    18    16    16
    46    47    43    60    74    84   109    45    19    25    29    45
    29    26    28    38    42    57    59    38    18    25    35    27
    64    42    54    53    76    72   112    59    31    43    39    46
    59    76    63    64    59    65    67    57    35    51    61    62
    58    51    59    88    51    60    53    35    36    48    48    58
    80    47    70    63    87    72    55    59    55    81    52    67
    43    59    43    53    56    49    22    38    34    65    31    44
    54    42    37    48    46    51    31    41    38    49    42    51
    23    32    36    32    31    30    26    22    26    36    24    29
    22    31    23    27    65    53    23    28    36    54    25    35
     5
    15    23    16    11    23     8    11    27    28    29    17    19
    17    24    34    35    38    49    21    45    53    55    29    31
    12    29    22    21    37    26    22    30    65    43    36    13
    19    31    40    21    31    41    24    34    78    79    32    30
    45    63    45    40    53    99    39    82   151   125    57    50
    31    69    40    29    48    63    51    63   127   108    42    34
    37    37    39    23    53    68    32    73   115   109    33    39
    18    21    24    22    23    34    27    33    65    54    19    15
    33    32    55    54    67    54    61    67    94    66    31    24
     8    11    31    21    25    35    23    31    40    20    14     7
    11    18    46    44    42    41    35    25    32    31    11    13
    15    31    43    52    47    46    45    22    29    24    23    14
    11    14    33    63    32    27    26    19    10    20    21    17
    15    22    52    62    60    29    30    32    19    19    36    19
    23    32    53    62    40    30    24    18    14    19    24    28
    20    33    54    64    35    31    31    31    12    17    28    24
    13    30    38    50    37    12    15     9    10    12    13    31
    52    63   105   100    68    64    63    25    23    17    50    70
    23    39    71    45    39    24    26    18    16    13    25    25
    25    47    65    74    50    42    48    24     9    16    26    33
    37    59    94    78    58    48    49    33    12    21    29    48
    29    32    55    53    52    34    46    30    16    13    28    40
    46    53    63   116    86    73   103    43    19    20    28    41
    45    57    72    54    67    66    71    20    14    14    36    54
    48    60    45    64    47    53    58    18    15    22    25    23
    37    37    30    41    27    46    25    19     6    15    16    27
    82    71    62   101    90   105   101    38    17    43    41    57
    62    56    52    64    51    52    41    17    14    40    38    39
   105    99    76   109    73    61    84    35    20    55    55    74
   104    93   103   121    75    57    52    22    32    58    94    91
   109   107    96   130    63    43    33    23    25    68    72    93
   128   127    93   114   104    57    57    50    50   114    98   114
    71    72    48    63    69    42    19    25    39    57    61    47
    56    63    60    64    61    39    35    25    27    49    45    47
    22    23    29    23    18    21    17    16    16    23    20    21
    21    28    35    41    41    30    14    19    25    47    17    34
     6
     0     3     2     3     4     3     1     8     6     7     1     1
     1    19     2     2     5     7     2    11    17    13     7     3
     3     4     5     1    10     3     6     8    11    14     8     4
     6     8     5     8     6     5     2     7    17    20     7    11
     9    14    16     8     8    14     4    21    42    26    17    11
    10    22    16    10     8    12     8    12    19    25    10    11
     8    17    20    10    11    16     6    19    34    25     7    13
     6     4     5     3     6     5     6     2     6     6     3     2
     6     5    18    11    16    11    10     5    16    13     4     3
     1     2     8     7     6     2     2     3     9     2     2     0
     2     4    13    10     6     7     5     4     9     4     4     2
     2     5    25    15    10     6     5     7     5     5     4     1
     1     7    19    14    13     2     7     2     4     4     5     4
     9    10    25    27    12    11    10     7     4     2    10    11
    14    14    24    12    16     3    10     1     3     6     8    12
     6    13    35    11    18     9     1    11     4     2    17    15
     7    14    19    16    11     3     9     2     1     3    10    19
    16    26    70    47    30    16    15     9     7     3    20    35
     9    17    39    37    13     6     7     1     4     2    12    19
    19    21    52    39    15    17     7     8     2     3    16    15
    14    29    42    49    31     8     7     4     0     7    20    21
    19    31    24    38    22    11    18     5     3     2    10    19
    28    36    52    66    26    30    25    10     6     2    14    22
    17    28    38    28    24    18    16     3     1     5     6    18
    26    38    27    55    18    16    10     2     0     6     9    13
    16    19    28    18     5     8     5     3     0     5    11     5
    51    53    58    43    21    20    20     9     4     7    18    32
    37    27    40    33    16    11    10     4     2    13    16    17
    62    51    59    84    20    17    10     4     2    11    35    52
    61    76    86    48    27    15     7     2     5    18    47    43
    87    65    71    66    26    13     2     0     7    17    51    47
    95    66    89    86    43    12     9     7    19    62    57    91
    33    34    41    24    18     6     2     4    11    32    26    23
    20    35    38    51    20     9     7     5     9    23    17    24
    12     9     8     8     4     4     1     3     3     9     4    12
     4    13     7    10     8     5     4     6     7    12     5     5
     7
     0     1     0     0     0     0     0     0     2     0     0     1
     0     0     1     0     1     0     0     1     3     1     0     1
     0     0     0     0     0     0     0     2     0     1     0     0
     0     0     0     0     0     0     0     0     8     0     3     0
     0     2     4     0     0     0     0     2     4     1     3     2
     0     4     2     1     1     1     0     0     2     3     0     0
     1     2     2     0     2     2     0     1     6     2     1     1
     2     0     3     0     1     0     0     1     1     0     0     1
     0     2     0     0     4     0     2     0     0     0     0     0
     1     0     2     0     0     1     0     0     1     0     0     0
     0     1     1     1     1     0     0     0     0     1     0     0
     0     1     2     0     2     0     0     1     0     0     0     0
     0     1     6     0     1     0     0     1     2     1     1     1
     4     5     2     1     2     0     3     2     0     0     0     0
     1     2     3     0     2     0     0     0     0     0     0     0
     0     4     7     3     3     0     0     0     0     0     0     1
     2     3     5     1     4     0     0     0     1     0     3     3
     2    11    21    12     3     2     1     0     0     1     4     8
     1     4     6     4     1     2     1     0     0     2     3     2
     2     6    10     8     3     1     1     0     1     0     3     2
     1     8     7     6     4     1     1     0     0     0     2     7
     1     8     8     7     3     0     1     0     0     0     2     0
     5     9     7    12     2     5     0     1     0     4     1     2
     5     9     4     3     1     0     2     0     0     0     1     1
     1    14     3     7     2     0     1     0     0     0     2     2
     0     6     6     3     0     0     0     0     0     0     0     2
     5    17    11    11     4     3     1     0     0     0     1     5
     3     8    11     6     4     1     1     0     0     1     1     3
    12    13    22    21     1     0     1     0     2     2    10    10
    14    13    15    11     1     0     0     0     0     5    10     4
    18    18    14    10     4     0     0     0     1     3     9    12
    16    13    17    12     5     3     0     0     3     6    19    18
     9    12     6     6     1     0     1     0     2     3     3     9
     1     3     3     5     0     0     0     0     0     1     3     0
     2     2     0     1     0     1     0     2     0     2     1     0
     0     1     0     1     0     1     0     2     0     1     0     0
     8
     0     0     0     0     0     0     1     0     1     0     0     0
     0     1     0     0     0     1     0     1     0     1     0     0
     0     0     0     0     0     0     0     0     4     1     0     0
     0     0     0     0     0     0     0     0     1     1     0     0
     0     5     1     0     1     2     0     0     5     0     0     0
     0     1     1     0     0     2     0     0     0     2     0     0
     0     0     1     0     1     0     0     0     4     1     0     0
     0     0     0     0     0     1     0     0     2     0     0     1
     0     0     2     0     0     1     1     0     8     0     1     1
     0     0     1     0     0     0     0     0     1     0     0     0
     0     0     0     2     2     0     0     0     1     0     0     0
     0     0     2     0     0     0     0     0     1     0     0     0
     0     1     1     0     0     0     1     0     0     0     0     0
     2     2     1     1     0     0     0     0     2     0     0     0
     2     2     1     1     1     0     0     0     0     1     2     1
     1     2     4     3     1     2     0     1     0     1     0     0
     1     1     4     0     2     1     0     0     0     0     0     1
     4     9    25    13     3     5     1     0     1     0     1     4
     0     3     5     8     1     0     0     0     0     1     1     0
     2     4     6     4     4     0     2     1     0     0     1     5
     0     3     7     7     4     1     0     1     0     0     2     2
     3     3     3     5     2     0     0     1     0     1     1     1
     7    11     5    16     3     2     1     1     0     0     1     3
     0     9     7     1     2     2     0     0     0     0     0     0
     1     6    12    13     1     1     0     0     0     0     4     2
     3    10     3     2     1     1     1     0     0     0     0     2
     5    12    16    12     0     0     1     0     0     0     2     6
     3     7     4     2     1     1     0     0     1     1     1     3
     9     8    22     7     1     1     1     0     0     0     9     3
    10    14    12     7     0     0     1     0     0     2     1     5
     7     9    18     3     2     0     0     1     0     1     3     6
    19    10    23     7     1     0     2     1     3     1    21    20
     9     2     5     2     2     5     0     0     0     0     4     5
     3     0     3     3     0     0     3     0     0     0     2     0
     0     0     0     0     0     1     0     0     0     1     0     0
     0     0     0     0     0     0     1     1     0     0     0     0
     9
     0     0     0     0     0     0     0     0     0     0     0     0
     0     0     0     0     0     0     0     0     0     0     0     0
     0     0     0     0     0     0     0     0     0     0     0     0
     0     0     0     0     0     0     0     0     0     0     0     0
     0     1     0     0     0     1     0     0     0     0     0     0
     0     0     0     0     0     0     0     0     0     0     0     0
     0     0     0     0     0     0     0     0     0     0     0     0
     0     0     0     0     0     0     0     0     0     0     0     0
     0     0     0     0     0     0     0     0     0     0     0     0
     0     0     0     0     0     0     0     0     0     0     0     0
     0     0     0     0     0     0     0     0     0     0     0     0
     0     0     0     0     0     0     0     0     0     0     0     0
     0     0     0     0     0     0     0     0     0     0     0     0
     0     0     0     0     0     1     0     0     1     0     1     0
     0     0     1     0     0     0     0     0     0     0     0     0
     0     0     0     0     0     1     1     0     0     0     0     0
     1     0     0     0     0     0     0     0     0     0     0     0
     0     1     3     1     1     1     1     0     0     0     0     0
     0     0     1     1     0     0     0     0     0     0     0     0
     0     0     0     1     0     1     0     0     0     0     0     0
     0     0     0     1     0     0     0     0     0     0     0     0
     0     0     0     0     0     0     0     0     0     0     0     0
     0     0     0     0     0     0     0     0     0     0     0     0
     0     1     1     1     0     0     0     0     0     0     0     0
     0     0     1     0     0     0     0     0     0     0     0     0
     0     0     2     0     0     0     0     0     0     0     0     0
     0     1     1     1     0     0     0     0     0     0     0     0
     0     1     0     1     0     0     0     0     0     0     0     0
     0     1     3     0     0     0     0     0     0     0     0     0
     1     1     3     0     0     0     0     0     0     0     0     0
     2     3     1     1     0     0     0     0     0     0     0     3
     2     0     3     1     0     0     0     0     0     0     0     1
     0     0     0     0     0     0     0     1     0     0     0     0
     0     0     1     0     0     0     0     0     0     0     0     0
     0     0     0     0     0     0     0     0     0     0     1     0
     0     0     0     0     0     0     0     0     0     0     0     0
    10
     0     0     0     0     0     0     0     0     0     0     0     0
     0     0     0     0     0     0     0     0     0     0     0     0
     0     0     0     0     0     0     0     0     0     0     0     0
     0     0     0     0     0     0     0     0     0     0     0     0
     0     0     0     0     0     0     0     0     0     0     0     0
     0     0     0     0     0     0     0     0     0     0     0     0
     0     0     0     0     0     0     0     0     0     0     0     0
     0     0     0     0     0     0     0     0     0     0     0     0
     0     0     0     0     0     0     0     0     0     0     0     0
     0     0     0     0     0     0     0     0     0     0     0     0
     0     0     0     0     0     0     0     0     0     0     0     0
     0     0     0     0     0     0     0     0     0     0     0     0
     0     0     0     0     0     0     0     0     0     0     0     0
     0     0     0     0     0     0     0     0     0     0     0     0
     0     0     0     0     0     0     0     0     0     0     0     0
     1     0     0     0     0     0     0     0     0     0     0     0
     0     0     0     0     0     0     0     0     0     0     0     0
     1     0     0     0     0     0     0     0     0     0     0     0
     0     0     0     0     0     0     0     0     0     0     0     0
     0     0     0     0     0     0     0     0     0     0     0     0
     0     0     2     0     0     0     0     0     0     0     0     0
     0     2     0     0     0     0     0     0     0     0     0     0
     0     0     0     1     1     1     0     0     0     0     0     0
     0     1     0     0     0     0     0     0     0     0     0     1
     0     0     0     2     0     0     0     0     0     0     0     0
     0     0     0     0     0     0     0     0     0     0     0     0
     1     0     0     0     0     0     0     0     0     0     0     0
     0     0     0     0     0     0     0     0     0     0     0     0
     0     0     3     0     0     0     0     0     0     0     0     0
     1     2     0     0     0     0     0     0     0     0     0     0
     3     1     1     0     0     0     0     0     0     0     0     0
     0     0     1     0     0     0     0     0     0     0     1     0
     0     0     0     0     0     0     0     0     0     0     0     0
     0     0     0     0     0     0     0     0     0     0     0     0
     0     0     0     0     0     0     0     0     0     0     0     0
     0     0     0     0     0     0     0     0     0     0     0     0
    11
     0     0     0     0     0     0     0     0     0     0     0     0
     0     0     0     0     0     0     0     0     0     0     0     0
     0     0     0     0     0     0     0     0     1     0     0     0
     0     0     0     0     0     0     0     0     0     0     0     0
     0     0     0     0     0     0     0     0     0     0     0     0
     0     0     0     0     0     0     0     0     0     0     0     0
     0     0     0     0     0     0     0     0     0     0     0     0
     0     0     0     0     0     0     0     0     0     0     0     0
     0     0     0     0     0     0     0     0     0     0     0     0
     0     0     0     0     0     0     0     0     0     0     0     0
     0     0     0     0     0     0     0     0     0     0     0     0
     0     0     0     0     0     0     0     0     0     0     0     0
     0     0     0     0     0     0     0     0     0     0     0     0
     0     0     0     0     0     0     0     1     0     0     0     0
     0     0     0     0     0     0     0     0     1     0     0     0
     0     0     0     0     0     0     0     0     0     0     0     0
     1     0     0     0     0     0     0     0     0     0     0     0
     0     0     0     0     0     0     0     0     0     0     0     0
     0     0     0     0     0     0     0     0     0     0     0     0
     0     0     1     1     0     0     0     0     0     1     0     0
     0     0     2     0     0     0     0     0     0     0     0     0
     0     2     1     0     0     0     0     0     0     0     0     0
     1     1     1     0     1     0     0     0     0     0     0     0
     0     0     0     0     0     0     0     0     0     0     0     0
     0     2     2     2     0     0     0     0     0     0     1     0
     0     0     0     0     0     0     0     0     0     0     0     0
     0     0     1     1     0     0     0     0     0     0     0     0
     0     0     0     0     0     0     1     0     0     0     0     0
     0     0     0     0     0     0     0     0     0     0     0     0
     2     1     0     1     0     0     0     0     0     0     0     0
     0     1     0     0     1     0     0     0     0     0     0     0
     1     0     2     0     0     0     0     0     0     0     6     0
     0     0     1     0     0     0     1     0     0     0     0     0
     0     0     0     0     0     0     0     0     0     0     0     0
     0     0     0     0     0     0     0     0     0     0     0     0
     0     0     0     0     0     0     0     0     0     0     0     0
    12
     0     0     0     0     0     0     0     0     0     0     0     0
     0     0     0     0     0     0     0     0     0     0     0     0
     0     0     0     0     0     0     0     0     0     0     0     0
     0     0     0     0     0     0     0     0     0     0     0     0
     0     0     0     0     0     0     0     1     0     0     0     0
     0     0     0     0     0     0     0     0     0     0     0     0
     0     0     0     0     0     0     0     0     0     0     0     0
     0     0     0     0     0     0     0     0     0     0     0     0
     0     0     0     0     0     0     0     0     0     0     0     0
     0     0     0     0     0     0     0     0     0     0     0     0
     0     0     0     0     0     0     0     0     0     0     0     0
     0     0     0     0     0     0     0     0     0     0     0     0
     0     0     0     0     0     0     0     0     0     0     0     0
     0     0     0     0     0     0     0     0     0     0     0     0
     0     0     0     0     0     0     0     0     0     0     0     0
     0     0     0     0     0     0     0     0     0     0     0     0
     0     0     0     0     0     0     0     0     0     0     0     0
     0     0     1     0     0     0     0     0     0     0     0     0
     0     0     0     0     0     0     0     0     0     0     0     0
     0     0     0     0     0     0     0     0     0     0     0     0
     0     0     0     0     0     0     0     0     0     0     0     0
     0     0     0     0     0     0     0     0     0     0     0     0
     0     0     0     0     0     0     0     0     0     0     0     0
     0     0     0     0     0     0     0     0     0     0     0     0
     0     1     0     0     0     0     1     0     0     0     0     0
     0     0     0     0     0     0     0     0     0     0     0     0
     0     0     0     0     0     0     0     0     0     0     0     0
     0     0     0     0     0     0     0     0     0     0     0     0
     0     0     0     0     0     0     0     0     0     0     0     0
     0     0     0     0     0     0     0     0     0     0     0     0
     0     0     0     0     0     0     0     0     0     0     0     0
     0     0     0     0     0     0     0     0     0     0     1     0
     0     0     0     0     0     0     0     0     0     0     0     0
     0     0     0     0     0     0     0     0     0     0     0     0
     0     0     0     0     0     0     0     0     0     0     0     0
     0     0     0     0     0     0     0     0     0     0     0     0
