18
Savannah, GA 03822
     0
       6.600       8.300      13.300      17.700      21.700      25.000
      25.600      25.600      23.200      18.200      13.800       8.300
      11.100      13.300      17.700      21.100      25.000      27.700
      28.800      28.200      26.700      22.200      18.200      13.300
      15.600      18.200      21.100      24.300      27.700      30.600
      31.700      31.100      28.800      25.600      22.200      17.700
      41.000      40.000      40.000      38.000      45.000      52.000
      56.000      59.000      57.000      47.000      46.000      42.000
      59.000      57.000      58.000      53.000      60.000      65.000
      67.000      70.000      69.000      62.000      62.000      61.000
      80.000      78.000      78.000      72.000      76.000      79.000
      82.000      85.000      82.000      79.000      79.000      80.000
       2.400       2.700       2.700       2.700       2.400       2.000
       2.000       2.000       2.000       2.400       2.400       2.400
       3.100       3.500       3.500       3.500       3.100       2.700
       2.700       2.700       2.700       3.100       3.100       3.100
       4.800       4.800       4.800       4.800       4.000       4.000
       3.500       3.500       4.000       4.000       4.000       4.000
     290.000     280.000     280.000     260.000     150.000     210.000
     220.000     190.000      50.000      30.000      10.000     290.000
     1
      11.082      13.272      16.985      20.972      24.737      27.651
      28.784      28.210      26.185      21.712      17.696      13.079
      59.872      58.148      58.588      55.282      60.654      65.410
      68.154      70.793      68.996      62.479      62.157      60.739
     2
    18    11    12    10    25    23    19    37    40    23    23    20
    21    16    11    11    32    40    32    61    54    31    37    18
    16     7    16    17    27    28    23    39    25    27    24    22
    15    10    17    14    20    38    23    25    32    25    26    20
    23    23    22    12    24    38    29    43    35    38    36    29
    23    19    19    12    32    23    52    33    26    17    27    14
    27    12    14    14    24    24    27    44    34    21    30    18
    14    10     8    10     6    15    16    24    13    10    12    18
    16    11    16    17    21    29    31    33    24    29    15    20
    13     8    13    10    12    16    16    10    16    14    17    10
    21    10    12    12    38    17    22    27    24    11    20    17
    21     9    12    13    15    20    23    24    21    12    13    15
    14    11    11    18    20    14    26    38    20    15    12    17
    24    21    21    20    40    32    31    50    31    19    24    18
    13     8    13    12    27    14    28    28    29    14    14     8
    13    12    18    20    42    38    55    45    26    16    17    25
    17     8    16    15    28    18    35    35    24    11    11    14
    19    18    20    29    52    53    82    68    44    16    25    16
     8    11    21    16    39    25    53    42    18    10    14    15
    12    16    18    17    40    41    59    74    33    21    21    19
    12    18    27    25    39    33    67    49    17    15    13    22
    16    16    17    20    38    35    70    63    30    18    15    25
    16    25    31    47    70    63    96   119    38    28    30    34
    17    15    27    30    52    54    81    71    26    32    26    23
    27    33    40    44    42    52    88    86    38    33    36    33
    18    23    22    24    35    43    56    55    28    23    30    30
    28    25    31    38    54    61    55    62    43    49    34    48
    16    20    20    13    22    28    34    48    18    23    16    25
    34    23    28    30    44    41    55    70    41    32    50    22
    20    27    36    29    34    40    37    44    36    33    29    39
    20    20    28    35    33    37    37    46    29    35    31    29
    45    20    29    25    53    61    40    57    41    57    43    44
    31    23    26    21    38    43    34    55    50    50    35    37
    46    20    38    28    52    53    34    73    75    57    50    66
    29    12    26    13    39    34    28    54    67    48    46    25
    43    20    28    16    41    47    46    78    82    57    41    38
     3
    38    30    19    37    60    53    32    60    98    98    47    47
    78    53    38    39    79    88    58   127   151   136   104    91
    42    34    32    31    46    79    47    85   124   115    73    72
    55    47    44    42    58    70    59    99   127   125    73    56
    85    60    70    56    82    93    72   148   217   145   110    91
    66    67    62    40    71    87    70    83   126   133    96    76
    63    44    51    56    58    62    77   113   122    91   102    60
    32    27    28    28    54    36    36    51    46    48    41    41
    44    55    62    68    88    79    74    77   111    72    77    57
    31    29    32    41    54    53    34    47    66    38    47    46
    61    48    81    54    81    93    84    81    91    66    92    58
    34    23    38    38    61    61    54    57    71    37    44    33
    36    27    41    58    67    84    73    80    61    35    45    38
    37    49    86    80   137   141   124   191   115    61    65    46
    30    35    48    70   115    98    92   124    84    39    31    31
    31    49    78    88   201   159   144   219    85    56    49    50
    24    45    57    61   125    85   117   122    68    41    43    46
    40    59    87    93   138   165   204   161    93    73    57    58
    24    25    33    40    67    70   109   115    52    23    32    35
    31    29    54    60    96   129   203   136    69    43    40    53
    27    33    39    61   108   120   161   109    44    32    42    38
    46    36    43    58    97   109   158   128    48    42    37    47
    61    72    66   109   145   185   303   196    82    70    58    68
    51    49    60    87    95   127   194   147    71    54    61    63
    86    72    98   105   124   184   250   184    78    75    71    91
    46    42    58    67    75    68   119   103    45    60    46    57
    83    91   105   115   135   155   173   133    83    75    79    91
    49    45    43    51    69    60    93    75    45    46    49    46
    77    57    93    87   117   103   113   106    63   112    93    82
    67    70    73    71    78    76    81    73    67    77    60    69
    70    57    61    49    68    76    58    53    67    55    58    65
    88    81    73    56    63    85    68    61    76    79    80    71
    53    56    44    39    54    55    46    52    54    78    65    57
    83    57    55    40    62    60    72    92    76    95    79    78
    49    30    42    36    38    46    37    67    83    89    68    62
    83    56    38    45    67    81    60   114   142   134    83    94
     4
    22    18    21    11    19    33     8    25    46    60    43    31
    36    31    34    22    42    51    23    60    96   145    57    50
    34    37    34    19    33    40    33    31    91    88    52    37
    34    44    38    24    28    41    43    74   118   110    52    48
    52    51    51    35    54    70    54    91   161   126    98    66
    41    47    47    40    42    62    51    62    92    94    56    41
    46    38    37    48    61    61    49    53    92    86    59    34
    13    28    27    19    37    49    34    27    50    41    28    15
    42    46    41    37    81    84    49    55    84    76    42    30
    15    41    38    46    44    62    39    39    45    32    34    25
    29    42    58    62    71    85    55    72    70    45    67    38
    31    28    39    40    44    62    51    37    45    39    31    15
    23    16    35    45    56    49    47    47    42    25    14    17
    17    37    50    86   113    91    83   108    69    42    28    15
    13    21    41    68   104    71    54    67    29    11    26    19
    23    44    99    95   158    84   111   135    64    36    35    41
    22    31    61    63   102    68    73    67    37    19    26    21
    35    39    65    58   101    87   101    77    26    24    28    45
    12    24    23    27    41    25    46    33    18    12    21    22
    33    32    35    41    58    46    97    39    25    13    19    28
    14    21    30    26    54    38    65    32    13     7    23    25
    14    20    36    50    35    41    71    39    15    16    18    25
    40    43    50    72    71    98   132    62    25    25    28    46
    40    31    39    54    45    69    93    46    23    29    24    48
    62    68    68    84    86   106   131    58    24    32    41    70
    58    29    49    41    54    79    79    31    21    33    31    35
    71    66    59    72    83    95    98    56    34    38    52    48
    33    26    36    51    39    45    66    27    23    24    36    50
    71    60    62    65    81    68    54    40    20    47    46    62
    66    56    66    48    39    40    36    17    15    29    37    39
    31    45    45    36    28    26    21    21    17    26    38    41
    56    46    50    39    42    24    23    12    27    49    57    43
    38    24    22    20    15    17     9     1    17    21    34    38
    52    36    31    25    28    16    15    24    23    47    56    39
    26    30    19    18    27    20    11    23    27    33    35    34
    44    33    30    34    32    41    13    47    62    85    47    42
     5
    33    21    17    14    18    12     1    16    36    65    22    26
    41    39    40    28    42    42    11    51    78   113    64    51
    32    44    24    33    23    42    21    40   106   117    40    49
    42    54    46    34    32    44    41    49   114   129    63    65
    71   109    81    51    74    78    52    81   180   197   109    81
    48    61    67    29    31    61    42    47   110   125    64    40
    40    55    80    53    75    70    58    63   106    95    71    31
    11    27    59    38    39    53    41    36    56    63    22    13
    27    49    92    95   111   103    87    88   107    73    62    27
    25    35    76    73    55    96    40    44    75    43    25    24
    30    33    87    91    91    88    74    64    90    47    46    20
    13    28    48    69    47    67    30    47    45    33    25    10
    10    27    49    59    66    45    45    43    31    15    15     8
    27    29    67   109   113    84    76    72    56    20    28    12
     7    21    55    94    90    80    73    58    27    12    19    12
    26    51   123   117   167   105   104    93    48    30    38    27
    21    42    86   113    93    61    79    65    24    15    19    20
    33    63   113   101   100    93    91    62    17    20    39    63
    21    29    46    35    40    32    37    19     8     8    24    23
    34    34    52    45    47    39    52    11     9     7    23    36
    28    20    30    35    24    24    35    19     5     9    20    41
    27    30    43    50    38    27    31    16     6    15    22    22
    59    72    59    76    57    57    62    44    15    10    43    41
    48    56    59    77    54    56    57    26    11    13    34    37
    84    90    95   129    84    76    90    28    27    26    44    55
    52    56    57    72    64    62    82    19    21    22    27    45
   114    97    94   136   101    83   104    37    37    46    60    92
    72    51    59    83    40    41    39    18    19    21    52    42
   117    88   104   125    89    61    66    24    31    64    74    88
    92    71    80    81    43    28    39    20    17    38    73    56
    53    65    67    57    23    33    14     8     9    33    49    43
    58    65    67    62    33    20    19     7    16    48    48    64
    27    29    37    21    17     3     4     8    11    24    34    28
    49    36    32    39    26     4    14     8    26    40    34    37
    27    24    21    17    19    11     5     4     8    43    24    35
    47    34    30    27    23    35    14    16    42    83    49    50
     6
     9    10    16     1     7     0     0     4     4    14     4     4
    13    20     7    13    14     7     3     7    26    43    36    20
    11    19    15     1    14     5     2     4    19    34    25    13
    24    22    15     9    21     5     6    10    40    40    21    23
    34    65    34    29    32     9    11    14    92    82    36    35
    14    28    33    15    17    11    19     9    37    25    17     8
    19    23    32    32    36    25    22    18    35    52    17    19
     6    14    22    17    15    29    17     7    19     6     8     3
     2    14    47    44    41    50    28    18    38    23     9     2
     0    11    31    27    34    24    21    20    28    10     6     2
     4    14    44    39    29    30    18    15    14    12     9     0
     2     4    23    22    17    19     8    11    10     7     0     2
     6     4    25    19    11     5     8     6     7     3     2     4
     4    12    19    33    32    16    11    14     7     7    15     6
     4     6    27    41    36    24    21    17     6     4     3     6
     5    17    87    65    40    45    34    16     4     4    10    15
     7    25    51    42    30    17    28    10     4     4     4    27
    23    34    71    56    30    24    24     4     5     8    19    26
     2    12    25     9    14     3     5     2     4     3     7    10
    12     7    27    17     9     5     9     4     2     4     9     9
     6     9    12    16     9     7     2     5     0     2    14    10
    18     7    15    21    11     5    12     6     3     2    10    13
    26    33    32    42    10    18    13     8     4     5    14    29
    30    26    33    39    13    13    10     6     2     2    10    10
    61    46    57    93    27    21    23     6     1     9    19    18
    50    47    55    40    27    16    12     6     1     6    21    13
    81    99   104   101    35    22    32     6     4    24    33    43
    64    50    39    65    22    11     8     4     3    22    26    30
   108    86    82   108    41    14    17     4     8    39    49    84
    79    63    47    49    20    12    12     8     2    16    34    58
    58    50    43    28    12     7     3     6     5     8    21    30
    35    26    37    37    18     5     3     2     6    20    12    38
    13    16    12     6     6     2     1     1     4    12    10    17
    17     9    16    12     6     7     0     0     1    20     6    19
     7     9     6     5     8     3     0     3     1    10     3     5
    13     8    14     4    15     7     3     5    10    23    10    16
     7
     6     0     0     0     1     0     0     0     1     1     0     1
     2    11     0     0     4     3     0     6     0     7     4     1
     2     2     1     0     1     2     1     1     4     5     3     2
     1     0     2     0     3     0     0     0     0     8     4     1
     1    10     5     3     2     3     0     5    27     9     6    11
     3     5     9     3     1     8     1     0     4     3     1     0
     0     9    15     4     4     6     7     3     5     7     2     5
     0     3     1     4     0     6     1     0     2     5     0     1
     1     2     7     5     8    10     0     0     3     2     2     0
     0     2     5     3     2     4     2     3     3     0     0     0
     1     0     4     3     9     2     1     0     3     0     0     0
     0     0     3     0     2     0     1     1     1     1     2     0
     0     2     1     2     1     0     2     1     4     0     0     0
     2     0     6     4     1     4     0     5     1     0     1     0
     2     3     5     0     4     2     2     1     1     0     1     0
     1     6    19    16     5     3     2     1     1     0     3     3
     1     8    29    10     7     3     7     0     0     1     1     1
     2     7    16     8     9     2     4     2     1     0     2     1
     0     3     2     2     2     0     1     0     0     0     0     1
     2     6     8     6     2     2     1     1     0     0     0     2
     1     1     0     4     3     2     1     1     0     1     2     0
     1     3     4     3     0     0     1     0     0     0     1     1
     4     8     7     9     3     3     4     0     0     2     2     1
     6     9     9     7     1     2     1     1     0     0     1     3
    21    18    22    24     4     2     0     2     0     0     4     2
    11    18    28     6     6     1     1     1     0     2     5     3
    14    29    31    33    10     0     3     1     0     4    17    16
    26    16    36    22     5     1     0     0     0     3     8    10
    46    23    36    35    12     8     2     0     0     5    14    29
    34    21    17    13     8     0     0     0     1     5     4     5
    15    15    13     5     4     1     0     0     0     0     2     7
    10     6    10    11     3     1     0     0     0     2     4    15
     3     2     3     0     1     2     0     0     0     2     1     1
     1     0     1     1     0     1     0     0     1    11     1    10
     3     1     1     1     1     0     1     0     0     0     1     4
     3     3     0     1     0     0     0     0     1     3     1     4
     8
     1     2     0     0     3     0     0     0     0     0     0     0
     0     1     0     0     2     1     1     1     6     3     7     0
     1     0     0     0     3     0     0     1     5     0     0     0
     1     0     0     0     0     0     0     0     4     1     0     0
     0     5     0     1     1     6     1     4    13     3     1     5
     1     1     1     0     1     0     1     1     0     2     0     0
     1     5     4     0     3     5     0     4     4     3     5     0
     0     2     2     4     1     1     1     0     1     0     0     1
     0     0     4     4     4     3     1     0     2     0     2     0
     0     0     2     3     3     1     0     0     2     1     0     0
     1     1     0     1     3     2     1     0     1     0     2     0
     1     0     1     0     1     0     0     1     0     0     1     0
     0     0     0     0     1     1     0     0     0     0     0     0
     0     1     0     2     0     0     0     0     3     0     0     0
     0     0     3     1     2     0     0     0     0     0     0     0
     0     2    13     3     3     0     1     0     2     0     0     0
     1     7    16     3     3     0     0     1     1     0     0     0
     2    10     8     4     4     2     3     0     0     0     2     1
     0     2     3     4     0     0     0     0     0     0     0     1
     1     0     3     5     0     1     2     0     0     0     1     3
     2     1     0     1     0     0     0     0     0     0     0     1
     1     1     2     2     0     0     0     0     0     0     0     0
     2     3     9     4     0     0     0     2     0     0     1     1
     4     2     6     2     0     0     0     0     0     0     1     1
     5    19    20     8     1     0     1     1     0     1     6     3
     7    12    22     2     1     0     0     0     0     2     2     1
    18    30    27    27     4     2     1     2     0     2    11    17
    26    19    25    12     2     1     1     0     0     5     8     9
    21    41    39    41     4     2     0     2     0     4    14    19
    22    20    18     9     2     1     1     0     0     1    11     7
     6     9     7     3     2     0     0     1     0     1     1     6
     6     9     9     7     0     0     1     0     0     0     4     3
     0     1     2     0     0     0     0     0     0     0     0     0
     1     1     3     3     4     0     0     1     1     9     1     2
     0     0     1     0     1     0     0     0     0     0     0     0
     0     0     0     0     5     1     1     1     1     2     2     2
     9
     0     1     0     0     0     0     0     0     0     0     0     0
     0     1     0     0     0     0     0     0     0     0     0     0
     0     0     0     0     0     0     0     0     0     0     0     0
     0     0     0     0     0     0     0     0     1     0     0     0
     0     0     1     0     1     0     0     0     1     0     0     0
     0     0     1     0     0     0     0     0     0     0     0     0
     0     0     0     0     1     2     0     0     0     0     0     0
     0     0     0     0     0     0     0     0     0     0     0     0
     0     0     1     0     2     0     0     0     2     0     1     0
     0     0     1     0     0     1     0     0     2     0     0     0
     0     0     0     0     0     0     0     0     0     0     0     0
     0     0     0     0     0     0     0     0     0     0     0     0
     0     0     0     0     0     0     0     0     0     0     0     0
     0     0     0     0     0     0     0     0     0     0     0     0
     0     1     1     0     0     0     0     0     0     0     2     0
     0     1     1     0     0     0     0     0     0     0     0     0
     0     0     2     1     0     0     1     0     0     0     0     0
     1     1     2     0     0     0     0     0     1     0     0     0
     0     0     0     0     0     0     0     0     0     0     0     0
     0     0     0     0     0     0     0     0     0     0     1     0
     1     0     0     0     0     0     0     0     0     0     0     0
     0     0     1     0     0     0     0     0     0     0     0     0
     0     0     1     0     0     0     0     0     0     0     0     0
     0     0     1     0     0     0     0     0     0     0     0     0
     0     3     3     0     0     0     0     0     0     0     1     1
     3     6     3     0     0     0     0     0     0     0     0     0
     1     9     5     4     0     1     0     0     0     0     3     1
     4     5     7     3     0     0     0     0     0     0     0     1
     2     3    16     6     0     0     0     0     0     1     2     5
     2     1     3     3     0     0     0     1     0     0     2     2
     0     4     1     0     0     0     1     0     0     0     2     0
     0     1     1     0     0     0     0     0     1     0     3     1
     0     0     0     0     0     0     0     0     0     0     1     0
     0     0     0     0     0     0     0     0     0     0     0     0
     0     0     0     0     0     0     0     0     0     0     0     0
     0     1     0     0     0     1     0     0     0     0     0     0
    10
     0     0     0     0     0     0     0     0     0     0     0     0
     0     0     0     0     0     0     0     0     0     0     0     0
     0     0     0     0     0     0     0     0     0     0     0     0
     0     0     0     0     0     0     0     0     0     0     0     0
     0     0     0     0     0     0     0     0     0     0     0     0
     0     0     0     0     0     0     0     0     1     0     0     0
     0     0     0     0     0     0     0     0     0     0     0     0
     1     0     0     0     0     0     0     0     0     0     0     0
     0     0     0     0     0     0     0     0     1     0     1     0
     0     0     0     0     0     0     0     0     0     0     0     0
     0     0     0     0     0     0     0     0     0     0     0     0
     0     0     0     1     0     0     0     0     0     0     0     0
     0     0     0     0     0     0     0     0     1     0     0     0
     0     0     0     1     0     0     0     0     0     0     0     0
     1     1     0     0     0     0     0     0     0     0     0     0
     0     0     0     0     0     0     0     0     0     0     0     0
     0     0     1     0     0     0     0     0     0     0     0     0
     2     2     1     0     0     0     0     0     0     0     0     0
     0     0     0     0     0     0     0     0     0     0     0     0
     0     0     0     0     0     0     0     0     0     0     0     0
     0     0     0     0     0     0     0     0     0     0     0     0
     0     0     0     0     0     0     0     0     0     0     0     0
     0     0     0     0     0     0     0     0     0     0     0     0
     0     0     0     0     1     0     0     0     0     0     0     0
     0     4     1     0     0     0     0     0     0     0     1     0
     1     2     1     1     1     0     0     0     0     0     0     0
     4     4     4     2     0     0     0     0     0     0     1     0
    10     2     4     1     0     0     0     0     0     0     1     4
     2     3     3     2     0     0     0     0     0     0     3     3
     4     0     1     1     0     0     0     0     0     0     0     0
     2     0     0     0     0     0     0     0     0     0     0     0
     0     0     2     0     0     0     0     0     0     0     1     1
     0     0     0     0     0     0     0     0     0     0     0     0
     0     0     0     0     1     0     0     0     0     0     0     0
     0     0     0     0     0     0     0     0     0     0     0     0
     0     0     0     0     0     0     0     0     0     0     0     0
    11
     0     0     0     0     0     0     0     0     0     0     0     0
     0     0     0     0     0     0     0     0     0     0     0     0
     0     0     0     0     0     0     0     0     0     0     0     0
     0     0     0     0     0     0     0     0     0     0     0     0
     0     0     0     0     0     0     0     0     0     0     0     0
     0     0     0     0     0     0     0     0     0     0     0     0
     0     0     0     0     0     0     0     0     0     0     0     0
     0     0     0     0     0     0     0     0     0     0     0     0
     0     0     0     0     0     0     0     0     0     0     0     0
     0     0     0     0     0     0     0     0     1     0     0     0
     0     0     0     0     0     0     0     0     0     0     0     0
     0     0     0     0     0     0     0     0     0     0     0     0
     0     0     0     0     0     0     0     0     0     0     0     0
     0     2     0     0     0     0     0     0     1     0     0     0
     0     1     0     0     0     0     0     0     0     0     0     0
     0     0     0     0     0     0     0     0     0     0     0     0
     0     0     0     0     0     0     0     0     0     0     0     0
     0     0     0     0     0     0     0     0     0     0     0     0
     0     0     0     0     0     0     0     0     0     0     0     0
     0     0     0     0     0     0     0     0     0     0     0     0
     0     0     0     0     0     0     0     0     0     0     0     0
     0     0     0     0     0     0     0     0     0     0     0     0
     0     0     1     0     0     0     0     0     0     0     0     0
     0     0     0     0     0     0     0     0     0     0     0     0
     0     3     0     0     0     0     0     0     0     0     0     0
     0     2     0     0     0     0     0     0     0     0     0     1
     1     1     1     1     0     0     0     0     0     0     2     0
     0     3     1     0     0     0     0     0     0     0     0     0
     0     4     8     0     0     0     0     0     0     0     2     3
     3     0     1     0     0     0     0     0     0     0     0     0
     1     0     0     0     0     0     0     0     0     0     0     0
     0     0     3     0     0     0     0     0     0     0     0     0
     0     0     0     0     0     0     1     0     0     0     0     0
     0     0     0     0     0     0     0     0     0     0     0     0
     0     0     0     0     0     0     0     0     0     0     0     0
     0     0     0     0     0     0     0     0     0     0     0     0
    12
     0     0     0     0     0     0     0     0     0     0     0     0
     0     0     0     0     0     0     0     0     0     0     0     0
     0     0     0     0     0     0     0     0     0     0     0     0
     0     0     0     0     0     0     0     0     1     0     0     0
     0     0     0     1     0     0     0     0     0     0     0     0
     0     0     0     0     0     0     0     0     0     0     0     0
     0     0     0     0     0     0     0     0     0     0     0     0
     0     0     0     0     0     0     0     0     0     0     0     0
     0     0     0     0     0     0     0     0     0     0     0     0
     0     0     0     0     0     0     0     0     0     0     0     0
     0     0     0     0     0     0     0     0     0     0     0     0
     0     0     0     0     0     0     0     0     0     0     0     0
     0     0     0     0     0     0     0     0     0     0     0     0
     0     0     0     0     0     0     0     0     0     0     0     0
     0     0     0     0     0     0     0     0     0     0     0     0
     0     0     0     0     0     0     0     0     0     0     0     0
     0     0     0     0     0     0     0     0     0     0     0     0
     0     0     0     0     0     0     0     0     0     0     0     0
     0     0     0     0     0     0     0     0     0     0     0     0
     0     0     0     0     0     0     0     0     0     0     0     0
     0     0     0     0     0     0     0     0     0     0     0     0
     0     0     0     0     0     0     0     0     0     0     0     0
     0     0     0     0     0     0     0     0     0     0     0     0
     0     0     0     0     0     0     1     0     0     0     0     0
     0     2     0     0     0     0     0     0     0     0     1     0
     0     0     0     0     0     0     0     0     0     0     1     0
     0     2     0     0     0     0     0     0     0     0     1     0
     0     0     1     0     0     0     0     0     0     0     0     0
     1     1     1     0     0     0     0     0     0     0     1     1
     0     1     2     0     0     0     0     0     0     0     0     0
     1     0     0     0     0     0     0     0     0     1     0     0
     0     0     2     0     0     0     0     0     0     0     0     0
     0     0     0     0     0     0     0     0     0     0     0     0
     0     0     0     0     1     0     0     0     0     0     0     0
     0     0     0     0     0     0     0     0     0     0     0     0
     0     0     0     0     0     0     0     0     0     0     0     0
    13
     0     0     0     0     0     0     0     0     0     0     0     0
     0     0     0     0     0     0     0     0     0     0     0     0
     0     0     0     0     0     0     0     0     0     0     0     0
     0     0     0     0     0     0     0     0     0     0     0     0
     0     0     0     0     0     0     0     0     0     0     0     0
     0     0     0     0     0     0     0     0     0     0     0     0
     0     0     0     0     0     0     0     0     0     0     0     0
     0     0     0     0     0     0     0     0     0     0     0     0
     0     0     0     0     0     0     0     0     0     0     0     0
     0     0     0     0     0     0     0     0     0     0     0     0
     0     0     0     0     0     0     0     0     0     0     0     0
     0     0     0     0     0     0     0     0     0     0     0     0
     0     0     0     0     0     0     0     0     0     0     0     0
     0     0     0     0     0     0     0     0     0     0     0     0
     0     0     0     0     0     0     0     0     0     0     0     0
     0     0     0     0     0     0     1     0     0     0     0     0
     0     0     0     0     0     0     0     0     0     0     0     0
     0     0     0     0     0     0     0     0     0     0     0     0
     0     0     0     0     0     0     0     0     0     0     0     0
     0     0     0     0     0     0     0     0     0     0     0     0
     0     0     0     0     0     0     0     0     0     0     0     0
     0     0     0     0     0     0     0     0     0     0     0     0
     0     0     0     0     0     0     0     0     0     0     0     0
     0     0     0     0     0     0     0     0     0     0     0     0
     0     0     0     0     0     0     0     0     0     0     0     0
     0     0     0     0     0     0     0     0     0     0     0     0
     0     1     0     0     0     0     0     0     0     0     1     0
     0     1     0     0     0     0     0     0     0     0     0     0
     0     0     0     0     0     0     0     0     0     0     0     0
     0     0     0     0     0     0     0     0     0     0     0     0
     0     0     0     0     0     0     0     0     0     0     0     0
     0     0     0     0     0     0     0     0     0     0     0     0
     0     0     0     0     0     0     0     0     0     0     0     0
     0     0     0     0     0     0     0     0     0     0     0     0
     0     0     0     0     0     0     0     0     0     0     0     0
     0     0     0     0     0     0     0     0     0     0     0     0
    14
     0     0     0     0     0     0     0     0     0     0     0     0
     0     0     0     0     0     0     0     0     0     0     0     0
     0     0     0     0     0     0     0     0     0     0     0     0
     0     0     0     0     0     0     0     0     0     0     0     0
     0     0     0     0     0     0     0     0     0     0     0     0
     0     0     0     0     0     0     0     0     0     0     0     0
     0     0     0     0     0     0     0     0     0     0     0     0
     0     0     0     0     0     0     0     0     0     0     0     0
     0     0     0     0     0     0     0     0     0     0     0     0
     0     0     0     0     0     0     0     0     0     0     0     0
     0     0     0     0     0     0     0     0     0     0     0     0
     0     0     0     0     0     0     0     0     0     0     0     0
     0     0     0     0     0     0     0     0     0     0     0     0
     0     0     0     0     0     0     0     0     0     0     0     0
     0     0     0     0     0     0     0     0     0     0     0     0
     0     0     0     0     0     0     0     0     0     0     0     0
     0     0     0     0     0     0     0     0     0     0     0     0
     0     0     0     0     0     0     0     0     0     0     0     0
     0     0     0     0     0     0     0     0     0     0     0     0
     0     0     0     0     0     0     0     0     0     0     0     0
     0     0     0     0     0     0     0     0     0     0     0     0
     0     0     0     0     0     0     0     0     0     0     0     0
     0     0     0     0     0     0     0     0     0     0     1     0
     0     0     0     0     0     0     0     0     0     0     0     0
     0     0     0     0     0     0     0     0     0     0     0     0
     0     0     0     0     0     0     0     0     0     0     0     0
     0     0     0     0     0     0     0     0     0     0     1     0
     0     0     0     0     0     0     0     0     0     0     0     0
     0     0     0     0     0     0     0     0     0     0     2     0
     0     0     0     0     0     0     0     0     0     0     0     0
     0     0     1     0     0     0     0     0     0     0     0     0
     0     0     0     0     0     0     0     0     0     0     0     0
     0     0     0     0     0     0     0     0     0     0     0     0
     0     0     0     0     0     0     0     0     0     0     0     0
     0     0     0     0     0     0     0     0     0     0     0     0
     0     0     0     0     0     0     0     0     0     0     0     0
    15
     0     0     0     0     0     0     0     0     0     0     0     0
     0     0     0     0     0     0     0     0     0     0     0     0
     0     0     0     0     0     0     0     0     0     0     0     0
     0     0     0     0     0     0     0     0     0     0     0     0
     0     0     0     0     0     0     0     0     0     0     0     0
     0     0     0     0     0     0     0     0     1     0     0     0
     0     0     0     0     0     0     0     0     0     0     0     0
     0     0     0     0     0     0     0     0     0     0     0     0
     0     0     0     0     0     0     0     0     0     0     0     0
     0     0     0     0     0     0     0     0     0     0     0     0
     0     0     0     0     0     0     0     0     0     0     0     0
     0     0     0     0     0     0     0     0     0     0     0     0
     0     0     0     0     0     0     0     0     0     0     0     0
     0     0     0     0     0     0     0     0     0     0     0     0
     0     0     0     0     0     0     0     0     0     0     0     0
     0     0     0     0     0     0     0     0     0     0     0     0
     0     0     0     0     0     0     0     0     0     0     0     0
     0     0     0     0     0     0     0     0     0     0     0     0
     0     0     0     0     0     0     0     0     0     0     0     0
     0     0     0     0     0     0     0     0     0     0     0     0
     0     0     0     0     0     0     0     0     0     0     0     0
     0     0     0     0     0     0     0     0     0     0     0     0
     0     0     0     0     0     0     0     0     0     0     0     0
     0     0     0     0     0     0     0     0     0     0     0     0
     0     0     0     0     0     0     0     0     0     0     0     0
     0     0     0     0     0     0     0     0     0     0     0     0
     0     0     0     0     0     0     0     0     0     0     0     0
     0     0     0     0     0     0     0     0     0     0     0     0
     0     0     0     0     0     0     0     0     0     0     1     0
     0     0     0     0     0     0     0     0     0     0     0     0
     0     0     0     0     0     0     0     0     0     0     0     0
     0     0     0     0     0     0     0     0     0     0     0     0
     0     0     0     0     0     0     0     0     0     0     0     0
     0     0     0     0     0     0     0     0     0     0     0     0
     0     0     0     0     0     0     0     0     0     0     0     0
     0     0     0     0     0     0     0     0     0     0     0     0
    16
     0     0     0     0     0     0     0     0     0     0     0     0
     0     0     0     0     0     0     0     0     0     0     0     0
     0     0     0     0     0     0     0     0     0     0     0     0
     0     0     0     0     0     0     0     0     0     0     0     0
     0     0     0     0     0     0     0     0     0     0     0     0
     0     0     0     0     0     0     0     0     0     0     0     0
     0     0     0     0     0     0     0     0     0     0     0     0
     0     0     0     0     0     0     0     0     0     0     0     0
     0     0     0     0     0     0     0     0     0     0     0     0
     0     0     0     0     0     0     0     0     0     0     0     0
     0     0     0     0     0     0     0     0     0     0     0     0
     0     0     0     0     0     0     0     0     0     0     0     0
     0     0     0     0     0     0     0     0     0     0     0     0
     0     0     0     0     0     0     0     0     0     0     0     0
     0     0     0     0     0     0     0     0     0     0     0     0
     0     0     0     0     0     0     0     0     0     0     0     0
     0     0     0     0     0     0     0     0     0     0     0     0
     0     0     0     0     0     0     0     0     0     0     0     0
     0     0     0     0     0     0     0     0     0     0     0     0
     0     0     0     0     0     0     0     0     0     0     0     0
     0     0     0     0     0     0     0     0     0     0     0     0
     0     0     0     0     0     0     0     0     0     0     0     0
     0     0     0     0     0     0     0     0     0     0     0     0
     0     0     0     0     0     0     0     0     0     0     0     0
     0     0     0     0     0     0     0     0     2     0     0     0
     0     0     0     0     0     0     0     0     0     0     0     0
     0     0     0     0     0     0     0     0     0     0     0     0
     0     0     0     0     0     0     0     0     0     0     0     0
     0     0     0     0     0     0     0     0     0     0     0     0
     0     0     0     0     0     0     0     0     0     0     0     0
     0     0     0     0     0     0     0     0     0     0     0     0
     0     0     0     0     0     0     0     0     0     0     0     0
     0     0     0     0     0     0     0     0     0     0     0     0
     0     0     0     0     0     0     0     0     0     0     0     0
     0     0     0     0     0     0     0     0     0     0     0     0
     0     0     0     0     0     0     0     0     0     0     0     0
