17
Augusta, GA 03820
     0
       4.400       6.600      11.100      16.100      21.100      24.300
      25.600      25.000      22.200      17.200      12.100       6.600
       8.800      11.600      16.700      20.600      24.300      27.700
      28.800      28.200      26.100      21.100      16.700      10.600
      13.800      16.700      21.100      24.300      27.700      30.600
      32.200      31.700      29.300      25.000      21.100      15.600
      38.000      35.000      36.000      35.000      42.000      46.000
      51.000      53.000      50.000      41.000      40.000      40.000
      57.000      52.000      52.000      48.000      56.000      59.000
      63.000      65.000      63.000      56.000      57.000      58.000
      82.000      76.000      76.000      71.000      76.000      76.000
      77.000      79.000      79.000      76.000      78.000      81.000
       2.000       2.000       2.000       2.000       2.000       2.000
       1.600       1.600       1.600       2.000       2.000       2.000
       2.700       3.100       3.100       3.100       2.700       2.400
       2.400       2.400       2.400       2.400       2.700       2.700
       4.000       4.400       4.400       4.400       3.500       3.500
       3.100       3.100       3.100       3.500       4.000       4.000
     280.000     260.000     260.000     260.000     190.000     190.000
     190.000     100.000      40.000      10.000     330.000     280.000
     1
       9.154      11.773      15.972      20.124      24.230      27.532
      28.822      28.239      25.620      20.640      16.266      10.950
      59.286      55.389      55.828      53.156      59.015      61.049
      64.025      66.421      64.657      58.695      59.007      59.897
     2
    40    30    31    26    57    51    44    74    66    59    46    41
    62    37    43    47    62    73    70    89   102    79    70    46
    31    32    30    40    50    50    62    87    72    53    43    30
    31    41    40    44    49    65    67   117    94    67    51    49
    55    32    53    39    67    90    82   117   107    86    68    60
    47    28    43    38    61    57    65    95    79    53    55    33
    45    51    64    54    68    84    70   101   111    60    72    54
    31    20    29    29    36    41    54    59    73    45    28    23
    49    54    57    46    74    64    81    77    76    63    42    54
    19    16    37    30    47    47    44    61    51    24    29    38
    43    48    38    53    71    70    67    92    71    52    57    43
    47    37    50    54    76    89    98   116    91    56    59    47
    54    34    48    63    72    98    98    97    86    61    66    55
    75    55    67    50   135   110   120   158    95    69    79    77
    26    29    39    43    70    62    64   102    55    41    45    51
    48    37    43    53    99    74   119   122    84    50    41    45
    27    29    32    42    59    82    79    76    51    38    33    36
    47    50    64    83   104    94   115   108    77    63    58    53
    29    20    34    44    41    46    62    59    37    28    35    28
    45    27    41    51    61    62    75    67    45    37    49    33
    22    17    24    37    43    30    47    37    19    21    21    41
    29    31    32    33    46    57    66    45    27    21    41    21
    44    42    62    57    75    78   120    67    47    44    46    59
    29    31    35    36    64    68    68    64    63    39    40    35
    34    28    39    31    65    64    77    64    41    45    45    34
    21    17    34    24    29    23    48    30    25    22    27    26
    22    30    46    31    39    38    60    55    34    39    34    33
    15    25    22    18    33    29    28    32    25    26    26    23
    31    26    32    21    35    29    43    47    34    30    26    47
    31    25    30    38    42    35    34    39    36    32    29    34
    23    20    35    28    28    38    34    40    33    54    37    32
    42    35    50    38    67    63    62    68    87    77    74    53
    41    28    41    53    47    57    37    45    58    83    60    41
    54    47    47    43    70    64    80   103    83   105    62    64
    34    31    36    30    49    45    54    81    67    75    62    39
    52    52    69    62    96    91   102   140   141   131    88    61
     3
    70    58    68    55    72    62    58    83   157   125    73    78
    62    55    54    69   103   113    69   126   168   173    72    82
    53    55    71    60    79    84    65   108   148   125    70    84
    70    55    65    67    84    94    95   125   138   150    66    85
    66    76    85    72   123   150    98   162   220   159   100    98
    54    67    89    64    63   103    97   149   157   100    63    62
    56    83    79    60    91   130    99   171   173   119    92    67
    33    39    50    42    55    55    74    86    95    64    44    39
    60    53    71    74    81   132   106   131   138    89    65    50
    34    33    61    48    67    71    91   101   113    72    43    37
    49    60    76    82   113   143   135   165   121    77    76    51
    71    53    81   102   135   140   183   179   132    98    68    50
    58    44    81   115   142   195   176   190   135    94    71    55
    71    63    96   128   175   179   190   227   139    80    95    72
    35    36    59    60   106   114   118   112    70    63    58    45
    37    60    84    67   127   102   112   111    59    34    54    72
    46    42    53    57   103   107   101    92    46    48    45    50
    60    69    86   120   148   132   183   128    53    51    67    70
    32    39    69    49    85    83    93    85    25    44    42    36
    59    49    91    84   106   114   131   122    53    28    51    67
    36    45    59    55    78    78    99    67    45    28    35    41
    57    47    66    73    89    93   136    97    45    40    47    46
    90    72    92    98   109   148   181   124    59    55    69    74
    56    48    57    64   108   120   194   130    59    60    42    75
    75    74    88    77   138   146   173   109    56    52    58    79
    48    34    44    47    53    58    82    58    35    21    29    41
    67    52    50    59    76    84   120    71    48    36    66    80
    46    53    50    41    55    63    55    27    30    35    39    39
    61    42    65    58    80    81    88    70    65    59    77    76
    51    40    46    56    78    58    60    43    49    56    57    54
    64    53    40    60    63    48    50    36    50    68    59    63
    77    66    77    79   111    83    66    85    94   102   107   108
    43    42    49    56    60    52    48    67    73    91    71    56
    90    55    88    80   113   108    57   113   123   177    96    94
    75    80    71    69    87    96    54    98   121   150    93    86
   104    87    91    94   140   137   106   146   218   194   137   116
     4
    26    27    30    22    39    30    21    22    54    50    28    25
    54    41    36    34    50    35    31    48    78    80    53    41
    34    40    28    30    32    31    18    38    66    74    33    41
    44    46    47    25    38    39    26    57    72    94    40    46
    37    63    48    27    60    63    38    63   103    96    50    44
    39    38    27    28    29    37    33    47    60    52    27    39
    20    39    47    22    39    50    41    59    61    50    38    34
    13    21    28    17    17    38    22    38    43    27    19    10
    21    30    38    36    39    40    44    44    63    41    30    20
    11     9    25    28    25    37    40    29    50    19    20     6
    18    18    29    48    55    50    54    61    57    35    30     2
    19    18    36    46    65    63    60    62    33    23    21     7
    15    20    33    67    76    70    78    65    44    28    27    10
    14    20    47    87    85    78    82    79    40    35    31    20
    20    16    33    31    45    42    44    37    19    17    19    17
     8    22    35    28    39    43    47    37    13    12    28    25
    21    30    42    31    35    32    51    31    15    13    15    18
    22    51    54    57    66    49    71    38    13    30    23    34
    28    23    40    39    58    34    58    34    14    19    16    26
    23    29    62    51    50    54    76    40    18    13    28    38
    23    26    39    45    31    37    54    29    19    13    26    16
    33    34    44    53    52    38    76    44     9    15    14    30
    52    50    61    52    66    80   121    55    26    42    41    68
    49    51    45    56    55    70    97    50    36    27    31    61
    65    60    52    78    73    86   106    68    32    30    42    56
    37    24    27    50    45    45    45    39    26    20    33    32
    48    61    48    61    62    57    70    34    24    26    40    49
    53    36    35    46    51    45    35    21    27    17    22    29
    53    47    65    52    72    52    61    38    35    36    55    48
    35    41    53    51    42    34    24    23    25    30    31    37
    32    37    35    40    35    36    31    17    29    33    29    31
    46    41    43    46    50    35    45    44    44    54    40    33
    25    27    37    34    26    25    18    20    14    26    33    25
    44    37    49    23    38    42    17    31    26    63    42    25
    27    22    26    35    41    22    23    12    25    38    24    27
    39    47    53    28    54    61    17    32    57    80    58    46
     5
    23    21    18    26    23    23    11    15    31    48    26    16
    32    34    48    30    33    28     9    19    71    86    37    33
    28    35    42    16    32    30    16    23    59    83    32    31
    31    33    36    17    39    40    12    35    81    86    34    25
    42    39    60    30    30    52    19    46   125    96    49    36
    17    26    28     8    15    22    11    19    42    40    22    18
    19    42    38    20    32    25    23    31    51    37    33    35
     7    13    26    18     9    21    14     8    29    21     7     6
    15    18    37    30    27    37    34    39    48    38    15    12
     5     9    16    19    16    15    31    24    27    15    10     7
     6     8    33    40    40    27    24    35    33    19    13     5
     7    11    35    33    36    29    32    27    31    15     8     6
     4    15    28    41    50    29    27    28    20    18    11     8
     9    28    51    51    72    46    51    40    31    12    32     7
     3    14    31    33    24    23    24    26    14     5    18    21
    16    17    43    38    36    32    32    26     6     5    20    16
    18    15    40    42    41    20    23    23     5    11    18    22
    29    55    97    73    71    37    49    32    16    10    44    46
    21    35    38    49    52    27    40    14     5     7    16    31
    28    52    78    52    52    29    57    32    12    22    26    41
    16    46    33    41    32    19    44    22     9    15    20    39
    36    47    73    72    61    44    62    42    19    14    31    37
    62    76    86   124    73    85   101    35    14    26    38    56
    58    50    87    74    72    60    86    31    21    21    44    50
    99    97    78   106    84    72    92    42    30    38    67    62
    58    53    44    67    49    43    32    16    11    28    40    42
   122    97    93   105    66    73    56    27    17    48    68    73
    70    70    70    64    50    35    34    11    17    31    46    61
    88    92   100   110   100    64    67    35    33    55   100    85
    63    66    54    62    57    40    44    18    18    40    43    64
    39    61    46    66    37    32    33    17    11    32    36    34
    44    51    55    64    43    46    26    26    14    49    35    55
    27    25    25    31    22    20    14    12    16    27    21    23
    25    24    35    44    29    27    13    19    22    56    24    33
    17    21    20    37    17    20    11    12    11    15    18    25
    21    24    45    39    43    30    18    19    29    62    31    20
     6
     1     4     6     7     8     4     1     5     7    22     7     6
     7     6     3     8    11     8     2     8    15    17    11     6
     2     3    10     4    12     4     4     7    13    24     7    10
     5     4     4     3     9     6     1     7    14    25     3     6
     9     7    10     7    13     6     3    12    33    18     8    10
     1    10     6     6     8     0     3     6     2     8     6     1
     4    15     8     4    10     8     1    11    11     5    13     6
     0     4     3     3     2     6     3     4     3     3     3     1
     4     6    11     5     5    13     7    19    11    15     6     4
     0     2     8     3     3     4     1     1     6     0     2     1
     1     1     5     5     4    12     6     8     6     2     5     2
     0     2     9     9     7     4     5     4     6     1     0     3
     2     9    12    11    16     4     5     4     5     2     4     1
     0     7    22    22    16    11    13     8     7     0     6     3
     3     7    12     9    11     7     5     1     3     1     2     2
     6     9    21    14    11     4     2     6     3     1     6     6
     8    12    28     7     8     3     8     4     0     2     7    12
     9    13    38    44    20     6    11     6     0     5    16    24
     8    15    22    20    18     5     5     2     2     5    10    17
    11    24    20    44    15     4     7    11     2     5    12    13
     5    23    21    24    13     8    12     2     4     4    10    14
    16    20    39    30    16    13    11     3     5     5    10    20
    26    48    38    64    31    16    22    10     3     8    18    24
    21    31    48    41    17    19    18     4     3     8    17    18
    55    55    57    78    31    21    21    10     3     9    30    37
    50    31    34    27    21    18     7     3     4     6    24    18
    93    70    66    96    40    23    19     3     4    24    37    48
    52    60    55    58    21    14     6     1     9    25    40    32
    74    85    87   104    34    16    21     4    12    36    63    95
    43    50    51    59    44    18     8     6     4    23    23    33
    30    23    38    33    22     5    10     5     2    18    21    23
    28    21    30    41    16     8     5     7     3    20    27    20
    13     9     9    19     7     8     5     1     2     8     9     4
     8    11    14    15    13     7     1     4     5     8     7    11
    10    10     7    18     2     2     2     3     7     4     0     8
     9    10     7     9    11     1     5     9     5    19     5    11
     7
     2     0     0     0     1     0     0     1     0     0     0     1
     0     0     1     0     2     0     1     1     0     3     1     1
     0     1     1     0     1     0     1     2     0     2     1     0
     1     0     2     0     3     0     0     1     2     0     0     1
     0     0     2     1     3     2     0     0     5     1     1     0
     0     0     0     0     0     0     0     1     0     0     0     0
     0     0     1     0     0     0     0     1     3     0     2     0
     0     1     0     0     2     3     0     0     0     0     0     0
     0     0     2     0     0     6     3     2     1     0     0     0
     0     1     0     0     0     2     1     1     1     0     0     0
     0     0     1     0     1     0     0     0     0     0     0     0
     1     0     1     1     0     0     0     0     0     0     1     0
     0     1     2     2     1     1     0     0     0     0     0     0
     0     3     6     4     3     0     2     1     1     0     1     1
     0     0     1     0     1     2     1     1     0     1     0     0
     0     4     8     5     1     1     1     1     0     1     3     0
     0     3     7     4     1     0     1     2     0     1     3     5
     4     8    10    10     3     2     5     2     0     0     2     1
     6     1     7     6     1     1     1     1     1     1     2     4
     1     5     7     7     5     2     2     0     0     1     3     0
     2     5     6     4     0     1     3     2     0     0     3     3
     0     6     6     6     4     2     0     1     1     0     0     4
     1    13    10     8    11     3     2     0     0     2     2     5
     8     8     7    10     3     7     1     0     0     1     0     3
    18    12    15    18     6     1     0     2     1     1     6     4
    11    13     7     7     4     3     1     0     1     2     3     5
    22    22    31    28     9     2     0     0     2     4     9    16
    23    19    32    14     9     7     1     0     0     9    12    15
    45    24    42    38     3     5     1     0     3    10    18    27
    20    15    15    25     3     2     2     0     1     6     6    13
     8    13    16    20     4     3     0     0     0     3     3     7
     9     7     7    11     5     4     0     1     1     7     5    10
     1     3     4     6     0     0     2     0     1     0     1     2
     2     1     2     2     2     0     0     0     0     5     1     2
     2     2     0     1     1     0     0     1     1     1     2     1
     1     3     0     0     0     1     1     0     0     2     1     1
     8
     0     0     0     1     0     0     0     0     0     0     1     0
     0     0     0     0     0     0     0     0     3     0     0     0
     0     1     1     0     0     0     0     0     0     0     0     0
     0     0     0     0     0     0     0     0     0     0     0     0
     0     0     0     0     1     0     1     0     0     0     1     0
     0     0     0     0     0     1     0     0     0     0     0     0
     0     0     0     0     0     0     0     0     0     0     0     0
     0     0     0     0     0     1     0     0     0     0     0     0
     0     0     1     0     0     0     0     1     1     0     0     0
     0     0     0     0     0     1     0     0     1     0     0     0
     0     0     0     1     0     0     0     0     0     0     0     0
     0     0     0     0     0     2     0     1     0     1     0     0
     0     0     2     0     0     2     0     2     0     0     0     0
     0     0     1     2     0     0     1     0     1     1     0     0
     0     0     3     0     2     0     0     0     1     0     0     1
     0     1     7     1     1     1     2     1     0     0     1     0
     1     5     6     2     0     0     0     0     0     0     1     0
     3     3    10    11     1     2     0     0     0     0     1     0
     3     2     9     6     2     1     2     0     0     0     1     2
     0     3     7     3     1     1     0     0     0     0     2     2
     1     7     2     7     1     1     0     0     0     0     0     3
     0     0     5     2     1     1     0     0     0     0     0     2
     1     3     7    11     1     2     0     0     0     0     3     2
     5    14     4     4     3     0     1     0     0     0     1     4
    11    19    14     8     2     3     2     0     0     1     4     4
    10    10    10     7     1     0     0     0     1     0     1     0
    27    14    37    32     4     1     1     0     0     0    13    10
    23    17    17    13     4     4     0     0     1     3     6     6
    30    21    43    37     7     5     0     1     0     7    23    30
    16    13    17    13     3     2     0     0     2     3    10     9
     6     4     4     8     5     2     1     0     0     4     3    10
     5     3     7    11     3     1     2     2     2     6     6     4
     1     0     2     0     0     1     0     0     0     0     0     1
     1     1     0     0     1     0     0     0     0     4     1     0
     0     1     0     3     1     1     0     0     0     0     0     0
     1     1     0     1     0     0     0     0     0     2     0     0
     9
     0     0     0     0     0     0     0     0     0     0     0     0
     0     0     0     0     0     0     0     0     1     0     0     0
     0     0     0     0     0     0     0     0     0     0     0     0
     0     0     0     0     0     0     0     0     0     0     0     0
     0     0     0     0     0     0     0     0     0     0     0     0
     0     0     0     0     0     0     0     0     0     0     0     0
     0     0     0     0     0     0     0     0     0     0     0     0
     0     0     0     0     0     0     0     0     0     0     0     0
     0     0     0     0     0     0     0     0     0     0     0     0
     0     0     0     0     0     0     0     0     0     0     0     0
     0     0     0     0     0     0     0     0     1     0     0     0
     0     0     0     0     0     0     1     0     0     0     0     0
     0     0     0     0     0     0     0     0     0     0     0     0
     0     0     0     1     0     0     0     0     0     0     0     0
     1     0     0     0     0     1     0     0     0     0     1     0
     0     0     2     0     0     0     0     0     0     0     0     0
     0     0     0     0     1     0     0     0     0     0     0     0
     2     1     3     0     1     1     0     0     0     0     0     0
     1     0     0     0     1     0     0     0     0     0     1     0
     0     1     0     1     1     0     0     0     0     0     0     1
     1     0     1     0     0     0     0     0     0     0     0     0
     0     1     0     0     1     0     1     0     0     0     0     0
     0     1     1     0     1     0     1     0     0     0     0     0
     0     1     1     1     0     0     0     0     0     0     0     0
     2     4     4     2     0     0     0     0     0     0     0     0
     0     1     3     1     0     0     0     0     0     0     1     0
     5     6     7     4     1     0     0     0     0     0     1     1
     2     4     5     1     0     0     0     0     0     0     0     3
     4     2     6     8     0     0     1     0     0     0     3     3
     2     0     2     1     1     0     0     0     0     1     1     5
     0     0     1     2     0     0     0     0     0     0     2     0
     1     0     0     0     0     0     0     0     0     1     1     0
     0     0     0     0     0     1     0     0     0     0     0     1
     0     0     0     0     0     0     1     0     0     0     1     0
     0     0     0     0     0     0     0     0     0     0     0     0
     0     0     0     0     0     0     0     0     1     0     0     0
    10
     0     0     0     0     0     0     0     0     1     0     1     0
     0     0     0     0     0     0     0     1     1     0     0     0
     0     0     0     0     0     0     0     0     0     0     0     0
     0     0     0     0     0     0     0     0     0     0     0     0
     0     0     0     0     0     0     0     0     0     0     0     0
     0     0     0     0     0     0     0     0     0     0     0     0
     0     0     0     0     0     0     0     0     0     0     0     0
     0     0     0     0     0     0     0     0     0     0     0     0
     0     0     0     0     0     0     0     0     0     0     0     0
     0     0     0     0     0     0     0     0     0     0     0     0
     0     0     0     0     0     0     0     0     0     0     1     0
     0     0     0     0     0     0     0     0     0     0     0     0
     0     0     0     0     0     0     0     0     0     0     0     0
     0     1     0     0     0     0     0     0     0     0     0     0
     0     0     1     0     0     0     0     0     0     0     0     0
     0     0     0     0     0     0     0     0     0     0     0     0
     0     0     0     0     0     0     0     0     0     0     0     0
     0     0     0     1     0     0     0     0     0     0     0     0
     1     0     0     0     0     0     0     0     0     0     0     0
     0     0     0     0     0     0     0     0     0     0     0     0
     0     0     0     0     0     0     0     0     0     0     0     0
     0     0     0     0     0     0     0     0     0     0     0     0
     1     0     0     0     0     0     0     0     0     0     0     0
     1     0     0     0     0     0     0     0     0     0     0     0
     1     0     0     0     0     0     0     0     0     0     1     0
     1     0     0     0     0     0     0     0     0     0     0     0
     2     1     2     4     0     0     0     0     0     0     1     0
     1     3     3     1     0     0     0     0     0     0     0     2
     0     2     6     1     1     0     0     0     0     0     0     1
     1     1     1     0     0     0     0     0     0     0     1     0
     0     0     1     1     0     0     0     0     0     0     0     0
     0     0     1     0     0     0     1     0     0     0     0     0
     0     0     0     0     0     0     0     0     0     0     0     0
     0     0     0     0     0     0     0     0     0     0     0     0
     0     0     0     0     0     0     0     0     0     0     0     0
     0     0     0     0     0     0     0     0     0     0     0     0
    11
     0     0     0     0     0     0     0     0     0     0     0     0
     0     0     0     0     0     1     0     0     0     0     0     0
     0     0     0     0     0     0     0     0     0     0     0     0
     0     0     0     0     0     0     0     0     0     0     0     0
     0     0     0     0     0     0     0     0     0     0     0     0
     0     0     0     0     0     0     0     0     0     0     0     0
     0     0     0     0     0     0     0     0     0     0     0     0
     0     0     0     0     0     0     0     0     0     0     0     0
     0     0     0     0     0     0     0     1     0     0     0     0
     0     0     0     0     0     0     0     0     0     0     0     0
     0     0     0     0     0     0     0     0     0     0     0     0
     0     0     0     0     0     0     0     0     0     0     0     0
     0     0     0     0     0     0     0     0     0     0     0     0
     0     0     0     0     0     0     0     0     0     0     0     0
     0     0     0     0     0     0     0     0     0     0     0     0
     0     0     0     0     0     0     0     0     0     0     0     0
     0     0     1     0     0     0     0     0     0     0     0     0
     0     1     0     0     0     0     0     0     0     0     0     0
     0     0     0     0     0     0     0     0     0     0     0     0
     0     0     0     0     0     0     0     0     0     0     0     0
     0     0     0     0     0     0     0     0     0     0     0     0
     0     0     0     0     0     0     0     0     0     0     0     0
     0     0     0     0     0     0     0     0     0     0     0     0
     0     0     0     0     0     0     0     0     0     0     0     0
     0     0     0     1     0     0     0     0     0     0     0     0
     0     1     0     0     0     0     0     0     0     0     0     0
     0     1     1     4     0     0     0     0     0     0     0     0
     2     3     2     0     1     0     0     0     0     0     0     1
     1     3     5     1     0     0     0     0     0     0     1     2
     0     0     3     1     0     0     0     0     0     0     0     1
     0     0     2     0     0     0     0     0     0     0     0     0
     0     0     1     0     0     0     1     0     0     0     0     0
     0     0     0     0     0     0     0     0     0     0     0     0
     0     0     0     0     0     0     0     0     0     0     0     0
     0     0     0     0     0     0     0     0     0     0     0     0
     0     0     0     0     0     1     0     0     0     0     0     0
    12
     0     0     0     0     0     0     0     0     0     0     0     0
     0     0     0     0     0     1     0     0     0     0     0     0
     0     0     0     0     0     0     0     0     0     0     0     0
     0     0     0     0     0     0     0     0     0     0     0     0
     0     0     0     0     0     0     0     0     0     0     0     0
     0     0     0     0     0     0     0     0     0     0     0     0
     0     0     0     0     0     0     0     0     0     0     0     0
     0     0     0     0     0     0     0     0     0     0     0     0
     0     0     0     0     0     0     0     0     0     0     0     0
     0     0     0     0     0     0     0     0     0     0     0     0
     0     0     0     0     0     0     0     0     0     0     0     0
     0     0     0     0     0     0     0     0     0     0     0     0
     0     0     0     0     0     0     0     0     0     0     0     0
     0     0     0     0     0     0     0     0     0     0     0     0
     0     0     0     0     0     0     0     0     0     0     0     0
     0     0     0     0     0     0     0     0     0     0     0     0
     0     0     0     0     0     0     0     0     0     0     0     0
     0     0     0     0     0     0     0     0     0     0     0     0
     0     0     0     0     0     0     0     0     0     0     0     0
     0     0     0     0     0     0     0     0     0     0     0     0
     0     1     0     0     0     0     0     0     0     0     0     0
     0     0     0     0     0     0     0     0     0     0     0     0
     0     0     0     0     0     0     0     0     0     0     0     0
     0     0     0     0     0     0     0     0     0     0     0     0
     0     0     0     0     0     0     0     0     0     0     0     0
     0     0     0     0     0     0     0     0     0     0     0     0
     0     0     0     1     1     0     0     0     0     0     2     0
     0     0     0     0     1     1     0     0     0     0     0     0
     1     2     1     0     0     0     0     0     0     0     0     0
     0     0     1     0     0     0     0     0     0     0     0     0
     0     0     0     0     0     0     0     0     0     0     0     1
     0     0     1     0     1     0     0     0     0     0     0     0
     0     0     0     0     0     0     0     0     0     0     0     0
     0     0     0     0     0     0     0     0     0     0     0     0
     0     0     0     0     0     0     0     0     0     0     0     0
     0     0     0     0     0     0     1     0     0     0     0     0
    13
     0     0     0     0     0     0     0     0     0     0     0     0
     0     0     0     0     0     0     0     0     0     0     0     0
     0     0     0     0     0     0     0     0     0     0     0     0
     0     0     0     0     0     0     0     0     0     0     0     0
     0     0     0     0     0     0     0     0     0     0     0     0
     0     0     0     0     0     0     0     0     0     0     0     0
     0     0     0     0     0     0     0     0     0     0     0     0
     0     0     0     0     0     0     0     0     0     0     0     0
     0     0     0     0     0     0     0     0     0     0     0     0
     0     0     0     0     0     0     0     0     0     0     0     0
     0     0     0     0     0     0     0     0     0     0     0     0
     0     0     0     0     0     0     0     0     0     0     0     0
     0     0     0     0     0     0     0     0     0     0     0     0
     0     0     0     0     0     0     0     0     0     0     0     0
     0     0     0     0     0     0     0     0     0     0     0     0
     0     0     0     0     0     0     0     0     0     0     0     0
     0     0     0     0     0     0     0     0     0     0     0     0
     0     0     0     0     0     0     0     0     0     0     0     0
     0     0     0     0     0     0     0     0     0     0     0     0
     0     0     0     0     0     0     0     0     0     0     0     0
     0     0     0     0     0     0     0     0     0     0     0     0
     0     0     0     0     0     0     0     0     0     0     0     0
     0     0     0     0     0     0     0     0     0     0     0     0
     0     0     0     0     0     0     0     0     0     0     0     0
     0     0     0     0     0     0     0     0     0     0     0     0
     0     0     0     0     0     0     0     0     0     0     0     0
     0     2     0     0     0     0     0     0     0     0     0     0
     0     0     0     0     0     0     0     0     0     0     0     0
     0     0     0     0     0     0     0     0     0     0     0     0
     0     0     0     0     0     0     0     0     0     0     0     0
     0     0     0     0     0     0     0     0     0     0     0     0
     0     0     0     0     0     0     0     0     0     1     0     0
     0     0     0     0     0     0     0     0     0     0     0     0
     0     0     0     0     0     0     0     0     0     0     0     0
     0     0     0     0     0     0     0     0     0     0     0     0
     0     0     0     0     0     0     0     0     0     0     0     0
    14
     0     0     0     0     0     0     0     0     0     0     0     0
     0     0     0     0     0     0     0     0     0     0     0     0
     0     0     0     0     0     0     0     0     0     0     0     0
     0     0     0     0     0     0     0     0     0     0     0     0
     0     0     0     0     0     0     0     0     0     0     0     0
     0     0     0     0     0     0     0     0     0     0     0     0
     0     0     0     0     0     0     0     0     0     0     0     0
     0     0     0     0     0     0     0     0     0     0     0     0
     0     0     0     0     0     0     0     0     0     0     0     0
     0     0     0     0     0     0     0     0     0     0     0     0
     0     0     0     0     0     0     0     0     0     0     0     0
     0     0     0     0     0     0     0     0     0     0     0     0
     0     0     0     0     0     0     0     0     0     0     0     0
     0     0     0     0     0     0     0     0     0     0     0     0
     0     0     0     0     0     0     0     0     0     0     0     0
     0     0     0     0     0     0     0     0     0     0     0     0
     0     0     0     0     0     0     0     0     0     0     0     0
     0     0     0     0     0     0     0     0     0     1     0     0
     0     0     0     0     0     0     0     0     0     0     0     0
     0     0     0     0     0     0     0     0     0     0     0     0
     0     0     0     0     0     0     0     0     0     0     0     0
     0     0     0     0     0     0     0     0     0     0     0     0
     0     0     0     0     0     0     0     0     0     0     0     0
     0     0     0     0     0     1     0     0     0     0     0     0
     0     0     0     0     0     0     0     0     0     0     0     0
     0     0     0     0     0     0     0     0     0     0     0     0
     0     0     0     0     0     0     0     0     0     0     0     0
     0     0     0     0     0     0     0     0     0     0     0     0
     0     0     0     0     0     0     0     0     0     0     0     0
     0     0     0     0     0     0     0     0     0     0     0     0
     0     0     0     0     0     0     0     0     0     0     0     0
     0     0     0     0     0     0     0     0     0     0     0     0
     0     0     0     0     0     0     0     0     0     0     0     0
     0     0     0     0     0     0     0     0     0     0     0     0
     0     0     0     0     0     0     0     0     0     0     0     0
     0     0     0     0     0     0     0     0     0     0     0     0
    15
     0     0     0     0     0     0     0     0     0     0     0     0
     0     0     0     0     0     1     0     0     0     0     0     0
     0     0     0     0     0     0     0     0     0     0     0     0
     0     0     0     0     0     0     0     0     0     0     0     0
     0     0     0     0     0     0     0     0     0     0     0     0
     0     0     0     0     0     0     0     0     0     0     0     0
     0     0     0     0     0     0     0     0     0     0     0     0
     0     0     0     0     0     0     0     0     0     0     0     0
     0     0     0     0     0     0     0     0     0     0     0     0
     0     0     0     0     0     0     0     0     0     0     0     0
     0     0     0     0     0     0     0     0     0     0     0     0
     0     0     0     0     0     0     0     0     0     0     0     0
     0     0     0     0     0     0     0     0     0     0     0     0
     0     0     0     0     0     0     0     0     0     0     0     0
     0     0     0     0     0     0     0     0     0     0     0     0
     0     0     0     0     0     0     0     0     0     0     0     0
     0     0     0     0     0     0     0     0     0     0     0     0
     0     0     0     0     0     0     0     0     0     0     0     0
     0     0     0     0     0     0     0     0     0     0     0     0
     0     0     0     0     0     0     0     0     0     0     0     0
     0     0     0     0     0     0     0     0     0     0     0     0
     0     0     0     0     0     0     0     0     0     0     0     0
     0     0     0     0     0     0     0     0     0     0     0     0
     0     0     0     0     0     0     0     0     0     0     0     0
     0     0     0     0     0     0     0     0     0     0     0     0
     0     0     0     0     0     0     0     0     0     0     0     0
     0     0     0     0     0     0     0     0     0     0     0     0
     0     0     0     0     0     0     0     0     0     0     0     0
     0     0     0     0     0     0     0     0     0     0     0     0
     0     0     0     0     0     0     0     0     0     0     0     0
     0     0     0     0     0     0     0     0     0     0     0     0
     0     0     0     0     0     0     0     0     0     0     0     0
     0     0     0     0     0     0     0     0     0     0     0     0
     0     0     0     0     0     0     0     0     0     0     0     0
     0     0     0     0     0     0     0     0     0     0     0     0
     0     0     0     0     0     0     0     0     0     0     0     0
    16
     0     0     0     0     0     0     0     0     0     0     0     0
     0     0     0     0     0     0     0     0     0     0     0     0
     0     0     0     0     0     0     0     0     0     0     0     0
     0     0     0     0     0     0     0     0     0     0     0     0
     0     0     0     0     0     0     0     0     0     0     0     0
     0     0     0     0     0     0     0     0     0     0     0     0
     0     0     0     0     0     0     0     0     0     0     0     0
     0     0     0     0     0     0     0     0     0     0     0     0
     0     0     0     0     0     0     0     0     0     0     0     0
     0     0     0     0     0     0     0     0     0     0     0     0
     0     0     0     0     0     0     0     0     0     0     0     0
     0     0     0     0     0     0     0     0     0     0     0     0
     0     0     0     0     0     0     0     0     0     0     0     0
     0     0     0     0     0     0     0     0     0     0     0     0
     0     0     0     0     0     0     0     0     0     0     0     0
     0     0     0     0     0     0     0     0     0     0     0     0
     0     0     0     0     0     0     0     0     0     0     0     0
     0     0     0     0     0     0     0     0     0     0     0     0
     0     0     0     0     0     0     0     0     0     0     0     0
     0     0     0     0     0     0     0     0     0     0     0     0
     0     0     0     0     0     0     0     0     0     0     0     0
     0     0     0     0     0     0     0     0     0     0     0     0
     0     0     0     0     0     0     0     0     0     0     0     0
     0     0     0     0     0     0     0     0     0     0     0     0
     0     0     0     0     0     0     0     0     0     0     0     0
     0     0     0     0     0     0     0     0     0     0     0     0
     0     0     0     0     0     0     0     0     0     0     0     0
     0     0     0     0     0     0     0     0     0     0     0     0
     0     0     0     0     0     0     0     0     0     0     0     0
     0     0     0     0     0     0     0     0     0     0     0     0
     0     0     0     0     0     0     0     0     0     0     0     0
     0     0     0     0     0     0     0     0     0     0     0     0
     0     0     0     0     0     0     0     0     0     0     0     0
     0     0     0     0     0     0     0     0     0     0     0     0
     0     0     0     0     0     0     0     0     0     0     0     0
     0     0     0     0     0     0     0     0     0     0     0     0
    17
     0     0     0     0     0     0     0     0     0     0     0     0
     0     0     0     0     0     0     0     0     0     0     0     0
     0     0     0     0     0     0     0     0     0     1     0     0
     0     0     0     0     0     0     0     0     0     0     0     0
     0     0     0     0     0     0     0     0     0     0     0     0
     0     0     0     0     0     0     0     0     0     0     0     0
     0     0     0     0     0     0     0     0     0     0     0     0
     0     0     0     0     0     0     0     0     0     0     0     0
     0     0     0     0     0     0     0     0     0     0     0     0
     0     0     0     0     0     0     0     0     0     0     0     0
     0     0     0     0     0     0     0     0     0     0     0     0
     0     0     0     0     0     0     0     0     0     0     0     0
     0     0     0     0     0     0     0     0     0     0     0     0
     0     0     0     0     0     0     0     0     0     0     0     0
     0     0     0     0     0     0     0     0     0     0     0     0
     0     0     0     0     0     0     0     0     0     0     0     0
     0     0     0     0     0     0     0     0     0     0     0     0
     0     0     0     0     0     0     0     0     0     0     0     0
     0     0     0     0     0     0     0     0     0     0     0     0
     0     0     0     0     0     0     0     0     0     0     0     0
     0     0     0     0     0     0     0     0     0     0     0     0
     0     0     0     0     0     0     0     0     0     0     0     0
     0     0     0     0     0     0     0     0     0     0     0     0
     0     0     0     0     0     0     0     0     0     0     0     0
     0     0     0     0     0     0     0     0     0     0     0     0
     0     0     0     0     0     0     0     0     0     0     0     0
     0     0     0     0     0     0     0     0     0     0     0     0
     0     0     0     0     0     0     0     0     0     0     0     0
     0     0     0     0     0     0     0     0     0     0     0     0
     0     0     0     0     0     0     0     0     0     0     0     0
     0     0     0     0     0     0     0     0     0     0     0     0
     0     0     0     0     0     0     0     0     0     0     0     0
     0     0     0     0     0     0     0     0     0     0     0     0
     0     0     0     0     0     0     0     0     0     0     0     0
     0     0     0     0     0     0     0     0     0     0     0     0
     0     0     0     0     0     0     0     0     0     0     0     0
