20
Huntington, WV 03860
     0
      -4.000      -1.800       3.200       9.300      15.600      20.600
      22.700      22.200      18.200      11.100       4.400       -.700
        .600       2.200       8.800      15.000      20.000      23.800
      25.600      25.000      21.700      15.600       9.300       3.200
       5.500       8.300      15.000      20.000      24.300      27.200
      28.800      28.200      25.600      20.600      15.000       8.800
      53.000      47.000      39.000      35.000      43.000      52.000
      55.000      55.000      54.000      46.000      47.000      54.000
      67.000      64.000      57.000      50.000      61.000      65.000
      67.000      68.000      68.000      62.000      63.000      68.000
      81.000      80.000      76.000      72.000      79.000      81.000
      82.000      84.000      85.000      83.000      80.000      82.000
       2.000       2.000       2.000       2.000       1.600       1.600
       1.600       1.600       1.600       1.600       2.000       2.000
       2.700       2.700       2.700       2.700       2.400       2.400
       2.000       2.000       2.000       2.400       2.400       2.700
       4.000       4.000       4.000       4.000       3.100       3.100
       2.700       2.700       2.700       3.100       3.500       3.500
     240.000     240.000     240.000     260.000     240.000     220.000
     220.000     220.000     220.000     230.000     240.000     240.000
     1
        .949       3.287       9.255      15.000      19.717      23.802
      25.624      25.009      21.615      15.456       9.877       3.888
      66.636      63.725      58.071      53.821      61.185      65.516
      68.372      68.978      68.385      63.274      63.334      67.519
     2
    34    53    53    43    61    61    66    87    96    63    63    28
    42    76    64    76   109    92   118   147   121    76    83    86
    40    40    47    46    54    56    73    86    76    53    27    41
    57    55    48    62    91    87   105   142   108    72    53    67
    53    60    62    77    90   122   105   158   110    96    82    70
    58    60    75    82    92    95   118   154    99   105    69    61
    49    62    63    72    92    77    98   120   110    80    68    59
    52    50    70    51    47    56    91    98    95    78    65    44
    62    62    50    52    78    73   110   106   111    73    57    58
    53    51    56    58    78    86    89   125    93   102    48    55
    49    62    54    63   108   116    92   128   144    95    64    87
    94    66    88    89   142   155   152   179   195   164   106   112
    49    37    42    45    77    91   104   128   113    70    65    43
    52    38    50    46    92   124   142   150   110    90    51    60
    25    20    24    28    56    61    80    74    76    47    22    21
    60    43    50    47   100   127   142   117    96    86    67    51
    30    30    18    38    68    80    83    96    75    48    31    30
    88    70    82    64   150   162   219   158   161   119    87    75
    57    31    48    38   103   102   102   128    93    66    44    58
    95    70    75    77   158   244   213   206   146   132    90   114
    75    41    49    50   108   154   173   158   135   102    55    86
    75    67    56    70   136   171   206   194   121   120    80    89
    56    47    42    53   110   122   139   139    84    82    67    62
    63    43    56    66   123   127   181   142   113    98    66    74
    53    34    29    29    78    76   113    97    59    58    43    47
    27    38    20    35    71    57    90    64    39    47    26    24
    43    22    23    35    57    61    84    76    46    47    27    41
    26    21    21    27    54    48    61    56    43    41    33    23
    32    30    29    29    55    49    55    63    46    47    31    26
    33    34    33    43    59    52    80    73    55    55    34    29
    17    29    21    29    48    39    55    52    40    34    27    26
    37    38    37    35    75    83    70    85    74    71    52    49
    21    33    33    36    48    44    67    63    45    40    33    29
    46    55    58    66    88    80    91    95   104    75    60    62
    19    33    44    31    57    52    63    88    64    54    41    26
    32    76    75    73   146   116   123   156   138   100    62    54
     3
    30    53    81    83    86    84    72    91    85    67    48    44
    40    90   108   113   123   110   107   127   128    94    73    60
    44    54    66    88    71    71    75    96    69    67    49    39
    43    63   118    80   100   100   103   107    86    91    37    50
    69    88   114   111   112   115   109   128   125    74    60    80
    85    85   120   126   130   101   128   138   122    94    65    74
    54    88    85    88    82    77    82    97   114    74    66    64
    60    48    86    83    94    73    86   101    83    74    50    50
    50    75   106    71    88    82   101    97   101    62    56    65
    44    68    73    71    73    41    65    89    82    67    53    65
    61    58    79    86    82    64    77    88   103    78    39    61
    91    87   105   113   147    95   117   130   113   133    90    73
    54    49    45    40    82    64    55    61    68    76    55    54
    62    68    77    74   109   103   110   102    77    71    61    62
    25    26    38    40    50    60    67    52    53    53    30    34
    69    58    89    80   113   157   112   148   113   106    77    78
    45    50    51    57    72    98    78   112    97    75    48    52
   164   137   158   137   223   267   259   246   188   155   135   155
   117    53    89    80   134   167   162   148   121   110    92   119
   171   144   133   121   253   281   301   259   260   228   177   202
   116   104   106   120   221   264   228   231   172   188   116   132
   151   143   149   165   280   343   385   333   303   239   183   240
   132    98   122   125   215   264   309   217   177   150   132   160
   161   133   117   142   294   299   325   284   202   192   158   151
   116    84    89    93   142   196   203   185   117   124   112   134
   114    81    67   108   130   158   165   152   124   121    99   117
   103    82    93   110   164   177   162   125   117   128    68   113
    73    75    85   102    99    93   106    90    88    81    72    86
    69    76    51   104   108    85    97    93    82    74    57    80
    74    71    86   102   118   101   104    93    76    69    64    74
    50    48    62    64    97    61    65    53    49    59    44    44
    93    70   111   137   124   100   129   103    82   110    75    78
    50    62    61    81    94    58    46    58    60    73    44    50
    84   122   142   167   138   104   138   134   100   111    84    88
    54    66    71    82    85    75    56    71    68    61    44    49
    66   107   122   144   171   120   103   137   122    91    75    84
     4
    11    24    26    28    30    19    14    17    23    11    12     7
    13    28    48    42    38    26    30    18    34    27    20    16
     5    14    23    22    23    14    10    16    25    12    12     5
    11    22    32    38    35    20    16    37    22    10    11    11
     9    17    48    31    25    23    16    29    13    11    17    18
    25    38    56    44    33    21    25    37    28    28    17    13
    26    30    29    44    24    16    25    21    16    27    24    15
    15    20    31    32    17    16    16    22    12    15    19    21
     7    17    29    28    23    23    17    23    27    13    19    14
    12     9    22    28    13    13    17    15    16    14    15    15
     8    15    16    27    17    16    18    20    15    16     7     7
    16     8    31    39    23    14    19    16    18    13    20    13
    13    14    21    20    18     8     8    16    15    11     9    13
    20    18    25    23    29    22    22    19    10    20    23    13
    16    12    10    21    16    15    11     6    10    12     8     6
    18    21    28    31    33    26    32    28    24    24    22    30
    15    16    18    29    32    28    13    14    25    30    19    25
    59    47    73    85    83    71    74    59    53    57    65    77
    43    37    39    36    35    30    37    29    35    29    40    44
    68    58    83    81    99    83    66    65    70    78    74   106
    52    50    48    72    61    72    54    55    48    51    54    69
    91    73    96    92   127   137    93   100    85    93   102    91
    73    62    70    71    74   108    93    89    62    67    73    92
    96    96    84    89   118   137   138    90    91    78    94    90
    77    68    89    67    86    96    73    58    59    70    65    96
   104    71    82    85    92   112    94    62    62    79    77    85
   110    67    81    93    87    83    67    70    70    73    66    91
    75    69    64    79    83    62    44    43    35    61    41    71
    48    64    64    62    60    54    31    25    29    50    51    65
    48    51    60    87    45    32    34    19    27    35    59    46
    29    44    49    57    40    34    35    14    24    31    23    27
    49    60    78    96    67    42    37    29    50    40    53    47
    20    35    37    64    37    29    23    19    19    35    41    26
    60    74    90    84    68    53    38    30    38    58    45    47
    20    35    42    51    42    21    19    10    17    28    21    22
    20    37    36    61    68    38    24    33    31    33    33    33
     5
     4     8    17    21    14     7     3     1     8     9     6     6
     4     7    27    18    22     5     8    11    10    10    10     7
     2     7    12     6     9     9     6     5     6     6     2     3
     5     7    16    15    10     5     3     4     8     6     3     2
     3     9    16    12    16     5     7     7    15     4     7     5
    10    11    37    26    12    10     6     5     5    12     4     2
     9    11    13    16     7     5     6     7    13     9     5     4
     8    14    19    15     8     6     1     2     8     7     4     5
     4    12    18    12    11     8     7     6     7     1     8     3
     6     4    12    11     6     6     4     4     8     6     5     3
     2     5    15    12     6     5     7     2     2     6     6     6
     3     9    20    17     9     6     0     4     5    10     5     4
     7     7    13    18    12     6     2     4     3     4     7     7
     4    13    18    22    17     7     4     4     4     6    11    13
     5     8    13    10     8     3     1     0     2    10     9     5
    16    16    27    26    19    12    11     3    10    12    23    22
     8    14    31    28    20    15    12     6    11     4     9    17
    51    48    97    77    38    17    28    21    23    33    49    61
    22    34    49    31    26    15    12     7    13    19    23    23
    64    42    82    64    41    22    26    23    30    43    61    52
    39    39    60    42    36    31    16    20    23    16    55    34
    82    73   126   100    65    77    40    38    48    55    90    90
    65    57   113    77    77    56    50    41    29    42    59    95
   124   124   162   145   101   102    56    65    47    73   110   125
   144   106   132   116   101    83    69    40    47    62    71   122
   149   120   116   133   113    95    75    49    45    81   115   118
   167   115   116   167   103    81    60    36    45    91   119   138
   131   108   116   135    79    66    32    22    34    82    97   121
    80    85    72    95    52    33    23    25    28    40    87    72
    73    70   102   135    54    33    25    15    14    38    72    76
    43    45    68    70    34    28     9     4     4    38    40    36
    63    52    86   104    40    25    23    17    12    50    58    47
    24    27    39    68    20    11    11     8     6    17    22    24
    38    55    90    97    46    34    13    18    19    33    30    38
    10    23    31    42    34    11    14     6     7    21     9    10
    16    22    43    53    36    20     7    12    17    14    14    10
     6
     0     1     1     6     1     0     1     0     0     0     0     0
     0     5     0     0     1     1     0     0     0     1     2     0
     1     0     0     1     0     1     0     0     1     0     2     0
     0     0     3     1     1     0     0     0     0     0     0     0
     0     0     2     2     0     1     1     0     0     0     0     0
     0     1     7     1     1     1     0     0     2     0     0     0
     1     3     2     0     1     0     1     0     1     0     1     0
     0     1     1     4     2     0     0     0     0     0     0     0
     0     1     4     1     2     0     0     0     4     1     0     0
     0     1     1     1     2     1     0     1     0     0     0     0
     1     2     1     1     1     2     0     0     0     0     1     1
     2     1     0     3     1     1     0     2     0     4     3     1
     0     0     1     2     0     1     0     1     0     0     3     1
     1     0     7     8     0     1     0     2     0     2     5     2
     1     1     5     1     3     0     0     0     0     0     2     1
     3     5     3     8     0     1     2     0     0     4     4     3
     2     3    11     7     0     1     0     0     1     2     6     3
     3    12    20    21     7     2     2     2     2     3    13     7
     2     2     7     9     2     0     0     2     2     2     6     3
    13    10    23    17     7     1     1     2     4     3     7    15
     5     8    16    14     6     0     0     1     0     4     7     4
    16    22    36    37    13    10     5     6     1     8    23    22
    35    19    44    47    13     6     2     3     7     6    32    22
    61    48    54    63    22    12    11     6     7    23    38    44
    70    48    84    75    46     8    13    10     6    19    42    48
    76    56    75    72    33    17     7     7     4    22    33    48
    87    54    85    83    39    17    11     4    10    28    74    46
    66    47    73    65    29     6     5     6     4    15    42    47
    27    27    58    49    18     3     4     0    12    14    45    31
    27    27    42    33    16     7     2     4     4    12    23    28
    21    16    27    27     4     5     1     0     3     3    11    14
    10    15    28    32     4     8     5     0     6     9    11    16
     8    10    10    12     4     2     1     1     0     4     3     7
     6     8    26    23    11     2     3     1     4     6    13    10
     1     4     8    14     4     0     3     1     0     3     3     2
     4     1     7     4     4     3     0     1     0     2     1     1
     7
     0     0     0     0     0     0     0     1     0     0     0     0
     0     0     0     0     0     1     0     0     0     0     0     0
     0     0     0     0     1     0     0     0     0     0     0     0
     0     0     0     0     0     0     0     1     0     0     0     0
     0     1     0     0     0     0     0     0     0     0     0     0
     0     0     0     1     0     0     0     0     0     0     0     0
     0     0     0     0     0     0     0     0     0     0     0     0
     0     0     0     0     0     0     0     0     0     0     0     0
     0     0     0     0     0     0     0     0     0     0     0     0
     0     1     0     0     0     0     0     0     0     0     0     0
     0     0     0     0     0     0     1     0     0     0     0     0
     0     0     2     0     1     0     0     0     0     0     0     0
     0     0     0     0     0     0     0     0     0     0     0     0
     0     0     1     1     0     0     0     0     0     1     0     0
     0     0     0     0     1     0     0     0     0     0     0     1
     0     1     1     3     0     0     0     0     0     0     0     1
     0     1     0     0     0     0     0     0     0     1     1     3
     0     0     7     2     1     0     0     0     0     2     4     0
     0     0     3     1     0     0     1     0     0     0     0     0
     1     2     5     2     1     0     0     0     0     0     0     0
     0     1     4     3     1     0     0     0     0     0     2     3
     2     5     8    14     1     0     0     0     0     2     3     3
     4     5     9    11     3     0     2     2     0     0     2     8
    16    11    18    16     4     3     0     2     1     0     3     7
    11    13    27    14     4     0     0     3     0     1     8     9
    14     7    20    19     3     3     1     0     1     7     4    12
    17    13    25    23     9     2     1     1     2     4     7     6
    11    11    16    21     3     4     2     1     1     4     8     8
     4     7    11    13     1     3     1     0     0     3    11     8
     4     7     7    11     3     0     0     0     0     0     2     4
     2     2     3     5     2     1     1     0     0     0     0     2
     2     2     7     6     0     1     0     2     0     0     3     2
     1     2     0     2     1     1     0     0     0     0     1     1
     1     2     4     2     0     0     0     0     0     0     0     2
     1     1     1     2     0     0     1     0     0     0     0     0
     0     0     1     2     0     0     0     0     0     0     0     0
     8
     0     0     0     0     1     0     0     1     0     0     0     0
     0     0     0     0     0     1     1     0     0     0     0     0
     0     0     0     0     0     0     0     0     0     0     0     0
     0     0     0     0     0     0     0     0     0     0     0     0
     0     0     0     0     0     0     0     0     0     0     0     0
     0     0     0     0     0     0     1     0     0     0     0     0
     0     0     0     0     0     0     0     0     0     0     0     0
     0     0     0     0     0     0     0     0     0     0     0     0
     0     0     0     0     0     0     0     0     0     0     0     0
     0     0     0     0     0     0     0     0     0     0     0     0
     0     0     0     0     0     0     0     0     0     0     0     0
     0     0     0     1     0     0     0     0     0     0     0     0
     0     0     0     1     0     0     0     0     0     1     1     0
     0     0     1     1     1     1     0     0     0     0     0     0
     0     0     0     2     0     0     0     0     0     0     0     0
     1     1     4     2     0     0     0     0     0     0     0     0
     0     0     1     0     0     0     0     0     0     0     0     1
     0     1     3     2     0     0     0     0     0     0     1     1
     0     0     0     0     0     0     0     0     0     0     0     0
     0     0     1     2     1     0     0     0     0     0     0     1
     0     0     2     0     0     0     0     0     0     0     1     0
     1     1     6     5     1     0     0     1     0     1     2     1
     1     1     7     4     1     1     0     0     0     1     5     2
     9     5    17    11     2     1     0     1     0     0     4     5
    12    13    18    17     2     0     1     2     0     1     4     6
    17     7    14     9     0     0     0     1     0     6     3     8
    13    11    25    27     1     0     1     1     0     1     5     9
     8     2     7    12     2     0     0     1     1     2     3    14
     4     4    11     6     0     1     0     1     0     1     4     4
     3     1     8     4     0     0     0     0     0     1     2     5
     1     1     4     3     1     0     0     0     0     0     0     0
     0     1     1     2     0     0     0     1     0     0     0     0
     1     1     0     1     0     3     0     0     0     0     0     0
     0     0     1     0     1     1     0     1     1     1     0     0
     0     0     1     0     0     0     0     0     0     0     0     0
     0     0     0     0     0     0     0     0     0     0     0     0
     9
     0     0     0     0     0     0     0     0     0     0     0     0
     0     0     0     0     0     0     0     0     0     0     0     0
     0     0     0     0     0     0     0     0     0     0     0     0
     0     0     0     0     0     0     0     0     0     0     0     0
     0     0     0     0     0     0     0     0     0     0     0     0
     0     0     0     0     0     0     0     0     0     0     0     0
     0     0     0     0     0     0     0     0     0     0     0     0
     0     0     0     0     0     0     0     0     0     0     0     0
     0     0     0     0     0     0     0     0     0     0     0     0
     0     0     0     0     0     0     0     0     0     0     0     0
     0     0     0     0     0     0     0     0     0     0     0     0
     0     0     0     1     0     0     0     0     0     0     0     0
     0     0     0     0     0     0     0     0     0     0     0     0
     0     0     0     0     0     0     0     0     0     0     0     0
     0     0     0     0     0     0     0     0     0     0     0     0
     0     0     0     0     0     0     0     0     0     0     0     1
     0     0     0     1     0     0     0     0     0     0     0     0
     0     0     0     0     0     0     0     0     0     0     0     0
     0     0     1     0     0     0     0     0     0     0     0     0
     0     0     0     0     0     0     0     0     0     0     1     1
     0     0     0     0     0     0     0     0     0     0     0     0
     0     0     0     1     0     0     0     0     0     0     0     0
     1     0     2     1     0     0     0     0     0     0     1     0
     3     1     0     0     0     0     0     0     0     0     0     0
     0     1     3     0     0     0     0     0     0     0     1     3
     2     2     5     4     0     0     0     0     0     0     1     0
     3     0     2     3     1     0     0     0     0     0     0     1
     2     2     1     1     1     1     0     0     0     0     0     0
     1     2     0     2     0     0     0     0     0     0     0     1
     0     0     1     0     0     0     0     0     0     0     0     1
     1     0     0     0     0     0     0     0     0     0     0     0
     0     0     0     0     0     0     0     0     0     0     0     0
     0     0     0     0     0     0     0     0     0     0     0     0
     0     0     1     0     0     1     0     0     0     0     0     0
     0     0     0     0     0     0     0     0     0     0     0     0
     0     0     0     0     0     0     0     0     0     0     0     0
    10
     0     0     0     0     0     0     0     0     0     0     0     0
     0     0     0     0     0     0     0     0     0     0     0     0
     0     0     0     0     0     0     0     0     0     0     0     0
     0     0     0     0     0     0     0     0     0     0     0     0
     0     0     0     0     0     0     0     0     0     0     0     0
     0     0     0     0     0     0     0     0     0     0     0     0
     0     0     0     0     0     0     0     0     0     0     0     0
     0     0     0     0     0     0     0     0     0     0     0     0
     0     0     0     0     0     0     0     0     0     0     0     0
     0     0     0     0     0     0     0     0     0     0     0     0
     0     0     0     0     0     0     0     0     0     0     0     0
     0     0     0     0     0     0     0     0     0     0     0     0
     0     0     0     0     0     0     0     0     0     0     0     0
     0     0     0     0     0     0     0     0     0     0     0     0
     0     0     0     0     0     0     0     0     0     0     0     0
     0     0     0     0     0     0     0     0     0     0     0     0
     0     0     0     0     0     0     0     0     0     0     0     0
     0     0     1     0     0     0     0     0     0     0     0     0
     0     0     0     0     0     0     0     0     0     0     1     0
     0     0     0     0     0     0     0     0     0     0     0     0
     0     0     0     0     0     0     0     0     0     0     0     0
     0     0     0     1     0     0     0     0     0     0     0     0
     0     0     0     0     0     0     0     0     0     0     0     0
     1     0     0     1     0     0     0     0     0     0     1     0
     0     0     1     2     0     0     0     0     0     0     0     2
     3     0     0     0     0     0     0     0     0     0     0     1
     0     0     2     2     0     0     0     0     0     0     0     0
     1     0     1     0     0     0     0     0     0     0     2     1
     0     0     0     1     0     1     0     0     0     0     2     0
     0     1     0     0     0     0     0     0     0     0     0     0
     0     0     0     0     0     0     0     0     0     0     0     0
     0     0     0     0     0     0     0     0     0     0     0     0
     0     0     0     0     0     0     0     0     0     0     0     0
     0     0     0     0     0     0     0     0     0     0     0     0
     0     0     0     0     0     0     0     0     0     0     0     0
     0     0     1     0     0     0     0     0     0     0     0     0
    11
     0     0     0     0     0     0     0     0     0     0     0     0
     0     0     0     0     0     0     0     0     0     0     0     0
     0     0     0     0     0     0     0     0     0     0     0     0
     0     0     0     0     0     0     0     0     0     0     0     0
     0     0     0     0     0     0     0     0     0     0     0     0
     0     0     0     0     0     0     0     0     0     0     0     0
     0     0     0     0     0     0     0     0     0     0     0     0
     0     0     0     0     0     0     0     0     0     0     0     0
     0     0     0     0     0     0     0     0     0     0     0     0
     0     0     0     0     0     0     0     0     0     0     0     0
     0     0     0     0     0     0     0     0     0     0     0     0
     0     0     0     0     0     0     0     0     0     0     0     0
     0     0     0     0     0     0     0     0     0     0     0     0
     0     0     0     0     0     0     0     0     0     0     0     0
     0     0     0     0     0     0     0     0     0     0     0     0
     0     0     0     0     0     0     0     0     0     0     0     0
     0     0     0     0     0     0     0     0     0     0     0     1
     0     0     0     0     0     0     0     0     0     0     0     0
     0     0     0     0     0     0     0     0     0     0     0     0
     0     0     0     0     0     0     0     0     0     0     0     0
     0     0     0     0     0     0     0     0     0     0     0     0
     0     1     0     0     0     0     0     0     0     0     0     0
     1     0     0     0     0     0     0     0     0     0     0     0
     0     2     2     4     0     0     0     0     0     0     0     1
     1     0     0     1     0     0     0     0     0     0     0     0
     1     0     1     0     0     0     0     0     0     0     0     1
     0     0     0     3     0     0     0     0     0     0     0     1
     0     0     1     0     0     0     0     0     0     0     0     0
     1     0     2     0     0     0     0     0     0     0     0     0
     1     0     1     0     0     0     0     0     0     0     0     1
     0     0     0     0     0     0     0     0     0     0     0     0
     1     0     0     0     0     0     0     0     0     0     0     0
     0     0     0     0     0     0     0     0     0     0     0     0
     0     0     0     0     0     0     0     0     0     0     0     0
     0     0     0     0     0     0     0     0     0     0     0     0
     0     0     0     0     0     0     0     0     0     0     0     0
    12
     0     0     0     0     0     0     0     0     0     0     0     0
     0     0     0     0     0     0     0     0     0     0     0     0
     0     0     0     0     0     0     0     0     0     0     0     0
     0     0     0     0     0     0     0     0     0     0     0     0
     0     0     0     0     0     0     0     0     0     0     0     0
     0     0     0     0     0     0     0     0     0     0     0     0
     0     0     0     0     0     0     0     0     0     0     0     0
     0     0     0     0     0     0     0     0     0     0     0     0
     0     0     0     0     0     0     0     0     0     0     0     0
     0     0     0     0     0     0     0     0     0     0     0     0
     0     0     0     0     0     0     0     0     0     0     0     0
     0     0     0     0     0     0     0     0     0     0     0     0
     0     0     0     0     0     0     0     0     0     0     0     0
     0     0     0     0     0     0     0     0     0     0     0     0
     0     0     1     0     0     0     0     0     0     0     0     0
     0     0     0     0     0     0     0     0     0     0     0     0
     0     0     0     0     0     0     0     0     0     0     0     0
     0     0     0     0     0     0     0     0     0     0     0     0
     0     0     0     0     0     0     0     0     0     0     0     0
     0     0     0     0     0     0     0     0     0     0     0     0
     0     0     0     0     0     0     0     0     0     0     0     0
     0     0     0     0     0     0     0     0     0     0     0     0
     0     0     0     0     0     0     0     0     0     0     0     0
     0     0     0     1     0     0     0     0     0     0     0     0
     0     0     0     0     0     0     0     0     0     0     0     0
     2     0     0     0     0     0     0     0     0     0     0     0
     2     0     0     0     0     0     0     0     0     0     0     0
     0     1     0     0     0     0     0     0     0     0     0     0
     0     0     0     0     0     0     0     0     0     0     0     0
     0     0     0     0     0     0     0     0     0     0     0     0
     0     0     0     0     0     0     1     0     0     0     0     0
     0     0     0     0     0     0     0     0     0     0     0     0
     0     0     0     0     0     1     0     0     0     0     0     0
     0     0     0     0     0     0     0     0     0     0     0     0
     0     0     0     0     0     0     0     0     0     0     0     0
     0     0     0     0     0     0     0     0     0     0     0     0
    13
     0     0     0     0     0     0     0     0     0     0     0     0
     0     0     0     0     0     0     0     0     0     0     0     0
     0     0     0     0     0     0     0     0     0     0     0     0
     0     0     0     0     0     0     0     0     0     0     0     0
     0     0     0     0     0     0     0     0     0     0     0     0
     0     0     0     0     0     0     0     0     0     0     0     0
     0     0     0     0     0     0     0     0     0     0     0     0
     0     0     0     0     0     0     0     0     0     0     0     0
     0     0     0     0     0     0     0     0     0     0     0     0
     0     0     0     0     0     0     0     0     0     0     0     0
     0     0     0     0     0     0     0     0     0     0     0     0
     0     0     0     0     0     0     0     0     0     0     0     0
     0     0     0     0     0     0     0     0     0     0     0     0
     0     0     0     0     0     0     0     0     0     0     0     0
     0     0     0     0     0     0     0     0     0     0     0     0
     0     0     0     0     0     0     0     0     0     0     0     0
     0     0     0     0     0     0     0     0     0     0     0     0
     0     0     0     0     0     0     0     0     0     0     0     0
     0     0     0     0     0     0     0     0     0     0     0     0
     0     0     0     0     0     0     0     0     0     0     0     0
     0     0     0     0     0     0     0     0     0     0     0     0
     0     0     0     0     0     0     0     0     0     0     0     0
     0     0     0     0     0     0     0     0     0     0     0     0
     0     0     0     0     0     0     0     0     0     0     0     0
     0     0     0     0     0     0     0     0     0     0     0     0
     0     0     0     0     0     0     0     0     0     0     0     0
     0     0     0     0     0     0     0     0     0     0     0     0
     1     0     0     0     0     0     0     0     0     0     0     0
     0     0     0     0     0     0     0     0     0     0     0     0
     0     0     0     0     0     0     0     0     0     0     0     0
     0     0     0     0     0     0     0     0     0     0     0     0
     0     0     0     0     0     0     0     0     0     0     0     0
     0     0     0     0     0     0     0     0     0     0     0     0
     0     0     0     0     0     0     0     0     0     0     0     0
     0     0     0     0     0     0     0     0     0     0     0     0
     0     0     0     0     0     0     0     0     0     0     0     0
    14
     0     0     0     0     0     0     0     0     0     0     0     0
     0     0     0     0     0     0     0     0     0     0     0     0
     0     0     0     0     0     0     0     0     0     0     0     0
     0     0     0     0     0     0     0     0     0     0     0     0
     0     0     0     0     0     0     0     0     0     0     0     0
     0     0     0     0     0     0     0     0     0     0     0     0
     0     0     0     0     0     0     0     0     0     0     0     0
     0     0     0     0     0     0     0     0     0     0     0     0
     0     0     0     0     0     0     0     0     0     0     0     0
     0     0     0     0     0     0     0     0     0     0     0     0
     0     0     0     0     0     0     0     0     0     0     0     0
     0     0     0     0     0     0     0     0     0     0     0     0
     0     0     0     0     0     0     0     0     0     0     0     0
     0     0     0     0     0     0     0     0     0     0     0     0
     0     0     0     0     0     0     0     0     0     0     0     0
     0     0     0     0     0     0     0     0     0     0     0     0
     0     0     0     0     0     0     0     0     0     0     0     0
     0     0     0     0     0     0     0     0     0     0     0     0
     0     0     0     0     0     0     0     0     0     0     0     0
     0     0     0     0     0     0     0     0     0     0     0     0
     0     0     0     0     0     0     0     0     0     0     0     0
     0     0     0     0     0     0     0     0     0     0     0     0
     0     0     0     0     0     0     0     0     0     0     0     0
     0     0     0     0     0     0     0     0     0     0     0     0
     0     0     0     0     0     0     0     0     0     0     0     0
     0     0     0     0     0     0     0     0     0     0     0     0
     1     0     0     0     0     0     0     0     0     0     0     0
     0     0     0     0     0     0     0     0     0     0     0     0
     0     0     0     0     0     0     0     0     0     0     0     0
     0     0     0     0     0     0     0     0     0     0     0     0
     0     0     0     0     0     0     0     0     0     0     0     0
     0     0     0     0     0     0     0     0     0     0     0     0
     0     0     0     0     0     0     0     0     0     0     0     0
     0     0     0     0     0     0     0     0     0     0     0     0
     0     0     0     0     0     0     0     0     0     0     0     0
     0     0     0     0     0     0     0     0     0     0     0     0
    15
     0     0     0     0     0     0     0     0     0     0     0     0
     0     0     0     0     0     0     0     0     0     0     0     0
     0     0     0     0     0     0     0     0     0     0     0     0
     0     0     0     0     0     0     0     0     0     0     0     0
     0     0     0     0     0     0     0     0     0     0     0     0
     0     0     0     0     0     0     0     0     0     0     0     0
     0     0     0     0     0     0     0     0     0     0     0     0
     0     0     0     0     0     0     0     0     0     0     0     0
     0     0     0     0     0     0     0     0     0     0     0     0
     0     0     0     0     0     0     0     0     0     0     0     0
     0     0     0     0     0     0     0     0     0     0     0     0
     0     0     0     0     0     0     0     0     0     0     0     0
     0     0     0     0     0     0     0     0     0     0     0     0
     0     0     0     0     0     0     0     0     0     0     0     0
     0     0     0     0     0     0     0     0     0     0     0     0
     0     0     0     0     0     0     0     0     0     0     0     0
     0     0     0     0     0     0     0     0     0     0     0     0
     0     0     0     0     0     0     0     0     0     0     0     0
     0     0     0     0     0     0     0     0     0     0     0     0
     0     0     0     0     0     0     0     0     0     0     0     0
     0     0     0     0     0     0     0     0     0     0     0     0
     0     0     0     0     0     0     0     0     0     0     0     0
     0     0     0     0     0     0     0     0     0     0     0     0
     0     0     0     0     0     0     0     0     0     0     0     0
     0     0     0     0     0     0     0     0     0     0     0     0
     0     0     0     0     0     0     0     0     0     0     0     0
     0     0     0     0     0     0     0     0     0     0     0     0
     0     0     0     0     0     0     0     0     0     0     0     0
     0     0     0     0     0     0     0     0     0     0     0     0
     0     0     0     0     0     0     0     0     0     0     0     0
     0     0     0     0     0     0     0     0     0     0     0     0
     0     0     0     0     0     0     0     0     0     0     0     0
     0     0     0     0     0     0     0     0     0     0     0     0
     0     0     0     0     0     0     0     0     0     0     0     0
     0     0     0     0     0     0     0     0     0     0     0     0
     0     0     0     0     0     0     0     0     0     0     0     0
    16
     0     0     0     0     0     0     0     0     0     0     0     0
     0     0     0     0     0     0     0     0     0     0     0     0
     0     0     0     0     0     0     0     0     0     0     0     0
     0     0     0     0     0     0     0     0     0     0     0     0
     0     0     0     0     0     0     0     0     0     0     0     0
     0     0     0     0     0     0     0     0     0     0     0     0
     0     0     0     0     0     0     0     0     0     0     0     0
     0     0     0     0     0     0     0     0     0     0     0     0
     0     0     0     0     0     0     0     0     0     0     0     0
     0     0     0     0     0     0     0     0     0     0     0     0
     0     0     0     0     0     0     0     0     0     0     0     0
     0     0     0     0     0     0     0     0     0     0     0     0
     0     0     0     0     0     0     0     0     0     0     0     0
     0     0     0     0     0     0     0     0     0     0     0     0
     0     0     0     0     0     0     0     0     0     0     0     0
     0     0     0     0     0     0     0     0     0     0     0     0
     0     0     0     0     0     0     0     0     0     0     0     0
     0     0     0     0     0     0     0     0     0     0     0     0
     0     0     0     0     0     0     0     0     0     0     0     0
     0     0     0     0     0     0     0     0     0     0     0     0
     0     0     0     0     0     0     0     0     0     0     0     0
     0     0     0     0     0     0     0     0     0     0     0     0
     0     0     0     0     0     0     0     0     0     0     0     0
     0     0     0     0     0     0     0     0     0     0     0     1
     0     0     0     0     0     0     0     0     0     0     0     0
     0     0     0     0     0     0     0     0     0     0     0     0
     0     0     0     0     0     0     0     0     0     0     0     0
     0     0     0     0     0     0     0     0     0     0     0     0
     0     0     0     0     0     0     0     0     0     0     0     0
     0     0     0     0     0     0     0     0     0     0     0     0
     0     0     0     0     0     0     0     0     0     0     0     0
     0     0     0     0     0     0     0     0     0     0     0     0
     0     0     0     0     0     0     0     0     0     0     0     0
     0     0     0     0     0     0     0     0     0     0     0     0
     0     0     0     0     0     0     0     0     0     0     0     0
     0     0     0     0     0     0     0     0     0     0     0     0
