20
Fort Worth, TX 03927
     0
       2.700       5.500      11.100      16.700      21.100      25.000
      27.700      27.700      23.800      17.700      10.600       4.400
       8.300      10.600      16.100      21.100      24.300      28.800
      31.700      31.700      27.700      22.200      15.600       9.300
      13.800      16.700      20.600      25.000      27.700      32.200
      34.400      35.000      31.100      26.100      20.600      15.000
      41.000      41.000      39.000      41.000      49.000      47.000
      40.000      38.000      41.000      40.000      42.000      43.000
      59.000      59.000      57.000      58.000      63.000      58.000
      51.000      49.000      54.000      56.000      59.000      61.000
      79.000      79.000      75.000      76.000      79.000      74.000
      67.000      65.000      71.000      76.000      79.000      80.000
       2.700       2.700       3.100       3.100       2.700       2.700
       2.400       2.400       2.400       2.400       2.700       2.700
       4.000       4.400       4.800       4.800       4.000       4.000
       3.500       3.100       3.500       3.500       4.000       4.000
       5.500       5.900       6.300       5.900       5.500       4.800
       4.400       4.400       4.800       5.200       5.500       5.500
     350.000     350.000     170.000     170.000     170.000     170.000
     180.000     170.000     170.000     170.000     180.000     350.000
     1
       8.248      10.898      15.718      20.611      24.306      28.416
      30.973      31.154      27.262      21.900      15.614       9.569
      59.618      59.679      57.330      58.427      63.613      60.471
      54.008      52.233      56.485      57.745      59.963      61.277
     2
    17    15    16    12    17    13    12    15    12    16    19    14
    19    19    18    23    24    21    21    22    21    25    23    25
    22     9    10    12    16    21    20    16    23    21    19    23
    12    12    16     8    23    16    25    21    13    21    16    25
    13    14    15    12    21    24    28    14    23    18    27    22
    10    19    18    12    12    25    13    20    22    27     9    25
    24    19    14    13    24    28    41    34    31    36    24    25
    11    15    11    14    14    21    21    22    23    15    14    16
    20    12    21    17    23    36    37    53    52    31    16    33
    12     4     9    16    25    19    18    22    23    16    11    14
    20    15    17    14    28    40    31    41    37    49    26    22
    10    11     9    26    25    48    27    60    18    35    17    18
     9    15    16    12    34    33    37    36    43    43    22     9
    20    27    18    11    36    47    48    59    39    41    26    24
    11    11     8    15    23    30    23    33    31    25    20    21
    25    15    13    13    26    19    36    46    37    33    19    26
     6    15     9    14    27    27    36    28    20    17     9    18
    42    25    15    23    33    32    62    63    32    41    38    29
    15    17     6     9    18    21    31    35    19    15    22    19
    18    15    12     9    29    25    41    38    20    34    22    20
    16    12    10     6    11    17    29    15     8    19    10     7
    11     7     6     9    11    13    17    20    14    10    11    13
    18    15     9     5     9    16    16    30    20    14    14    13
     2     9     6     9     7    10    14    15     7    20    10     9
    20    19    12    15    11    16    22    17     4    19    15    18
     5     4     2     3     3    14     6    11     5     2     8     7
     9     6     5     7    11    11    11    22    12    17     9    12
     4     5     3     3     6     5     2     3     3     8     7     3
    10     2     7     9     9     9     9     6     4    11     9     8
     4     7     6     4     8     9     2    12     2     7     8     8
    11     5    10     2     5     4     2    13     7     7    11     9
    18    15    15     8     6     9    12    13     9    17     9     9
    11     6     6     7     6     7     9     9    10    13     8    11
    14    10    10    10    19     9     7    10    16    16    19    26
    19     6    11     8     8    22    10    10    16     7    14    16
    32    22    22    30    25    17    18    30    33    33    34    40
     3
    59    34    39    27    47    39    41    37    48    53    49    38
    56    38    49    36    42    49    42    59    78    64    74    62
    44    34    41    37    43    36    24    40    50    44    28    47
    42    47    28    24    49    58    44    42    42    49    16    33
    51    35    48    50    46    66    45    53    82    42    39    44
    25    31    39    23    35    40    43    44    52    38    21    28
    33    30    28    51    42    43    55    78    99    51    33    33
    16    21    18    29    39    37    44    43    46    25    17    24
    42    47    47    45    69    70    84   103   111    63    53    39
    18    20    26    24    41    39    38    67    53    40    18    21
    40    27    48    46    88   109    88   135    96    38    33    40
    28    35    42    44    87    94    93   115    94    61    50    26
    21    40    43    48    93    91    90   116    87    65    49    39
    43    49    39    65   126   126   123   156   137   106    74    71
    38    36    37    38    83   109    95   115    79    88    53    62
    64    70    45    36    99   147   176   182   107   143    70    96
    53    52    26    47    75   113   139   128    80    74    65    58
    82    63    76    73   122   170   280   261   133   124   111   118
    58    42    37    23    52   102   165   155    77    53    72    53
    59    40    46    44    54   117   196   186    73    86    59    72
    40    19    26    23    42    52   100    95    38    41    24    39
    28    24    13    19    27    49    73    79    38    40    33    29
    45    24    20    22    22    48    92    89    46    47    34    19
    22    10    14    16    10    32    40    41    24    14    22    22
    37    26    15    19    20    43    54    38    18    28    28    35
    11    11    10    14    17     9    15    21     9     9    23    17
    34    17    22     9    18    26    29    16    15    20    29    30
     8     6     3     3     4     8    11    10     5     8     7    16
    20    20    16    14    10    12    13    18    10    18    16    29
    16    11    10    16    13     7    15    21     8    11    15    22
    25    18    19    16    22     7     9    14    13    16    27    24
    41    32    27    26    35    16    18    18    22    32    51    39
    31    33    27    29    38    12    24    15    23    21    34    39
    51    41    34    26    47    40    29    29    38    42    62    53
    56    33    33    30    49    22    23    19    36    50    51    41
    94    72    55    41    73    55    52    57    85    83    69    85
     4
    34    30    27    19    35    23     8    23    47    48    30    29
    48    59    35    50    42    39    13    36    67    42    39    36
    36    38    28    30    34    26    15    13    28    35    14    24
    22    28    21    16    36    14    18    12    26    28    14    15
    25    29    29    36    32    34    25    25    43    21    13    22
    18     9    18    24    19    20    18    26    33    17    10    18
    13    17    17    25    30    28    21    44    44    20    13    25
    11    11    10    21    15    14    19    24    25    10     9     3
    13    25    34    44    48    35    51    60    56    26    15    14
     9     5    16    22    22    19    19    29    26    14     5     7
    21    33    28    25    53    71    72    85    66    28    16    20
    12    19    40    37    59    47    64    59    44    29     8    19
    21    17    41    52    61    48    50    72    57    27    28    26
    30    42    54    52   115   105    86    97    79    68    43    31
    32    19    38    50    78    77    81    70    65    56    45    31
    60    62    46    68   114   142   152   149    90   109    84    69
    43    37    53    53    99   103   138   138    75    80    59    42
    86    68    60   102   126   155   250   194   132   111    81    85
    36    37    36    36    61    95   155   128    69    52    41    38
    45    27    31    29    63    90   186   165    55    59    32    44
    21     8    15    19    23    71   102    74    23    34    25    28
    22    16    20    22    18    35    78    59    28    14    20    21
    25    17    13     9    17    36    71    67    17    28    14    18
    16    11     7    13     7    14    25    33    10     4    10    11
    16    22    14    16     9    12    33    23     4    13    14    12
     9     7    11     6     7     5     6     8     7     2    10     9
    25    14    20     7     9    15    16    10     6    11    14     8
    10     5     6     7     3     5     3     5     0     3     5     7
    12    18    14    15    15     6     4     4     0     7    13    14
    20     8    11     5     8     1     5     3     2     7     8    12
    30    16    25     9    22     3     6     3     3    12    13    22
    43    27    24    35    18    13     1     6    13    23    27    29
    33    27    24     9    19    10     8     9     7    22    25    35
    41    28    39    32    33    22    15    10    37    34    37    43
    33    33    32    23    24    17    24     9    32    35    40    31
    59    54    53    37    53    35    17    28    56    73    58    68
     5
    61    65    45    37    50    36    20    20    54    46    41    52
    67    72    77    65    66    55    26    42    80    61    61    81
    30    42    35    36    23    38    19    18    43    34    21    26
    27    28    28    32    32    35    18    18    23    23    18    19
    17    31    35    33    35    46    17    22    56    28    18    35
     6    19    13    16    18    23    16    20    25    10     6     8
    16    20    28    36    31    41    32    33    38    21     8    18
    10     9    10    17    11    15    13    20    14     6     8     1
    23    17    31    42    35    41    43    59    44    27    15     5
    11    13    12    23    22    16    17    26    17     6     5     1
    10    29    51    36    58    74    54    80    69    21    16    24
    12    12    33    45    57    40    38    41    26    18     7     9
    20    24    40    54    69    48    47    60    25    37    11    13
    48    45    82   104   123   114   100   105    66    76    45    36
    41    43    63    88   110   100    84    80    68    55    49    32
    59    78    91   149   228   262   235   145   110   150   107    76
    84    62    90   143   190   179   174   154   108   115   106    61
   164   137   156   225   279   338   355   313   216   238   197   154
    72    65    71    89   135   213   195   180   116   112    81    77
    69    63    74    78   122   191   314   231   107   123    83    67
    39    21    31    36    46    93   143   102    50    45    36    39
    21    29    32    33    32    56    82    80    29    24    24    21
    29    27    21    24    25    49    97    46    27    15    23    20
    16    15    16     9     7    15    23    22     8     6    13    17
    18    21    20    30    13    15    42    22     7    12    22    13
     6    14    13     9     9     4     2     6     4     3    11     6
    15    23    11    29     8    14     8     9     2     5    15     8
    11    10    12    12     9     7     2     1     0     5     6     9
    22    23    16    13    17     8     4     4     2    13    22    24
    17    17    22    21    20     7     4     1     5     5    23    30
    29    27    22    30    22     5     4     7     6    16    25    29
    51    47    41    31    35     6     9     8    13    30    35    51
    61    43    33    24    33    19     7     5     9    27    36    43
    77    79    70    49    46    26    14    11    32    56    80    94
    83    64    51    31    44    25    22    13    30    53    61    78
   120   119    88    89    80    42    27    38    97    81    87   142
     6
    47    43    38    37    12    16     6     7    42    28    30    48
    46    49    62    57    33    25    16    19    66    37    38    59
    19    18    25    23    13    14     7     9    25    16    17    17
    15     7    17    11     5    10     3    10    14     7     3     9
     8     9    14    20    17    13     4     8     9    13     8    13
     2     4     4    10     8     3     8     5     9     9     2     3
     3     1    14    19     8     6    14    12    21     5     2     2
     2     3     5     6     5     5     2     6     6     2     1     0
    10     5     9    11    15    15     5    22    16     3     4     3
     0     1     4     7    12     4    11     6     1     0     0     0
     6    18    21    22    24    26    13    19    16     7     5     6
     1     5    10    20    22     6     6    15     5     5     3     2
     7     9    21    21    26     7    11     7     5    10     4     5
    14    32    60    64   100    61    30    23    11    25    16    14
    18    19    42    49    54    33    29    23    29    32    19    13
    32    37    70   127   192   149    93    57    37    89    70    30
    55    55    97   171   210   137    96    83    70   100    80    46
   135   124   217   288   333   281   223   147   162   211   184   128
    83    65    84   119   112   161   121   107    87   110    84    78
    58    64    57    79   103   139   160   130    81    99    87    72
    29    17    28    37    29    49    61    33    40    34    28    25
    21    14    28    12    17    28    25    21    14    14    19    22
    15    16    23    18    11    24    43    20     9     8    10     9
    11    18    13    12     5     5     3     1     3     3     3     5
     9     9    21    14     2     1     7     7     0     5    14    11
     8     6    10    10     2     0     1     0     0     1    10     3
    18    17    19    16    10     2     3     4     3     3    12     5
     8    18     8    11     4     1     2     0     0     2     9     8
    19    19    26    25    14     3     0     2     1    10    19    21
    18    16    16    30    13     3     1     1     1     5    18    18
    21    35    23    41    20     4     1     1     7    11    31    20
    46    49    53    55    31    12     1     4    12    28    36    47
    48    54    53    33    26     8     0     3    14    23    35    47
    74    71    65    41    43     9     8     7    25    55    66    88
    54    63    62    29    22    12    10     3    25    47    49    65
    88   101    91    59    44    31    15    14    71    65    79    96
     7
    22    18    20    10     9     4     1     0    18    14    12    14
    25    21    21    15     9     4     2     2    20    18    18    21
     8     1     3     7     4     2     2     1     4     3     6     3
     0     3     1     2     2     2     2     0     1     0     1     2
     3     5     5     7     5     6     1     2     1     1     3     2
     0     0     0     4     0     1     2     1     0     0     1     0
     0     2     3     6     3     2     2     5     4     1     0     3
     0     0     0     3     0     0     1     2     1     0     1     0
     0     5     1     5     2     5     1     5     6     0     0     3
     0     0     1     1     2     0     0     0     0     0     0     1
     1    13     2     5    12     7     1     7     6     1     1     1
     0     4     1     4     5     0     2     3     1     0     1     0
     0     2     7     5     4     1     1     0     1     1     1     0
     5     9    16    23    32    21     1     4     4     0     3     3
     4     7     9    28    16    10    11     1     6     4     5     5
    14    27    58    61    79    38    19     6    26    17    21     7
    25    17    65    85    83    73    28    17    17    31    18    13
    61    79   144   147   169   134    85    29    49    83    88    66
    40    34    61    54    56    69    36    26    40    52    53    36
    32    34    55    48    59    60    40    27    34    48    30    39
    10    11    12    25    11    17    17     6     5    12    13     8
     5     8     5     4     5     8     8     1     5     3    11    13
     7    11     8     9     6     7     5     3     2     1     5    11
     8     3     6     2     1     0     0     0     0     1     0     2
     5     4    12     2     1     0     0     1     0     2     2     3
     0     6     6     2     4     0     0     0     0     0     4     1
     3     6    12     4     5     0     0     1     0     2     5     3
     4    11     9     6     2     0     0     0     3     3     6     2
     9    12    16     6    11     0     1     1     1     2     9     9
    10     7     4     6     5     0     0     0     1     3     8     8
    10    20    13    27     5     1     0     0     3     2    12    16
    14    24    29    16     9     1     1     2     2     7    20    23
    14    28    37    27    13     2     0     1     6     8    25    21
    38    48    50    35    18     6     1     1    10    16    42    63
    19    36    36    21     7     4     6     1    10    18    19    38
    42    45    50    39    14     6     2     3    26    33    33    42
     8
    17    11    10    20     4     3     1     1     6     6    10    23
    18    21    20    21    11     2     3     2    13    17     7    18
     5     3     2     4     2     0     0     0     1     1     1     2
     3     4     4     2     2     0     0     2     1     0     0     1
     0     3     2     4     2     2     1     1     6     5     1     0
     0     0     0     0     0     1     0     1     1     0     0     1
     1     0     5     6     3     1     3     3     7     1     0     2
     0     0     0     0     0     0     0     0     0     0     0     0
     0     1     0     7     3     2     3     2     6     0     0     1
     0     0     1     0     1     0     1     0     0     0     0     0
     2     5     4    10     5     6     3     1     4     0     0     1
     0     1     2     1     2     2     0     1     0     0     0     0
     0     0     2     2     3     3     0     0     0     0     0     0
     2     6    11    27    23     7     5     0     3     0     2     0
     1     7    11    12     8     5     3     1     2     2     2     2
     7    17    35    45    63    32     4     6     8     9    13     5
    19    38    55    64    59    38    10     2     9    22    14    16
    62    65   211   198   199    82    55    15    55    75    94    70
    48    44    89    57    59    60    46     8    36    37    60    33
    28    32    58    64    64    30    34     8    43    33    37    34
     9    15    17    13    14    10     6     5     2     7    14    10
     9     9     9     3     4     1     2     0     1     5     5     6
    11    16    10     6     6     1     7     0     3     1     3     8
     2     3     6     0     0     2     0     0     0     0     2     0
     4     4    15     2     3     2     0     1     1     2     0     2
     3     1     4     2     0     0     0     0     0     0     2     0
     5     8    15     2     1     1     1     1     0     1     1     3
     5     8     8     4     3     0     0     0     1     0     4     2
    11     6    23    11     3     1     1     3     0     2     4    11
     6     8    11    11     2     0     0     0     0     2    11     9
    14    22    18    19     6     2     1     0     0     1    16    13
    42    40    41    37     8     1     0     1     3    10    34    22
    22    26    35    29     7     1     1     0     0     6    18    20
    53    44    57    41     9     0     3     1     7    23    35    74
    34    36    32    14     2     2     2     0     8    20    20    36
    59    37    44    27    14     3     2     2    17    28    36    59
     9
     9     3     1     5     0     1     0     0     1     6     1     5
    10     8     2    12     3     0     0     1     1     3     2     1
     0     1     1     1     0     0     0     0     0     0     0     0
     0     0     0     0     0     0     0     0     0     0     0     1
     1     1     0     0     2     0     0     0     1     2     1     0
     0     0     0     0     0     0     0     0     0     0     0     0
     0     0     0     2     0     2     0     1     4     0     0     0
     0     0     0     0     0     0     0     0     0     0     0     0
     0     0     3     2     1     0     3     2     0     0     0     0
     0     0     0     0     0     1     0     0     0     0     0     0
     0     0     0     2     1     2     0     0     1     0     1     0
     0     0     0     0     0     0     0     0     0     0     0     0
     0     0     1     0     0     0     0     1     0     0     0     0
     0     0     1     5     3     2     2     0     0     0     0     0
     0     1     2     3     3     1     0     0     0     0     1     0
     1     3     9     6    16     4     0     0     2     3     0     1
     3     7    13    13    12     9     3     0     2     4     4     4
    13    25    62    56    58    22    11     2    14    19    21    17
    16    14    23    17    13    17    10     3     9    10    26    14
     8    10    23    21    22     4     4     2    15    10    10     4
     2     2     5     3     2     0     1     0     1     2     4     1
     1     1     4     1     0     0     0     0     0     0     0     0
     2     5     5     0     0     0     1     0     1     0     0     2
     1     0     1     0     1     0     0     0     0     0     1     0
     0     1     2     1     0     0     0     0     0     0     0     3
     0     0     1     0     0     0     0     0     0     0     2     0
     2     6     5     1     0     0     0     0     0     1     1     1
     2     2     5     0     0     0     0     0     0     0     0     0
     6     6     4     4     1     0     0     0     0     1     4     3
     0     0     4     4     0     1     0     0     0     0     0     1
     7     6     8     5     2     0     0     0     0     0     2     3
     7    17    16    12     0     0     0     0     2     0    13     4
     9    10    20     7     0     0     0     0     0     1    11     7
    21    18    24     9     1     0     1     0     4     2     9    15
    12     8    17     8     3     1     0     0     1    11    11    10
    25    11     8    11     4     0     0     1     4     7     7    10
    10
     7     1     0     1     0     0     0     0     0     3     0     1
     7     3     3     5     1     0     0     0     0     0     2     2
     0     0     0     0     0     0     0     0     0     0     0     0
     0     0     0     0     0     0     0     0     0     0     0     0
     0     1     0     1     0     0     0     0     0     1     0     0
     0     0     0     0     0     0     0     0     0     0     0     0
     0     0     0     1     0     0     0     0     0     0     0     0
     0     0     0     0     1     0     0     0     0     0     0     0
     0     0     0     0     0     0     0     0     1     0     0     0
     0     0     0     0     0     0     0     0     0     0     0     0
     0     0     0     1     2     0     0     0     1     0     0     0
     0     0     0     1     0     0     0     0     0     0     0     0
     0     0     0     0     0     0     0     0     0     0     0     0
     0     1     1     2     4     0     0     0     0     0     0     0
     0     1     2     0     0     0     0     1     0     0     0     0
     0     2     4     2     4     1     0     0     1     2     1     1
     0     4     9     5     2     2     0     2     2     1     0     8
    11    10    42    33    34     7     3     1     6    10    10    15
     6     7    16    11     6     4     3     0     3     1    17     5
     9     4    12    16     7     2     1     0     7     2     4     2
     1     2     2     0     2     3     0     0     0     1     0     0
     0     1     1     1     0     0     0     0     0     0     0     0
     1     1     0     0     0     0     0     0     0     0     0     4
     0     0     0     0     0     0     0     0     0     0     0     0
     0     0     1     2     0     0     0     0     0     0     0     0
     0     0     1     1     0     0     0     0     0     0     1     0
     1     4     1     0     0     0     0     0     0     0     1     1
     0     0     2     1     0     0     0     0     0     0     1     2
     3     2     4     5     0     0     0     0     0     0     4     1
     0     1     4     2     0     0     0     0     0     0     1     2
     2     4     5     1     0     0     0     0     1     0     2     1
     8     5    17     4     0     1     0     1     0     0     5     6
     5     6    11     6     1     0     0     0     0     0     5     5
    12     7    11     4     0     0     0     1     0     0     9    11
     3     4     1     5     0     0     0     0     3     1     3     5
     9    10     3     2     4     0     0     0     1     3     6     6
    11
     3     0     0     1     0     0     0     0     0     1     1     1
     3     2     1     4     0     0     0     0     0     1     1     3
     0     0     0     1     0     0     0     0     0     0     0     0
     0     0     0     1     0     0     0     0     0     0     0     0
     0     0     0     0     1     0     0     0     1     1     0     0
     0     0     0     0     1     1     0     0     0     0     0     0
     0     0     0     0     0     0     0     0     1     0     0     0
     0     0     0     0     0     0     0     0     0     0     0     0
     0     0     2     0     0     0     1     0     1     0     0     0
     0     0     0     0     1     0     0     0     0     0     0     0
     0     0     1     0     0     0     0     0     0     0     1     0
     0     0     0     0     0     0     0     0     0     0     0     0
     0     0     0     0     0     0     0     0     0     0     0     0
     0     0     2     0     1     0     0     0     0     0     0     0
     0     0     0     0     0     0     0     0     0     0     0     0
     0     0     5     3     2     1     0     0     0     0     0     0
     0     2     2     3     1     3     0     0     0     1     0     1
     6     4    30    27    12     3     1     0     4     5     5     5
     4     3     9     7     2     4     1     2     1     4     8     0
     4     1    14     7     0     1     0     0     2     3     3     0
     0     0     2     1     0     0     0     0     0     0     1     0
     0     0     1     0     0     0     0     0     0     0     0     0
     0     2     4     0     0     0     0     0     0     0     0     1
     0     0     1     0     0     0     0     0     0     0     0     0
     0     0     4     3     0     0     0     0     0     0     0     0
     0     0     2     1     0     0     0     0     0     0     0     0
     0     1     3     2     0     0     0     0     0     0     1     1
     0     1     2     1     0     0     0     0     0     0     0     0
     0     1     3     2     0     0     1     0     2     0     0     0
     0     0     3     2     0     0     0     0     0     0     0     1
     3     1     5     1     1     0     0     0     0     0     3     1
    12    10     9     6     0     0     0     0     1     0     5     3
     3     5     8     0     0     0     0     0     1     0     5     0
     4     8     9     7     0     0     0     0     1     0     2     2
     6     1     1     4     0     0     0     0     0     1     2     2
     8     7     0     3     1     0     1     0     0     1     2     1
    12
     0     1     2     0     0     0     0     0     0     0     0     0
     1     1     1     1     0     0     0     0     0     0     0     0
     0     0     0     0     0     0     0     0     0     0     0     0
     0     0     0     0     0     0     0     0     0     0     0     0
     0     0     0     0     0     0     0     0     0     0     0     0
     0     0     0     0     0     0     0     0     0     0     0     0
     0     0     0     0     0     0     0     0     1     0     0     0
     0     0     0     0     0     0     0     0     0     0     0     0
     0     0     0     0     0     0     0     1     2     0     0     0
     0     0     0     0     0     0     0     0     0     0     0     0
     0     0     1     0     0     0     0     1     0     0     0     0
     0     0     0     0     0     0     0     0     0     0     0     0
     0     0     0     0     0     0     0     0     0     0     0     0
     0     0     1     1     0     1     0     0     0     0     0     0
     0     0     0     0     0     0     0     0     0     0     0     0
     0     0     0     1     0     0     0     0     0     0     0     0
     0     1     0     1     0     0     0     1     0     1     0     0
     2     2     6     5    10     0     1     0     0     2     1     0
     2     1     4     2     0     0     0     0     0     1     1     0
     1     2     4     2     3     0     0     0     0     0     1     1
     0     0     0     0     0     0     0     0     0     0     0     0
     0     0     1     0     0     0     0     0     0     0     0     0
     1     3     0     0     0     0     0     0     0     0     0     0
     0     0     0     0     0     0     0     0     0     0     0     0
     0     1     3     0     0     0     0     0     0     0     0     0
     0     0     1     0     0     0     0     0     0     0     0     0
     0     0     1     0     0     0     0     0     0     0     0     1
     0     0     0     2     0     0     0     0     0     0     0     0
     0     0     0     2     0     0     0     0     1     0     0     0
     1     1     1     2     0     0     0     0     0     0     0     1
     0     0     0     2     0     0     0     0     0     0     0     0
     3     3     4     1     0     0     0     0     0     0     0     1
     1     1     4     1     0     0     0     0     0     0     0     0
     0     1     2     1     0     0     0     0     0     0     0     0
     2     1     0     0     0     1     0     0     0     0     0     0
     5    11     0     2     1     0     0     0     0     0     1     0
    13
     0     0     0     0     0     0     0     0     0     0     0     0
     0     4     0     0     0     0     0     0     0     0     0     0
     0     0     0     0     0     0     0     0     0     0     0     0
     0     0     0     0     0     0     0     0     0     0     0     0
     0     0     0     0     0     0     0     0     0     0     0     0
     0     0     0     0     0     0     0     0     0     0     0     0
     0     0     0     0     0     0     0     0     3     0     0     0
     0     0     0     0     0     0     0     0     0     0     0     0
     0     0     0     0     0     0     0     0     0     0     0     0
     0     0     0     0     0     0     0     0     0     0     0     0
     0     0     0     0     0     0     0     0     0     0     0     0
     0     0     0     0     0     0     0     0     0     0     0     0
     0     0     0     0     0     0     0     0     0     0     0     0
     0     0     0     0     0     0     0     0     0     0     0     0
     0     0     0     0     0     0     0     0     0     0     0     0
     0     0     0     0     0     0     0     0     0     0     0     0
     0     0     0     0     0     0     0     0     0     0     0     0
     0     0     3     0     1     0     0     0     0     0     0     0
     0     1     2     0     0     0     0     0     0     0     1     0
     0     1     0     0     0     0     0     0     0     0     1     0
     0     0     0     0     0     0     0     0     0     0     0     0
     0     0     0     0     0     0     0     0     0     0     0     0
     0     3     0     0     0     0     0     0     0     0     0     0
     0     0     0     0     0     0     0     0     0     0     0     0
     0     0     0     0     0     0     0     0     0     0     0     0
     0     0     0     0     0     0     0     0     0     0     0     0
     0     0     0     0     0     0     0     0     0     0     0     0
     0     0     0     0     0     0     0     0     0     0     0     0
     0     1     0     0     0     0     0     0     0     0     0     0
     0     0     0     0     0     0     0     0     0     0     0     0
     0     0     0     0     0     0     0     0     0     0     0     0
     0     0     2     0     0     0     0     0     0     0     0     0
     0     0     0     0     0     0     0     0     0     0     0     0
     0     0     1     2     0     0     0     0     0     0     0     0
     0     0     0     0     0     0     0     0     0     0     0     0
     3     2     0     0     0     0     0     0     0     0     0     1
    14
     0     0     0     0     0     0     0     0     0     0     0     0
     0     1     0     0     0     0     0     0     0     0     0     0
     0     0     0     0     0     0     0     0     0     0     0     0
     0     0     0     0     0     0     0     0     0     0     0     0
     0     0     0     0     0     0     0     0     0     0     0     0
     0     0     0     0     0     0     0     0     0     0     0     0
     0     0     0     0     0     0     0     0     0     0     0     0
     0     0     0     0     0     0     0     0     0     0     0     0
     0     0     0     0     0     0     0     0     2     0     0     0
     0     0     0     0     0     0     0     0     0     0     0     0
     0     0     0     1     0     0     0     0     0     0     0     0
     0     0     0     0     0     0     0     0     0     0     0     0
     0     0     0     0     0     0     0     0     0     0     0     0
     0     0     0     0     0     0     0     0     0     0     0     0
     0     0     0     0     0     0     0     0     0     0     0     0
     0     0     0     0     0     0     0     0     0     0     0     0
     0     0     0     0     0     0     0     0     0     0     0     0
     0     0     2     0     0     0     0     0     0     0     0     0
     0     0     0     0     0     0     0     0     0     0     0     0
     0     0     0     0     0     0     0     0     0     0     0     0
     0     0     0     0     0     0     0     0     0     0     0     0
     0     0     1     0     0     0     0     0     0     0     0     0
     0     0     0     0     0     0     0     0     0     0     0     0
     0     0     0     0     0     0     0     0     0     0     0     0
     0     0     1     0     0     0     0     0     0     0     0     0
     0     0     0     0     0     0     0     0     0     0     0     0
     0     0     0     0     0     0     0     0     0     0     0     0
     0     0     0     0     0     0     0     0     0     0     0     0
     0     0     0     0     0     0     0     0     0     0     0     0
     0     1     0     0     0     0     0     0     0     0     0     0
     0     0     0     1     0     0     0     0     0     0     0     0
     0     0     0     1     0     0     0     0     0     0     0     0
     0     0     0     0     0     0     0     0     0     0     0     0
     0     0     0     0     0     0     0     0     0     0     0     0
     0     0     0     0     0     0     0     0     0     0     0     0
     1     1     0     0     0     0     0     0     0     0     0     0
    15
     0     0     0     0     0     0     0     0     0     0     0     0
     0     0     0     0     0     0     0     0     0     0     0     0
     0     0     0     0     0     0     0     0     0     0     0     0
     0     0     0     0     0     0     0     0     0     0     0     0
     0     0     0     0     0     0     0     0     0     0     0     0
     0     0     0     0     0     0     0     0     0     0     0     0
     0     0     0     0     0     0     0     0     0     0     0     0
     0     0     0     0     0     0     0     0     0     0     0     0
     0     0     0     0     0     0     0     0     0     0     0     0
     0     0     0     0     0     0     0     0     0     0     0     0
     0     0     0     0     0     0     0     0     0     0     0     0
     0     0     0     0     0     0     0     0     0     0     0     0
     0     0     0     0     0     0     0     0     0     0     0     0
     0     0     0     0     0     0     0     0     0     0     0     0
     0     0     0     0     0     0     0     0     0     0     0     0
     0     0     0     0     0     0     0     0     0     0     0     0
     0     0     0     0     0     0     0     0     0     0     0     0
     0     0     0     0     0     0     0     0     0     0     0     0
     0     0     0     0     0     0     0     0     0     0     0     1
     0     0     0     0     0     0     0     0     0     0     0     0
     0     0     0     0     0     0     0     0     0     0     0     0
     0     0     0     0     0     0     0     0     0     0     0     0
     0     0     0     0     0     0     0     0     0     0     0     0
     0     0     1     0     0     0     0     0     0     0     0     0
     0     0     0     0     0     0     0     0     0     0     0     0
     0     0     0     0     0     0     0     0     0     0     0     0
     0     0     1     0     0     0     0     0     0     0     0     0
     0     0     0     0     0     0     0     0     0     0     0     0
     0     0     0     0     0     0     0     0     0     0     0     0
     0     0     0     0     0     0     0     0     0     0     0     0
     0     0     0     0     0     0     0     0     0     0     0     0
     0     0     0     1     0     0     0     0     0     0     0     0
     0     0     0     0     0     0     0     0     0     0     0     0
     0     0     0     0     0     0     0     0     0     0     0     0
     0     0     0     0     0     0     0     0     0     0     0     0
     0     0     0     0     0     0     0     0     0     0     0     0
    16
     0     0     0     0     0     0     0     0     0     0     0     0
     0     0     0     1     0     0     0     0     0     0     0     0
     0     0     0     0     0     0     0     0     0     0     0     0
     0     0     0     0     0     0     0     0     0     0     0     0
     0     0     0     0     0     0     0     0     0     0     0     0
     0     0     0     0     0     0     0     0     0     0     0     0
     0     0     0     0     0     0     0     0     0     0     0     0
     0     0     0     0     0     0     0     0     0     0     0     0
     0     0     0     0     0     0     0     0     0     0     0     0
     0     0     0     0     0     0     0     0     0     0     0     0
     0     0     0     0     0     0     0     0     2     0     0     0
     0     0     0     0     0     0     0     0     0     0     0     0
     0     0     0     0     0     0     0     0     0     0     0     0
     0     0     0     0     0     0     0     0     0     0     0     0
     0     0     0     0     0     0     0     0     0     0     0     0
     0     0     0     0     0     0     0     0     0     0     0     0
     0     0     0     0     0     0     0     0     0     0     0     0
     0     0     0     0     1     0     0     0     0     0     0     0
     0     0     0     0     0     0     0     0     0     0     0     0
     0     0     0     0     0     0     0     0     0     0     0     0
     0     0     0     0     0     0     0     0     0     0     0     0
     0     0     0     0     0     0     0     0     0     0     0     0
     0     0     0     0     0     0     0     0     0     0     0     0
     0     0     0     0     0     0     0     0     0     0     0     0
     0     0     0     0     0     0     0     0     0     0     0     0
     0     0     0     0     0     0     0     0     0     0     0     0
     0     0     0     0     0     0     0     0     0     0     0     0
     0     0     0     0     0     0     0     0     0     0     0     0
     0     0     0     0     0     0     0     0     0     0     0     0
     0     0     0     0     0     0     0     0     0     0     0     0
     0     0     0     0     0     0     0     0     0     0     0     0
     0     0     0     0     0     0     0     0     0     0     0     0
     0     0     0     0     0     0     0     0     0     0     0     0
     0     0     0     0     0     0     0     0     0     0     0     0
     0     0     0     0     0     0     0     0     0     0     0     0
     0     0     0     0     0     0     0     0     0     0     0     0
    17
     0     0     0     0     0     0     0     0     0     0     0     0
     0     0     0     0     0     0     0     0     0     0     0     0
     0     0     0     0     0     0     0     0     0     0     0     0
     0     0     0     0     0     0     0     0     0     0     0     0
     0     0     0     0     0     0     0     0     0     0     0     0
     0     0     0     0     0     0     0     0     0     0     0     0
     0     0     0     0     0     0     0     0     0     0     0     0
     0     0     0     0     0     0     0     0     0     0     0     0
     0     0     0     0     0     0     0     0     0     0     0     0
     0     0     0     0     0     0     0     0     0     0     0     0
     0     0     0     0     0     0     0     0     0     0     0     0
     0     0     0     0     0     0     0     0     0     0     0     0
     0     0     0     0     0     0     0     0     0     0     0     0
     0     0     0     0     0     0     0     0     0     0     0     0
     0     0     0     0     0     0     0     0     0     0     0     0
     0     0     0     0     0     0     0     0     0     0     0     0
     0     0     0     0     0     0     0     0     0     0     0     0
     0     0     0     0     0     0     0     0     0     0     0     0
     0     0     0     0     0     0     0     0     0     0     0     0
     0     0     0     0     0     0     0     0     0     0     0     0
     0     0     0     0     0     0     0     0     0     0     0     0
     0     0     0     0     0     0     0     0     0     0     0     0
     0     0     0     0     0     0     0     0     0     0     0     0
     0     0     0     0     0     0     0     0     0     0     0     0
     0     0     0     0     0     0     0     0     0     0     0     0
     0     0     0     0     0     0     0     0     0     0     0     0
     0     0     0     0     0     0     0     0     0     0     0     0
     0     0     0     0     0     0     0     0     0     0     0     0
     0     0     0     0     0     0     0     0     0     0     0     0
     0     0     0     0     0     0     0     0     0     0     0     0
     0     0     0     0     0     0     0     0     0     0     0     0
     0     0     0     0     0     0     0     0     0     0     0     0
     0     0     0     0     0     0     0     0     0     0     0     0
     0     0     0     0     0     0     0     0     0     0     0     0
     0     0     0     0     0     0     0     0     0     0     0     0
     0     0     0     0     0     0     0     0     0     0     0     0
    18
     0     0     0     0     0     0     0     0     0     0     0     0
     0     0     0     0     0     0     0     0     0     0     0     0
     0     0     0     0     0     0     0     0     0     0     0     0
     0     0     0     0     0     0     0     0     0     0     0     0
     0     0     0     0     0     0     0     0     0     0     0     0
     0     0     0     0     0     0     0     0     0     0     0     0
     0     0     0     0     0     0     0     0     0     0     0     0
     0     0     0     0     0     0     0     0     0     0     0     0
     0     0     0     0     0     0     0     0     0     0     0     0
     0     0     0     0     0     0     0     0     0     0     0     0
     0     0     0     0     0     0     0     0     0     0     0     0
     0     0     0     0     0     0     0     0     0     0     0     0
     0     0     0     0     0     0     0     0     0     0     0     0
     0     0     0     0     0     0     0     0     0     0     0     0
     0     0     0     0     0     0     0     0     0     0     0     0
     0     0     0     0     0     0     0     0     0     0     0     0
     0     0     0     0     0     0     0     0     0     0     0     0
     0     0     0     0     0     0     0     0     0     0     0     0
     0     0     0     0     0     0     0     0     0     0     0     0
     0     0     0     0     0     0     0     0     0     0     0     0
     0     0     0     0     0     0     0     0     0     0     0     0
     0     0     0     0     0     0     0     0     0     0     0     0
     0     0     0     0     0     0     0     0     0     0     0     0
     0     0     0     0     0     0     0     0     0     0     0     0
     0     0     0     0     0     0     0     0     0     0     0     0
     0     0     0     0     0     0     0     0     0     0     0     0
     0     0     0     0     0     0     0     0     0     0     0     0
     0     0     0     0     0     0     0     0     0     0     0     0
     0     0     0     0     0     0     0     0     0     0     0     0
     0     0     0     0     0     0     0     0     0     0     0     0
     0     0     0     0     0     0     0     0     0     0     0     0
     0     0     0     0     0     0     0     0     0     0     0     0
     0     0     0     0     0     0     0     0     0     0     0     0
     0     0     0     0     0     0     0     0     0     0     0     0
     0     0     0     0     0     0     0     0     0     0     0     0
     0     0     0     0     0     0     0     0     0     0     0     0
    19
     0     0     0     0     0     0     0     0     0     0     0     0
     0     0     0     0     0     0     0     0     0     0     0     0
     0     0     0     0     0     0     0     0     0     0     0     0
     0     0     0     0     0     0     0     0     0     0     0     0
     0     0     0     0     0     0     0     0     0     0     0     0
     0     0     0     0     0     0     0     0     0     0     0     0
     0     0     0     0     0     0     0     0     0     0     0     0
     0     0     0     0     0     0     0     0     0     0     0     0
     0     0     0     0     0     0     0     0     0     0     0     0
     0     0     0     0     0     0     0     0     0     0     0     0
     0     0     0     0     0     0     0     0     0     0     0     0
     0     0     0     0     0     0     0     0     0     0     0     0
     0     0     0     0     0     0     0     0     0     0     0     0
     0     0     0     0     0     0     0     0     0     0     0     0
     0     0     0     0     0     0     0     0     0     0     0     0
     0     0     0     0     0     0     0     0     0     0     0     0
     0     0     0     0     0     0     0     0     0     0     0     0
     0     1     0     0     0     0     0     0     0     0     0     0
     0     0     0     0     0     0     0     0     0     0     0     0
     0     0     0     0     0     0     0     0     0     0     0     0
     0     0     0     0     0     0     0     0     0     0     0     0
     0     0     0     0     0     0     0     0     0     0     0     0
     0     0     0     0     0     0     0     0     0     0     0     0
     0     0     0     0     0     0     0     0     0     0     0     0
     0     0     0     0     0     0     0     0     0     0     0     0
     0     0     0     0     0     0     0     0     0     0     0     0
     0     0     0     0     0     0     0     0     0     0     0     0
     0     0     0     0     0     0     0     0     0     0     0     0
     0     0     0     0     0     0     0     0     0     0     0     0
     0     0     0     0     0     0     0     0     0     0     0     0
     0     0     0     0     0     0     0     0     0     0     0     0
     0     0     0     0     0     0     0     0     0     0     0     0
     0     0     0     0     0     0     0     0     0     0     0     0
     0     0     0     0     0     0     0     0     0     0     0     0
     0     0     0     0     0     0     0     0     0     0     0     0
     0     0     0     0     0     0     0     0     0     0     0     0
