17
Jackson, MS 03940
     0
       3.900       6.000      12.100      17.200      21.700      25.000
      26.700      26.100      23.200      17.700      11.600       6.000
       8.800      11.600      17.200      21.100      25.000      28.200
      29.300      29.300      26.700      22.200      16.700      11.100
      14.300      17.200      21.700      25.000      28.200      31.100
      32.200      32.200      30.000      25.600      21.100      16.700
      49.000      45.000      42.000      43.000      48.000      50.000
      54.000      52.000      51.000      42.000      47.000      48.000
      68.000      65.000      60.000      59.000      61.000      63.000
      65.000      63.000      65.000      58.000      63.000      68.000
      87.000      85.000      81.000      79.000      79.000      79.000
      80.000      79.000      82.000      78.000      83.000      87.000
       2.400       2.400       2.400       2.400       2.000       2.000
       2.000       2.000       2.000       2.000       2.400       2.400
       3.100       3.500       3.500       3.100       2.700       2.400
       2.400       2.400       2.700       2.700       3.100       3.100
       4.400       4.400       4.800       4.400       4.000       3.100
       3.100       3.100       3.500       4.000       4.000       4.400
     350.000     350.000     170.000     170.000     170.000     190.000
     240.000     170.000      30.000      10.000     170.000     170.000
     1
       9.001      11.508      16.623      20.638      24.779      27.997
      29.314      29.212      26.509      21.650      16.212      11.159
      67.110      64.370      61.066      60.798      63.010      64.927
      66.986      65.758      66.248      59.856      63.791      66.656
     2
    42    15    30    21    34    38    40    62    46    40    29    29
    38    31    38    39    45    63    63    88    66    63    39    27
    21    24    28    27    43    56    45    62    54    41    30    24
    33    26    23    28    36    51    54    68    57    47    35    30
    47    43    37    37    59    66    79    91    82    73    53    35
    33    26    28    37    55    53    42    51    58    49    24    27
    34    27    21    34    62    66    67    87    82    56    52    26
    14    21    14    19    29    54    41    43    49    34    20    19
    27    23    24    34    56    79    63    87    83    72    40    24
    11    21    11    31    32    46    44    44    45    41    25    11
    35    24    20    34    46    80    44    73    63    65    36    24
    26    22    33    20    42    76    69    75    73    56    34    31
    25    27    27    61    59    90    67    74    66    72    39    32
    42    43    41    55    81   113    85   119    97    75    53    46
    26    23    25    22    47    59    54    61    62    42    39    36
    36    34    42    47    54    73    61    68    64    71    45    35
    23    15    23    22    24    39    41    52    39    39    18    26
    35    44    36    46    60    74    87    72    84    62    32    39
    18    14    18    26    23    32    44    35    31    26    19    15
    28    30    40    55    66    86    67    88    50    50    32    40
    21    26    32    40    48    70    85    94    48    36    24    33
    24    15     9    25    40    48    69    62    35    37    21    19
    28    32    17    42    70    99   125    98    54    54    24    22
    16    16    22    30    34    47    84    54    37    27    24    16
    26    20    22    35    52    79    97    78    40    25    20    20
    16    13    15    20    28    55    66    48    36    22    20    21
    36    23    29    36    43    85   125    85    31    30    25    24
    10    18     9    17    36    43    56    56    25    30    25    12
    35    23    24    30    34    71   108    64    33    36    17    29
    21    17    17    21    29    38    66    48    34    29    23    20
    22    12    15    12    24    37    50    40    32    26    27    25
    33    17    15    34    41    61    67    71    49    33    33    28
    17    11    17    20    22    44    50    52    44    42    23    33
    42    31    26    41    40    36    54    65    66    62    27    28
    32    21    16    35    43    38    45    52    53    47    38    32
    38    38    43    52    59    58    71   107    86    63    47    33
     3
    74    81    62    74    75    81   100   122    99    82    78    66
    86    96   100    99   123    90   105   134   163   119    92    94
    79    68    65    61    75    87    93   104   121    99    62    62
    67    56    59    58    74    98    86   100   106   104    60    46
    78    69    80    78    91   107   110   132   157    95    93    78
    47    48    64    53    71    93    83   104   136    88    51    39
    58    53    55    54    92   113    88   113   166    79    73    57
    32    32    36    45    55    85    63    71   110    66    35    22
    61    46    65    69    93   119   110   122   177   102    51    36
    27    28    38    49    65    82    67    84    79    75    39    28
    55    43    56    61    89   146    86   105   145    99    66    40
    58    61    64    78   100   108   102   133   132   118    67    58
    68    47    60    95   135   136   123   151   123    98    67    74
   115    90   124   175   196   202   154   165   166   166   124    94
    82    45    93   110   128   130   136   111   100    90    84    73
   101    97   102   135   161   162   141   165   123   124   114    94
    70    61   106   110   108   150   114   115   104    85    93    71
   105    84   127   139   164   182   193   166   121   124   127   112
    47    51    64    85    85   127   121    93    72    67    56    44
    66    79   104   123   158   183   194   142   103    81    60    82
    67    75    67   101   123   196   195   183    73    80    68    60
    40    35    54    55    89   132   147   127    40    57    34    40
    49    70    82   100   160   218   260   151    74    61    52    62
    42    38    37    70    77   135   212   113    51    44    33    40
    55    48    49    70   109   156   199   129    62    53    30    38
    46    31    33    52    70   105   123   104    45    37    29    19
    49    47    76    63   103   159   273   161    72    54    53    46
    34    31    45    54    47   107   146    91    32    45    46    43
    52    49    66    67    76   144   221   115    67    63    57    56
    52    47    52    53    58    95   111    72    40    48    50    46
    46    58    53    52    49    60    87    77    40    50    40    51
    75    62    59    73    83   119   141   123    73    95    62    61
    86    79    65    76    67    87    86    98    84    49    57    47
   115    94    88    86    96   102   121   172   133   116    85    88
    94    82    73    85    91    84   112   149   113   113    78    80
   120   113   102   100   132   153   170   197   195   137   110   105
     4
    54    44    31    47    45    45    35    60    63    70    52    51
    45    74    47    44    63    63    52    65    98    68    67    63
    41    51    29    30    47    52    35    38    57    64    31    25
    41    36    32    40    36    43    25    36    60    59    31    38
    36    31    28    30    33    31    30    33    56    52    38    35
    19    20    17    25    35    34    30    41    47    31    19    16
    20    27    20    25    34    36    29    39    66    31    16    15
    13    16    20    19    27    27    24    25    37    29     9    10
    16    24    41    32    41    43    27    34    77    43    22    15
    14    11    19    17    27    31    31    27    43    32    22    14
    27    23    29    39    41    49    34    38    69    50    25    24
    36    35    38    46    63    51    40    53    72    66    51    30
    53    31    66    62   100    63    47    57    67    62    38    42
    62    61    70    85    83    94    57    74    95   109    84    84
    62    53    70    75    85    74    40    52    51    59    76    62
    68    56   106   122   105    75    44    47    60    71    73    76
    59    50    83    81   103    74    44    38    38    44    75    59
    89    73   115   122   126   111    65    56    66    71    88    95
    39    48    45    66    62    75    58    37    37    40    40    36
    57    63    60   115   111   103    76    66    42    33    50    58
    39    49    56    75    87    82    79    54    41    29    32    52
    26    20    37    49    71    66    56    48    28    19    19    23
    38    40    45    51    95    96   100    53    22    30    20    33
    23    26    29    38    29    67    66    51    22    25    22    15
    21    38    31    39    56    68    76    33    20    26    18    18
    23    18    22    43    33    41    40    35    18    13     8    11
    29    52    41    46    53    75    99    50    19    19    29    26
    21    28    21    31    16    40    59    30     8    18    28    18
    34    32    51    44    36    59    79    37    16    20    22    32
    28    29    37    45    18    21    24    20    10    23    25    42
    48    35    30    39    23    22    27    23    15    29    24    39
    76    56    59    58    53    27    51    40    26    33    47    59
    56    50    64    60    42    41    35    25    39    32    53    48
   101    86    87    90    86    56    52    82    80    82   101    93
    86   101    84    79    62    58    56    85    81    92    80    80
   111    91   101    82    84   100    88   123   134   120   103   104
     5
    81    67    59    52    48    40    23    48    77    57    59    55
    61    66    48    52    62    39    28    53    86    99    73    77
    42    35    35    31    40    39    20    24    53    53    30    28
    24    31    33    32    30    34    16    16    52    50    20    21
    10    14    16    36    27    20    19    20    39    38    33    17
     7    16    14    10    18    10    16    14    30    28     8     6
    12    19    13    12    20    17    16    14    35    23     6    11
     4    17    10    12    14    10    16    17    25    21     2     3
     6    28    19    22    28    25    22    34    56    24    16    15
     7    15    15    19    19    17    19    18    39    11    19    11
    12    19    36    26    27    30    27    26    53    28    20    19
    23    37    37    60    63    24    25    40    46    37    33    37
    54    24    74    87    86    37    36    47    57    81    52    51
    84    68   103   135   123    71    33    43    87    97   106    88
    76    41    95   111    86    49    16    29    49    62    78    78
    71    80   141   166   107    57    33    30    40    62   106    96
    81    71   107   108   118    63    25    24    34    55    75    87
    98    93   173   177   161   102    56    47    65    56   111   107
    57    57    78   100   110    82    40    17    33    35    66    56
    73    81   116   156   149    67    59    30    39    40    85    79
    45    62    78    85    88    58    50    30    42    19    46    52
    36    34    42    34    46    55    36    26    11     8    26    36
    31    52    66    54    63    68    62    25    10    35    28    32
    22    29    30    30    37    33    36    17    11    15     9    17
    28    58    41    36    40    52    33    23    11    20    19    15
    18    24    19    27    28    17    31     9     1    11     8    15
    42    47    57    54    34    36    41    23     9    20    28    21
    25    34    37    43    15    13    11     9     5    10    15    23
    38    54    52    52    24    26    34    17     6    10    31    39
    40    38    55    44    17    13    17    10     7    17    26    36
    39    36    43    36    22     5    16    10    14    22    42    30
    71    65   100    68    37    17    30    26    25    33    63    73
    87    76    72    65    36    26    14    16    40    53    60    86
   160   134   156    96    80    50    45    55   117   113   142   138
   103   134   128    69    75    41    32    66   106   109   108   113
   191   142   152   117   117    82    57   112   164   157   155   135
     6
    30    29    21    21    12    11     6     2    22    40    22    13
    24    33    26    15    23     9     4     3    28    30    29    22
     8    10    11     5     4    10     1     5    13    18     5     6
     7     8     7     7     7     3     2     2    10    12     1     0
     1     0     9     3     4     1     2     0    13     7     2     2
     4     2     4     1     2     2     3     1     5     4     0     1
     1     1     4     0     4     4     1     2     5     4     1     2
     0     1     3     0     0     3     0     1     4     1     1     0
     0     3     4     5     5     1     5     6     4     2     0     0
     0     3     3     2     3     2     2     4     6     1     0     3
     1    10     8     7     3     4     2     5     8     3     4     5
     4    15    21    14     7     2     3     7    14    12     7     9
    19    15    42    30    18     6     2    11    22    30    23    20
    32    25    56    48    42    12     2     5    29    33    44    34
    31    36    44    55    46     9    11    11    17    20    34    59
    38    57    79    77    45    18     5     8    13    22    55    54
    35    29    70    60    60    10     6     4    15    25    45    57
    50    43   124    89    71    20     9     6    22    18    62    81
    32    36    65    60    44    20     7     4     4    15    34    35
    49    61    86   100    62    25    13     8     9    11    36    42
    28    34    54    48    29    14    15     2    11     6    25    26
    19    26    27    21    13     8     3     3     0     6    11    15
    17    20    20    32    13    11     6     5     2     3    11     7
     8     6    14     7     9     3     7     6     2     2     2     5
    11    17    24     9     6     2     5     1     0     2     6     9
     4    16    12     6     1     3     4     6     2     5     6     4
     5    16    32    19     4     6     7     6     2     3     8    15
     7     9    17     9     2     1     3     1     0     4     7     4
    14    25    29    32     1     5     2     1     0     4     7     8
    24    24    12     8     3     3     0     1     2     1     8    13
    15    31    14    15     5     0     0     0     1     1    16    11
    32    45    52    30    11     6     4     2     6     6    26    44
    40    50    36    30    19     8     3     3    12    17    35    39
    72    94   102    68    30     9    11    16    39    49   105   122
    63    76    60    36    27    15     4    14    32    37    61    82
    98    94    74    51    33    23    16    18    42    71    69    66
     7
     8     3     4     0     1     0     1     1     0     3     3     7
     4     5     3     3     0     0     2     1     4     7     1     3
     2     1     3     0     0     1     1     1     0     2     1     1
     0     0     0     0     0     1     1     1     1     0     0     0
     0     0     1     1     0     0     1     0     0     4     1     0
     0     0     0     0     0     0     0     0     2     2     0     0
     1     0     1     1     0     0     0     0     0     1     0     0
     0     0     1     1     0     0     0     0     1     0     1     0
     0     0     1     1     0     0     1     1     1     0     0     2
     0     2     1     0     0     0     0     1     1     0     0     0
     0     2     0     0     0     0     1     1     2     2     0     1
     3     3     5     2     3     1     0     0     1     0     0     3
     1     8    15    11     2     2     2     1     3     6     2     7
     5     5    18    16     6     1     3     2     3     6     7    11
     6     7    20    21     6     0     0     1     1     5     6    15
     5     7    18    18     8     2     0     1     1     1    11    16
    12    18    17     6     9     1     0     1     1     3    13    15
     6    21    20    21     8     3     1     2     3    10    24    15
     9    14    26    22    11     2     0     0     2     1    15    10
     2    18    19    19     8     1     4     1     0     4    16     9
    11     6    19    11     5     4     0     0     0     0     7     5
     4     5     3     2     2     0     2     1     2     0     4     2
     3     1     2     4     1     0     0     0     0     0     0     2
     2     6     3     2     1     0     1     1     1     1     0     1
     2     1     3     2     0     1     0     0     0     0     1     1
     1     1     5     4     1     1     0     0     0     1     0     1
     3     1    12     0     1     0     0     0     0     0     3     2
     0     6     3     3     0     0     0     0     0     0     0     0
     1     5     6     5     0     0     0     0     0     1     0     2
     3     3     4     1     1     0     0     0     1     0     2     0
     4     7     3     2     0     0     0     0     0     0     3     0
     9    11    14     3     0     1     0     0     1     0     4     8
    11    15     3     6     0     0     0     0     3     0     2    16
    20    25    29    10     4     0     1     0     8     5    20    34
    17    15    12     9     1     0     0     1     8     9     9    23
    21    15    23     7     3     0     2     0     6     7    17    15
     8
     0     1     2     0     0     1     0     0     0     4     1     1
     0     1     1     0     0     0     2     0     1     1     0     0
     1     0     2     0     0     0     1     1     0     1     0     0
     0     0     0     0     0     0     1     0     0     1     0     0
     0     0     0     0     0     1     1     0     0     0     0     0
     0     0     0     1     0     0     0     1     0     0     0     0
     0     0     0     0     0     0     0     0     0     0     0     0
     0     0     0     0     0     0     0     0     0     0     0     0
     1     0     3     0     0     0     1     0     0     0     0     0
     0     0     1     0     1     0     0     0     1     0     0     0
     0     1     1     1     0     1     1     0     0     0     0     0
     0     3     0     2     1     0     0     0     0     0     0     0
     1     4     8     2     0     0     0     0     1     2     0     8
     1     5    23     9    11     0     1     4     0     2     6    13
     2     6    15    10     1     1     0     3     1     3     3    14
     9    10    15    17     4     1     2     1     0     0    12    13
     5     3    17    18     3     0     0     1     0     1     9    11
     7    19    20    19    11     2     1     0     2     2     6     8
     6    12    12    13     3     0     2     2     0     0     8     4
     6     5    17    14     5     1     3     0     0     0     7     8
     1     2    15     6     5     0     0     0     0     0     1     1
     0     2     2     4     0     2     0     0     0     0     3     1
     0     3     1     3     0     0     0     0     0     0     0     0
     0     3     0     0     1     0     0     0     0     0     0     0
     0     1     2     0     1     0     0     0     1     0     0     1
     0     0     1     0     0     0     0     0     0     1     0     0
     0     2     3     0     0     0     0     1     0     0     4     1
     0     0     1     0     0     0     0     0     0     0     0     0
     3     2     2     0     0     0     0     0     0     0     0     3
     1     3     1     0     0     0     1     0     0     0     0     0
     4     3     3     1     1     0     0     0     0     0     2     0
     6     4    10     2     1     1     2     1     0     0     5     5
    16     6     6     3     0     0     1     1     1     1     7    11
    21    10    15     5     1     1     0     0     7     4     5    18
    14    10    10     5     2     0     0     2     5     7    10    11
    12     6     6     7     2     0     1     3     1     9     5     7
     9
     0     0     0     0     0     0     0     0     0     0     0     0
     0     0     0     0     0     0     0     0     1     1     0     0
     0     0     0     0     0     0     0     0     0     0     0     0
     0     0     0     0     0     0     0     0     0     0     0     0
     0     0     0     0     0     0     0     0     1     0     0     0
     0     0     0     0     0     0     0     0     0     0     0     0
     0     0     0     0     0     0     0     0     0     0     0     0
     0     0     0     0     0     0     1     0     0     0     0     0
     0     0     0     0     0     0     0     0     0     0     0     0
     0     0     0     0     0     0     0     0     0     0     0     0
     0     0     0     0     0     0     0     0     0     0     0     0
     0     0     2     0     0     0     0     0     0     0     0     0
     0     0     0     1     0     1     0     0     0     0     1     0
     1     0     3     1     0     0     1     2     2     0     1     4
     1     2     2     2     0     0     0     0     0     2     1     3
     0     1     3     2     1     0     0     0     0     0     2     2
     2     1     4     3     0     0     0     0     0     1     2     2
     1     1     7     0     0     0     0     0     0     0     1     0
     1     0     3     3     0     1     0     0     0     0     0     3
     0     1     5     1     1     0     0     1     0     0     0     1
     2     0     5     1     0     0     0     0     0     0     0     2
     1     0     0     1     0     0     0     0     0     0     0     0
     1     0     0     1     0     1     0     0     0     0     0     0
     0     0     0     0     0     0     0     0     0     0     0     1
     0     0     0     0     0     0     0     0     0     0     1     0
     0     1     0     0     0     0     0     0     0     0     0     0
     0     2     0     0     0     0     0     0     0     0     0     0
     0     0     0     0     0     0     0     0     0     0     0     0
     0     0     0     0     0     0     0     0     0     0     0     0
     0     0     0     0     0     0     0     0     0     0     0     0
     0     0     0     0     0     0     0     0     0     0     0     0
     0     1     4     0     0     0     0     0     0     0     0     0
     0     1     0     0     0     0     0     0     0     0     0     2
     5     0     0     0     0     0     0     0     0     0     1     0
     4     1     0     0     0     0     1     0     0     1     0     3
     3     0     0     1     1     0     0     0     0     0     0     0
    10
     0     0     0     0     0     0     0     0     0     0     0     0
     0     0     0     0     0     0     0     0     0     0     0     0
     0     0     0     0     0     0     0     0     0     0     0     0
     0     0     0     0     0     0     0     0     0     0     0     0
     0     0     0     0     0     0     0     0     0     0     0     0
     0     0     0     0     0     0     0     0     0     0     0     0
     0     0     0     0     0     0     0     0     0     0     0     0
     0     0     0     0     0     0     0     0     0     0     0     0
     0     0     0     1     0     0     0     0     0     0     0     0
     0     0     0     0     0     0     0     0     0     0     0     0
     0     0     0     0     0     0     0     0     0     0     0     0
     0     0     1     0     0     0     0     0     0     0     0     0
     0     1     2     0     0     0     0     0     0     0     0     2
     0     2     1     0     0     0     1     0     0     0     1     1
     0     0     0     2     0     0     0     0     0     0     0     0
     0     1     2     1     0     0     0     0     0     0     1     0
     0     2     2     5     0     0     0     0     0     0     0     1
     0     2     3     1     0     0     0     0     0     0     1     0
     0     1     3     5     0     0     0     1     0     0     0     0
     2     0     4     0     0     0     0     0     0     0     0     0
     0     0     0     1     0     0     0     0     0     0     0     0
     1     0     1     0     0     0     0     0     0     0     0     0
     0     0     0     0     0     0     0     0     0     0     0     0
     0     0     0     0     0     0     0     0     0     0     0     0
     0     0     0     0     0     0     0     0     0     0     0     0
     0     0     0     0     0     0     0     0     0     0     0     0
     0     1     0     0     0     0     0     0     0     0     0     0
     0     0     0     0     0     0     0     0     0     0     0     0
     0     0     0     0     0     0     0     0     0     0     0     0
     0     0     0     0     0     0     0     0     0     0     0     0
     0     0     0     0     0     0     0     0     0     0     0     0
     0     0     0     0     0     0     0     0     0     0     1     0
     0     1     0     0     0     0     0     0     0     0     1     0
     2     0     0     0     0     0     0     0     0     1     0     1
     1     1     1     0     0     0     0     0     0     0     1     1
     1     0     0     0     0     0     0     0     0     0     0     0
    11
     0     0     0     0     0     0     1     0     0     1     0     0
     0     0     0     0     0     0     0     1     0     0     0     0
     0     0     0     0     0     0     0     0     0     0     0     0
     0     0     0     0     0     0     0     0     0     0     0     0
     0     0     0     0     0     0     0     0     0     0     0     0
     0     0     0     0     0     0     0     0     0     0     0     0
     0     0     0     0     0     0     0     0     0     0     0     0
     0     0     0     0     0     0     0     0     0     0     0     0
     0     0     0     0     0     0     0     0     0     0     0     0
     0     0     0     0     0     0     1     0     0     0     0     0
     0     0     0     0     0     0     0     0     0     0     0     0
     0     0     0     0     0     0     0     0     1     0     0     0
     0     0     0     0     0     0     0     0     0     0     0     0
     0     0     3     1     0     0     0     0     0     0     2     1
     0     0     1     2     0     0     0     0     0     0     0     0
     0     1     2     2     0     0     1     0     0     0     2     0
     0     1     1     0     0     0     0     0     0     0     0     0
     0     1     2     2     0     0     0     0     0     0     0     1
     0     0     1     2     0     0     0     0     0     0     0     0
     0     0     0     2     0     0     0     0     0     0     0     1
     0     0     0     0     0     0     0     0     0     0     0     0
     0     0     0     0     0     0     0     0     0     0     0     0
     0     0     0     0     0     0     0     0     0     0     0     0
     0     0     0     0     0     0     0     0     0     0     0     0
     0     0     0     0     0     0     0     0     0     0     0     0
     0     0     0     0     0     0     0     0     0     0     0     0
     0     0     0     0     0     0     0     0     0     0     0     0
     0     0     0     0     0     0     0     0     0     0     0     0
     0     1     1     0     0     0     0     0     0     0     0     0
     0     0     0     0     0     0     0     0     0     0     0     0
     0     0     0     1     0     0     0     0     0     0     0     0
     0     0     0     0     0     0     0     0     0     0     0     0
     0     0     0     0     0     0     0     0     0     0     0     0
     1     0     0     0     0     0     0     0     0     0     0     0
     0     0     1     0     0     0     1     0     0     0     0     1
     0     0     0     0     0     0     0     0     0     0     0     0
    12
     0     0     0     0     0     0     0     0     0     2     0     0
     0     0     0     0     0     0     0     0     0     2     0     0
     0     0     0     0     0     0     0     0     0     0     0     0
     0     0     0     0     0     0     0     0     0     0     0     0
     0     0     0     0     0     0     0     1     0     0     0     0
     0     0     0     0     0     0     0     0     0     0     0     0
     0     0     0     0     0     0     0     0     0     0     0     0
     0     0     0     0     0     0     0     0     0     0     0     0
     0     0     0     0     0     1     0     0     0     0     0     0
     0     0     0     0     0     0     0     0     0     0     0     0
     0     0     0     0     0     0     0     0     0     0     0     0
     0     0     0     0     0     0     0     0     0     0     0     0
     0     0     0     0     0     1     0     0     0     0     0     0
     0     0     0     0     0     0     0     0     1     0     0     0
     0     1     0     1     0     0     0     0     0     0     0     0
     0     0     0     1     0     0     0     0     0     0     0     0
     0     1     0     0     0     0     0     0     0     0     0     0
     0     1     1     1     0     0     0     0     0     0     0     0
     0     0     1     0     0     0     0     0     0     0     0     0
     0     0     0     1     0     0     0     0     0     0     0     0
     0     0     0     0     0     0     0     0     0     0     0     0
     0     0     0     0     0     0     0     0     0     0     0     0
     0     0     0     0     1     0     1     0     0     0     0     0
     0     0     0     0     0     0     0     0     0     0     0     0
     0     0     0     0     0     0     0     0     0     0     0     0
     0     0     0     0     0     0     0     0     0     0     0     0
     0     0     0     0     0     0     0     0     0     0     0     0
     0     0     0     0     0     0     0     0     0     0     0     0
     0     0     0     0     0     0     0     0     0     0     0     0
     0     0     0     0     0     0     0     0     0     0     0     0
     0     0     0     0     0     0     0     0     0     0     0     0
     0     0     0     0     0     0     0     0     0     0     0     0
     0     0     0     0     0     0     0     0     0     0     0     0
     0     0     0     0     0     0     0     0     0     0     0     0
     0     0     0     0     0     0     0     0     0     0     0     1
     0     0     0     0     0     0     0     0     0     0     0     0
    13
     0     0     0     0     0     0     0     0     0     0     0     0
     0     0     0     0     0     0     0     0     0     0     0     0
     0     0     0     0     0     0     0     0     0     0     0     0
     0     0     0     0     0     0     0     0     0     0     0     0
     0     0     0     0     0     0     0     0     0     0     0     0
     0     0     0     0     0     0     0     0     0     0     0     0
     0     0     0     0     0     0     0     0     0     0     0     0
     0     0     0     0     0     0     0     0     0     0     0     0
     0     0     0     0     0     0     0     0     0     0     0     0
     0     0     0     0     0     0     0     0     0     0     0     0
     0     0     0     0     0     0     0     0     0     0     0     0
     0     0     0     0     0     0     0     0     0     0     0     0
     0     0     0     0     0     0     0     0     0     0     0     0
     0     0     0     0     0     0     0     0     0     0     0     0
     0     0     0     0     0     0     0     0     0     0     0     0
     0     0     0     0     0     0     0     0     0     0     0     0
     0     0     0     0     0     0     0     0     0     0     0     0
     0     0     0     0     0     0     0     0     0     0     0     0
     0     0     0     0     0     0     1     0     0     0     0     0
     0     0     0     0     0     0     0     0     0     0     0     0
     0     0     0     0     0     0     0     0     0     0     0     0
     0     0     0     0     0     0     0     0     0     0     1     0
     0     0     0     0     0     0     0     0     0     0     0     0
     0     0     0     0     0     0     0     0     0     0     0     0
     0     0     0     0     0     0     0     0     0     0     0     0
     0     0     0     0     0     0     0     0     0     0     0     0
     0     0     0     0     0     0     0     0     0     0     0     0
     0     0     0     0     0     0     0     0     0     0     0     0
     0     0     0     0     0     0     0     0     0     0     0     0
     0     0     0     0     0     0     0     0     0     0     0     0
     0     0     0     0     0     0     0     0     0     0     0     0
     0     0     0     0     0     0     0     0     0     0     0     0
     0     0     0     0     0     0     0     0     0     0     0     0
     0     0     0     0     0     0     0     0     0     0     0     0
     0     0     0     0     0     0     0     0     0     0     0     0
     0     0     0     0     0     0     0     0     0     0     0     0
    14
     0     0     0     0     0     0     0     0     0     0     0     0
     0     0     0     0     0     0     0     0     0     0     0     0
     0     0     0     0     0     0     0     0     0     0     0     0
     0     0     0     0     0     0     0     0     0     0     0     0
     0     0     0     0     0     0     0     0     0     0     0     0
     0     0     0     0     0     0     0     0     0     0     0     0
     0     0     0     0     0     0     0     0     0     0     0     0
     0     0     0     0     0     0     0     0     0     0     0     0
     0     0     0     0     0     0     0     0     0     0     0     0
     0     0     0     0     0     0     0     0     0     0     0     0
     0     0     0     0     0     0     0     0     0     0     0     0
     0     0     0     0     0     0     0     0     0     0     0     0
     0     0     0     0     0     0     0     0     0     0     0     0
     0     0     0     0     0     0     0     0     0     0     1     0
     0     0     0     0     0     0     0     0     0     0     0     0
     0     0     0     0     0     0     0     0     0     0     0     0
     0     0     0     0     0     0     0     0     0     0     0     0
     0     0     0     0     0     0     0     0     0     0     0     0
     0     0     0     0     0     0     0     0     0     0     0     0
     0     0     0     0     0     0     0     0     0     0     0     0
     0     0     0     0     0     0     0     0     0     0     0     0
     0     0     0     0     0     0     0     0     0     0     0     0
     0     0     0     0     0     0     0     0     0     0     0     0
     0     0     0     0     0     0     0     0     0     0     0     0
     0     0     0     0     0     0     0     0     0     0     0     0
     0     0     0     0     0     0     0     0     0     0     0     0
     0     0     0     0     0     0     0     0     0     0     0     0
     0     0     0     0     0     0     0     0     0     0     0     0
     0     0     0     0     0     0     0     0     0     0     0     0
     0     0     0     0     0     0     0     0     0     0     0     0
     0     0     0     0     0     0     0     0     0     0     0     0
     0     0     0     0     0     0     0     0     0     0     0     0
     0     0     0     0     0     0     0     0     0     0     0     0
     0     0     0     0     0     0     0     0     0     0     0     0
     0     0     0     0     0     0     0     0     0     0     0     0
     0     0     0     0     0     0     0     0     0     0     0     0
    15
     0     0     0     0     0     0     0     0     0     0     0     0
     0     0     0     0     0     0     0     0     0     0     0     0
     0     0     0     0     0     0     0     0     0     0     0     0
     0     0     0     0     0     0     0     0     0     0     0     0
     0     0     0     0     0     0     0     0     0     0     0     0
     0     0     0     0     0     0     0     0     0     0     0     0
     0     0     0     0     0     0     0     0     0     0     0     0
     0     0     0     0     0     0     0     0     0     0     0     0
     0     0     0     0     0     0     0     0     0     0     0     0
     0     0     0     0     0     0     0     0     0     0     0     0
     0     0     0     0     0     0     0     0     0     0     0     0
     0     0     0     0     0     0     0     0     0     0     0     0
     0     0     0     0     0     0     0     0     0     0     0     0
     0     0     0     0     0     0     0     0     0     0     1     0
     0     0     0     0     0     0     0     0     0     0     0     0
     0     0     0     0     0     0     0     0     0     0     0     0
     0     0     0     0     0     0     0     0     0     0     0     0
     0     0     0     0     0     0     0     0     0     0     0     0
     0     0     0     0     0     0     0     0     0     0     0     0
     0     0     0     0     0     0     0     0     0     0     0     0
     0     0     0     0     0     0     0     0     0     0     0     0
     0     0     0     0     0     0     0     0     0     0     0     0
     0     0     0     0     0     0     0     0     0     0     0     0
     0     0     0     0     0     0     0     0     0     0     0     0
     0     0     0     0     0     0     0     0     0     0     0     0
     0     0     0     0     0     0     0     0     0     0     0     0
     0     0     0     0     0     0     0     0     0     0     0     0
     0     0     0     0     0     0     0     0     0     0     0     0
     0     0     0     0     0     0     0     0     0     0     0     0
     0     0     0     0     0     0     0     0     0     0     0     0
     0     0     0     0     0     0     0     0     0     0     0     0
     0     0     0     0     0     0     0     0     0     0     0     0
     0     0     0     0     0     0     0     0     0     0     0     0
     0     0     0     0     0     0     0     0     0     0     0     0
     0     0     0     0     0     0     0     0     0     0     0     0
     0     0     0     0     0     0     0     0     0     0     0     0
    16
     0     0     0     0     0     0     0     0     0     0     0     0
     0     0     0     0     0     0     0     0     0     0     0     0
     0     0     0     0     0     0     0     0     0     0     0     0
     0     0     0     0     0     0     0     0     0     0     0     0
     0     0     0     0     0     0     0     0     0     0     0     0
     0     0     0     0     0     0     0     0     0     0     0     0
     0     0     0     0     0     0     0     0     0     0     0     0
     0     0     0     0     0     0     0     0     0     0     0     0
     0     0     0     0     0     0     0     0     0     0     0     0
     0     0     0     0     0     0     0     0     0     0     0     0
     0     0     0     0     0     0     0     0     0     0     0     0
     0     0     0     0     0     0     0     0     0     0     0     0
     0     0     0     0     0     0     0     0     0     0     0     0
     0     0     0     0     0     0     0     0     0     0     0     0
     0     0     0     0     0     0     0     0     0     0     0     0
     0     0     0     0     0     0     0     0     0     0     0     0
     0     0     0     0     0     0     0     0     0     0     0     0
     0     0     0     0     0     0     0     0     0     0     0     0
     0     0     0     0     0     0     0     0     0     0     0     0
     0     0     0     0     0     0     0     0     0     0     0     0
     0     0     0     0     0     0     0     0     0     0     0     0
     0     0     0     0     0     0     0     0     0     0     0     0
     0     0     0     0     0     0     0     0     0     0     0     0
     0     0     0     0     0     0     0     0     0     0     0     0
     0     0     0     0     0     0     0     0     0     0     0     0
     0     0     0     0     0     0     0     0     0     0     0     0
     0     0     0     0     0     0     0     0     0     0     0     0
     0     0     0     0     0     0     0     0     0     0     0     0
     0     0     0     0     0     0     0     0     0     0     0     0
     0     0     0     0     0     0     0     0     0     0     0     0
     0     0     0     0     0     0     0     0     0     0     0     0
     0     0     0     0     0     0     0     0     0     0     0     0
     0     0     0     0     0     0     0     0     0     0     0     0
     0     0     0     0     0     0     0     0     0     0     0     0
     0     0     0     0     0     0     0     0     0     0     0     0
     0     0     0     0     0     0     0     0     0     0     0     0
    17
     0     0     0     0     0     0     0     0     0     0     0     0
     0     0     0     0     0     0     0     0     0     0     0     0
     0     0     0     0     0     0     0     0     0     0     0     0
     0     0     0     0     0     0     0     0     0     0     0     0
     0     0     0     0     0     0     0     0     0     0     0     0
     0     0     0     0     0     0     0     0     0     0     0     0
     0     0     0     0     0     0     0     0     0     0     0     0
     0     0     0     0     0     0     0     0     0     0     0     0
     0     0     0     0     0     0     0     0     0     0     0     0
     0     0     0     0     0     0     0     0     0     0     0     0
     0     0     0     0     0     0     0     0     0     0     0     0
     0     0     0     0     0     0     0     0     0     0     0     0
     0     0     0     0     0     0     0     0     0     0     0     0
     0     0     0     0     0     0     0     0     0     0     0     0
     0     0     0     0     0     0     0     0     0     0     0     0
     0     0     0     0     0     0     0     0     0     0     0     0
     0     0     0     0     0     0     0     0     0     0     0     0
     0     0     0     0     0     0     0     0     0     0     0     0
     0     0     0     0     0     0     0     0     0     0     0     0
     0     0     0     0     0     0     1     0     0     0     0     0
     0     0     0     0     0     0     0     0     0     0     0     0
     0     0     0     0     0     0     0     0     0     0     0     0
     0     0     0     0     0     0     0     0     0     0     0     0
     0     0     0     0     0     0     0     0     0     0     0     0
     0     0     0     0     0     0     0     0     0     0     0     0
     0     0     0     0     0     0     0     0     0     0     0     0
     0     0     0     0     0     0     0     0     0     0     0     0
     0     0     0     0     0     0     0     0     0     0     0     0
     0     0     0     0     0     0     0     0     0     0     0     0
     0     0     0     0     0     0     0     0     0     0     0     0
     0     0     0     0     0     0     0     0     0     0     0     0
     0     0     0     0     0     0     0     0     0     0     0     0
     0     0     0     0     0     0     0     0     0     0     0     0
     0     0     0     0     0     0     0     0     0     0     0     0
     0     0     0     0     0     0     0     0     0     0     0     0
     0     0     0     0     0     0     0     0     0     0     0     0
    18
     0     0     0     0     0     0     0     0     0     0     0     0
     0     0     0     0     0     0     0     0     0     0     0     0
     0     0     0     0     0     0     0     0     0     0     0     0
     0     0     0     0     0     0     0     0     0     0     0     0
     0     0     0     0     0     0     0     0     0     0     0     0
     0     0     0     0     0     0     0     0     0     0     0     0
     0     0     0     0     0     0     0     0     0     0     0     0
     0     0     0     0     0     0     0     0     0     0     0     0
     0     0     0     0     0     0     0     0     0     0     0     0
     0     0     0     0     0     0     0     0     0     0     0     0
     0     0     0     0     0     0     0     0     0     0     0     0
     0     0     0     0     0     0     0     0     0     0     0     0
     0     0     0     0     0     0     0     0     0     0     0     0
     0     0     0     0     0     0     0     0     0     0     0     0
     0     0     0     0     0     0     0     0     0     0     0     0
     0     0     0     0     0     0     0     0     0     0     0     0
     0     0     0     0     0     0     0     0     0     0     0     0
     0     0     0     0     0     0     0     0     0     0     0     0
     0     0     0     0     0     0     0     0     0     0     0     0
     0     0     0     0     0     0     0     0     0     0     0     0
     0     0     0     0     0     0     0     0     0     0     0     0
     0     0     0     0     0     0     0     0     0     0     0     0
     0     0     0     0     0     0     0     0     0     0     0     0
     0     0     0     0     0     0     0     0     0     0     0     0
     0     0     0     0     0     0     0     0     0     0     0     0
     0     0     0     0     0     0     0     0     0     0     0     0
     0     0     0     0     0     0     0     0     0     0     0     0
     0     0     0     0     0     0     0     0     0     0     0     0
     0     0     0     0     0     0     0     0     0     0     0     0
     0     0     0     0     0     0     0     0     0     0     0     0
     0     0     0     0     0     0     0     0     0     0     0     0
     0     0     0     0     0     0     0     0     0     0     0     0
     0     0     0     0     0     0     0     0     0     0     0     0
     0     0     0     0     0     0     0     0     0     0     0     0
     0     0     0     0     0     0     0     0     0     0     0     0
     0     0     0     0     0     0     0     0     0     0     0     0
    19
     0     0     0     0     0     0     0     0     0     0     0     0
     0     0     0     0     0     0     0     0     0     0     0     0
     0     0     0     0     0     0     0     0     0     0     0     0
     0     0     0     0     0     0     0     0     0     0     0     0
     0     0     0     0     0     0     0     0     0     0     0     0
     0     0     0     0     0     0     0     0     0     0     0     0
     0     0     0     0     0     0     0     0     0     0     0     0
     0     0     0     0     0     0     0     0     0     0     0     0
     0     0     0     0     0     0     0     0     0     0     0     0
     0     0     0     0     0     0     0     0     0     0     0     0
     0     0     0     0     0     0     0     0     0     0     0     0
     0     0     0     0     0     0     0     0     0     0     0     0
     0     0     0     0     0     0     0     0     0     0     0     0
     0     0     0     0     0     0     0     0     0     0     0     0
     0     0     0     0     0     0     0     0     0     0     0     0
     0     0     0     0     0     0     0     0     0     0     0     0
     0     0     0     0     0     0     0     0     0     0     0     0
     0     0     0     0     0     0     0     0     0     0     0     0
     0     0     0     0     0     0     0     0     0     0     0     0
     0     0     0     0     0     0     0     0     0     0     0     0
     0     0     0     0     0     0     0     0     0     0     0     0
     0     0     0     0     0     0     0     0     0     0     0     0
     0     0     0     0     0     0     0     0     0     0     0     0
     0     0     0     0     0     0     0     0     0     0     0     0
     0     0     0     0     0     0     0     0     0     0     0     0
     0     0     0     0     0     0     0     0     0     0     0     0
     0     0     0     0     0     0     0     0     0     0     0     0
     0     0     0     0     0     0     0     0     0     0     0     0
     0     0     0     0     0     0     0     0     0     0     0     0
     0     0     0     0     0     0     0     0     0     0     0     0
     0     0     0     0     0     0     0     0     0     0     0     0
     0     0     0     0     0     0     0     0     0     0     0     0
     0     0     0     0     0     0     0     0     0     0     0     0
     0     0     0     0     0     0     0     0     0     0     0     0
     0     0     0     0     0     0     0     0     0     0     0     0
     0     0     0     0     0     0     0     0     0     0     0     0
    20
     0     0     0     0     0     0     0     0     0     0     0     0
     0     0     0     0     0     0     0     0     0     0     0     0
     0     0     0     0     0     0     0     0     0     0     0     0
     0     0     0     0     0     0     0     0     0     0     0     0
     0     0     0     0     0     0     0     0     0     0     0     0
     0     0     0     0     0     0     0     0     0     0     0     0
     0     0     0     0     0     0     1     0     0     0     0     0
     0     0     0     0     0     0     0     0     0     0     0     0
     0     0     0     0     0     0     0     0     0     0     0     0
     0     0     0     0     0     0     0     0     0     0     0     0
     0     0     0     0     0     0     0     0     0     0     0     0
     0     0     0     0     0     0     0     0     0     0     0     0
     0     0     0     0     0     0     0     0     0     0     0     0
     0     0     0     0     0     0     0     0     0     0     0     0
     0     0     0     0     0     0     0     0     0     0     0     0
     0     0     0     0     0     0     0     0     0     0     0     0
     0     0     0     0     0     0     0     0     0     0     0     0
     0     0     0     0     0     0     0     0     0     0     0     0
     0     0     0     0     0     0     0     0     0     0     0     0
     0     0     0     0     0     0     0     0     0     0     0     0
     0     0     0     0     0     0     0     0     0     0     0     0
     0     0     0     0     0     0     0     0     0     0     0     0
     0     0     0     0     0     0     0     0     0     0     0     0
     0     0     0     0     0     0     0     0     0     0     0     0
     0     0     0     0     0     0     0     0     0     0     0     0
     0     0     0     0     0     0     0     0     0     0     0     0
     0     0     0     0     0     0     0     0     0     0     0     0
     0     0     0     0     0     0     0     0     0     0     0     0
     0     0     0     0     0     0     0     0     0     0     0     0
     0     0     0     0     0     0     0     0     0     0     0     0
     0     0     0     0     0     0     0     0     0     0     0     0
     0     0     0     0     0     0     0     0     0     0     0     0
     0     0     0     0     0     0     0     0     0     0     0     0
     0     0     0     0     0     0     0     0     0     0     0     0
     0     0     0     0     0     0     0     0     0     0     0     0
     0     0     0     0     0     0     0     0     0     0     0     0
