18
Bradford, PA 04751
     0
     -10.700      -8.400      -3.300       1.700       9.300      15.000
      18.200      17.200      12.100       5.500       -.700      -7.200
      -5.000      -4.000        .600       6.600      14.300      18.800
      21.700      20.000      16.100      10.000       3.200      -2.800
      -1.200        .600       5.500      12.800      18.200      22.200
      24.300      23.200      20.000      15.000       8.300        .600
      64.000      59.000      52.000      44.000      44.000      52.000
      54.000      57.000      59.000      54.000      62.000      71.000
      76.000      73.000      70.000      65.000      63.000      67.000
      68.000      70.000      74.000      71.000      78.000      81.000
      85.000      85.000      88.000      85.000      85.000      84.000
      84.000      86.000      90.000      87.000      89.000      89.000
       2.700       2.700       2.700       2.700       2.400       2.000
       2.000       2.000       2.000       2.400       2.700       2.700
       4.000       4.000       4.000       4.000       3.100       3.100
       2.700       2.700       2.700       3.100       3.500       4.000
       4.800       4.800       4.800       4.800       4.000       4.000
       4.000       3.500       4.000       4.000       4.400       4.800
     260.000     280.000     280.000     290.000     290.000     280.000
     280.000     270.000     260.000     260.000     260.000     260.000
     1
      -5.580      -3.824       1.217       7.629      14.091      18.676
      21.298      20.061      16.130      10.254       3.938      -3.175
      74.328      71.414      68.860      64.126      63.681      67.901
      68.380      70.790      73.536      69.552      74.939      78.868
     2
     4     4     7     6    15    16    25    16    17     7     6     2
     4    11    14    10    16    15    15    33    19    22     7     6
     5     5     3     6    10    11    10    15     7     8     1     2
     1     2     5     6    10     8     9    13     8     8     3     5
     4    14    14    14    25    41    28    30    24    10    11     9
     1     5     4     5     7    12     7    12    12     5     8     0
     6    13     9     6    24    11     9    24    14     6     4     5
     4     1     5     2     4     8     8    10     4     3     2     4
     6     5    12     5    15    14    17    18    18     8     8     2
     0     2     5     7     4     9     7     8    11     2     1     4
     5    16     8     9    27    18    20    18    27    14    10    10
     6     7    14    11    13    20    32    36    19    16     4    10
     9    12    15    24    21    32    48    45    39    22    10     8
    26    33    47    29    52    66    88   109   106    67    43    43
     7     6    14     7    11    10    36    32    19    15     7     9
    14    21    25    13    31    34    33    51    51    32    22    18
     5     3    11    15    14    17    17    21    29    14     5     4
    13    22    15    22    33    54    56    57    49    37    26    20
     5     4     8    14     9    18    17    25    21    13     9     6
    18    19    15    20    20    30    47    40    34    22    12    16
     8     9     9    11     6    20    28    41    25    18    13    10
     8     7     7     6    16    27    24    32    19    14     6    11
    41    38    24    25    49    95   102   112    83    71    29    28
     9     8    15    14    24    21    62    47    40    25    17    11
    24    27    15    30    24    70    66    63    54    39    18    23
     7    13    12     7    17    19    30    46    27    15    10    10
    20     9    24    22    26    65    74    62    58    38    13    24
     3     5     9     5    12    13    20    27    24    14     5     4
    12    13    25    29    27    31    55    48    43    23    13    12
     3     8    12    16    18    27    48    48    23    28    12     7
     9     9    11    17    18    19    39    52    23    16    10    10
    22    22    16    32    46    65    88    75    59    32    22    17
     5     4     9     5    11    19    19    27    19    10     8     9
     9    16    21    22    34    32    41    29    33    16     9     9
     4    10     9    10    15    20    25    24    17     7     7     6
     6    14    20    14    28    35    38    27    36    22    20    13
     3
     8    17    22    32    40    48    36    40    37    33    15     6
     3    17    36    32    36    48    40    51    46    27    15    15
     4    10    14    21    30    29    31    40    25    10     5     4
    10    11    19    29    27    27    24    42    28    26    14     6
    21    30    41    33    56    54    37    54    51    32    22     8
     8    12    23    24    34    24    28    33    29    27    12    13
    24    20    44    22    44    42    29    37    30    24    25    12
     6     4    12    15    22    23    19    24    18    17    15     2
    11    17    26    22    29    32    29    29    25    13    18     5
     9    14    12    16    20    18    21    20    13    12     7     9
    16    23    41    23    44    42    31    41    32    25    30    10
    24    28    50    34    52    40    52    43    42    34    16    34
    30    34    68    53    62    79    70    88    74    63    37    43
    63    76   117    79   131   144   117   143   161   122    82    75
    42    24    47    52    46    84    70    76   107    84    54    52
    34    49    81    71   101    75    70   101    92    86    60    66
    33    18    39    27    46    52    55    49    71    55    31    49
    52    40    46    57    83    55    65    90    93    75    42    55
    37    29    31    21    48    47    33    59    45    29    28    34
    39    35    34    47    57    86    76    74    82    52    48    65
    36    25    32    30    58    72    53    78    68    72    34    51
    46    43    40    32    52    67    74    86    84    48    59    46
   118    91    93    91   147   193   212   212   173   148   104   108
    52    36    46    51    91   119   167   147   110    90    51    68
    91    62    63    69    99   195   186   177   141   132    72    75
    36    31    44    46    70    93   121   120    89    69    53    37
    67    51    79    75   103   120   154   166   103    88    62    57
    26    30    47    34    46    73    97    86    70    45    38    34
    55    44    69    77    89   104   137   127    93    81    50    48
    25    44    49    60    75    78    98   108    78    66    30    30
    29    35    34    60    68    87   104   115    47    59    38    48
    55    52    74   120   135   127   174   153   100    79    68    54
    18    18    31    46    55    65    80    59    43    29    25    20
    17    51    38    66    79    98    96    92    70    62    26    22
    13    36    32    44    59    58    78    68    51    50    27    20
    19    40    41    70    85    82    69   107    78    57    31    29
     4
     4    11    16    26    27    26    33    20    17    14    18     6
     5    19    12    21    34    25    26    18    23    15    14     4
     4    11    10    10    27    19    13    13     9     6     8     1
     3     6    11    16    30    23    17    15    12    15     5     3
    10    18    23    32    28    26    10    29    29    18    14     4
     5    11    20    16    29    16     8     8     7    15     8     2
     7    13    19    18    38    18    10    13    13    15    10     2
     9     5     7    16    20    17     2     8     8     9     9     4
     8     8    17    14    19     8    10     9    10     7     6     2
     9     1    14     5    16     5     3     5     4     7     9     6
    12    16    27    19    23    14     4    15    28     7    12    12
    16    13    26    23    30    21    24    23    20    15    12    13
    24    18    37    30    33    20    36    34    22    28    27    28
    34    50    85    81    83    61    56    35    67    75    55    63
    39    24    38    34    50    40    27    34    55    58    41    42
    32    34    58    64    80    35    23    38    60    56    63    56
    24    28    36    43    46    26    22    24    37    44    26    33
    22    26    34    26    48    24    30    32    47    43    42    28
    15    20    24    24    13    22    15    28    31    23    22    17
    33    27    36    26    26    40    22    32    45    33    36    32
    26    20    24    25    33    34    41    41    45    41    42    39
    35    21    32    30    41    59    48    56    53    49    42    45
   113    67    83    74   113   121   117   150   115   137    94    94
    54    47    50    50    74    99   106   100    92    79    73    68
    86    73    75    56    87   144   129   127    83    94    69    74
    67    39    41    40    58    86    67    54    65    67    39    63
    66    42    55    45    79    92    95    82    80    72    68    75
    45    28    45    34    54    64    61    61    51    51    34    46
    53    65    71    97    80    94   106   112    75    54    65    42
    33    40    64    63    43    62    62    64    61    46    40    39
    36    35    53    71    54    66    61    45    53    44    37    37
    39    50    99   102   124    91   111   104    72    62    61    38
    20    23    30    52    62    50    59    39    36    36    28    17
    16    28    45    60    88    60    68    65    40    50    32    14
    16    29    32    40    48    47    60    44    26    28    22     6
    18    37    28    46    68    35    39    44    43    31    23    18
     5
     4    24    39    42    50    33    36    22    19    12    17     6
     3    17    36    34    37    41    15     7    15    14     8     5
     3     8    21    22    32    15    16    15     8     5    18     2
     4    11    22    31    25    21     7    12     5     9     5     6
     9    10    51    68    36    25    20    18    32    21     6     7
     4     8    28    21    22    16    11    10    12     9    11     3
    13     6    27    17    27    15     8     6     8    10     3     2
     5    14    13    14    18     4     8     2     5     5     3     2
     8    11    15    22    14     6     3     4     5    10     6     3
     7    12     8    12    13     8     1     3     3     4     2     8
    14    12    44    21    30    13     8     9    12     4     6     9
    19    15    43    44    48    17    17    18    22    14    24    24
    52    25    56    76    47    25    20    21    33    23    44    39
    81    78   180   160   131    51    34    38    84    97    98   122
    59    58    88    95    66    25    14    27    75    69    94    73
    60    71   116   107    81    29    23    26    46    77   109    84
    36    31    53    57    41    17    23    11    35    65    42    33
    36    35    38    46    46    27    12    11    29    49    38    30
    17    14    23    32    30    22    22    10    25    24    23    20
    41    34    31    48    34    30    25    18    20    41    39    42
    25    39    62    46    42    47    33    22    39    44    51    36
    57    37    60    66    70    58    50    52    59    85    69    69
   183   117   137   118   149   141   134   119   146   181   162   193
   143   107   103    87   126   156   124   118   112   119   143   157
   218   146   158   101   155   149   143   106   123   159   140   220
   139    94    88    73    97    80    84    69    66    90   110   107
   203   109   171   164   148   144   104    98    97   125   130   169
   124   101   117   103    87    81    71    57    71    80    82    84
   168   130   185   233   156   136   125    97   101    98   152   151
   125   114   168   183   106   113    84    98    81   106   101   104
   102    93   147   175   126   136   107    64    75    87    97    91
   117   122   190   276   221   169   162   118   113   118   119   106
    36    57    78   102   116    94    74    56    45    68    48    45
    51    59   100   111   127    89    74    71    45    58    60    30
    22    47    58    54    95    59    59    46    41    37    23    21
     9    47    51    68    65    61    45    61    52    26    25    33
     6
     1     4     2     5     5     5     3     2     1     1     1     3
     0     1     3     4     6     4     2     3     0     0     2     0
     1     0     4     9     2     2     0     0     3     0     2     1
     5     1     7     8     5     4     1     2     0     1     0     2
     1     2     8    13     6     3     1     2     2     1     0     1
     0     1     1     1     0     1     0     0     0     0     0     0
     2     0     6     1     0     3     1     1     0     0     0     1
     0     2     4     3     0     1     0     0     0     0     1     0
     1     2     2     2     3     1     0     0     0     2     1     0
     0     5     0     2     0     0     0     0     0     2     0     1
     4     6     4     7     5     0     0     0     1     2     0     3
     4     6    11    15     5     3     1     1     1     2     3     4
    13    14    29    24    22     2     1     1     3     9    11     9
    22    22    64    35    22     6     1     4     5    21    18    29
    17    15    37    29     9     1     2     1     8    13    29    16
    17    25    25    19    16     0     1     1     2    15    21    13
     2     5    14    10     1     5     1     1     1     9     6     4
     1     4     5     9     4     3     0     1     1     6     4     3
     1     5     4     6     4     2     3     1     2     3     2     3
     3     4     8     8     8     2     2     1     0     6     9     2
     2     7     6     5     6     1     7     1     7     8    10    11
    14    11    16    15    16     7     2     9    12    21    18    12
    41    43    46    45    39    27    17    16    25    43    48    45
    69    32    55    23    37    28    15    10    17    32    50    36
    95    47    54    52    50    25    15     9    23    40    53    60
    53    26    31    28    34    26     7     5    12    18    39    40
    65    41    61    64    37    24    14    13    11    22    35    54
    48    64    38    58    29    24     6     8     7    17    23    25
    43    58    76    85    40    43    17    13    21    30    41    50
    37    47    69    68    41    33    18    14    13    26    41    34
    32    32    57    64    33    31     8    19    17    12    28    37
    37    47    59    63    39    31    18    11    11    28    39    43
    20    15    31    26    31    18    11     8     5     7    15    17
    12    15    23    30    21    22    18     9     9    12    15    12
     5    12    10    20    18     9     2     3     5     7     6     3
     5     6     8    12    20     9     3     4     6     2     3     8
     7
     0     0     0     0     1     0     0     0     0     0     0     0
     0     0     1     0     0     0     0     0     0     0     0     0
     1     0     1     0     1     0     0     0     0     0     0     0
     0     0     1     1     0     0     0     0     0     0     0     0
     0     0     0     1     1     0     0     0     0     0     0     0
     0     0     0     0     0     0     0     0     0     0     0     0
     0     0     0     0     0     0     0     0     0     0     0     0
     0     0     0     0     0     0     0     0     0     0     0     0
     0     0     0     0     0     0     0     0     0     0     0     0
     0     1     0     0     1     0     0     0     0     0     0     0
     1     0     0     1     0     0     1     0     0     0     0     0
     3     0     0     0     1     0     1     0     0     0     0     2
     0     2     1     2     1     0     0     0     1     0     2     0
     1     0     6     4     1     0     0     0     0     2     4     4
     0     0     2     1     0     0     0     0     0     1     1     2
     1     1     2     2     0     0     0     1     0     0     1     1
     0     0     0     0     1     0     0     0     0     0     0     0
     0     1     0     1     1     0     0     0     0     0     0     0
     0     0     0     1     0     0     0     0     0     0     0     0
     0     0     0     1     0     0     0     0     0     0     0     0
     1     1     0     1     0     0     0     0     0     0     0     0
     3     1     0     3     1     2     0     0     0     0     0     3
     5     2     8     3     6     3     0     0     0     3     1    10
     6     6     2     3     3     2     0     0     1     5     3     8
    13     2     9     4     3     0     1     0     1     2     4     2
     4     4     0     6     1     1     0     1     0     0     5     1
     6     3     6     3     4     2     0     1     1     4     1     9
     7     2     6     4     2     1     0     1     2     0     2     4
     3     1     4    15     1     0     3     0     1     1     4     7
     8     5     4     5     4     1     0     0     2     1     0     5
     3     4     2     5     2     1     2     1     0     0     2     1
     5     1     2    10     3     1     0     1     0     0     1     4
     0     0     0     2     2     1     2     0     0     0     1     1
     2     1     5     2     1     1     3     0     1     3     0     1
     0     0     0     1     0     0     0     0     1     0     0     0
     0     0     0     1     1     0     0     0     0     0     0     0
     8
     0     0     0     0     0     0     0     0     0     0     0     0
     0     0     1     0     0     0     0     0     0     0     0     0
     0     0     0     2     0     0     0     0     0     0     0     1
     0     0     1     2     0     0     0     0     0     0     0     0
     0     0     1     1     0     0     0     0     0     0     0     0
     0     0     0     0     0     0     0     0     0     0     0     1
     0     0     0     0     0     0     0     0     0     0     0     0
     0     0     0     0     0     0     0     0     0     0     0     0
     0     0     0     0     0     0     0     0     0     0     0     0
     0     0     1     0     0     0     0     0     1     0     0     0
     1     3     0     1     0     0     0     0     0     0     0     0
     1     1     1     1     0     0     0     0     0     0     1     0
     1     3     2     0     0     0     0     0     0     0     2     1
     3     1    11     5     2     0     0     0     0     0     2     5
     2     1     5     4     0     0     0     0     0     0     2     0
     2     0     5     0     0     0     0     0     0     0     0     1
     0     0     0     1     0     0     0     0     0     1     2     0
     0     0     0     0     0     0     0     0     0     0     1     0
     0     0     1     0     0     0     0     0     0     0     1     0
     0     0     1     0     1     0     0     0     0     1     0     0
     0     1     1     1     1     1     0     0     0     0     0     0
     0     2     1     1     1     0     0     0     1     0     0     0
     9     1     4    10     4     2     0     0     0     3     2    12
    15     7    16     7     5     2     2     0     2     1     9     7
    20     9    21    15     7     4     2     0     3     3     3    15
    17     4    19    10     8     1     0     0     0     1    10     9
    15    11    13    13     7     1     0     0     0     2     4     5
     9     9    14     8     0     2     0     1     0     4     2     4
     6     7    15    25     5     3     0     2     0     5     3    11
     7    10    12     9     6     0     1     0     0     3     3     6
     6     6    12     6     5     3     0     3     1     3     4     2
     8     5     9     9     4     2     1     2     1     0     4     7
     0     2     1     2     4     1     1     2     1     1     4     1
     3     2     3     3     2     1     0     1     0     0     1     2
     0     1     0     1     3     0     0     0     0     0     0     0
     0     3     0     1     0     0     0     0     0     0     0     0
     9
     0     0     0     0     0     0     0     0     0     0     0     0
     0     0     0     0     0     0     0     0     0     0     0     0
     0     0     0     0     0     0     0     0     0     0     0     0
     0     0     0     0     0     0     0     0     0     0     0     0
     0     0     0     0     0     0     0     0     0     0     0     0
     0     0     0     0     0     0     0     0     0     0     0     0
     0     0     0     0     0     0     0     0     0     0     0     0
     0     0     0     0     0     0     0     0     0     0     0     0
     0     0     0     0     0     0     0     0     0     0     0     0
     0     0     0     0     0     0     0     0     0     0     0     0
     0     0     0     0     0     0     0     0     0     0     0     1
     0     0     0     0     0     0     0     0     0     0     0     0
     0     0     0     0     0     0     0     0     0     0     0     0
     0     0     0     0     0     0     0     0     0     0     3     0
     0     0     0     0     0     0     0     0     0     0     0     0
     0     0     0     0     0     0     0     0     0     0     0     0
     0     0     0     0     0     0     0     0     0     0     0     0
     0     0     0     0     0     0     0     0     0     0     0     0
     0     0     0     0     0     0     0     0     0     0     0     0
     0     0     0     0     0     0     0     0     0     0     0     0
     0     0     0     0     0     0     0     0     0     0     0     0
     1     0     0     1     0     0     0     0     0     0     0     0
     0     0     2     0     0     0     0     0     0     1     0     0
     1     1     0     1     0     0     0     0     0     0     0     0
     0     0     0     1     1     0     0     0     0     0     0     0
     3     0     1     1     1     0     0     1     0     0     0     1
     1     0     1     2     1     0     0     0     0     0     1     2
     0     0     0     1     0     0     0     0     0     0     0     0
     0     2     0     1     0     0     0     0     0     0     0     0
     0     0     0     1     1     0     0     0     0     0     0     0
     0     0     0     1     0     0     0     0     0     0     0     0
     1     1     1     0     0     0     0     0     0     0     0     0
     0     0     0     0     0     0     0     0     0     0     0     0
     0     0     0     0     0     0     0     0     0     0     0     0
     0     0     0     0     0     0     0     0     0     0     0     0
     0     0     0     0     0     0     0     0     0     0     0     0
    10
     0     0     0     0     0     0     0     0     0     0     0     0
     0     0     0     0     0     0     0     0     0     0     0     0
     0     0     0     0     0     0     0     0     0     0     0     0
     0     0     0     0     0     0     0     0     0     0     0     0
     0     0     0     0     0     0     0     0     0     0     0     0
     0     0     0     0     0     0     0     0     0     0     0     0
     0     0     0     0     0     0     0     0     0     0     0     0
     0     0     0     0     0     0     0     0     0     0     0     0
     0     0     0     0     0     0     0     0     0     0     0     0
     0     0     0     0     0     0     0     0     0     0     0     0
     0     0     0     0     0     0     0     0     0     0     0     0
     0     0     0     0     0     0     0     0     0     0     0     0
     0     0     0     0     0     0     0     0     0     0     0     0
     0     0     0     0     0     0     0     0     0     0     0     0
     0     0     0     0     0     0     0     0     0     0     0     0
     0     0     0     0     0     0     0     0     0     0     0     0
     0     0     0     0     0     0     0     0     0     0     0     0
     0     0     0     0     0     0     0     0     0     0     0     0
     0     0     0     0     0     0     0     0     0     0     0     0
     0     0     0     0     0     0     0     0     0     0     0     0
     0     0     0     0     0     0     0     0     0     0     0     0
     0     0     0     0     0     0     0     0     0     0     0     0
     1     0     0     0     1     0     0     0     0     0     0     0
     0     0     0     1     0     0     0     0     0     0     0     0
     2     0     3     2     0     0     0     0     0     0     0     0
     0     0     0     0     0     0     0     0     0     0     0     0
     0     0     1     0     0     0     0     0     0     0     0     0
     0     0     1     0     0     0     0     0     0     0     0     0
     0     0     0     0     0     0     0     0     0     0     0     0
     0     0     0     0     0     0     0     0     0     0     0     0
     0     0     0     0     0     0     0     0     0     0     0     0
     0     0     0     0     0     0     0     0     0     0     0     0
     0     0     0     0     0     0     0     0     0     0     0     0
     0     0     0     0     0     0     0     0     0     0     0     0
     0     0     0     0     0     0     0     0     0     0     0     0
     0     0     0     0     0     0     0     0     0     0     0     0
    11
     0     0     0     0     0     0     0     0     0     0     0     0
     0     0     0     0     0     0     0     0     0     0     0     0
     0     0     0     0     0     0     0     0     0     0     0     0
     0     0     0     0     0     0     0     0     0     0     0     0
     0     0     0     0     0     0     0     0     0     0     0     0
     0     0     0     0     0     0     0     0     0     0     0     0
     0     0     0     0     0     0     0     0     0     0     0     0
     0     0     0     0     0     0     0     0     0     0     0     0
     0     0     0     0     0     0     0     0     0     0     0     0
     0     0     0     0     0     0     0     0     0     0     0     0
     0     0     0     0     0     0     0     0     0     0     0     0
     0     1     0     0     0     0     0     0     0     0     0     0
     0     0     0     0     0     0     0     0     0     0     0     0
     0     0     2     0     0     0     0     0     0     0     1     0
     0     0     0     0     0     0     0     0     0     0     0     0
     0     0     1     0     0     0     0     0     0     0     0     0
     0     0     0     0     0     0     0     0     0     0     1     0
     0     0     0     0     0     0     0     0     0     0     0     0
     0     0     0     0     0     0     0     0     0     0     0     0
     0     0     1     0     0     0     0     0     0     0     0     0
     0     0     0     0     0     0     0     0     0     0     0     0
     1     0     0     0     0     0     0     0     0     0     0     0
     0     0     1     1     0     0     0     0     0     0     0     1
     1     0     2     0     0     0     0     0     0     0     0     0
     0     0     3     0     0     0     0     0     0     0     0     0
     1     0     5     0     0     0     0     0     0     0     0     0
     1     0     2     0     1     0     0     0     0     0     0     0
     0     0     1     1     1     0     0     0     0     0     0     0
     0     0     3     0     2     0     0     0     0     0     0     0
     2     0     0     1     0     0     0     0     0     0     1     0
     0     0     0     1     0     0     0     0     0     0     0     0
     0     0     1     0     1     0     0     0     0     0     0     0
     0     0     1     0     1     0     0     0     0     0     0     0
     0     0     0     0     0     0     0     0     0     0     0     0
     0     0     0     0     0     0     0     0     0     0     0     0
     0     0     0     0     0     0     0     0     0     0     0     0
    12
     0     0     0     0     0     0     0     0     0     0     0     0
     0     0     0     0     0     0     0     0     0     0     0     0
     0     0     0     0     0     0     0     0     0     0     0     0
     0     0     0     0     0     0     0     0     0     0     0     0
     0     0     0     0     0     0     0     0     0     0     0     0
     0     0     0     0     0     0     0     0     0     0     0     0
     0     0     0     0     0     0     0     0     0     0     0     0
     0     0     0     0     0     0     0     0     0     0     0     0
     0     0     0     0     0     0     0     0     0     0     0     0
     0     0     0     0     0     0     0     0     0     0     0     0
     0     0     0     0     0     0     0     0     0     0     0     0
     0     0     0     0     0     0     0     0     0     0     0     0
     0     0     0     0     0     0     0     0     0     0     0     0
     0     0     0     0     0     0     0     0     0     0     1     0
     0     0     0     0     0     0     0     0     0     0     0     0
     0     0     0     0     0     0     0     0     0     0     0     0
     0     0     0     0     0     0     0     0     0     0     0     0
     0     0     0     0     0     0     0     0     0     0     0     0
     0     0     0     0     0     0     0     0     0     0     0     0
     0     0     0     0     0     0     0     0     0     0     0     0
     0     0     0     0     0     0     0     0     0     0     0     0
     0     0     0     0     0     0     0     0     0     0     0     0
     0     0     0     1     0     0     0     0     0     0     0     0
     0     0     0     0     0     0     0     0     0     0     0     0
     0     0     1     0     0     0     0     0     0     0     0     0
     0     0     1     1     0     0     0     0     0     0     0     0
     0     0     0     0     0     0     0     0     0     0     0     0
     1     0     0     0     0     0     0     0     0     0     0     0
     0     0     0     0     0     0     0     0     0     0     0     0
     0     0     0     0     0     0     0     0     0     1     0     0
     0     0     0     1     0     0     0     0     0     0     0     0
     0     0     0     0     0     0     0     0     0     0     0     0
     0     0     0     0     0     0     0     0     0     0     0     0
     0     0     0     0     0     0     0     0     0     0     0     0
     0     0     0     0     0     0     0     0     0     0     0     0
     0     0     0     0     0     0     0     0     0     0     0     0
    13
     0     0     0     0     0     0     0     0     0     0     0     0
     0     0     0     0     0     0     0     0     0     0     0     0
     0     0     0     0     0     0     0     0     0     0     0     0
     0     0     0     0     0     0     0     0     0     0     0     0
     0     0     0     0     0     0     0     0     0     0     0     0
     0     0     0     0     0     0     0     0     0     0     0     0
     0     0     0     0     0     0     0     0     0     0     0     0
     0     0     0     0     0     0     0     0     0     0     0     0
     0     0     0     0     0     0     0     0     0     0     0     0
     0     0     0     0     0     0     0     0     0     0     0     0
     0     0     0     0     0     0     0     0     0     0     0     0
     0     0     0     0     0     0     0     0     0     0     0     0
     0     0     0     0     0     0     0     0     0     0     0     0
     0     0     0     0     0     0     0     0     0     0     0     0
     0     0     0     0     0     0     0     0     0     0     0     0
     0     0     0     0     0     0     0     0     0     0     0     0
     0     0     0     0     0     0     0     0     0     0     0     0
     0     0     0     0     0     0     0     0     0     0     0     0
     0     0     0     0     0     0     0     0     0     0     0     0
     0     0     0     0     0     0     0     0     0     0     0     0
     0     0     0     0     0     0     0     0     0     0     1     0
     0     0     0     0     0     0     0     0     0     0     0     0
     0     0     0     0     0     0     0     0     0     0     0     0
     0     0     0     0     0     0     0     0     0     0     0     0
     0     0     0     0     0     0     0     0     0     0     0     0
     0     0     0     0     0     0     0     0     0     0     0     0
     0     0     0     0     0     0     0     0     0     0     0     0
     0     0     0     0     0     0     0     0     0     0     0     0
     0     0     0     0     0     0     0     0     0     0     0     0
     0     0     0     0     0     0     0     0     0     0     0     0
     0     0     0     0     0     0     0     0     0     0     0     0
     0     0     0     0     0     0     0     0     0     0     0     0
     0     0     0     0     0     0     0     0     0     0     0     0
     0     0     0     0     0     0     0     0     0     0     0     0
     0     0     0     0     0     0     0     0     0     0     0     0
     0     0     0     0     0     0     0     0     0     0     0     0
    14
     0     0     0     0     0     0     0     0     0     0     0     0
     0     0     0     0     0     0     0     0     0     0     0     0
     0     0     0     0     0     0     0     0     0     0     0     0
     0     0     0     0     0     0     0     0     0     0     0     0
     0     0     0     0     0     0     0     0     0     0     0     0
     0     0     0     0     0     0     0     0     0     0     0     0
     0     0     0     0     0     0     0     0     0     0     0     0
     0     0     0     0     0     0     0     0     0     0     0     0
     0     0     0     0     0     0     0     0     0     0     0     0
     0     0     0     0     0     0     0     0     0     0     0     0
     0     0     0     0     0     0     0     0     0     0     0     0
     0     0     0     0     0     0     0     0     0     0     0     0
     0     0     0     0     0     0     0     0     0     0     0     0
     0     0     0     0     0     0     0     0     0     0     0     0
     0     0     0     0     0     0     0     0     0     0     0     0
     0     0     0     0     0     0     0     0     0     0     0     0
     0     0     0     0     0     0     0     0     0     0     0     0
     0     0     0     0     0     0     0     0     0     0     0     0
     0     0     0     0     0     0     0     0     0     0     0     0
     0     0     0     0     0     0     0     0     0     0     0     0
     0     0     0     0     0     0     0     0     0     0     0     0
     0     0     0     0     0     0     0     0     0     0     0     0
     0     0     0     0     0     0     0     0     0     0     0     0
     0     0     0     0     0     0     0     0     0     0     0     0
     0     0     0     0     0     0     0     0     0     0     0     0
     0     0     0     0     0     0     0     0     0     0     0     0
     0     0     0     0     0     0     0     0     0     0     0     0
     0     0     0     0     0     0     0     0     0     0     0     0
     0     0     0     0     0     0     0     0     0     0     0     0
     0     0     0     0     0     0     0     0     0     0     0     0
     0     0     0     0     0     0     0     0     0     0     0     0
     0     0     0     0     0     0     0     0     0     0     0     0
     0     0     0     0     0     0     0     0     0     0     0     0
     0     0     0     0     0     0     0     0     0     0     0     0
     0     0     0     0     0     0     0     0     0     0     0     0
     0     0     0     0     0     0     0     0     1     0     0     0
    15
     0     0     0     0     0     0     0     0     0     0     0     0
     0     0     0     0     0     0     0     0     0     0     0     0
     0     0     0     0     0     0     0     0     0     0     0     0
     0     0     0     0     0     0     0     0     0     0     0     0
     0     0     0     0     0     0     0     0     0     0     0     0
     0     0     0     0     0     0     0     0     0     0     0     0
     0     0     0     0     0     0     0     0     0     0     0     0
     0     0     0     0     0     0     0     0     0     0     0     0
     0     0     0     0     0     0     0     0     0     0     0     0
     0     0     0     0     0     0     0     0     0     0     0     0
     0     0     0     0     0     0     0     0     0     0     0     0
     0     0     0     0     0     0     0     0     0     0     0     0
     0     0     0     0     0     0     0     0     0     0     0     0
     0     0     0     0     0     0     0     0     0     0     0     0
     0     0     0     0     0     0     0     0     0     0     0     0
     0     0     0     0     0     0     0     0     0     0     0     0
     0     0     0     0     0     0     0     0     0     0     0     0
     0     0     0     0     0     0     0     0     0     0     0     0
     0     0     0     0     0     0     0     0     0     0     0     0
     0     0     0     0     0     0     0     0     0     0     0     0
     0     0     0     0     0     0     0     0     0     0     0     0
     0     0     0     0     0     0     0     0     0     0     0     0
     0     0     0     0     0     0     0     0     0     0     0     0
     0     0     0     0     0     0     0     0     0     0     0     0
     0     0     0     0     0     0     0     0     0     0     0     0
     0     0     0     0     0     0     0     0     0     0     0     0
     0     0     0     0     0     0     0     0     0     0     0     0
     0     0     0     0     0     0     0     0     0     0     0     0
     0     0     0     0     0     0     0     0     0     0     0     0
     0     0     0     0     0     0     0     0     0     0     0     0
     0     0     0     0     0     0     0     0     0     0     0     0
     0     0     0     0     0     0     0     0     0     0     0     0
     0     0     0     0     0     0     0     0     0     0     0     0
     0     0     0     0     0     0     0     0     0     0     0     0
     0     0     0     0     0     0     0     0     0     0     0     0
     0     0     0     0     0     0     0     0     0     0     0     0
    16
     0     0     0     0     0     0     0     0     0     0     0     0
     0     0     0     0     0     0     0     0     0     0     0     0
     0     0     0     0     0     0     0     0     0     0     0     0
     0     0     0     0     0     0     0     0     0     0     0     0
     0     0     0     0     0     0     0     0     0     0     0     0
     0     0     0     0     0     0     0     0     0     0     0     0
     0     0     0     0     0     0     0     0     0     0     0     0
     0     0     0     0     0     0     0     0     0     0     0     0
     0     0     0     0     0     0     0     0     0     0     0     0
     0     0     0     0     0     0     0     0     0     0     0     0
     0     0     0     0     0     0     0     0     0     0     0     0
     0     0     0     0     0     0     0     0     0     0     0     0
     0     0     0     0     0     0     0     0     0     0     0     0
     0     0     0     0     0     0     0     0     0     0     0     0
     0     0     0     0     0     0     0     0     0     0     0     0
     0     0     0     0     0     0     0     0     0     0     0     0
     0     0     0     0     0     0     0     0     0     0     0     0
     0     0     0     0     0     0     0     0     0     0     0     0
     0     0     0     0     0     0     0     0     0     0     0     0
     0     0     0     0     0     0     0     0     0     0     0     0
     0     0     0     0     0     0     0     0     0     0     0     0
     0     0     0     0     0     0     0     0     0     0     0     0
     0     0     0     0     0     0     0     0     0     0     0     0
     0     0     0     0     0     0     0     0     0     0     0     0
     0     1     0     0     0     0     0     0     0     0     0     0
     0     0     0     0     0     0     0     0     0     0     0     0
     0     0     0     0     0     0     0     0     0     0     0     0
     0     0     0     0     0     0     0     0     0     0     0     0
     0     0     0     0     0     0     0     0     0     0     0     0
     0     0     0     0     0     0     0     0     0     0     0     0
     0     0     0     0     0     0     0     0     0     0     0     0
     0     0     0     0     0     0     0     0     0     0     0     0
     0     0     0     0     0     0     0     0     0     0     0     0
     0     0     0     0     0     0     0     0     0     0     0     0
     0     0     0     0     0     0     0     0     0     0     0     0
     0     0     0     0     0     0     0     0     0     0     0     0
    17
     0     0     0     0     0     0     0     0     0     0     0     0
     0     0     0     0     0     0     0     0     0     0     0     0
     0     0     0     0     0     0     0     0     0     0     0     0
     0     0     0     0     0     0     0     0     0     0     0     0
     0     0     0     0     0     0     0     0     0     0     0     0
     0     0     0     0     0     0     0     0     0     0     0     0
     0     0     0     0     0     0     0     0     0     0     0     0
     0     0     0     0     0     0     0     0     0     0     0     0
     0     0     0     0     0     0     0     0     0     0     0     0
     0     0     0     0     0     0     0     0     0     0     0     0
     0     0     0     0     0     0     0     0     0     0     0     0
     0     0     0     0     0     0     0     0     0     1     0     0
     0     0     0     0     0     0     0     0     0     0     0     0
     0     0     0     0     0     0     0     0     0     0     0     0
     0     0     0     0     0     0     0     0     0     0     0     0
     0     0     0     0     0     0     0     0     0     0     0     0
     0     0     0     0     0     0     0     0     0     0     0     0
     0     0     0     0     0     0     0     0     0     0     0     0
     0     0     0     0     0     0     0     0     0     0     0     0
     0     0     0     0     0     0     0     0     0     0     0     0
     0     0     0     0     0     0     0     0     0     0     0     0
     0     0     0     0     0     0     0     0     0     0     0     0
     0     0     0     0     0     0     0     0     0     0     0     0
     0     0     0     0     0     0     0     0     0     0     0     0
     0     0     0     0     0     0     0     0     0     0     0     0
     0     0     0     0     0     0     0     0     0     0     0     0
     0     0     0     0     0     0     0     0     0     0     0     0
     0     0     0     0     0     0     0     0     0     0     0     0
     0     0     0     0     0     0     0     0     0     0     0     0
     0     0     0     0     0     0     0     0     0     0     0     0
     0     0     0     0     0     0     0     0     0     0     0     0
     0     0     0     0     0     0     0     0     0     0     0     0
     0     0     0     0     0     0     0     0     0     0     0     0
     0     0     0     0     0     0     0     0     0     0     0     0
     0     0     0     0     0     0     0     0     0     0     0     0
     0     0     0     0     0     0     0     0     0     0     0     0
