25
West Palm Beach, FL 12844
     0
      18.200      18.200      21.100      22.700      25.000      26.100
      27.200      27.700      26.700      25.000      22.200      19.300
      21.700      22.200      23.200      25.000      26.700      28.200
      29.300      30.000      28.800      27.200      24.300      22.700
      24.300      24.300      25.600      26.700      28.200      30.000
      31.100      31.100      30.600      28.200      26.700      25.000
      55.000      54.000      54.000      51.000      56.000      63.000
      63.000      63.000      63.000      59.000      58.000      56.000
      64.000      64.000      63.000      60.000      65.000      70.000
      70.000      69.000      70.000      67.000      67.000      65.000
      76.000      75.000      74.000      71.000      76.000      80.000
      79.000      77.000      79.000      77.000      77.000      75.000
       3.100       3.100       3.100       3.100       2.700       2.400
       2.400       2.400       2.400       3.100       3.100       3.100
       4.000       4.400       4.400       4.400       4.000       3.500
       3.500       3.500       3.500       4.000       4.400       4.000
       5.200       5.500       5.500       5.500       5.200       4.800
       4.400       4.400       4.800       5.200       5.500       5.200
     330.000     120.000     120.000     110.000     100.000     120.000
     120.000     120.000      90.000      60.000      80.000     110.000
     1
      20.713      21.202      22.853      24.560      26.481      27.959
      28.993      29.229      28.540      26.588      23.854      21.676
      65.080      64.408      64.108      61.450      66.403      71.957
      70.961      70.526      71.477      67.927      67.711      65.677
     2
     1     4     6     5     6    15    14    19    11     5     7     4
     4     8     2    10    13     9    10     9    11     9     6     9
     5     4     3     3     6     8     8     3     9     6     5     6
     2     3     0     1     3    11    14    11    12     9     3     2
     6     7     3     6     9    15     6    13    14     5     8     4
     4     4     3     4     9    13     6     6     7     4     1     3
     4     6     5     3     7     9    11    17    17     3     8     4
     8     5     3     3     8     8     8     9     7     2     6     4
     4     3     2     6    10    14    20    25    14     6     9     8
     0     4     2     3     9     4    20    15    14     5     4     2
     5    11     9     4    13    20    20    19    19     8     3    12
    13    14    10     7    15    31    22    17    14    16     6     3
     4     9    15    13     9    25    31    28    21    10     8     9
     6     7     9    12    23    33    38    35    16    13    10    12
     8     9     7     6    15    20    18    26    23     3     5    10
    10     8     9    13    22    39    25    33    25     5    10    13
     6    15    13     7    16    21    34    24    15    10     9     4
    12    18    28    18    29    63    64    57    44    15    13    15
     5     8    10    19    22    40    29    37    18    13    11     9
     6     5    13    10    19    34    30    32    32     9     7     8
     4    10    11     8    20    23    36    42    17    12     5     5
    10    16    11     8    21    25    31    44    16     8     6     5
    12    11    14    14    30    55    44    52    27    19    15    10
    12    15    13    14    13    26    31    34    18    18    12    13
    10    16    14    14    17    27    39    47    28    28    13    10
     8     8    16    11    21    23    34    29    19    22    15     7
    13    14    16    19    23    24    29    34    34    20    12    10
    17    10     8    32    19    19    35    32    33    16    22    14
    16    16    24    28    25    34    40    38    37    18    26    15
    16    17     9    20    20    19    32    24    37    19    22    16
    16    36    14    15    20    32    33    30    28    16    28    23
    23    25    22    25    32    28    61    37    33    31    27    40
    22    13     9    13    23    28    23    28    27    24    23    22
    30    20    13    17    35    47    45    49    42    24    31    22
    10    10     7    10    17    32    33    33    29    15    17    15
    18    15    15    14    15    32    26    31    48    24    20    13
     3
    23     8    19    11     8    30    15    16    30    24    28    17
    16    23    19    11    19    28    22    23    39    37    22    27
    17    13    15    14     8    10    12    21    24    17    16    16
    12    11     6    17    19    19    24    18    31    18    24    15
    25    21    20    22    21    39    25    29    65    41    33    27
    18    20    15    20    37    38    29    31    52    45    29    16
    18    20    30    32    47    50    30    56    86    49    38    34
    12    30    21    16    25    31    56    41    70    41    17    15
    27    34    23    47    57    74    77   102   106    62    33    33
    15    20    31    26    43    60    72    68    51    38    21    12
    23    37    37    50    75   104   120   119   112    46    42    31
    19    40    43    56    70   113   158   128    85    57    29    43
    30    34    44    51    73   112   152   139    74    37    45    37
    29    41    54    51    81   139   151   151    92    36    61    42
    26    22    32    32    37    61    98    69    25    13    25    28
    44    32    47    42    57   101   108   100    61    28    33    37
    21    24    30    28    55    77    57    70    24    24    21    24
    49    41    65    45    85   135   122    94    61    32    24    42
    22    12    22    12    34    70    61    43    46    13    11    19
    24    35    38    27    45    85    75    76    52    12    27    32
    16    24    24    30    30    58    57    40    40    27    13    14
    17    13    31    33    49    57    52    47    44    17    14    18
    36    39    37    47    66    88   111    99    54    25    29    29
    32    23    20    43    52    54    53    58    57    22    26    17
    26    40    29    49    68    67    94    67    46    37    26    31
    14    22    18    21    40    37    54    37    22    16    15    12
    39    27    34    38    32    67    59    54    37    33    42    37
    29    26    32    21    22    25    27    21    20    18    17    22
    51    58    40    45    51    52    65    50    39    51    50    66
    46    45    39    32    19    35    31    26    38    52    51    38
    41    50    39    28    31    21    33    32    49    50    49    57
    96    65    58    46    44    39    47    63    66    87   113   100
    66    53    38    38    36    30    30    38    46    54    54    56
    80    65    65    35    61    60    37    37    87    72   101    94
    44    39    35    29    29    29    29    30    50    59    32    39
    64    53    41    41    51    47    39    47    68    56    56    59
     4
    25    17    12    18    10     4    10     8    17    22    28    16
    29    18    23    28    15    13    14     7    15    36    31    21
    15    25    18    24    14    14    12    16    36    30    30    23
    22    15    33    42    20    30    19    22    40    43    29    33
    35    22    53    50    58    53    26    52    89    75    46    38
    18    32    41    50    49    50    47    45   102    58    43    36
    29    41    48    55    82    78    67    68   149    90    82    37
    17    38    32    50    55    71    58    79   120    62    51    28
    48    52    55    95   108   105   142   188   187   112    82    56
    30    37    49    67    85    88   149   157   124    69    49    40
    38    43    69    66   140   161   239   215   157    90    67    63
    44    54    72    74   131   151   182   195    87    68    58    53
    33    46    73    75   103   142   166   158    66    43    48    40
    61    51   119    74   116   168   162   141    77    43    50    56
    39    33    43    40    52    71    76    79    19    26    24    36
    44    48    57    49    58    91    78    72    36    17    33    41
    33    29    41    22    22    57    39    21    26    14    21    22
    37    40    37    29    32    53    69    46    30    12    27    27
    15    20    19    21    22    31    27    23    18    12    13    12
    21    18    32    21    26    44    35    33    21     9    20    19
    11    13    13    11    21    33    22    16    16    18    11    16
    11    15    23    25    25    36    22    20    12    20    17    18
    29    19    15    37    35    55    47    49    21    20    20    22
    20    22    14    34    29    37    28    23    14    22    10    16
    24    36    21    27    43    39    48    26    25    13    28    23
    12    24    15    31    19    23    17    16     9    21    17    16
    23    30    22    21    21    23    32    23    14    16    16    20
    22    25    14    20     9    13    13    19    12    10    19    13
    43    27    22    31    20    17    24    13    13    33    26    29
    29    26    16    32    12    13    13    14    13    27    26    31
    52    35    25    34    17     8    12     9    18    51    37    46
    72    71    69    39    20    17    21     9    12    68    92    96
    63    54    45    29     9     8    10    13    16    40    47    64
    71    67    51    42    21     8    12     7    18    58    63    90
    40    34    29    21    12     8     8    13    12    32    40    47
    46    39    43    21    21    21    10    11    21    58    41    53
     5
    28    28    27    14     6     2     6     7    25    45    38    36
    41    31    40    37    28    21     6    12    30    73    48    39
    16    27    26    31    24    13    14    19    37    57    41    26
    15    41    50    53    46    32    19    18    57    94    42    28
    39    43    83    73    99    65    40    52   117   174    75    44
    36    39    59    65   132    90    50    74   120   126    63    42
    60    87    80   126   170   114    79   115   247   219   129   104
    53    64    87    87   137   103   118   114   151   171   123    77
    73    78   125   175   200   166   236   232   245   172   156   107
    42    52    89   109   154   140   198   185   115   103    86    78
    64    62   121   159   249   258   319   301   189   117    96    76
    53    55   120   124   167   212   266   204   105    57    84    66
    67    68   116   130   200   166   232   154    84    62    61    71
    89    98   198   182   199   181   247   223    89    47    67    95
    75    55    79    83    75    66    62    76    19    29    43    47
    94    97   129   109    79   102    83    76    30    28    67    65
    33    40    49    34    33    37    17    24    10    16    23    58
    44    39    43    36    36    54    33    25    19    11    23    42
    21    15    12     7    16    22    12    11    17    14     8    18
    30    25    37    25    11    36    12    20    21     7    11    35
     8    19    15     9    15    18     7    10     6     9    16    23
    13    20    13    16    20    22    13    15    12     9    11    11
    47    30    40    37    24    42    15    25    19    19    21    26
    22    12    31    23    21    30    19     9    14     9    16    13
    24    36    31    38    36    24    31    20    16    16    14    18
    11    27    17    25    16    12    12     3     6    13     9    11
    20    44    31    23    22    29    34    17    14    12    22    14
    24    27    17    19    14    10    15     7    13     6    17    21
    56    44    41    47    27    17    17    11    15    24    53    46
    55    36    27    19    18    11     7     5     6    13    26    34
    59    52    44    25     6     9     4     9    10    38    51    52
   109    90    49    42    19     9    15     9     6    55   105   101
    71    50    29    18     6     4     3     5     7    26    51    69
    99    92    64    46    12    10     4     5     8    46    81   119
    42    35    29    24    17     0     1     5     9    36    32    46
    58    61    62    40    27     5     6     6    20    70    61    81
     6
    19    17    25    28    10     2     1     4    17    36    32    18
    20    24    30    35    30     6     5     5    20    84    40    27
    13    16    33    37    34    14    10    16    36    78    35    10
    21    19    40    37    50    37    13    21    46   111    47    28
    31    28    51    67    87    54    17    28    70   173    88    38
    31    23    60    57   101    41    24    53    77   129    88    41
    62    69    89   124   177    65    41    62   148   228   157    84
    76    56    78    89   134    61    55    92   105   120   136    94
    76    78   104   127   179    93   104   127   111   125   157   144
    63    51    77    74   117    71    91    95    74    45    75    84
    55    63   119   100   156   109   149   137    81    45    59    69
    33    57   102   107   160   100   114   126    68    39    44    58
    50    66   128   119   151   106   103    83    59    23    35    61
    85    97   215   140   119   105    94    81    45    27    49    71
    51    64   104    66    58    30    37    29    14    11    24    40
    66   103   132   114    58    47    39    34    25    14    25    57
    36    54    43    14    14    18     9     3    11     4    14    24
    29    35    37    32    18    22     7    18    12     3    10    21
    13    17    29     8     3     9     3     8     7     4     3     7
    12    29    33    13     7    12     5     6    10     4    14    11
    13    16    15    10    13    10     3     3     6     3     6    12
    13    18    14    17     7     5     5    10     5     3     4    14
    30    26    38    26    18    14     7     6    11     7    12    10
    13    13    14    21    16     8     4     5     4     1     3    11
    15    29    15    25    18    11     7     4     9     7     9     6
    11    16    17    23    19     4     3     2     3     3     3     4
    19    29    22    29    18     8    11     8     3     7     7    14
    14    31    21    18     2     5     4     3     4     7    10    11
    41    47    39    46     9     2     6     5     1    16    20    25
    29    39    28    22     4     3     4     0     2     9    14    22
    38    35    36    18     5     1     1     1     1     6    22    49
    78    56    44    22     5     1     1     6     1    27    54    77
    48    45    29    11     6     0     5     0     2    20    34    45
    65    44    46    18     9     4     0     3     3    24    52    78
    38    37    25    16     2     3     2     2     4    19    26    35
    42    51    34    30    15     1     4     1     9    42    32    54
     7
     4     7     6     5     4     0     0     2     4    10     5     1
     2     6    10    13     8     1     1     0     3    26     9     6
     4     5     7     7    12     1     1     1     7    30    14     2
     5     7    12     9    14     9     1     2    13    46    16     6
     7    10    22    21    31    12     1     4    26    65    38     8
    14    13    24    29    24    16     3     2    17    60    36    18
    31    22    35    59    55    10    13    13    24    88    91    28
    30    28    26    39    35    13     9     9    22    29    56    37
    45    37    47    55    42    13    12    18    27    27    70    47
    19    15    25    24    29    12    15    10    19     6    27    30
    17    22    26    27    35    17    25     8    14    11    22    23
    10    15    32    42    36    22    20    15    14    10     8    17
    10    32    27    46    27    20    21    10    13     7    14    10
    15    46    82    35    23    28    22    14    11    12     7    18
    18    25    46    34    12    16     4     4     5     6     7     9
    22    55    62    39    18    13    11     9     2     5     6    21
    11    13    17     8     4     3     1     4     2     1     1     4
     8    19     5     2     1     3     1     2     3     2     1     4
     2     4     3     1     0     1     2     1     5     2     0     7
     1    13    10     4     4     0     1     1     2     0     2     2
     6     3     8     2     1     0     1     1     2     1     0     6
     5     6     7     6     1     3     2     1     1     0     1     4
     3     7    13    11     2     5     0     0     2     0     1     2
     3     3    17    11     6     2     2     1     2     0     0     0
     8     7     7     5     3     3     2     1     3     0     3     3
     4     7     5     9     1     2     0     1     3     1     0     2
     4    10    11     9     4     1     1     3     1     1     4     3
    10     9    10    10     2     1     1     3     0     2     1     0
    19    16    17    15     0     0     3     0     1     2     7    16
    14     7    11     3     0     0     1     0     0     1     4     6
    10    14    15     5     2     0     0     0     0     3     3    13
    15    10    13    16     0     0     0     0     0    10    15    16
    11    17     3     2     0     1     0     0     0     3     9    20
    18    14    10     3     0     1     0     0     1     6    17    20
     9     9     5     4     3     0     0     1     1    10    15    18
     9    12    17     9     5     0     0     1     2    10    11    17
     8
     1     4     4     5     2     0     0     0     1     7     5     3
     2     5     5     9     5     0     2     1     6    15     4     3
     1     1     2     8     7     1     0     0     3    20     6     5
     2     8    10     8    11     3     0     0    11    35    14     2
     5    11    22    25    18     6     0     0    11    63    35     6
     9    21    15    32     7    10     2     2    15    48    27     6
    19    36    29    54    46     6     2    11    14    78    66    30
    21    22    33    27    14     7     1     4    16    23    52    33
    30    15    33    42    27    18     2     6    11    29    45    36
    15     5    14    18     9     4     6     1     7     3    14    12
    10    14    18    27     9     7     7     3     4     5     7     8
     6    15     9    20     7     7     9     4     2     2     3     4
     7    16    17    16     6    12     3     9     4     1    12     8
     6    26    44    27     8     7     7     3     6    11     9     8
    10    18    33    11     2     7     0     2     2     4     5     9
    19    32    44    28     9     8     2     4     0     3     6    14
     5    10    19     8     2     3     0     1     2     2     2     5
     4     6     8     7     3     6     1     3     4     1     3     2
     8     4     4     1     0     3     0     3     1     1     1     1
     8    14     8     1     0     3     1     0     2     0     1     3
     5     0     9     5     1     1     0     0     0     0     0     3
     3     8     5    10     3     1     1     1     6     1     3     1
     3     7    12    10     4     6     2     1     6     0     3     1
     3     5     9     7     1     4     1     0     2     0     4     1
     6     4     9     6     1     2     2     0     3     0     1     0
     6     2     5    12     5     0     1     1     2     0     1     5
     4    16    12     4     2     1     0     4     3     1     3     2
    10    11     9     3     2     1     1     0     0     2     1     5
    18    17    24     7     1     1     1     0     2     7     3     6
    12     6    11     3     0     1     0     0     1     1     4     8
     4    13     7     3     0     0     0     1     0     1     7     6
    14     5    10     3     1     2     0     1     1     2     9    10
     1     8     3     4     0     0     0     0     0     5     6     2
     9     8     8     3     0     0     1     0     0     5    10     7
     8    10    10     3     1     0     0     0     0     1     8     8
    11    13     4     6     5     1     1     0     4    13    10     4
     9
     0     0     1     0     0     0     0     0     0     0     0     0
     0     0     0     1     1     0     1     0     0     0     2     0
     0     0     0     0     0     0     0     0     1     3     2     0
     1     0     0     0     1     0     0     0     4     7     1     1
     3     1     8     5     3     0     0     0     0     8     4     2
     1     2     3     3     1     0     0     0     0     7     2     3
     5     1     8     7    11     1     0     3     1    17    10     3
     1     9     7    10     1     0     0     1     3     3    10     4
     8     2     3     6     2     2     0     1     0     5     8     6
     2     0     0     2     2     1     0     0     0     1     3     1
     0     1     1     2     0     1     0     0     0     3     1     1
     1     0     1     3     0     0     0     0     1     0     2     1
     0     3     3     0     1     0     0     0     0     0     0     1
     0     3     8     3     0     0     0     0     0     3     2     1
     2     4     4     1     0     2     0     0     0     2     1     0
     0     2     4     2     3     4     0     0     1     0     0     2
     0     1     1     0     0     0     0     0     0     0     1     0
     3     0     1     0     0     0     0     2     0     0     0     0
     1     1     1     0     0     0     0     0     1     0     0     0
     0     1     1     0     0     0     0     0     2     0     0     1
     0     2     0     0     1     0     0     0     0     0     0     0
     0     2     0     1     1     0     0     0     0     0     3     0
     1     0     0     0     1     0     0     0     2     0     3     0
     0     2     4     2     0     0     0     0     1     0     0     0
     2     0     3     2     0     0     1     0     1     0     1     1
     0     1     3     2     1     2     0     0     1     0     1     0
     2     3     5     0     0     0     0     0     0     0     1     0
     0     5     3     0     1     0     0     0     0     0     0     0
     1     2     5     2     1     0     0     0     0     0     0     3
     3     1     2     0     0     0     0     1     0     0     0     1
     1     1     1     1     0     0     0     0     0     0     0     1
     1     1     4     0     0     0     0     0     0     0     1     1
     0     0     0     0     0     0     0     0     0     0     0     0
     2     0     2     0     0     0     0     0     0     1     0     0
     1     1     3     0     0     0     0     0     0     1     3     1
     0     2     0     2     0     0     0     0     1     0     2     1
    10
     0     0     0     0     0     0     0     0     0     0     0     1
     0     0     0     0     0     0     0     0     0     1     0     0
     0     0     0     0     0     0     0     0     0     0     0     0
     0     0     0     1     0     0     0     0     0     6     0     0
     0     1     6     1     1     0     0     0     1     5     2     0
     0     1     2     0     0     0     0     0     0     6     4     0
     1     3     3     1     0     1     0     1     0     6     6     2
     1     4     5     1     1     0     0     0     0     3     4     2
     1     0     1     1     0     0     0     0     1     6     1     0
     0     0     1     0     0     2     0     0     0     0     0     0
     0     0     0     0     0     0     0     0     0     4     1     0
     1     0     0     0     0     0     0     0     0     1     0     0
     0     2     0     0     0     0     0     0     0     0     0     1
     0     2     1     1     0     0     0     0     0     0     0     0
     0     1     0     1     0     1     0     0     0     2     1     2
     1     1     0     0     3     1     0     0     0     1     0     0
     1     0     0     0     0     0     0     0     0     0     0     0
     1     1     0     1     2     0     0     0     0     0     1     0
     1     1     0     0     0     0     0     0     0     0     1     0
     0     6     1     0     0     0     0     0     1     0     0     0
     0     3     0     0     0     0     0     0     1     0     0     0
     0     0     2     0     0     1     0     1     0     0     1     0
     0     0     0     1     0     2     0     0     0     0     1     0
     0     0     0     0     0     1     0     0     0     1     0     0
     0     0     0     0     0     0     0     0     0     0     0     0
     1     0     0     1     0     1     0     0     0     0     0     0
     2     1     4     0     0     0     0     0     0     0     0     1
     2     2     1     0     0     0     0     0     0     0     0     0
     0     1     7     2     0     0     0     0     0     1     0     0
     1     2     0     0     0     0     0     0     0     0     2     0
     1     0     0     0     0     0     0     0     0     0     0     1
     0     1     2     1     0     0     1     1     0     0     0     2
     0     0     1     0     0     0     0     0     0     0     0     0
     1     1     1     0     1     0     0     0     0     0     0     0
     1     1     0     0     0     0     0     0     0     0     1     0
     2     0     0     0     0     0     0     0     0     1     0     0
    11
     0     0     0     0     0     0     0     0     0     0     0     0
     0     0     0     0     0     0     0     0     1     0     1     0
     0     0     1     0     0     0     0     0     0     0     0     0
     0     0     0     1     0     0     0     0     0     1     0     0
     0     0     0     0     0     0     0     0     0     2     0     0
     0     1     2     3     0     0     0     0     0     0     2     2
     0     0     0     1     0     0     0     0     0     6     2     1
     3     0     1     0     0     0     0     1     0     1     3     0
     3     1     0     0     0     0     0     0     1     1     1     2
     0     0     0     0     0     0     0     0     0     0     2     0
     0     0     0     0     0     1     0     0     0     0     0     0
     0     0     0     0     1     1     0     0     1     0     0     0
     0     0     1     0     0     0     0     0     0     0     0     1
     1     1     0     0     0     0     0     0     0     2     0     1
     0     0     0     0     0     0     0     0     0     0     0     0
     0     0     0     0     0     0     0     0     0     0     0     0
     0     0     0     0     0     0     0     0     0     0     0     0
     1     0     0     0     0     0     0     0     0     0     0     0
     0     0     0     0     0     0     0     0     0     0     1     0
     0     0     0     0     0     0     0     0     0     0     0     0
     0     2     0     0     0     0     0     0     0     0     1     0
     0     0     0     0     0     0     0     1     0     0     0     0
     0     0     0     1     0     0     0     0     3     0     0     0
     0     0     0     0     0     0     0     0     1     0     0     0
     0     1     1     0     0     0     0     0     0     0     0     0
     2     1     1     0     0     0     1     0     0     0     0     0
     1     1     2     0     0     0     0     1     0     0     0     0
     1     0     1     0     0     0     0     0     0     0     0     0
     0     0     1     0     0     0     0     0     0     0     0     0
     1     0     0     0     0     0     0     0     0     0     1     0
     0     0     0     0     0     0     0     0     0     0     1     0
     1     0     2     0     0     0     0     0     0     0     0     0
     0     0     0     0     0     0     0     0     0     0     0     0
     0     0     0     0     0     0     1     0     0     0     0     0
     0     0     0     0     0     0     0     0     0     1     0     0
     0     0     0     0     0     0     0     0     0     2     0     0
    12
     0     1     0     0     0     0     0     0     0     0     0     0
     0     0     0     0     0     0     0     0     0     0     0     0
     0     0     0     0     0     0     0     0     0     0     0     0
     0     0     0     0     0     0     0     0     0     0     0     0
     0     0     1     0     0     0     0     0     0     0     0     0
     0     0     3     0     0     0     0     0     0     0     0     0
     0     0     0     0     0     0     0     0     0     0     2     0
     3     0     1     0     0     0     0     0     0     2     1     0
     1     0     0     0     0     0     0     0     0     0     0     0
     0     0     0     0     0     0     0     0     1     0     0     0
     0     0     0     0     0     0     0     1     0     0     0     1
     0     0     0     0     0     1     0     0     0     0     0     0
     0     0     0     0     0     0     0     0     0     0     0     0
     0     0     0     0     0     0     0     0     0     0     0     0
     1     0     0     0     0     0     0     0     0     0     0     0
     0     0     0     0     0     0     0     0     0     0     0     0
     0     0     1     0     0     0     0     0     0     0     0     0
     0     0     0     0     0     0     0     0     0     0     0     0
     0     0     0     0     0     0     0     0     0     0     0     0
     0     0     0     0     0     0     0     0     0     0     0     0
     0     0     0     0     0     0     0     0     0     0     0     0
     0     0     0     0     0     0     0     0     0     0     0     0
     1     0     0     0     0     0     0     0     0     0     0     0
     0     2     0     0     0     0     0     0     1     0     0     0
     0     0     1     0     0     1     0     0     0     0     0     0
     0     0     1     0     0     0     0     0     0     0     0     0
     0     1     0     0     0     0     1     0     0     0     0     0
     0     1     3     0     0     0     2     0     1     0     0     0
     0     0     0     0     0     0     0     0     0     0     0     0
     0     0     0     0     0     0     0     0     0     0     0     0
     0     0     0     0     0     0     0     0     0     0     0     0
     0     0     0     0     0     0     0     0     0     0     0     0
     0     0     0     0     0     0     0     0     0     0     0     0
     0     0     0     0     0     0     0     0     0     0     0     0
     0     0     0     0     0     0     0     0     0     0     0     0
     0     0     0     0     0     0     0     0     0     0     0     0
    13
     0     0     0     0     0     0     0     0     0     0     0     0
     0     0     0     0     0     0     0     0     0     0     0     0
     0     0     0     0     0     0     0     0     0     0     0     0
     0     0     0     0     0     0     0     0     0     0     0     0
     0     0     0     0     0     0     0     0     0     0     0     0
     0     0     0     0     0     0     0     0     0     0     0     0
     0     0     0     0     0     0     0     0     0     0     0     0
     0     0     0     0     0     0     0     0     0     0     0     0
     0     0     0     0     0     0     0     0     0     0     0     0
     0     0     0     0     0     0     0     0     0     0     0     0
     0     0     0     0     0     0     0     0     0     0     0     0
     0     0     0     0     0     0     0     0     0     0     0     0
     0     0     0     0     0     0     0     1     0     0     0     0
     0     0     0     0     0     0     0     0     0     0     0     0
     0     0     0     0     0     0     0     0     0     0     0     0
     0     0     0     0     0     0     0     0     0     0     0     0
     0     0     0     0     0     0     0     1     0     0     0     0
     0     0     0     0     0     0     0     0     0     0     0     0
     0     0     0     0     0     0     0     0     0     0     0     0
     0     0     0     0     0     0     0     0     0     0     0     0
     0     0     0     0     0     0     0     0     0     0     0     0
     0     0     0     0     0     0     0     0     0     0     0     0
     0     0     0     0     0     0     0     0     0     0     0     0
     0     0     0     0     0     0     0     0     0     0     0     0
     0     0     0     0     0     0     0     0     0     0     0     0
     0     0     0     0     0     0     0     0     1     0     0     0
     0     0     0     0     0     0     0     0     0     0     0     0
     0     0     0     0     0     0     0     0     0     0     0     0
     0     0     0     0     0     0     0     0     0     0     0     0
     0     0     0     0     0     0     0     0     0     0     0     0
     0     0     0     0     0     0     0     0     0     0     0     0
     0     0     0     0     0     0     0     0     0     0     0     0
     0     0     0     0     0     0     0     0     0     0     0     0
     0     0     0     0     0     0     0     0     0     0     0     0
     0     0     0     0     0     0     0     0     0     0     0     0
     0     0     0     0     0     0     0     0     0     0     0     0
    14
     0     0     0     0     0     0     0     0     0     0     0     0
     0     0     0     0     0     0     0     0     2     0     0     0
     0     0     0     0     0     0     0     0     0     0     0     0
     0     0     0     0     0     0     0     0     1     0     0     0
     0     0     0     0     0     0     0     0     0     0     0     0
     0     0     0     0     0     0     0     0     0     0     0     0
     0     0     0     0     0     0     0     0     0     0     0     0
     0     0     0     0     0     0     0     0     0     0     0     0
     0     0     0     0     0     0     0     0     0     0     0     0
     0     0     0     0     0     0     0     0     0     0     0     0
     0     0     0     0     0     0     0     0     0     0     0     0
     0     0     0     0     0     0     0     0     0     0     0     0
     0     0     0     0     0     0     0     0     0     0     0     0
     0     0     0     0     0     0     0     0     0     0     0     0
     0     0     0     0     0     0     0     0     0     0     0     0
     0     0     0     0     0     0     0     0     0     0     0     0
     0     0     0     0     0     0     0     0     0     0     0     0
     0     0     0     0     0     0     0     0     0     0     0     0
     0     0     0     0     0     0     0     0     0     0     0     0
     0     0     0     0     0     0     0     0     0     0     0     0
     0     0     0     0     0     0     0     0     0     0     0     0
     0     0     0     0     0     0     0     0     0     0     0     0
     0     0     0     0     0     0     0     0     0     0     0     0
     0     0     0     0     0     0     0     0     0     0     0     0
     0     0     0     0     0     0     0     0     0     0     0     0
     0     0     0     0     0     0     0     0     0     0     0     0
     0     0     0     0     0     0     0     0     0     0     0     0
     0     0     0     0     0     0     0     0     0     0     0     0
     0     0     1     0     0     0     0     0     0     0     0     0
     0     0     0     0     0     0     0     0     0     0     0     0
     0     0     0     0     0     0     0     0     0     0     0     0
     0     0     0     0     0     0     0     0     0     0     0     0
     0     0     0     0     0     0     0     0     0     0     0     0
     0     0     0     0     0     0     0     0     0     0     0     0
     0     0     0     0     0     0     0     0     1     0     0     0
     0     0     0     0     0     0     0     0     0     0     0     0
    15
     0     0     0     0     0     0     0     0     0     0     0     0
     0     0     0     0     0     0     0     0     0     0     0     0
     0     0     0     0     0     0     0     0     0     0     0     0
     0     0     0     0     0     0     0     0     0     0     0     0
     0     0     0     0     0     0     0     0     0     0     0     0
     0     0     0     0     0     0     0     0     0     0     0     0
     0     0     0     0     0     0     0     0     0     0     0     0
     0     0     0     0     0     0     0     0     0     0     0     0
     0     0     0     0     0     0     0     0     0     0     0     0
     0     0     0     0     0     0     0     0     0     0     0     0
     0     0     0     0     0     0     0     0     0     0     0     0
     0     0     0     0     0     0     0     0     0     0     0     0
     0     0     0     0     0     0     0     0     0     0     0     0
     0     0     0     0     0     0     0     0     0     0     0     0
     0     0     0     0     0     0     0     0     0     0     0     0
     0     0     0     0     0     0     0     0     0     0     0     0
     0     0     0     0     0     0     0     0     0     0     0     0
     0     0     0     0     0     0     0     0     0     0     0     0
     0     0     0     0     0     0     0     0     0     0     0     0
     0     0     0     0     0     0     0     0     0     0     0     0
     0     0     0     0     0     0     0     0     0     0     0     0
     0     0     0     0     0     0     0     0     0     0     0     0
     0     0     0     0     0     0     0     0     0     0     0     0
     0     0     0     0     0     0     0     0     0     0     0     0
     0     0     0     0     0     0     0     0     0     0     0     0
     0     0     0     0     0     0     0     0     0     0     0     0
     0     0     0     0     0     0     0     0     0     0     0     0
     0     0     0     0     0     0     0     0     0     0     0     0
     0     0     0     0     0     0     0     0     0     0     0     0
     0     0     0     0     0     0     0     0     0     0     0     0
     0     0     0     0     0     0     0     0     0     0     0     0
     0     0     0     0     0     0     0     0     0     0     0     0
     0     0     0     0     0     0     0     0     0     0     0     0
     0     0     0     0     0     0     0     0     0     0     0     0
     0     0     0     0     0     0     0     0     0     0     0     0
     0     0     0     0     0     0     0     0     0     0     0     0
    16
     0     0     0     0     0     0     0     0     0     0     0     0
     0     0     0     0     0     0     0     0     0     0     0     0
     0     0     0     0     0     0     0     0     0     0     0     0
     0     0     0     0     0     0     0     0     0     0     0     0
     0     0     0     0     0     0     0     0     0     0     0     0
     0     0     0     0     0     0     0     0     0     0     0     0
     0     0     0     0     0     0     0     0     0     0     0     0
     0     0     0     0     0     0     0     1     0     0     0     0
     0     0     0     0     0     0     0     0     0     0     0     0
     0     0     0     0     0     0     0     0     0     0     0     0
     0     0     0     0     0     0     0     0     0     0     0     0
     0     0     0     0     0     0     0     0     0     0     0     0
     0     0     0     0     0     0     0     0     0     0     0     0
     0     0     0     0     0     0     0     0     0     0     0     0
     0     0     0     0     0     0     0     0     0     0     0     0
     0     0     0     0     0     0     0     0     0     0     0     0
     0     0     0     0     0     0     0     0     0     0     0     0
     0     0     0     0     0     0     0     0     0     0     0     0
     0     0     0     0     0     0     0     0     0     0     0     0
     0     0     0     0     0     0     0     0     0     0     0     0
     0     0     0     0     0     0     0     0     0     0     0     0
     0     0     0     0     0     0     0     0     0     0     0     0
     0     0     0     0     0     0     0     0     0     0     0     0
     0     0     0     0     0     0     0     0     0     0     0     0
     0     0     0     0     0     0     0     0     0     0     0     0
     0     0     0     0     0     0     0     0     0     0     0     0
     0     0     0     0     0     0     0     0     0     0     0     0
     0     0     0     0     0     0     0     0     0     0     0     0
     0     0     0     0     0     0     0     0     0     0     0     0
     0     0     0     0     0     0     0     0     0     0     0     0
     0     0     0     0     0     0     0     0     0     0     0     0
     0     0     0     0     0     0     0     0     0     0     0     0
     0     0     0     0     0     0     0     0     0     0     0     0
     0     0     0     0     0     0     0     0     0     0     0     0
     0     0     0     0     0     0     0     0     0     0     0     0
     0     0     0     0     0     0     0     0     0     0     0     0
    17
     0     0     0     0     0     0     0     0     0     0     0     0
     0     0     0     0     0     0     0     0     0     0     0     0
     0     0     0     0     0     0     0     0     0     0     0     0
     0     0     0     0     0     0     0     0     0     0     0     0
     0     0     0     0     0     0     0     0     0     0     0     0
     0     0     0     0     0     0     0     0     0     0     0     0
     0     0     0     0     0     0     0     0     0     0     0     0
     0     0     0     0     0     0     0     0     0     0     0     0
     0     0     0     0     0     0     0     0     0     0     0     0
     0     0     0     0     0     0     0     0     0     0     0     0
     0     0     0     0     0     0     0     0     0     0     0     0
     0     0     0     0     0     0     0     0     0     0     0     0
     0     0     0     0     0     0     0     0     0     0     0     0
     0     0     0     0     0     0     0     0     0     0     0     0
     0     0     0     0     0     0     0     0     0     0     0     0
     0     0     0     0     0     0     0     0     0     0     0     0
     0     0     0     0     0     0     0     0     0     0     0     0
     0     0     0     0     0     0     0     0     0     0     0     0
     0     0     0     0     0     0     0     0     0     0     0     0
     0     0     0     0     0     0     0     0     0     0     0     0
     0     0     0     0     0     0     0     0     0     0     0     0
     0     0     0     0     0     0     0     0     0     0     0     0
     0     0     0     0     0     0     0     0     0     0     0     0
     0     0     0     0     0     0     0     0     0     0     0     0
     0     0     0     0     0     0     0     0     0     0     0     0
     0     0     0     0     0     0     0     0     0     0     0     0
     0     0     0     0     0     0     0     0     0     0     0     0
     0     0     0     0     0     0     0     0     0     0     0     0
     0     0     0     0     0     0     0     0     0     0     0     0
     0     0     0     0     0     0     0     0     0     0     0     0
     0     0     0     0     0     0     0     0     0     0     0     0
     0     0     0     0     0     0     0     0     0     0     0     0
     0     0     0     0     0     0     0     0     0     0     0     0
     0     0     0     0     0     0     0     0     0     0     0     0
     0     0     0     0     0     0     0     0     0     0     0     0
     0     0     0     0     0     0     0     0     0     0     0     0
    18
     0     0     0     0     0     0     0     0     0     0     0     0
     0     0     0     0     0     0     0     0     0     0     0     0
     0     0     0     0     0     0     0     0     0     0     0     0
     0     0     0     0     0     0     0     0     0     0     0     0
     0     0     0     0     0     0     0     0     0     0     0     0
     0     0     0     0     0     0     0     0     0     0     0     0
     0     0     0     0     0     0     0     0     0     0     0     0
     0     0     0     0     0     0     0     0     0     0     0     0
     0     0     0     0     0     0     0     0     0     0     0     0
     0     0     0     0     0     0     0     0     0     0     0     0
     0     0     0     0     0     0     0     0     0     0     0     0
     0     0     0     0     0     0     0     0     0     0     0     0
     0     0     0     0     0     0     0     0     0     0     0     0
     0     0     0     0     0     0     0     0     0     0     0     0
     0     0     0     0     0     0     0     0     0     0     0     0
     0     0     0     0     0     0     0     1     0     0     0     0
     0     0     0     0     0     0     0     0     0     0     0     0
     0     0     0     0     0     0     0     0     0     0     0     0
     0     0     0     0     0     0     0     0     0     0     0     0
     0     0     0     0     0     0     0     0     0     0     0     0
     0     0     0     0     0     0     0     0     0     0     0     0
     0     0     0     0     0     0     0     0     0     0     0     0
     0     0     0     0     0     0     0     0     0     0     0     0
     0     0     0     0     0     0     0     0     0     0     0     0
     0     0     0     0     0     0     0     0     0     0     0     0
     0     0     0     0     0     0     0     0     0     0     0     0
     0     0     0     0     0     0     0     0     0     0     0     0
     0     0     0     0     0     0     0     0     0     0     0     0
     0     0     0     0     0     0     0     0     0     0     0     0
     0     0     0     0     0     0     0     0     0     0     0     0
     0     0     0     0     0     0     0     0     0     0     0     0
     0     0     0     0     0     0     0     0     0     0     0     0
     0     0     0     0     0     0     0     0     0     0     0     0
     0     0     0     0     0     0     0     0     0     0     0     0
     0     0     0     0     0     0     0     0     0     0     0     0
     0     0     0     0     0     0     0     0     0     0     1     0
    19
     0     0     0     0     0     0     0     0     0     0     0     0
     0     0     0     0     0     0     0     0     0     0     0     0
     0     0     0     0     0     0     0     0     0     0     0     0
     0     0     0     0     0     0     0     0     0     0     0     0
     0     0     0     0     0     0     0     0     0     0     0     0
     0     0     0     0     0     0     0     0     0     0     0     0
     0     0     0     0     0     0     0     0     0     0     0     0
     0     0     0     0     0     0     0     0     0     0     0     0
     0     0     0     0     0     0     0     0     0     0     0     0
     0     0     0     0     0     0     0     0     0     0     0     0
     0     0     0     0     0     0     0     0     0     0     0     0
     0     0     0     0     0     0     0     0     0     0     0     0
     0     0     0     0     0     0     0     0     0     0     0     0
     0     0     0     0     0     0     0     0     0     0     0     0
     0     0     0     0     0     0     0     0     0     0     0     0
     0     0     0     0     0     0     0     0     0     0     0     0
     0     0     0     0     0     0     0     0     0     0     0     0
     0     0     0     0     0     0     0     0     0     0     0     0
     0     0     0     0     0     0     0     0     0     0     0     0
     0     0     0     0     0     0     0     0     0     0     0     0
     0     0     0     0     0     0     0     0     0     0     0     0
     0     0     0     0     0     0     0     0     0     0     0     0
     0     0     0     0     0     0     0     0     0     0     0     0
     0     0     0     0     0     0     0     0     0     0     0     0
     0     0     0     0     0     0     0     0     0     0     0     0
     0     0     0     0     0     0     0     0     0     0     0     0
     0     0     0     0     0     0     0     0     0     0     0     0
     0     0     0     0     0     0     0     0     0     0     0     0
     0     0     0     0     0     0     0     0     0     0     0     0
     0     0     0     0     0     0     0     0     0     0     0     0
     0     0     0     0     0     0     0     0     0     0     0     0
     0     0     0     0     0     0     0     0     0     0     0     0
     0     0     0     0     0     0     0     0     0     0     0     0
     0     0     0     0     0     0     0     0     0     0     0     0
     0     0     0     0     0     0     0     0     0     0     0     0
     0     0     0     0     0     0     0     0     0     0     0     0
    20
     0     0     0     0     0     0     0     0     0     0     0     0
     0     0     0     0     0     0     0     0     0     0     0     0
     0     0     0     0     0     0     0     0     0     0     0     0
     0     0     0     0     0     0     0     0     0     0     0     0
     0     0     0     0     0     0     0     0     0     0     0     0
     0     0     0     0     0     0     0     0     0     0     0     0
     0     0     0     0     0     0     0     0     0     0     0     0
     0     0     0     0     0     0     0     0     0     0     0     0
     0     0     0     0     0     0     0     0     0     0     0     0
     0     0     0     0     0     0     0     1     0     0     0     0
     0     0     0     0     0     0     0     0     0     0     0     0
     0     0     0     0     0     0     0     0     0     0     0     0
     0     0     0     0     0     0     0     0     0     0     0     0
     0     0     0     0     0     0     0     0     0     0     0     0
     0     0     0     0     0     0     0     0     0     0     0     0
     0     0     0     0     0     0     0     0     0     0     0     0
     0     0     0     0     0     0     0     0     0     0     0     0
     0     0     0     0     0     0     0     0     0     0     0     0
     0     0     0     0     0     0     0     0     0     0     0     0
     0     0     0     0     0     0     0     0     0     0     0     0
     0     0     0     0     0     0     0     0     0     0     0     0
     0     0     0     0     0     0     0     0     0     0     0     0
     0     0     0     0     0     0     0     0     0     0     0     0
     0     0     0     0     0     0     0     0     0     0     0     0
     0     0     0     0     0     0     0     0     0     0     0     0
     0     0     0     0     0     0     0     0     0     0     0     0
     0     0     0     0     0     0     0     0     0     0     0     0
     0     0     0     0     0     0     0     0     0     0     0     0
     0     0     0     0     0     0     0     0     0     0     0     0
     0     0     0     0     0     0     0     0     0     0     0     0
     0     0     0     0     0     0     0     0     0     0     0     0
     0     0     0     0     0     0     0     0     0     0     0     0
     0     0     0     0     0     0     0     0     0     0     0     0
     0     0     0     0     0     0     0     0     0     0     0     0
     0     0     0     0     0     0     0     0     0     0     0     0
     0     0     0     0     0     0     0     0     0     0     0     0
