15
Tampa, FL 12842
     0
      13.300      15.000      18.200      21.700      24.300      26.700
      26.700      26.700      26.100      23.200      18.800      15.000
      18.200      18.800      21.700      24.300      27.200      28.800
      29.300      29.300      28.800      26.700      22.700      20.000
      21.700      22.700      25.000      27.200      29.300      30.600
      31.100      31.100      30.600      28.200      25.600      23.200
      51.000      49.000      49.000      46.000      50.000      59.000
      61.000      62.000      59.000      53.000      53.000      52.000
      65.000      64.000      63.000      58.000      61.000      67.000
      70.000      70.000      70.000      64.000      65.000      65.000
      81.000      79.000      78.000      72.000      74.000      79.000
      81.000      82.000      82.000      77.000      79.000      81.000
       2.400       2.700       2.700       2.700       2.700       2.400
       2.000       2.000       2.000       2.400       2.400       2.400
       3.500       3.500       3.500       3.500       3.500       3.100
       2.700       2.700       2.700       3.100       3.100       3.100
       4.400       4.800       4.800       4.800       4.400       4.000
       3.500       3.500       4.000       4.400       4.400       4.400
      20.000     320.000     150.000     260.000     270.000     260.000
     260.000     110.000      80.000      60.000      60.000      40.000
     1
      17.421      18.520      21.253      24.085      26.714      28.480
      28.822      28.885      28.297      25.609      21.983      18.891
      65.344      63.382      63.308      59.397      62.615      68.290
      71.018      71.927      70.388      65.061      65.999      65.523
     2
    21    12    12    11    12    15    24    19    13    19    18    17
    21    14    17    21    14    16    20    39    28    27    19    28
    27    14    18    22    51    41    49    60    72    57    50    21
     7    16    12    19    32    34    58    48    51    42    22    28
    27    32    32    27    41    68    86    61    53    69    47    33
    31    21    34    31    42    60    64    68    93    53    44    48
    31    27    24    29    72    53    72    71    75    41    36    39
    35    20    33    30    34    57    92    60    74    51    44    26
    27    28    35    35    65    79   118   123   113    48    47    30
    25    16    18    26    37    62    88    65    52    39    33    19
    13    15    28    24    30    60    80    71    53    18    20    24
    17    18    23    22    45    61   105    76    49    38    29    25
    23    13    17    18    28    44    70    67    33    21    11    22
    30    13    19    19    29    53    70    65    44    22    21    20
    16    16    15    15    28    53    63    45    42    16    15    17
    19     9    12    15    17    39    61    50    25     8    11    20
    18     8    11    14    19    21    47    40    18    13    11    15
    26    15    11    17    35    49    84    63    38    13    13    18
    20     7    11    12    19    17    46    32    29     5    16    19
    17    12     9    11     8    32    40    36    22    10    18    13
    12    12     9     9    16    21    31    31    26    13    17    15
    13    14     6    11     9    24    29    38    24     5    18    13
    21    16    12     4    16    31    34    39    25    10    11    13
    19    12    11     8    13    20    30    42    27    13    16    22
    28    10     8     7    12    25    30    33    18    16    14    11
    11    13    13     7    10    11    23    21    23    11     8    14
    23    25    11     7    26    31    55    45    23    20    15    14
     6    11    11     4    11    25    31    31    18    12    11     9
    12    14     7     6    16    19    23    25    21    16    14     8
    13     9     4    10    16    22    37    25    25    15     9    13
    11     3     5    10    16    23    27    30    22    14     8     8
     9     8     9    12    32    27    28    19    24    17    13    13
     6    10     7    11    16    21    35    23    27     8     9    10
    12     8     5    11    25    24    26    18    19    20    17     4
    15    15    13    17    20    19    25    19    21    13    13     9
    33    16    29    22    29    39    39    40    25    19    33    14
     3
    52    33    42    22    28    37    40    39    41    65    77    51
    65    57    62    44    43    66    63    67    86   105    93    89
    91    67    61    61    54    72    81    89   110   140   125   118
    86    52    56    56    61    82    80    93   142   164   143   120
   118    89    87    61   113   125   113   164   193   237   170   118
   110   100   104    75   130   163   112   141   242   248   199   154
   110    98   108    99   153   160   159   206   274   238   188   175
    87    68    82    72   126   149   117   144   181   156   127   132
   118    93   122   141   172   234   229   320   288   185   176   156
    63    74    89    69   124   134   189   192   131    79    94    65
    49    63    79    53   128   126   178   163   105    56    69    84
    62    58    97    78   165   151   227   210   145    80    88    86
    69    53    90    67   107   140   176   183    97    61    64    63
    96    57    85    76   126   172   231   213   118    58    91    97
    78    71    72    64   117   148   211   205    93    48    63    95
    69    65    54    58    93   125   158   164    86    35    69    65
    42    37    47    54    57    80   102   103    58    22    37    41
    75    76    96    64    82   115   162   162    90    45    72    73
    61    78    72    49    58    61    94    82    61    31    51    66
   107    91    99    65    73    86   116   119    62    35    66    88
    81    65    68    77    80    97   116   122    56    42    68    81
    62    48    60    63    77    96   119   105    69    50    45    63
    82    75    64    74    95   138   206   155   110    62    69    66
    77    61    75    75   120   163   172   150   107    65    66    54
    87    74    73    86   108   161   202   180   121    78    97    68
    64    56    72    77   123   145   173   138   101    70    68    59
   134    98   112   107   152   209   299   259   171   106   105   107
    62    47    46    58    80   116   140   122    94    57    47    38
    38    55    42    67    87   106   125   108    70    40    37    38
    40    76    63    69    79   105    99    94    69    63    28    23
    48    64    61    66   111   105    84    95    90    73    40    39
    47    67    50    61   122    89    84   108    81    63    51    45
    54    55    52    43    68    80    78    81    73    59    56    38
    47    41    42    55    77    51    67    80    50    53    52    37
    47    46    33    35    53    53    44    51    51    67    55    48
    77    73    72    63    72    68    78   103    90   112    76    99
     4
    48    32    35    26    15     6    13    14    20    61    49    47
    68    50    54    49    34    27    21    24    52   116    72    64
    99    52    51    40    34    24    20    48    56   110    87    88
    73    59    42    37    51    28    27    22    64   141   115    99
   100    66    63    48    69    65    41    41   116   182   100   106
    67    59    75    40    64    83    38    49   116   205   125    86
    56    74    88    71    83    96    41    64   139   182   131    91
    47    40    62    72    94    68    32    55   107   144    67    90
    76    64   102   106   143    97    68   148   180   136   142    98
    31    44    75    45   102    52    59    69    69    64    63    44
    35    29    75    47    80    55    62    84    69    41    49    56
    38    43    70    76    93    59    69    90    79    53    52    80
    52    47    65    54   101    54    76    81    54    44    73    72
    63    64   103    70    89    82    86   110    70    34    68    82
    84    60    75    66    77    54    72    78    56    27    52    51
    49    55    61    49    66    53    85    69    48    23    45    50
    22    31    43    29    40    34    34    33    31    15    21    25
    50    71    82    38    75    68    68    63    50    22    41    69
    74    67    88    57    44    51    62    42    31    22    42    78
    86    87   101    75    81    77    68    64    29    21    51    69
    53    56    77    77    59    65    51    50    21    19    36    50
    39    44    53    66    74    72    52    50    15    17    21    21
    47    62    79    79   104   113   114    82    40    24    26    53
    34    59    53    78    83   110   116    90    44    20    26    18
    50    63   101   126   132   153   200   130    87    41    39    46
    52    66    87   111   122   164   134   118    72    55    33    22
    92   115   149   155   207   285   312   228   131   101    75    64
    37    45    57    93   122   136   148    94    63    46    29    29
    24    46    44    80    80   121    96    77    57    37    30    14
    21    35    54    67    68    72    69    43    31    32    17    13
    40    48    50    75    76    60    43    46    32    28    21    24
    52    58    63    76    79    49    53    66    50    43    43    42
    58    53    50    50    55    38    34    31    37    56    25    51
    64    49    47    26    51    40    47    33    36    68    50    65
    60    53    33    38    41    23    31    35    36    47    44    56
    75    54    60    47    56    34    37    52    36    81   101    85
     5
    49    53    45    20    21    11    12    12    18    61    52    50
   103    81    71    48    32    21    18    17    58   169    98    99
    57    65    40    33    37    31    16    19    44   122   104    76
    59    92    49    42    43    21    24    22    51   161    94    78
   102   101    63    53    61    47    29    32   143   212   111    89
    79    59    69    67    91    52    38    32   129   211    89    59
    81    67    71    89   107    79    59    60   168   195   146    84
    45    43    64    64    82    50    22    40   101   116    84    44
    60    75   107   127   177   106    86    90   179   167   163    85
    46    56    82   103   109    42    28    60    75    66    68    45
    49    46    71    86    96    43    40    51    69    40    72    47
    36    33    76    76    73    30    51    40    68    35    56    55
    43    51   104    74    72    29    46    44    42    29    44    66
    60    66   160   121    76    68    72    46    72    20    64    78
    62    55   108    74    66    37    30    30    39    21    56    63
    57    69    89    71    44    48    55    44    34    14    46    41
    35    26    34    28    18    25    24    12    12     8    23    25
    83    98   129    80    43    51    46    50    39    16    49    92
    94   119   128    87    59    35    31    12    18    12    34    80
   124   104   172   112    81    65    54    42    22    18    51   103
    53    58    84    98    69    37    33    18    14     6    15    46
    25    29    54    51    52    35    28    18    11     5     8    20
    19    29    59    84    76    86    67    51    19    13    16    11
    10    19    42    70    80    64    46    37    20     9    18     8
    30    33    84   124   154   138   142    86    32    27    27    20
    24    36    91   129   151   144    84    59    30    18    17    13
    74   123   181   307   419   463   357   161   104    88    65    38
    36    48    86   145   211   233   149    80    50    55    27    22
    18    73    79   124   130   135    95    64    39    31    29    29
    43    50    75    92    85    61    42    43    25    16    24    21
    56    52    78    83    83    35    18    33    18    35    30    33
    87    93   100   105   102    53    38    49    37    73    71    56
    86    96    63    76    61    21    26    26    18    55    62    56
   113    92    56    49    58    35    29    44    30    66    72   105
    88    61    33    29    29    13    15    21    27    59    58    77
   109    76    54    66    44    26    36    38    37   116   107   107
     6
    28    24    23     5    11     3     3     6     5    22    20    22
    53    30    33    24    22     5     7     4    27   110    57    39
    32    28    13    10     9     4     1     4    22    38    24    30
    15    30    24    14    21    12     9     8    21    65    35    17
    54    32    30    26    33    17    15     8    44   143    43    37
    24    13    14    30    21    15     5     7    44    76    32    17
    39    19    34    62    49    31    16    19    47   100    58    22
    18    15    20    27    22    25    12     8    32    38    24    12
    27    25    38    80    68    39    22    31    51    60    57    22
    18    17    22    48    41    26    13    15    21    37    19    10
    11    23    24    49    25    19    18     7    17    15    27    18
     7     9    26    33    20    12     9    14     9    11    13    19
     6    12    34    32    18     8     8     7    12     6    15    18
    16    26    67    40    14    14    23    15    17     6    23    27
    13    27    33    34    21     6     8     4     7     7     8    22
    33    37    45    48    18    17    10     6    17     4    16    26
    16    13    14    18     6     2     6     4     4     5     5    12
    49    61    75    35    27    19    16    16    18     8    13    63
    25    47    59    40    29     7     7     8     3     8    14    31
    53    60   131    85    30    26    18    16     6     6    19    41
     8    20    42    44    23     3     9     7     0     2     3     8
     6    11    16    30     8     4     6     3     0     2     3     4
     9     7    22    43    29    38    12    14     4     2     5     4
     1     9    11    21    20     8    10     6     2     4     2     5
    12    14    32    41    59    44    45    14     9     5     3     4
     3     6    18    35    53    48    12     7     6     3     2     1
    24    44    87   133   193   138   120    53    18    25    10    10
     8    25    58    99   101    65    25    16    10     6     8    14
    33    49    57    74    88    43    23    22     9    27    26    17
    38    47    60    52    43    18     4     2     2    10    20    17
    43    44    66    38    25     6     2     4     6    21    18    26
    81    69    66    55    56    24    10    13    12    28    35    56
    51    74    43    30    23     4    12     8     5    16    36    44
    84    65    34    32    34    14     8     7    10    40    62    52
    46    37    22    18     5     6     3     5     2    10    40    33
    50    42    32    24    15    14     8    11    14    44    59    47
     7
     7     3     4     0     1     0     0     1     2     5    10     5
    10     5     7     5     1     5     1     1     8    27    11    14
     6     2     3     0     4     0     2     2     2     2     5     3
     2     6     3     6     0     1     0     2     3     5     6     4
    13     5     8     2    11     6     3     3     6    37     9    10
     2     6     1     2     4     3     3     2     6     9     3     5
    13     5     8    19    18     1     4     3     6    35    10     3
     0     2     1     6     4     3     2     2     2     8     0     4
     7     4     6    26    10     8     1     2     8    17    18     5
     2     5     3     4     8     1     0     1     2     5     0     3
     3     2     6     9     7     4     2     0     6     1     5     5
     1     1     1     2     3     3     1     2     0     2     0     2
     3     3     0     3     0     2     2     4     2     1     0     5
     4     4     7     9     2     1     1     1     8     1     1     5
     3     3     8     3     2     0     0     1     1     1     0     2
     5    11    10    16     2     3     3     5     4     0     1     3
     2     3     3     1     0     1     1     0     2     0     0     2
    15    28    21    14     3    10     4     1     6     1     6    11
     4     7    11     6     4     2     0     1     2     5     1     3
    12    26    28    26     7    16     1     2     5     3     8    11
     1     1     7     9     0     1     2     0     1     0     3     0
     0     5     4     1     4     0     0     0     1     2     1     0
     3     3     9     9     5     9     2     1     0     1     1     0
     0     1     3     4     2     0     5     0     0     0     0     0
     4     3     7    17     8     7     8     3     1     0     1     0
     0     2     3     6     4     6     2     1     4     0     3     0
     4    14    12    21    36    27    23     4     4     2     1     4
     5     3    11    11    12     7     1     1     0     1     1     4
     8    21    21    36    34     8     8     5     1     2    10    10
    15    17    23     6     5     0     0     0     2     2     4     7
    14    22    22     9     1     1     0     1     1     3     8    11
    20    25    19    16    14     5     2     1     1     6    16    22
    16    16    13     6     1     0     0     0     2     2     6    13
    30    23    19    19     7     8     1     2     0     9    17    22
     7     7     9     0     0     3     0     1     0     1     8    10
     8    12     5     9     3     1     1     2     5     6    17    15
     8
     0     1     4     0     1     2     0     0     2     2     2     4
     1     6     6     3     3     2     1     2    16    25    17     5
     1     1     1     0     1     0     1     1     1     2     2     0
     0     0     2     0     3     1     0     1     1     0     2     1
     1     1     4     3     5     2     1     2     7    23     9     3
     0     0     2     0     1     0     2     1     1     8     1     1
     1     1     7    12    15     0     2     0     1    24     5     2
     1     0     2     3     1     1     2     0     2    11     0     3
     0     4     2    13    25     4     3     3     7    11     5     7
     0     0     1     3     0     2     1     2     4     3     0     0
     1     5     2     6     1     2     0     0     5     2     3     3
     0     0     0     3     0     1     1     1     1     1     1     0
     0     0     0     0     0     0     0     1     0     0     0     2
     0     3     0     1     6     0     1     2     3     0     1     1
     0     0     1     0     0     1     0     1     1     1     0     1
     0     0     8     4     2     5     1     2     2     2     1     2
     0     1     3     1     0     0     0     1     1     0     0     0
     7    17    20     9     1     5     4     2     3     1     0     9
     3     7     8     5     0     4     0     0     2     3     2     1
    13    14    30    12     4    11     1     3     5     5     3     6
     1     6     3     2     3     0     0     1     3     0     0     1
     0     0     0     4     0     1     1     0     0     0     1     0
     0     0     2     4     3     4     3     0     0     0     0     0
     0     1     1     0     1     0     0     0     1     1     0     1
     0     3     3     1     3     4     5     2     1     1     0     0
     1     1     1     4     1     3     0     0     0     1     0     1
     7     4     8    13    13     5    19     3     1     5     1     0
     8     4     6     6     2     1     1     3     1     2     1     2
    11    21    14    19     3     2     5     5     3    12     9     6
     5    16    29     4     1     1     0     1     1     4     4     6
    16    14    22     4     2     0     1     1     4     2     2     2
    28    22    20    17     7     3     4     3     1     6    11    14
     5    11     8     3     0     0     0     2     1     0     7     5
    17    10    17    15     1     1     0     1     3     8     8    20
     3     9     2     0     0     0     1     0     1     3     7     3
     1    13    10     7     1     1     1     4     3     4     8     8
     9
     0     0     1     0     0     0     0     0     0     0     1     0
     1     2     0     0     0     0     0     0     3     2     0     3
     0     0     0     0     0     0     0     0     0     0     0     0
     0     0     0     0     0     0     0     0     1     0     0     0
     0     0     2     0     0     1     0     0     7     2     0     0
     0     0     0     0     0     1     0     0     0     1     0     0
     0     0     1     0     2     0     0     0     0     9     1     0
     0     1     0     0     0     1     0     0     0     1     0     0
     1     0     0     0     2     1     0     0     0     4     0     0
     0     1     0     0     0     1     0     0     1     0     0     0
     0     0     0     0     1     0     0     0     0     0     0     2
     0     0     0     0     0     0     2     0     0     0     0     0
     0     0     0     0     0     0     0     0     0     0     0     0
     0     0     1     0     0     0     0     0     0     0     0     0
     0     0     0     0     1     0     0     0     0     0     0     0
     0     0     0     0     0     0     0     1     0     0     2     0
     0     0     0     1     0     0     0     0     0     0     0     0
     2     3     6     2     1     2     0     3     1     0     0     0
     0     0     3     0     1     2     0     0     0     0     0     0
     1     2     7     1     1     2     0     0     3     0     1     0
     0     0     0     0     2     0     0     1     1     0     0     0
     0     0     0     1     0     2     0     0     0     0     0     0
     1     0     0     1     0     0     1     0     0     0     0     0
     0     0     0     0     0     1     0     0     1     0     0     0
     0     1     1     1     0     0     1     0     0     0     0     0
     0     2     1     0     0     0     0     0     0     0     0     0
     1     2     1     0     0     0     1     0     0     0     1     0
     2     1     0     1     0     0     0     0     0     2     0     0
     6     3     7     6     0     0     1     1     2     2     0     2
     8     5     5     2     0     0     0     1     2     2     0     4
     2     4     7     0     1     0     0     0     0     0     1     1
     7     5     4     4     0     1     0     0     1     3     5     2
     3     3     5     2     1     0     1     0     0     0     3     0
     4     3     0     2     0     0     0     0     0     0     1     1
     1     0     1     0     0     0     0     0     0     4     1     0
     4     1     0     1     0     0     0     1     1     2     3     0
    10
     0     0     0     0     0     0     0     0     0     0     0     0
     0     0     0     0     0     1     0     1     3     1     0     0
     0     0     0     0     0     0     0     0     0     0     0     0
     0     0     0     0     0     0     0     0     1     0     0     0
     1     0     0     0     1     0     0     0     1     1     0     0
     0     0     0     0     0     0     0     0     1     0     0     0
     0     0     1     1     0     0     1     1     1     1     0     1
     0     0     0     0     0     0     0     0     0     0     0     0
     0     1     0     0     0     0     0     0     0     1     0     0
     0     0     0     0     0     0     0     0     0     0     0     0
     0     1     0     0     0     0     1     0     0     0     0     0
     0     0     1     0     0     0     0     0     0     0     0     0
     0     0     0     0     0     0     0     0     0     0     0     0
     0     0     0     0     0     0     0     0     0     0     0     0
     0     0     1     0     0     0     0     0     0     0     0     0
     0     0     0     0     0     0     0     0     0     0     0     0
     0     1     0     0     0     0     0     0     0     0     0     0
     1     0     1     1     0     1     0     1     0     0     1     0
     0     1     3     0     0     0     0     1     0     0     0     0
     1     1     2     3     1     1     0     0     1     0     0     0
     0     0     1     0     0     1     0     2     1     0     0     0
     0     0     0     0     1     0     0     0     1     0     0     0
     0     0     0     0     0     0     1     0     0     0     0     0
     0     0     0     0     0     0     0     0     0     0     0     0
     0     0     1     0     0     0     0     0     1     0     0     0
     0     0     0     0     0     0     0     0     0     0     0     0
     0     1     1     0     1     1     1     0     0     0     0     0
     2     0     0     1     1     0     0     0     0     0     0     0
     2     3     2     4     1     0     0     0     0     0     0     0
     0     4     2     0     0     0     0     0     0     0     0     0
     0     3     2     0     0     0     0     0     0     1     0     0
     5     4     7     0     0     0     1     0     0     2     0     0
     2     0     0     0     0     0     0     0     0     0     0     0
     0     0     2     1     0     0     0     0     0     1     1     0
     0     0     2     0     0     0     0     0     0     0     0     0
     0     0     1     1     0     1     0     0     0     3     0     0
    11
     0     0     0     0     0     0     0     0     0     0     0     0
     0     0     0     0     0     1     0     0     0     0     0     0
     0     0     0     0     0     0     0     0     0     0     0     0
     0     0     0     0     0     0     0     0     0     0     0     0
     0     0     2     0     0     0     0     1     2     0     0     0
     0     0     0     0     0     0     0     0     0     0     0     0
     0     0     1     0     0     0     0     0     1     0     0     0
     0     0     0     0     0     0     0     0     0     0     0     0
     0     0     0     0     0     0     0     1     0     3     0     0
     0     0     0     0     0     0     0     0     0     0     0     0
     0     0     0     0     0     1     0     0     0     0     0     0
     0     1     0     0     0     0     0     0     0     0     0     0
     0     0     0     0     0     0     0     0     0     0     0     0
     0     0     0     0     0     1     0     0     0     0     0     0
     0     0     0     0     0     1     0     0     0     0     0     0
     0     0     0     0     0     0     0     0     0     0     0     0
     0     0     0     0     0     0     0     0     0     0     0     0
     0     0     1     0     0     3     0     1     2     0     1     0
     0     1     0     0     0     0     0     0     0     0     0     0
     0     0     2     0     0     0     0     0     2     0     0     0
     0     0     0     0     0     1     0     0     0     0     0     0
     0     0     0     0     0     0     0     0     2     0     0     0
     0     0     0     1     0     0     0     0     1     0     0     0
     0     0     0     0     0     0     0     0     1     0     0     0
     0     0     0     0     0     1     0     0     1     0     0     0
     0     0     0     0     0     0     0     0     0     0     0     0
     2     2     0     0     2     0     0     0     0     0     1     0
     1     1     1     0     0     0     0     0     0     0     0     0
     2     3    10     3     0     0     0     0     3     0     0     0
     3     1     2     0     0     0     0     0     0     0     0     0
     1     7     0     0     0     0     0     0     0     0     0     0
     0     1     3     0     0     0     0     0     0     0     2     0
     0     0     0     0     0     0     0     0     0     0     1     0
     1     0     2     0     0     0     0     0     0     0     1     0
     0     0     0     0     0     0     0     0     0     0     0     0
     0     0     0     0     0     0     0     0     0     0     0     0
    12
     0     0     0     0     0     0     0     0     0     0     0     0
     0     0     0     0     1     0     0     0     0     0     0     0
     0     0     0     0     0     0     0     0     0     0     0     0
     0     0     0     0     0     0     0     0     0     0     0     0
     0     0     0     0     0     0     0     0     0     0     0     0
     0     0     0     0     0     0     0     0     0     0     0     0
     0     0     0     0     0     0     0     0     0     0     0     0
     0     0     0     0     0     0     0     0     0     0     0     0
     0     0     0     0     1     0     0     0     0     0     0     0
     0     1     0     0     0     0     0     1     0     0     0     0
     0     0     0     0     0     0     0     0     0     0     0     0
     0     0     0     0     0     0     0     0     0     0     0     0
     0     0     0     0     0     0     0     0     0     0     0     0
     0     0     0     0     0     0     0     0     0     0     0     0
     0     0     0     0     0     0     0     0     0     0     0     0
     0     0     0     0     0     0     0     0     0     0     0     0
     0     0     0     0     0     0     0     0     0     0     0     0
     0     0     0     0     0     1     0     0     0     0     0     0
     0     0     3     0     0     0     0     0     0     0     0     0
     0     0     0     0     0     0     0     0     0     0     0     0
     0     0     0     0     0     0     0     0     1     0     0     0
     0     0     0     0     0     0     0     0     1     0     0     0
     0     0     0     0     0     0     0     0     2     0     0     0
     0     0     0     0     0     0     0     0     1     0     0     0
     0     0     0     0     0     0     0     0     0     0     0     0
     0     0     0     0     0     0     0     0     0     0     0     0
     0     2     1     0     0     0     0     0     0     0     1     0
     0     1     0     0     0     0     0     0     0     0     0     0
     0     1     9     0     0     0     0     0     0     0     2     0
     0     1     1     0     0     0     0     0     0     0     0     0
     0     2     0     0     0     0     0     0     0     0     0     0
     0     1     0     0     0     0     1     0     0     0     1     0
     0     0     0     0     0     0     0     0     0     0     0     0
     0     0     0     0     0     0     0     0     0     0     0     0
     0     0     0     0     0     0     0     0     0     0     0     0
     0     0     0     0     0     0     0     0     0     0     0     0
    13
     0     0     0     0     0     0     0     0     0     0     0     0
     0     0     0     0     0     0     0     0     0     0     0     0
     0     0     0     0     0     0     0     0     0     0     0     0
     0     0     0     0     0     0     0     0     0     0     0     0
     0     0     0     0     0     0     0     0     0     0     0     0
     0     0     0     0     0     0     0     0     0     0     0     0
     0     0     0     0     0     0     0     0     0     0     0     0
     0     0     0     0     0     0     0     0     0     0     0     0
     0     0     0     0     0     0     0     0     0     0     0     0
     0     0     0     0     0     0     0     0     0     0     0     0
     0     0     0     0     0     0     0     0     0     0     0     0
     0     0     0     0     0     0     0     0     0     0     0     0
     0     0     0     0     0     0     0     0     0     0     0     0
     0     0     0     0     0     0     0     0     0     0     0     0
     0     0     0     0     0     0     0     0     0     0     0     0
     0     0     0     0     0     0     0     0     0     0     0     0
     0     0     0     0     0     0     0     0     0     0     0     0
     0     0     0     0     0     0     0     0     0     0     0     0
     0     0     0     0     0     0     0     0     0     0     0     0
     0     0     0     0     0     0     0     0     0     0     0     0
     0     0     0     0     0     0     0     0     0     0     0     0
     0     0     0     0     0     0     0     0     0     0     0     0
     0     0     0     0     0     0     0     0     0     0     0     0
     0     0     0     0     0     0     0     0     0     0     0     0
     0     0     0     0     0     0     0     0     0     0     0     0
     0     0     0     0     0     0     0     0     0     0     0     0
     0     0     0     0     0     0     0     0     0     0     0     0
     0     0     0     0     0     0     0     0     0     0     0     0
     0     1     1     0     0     0     0     0     0     0     2     0
     0     0     0     0     0     0     0     0     0     0     0     0
     0     0     0     0     0     0     0     0     0     0     0     0
     0     0     0     0     0     0     0     0     0     0     0     0
     0     0     0     0     0     0     0     0     0     0     0     0
     0     0     0     0     0     0     0     0     0     0     0     0
     0     0     0     0     0     0     0     0     0     0     0     0
     0     0     0     0     0     0     0     0     0     0     0     0
    14
     0     0     0     0     0     0     0     0     0     0     0     0
     0     0     0     0     0     0     0     0     0     0     0     0
     0     0     0     0     0     0     0     0     0     0     0     0
     0     0     0     0     0     0     0     0     0     0     0     0
     0     0     0     0     0     0     0     0     0     0     0     0
     0     0     0     0     0     0     0     0     0     0     0     0
     0     0     0     0     0     0     0     0     0     0     0     0
     0     0     0     0     0     0     0     0     0     0     0     0
     0     0     0     0     0     0     0     0     0     0     0     0
     0     0     0     0     0     0     0     0     0     0     0     0
     0     0     0     0     0     0     0     1     0     0     0     0
     0     0     0     0     0     0     0     0     0     0     0     0
     0     0     0     0     0     0     0     0     0     0     0     0
     0     0     0     0     0     0     0     0     0     0     0     0
     0     0     0     0     0     0     0     0     0     0     0     0
     0     0     0     0     0     0     0     0     0     0     0     0
     0     0     0     0     0     0     0     0     0     0     0     0
     0     0     0     0     0     0     0     0     0     0     0     0
     0     0     0     0     0     0     0     0     0     0     0     0
     0     0     0     0     0     0     0     0     0     0     0     0
     0     0     0     0     0     0     0     0     0     0     0     0
     0     0     0     0     0     0     0     0     0     0     0     0
     0     0     0     0     0     0     0     0     0     0     0     0
     0     0     0     0     0     0     0     0     0     0     0     0
     0     0     0     0     0     0     0     0     0     0     0     0
     0     0     0     0     0     0     0     0     0     0     0     0
     0     0     2     0     0     0     0     0     0     0     0     0
     0     0     0     0     0     0     0     0     0     0     0     0
     0     0     1     0     0     0     0     0     0     0     2     0
     0     0     0     0     0     0     0     0     0     0     0     0
     0     0     0     0     0     0     0     0     0     0     0     0
     0     0     0     0     0     0     0     0     0     0     0     0
     0     0     0     0     0     0     0     0     0     0     0     0
     0     0     0     0     0     0     0     0     0     0     0     0
     0     0     0     0     0     0     0     0     0     0     0     0
     0     0     0     0     0     0     0     0     0     0     0     0
    15
     0     0     0     0     0     0     0     0     0     0     0     0
     0     0     0     0     0     0     0     0     0     0     0     0
     0     0     0     0     0     0     0     0     0     0     0     0
     0     0     0     0     0     0     0     0     0     0     0     0
     0     0     0     0     0     0     0     0     0     0     0     0
     0     0     0     0     0     0     0     0     0     0     0     0
     0     0     0     0     0     0     0     0     0     0     0     0
     0     0     0     0     0     0     0     0     0     0     0     0
     0     0     0     0     0     0     0     0     0     0     0     0
     0     0     0     0     0     0     0     0     0     0     0     0
     0     0     0     0     0     0     0     0     0     0     0     0
     0     0     0     0     0     0     0     0     0     0     0     0
     0     0     0     0     0     0     0     0     0     0     0     0
     0     0     0     0     0     0     0     0     0     0     0     0
     0     0     0     0     0     0     0     0     0     0     0     0
     0     0     0     0     0     0     0     0     0     0     0     0
     0     0     0     0     0     0     0     0     0     0     0     0
     0     0     0     0     0     0     0     0     0     0     0     0
     0     0     0     0     0     0     0     0     0     0     0     0
     0     0     0     0     0     0     0     0     0     0     0     0
     0     0     0     0     0     0     0     0     0     0     0     0
     0     0     0     0     0     0     0     0     0     0     0     0
     0     0     0     0     0     0     0     0     0     0     0     0
     0     0     0     0     0     0     0     0     0     0     0     0
     0     0     0     0     0     0     0     0     0     0     0     0
     0     0     0     0     0     0     0     0     0     0     0     0
     0     0     0     0     0     0     0     0     0     0     0     0
     0     0     0     0     0     0     0     0     0     0     0     0
     0     0     0     0     0     0     0     0     0     0     0     0
     0     0     0     0     0     0     0     0     0     0     0     0
     0     0     0     0     0     0     0     0     0     0     0     0
     0     0     0     0     0     0     0     0     0     0     0     0
     0     0     0     0     0     0     0     0     0     0     0     0
     0     0     0     0     0     0     0     0     0     0     0     0
     0     0     0     0     0     0     0     0     0     0     0     0
     0     0     0     0     0     0     0     0     0     0     0     0
    16
     0     0     0     0     0     0     0     0     0     0     0     0
     0     0     0     0     0     0     0     0     0     0     0     0
     0     0     0     0     0     0     0     0     0     0     0     0
     0     0     0     0     0     0     0     0     0     0     0     0
     0     0     0     0     0     0     0     0     0     0     0     0
     0     0     0     0     0     0     0     0     0     0     0     0
     0     0     0     0     0     0     0     0     0     0     0     0
     0     0     0     0     0     0     0     0     0     0     0     0
     0     0     0     0     0     0     0     0     0     0     0     0
     0     0     0     0     0     0     0     0     0     0     0     0
     0     0     0     0     0     0     0     0     0     0     0     0
     0     0     0     0     0     0     0     0     0     0     0     0
     0     0     0     0     0     0     0     0     0     0     0     0
     0     0     0     0     0     0     0     0     0     0     0     0
     0     0     0     0     0     0     0     0     0     0     0     0
     0     0     0     0     0     0     0     0     0     0     0     0
     0     0     0     0     0     0     0     0     0     0     0     0
     0     0     0     0     0     0     0     0     0     0     0     0
     0     0     0     0     0     0     0     0     0     0     0     0
     0     0     0     0     0     0     0     0     0     0     0     0
     0     0     0     0     0     0     0     0     0     0     0     0
     0     0     0     0     0     0     0     0     0     0     0     0
     0     0     0     0     0     0     0     0     0     0     0     0
     0     0     0     0     0     0     0     0     0     0     0     0
     0     0     0     0     0     0     0     0     0     0     0     0
     0     0     0     0     0     0     0     0     0     0     0     0
     0     1     1     0     0     0     0     0     0     0     0     0
     0     0     0     0     0     0     0     0     0     0     0     0
     0     0     0     0     0     0     0     0     0     0     0     0
     0     0     0     0     0     0     0     0     0     0     0     0
     0     0     0     0     0     0     0     0     0     0     0     0
     0     0     0     0     0     0     0     0     0     0     0     0
     0     0     0     0     0     0     0     0     0     0     0     0
     0     0     0     0     0     0     0     0     0     0     0     0
     0     0     0     0     0     0     0     0     0     0     0     0
     0     0     0     0     0     0     0     0     0     0     0     0
    17
     0     0     0     0     1     0     0     0     0     0     0     0
     0     0     0     0     0     0     0     0     0     0     0     0
     0     0     0     0     0     0     0     0     0     0     0     0
     0     0     0     0     0     0     0     0     0     0     0     0
     0     0     0     0     0     0     0     0     0     0     0     0
     0     0     0     0     0     0     0     0     0     0     0     0
     0     0     0     0     0     0     0     0     0     0     0     0
     0     0     0     0     0     0     0     0     0     0     0     0
     0     0     0     0     0     0     0     0     0     0     0     0
     0     0     0     0     0     0     0     0     0     0     0     0
     0     0     0     0     0     0     0     0     0     0     0     0
     0     0     0     0     0     0     0     0     0     0     0     0
     0     0     0     0     0     0     0     0     0     0     0     0
     0     0     0     0     0     0     0     0     0     0     0     0
     0     0     0     0     0     0     0     0     0     0     0     0
     0     0     0     0     0     0     0     0     0     0     0     0
     0     0     0     0     0     0     0     0     0     0     0     0
     0     0     0     0     0     0     0     0     0     0     0     0
     0     0     0     0     0     0     0     0     0     0     0     0
     0     0     0     0     0     0     0     0     0     0     0     0
     0     0     0     0     0     0     0     0     0     0     0     0
     0     0     0     0     0     0     0     0     0     0     0     0
     0     0     0     0     0     0     0     0     0     0     0     0
     0     0     0     0     0     0     0     0     0     0     0     0
     0     0     0     0     0     0     0     0     0     0     0     0
     0     0     0     0     0     0     0     0     0     0     0     0
     0     0     0     0     0     0     0     0     0     0     0     0
     0     0     0     0     0     0     0     0     0     0     0     0
     0     0     0     0     0     0     0     0     0     0     0     0
     0     0     0     0     0     0     0     0     0     0     0     0
     0     0     0     0     0     0     0     0     0     0     0     0
     0     0     0     0     0     0     0     0     0     0     0     0
     0     0     0     0     0     0     0     0     0     0     0     0
     0     0     0     0     0     0     0     0     0     0     0     0
     0     0     0     0     0     0     0     0     0     0     0     0
     0     0     0     0     0     0     0     0     0     0     0     0
