21
Brownsville, TX 12919
     0
      12.100      15.000      20.000      23.200      25.600      27.700
      28.200      28.800      27.200      24.300      19.300      13.300
      17.700      19.300      22.700      26.100      27.700      30.000
      31.100      31.100      29.300      27.200      23.800      19.300
      22.200      23.200      25.600      27.700      30.000      32.200
      32.700      33.200      31.700      29.300      26.700      23.800
      58.000      56.000      54.000      56.000      60.000      57.000
      54.000      52.000      56.000      54.000      56.000      58.000
      73.000      70.000      66.000      66.000      69.000      65.000
      61.000      61.000      65.000      63.000      67.000      71.000
      87.000      86.000      79.000      77.000      79.000      77.000
      74.000      72.000      77.000      76.000      79.000      86.000
       2.700       3.500       4.000       4.000       4.000       3.500
       3.500       3.100       3.100       2.700       3.100       3.100
       4.000       4.800       5.500       5.500       5.200       4.800
       4.800       4.800       4.000       4.000       4.400       4.400
       5.900       6.300       6.800       6.800       6.300       5.900
       5.900       5.900       5.500       5.200       5.900       5.900
     350.000     150.000     140.000     140.000     140.000     140.000
     140.000     140.000     130.000     130.000     150.000     350.000
     1
      16.630      18.595      22.155      25.471      27.562      29.654
      30.482      31.019      29.286      26.439      22.526      18.331
      71.183      68.837      65.289      65.915      69.758      67.264
      64.613      62.804      66.813      65.004      67.078      70.248
     2
     6     2     6     9    12    17     8    13    12    29    10    15
    16     8     7     7     8    19    20    14    26    21    10    14
    11     8     2    10    15     9    13    14    22    23    12    10
    21    16    10     9    16    13     9     9    21    23    13    16
    18    10     8     7    14    16    23    30    25    16    16    13
    11     6     6    12    11    18    20    19    19    17    14    19
    14     5    14     8    21    22    15    25    19    14    17     9
     9     4     4     5    10     9    20    13     8    11     7     7
    15     9    15     8     9    19    23    24    21    21     6     8
     5     7     6     5    14    12    19    17    17    16     5     6
     9    11     7     9    17    17    35    29    17    19    10    10
     8     3    11     8    21    25    44    26    15    19    17    10
     6     2     2     7    12    34    38    27    20    22    11    12
    15    16     6     5    10    32    51    43    32    32    16     8
     6     4     4     3    11    26    52    21    12    15    10    11
    15    11     2     5    11    27    43    35    20    19    11     7
     9    10     1     5     6    10    19    23    15    11     8    14
    10     8     8     3     8    24    18    19    20    11    17    13
    13     6     5     5     5     6     4    19    11     4     5     6
     8     6     5     6     4     7     6     6     9     8     6    11
     4     6     0     2     3     5     3    10     8    10     3     8
     8     1     4     3     2     6     2    13     8     5     7     5
    15     9     4     2     4     3     9     7    10     4     7    18
    13     8     5     2     3     4     2     2     4     2     3     6
    11     8     6     1     3     5     1    13     8    11     7     9
     3     0     4     1     0     4     0     8     5     5     2     3
    19     8     2     4     4     5     3     4     2     8     4     8
     2     2     3     4     5     3     2     2     0     5     9    10
    24    13     7     4     3     5     3     5    12     5    15    17
    13     6     5     2     3     3     3     9    11     5    10    13
    18    10     8     3    13     7     8    12    17     7    10    12
    23     9     8     6    12    13     9    10    26    18    11    28
    17     8    12     6    19     7    13    10    16    21    21    11
    17    12     8    10    15    22    15    13    32    33    24    23
     8     9    12     8     9    16    14    16    16    24    18    11
    36    13    19    11     9    24    15    19    33    37    29    24
     3
    41    38    28    19    17    17    14    12    43    44    33    34
    57    38    30    16    35    21     7    26    58    57    45    67
    43    20    25    19    23    26    18    17    40    46    37    47
    40    40    43    24    20     8    23    21    48    64    52    42
    64    47    33    25    44    42    23    41    63    72    49    48
    39    38    32    29    23    36    27    34    52    61    51    34
    51    48    30    26    49    46    27    34    71    75    52    35
    16    30    20    25    34    30    29    40    44    50    26    34
    28    34    30    34    55    57    44    50    86    76    34    40
    30    22    24    22    43    46    44    37    55    46    45    18
    36    29    41    36    84    77    84    82    52    80    41    34
    41    26    24    39    77    91    78    45    61    70    43    41
    44    21    35    38    82    99    79    76    71    68    48    31
    44    30    55    38    96   129   191    99    72   102    59    50
    38    22    27    23    53   101   128    82    40    44    41    47
    48    31    22    29    54    89   152   103    66    49    49    37
    35    20    17    15    32    63    81    74    32    33    25    37
    45    31    22    12    23    52    74    67    56    40    31    41
    22    12     3     7    12    16    28    23    20    21    23    21
    23    20    11     7    10    15    17    33    25    13    27    23
    20     9     8     4     2    13     9    14    10    16    11    13
    13     8     7     6     2     9     8     7    13     6     6    16
    18    14    15     9     4    18     5    22    12    12    11    18
    15    10     9     5     5     3     2     6    14     6     7    16
    22    18     7     2     2     8     3     7     9     3    11    14
    14    11     6     2     4     3     1     2     5     4     7     9
    21    11     6     2     3     9     5    12     9     5    16     6
    16     7     6     4     2    10     4     2     4     6    12    11
    62    17    13     9     8    11     2    10    12    21    29    28
    38    16    12     7    14    11     5     8    17    24    39    27
    60    29    19     7    12    19    13     6    38    41    38    48
    83    43    31    25    24    30     9    28    44    82    76    66
    63    27    22    19    20    31    22    13    51    74    51    67
    85    46    37    25    20    34    13    39    84    81    86   106
    66    39    25    14    16    16    18    19    42    48    63    66
    94    59    36    28    23    28    21    36    60    71    62    85
     4
    28    39    18    13     8     5     6     4    26    39    22    41
    43    38    23    20    22    10    10    13    35    35    46    44
    40    33    30    17    18    17     5     8    36    32    29    27
    34    29    32    36    22    16    16    18    54    60    43    25
    40    38    49    40    29    22    19    28    72    76    45    51
    22    40    31    38    37    36    18    24    60    55    26    20
    28    46    34    30    50    33    20    34    73    86    26    21
    12    27    28    29    30    34    24    28    34    55    16    21
    20    37    35    28    59    42    30    32    74    65    28    18
    24    20    24    23    37    41    26    46    53    44    15    18
    29    27    37    38    65    44    46    58    82    58    47    19
    29    33    37    30    90    55    69    57    51    64    42    30
    35    35    37    44    82    93    76    70    57    68    36    32
    42    52    49    56    93   108   118    93    73    91    69    44
    42    21    30    40    79    86    96    74    54    55    45    33
    53    25    33    31    87    83   129    80    63    58    42    54
    30    34    24    15    20    57    78    65    52    33    33    26
    32    25    23    11    26    43    70    71    54    31    37    45
    33    12     9     9     3     6    26    23    14    16    21    16
    22    10     8     7     5    14    20    26    14    12    18    20
    15     6     8     5     4     5     4     9    10     3    10     7
     6     8     8     1     3     6     5     6     3     2     9     4
    10     9     5     2     1     4     3     6     7     3     5     7
     6     2     7     3     1     1     2     6     3     0     3     3
     8     9     7     4     1     4     2     3     2     1     6     6
     0     4     4     3     1     0     1     0     3     1     1     6
     8    13     1     1     3     5     0     3     0     3     5     4
     6     8     6     0     2     3     0     1     4     1     5     3
    17    19    11     4     6     5     1     1     1     2     9    12
    17    12     7     4     2     6     2     4     7    10    18    26
    53    27    10    16     8     4     1     0    10    20    39    36
    64    47    21    11    14    14     1     6    31    51    37    72
    57    38    24    12    16     5     4     5    26    37    51    75
    76    55    29    17    17    13     3     9    43    41    61    95
    64    47    16    18     7     9     3     2    28    28    51    61
    87    70    33    17    17     6     4    13    33    57    57    62
     5
    58    62    42    31    26     8     2     7    41    43    43    47
    77    70    58    41    27    15     5    25    75    66    75    72
    41    54    67    41    18    20    13    21    73    63    63    32
    38    60    72    66    54    27    17    35    79    92    60    33
    61    73   105   109    71    36    20    74   107   120    69    43
    24    52    72    74    58    50    30    35    80    75    40    23
    25    73    80    90    92    51    23    64   121    80    39    23
    11    33    31    58    65    71    28    49    64    57    20    11
    26    63    97    98   104   101    63   120   139   104    55    25
    10    30    76    82    97   106    82    99    80    61    30    10
    30    66   110   122   197   194   142   183   163   111    47    29
    19    52    82   109   209   194   187   181   148   116    61    26
    59    69   110   131   257   249   234   246   147   141    74    39
    88   100   146   193   308   341   365   320   202   239   135   112
    83    83   108   122   212   253   290   228   147   165   106    78
   108    90   105   107   190   249   320   198   153   168   146   110
    79    59    60    62    72   131   187   126    88    99    92    87
    96    73    52    47    46   107   184   143    82    55   103   107
    33    21    22    19    17    29    46    43    11     9    29    40
    32    32    20    19    11     9    28    30    17     9    28    28
     9     9     9     6     4     5    10     9     8     6     8    10
     4     7     5     4     3     1     1     3     1     4     6     4
     6    10    11     9     3     5     1     5     1     4     8     4
     3     2     2     0     1     1     2     3     1     1     1     1
     3     7     2     2     0     1     3     3     6     2     4     5
     6     1     1     4     0     0     0     1     1     2     0     1
     4     7     8     0     0     1     1     1     2     1     3     6
     3     5     4     2     1     0     0     0     1     1     1     4
    20    12    17     4     2     3     0     2     2     5     6    22
    27     9     9     5     7     5     0     0     9    12     7    23
    58    34    15    15     5    12     2     1    11    17    33    73
   137    66    33    22    11    10     3    13    33    53   102   152
   111    80    37    13    17     5     2     0    45    57    85   134
   186   129    59    31    30    16     3     5    54    81   135   170
    94   111    34    32    19    11     5     5    42    61    70   107
   126   119    62    37    23    13     4    10    51    75   110   107
     6
    32    65    29    23    16     4     0     1    23    27    40    27
    36    46    57    42    22     2     2     7    42    57    52    43
    29    31    52    46    15     3     5     7    28    29    17    16
    25    28    72    64    31     9     7    17    46    34    17    19
    14    42    87    69    34    23     8    28    64    49    25    15
    16    18    53    51    37    13     8    22    33    30    10     4
     6    25    59    40    34    31    11    28    47    40    14     7
     5     5    21    22    32    29    22    20    28     6     4     4
     8    37    60    57    58    53    37    67    76    33    17     3
     3    20    53    56    48    49    36    45    37    13     7     3
     6    35    99   113   129   132    97   147   113    56    33    14
    16    34   102   115   195   171   154   141    69    37    26    12
    28    50   160   161   312   307   301   237   100    64    45    26
    59   109   230   326   517   546   554   405   205   229   119    80
    68   117   166   256   418   380   493   353   175   161   148    83
   105   138   190   253   365   399   475   276   186   218   188   134
    83    77    85   102   105   147   203   180    99    98    93   108
    85    86    88    75    59    90   158   125    69    57    90   107
    48    31    28    26    13    22    29    32    17    20    32    44
    12    13    13     9     1    14    22     7    11     6    15    23
     7     3     7     7     3     0     1     1     0     2     6     5
     4     1     5     4     1     1     1     1     0     1     5     5
     3     5     1     3     2     1     0     0     0     2     4     1
     0     0     2     1     0     2     0     0     0     1     1     0
     1     2     2     0     0     2     0     0     2     0     1     1
     0     0     4     0     0     0     0     0     0     0     1     0
     0     3     0     0     0     1     0     0     0     0     1     0
     0     4     3     1     0     0     0     0     2     0     0     1
     6    12     3     1     1     0     0     0     0     1     3     3
    12     1     6     3     0     0     1     0     3     1     7    11
    27    24    13     9     4     2     0     0     2     6    14    31
    88    54    29    20     6     1     0     1    31    25    85   103
   110    78    50    17    11     1     1     0    39    37    89   117
   215   118    64    26    16     8     1     4    50    55   103   162
    95    80    46    20    12     3     0     0    33    29    53    89
    94    77    57    41    11     4     2     4    40    39    93    73
     7
    10    26    13     6     3     1     0     0    15    11     7     6
    11    28    21    17     6     0     1     5     7    11    11    11
     3     8    33    19     6     1     0     4     3     7     4     2
     2     5    20    21     4     3     0     6     3     5     2     1
     4     9    19    15     8     6     0    17    16    17     3     5
     0     1     7     3     3     2     0     3     3     6     0     1
     0     4    13     3     2     2     4     6     5     8     2     0
     0     2     5     3     2     0     4     1     3     2     0     1
     1     9    10    12    10     8     7    18    21    17     4     2
     0     4     6     8    12     8     9     7     4     0     1     0
     4    19    39    37    49    56    32    46    40    17    10     4
     4     7    39    25    59    40    40    31    18     6     5     5
     6    22    48    90   108   106    93    67    22    17    14     7
    30    55   149   202   302   287   299   242    84    85    49    21
    39    69   159   210   229   225   277   181    90    70    73    39
    74    98   137   210   303   274   317   168   106   104   119    57
    56    66    64    82    96    99   124    90    61    44    70    59
    70    72    38    48    46    45    64    46    20    22    65    94
    17    17     8    16     5     9     6     7     5     6    18    30
     7     7     2     5     1     4     5     3     4     2     8    13
     1     1     1     1     1     3     0     0     0     2     2     1
     0     0     1     0     0     0     0     1     0     0     0     0
     0     1     2     0     0     0     0     1     0     0     0     0
     0     0     0     0     0     0     0     0     1     0     0     0
     0     0     2     0     0     0     0     0     0     0     1     0
     0     0     1     0     0     0     0     0     0     0     0     0
     0     0     1     0     0     0     0     0     0     0     0     1
     0     1     0     1     0     0     0     0     0     0     0     0
     0     2     5     0     0     0     0     0     3     0     2     1
     0     0     1     1     2     0     0     0     0     2     1     0
    10     0     2     1     2     1     0     0     2     7     4    10
    31    15    12     8     2     0     1     0     1    16    34    41
    51    26    19     8     8     2     0     0    10    12    43    44
    64    45    41    15     5     0     0     0     9    11    43    81
    42    33    21     8     2     0     0     0     3    14    20    28
    23    35    34    11     5     0     0     3     7     8    29    22
     8
    11    18    11     6     1     0     0     0     2     5     5     9
     8    18    22     9     5     0     0     2     8     5    19     9
     2     2     4     9     1     2     0     0     1     3     1     1
     2     3    15     8     5     0     0     0     5     4     2     2
     2     4    12    12     8     2     0     5    10     8     2     0
     0     1     2     2     3     0     0     1     2     0     0     0
     0     2     9     6     1     0     1     1     5     7     4     0
     0     0     2     0     0     0     0     0     1     1     0     0
     1    14    12    10     7     4     2     7     4     5     1     0
     0     2     5     6     6     4     5     7     3     0     0     0
     0    13    33    24    39    45    24    52    28    10     6    10
     1     6    13    14    13    17    17    21    10     6     0     3
     4    16    36    52    60    50    49    42    14     9     1     6
    23    55   189   249   320   245   220   149    40    65    37    24
    40    59   187   262   196   150   158   105    48    46    57    38
    76   139   252   328   334   196   252   132    87    89   157    65
    92   101   128   141   118    67    77    71    38    64   118    92
    90   115    93    84    49    25    32    26    21    40    92   100
    31    26    19    11     2     7     5     6     5     5    18    44
     8    10     5    12     1     1     0     1     0     1     9    11
     0     1     1     0     0     0     1     0     0     1     1     0
     0     0     0     1     0     0     0     0     0     0     1     0
     0     0     0     0     0     0     0     0     0     0     1     0
     0     0     0     0     0     0     0     0     0     0     0     0
     0     0     0     0     0     0     0     0     3     0     0     0
     0     0     0     0     0     0     0     0     0     0     0     0
     0     1     0     0     0     0     0     0     5     0     0     0
     0     0     0     0     0     0     0     0     0     0     0     0
     0     1     3     0     0     0     0     0     0     1     3     1
     5     1     5     0     0     0     0     0     1     3     3     2
     9     8     5     1     0     0     0     0     0     7     6     3
    41    13    14     4     2     0     0     0     6    11    32    22
    50    31    19     3     2     0     0     0     4     8    22    26
    83    63    44    19     5     0     0     0     6    11    35    54
    20    16    19     6     2     0     0     0     5    10    14    13
    26    31    27     9     2     0     0     0     4     4    25    30
     9
     3     3     2     1     0     0     0     0     0     0     1     0
     0     1     7     1     1     0     0     1     4     0     3     0
     1     0     0     1     0     1     0     0     1     1     0     0
     0     1     2     0     1     0     0     0     0     0     0     0
     0     0     3     0     0     0     0     0     2     0     0     0
     0     0     0     0     0     0     0     0     0     0     0     0
     0     0     0     0     0     1     1     0     0     0     0     0
     0     0     0     0     0     0     0     0     0     0     0     0
     0     0     0     0     0     1     0     0     0     1     0     0
     0     0     0     0     0     0     0     0     0     0     0     0
     0     0     5    10    10     6     0     2     0     1     4     0
     0     0     1     2     1     1     1     0     0     0     0     0
     1     3     7     6    11     2     4     6     1     0     0     0
     2    12    38    40    30    33    18     9     8     4     5     8
     5    18    58    55    46    27     9    19    11     8    16     6
    12    33    77    99    70    34    30    19     6    15    25    19
    27    32    65    42    39    20     6    13     3    15    28    37
    34    23    39    30    13     2     1     4     0     9    24    32
    11     6     7    10     1     1     1     1     0     1     3    13
     1     1     3     2     0     0     0     1     0     0     1     3
     0     0     0     0     1     0     0     0     0     0     0     0
     0     0     0     0     0     0     0     0     0     0     0     0
     0     0     0     0     0     0     0     0     0     0     0     0
     0     0     0     0     0     0     0     0     2     0     0     0
     0     0     0     0     0     0     0     0     1     0     0     0
     0     0     0     0     0     0     0     0     0     0     0     0
     0     0     0     0     0     0     0     0     0     0     0     0
     0     0     0     0     0     0     0     0     0     0     0     0
     0     0     2     0     0     0     0     0     0     0     1     0
     0     1     0     0     0     0     0     0     0     1     0     0
     0     0     3     0     1     0     0     0     0     1     0     0
     6     3     9     0     0     0     0     0     2     1     3     3
    13     6     6     1     0     0     0     0     0     0     3     8
    16    15    11     4     0     0     0     0     0     0     5     5
     3     2     3     1     0     0     0     1     0     0     0     2
     1     5     4     0     0     0     0     0     0     1     1     6
    10
     0     1     0     1     0     0     0     0     0     0     1     1
     0     0     2     2     0     0     0     0     1     1     0     0
     0     0     3     0     0     0     0     0     0     0     0     0
     0     0     2     0     0     0     0     0     0     0     0     0
     0     0     1     0     0     2     0     1     1     0     0     0
     0     0     0     0     0     0     0     0     0     0     0     0
     0     0     1     1     0     1     0     0     0     0     0     0
     0     0     0     0     0     0     0     1     0     0     0     0
     0     0     1     1     1     0     0     0     1     0     0     0
     0     0     0     0     0     0     0     0     0     0     0     0
     0     1     4     5     0     1     1     0     0     0     0     0
     0     0     1     1     1     0     0     2     0     0     0     0
     0     2     5     1     6     0     0     2     1     0     1     0
     3     2    19    19    14     7     5     4     0     1     3     1
     2     8    35    39    23     6     1     7     1     1     4     5
     5    32    61    88    34    10     3    12     0     6     9     5
    18    24    60    37    25     7     0     4     1    11    23    24
    22    31    50    20    10     2     0     1     0     2    17    35
     8     7     7     2     2     0     0     0     0     0     4     7
     1     0     0     1     0     0     0     0     0     1     0     0
     0     0     0     0     0     0     0     0     0     0     0     0
     0     0     0     0     0     0     0     0     0     0     0     0
     0     0     0     0     0     0     0     0     0     0     0     0
     0     0     0     0     0     0     0     0     0     0     0     0
     0     0     0     0     0     0     0     0     1     0     0     0
     0     0     0     0     0     0     0     0     0     0     0     0
     0     0     0     0     0     0     0     0     1     0     0     0
     0     0     0     0     0     0     0     0     0     0     0     0
     0     1     0     0     1     0     0     0     1     0     0     0
     0     0     1     0     0     0     0     0     0     0     0     0
     1     1     2     0     0     0     0     0     0     0     0     0
     5     9     3     0     0     0     0     0     0     0     4     1
     9     4     1     3     0     0     0     0     0     0     1     3
    12     5     3     0     0     0     0     0     0     1     2     4
     0     3     1     0     0     0     0     0     0     1     1     0
     1     1     2     1     0     0     0     1     0     0     0     1
    11
     0     0     0     0     0     0     0     0     0     0     0     0
     0     0     2     0     1     0     0     0     0     0     0     0
     0     0     0     0     0     0     0     0     1     0     0     0
     0     0     1     0     0     0     0     0     1     0     0     0
     0     0     2     0     0     0     0     0     0     0     0     0
     0     0     0     0     0     0     0     1     0     0     0     0
     0     0     0     0     0     0     0     0     1     0     0     0
     0     0     0     0     0     0     0     1     1     0     0     0
     0     0     1     0     0     0     0     0     0     0     0     0
     0     0     0     0     0     0     0     0     0     0     0     0
     0     0     0     1     1     0     0     3     0     0     0     0
     1     0     0     0     0     0     0     3     0     0     0     0
     2     1     0     0     0     0     0     0     0     0     0     0
     0     0    11     7     5     0     2     2     1     0     1     0
     1     2    19    20    13     0     0     0     2     0     0     0
     4    15    37    49    20     3     1     5     1     1     0     5
     2    26    49    36    19     2     1     1     0     4    18    23
    19    35    42    23     5     1     0     0     0     0     8    25
     3     9     4     1     0     3     0     0     0     0     2     5
     0     1     0     0     0     0     0     1     0     0     0     2
     0     0     0     0     0     0     0     0     0     0     0     0
     0     0     0     0     0     0     0     0     0     0     0     0
     0     0     0     0     0     0     0     0     0     0     0     0
     0     0     0     0     0     0     0     0     0     0     0     0
     0     0     0     0     0     0     0     0     0     0     0     0
     0     0     0     0     0     0     0     0     0     0     0     0
     0     0     0     0     0     0     0     0     0     0     0     0
     0     0     0     0     0     0     0     0     0     0     0     0
     0     0     0     0     0     0     0     0     5     0     0     0
     0     0     0     0     0     0     0     0     0     0     0     0
     0     2     3     1     0     0     0     0     0     0     0     0
     1     7     1     3     0     0     0     0     1     1     0     0
     1     2     3     2     0     0     0     0     0     0     0     0
     5     3     1     1     0     0     0     0     0     0     0     0
     1     2     0     0     0     0     0     0     0     1     0     0
     0     1     2     0     0     0     0     0     0     0     0     1
    12
     0     0     0     0     0     0     0     1     0     0     0     0
     0     0     0     0     0     0     0     0     0     0     0     0
     0     0     0     0     1     0     0     0     0     0     0     0
     0     0     1     0     0     0     0     0     0     0     0     0
     0     0     0     0     0     0     0     0     0     0     0     0
     0     0     0     0     0     0     0     0     0     0     0     0
     0     0     0     0     0     0     0     0     1     0     0     0
     0     0     0     0     0     0     0     0     3     0     0     0
     0     0     0     0     0     0     0     0     0     0     0     0
     0     0     0     0     0     0     0     0     0     0     0     0
     0     0     0     0     0     0     0     1     0     0     0     0
     0     0     0     0     0     0     0     0     1     0     0     0
     0     0     0     0     0     0     0     0     0     0     0     0
     0     0     0     0     2     0     0     0     0     0     0     0
     1     0     0     1     1     0     0     0     0     0     0     0
     3     0     7    10     1     0     1     0     0     1     1     0
     1     7    14    12     1     1     0     0     0     0     4     7
     1     5     7    15     1     0     1     0     0     0     2     4
     1     1     1     0     0     0     0     0     1     0     0     1
     0     0     0     0     0     0     0     1     0     0     0     0
     0     0     0     0     0     0     0     0     0     0     0     0
     0     0     0     0     0     0     0     0     0     0     0     0
     0     0     0     0     0     0     0     0     0     0     0     0
     0     0     0     0     0     0     0     0     0     0     0     0
     0     0     0     0     0     0     0     0     0     0     0     0
     0     0     0     0     0     0     0     0     0     0     0     0
     0     0     0     0     0     0     0     0     1     0     0     0
     0     0     0     0     0     0     0     0     0     0     0     0
     0     0     0     0     0     0     0     0     1     0     0     0
     0     0     0     0     0     0     0     0     0     0     0     0
     0     0     0     0     0     0     0     0     0     0     0     0
     0     1     0     0     0     0     0     0     0     0     0     0
     0     2     3     0     0     0     0     0     0     0     0     0
     0     3     0     0     0     0     0     0     0     0     0     0
     0     0     2     0     0     0     0     0     0     0     0     0
     0     0     0     0     0     0     0     1     0     1     0     0
    13
     0     0     0     0     0     0     0     1     0     0     0     0
     0     0     0     0     0     0     0     0     0     0     0     0
     0     0     0     0     0     0     0     0     0     0     0     0
     0     0     0     0     0     0     0     0     1     0     0     0
     0     0     0     0     0     0     0     0     0     0     0     0
     0     0     0     0     0     0     0     0     0     0     0     0
     0     0     0     0     0     0     0     0     0     0     0     0
     0     0     0     0     0     0     0     0     0     0     0     0
     0     0     0     0     0     0     0     0     0     0     0     0
     0     0     0     0     0     0     0     0     0     0     0     0
     0     0     0     0     0     1     0     0     0     0     0     0
     0     0     0     0     0     0     0     0     0     0     0     0
     0     0     0     0     0     0     0     0     0     0     0     0
     0     0     0     0     0     0     0     0     0     0     0     0
     0     0     0     0     0     0     0     0     0     0     0     0
     0     0     1     0     0     0     0     0     0     0     0     0
     0     0     1     1     0     0     0     0     0     0     1     0
     1     0     0     0     0     0     0     0     0     0     0     1
     0     0     0     0     0     0     0     0     0     0     0     0
     0     0     0     0     0     0     0     0     0     0     0     0
     0     0     0     0     0     0     0     0     0     0     0     0
     0     0     0     0     0     0     0     0     0     0     0     0
     0     1     0     0     0     0     0     0     0     0     0     0
     0     0     0     0     0     0     0     0     0     0     0     0
     0     0     0     0     0     0     0     0     0     0     0     0
     0     0     0     0     0     0     0     0     0     0     0     0
     0     0     0     0     0     0     0     0     0     0     0     0
     0     0     0     0     0     0     0     0     0     0     0     0
     0     0     0     0     0     0     0     0     0     0     0     0
     0     0     0     0     0     0     0     0     0     0     0     0
     0     0     0     0     0     0     0     0     0     0     0     0
     0     0     0     0     0     0     0     0     0     0     0     0
     0     0     2     0     0     0     0     0     0     0     0     0
     0     0     0     0     0     0     0     0     0     0     0     0
     0     0     0     0     0     0     0     0     0     0     0     0
     0     0     0     0     0     0     0     1     0     0     0     0
    14
     0     0     0     0     0     0     0     0     0     0     0     0
     0     0     0     0     0     0     0     0     0     0     0     0
     0     0     0     0     0     0     0     0     0     0     0     0
     0     0     0     0     0     0     0     0     0     0     0     0
     0     0     0     0     0     0     0     0     0     0     0     0
     0     0     0     0     0     0     0     0     0     0     0     0
     0     0     0     0     0     0     0     0     0     0     0     0
     0     0     0     0     0     0     0     0     0     0     0     0
     0     0     0     0     0     0     0     0     0     0     0     0
     0     0     0     0     0     0     0     0     0     0     0     0
     0     0     0     0     0     0     0     0     0     0     0     0
     0     0     0     0     0     0     0     0     0     0     0     0
     0     0     0     0     0     0     0     0     0     0     0     0
     0     0     0     0     0     0     0     0     0     0     0     0
     0     0     0     0     0     0     0     0     0     0     0     0
     0     0     0     0     0     0     0     0     0     0     0     0
     0     0     0     0     0     0     0     0     0     0     2     0
     0     0     0     1     0     0     0     0     0     0     0     0
     0     0     0     0     0     0     0     0     0     0     0     0
     0     0     0     0     0     0     0     0     0     0     0     0
     0     0     0     0     0     0     0     0     0     0     0     0
     0     0     0     0     0     0     0     0     0     0     0     0
     0     0     0     0     0     0     0     0     0     0     0     0
     0     0     0     0     0     0     0     0     0     0     0     0
     0     0     0     0     0     0     0     0     0     0     0     0
     0     0     0     0     0     0     0     0     0     0     0     0
     0     0     0     0     0     0     0     0     0     0     0     0
     0     0     0     0     0     0     0     0     0     0     0     0
     0     0     0     0     0     0     0     0     0     0     0     0
     0     0     1     0     0     0     0     0     0     0     0     0
     0     0     0     0     0     0     0     0     0     0     0     0
     0     0     0     0     0     0     0     0     0     0     0     0
     0     0     0     0     0     0     0     0     0     0     0     0
     0     0     0     0     0     0     0     0     0     0     0     0
     0     0     0     0     0     0     0     1     0     0     0     0
     0     0     0     0     0     0     0     1     0     0     0     0
    15
     0     0     0     0     0     0     0     0     0     0     0     0
     0     0     0     0     0     0     0     0     0     0     0     0
     0     0     0     0     0     0     0     0     0     0     0     0
     0     0     0     0     0     0     0     0     0     0     0     0
     0     0     0     0     0     0     0     0     0     0     0     0
     0     0     0     0     0     0     0     0     0     0     0     0
     0     0     0     0     0     0     0     0     0     0     0     0
     0     0     0     0     0     0     0     0     0     0     0     0
     0     0     0     0     0     0     0     0     0     0     0     0
     0     0     0     0     0     0     0     0     0     0     0     0
     0     0     0     0     0     0     0     0     0     0     0     0
     0     0     0     0     0     0     0     0     0     0     0     0
     0     0     0     0     0     0     0     0     0     0     0     0
     0     0     0     0     0     0     0     0     0     0     0     0
     0     0     0     0     0     0     0     0     0     0     0     0
     0     0     0     0     0     0     0     0     0     0     0     0
     0     0     1     0     0     0     0     0     0     0     0     0
     0     0     0     0     0     0     0     0     0     0     0     0
     0     0     0     0     0     0     0     1     1     0     0     0
     0     0     0     0     0     0     0     0     0     0     0     0
     0     0     0     0     0     0     0     0     0     0     0     0
     0     0     0     0     0     0     0     0     0     0     0     0
     0     0     0     0     0     0     0     0     0     0     0     0
     0     0     0     0     0     0     0     0     0     0     0     0
     0     0     0     0     0     0     0     0     0     0     0     0
     0     0     0     0     0     0     0     0     0     0     0     0
     0     0     0     0     0     0     0     0     0     0     0     0
     0     0     0     0     0     0     0     0     0     0     0     0
     0     0     0     0     0     0     0     0     0     0     0     0
     0     0     0     0     0     0     0     0     0     0     0     0
     0     0     0     0     0     0     0     0     0     0     0     0
     0     0     0     0     0     0     0     0     0     0     0     0
     0     0     0     0     0     0     0     0     0     0     0     0
     0     0     0     0     0     0     0     0     0     0     0     0
     0     0     0     0     0     0     0     0     0     0     0     0
     0     0     0     0     0     0     0     3     0     0     0     0
    16
     0     0     0     0     0     0     0     0     0     0     0     0
     0     0     0     0     0     0     0     0     0     0     0     0
     0     0     0     0     0     0     0     0     0     0     0     0
     0     0     0     0     0     0     0     0     0     0     0     0
     0     0     0     0     0     0     0     0     0     0     0     0
     0     0     0     0     0     0     0     0     0     0     0     0
     0     0     0     0     0     0     0     0     0     0     0     0
     0     0     0     0     0     0     0     0     0     0     0     0
     0     0     0     0     0     0     0     0     0     0     0     0
     0     0     0     0     0     0     0     0     0     0     0     0
     0     0     0     0     0     0     0     0     0     0     0     0
     0     0     0     0     0     0     0     0     0     0     0     0
     0     0     0     0     0     0     0     0     0     0     0     0
     0     0     0     0     0     0     0     0     0     0     0     0
     0     0     0     0     0     0     0     0     0     0     0     0
     0     0     0     0     0     0     0     0     0     0     0     0
     0     0     0     0     0     0     0     0     0     0     0     0
     0     0     0     0     0     0     0     0     0     0     0     0
     0     0     0     0     0     0     0     0     0     0     0     0
     0     0     0     0     0     0     0     1     0     0     0     0
     0     0     0     0     0     0     0     0     0     0     0     0
     0     0     0     0     0     0     0     0     0     0     0     0
     0     0     0     0     0     0     0     0     0     0     0     0
     0     0     0     0     0     0     0     0     0     0     0     0
     0     0     0     0     0     0     0     0     0     0     0     0
     0     0     0     0     0     0     0     0     0     0     0     0
     0     0     0     0     0     0     0     0     0     0     0     0
     0     0     0     0     0     0     0     0     0     0     0     0
     0     0     0     0     0     0     0     0     0     0     0     0
     0     0     0     0     0     0     0     0     0     0     0     0
     0     0     0     0     0     0     0     0     0     0     0     0
     0     0     0     0     0     0     0     0     0     0     0     0
     0     0     0     0     0     0     0     0     0     0     0     0
     0     0     0     0     0     0     0     0     0     0     0     0
     0     0     0     0     0     0     0     0     0     0     0     0
     0     0     0     0     0     0     0     2     0     0     0     0
    17
     0     0     0     0     0     0     0     0     0     0     0     0
     0     0     0     0     0     0     0     0     0     0     0     0
     0     0     0     0     0     0     0     0     0     0     0     0
     0     0     0     0     0     0     0     0     0     0     0     0
     0     0     0     0     0     0     0     0     0     0     0     0
     0     0     0     0     0     0     0     0     0     0     0     0
     0     0     0     0     0     0     0     0     0     0     0     0
     0     0     0     0     0     0     0     0     0     0     0     0
     0     0     0     0     0     0     0     0     0     0     0     0
     0     0     0     0     0     0     0     0     0     0     0     0
     0     0     0     0     0     0     0     0     0     0     0     0
     0     0     0     0     0     0     0     0     0     0     0     0
     0     0     0     0     0     0     0     0     0     0     0     0
     0     0     0     0     0     0     0     0     0     0     0     0
     0     0     0     0     0     0     0     0     0     0     0     0
     0     0     0     0     0     0     0     0     0     0     0     0
     0     0     0     0     0     0     0     0     0     0     0     0
     0     0     0     0     0     0     0     0     0     0     0     0
     0     0     0     0     0     0     0     0     0     0     0     0
     0     0     0     0     0     0     0     0     0     0     0     0
     0     0     0     0     0     0     0     0     0     0     0     0
     0     0     0     0     0     0     0     0     0     0     0     0
     0     0     0     0     0     0     0     0     0     0     0     0
     0     0     0     0     0     0     0     0     0     0     0     0
     0     0     0     0     0     0     0     0     0     0     0     0
     0     0     0     0     0     0     0     0     0     0     0     0
     0     0     0     0     0     0     0     0     0     0     0     0
     0     0     0     0     0     0     0     0     0     0     0     0
     0     0     0     0     0     0     0     0     0     0     0     0
     0     0     0     0     0     0     0     0     0     0     0     0
     0     0     0     0     0     0     0     0     0     0     0     0
     0     0     0     0     0     0     0     0     0     0     0     0
     0     0     0     0     0     0     0     0     0     0     0     0
     0     0     0     0     0     0     0     0     0     0     0     0
     0     0     0     0     0     0     0     0     0     0     0     0
     0     0     0     0     0     0     0     1     0     0     0     0
    18
     0     0     0     0     0     0     0     0     0     0     0     0
     0     0     0     0     0     0     0     0     0     0     0     0
     0     0     0     0     0     0     0     0     0     0     0     0
     0     0     0     0     0     0     0     0     0     0     0     0
     0     0     0     0     0     0     0     0     0     0     0     0
     0     0     0     0     0     0     0     0     0     0     0     0
     0     0     0     0     0     0     0     0     0     0     0     0
     0     0     0     0     0     0     0     0     0     0     0     0
     0     0     0     0     0     0     0     0     0     0     0     0
     0     0     0     0     0     0     0     0     0     0     0     0
     0     0     0     0     0     0     0     0     0     0     0     0
     0     0     0     0     0     0     0     0     0     0     0     0
     0     0     0     0     0     0     0     0     0     0     0     0
     0     0     0     0     0     0     0     0     0     0     0     0
     0     0     0     0     0     0     0     0     0     0     0     0
     0     0     0     0     0     0     0     0     0     0     0     0
     0     0     0     0     0     0     0     0     0     0     0     0
     0     0     0     0     0     0     0     0     0     0     0     0
     0     0     0     0     0     0     0     0     0     0     0     0
     0     0     0     0     0     0     0     0     0     0     0     0
     0     0     0     0     0     0     0     0     0     0     0     0
     0     0     0     0     0     0     0     0     0     0     0     0
     0     0     0     0     0     0     0     0     0     0     0     0
     0     0     0     0     0     0     0     0     0     0     0     0
     0     0     0     0     0     0     0     0     0     0     0     0
     0     0     0     0     0     0     0     0     0     0     0     0
     0     0     0     0     0     0     0     0     0     0     0     0
     0     0     0     0     0     0     0     0     0     0     0     0
     0     0     0     0     0     0     0     0     0     0     0     0
     0     0     0     0     0     0     0     0     0     0     0     0
     0     0     0     0     0     0     0     0     0     0     0     0
     0     0     0     0     0     0     0     0     0     0     0     0
     0     0     0     0     0     0     0     0     0     0     0     0
     0     0     0     0     0     0     0     0     0     0     0     0
     0     0     0     0     0     0     0     0     0     0     0     0
     0     0     0     0     0     0     0     0     1     0     0     0
    19
     0     0     0     0     0     0     0     0     0     0     0     0
     0     0     0     0     0     0     0     0     0     0     0     0
     0     0     0     0     0     0     0     0     0     0     0     0
     0     0     0     0     0     0     0     0     0     0     0     0
     0     0     0     0     0     0     0     0     0     0     0     0
     0     0     0     0     0     0     0     0     0     0     0     0
     0     0     0     0     0     0     0     0     0     0     0     0
     0     0     0     0     0     0     0     0     0     0     0     0
     0     0     0     0     0     0     0     0     0     0     0     0
     0     0     0     0     0     0     0     0     0     0     0     0
     0     0     0     0     0     0     0     0     0     0     0     0
     0     0     0     0     0     0     0     0     0     0     0     0
     0     0     0     0     0     0     0     0     0     0     0     0
     0     0     0     0     0     0     0     0     0     0     0     0
     0     0     0     0     0     0     0     0     0     0     0     0
     0     0     0     0     0     0     0     0     0     0     0     0
     0     0     0     0     0     0     0     0     0     0     0     0
     0     0     0     0     0     0     0     0     0     0     0     0
     0     0     0     0     0     0     0     0     0     0     0     0
     0     0     0     0     0     0     0     0     0     0     0     0
     0     0     0     0     0     0     0     0     0     0     0     0
     0     0     0     0     0     0     0     0     0     0     0     0
     0     0     0     0     0     0     0     0     0     0     0     0
     0     0     0     0     0     0     0     0     0     0     0     0
     0     0     0     0     0     0     0     0     0     0     0     0
     0     0     0     0     0     0     0     0     0     0     0     0
     0     0     0     0     0     0     0     0     0     0     0     0
     0     0     0     0     0     0     0     0     0     0     0     0
     0     0     0     0     0     0     0     0     0     0     0     0
     0     0     0     0     0     0     0     0     0     0     0     0
     0     0     0     0     0     0     0     0     0     0     0     0
     0     0     0     0     0     0     0     0     0     0     0     0
     0     0     0     0     0     0     0     0     0     0     0     0
     0     0     0     0     0     0     0     0     0     0     0     0
     0     0     0     0     0     0     0     0     0     0     0     0
     0     0     0     0     0     0     0     0     0     0     0     0
    20
     0     0     0     0     0     0     0     0     0     0     0     0
     0     0     0     0     0     0     0     0     0     0     0     0
     0     0     0     0     0     0     0     0     0     0     0     0
     0     0     0     0     0     0     0     0     0     0     0     0
     0     0     0     0     0     0     0     0     0     0     0     0
     0     0     0     0     0     0     0     0     0     0     0     0
     0     0     0     0     0     0     0     0     0     0     0     0
     0     0     0     0     0     0     0     0     0     0     0     0
     0     0     0     0     0     0     0     0     0     0     0     0
     0     0     0     0     0     0     0     0     0     0     0     0
     0     0     0     0     0     0     0     0     0     0     0     0
     0     0     0     0     0     0     0     0     0     0     0     0
     0     0     0     0     0     0     0     0     0     0     0     0
     0     0     0     0     0     0     0     0     0     0     0     0
     0     0     0     0     0     0     0     0     0     0     0     0
     0     0     0     0     0     0     0     0     0     0     0     0
     0     0     0     0     0     0     0     0     0     0     0     0
     0     0     0     0     0     0     0     0     0     0     0     0
     0     0     0     0     0     0     0     0     0     0     0     0
     0     0     0     0     0     0     0     0     1     0     0     0
     0     0     0     0     0     0     0     0     1     0     0     0
     0     0     0     0     0     0     0     0     0     0     0     0
     0     0     0     0     0     0     0     0     0     0     0     0
     0     0     0     0     0     0     0     0     0     0     0     0
     0     0     0     0     0     0     0     0     0     0     0     0
     0     0     0     0     0     0     0     0     0     0     0     0
     0     0     0     0     0     0     0     0     0     0     0     0
     0     0     0     0     0     0     0     0     0     0     0     0
     0     0     0     0     0     0     0     0     0     0     0     0
     0     0     0     0     0     0     0     0     0     0     0     0
     0     0     0     0     0     0     0     0     0     0     0     0
     0     0     0     0     0     0     0     0     0     0     0     0
     0     0     0     0     0     0     0     0     1     0     0     0
     0     0     0     0     0     0     0     0     0     0     0     0
     0     0     0     0     0     0     0     0     0     0     0     0
     0     0     0     0     0     0     0     0     0     0     0     0
