21
San Antonio, TX 12921
     0
       7.100       9.300      15.000      20.000      22.700      25.600
      26.700      27.700      25.600      21.100      14.300       8.300
      12.800      15.000      19.300      23.200      26.100      28.800
      30.600      31.700      28.800      24.300      19.300      13.800
      17.700      19.300      22.700      26.700      28.800      31.700
      33.200      33.900      31.700      27.700      23.200      18.800
      38.000      37.000      35.000      40.000      50.000      48.000
      42.000      40.000      43.000      42.000      42.000      39.000
      57.000      57.000      55.000      59.000      64.000      60.000
      55.000      50.000      55.000      56.000      59.000      59.000
      80.000      78.000      76.000      77.000      80.000      77.000
      74.000      67.000      72.000      74.000      78.000      79.000
       2.400       2.400       2.700       2.700       2.700       2.400
       2.400       2.400       2.400       2.400       2.400       2.400
       3.100       3.500       4.000       4.000       3.500       3.500
       3.100       3.100       3.100       3.100       3.100       3.100
       4.400       4.800       5.200       4.800       4.800       4.400
       4.000       4.000       4.400       4.000       4.400       4.400
      20.000      20.000     150.000     150.000     140.000     150.000
     160.000     150.000     140.000     150.000     170.000      20.000
     1
      12.204      14.532      18.705      22.984      25.712      28.670
      30.114      30.958      28.175      23.875      18.446      13.471
      58.590      57.121      55.779      58.435      63.846      62.159
      58.183      53.973      57.767      57.867      59.276      59.171
     2
    23    14    13    12    18    11    18    11    15    25    28    29
    46    19    16    28    23    24    21    17    37    44    28    40
    33    22    21    14    14    11    17    14    19    21    21    25
    35    27    19    14    26    32    21    14    34    35    17    30
    37    16    23    20    25    19    25    26    27    25    22    48
    21    11    19    22    22    13    20    19    18    24    17    23
    23    26    18    16    29    25    17    31    27    25    21    18
    17    23    17    17    15    29     8    17    18    27    20    16
    21    31    24    27    34    34    28    35    38    27    23    37
    15    17    14    14    21    15    23    19    19    14    11    20
    21    24    17    21    22    30    37    37    22    32    36    31
    24    25    16    21    24    37    32    30    32    38    37    22
    21    21    12    13    23    30    29    28    22    28    16    24
    33    26    22    23    39    38    44    55    34    33    31    23
    16    18    15    21    26    24    33    23    20    27    23    24
    36    13    14    22    28    37    35    37    30    39    33    34
    23    12    16    22    25    32    28    17    26    19    26    31
    43    24    24    32    29    46    48    62    49    38    55    45
    25    13     6    15    11    23    32    19    13    13    23    16
    22    12    16     9    14    23    36    27    18    18    24    23
    14    10     5    20    12    14    20    15     8    13    24    17
    12    16    15     8     5    15    19    20    14    16    17    22
    26    24    16    12    15    24    43    26    15    20    27    27
    22     7    12    11    16    13    23    18    14     9    21    24
    15    12    12     6     7     7    21    14    18    10     9    10
     3    16     6     4     4    12    13     6     4     4    13     6
    18     8    12     7     5    11     6    10    11     6     8    14
    11     8     2     3     2     9     4     8     6     5     4     6
     8     6     7     1     7     8     9     5    11     7     6    10
     9     6     5     3    10     5     8     8     8     7     5    11
     6     9     5    13     8     8     6    14    11     5     7    16
    26    13    10    25    23    16    16    13    14    23    28    23
    14    12    17     8    18    10    17    13    13    12    10    21
    43    22    26    16    21    25    19    29    33    41    34    36
    19    15    17    14    20    14    16     9    14    21    24    33
    44    41    33    32    24    39    33    27    38    54    45    54
     3
    55    37    27    32    39    27    18    20    26    35    28    64
    96    45    36    33    41    46    33    51    79    74    76    92
    69    46    25    33    50    29    20    25    55    62    58    55
    70    66    53    52    68    53    30    43    61    75    66    77
    82    66    58    66    84    87    40    64    91    72    95   113
    77    65    56    52    73    54    40    53    78    78    67    71
    77    64    51    58    78    76    34    62    85    58    68    81
    45    51    37    47    58    40    31    47    75    65    40    52
    78    62    75    67    82    94    64    89   112   107    83    78
    45    37    39    50    63    56    57    50    70    68    50    43
    63    62    77    84   119   109    94   112    88   143    67    56
    59    60    76    90   118   117   111   124   112   108    57    55
    61    47    75    78   120    94   131   130   116   102    57    57
    74    81   121   137   207   189   222   207   182   177    99    96
    56    64    82   101   132   149   159   151   109   100    65    65
   107    68   116   152   196   197   315   275   137   204   123   107
    73    57    79    89    98   128   190   152   110   100    99    79
   135   109   115   129   156   229   316   338   174   181   148   122
    59    50    39    54    57    86   132   122    69    60    68    79
    76    68    64    57    51    94   158   152    73    79    88    87
    57    51    29    32    32    55    90    68    49    42    43    63
    52    41    29    28    26    62    76    68    39    55    37    51
    87    49    56    32    42    71   105    97    54    77    75    86
    65    48    34    25    24    38    51    42    38    30    59    56
    48    36    32    17    17    19    31    32    19    19    38    55
    21    18    15     9    10    17    13    13    13    12    15    24
    23    21    21    13    20    17    17    26     5     9    24    38
    10     9    10     7     5     7     5    10     9     7    13    14
    14    16     9     9    11    12     9    10     6    16    21    20
    14    18     9    13    11    10     8     8     9     6    10    11
    24    15    11    11    15    15    16    10     7    10    25    16
    61    42    42    26    47    32    24    29    24    32    32    30
    32    40    34    16    29    29    20    15    24    25    37    40
    78    49    56    38    41    33    13    39    36    68    74    69
    37    32    22    23    33    22    13    10    28    46    37    36
   102    54    64    51    50    55    24    41    59    78    75    73
     4
    40    41    24    17    21    20     9    11    22    37    39    30
    70    58    46    32    44    25    13    20    45    45    56    69
    56    36    31    28    27    22    11    27    34    40    37    56
    45    57    24    30    52    32    18    18    45    56    48    58
    61    59    63    45    62    50    31    36    74    54    54    66
    47    44    42    39    64    37    20    30    64    36    29    36
    39    53    33    50    42    50    30    55    69    44    44    46
    24    32    26    39    53    23    26    32    45    30    26    19
    21    34    53    44    72    67    42    65    75    48    51    28
    20    19    30    34    64    51    40    53    56    29    14    13
    34    48    58    75    99    75    72    88    75    62    30    28
    24    37    63    87   100    84    89    82    91    53    35    25
    21    35    69    72   151   118   111   116    95    74    33    24
    42    71   104   138   202   196   224   225   104   126    58    36
    51    28    87   138   150   144   167   141    94    74    58    39
    57    67   130   125   234   242   319   250   124   161    73    61
    52    49    73    88   116   140   188   174    79    76    65    45
    50    87   104    93   139   189   284   258   122   122   112    65
    47    31    40    36    54    82   130    94    46    46    54    52
    61    42    48    38    51    64   117   121    55    58    56    59
    42    26    26    25    29    25    44    48    25    38    41    43
    37    35    36    24    16    21    40    29    24    19    28    45
    54    41    42    33    17    32    43    37    27    38    40    59
    53    34    19    14     5    11     8    17    14    29    26    29
    15    14    18    13     9     5    10    15    11     9    18    20
     9    10    10     3     3     3     7     2     6     4    10     9
    16    19    12    13     8     5     1     6     4     4     8    28
     1     8     7     2     1     1     0     2     0     2     6     4
     6    11     5     6     3     4     2     1     2     3    11     7
    11     9     9     2     4     4     1     3     2     0     7     8
    16    10    12    12     8     7     2     1     4     6     9    12
    24    19    10    22    12    12     8     9     5     9    15    12
    13    17     6     6    10     7     0     3     6    10    14    12
    26    43    26    23    14    11     4     8    18    10    31    21
    34    19    22    23    19    17     4     7    10    15    25    23
    56    59    39    25    32    13    10    11    36    61    50    55
     5
    73    86    41    44    46    27     6     6    62    56    56    95
   142    95    81    70    59    37    11    25    96    97   128   119
    72    85    42    39    47    15     9    15    62    66    65    57
    59    96    50    63    38    30    26    13    63    65    63    47
    68    64    76    65    72    59    35    46   109    56    80    82
    40    39    64    50    50    38    33    41    74    27    35    23
    20    49    77    69    57    50    44    46    85    50    44    25
    13    31    22    38    51    43    33    33    34    25    10     8
    15    36    57    46    66    59    52    70    89    34    26    22
    14    15    29    48    69    53    50    51    58    22     9     8
    18    38    51    92   129   103    94    80    90    43    29     4
    22    21    83   116   186   132   136   115    81    59    11    10
    23    28   101   134   207   182   160   141    84    66    32    11
    32    56   181   257   355   393   316   241   115   140    70    25
    40    43   123   181   264   255   248   184   107    84    66    34
    58   105   243   269   396   378   481   279   177   187   103    62
    45    89   118   106   196   214   216   162   104    97    81    69
    82   116   170   163   264   274   337   193   136   185   129    68
    48    42    51    37    60    74   113    78    50    51    62    48
    50    75    68    64    69    60   102    63    50    76    56    69
    43    32    41    23    17    27    28    24    14    16    35    34
    46    32    36    16    14    13    18    18    13    18    27    43
    80    82    40    42    12    18    15    18    10    37    39    63
    44    30    33    16     7     3     4     5     4    19    23    40
    24    25    33    13     6     4     1     7     2     9    15    21
     7    13    10     0     2     2     0     0     0     5     6     8
    20    10    19     5     0     0     2     1     0     1    13    15
     3     5    10    11     2     1     2     0     0     5     5     4
     8    10    13     7     4     1     0     1     2     1     8     9
     6     9    11    11     5     2     0     2     0     6    18    11
    12    16    17    12     7     5     1     1     2     4    11     9
    31    35    34    33    20     2     0     7     3     8    24    16
    18    36    18    20     8     5     1     0     4    13    17    17
    50    65    43    43    27     9     3    10    17    31    36    41
    47    44    37    44    23    21     4     7    13    24    42    72
   131   117    77    60    49    33     6    20    82    72   116   120
     6
    62    54    39    35    31     8     0     0    22    26    38    74
    85    70    69    65    39    20     4     1    47    74    73   112
    49    33    31    41    10    16     5     1    46    33    34    40
    20    21    25    34    19    18     6     5    30    30    24    11
    23    26    29    32    11    22     6    15    40    25    18    24
     9    18    15    23    25    14    10    10    34    14     8     7
     4     9    19    20    21     9    11    15    26    11     6     2
     2     3    10    10    13     6     6     8     7     2     1     1
     1     5    11    23    19     8    15    25    15     5     6     0
     2     4     9    16    19     7    16    10    14     0     1     0
     2    11    27    28    42    32    17    28    20    11     5     3
     3    12    28    50    48    70    43    42    28     7     4     3
     9    14    56    96    89   100    64    40    30    21     7     6
    22    29   115   160   204   225   143    76    49    42    17     9
    13    19    86    99   117   162    85    49    32    32    35    18
    28    42   139   140   187   182   166    90    77    71    69    24
    12    32    53    40    55    76    54    30    26    42    38    14
    27    41    59    62    70    69    69    38    43    45    52    32
    14    18    20    17    19    16    11     6    18    15    14     8
    22    16     9    16    15     8    11     6     8    10    19    15
    15    14    13     6     2     1     1     1     0     3    10    14
    16     7     9     6     1     1     2     2     0     8     3    11
    15    20    13     7     1     3     2     0     1     4     3    21
    10     6    11     5     1     1     0     0     0     3     3     5
     9    12    17     6     2     0     1     0     4     0     4     6
     1     3     8     2     0     1     0     0     0     1     1     4
     7     4     7     4     1     0     0     0     0     1     5     8
     2     1     6     0     0     0     0     1     0     0     3     2
     6     7    14     5     1     0     0     1     1     0     8     6
     5     8     7     5     1     1     0     0     0     1     9    11
     7    19    10    11     5     0     1     0     0     2     7     8
    27    34    34    12     6     2     0     2     5     4    18    14
    16    23    29    22     9     0     0     0     0     4    14    13
    58    61    53    38    17     4     0     4     7    22    40    31
    52    54    53    26    16     5     0     1    10    22    45    47
   105    85    80    61    43    19     2     6    33    51    79   130
     7
    28    23    25    16     6     3     0     2     7    16    26    31
    33    29    22    29    17     3     1     0    14    25    24    42
    11    12     8    15     5     0     0     4    10     5     7    15
     9     6     7    10     2     2     3     0     4     6    10     5
     5     3     7    11     3     0     2     1    11     3     4     1
     1     0     3     8     6     2     1     2     5     1     0     2
     1     4     1     5     1     2     0     8     3     0     1     0
     1     1     3     0     1     1     3     1     0     0     0     0
     1     3     0     2     2     5     0     1     1     1     0     0
     1     1     1     4     2     1     5     2     0     0     0     0
     0     0     3     6     7     3     4     6     2     0     2     1
     1     1    11    12    13    11     9     6     3     3     0     1
     4     6    15    21    19    27    14    11     6     0     1     1
     1     1    26    40    55    49    27    16    11     5     3     4
     2     3    17    17    15    27    10    11     5     8     4     1
     1     5    21    39    53    26    20    14     8    12     4     2
     3     1    10    12    10    14     6     3     2     7     8     2
     2     5    13    13    14    13     6     3     3     6     6     0
     1     1     3     1     0     0     2     3     2     1     4     1
     2     2     4     2     1     1     1     1     0     1     2     2
     1     0     1     3     0     0     0     0     0     1     2     0
     0     0     1     0     1     0     0     0     0     0     0     1
     0     0     4     3     0     0     0     0     0     0     1     2
     0     1     3     1     0     0     0     0     0     0     0     1
     0     0     7     0     0     0     0     0     2     0     1     2
     1     0     2     0     0     0     0     0     0     0     0     1
     1     1     4     0     0     0     0     0     0     0     0     0
     0     2     3     3     0     0     0     0     0     0     1     1
     1     8    15     2     0     0     0     0     0     1     2     3
     1     7     5     3     0     0     0     0     0     1     1     1
     0     9     9     2     2     1     0     0     0     0     3     4
    10    16    22    10     4     2     0     0     0     1     3     9
     2     5    21     6     2     0     0     0     0     1     4     5
    25    29    27    15     8     2     0     1     0     3    13    12
    21    24    18     9     8     2     1     1     4     7    10    17
    38    41    45    25    21     3     1     1    11    18    41    40
     8
    27    16    19    10     5     3     0     0    14    10    14    22
    32    31    24    18    14     0     1     1     9    13    13    42
    10     5     6     2     1     2     1     1     3     2     4     3
     1     4     2     2     2     1     1     0     4     1     2     1
     0     0    10     6     3     0     0     0     5     0     3     0
     0     0     1     1     1     0     1     0     3     1     0     0
     0     1     0     3     0     0     0     1     3     0     0     0
     0     1     0     0     0     0     2     0     1     0     0     0
     0     2     1     1     1     0     1     2     0     0     0     0
     0     1     0     0     1     1     1     3     1     0     0     0
     0     0     0     1     1     1     1     4     4     0     0     1
     0     1     4     5     5     4     8     5     2     1     0     1
     1     0     8     9    14     6     5     3     3     1     0     0
     0     3     8    19    31    19     7     4     6     3     0     0
     0     1    11     8     5     7     3     4     3     2     1     0
     0     2    12    16    14    12     5     3     2     5     4     4
     0     2     2     6     5     2     3     1     0     3     2     2
     2     1     2    12     1     0     1     0     1     0     3     3
     0     0     0     0     1     0     1     0     0     0     2     0
     1     0     0     2     0     1     1     0     0     0     0     0
     0     0     0     0     0     0     0     0     0     1     0     0
     0     0     1     2     0     1     1     0     0     0     0     1
     1     0     1     0     0     0     0     0     0     0     0     0
     0     0     2     0     0     0     0     0     0     0     0     0
     0     0     4     1     0     0     0     0     1     0     0     0
     0     2     4     0     0     0     0     0     0     0     0     0
     1     3     5     0     0     0     0     0     2     0     0     0
     0     3     3     0     0     0     0     0     0     0     0     0
     3     5    13     1     0     0     0     0     0     0     1     0
     0     5    10     0     1     0     0     0     0     0     7     2
     4     5     7     2     0     1     0     0     0     0     6    10
    15     5    13     8     1     0     1     0     0     4     7     1
    10    13    22    17     2     0     1     1     0     2    13     5
    21    27    27    12     6     2     0     2     4    10    17    12
    22    21    28    13     8     1     0     0     4     9    11    17
    65    44    56    23    20     4     0     0    17    24    34    34
     9
     5     4     0     4     1     1     0     0     0     2     2     4
     8     6     4     3     1     1     0     0     1     0     3     4
     0     1     3     0     0     0     0     0     0     1     1     2
     0     1     0     0     1     0     0     0     0     0     0     0
     0     0     0     0     0     0     0     1     1     0     0     0
     0     0     0     0     0     0     0     0     0     0     0     0
     0     0     0     0     0     0     0     0     0     0     0     0
     0     0     0     0     0     0     0     0     0     0     0     0
     0     0     0     0     0     1     0     0     0     0     0     0
     0     0     0     0     0     0     0     1     0     0     0     0
     0     0     0     0     0     0     0     0     0     0     0     0
     0     0     0     0     0     0     0     0     1     0     0     0
     0     0     0     0     0     1     0     0     0     0     0     0
     0     1     0     1     1     2     0     0     0     0     0     0
     0     0     0     0     0     0     0     0     0     0     0     0
     0     0     0     1     0     1     0     1     0     0     1     0
     0     0     0     0     0     0     0     0     0     0     0     0
     0     0     0     0     0     1     0     0     0     0     0     0
     0     0     0     0     0     0     0     0     0     0     0     0
     0     0     0     0     0     0     0     0     0     0     0     0
     0     0     0     0     0     0     0     0     0     0     0     0
     0     0     0     0     0     0     0     0     0     0     0     0
     0     0     0     0     0     0     0     0     0     0     0     0
     0     0     1     0     0     1     0     0     0     0     0     0
     0     0     1     0     0     0     0     0     0     0     0     0
     0     1     0     0     0     0     0     0     0     0     0     0
     0     0     1     0     0     0     0     0     0     0     0     0
     0     0     3     0     0     0     0     0     0     0     0     0
     0     1     2     0     0     0     0     0     0     0     2     0
     0     5     3     0     0     0     0     0     0     0     0     1
     2     0     2     0     0     0     0     0     0     0     1     1
     1     1     7     2     1     0     0     0     0     0     4     3
     2     4     2     1     0     0     0     0     0     0     3     1
     6     5     2     3     0     0     0     0     0     1     2     2
     3     3     4     4     0     0     0     0     1     5     3     2
    14     7     7     3     2     1     0     0     3     1     2     7
    10
     3     0     1     1     0     0     0     0     2     1     2     1
     5     4     1     1     1     0     0     0     0     0     1     1
     0     1     0     0     0     0     0     0     0     1     0     0
     0     1     0     0     0     0     0     0     0     1     0     0
     0     0     0     1     1     0     0     1     0     0     0     0
     0     0     0     0     0     0     0     0     0     0     0     0
     0     0     0     0     0     0     0     0     0     0     0     0
     0     0     0     0     0     0     0     0     0     0     0     0
     0     0     0     0     0     0     0     0     0     0     0     0
     0     0     0     0     0     0     0     0     0     0     0     0
     0     0     0     0     0     0     0     0     0     0     0     0
     0     0     0     0     0     0     0     1     0     0     0     0
     0     0     0     0     0     0     0     1     0     0     0     0
     0     0     0     1     0     1     0     0     0     0     0     0
     0     0     0     0     0     0     0     0     0     0     0     0
     0     0     0     0     0     0     0     1     0     0     0     0
     0     0     0     0     0     0     0     0     0     0     0     0
     0     0     0     0     0     0     0     0     0     0     0     0
     0     0     0     0     0     0     0     0     0     0     0     0
     0     0     0     0     0     0     0     0     0     0     0     0
     0     0     0     0     0     0     0     0     0     0     0     0
     0     0     0     0     0     0     0     1     0     0     0     0
     0     0     0     0     0     0     0     0     0     0     0     0
     0     0     0     0     0     0     0     0     0     0     0     0
     0     0     0     0     0     0     0     0     0     0     1     0
     0     0     2     0     0     0     0     0     0     0     0     0
     0     0     1     0     0     0     0     0     0     0     0     0
     0     0     0     0     0     0     0     0     0     0     0     0
     0     1     0     0     0     0     0     0     0     0     0     0
     1     2     2     0     0     0     0     0     0     0     0     1
     0     2     3     0     0     0     0     0     0     0     0     0
     0     2     4     0     0     0     0     1     0     0     1     0
     1     2     5     2     1     0     0     0     0     0     0     2
     2     2     1     0     0     0     0     0     0     1     1     2
     2     2     3     1     0     0     0     0     1     1     1     3
    11     2     4     0     0     0     0     0     1     0     2     2
    11
     4     2     1     0     0     0     0     0     1     0     0     0
     6     1     0     0     0     0     0     0     1     0     0     1
     0     0     0     0     0     0     0     0     0     0     0     0
     0     0     0     0     0     0     0     0     0     0     0     0
     0     0     0     1     0     0     0     0     0     0     0     0
     0     0     0     0     0     0     0     0     0     0     0     0
     0     0     0     0     0     0     0     1     0     0     0     0
     0     0     0     0     0     0     0     0     0     0     0     0
     0     0     0     0     0     0     0     0     0     0     0     0
     0     0     0     0     0     0     0     0     0     0     0     0
     0     0     0     0     0     0     0     0     0     0     0     0
     0     0     0     0     0     0     0     0     1     0     0     0
     0     0     0     0     0     0     0     0     0     0     0     0
     0     0     0     0     0     0     0     0     0     0     0     0
     0     0     0     0     0     0     0     0     0     0     0     0
     0     0     0     0     0     0     0     0     0     0     0     0
     0     0     0     0     0     0     0     0     0     0     0     0
     0     0     0     0     0     0     0     0     0     0     0     0
     0     0     0     0     0     0     0     0     0     0     0     0
     0     0     0     0     0     0     0     0     0     0     0     0
     0     0     0     0     0     0     0     0     0     0     0     0
     0     0     0     0     0     0     0     0     0     0     0     0
     0     0     0     0     0     0     0     0     0     0     0     0
     0     0     0     0     0     0     0     0     0     0     0     0
     0     0     0     0     0     0     0     0     0     0     0     0
     0     0     0     0     0     0     0     0     0     0     0     0
     0     0     0     0     0     0     0     0     0     0     0     0
     0     0     0     0     0     0     0     0     0     0     0     0
     0     2     0     0     0     0     0     0     0     0     0     1
     0     1     1     0     0     0     0     0     0     0     2     0
     0     0     2     0     0     0     0     0     0     0     0     0
     1     0     3     1     0     0     0     0     0     0     1     1
     0     2     1     1     1     0     0     0     0     0     0     0
     1     3     0     0     1     0     0     0     0     0     2     0
     2     0     1     1     0     0     1     0     0     2     1     0
     5     3     4     1     0     0     0     0     3     2     1     3
    12
     0     0     0     0     0     0     0     0     0     0     0     0
     0     0     0     0     0     0     0     0     0     0     0     0
     0     0     0     0     0     0     0     0     0     0     0     0
     0     0     0     0     0     0     0     0     0     0     0     0
     0     0     0     1     0     0     0     0     0     0     0     0
     0     0     0     0     0     0     0     0     0     0     0     0
     0     0     0     0     0     0     0     0     0     0     0     0
     0     0     0     0     0     0     0     0     0     0     0     0
     0     0     0     0     0     0     0     0     0     0     0     0
     0     0     0     0     0     0     0     0     0     0     0     0
     0     0     0     0     0     0     0     0     0     0     0     0
     0     0     0     0     0     0     0     0     0     0     0     0
     0     0     0     0     0     0     0     0     0     0     0     0
     0     0     0     0     0     0     0     0     0     0     0     0
     0     0     0     0     0     0     0     0     0     0     0     0
     0     0     0     0     0     0     0     0     0     0     0     0
     0     0     0     0     0     0     0     0     0     0     0     0
     0     0     0     0     0     0     0     0     0     0     0     0
     0     0     0     0     0     0     0     0     0     0     0     0
     0     0     0     0     0     0     0     0     0     0     0     0
     0     0     0     0     0     0     0     0     0     0     0     0
     0     0     0     0     0     0     0     0     0     0     0     0
     0     0     0     0     0     0     0     0     0     0     0     0
     0     0     0     0     0     0     0     0     0     0     0     0
     0     0     0     0     0     0     0     0     0     0     0     0
     0     0     0     0     0     0     0     0     0     0     0     0
     0     0     0     0     0     0     0     0     0     0     0     0
     0     0     0     0     0     0     0     0     0     0     0     0
     0     0     0     0     0     0     0     0     0     0     0     0
     0     0     2     1     0     0     0     1     0     0     0     0
     0     1     0     1     0     0     0     0     0     0     0     0
     0     0     0     2     1     0     0     0     0     0     0     0
     0     0     0     0     0     0     0     0     0     0     1     0
     1     1     0     0     0     0     0     0     0     0     0     0
     0     0     0     0     0     0     0     0     0     0     0     0
     0     0     0     0     0     0     0     0     0     0     0     0
    13
     1     0     0     0     0     0     0     0     0     0     0     0
     0     0     0     0     0     0     0     0     0     0     0     0
     0     0     0     0     0     0     0     0     0     0     0     0
     0     0     0     0     0     0     0     0     0     0     0     0
     0     0     0     0     0     0     0     0     0     0     0     0
     0     0     0     0     0     0     0     0     0     0     0     0
     0     0     0     0     0     0     0     0     0     0     0     0
     0     0     0     0     0     0     0     0     0     0     0     0
     0     0     0     0     0     0     0     0     0     0     0     0
     0     0     0     0     0     0     0     0     0     0     0     0
     0     0     0     0     0     0     0     0     0     0     0     0
     0     0     0     0     0     0     0     0     0     0     0     0
     0     0     0     0     0     0     0     0     0     0     0     0
     0     0     0     0     0     0     0     0     0     0     0     0
     0     0     0     0     0     0     0     0     0     0     0     0
     0     0     0     0     0     0     0     0     0     0     0     0
     0     0     0     0     0     0     0     0     0     0     0     0
     0     0     0     0     0     0     0     0     0     0     0     0
     0     0     0     0     0     0     0     0     0     0     0     0
     0     0     0     0     0     0     0     0     0     0     0     0
     0     0     0     0     0     0     0     0     0     0     0     0
     0     0     0     0     0     0     0     0     0     0     0     0
     0     0     0     0     0     0     0     0     0     0     0     0
     0     0     0     0     0     0     0     0     0     0     0     0
     0     0     0     0     0     0     0     0     0     0     0     0
     0     0     0     0     0     0     0     0     0     0     0     0
     0     0     0     0     0     0     0     0     0     0     0     0
     0     0     0     0     0     0     0     0     0     0     0     0
     0     0     0     0     0     0     0     0     0     0     0     0
     0     0     0     0     0     0     0     0     0     0     0     0
     0     0     0     1     0     0     0     0     0     0     0     0
     0     0     0     0     1     0     0     0     0     0     0     0
     0     0     0     0     0     0     0     0     0     0     0     0
     0     0     0     0     0     0     0     0     0     0     0     0
     0     0     0     0     0     0     0     0     0     0     0     0
     0     0     0     0     0     0     0     0     0     0     0     0
    14
     0     0     0     0     0     0     0     0     0     0     0     0
     0     0     0     0     0     0     0     0     0     0     0     0
     0     0     0     0     0     0     0     0     0     0     0     0
     0     0     0     0     0     0     0     0     0     0     0     0
     0     0     0     0     0     0     0     0     0     0     0     0
     0     0     0     0     0     0     0     0     0     0     0     0
     0     0     0     0     0     0     0     0     0     0     0     0
     0     0     0     0     0     0     0     0     0     0     0     0
     0     0     0     0     0     0     0     0     0     0     0     0
     0     0     0     0     0     0     0     0     0     0     0     0
     0     0     0     0     0     0     0     0     0     0     0     0
     0     0     0     0     0     0     0     0     0     0     0     0
     0     0     0     0     0     0     0     0     0     0     0     0
     0     0     0     0     0     0     0     0     0     0     0     0
     0     0     0     0     0     0     0     0     0     0     0     0
     0     0     0     0     0     0     0     0     0     0     0     0
     0     0     0     0     0     0     0     0     0     0     0     0
     0     0     0     0     0     0     0     0     0     0     0     0
     0     0     0     0     0     0     0     0     0     0     0     0
     0     0     0     0     0     0     0     0     0     0     0     0
     0     0     0     0     0     0     0     0     0     0     0     0
     0     0     0     0     0     0     0     0     0     0     0     0
     0     0     0     0     0     0     0     0     0     0     0     0
     0     0     0     0     0     0     0     0     0     0     0     0
     0     0     0     0     0     0     0     0     0     0     0     0
     0     0     0     0     0     0     0     0     0     0     0     0
     0     0     0     0     0     0     0     0     0     0     0     0
     0     0     0     0     0     0     0     0     0     0     0     0
     0     0     0     0     0     0     0     0     0     0     0     0
     0     0     0     0     0     0     0     0     0     0     0     0
     0     0     0     0     0     0     0     0     0     0     0     0
     0     0     0     0     0     0     0     0     0     0     0     0
     0     0     0     0     0     0     0     0     0     0     0     0
     0     0     0     0     0     0     0     0     0     0     0     0
     0     0     0     0     0     0     0     0     0     0     0     0
     0     0     0     0     1     0     0     0     0     0     0     0
    15
     0     0     0     0     0     0     0     0     0     0     0     0
     0     0     0     0     0     0     0     0     0     0     0     0
     0     0     0     0     0     0     0     0     0     0     0     0
     0     0     0     0     0     0     0     0     0     0     0     0
     0     0     0     0     0     0     0     0     0     0     0     0
     0     0     0     0     0     0     0     0     0     0     0     0
     0     0     0     0     0     0     0     0     0     0     0     0
     0     0     0     0     0     0     0     0     0     0     0     0
     0     0     0     0     0     0     0     0     0     0     0     0
     0     0     0     0     0     0     0     0     0     0     0     0
     0     0     0     0     0     0     0     0     0     0     0     0
     0     0     0     0     0     0     0     0     0     0     0     0
     0     0     0     0     0     0     0     0     0     0     0     0
     0     0     0     0     0     0     0     0     0     0     0     0
     0     0     0     0     0     0     0     0     0     0     0     0
     0     0     0     0     0     0     0     0     0     0     0     0
     0     0     0     0     0     0     0     0     0     0     0     0
     0     0     0     0     0     0     0     0     0     0     0     0
     0     0     0     0     0     0     0     0     0     0     0     0
     0     0     0     0     0     0     0     0     0     0     0     0
     0     0     0     0     0     0     0     0     0     0     0     0
     0     0     0     0     0     0     0     0     0     0     0     0
     0     0     0     0     0     0     0     0     0     0     0     0
     0     0     0     0     0     0     0     0     0     0     0     0
     0     0     0     0     0     0     0     0     0     0     0     0
     0     0     0     0     0     0     0     0     0     0     0     0
     0     0     0     0     0     0     0     0     0     0     0     0
     0     0     0     0     0     0     0     0     0     0     0     0
     0     0     0     0     0     0     0     0     0     0     0     0
     0     0     0     0     0     0     0     0     0     0     0     0
     0     0     0     0     0     0     0     0     0     0     0     0
     0     0     0     0     0     0     0     0     0     0     0     0
     0     0     0     0     0     0     0     0     0     0     0     0
     0     0     0     0     0     0     0     0     0     0     0     0
     0     0     0     0     0     0     0     0     0     0     0     0
     0     0     0     0     0     0     0     0     0     0     0     0
    16
     0     0     0     0     0     0     0     0     0     0     0     0
     0     0     0     0     0     0     0     0     0     0     0     0
     0     0     0     0     0     0     0     0     0     0     0     0
     0     0     0     0     0     0     0     0     0     0     0     0
     0     0     0     0     0     0     0     0     0     0     0     0
     0     0     0     0     0     0     0     0     0     0     0     0
     0     0     0     0     0     0     0     0     0     0     0     0
     0     0     0     0     0     0     0     0     0     0     0     0
     0     0     0     0     0     0     0     0     0     0     0     0
     0     0     0     0     0     0     0     0     0     0     0     0
     0     0     0     0     0     0     0     0     0     0     0     0
     0     0     0     0     0     0     0     0     0     0     0     0
     0     0     0     0     0     0     0     0     0     0     0     0
     0     0     0     0     0     0     0     0     0     0     0     0
     0     0     0     0     0     0     0     0     0     0     0     0
     0     0     0     0     0     0     0     0     0     0     0     0
     0     0     0     0     0     0     0     0     0     0     0     0
     0     0     0     0     0     0     0     0     0     0     0     0
     0     0     0     0     0     0     0     0     0     0     0     0
     0     0     0     0     0     0     0     0     0     0     0     0
     0     0     0     0     0     0     0     0     0     0     0     0
     0     0     0     0     0     0     0     0     0     0     0     0
     0     0     0     0     0     0     0     0     0     0     0     0
     0     0     0     0     0     0     0     0     0     0     0     0
     0     0     0     0     0     0     0     0     0     0     0     0
     0     0     0     0     0     0     0     0     0     0     0     0
     0     0     0     0     0     0     0     0     0     0     0     0
     0     0     0     0     0     0     0     0     0     0     0     0
     0     0     0     0     0     0     0     0     0     0     0     0
     0     0     0     0     0     0     0     0     0     0     0     0
     0     0     0     0     0     0     0     0     0     0     0     0
     0     0     0     0     0     0     0     0     0     0     0     0
     0     0     0     0     0     0     0     0     0     0     0     0
     0     0     0     0     0     0     0     0     0     0     0     0
     0     0     0     0     0     0     0     0     0     0     0     0
     0     0     0     0     0     0     0     0     0     0     0     0
    17
     0     0     0     0     0     0     0     0     0     0     0     0
     0     0     0     0     0     0     0     0     0     0     0     0
     0     0     0     0     0     0     0     0     0     0     0     0
     0     0     0     0     0     0     0     0     0     0     0     0
     0     0     0     0     0     0     0     0     0     0     0     0
     0     0     0     0     0     0     0     0     0     0     0     0
     0     0     0     0     0     0     0     0     0     0     0     0
     0     0     0     0     0     0     0     0     0     0     0     0
     0     0     0     0     0     0     0     0     0     0     0     0
     0     0     0     0     0     0     0     0     0     0     0     0
     0     0     0     0     0     0     0     0     0     0     0     0
     0     0     0     0     0     0     0     0     0     0     0     0
     0     0     0     0     0     0     0     0     0     0     0     0
     0     0     0     0     0     0     0     0     0     0     0     0
     0     0     0     0     0     0     0     0     0     0     0     0
     0     0     0     0     0     0     0     0     0     0     0     0
     0     0     0     0     0     0     0     0     0     0     0     0
     0     0     0     0     0     0     0     0     0     0     0     0
     0     0     0     0     0     0     0     0     0     0     0     0
     0     0     0     0     0     0     0     0     0     0     0     0
     0     0     0     0     0     0     0     0     0     0     0     0
     0     0     0     0     0     0     0     0     0     0     0     0
     0     0     0     0     0     0     0     0     0     0     0     0
     0     0     0     0     0     0     0     0     0     0     0     0
     0     0     0     0     0     0     0     0     0     0     0     0
     0     0     0     0     0     0     0     0     0     0     0     0
     0     0     0     0     0     0     0     0     0     0     0     0
     0     0     0     0     0     0     0     0     0     0     0     0
     0     0     0     0     0     0     0     0     0     0     0     0
     0     0     0     0     0     0     0     0     0     0     0     0
     0     0     0     0     0     0     0     0     0     0     0     0
     0     0     0     0     0     0     0     0     0     0     0     0
     0     0     0     0     0     0     0     0     0     0     0     0
     0     0     0     0     0     0     0     0     0     0     0     0
     0     0     0     0     0     0     0     0     0     0     0     0
     0     0     0     0     0     0     0     0     0     0     0     0
    18
     0     0     0     0     0     0     0     0     0     0     0     0
     0     0     0     0     0     0     0     0     0     0     0     0
     0     0     0     0     0     0     0     0     0     0     0     0
     0     0     0     0     0     0     0     0     0     0     0     0
     0     0     0     0     0     0     0     0     0     0     0     0
     0     0     0     0     0     0     0     0     0     0     0     0
     0     0     0     0     0     0     0     0     0     0     0     0
     0     0     0     0     0     0     0     0     0     0     0     0
     0     0     0     0     0     0     0     0     0     0     0     0
     0     0     0     0     0     0     0     0     0     0     0     0
     0     0     0     0     0     0     0     0     0     0     0     0
     0     0     0     0     0     0     0     0     0     0     0     0
     0     0     0     0     0     0     0     0     0     0     0     0
     0     0     0     0     0     0     0     0     0     0     0     0
     0     0     0     0     0     0     0     0     0     0     0     0
     0     0     0     0     0     0     0     0     0     0     0     0
     0     0     0     0     0     0     0     0     0     0     0     0
     0     0     0     0     0     0     0     0     0     0     0     0
     0     0     0     0     0     0     0     0     0     0     0     0
     0     0     0     0     0     0     0     0     0     0     0     0
     0     0     0     0     0     0     0     0     0     0     0     0
     0     0     0     0     0     0     0     0     0     0     0     0
     0     0     0     0     0     0     0     0     0     0     0     0
     0     0     0     0     0     0     0     0     0     0     0     0
     0     0     0     0     0     0     0     0     0     0     0     0
     0     0     0     0     0     0     0     0     0     0     0     0
     0     0     0     0     0     0     0     0     0     0     0     0
     0     0     0     0     0     0     0     0     0     0     0     0
     0     0     0     0     0     0     0     0     0     0     0     0
     0     0     0     0     0     0     0     0     0     0     0     0
     0     0     0     0     0     0     0     0     0     0     0     0
     0     0     0     0     0     0     0     0     0     0     0     0
     0     0     0     0     0     0     0     0     0     0     0     0
     0     0     0     0     0     0     0     0     0     0     0     0
     0     0     0     0     0     0     0     0     0     0     0     0
     0     0     0     0     0     0     0     0     0     0     0     0
    19
     0     0     0     0     0     0     0     0     0     0     0     0
     0     0     0     0     0     0     0     0     0     0     0     0
     0     0     0     0     0     0     0     0     0     0     0     0
     0     0     0     0     0     0     0     0     0     0     0     0
     0     0     0     0     0     0     0     0     0     0     0     0
     0     0     0     0     0     0     0     0     0     0     0     0
     0     0     0     0     0     0     0     0     0     0     0     0
     0     0     0     0     0     0     0     0     0     0     0     0
     0     0     0     0     0     0     0     0     0     0     0     0
     0     0     0     0     0     0     0     0     0     0     0     0
     0     0     0     0     0     0     0     0     0     0     0     0
     0     0     0     0     0     0     0     0     0     0     0     0
     0     0     0     0     0     0     0     0     0     0     0     0
     0     0     0     0     0     0     0     0     0     0     0     0
     0     0     0     0     0     0     0     0     0     0     0     0
     0     0     0     0     0     0     0     0     0     0     0     0
     0     0     0     0     0     0     0     0     0     0     0     0
     0     0     0     0     0     0     0     0     0     0     0     0
     0     0     0     0     0     0     0     0     0     0     0     0
     0     0     0     0     0     0     0     0     0     0     0     0
     0     0     0     0     0     0     0     0     0     0     0     0
     0     0     0     0     0     0     0     0     0     0     0     0
     0     0     0     0     0     0     0     0     0     0     0     0
     0     0     0     0     0     0     0     0     0     0     0     0
     0     0     0     0     0     0     0     0     0     0     0     0
     0     0     0     0     0     0     0     0     0     0     0     0
     0     0     0     0     0     0     0     0     0     0     0     0
     0     0     0     0     0     0     0     0     0     0     0     0
     0     0     0     0     0     0     0     0     0     0     0     0
     0     0     0     0     0     0     0     0     0     0     0     0
     0     0     0     0     0     0     0     0     0     0     0     0
     0     0     0     0     0     0     0     0     0     0     0     0
     0     0     0     0     0     0     0     0     0     0     0     0
     0     0     0     0     0     0     0     0     0     0     0     0
     0     0     0     0     0     0     0     0     0     0     0     0
     1     0     0     0     0     0     0     0     0     0     0     0
