17
Houston, TX 12960
     0
       6.600      10.000      15.000      20.000      23.200      26.100
      27.200      27.200      25.600      20.600      13.800       9.300
      12.100      15.000      19.300      23.200      26.700      28.800
      30.000      30.000      28.200      24.300      19.300      14.300
      17.700      20.000      22.700      25.600      28.800      31.100
      32.700      32.700      30.600      27.700      23.200      19.300
      48.000      47.000      47.000      51.000      55.000      55.000
      54.000      54.000      54.000      48.000      52.000      49.000
      69.000      66.000      66.000      67.000      67.000      65.000
      65.000      65.000      65.000      62.000      68.000      67.000
      87.000      85.000      84.000      82.000      81.000      79.000
      79.000      79.000      79.000      78.000      84.000      84.000
       2.400       2.700       2.700       2.700       2.400       2.400
       2.000       2.000       2.400       2.400       2.400       2.400
       3.500       3.500       4.000       4.000       3.500       3.100
       2.700       2.700       3.100       3.100       3.100       3.500
       4.800       4.800       5.200       5.200       4.800       4.400
       4.000       3.500       4.000       4.000       4.800       4.800
      10.000     140.000     140.000     140.000     140.000     150.000
     170.000     150.000     100.000     110.000     120.000      10.000
     1
      12.317      14.540      18.615      22.453      25.819      28.626
      29.835      29.870      27.773      23.657      18.642      14.100
      66.693      65.011      64.280      65.608      67.638      67.274
      66.597      65.926      66.093      62.474      66.325      65.767
     2
    38    22    22    25    41    36    42    65    49    44    41    39
    42    21    21    26    42    57    57    87    70    61    40    45
    27    18    21    22    46    46    72    98    45    62    45    39
    31    26    13    31    50    65    71    86    70    69    45    33
    34    24    25    34    57    59    72   103    64    80    53    44
    32    23    28    21    48    69    64    91    43    53    36    34
    41    32    26    33    65    70    76    83    75    72    40    38
    19    23    27    19    43    24    45    60    36    43    22    20
    32    25    18    22    47    46    47    58    46    50    46    40
    19    17    25    16    18    31    27    41    22    31    22    27
    27    18    19    20    27    46    54    62    40    35    40    33
    21    14    12    10    25    27    29    47    36    35    21    22
    16    21    16    10    23    25    37    41    28    24    15    24
    31    21    20    25    46    42    55    60    29    36    20    16
    14    14    15    12    16    26    23    42    14    25    17    12
    14    16    14    27    39    39    65    47    29    25    22    16
    14    12    11    10    16    27    39    34    21    19    20    12
    23    23    15    15    32    37    83    61    26    31    20    20
    11     9    19     8    15    23    45    32    17    14    13    16
    17    17    19    16    21    32    62    45    16    13    13    16
    11    12    14    10    20    26    37    42    13    19    10    19
    26    12    10     8    22    23    44    38    20    20    15     8
    15    13    15    24    26    33    75    57    27    28    15    17
    20    32    11    15    19    27    60    42    21    11    15    17
    19    12    10    11    16    36    72    44    11    17    17    13
    15    15     9    13    23    25    42    39    17    13    15    13
    17    15    11    17    22    29    57    50    17    18    24    17
    13    14    17    15    16    18    24    30    20    14    10    12
    19    24    17    23    28    33    41    57    22    27    26    20
    24    30    15    12    24    22    39    38    19    23    25    18
    23    15    22    30    20    21    25    39    23    20    27    24
    21    24    25    28    30    42    44    50    33    35    24    35
    14    19    16    16    26    24    33    34    22    17    26    28
    23    14    25    26    31    38    40    63    32    36    31    34
    22    28    17    28    29    31    40    41    45    29    39    41
    41    23    36    24    58    53    45    60    61    44    46    53
     3
   103    70    68    57    79    72    47    74    97   108   102   102
   130    73    79    54    99    88    59    91   171   128    99    90
    86    65    60    62    62   100    70    88   112    94    77    83
    69    60    44    71    65    98    94   103   143   113    70    69
    82    64    78    66    98   160   101   148   195   143   106    87
    59    64    58    72   106   128   108   126   156   119   102    82
   102    66    78    84   124   121   131   185   187   171   106    91
    73    68    77    55    87    89    79   125   131   126    90    65
    97    82    90    71   129   138   119   147   138   139   108    78
    68    65    62    73    97    83    79   113   136    99    72    91
   110    71   100    86   144   129   111   159   167   168    95   114
    74    72    96    88   159   149   123   185   176   144    73   100
    55    74    88    93   157   141   186   181   182   128    80    70
    57    71   106   130   216   238   208   204   179   165    83    82
    37    34    45    63   131    94   134   133    78    69    51    36
    57    54    73    76   150   200   242   183   139    78    64    60
    55    42    70    81   118   108   160   157    91    58    60    48
    66    65    62    83   159   161   230   222   115    79    56    52
    27    33    35    42    57    89   140   109    58    40    36    32
    30    27    49    51    61    95   189   151    58    35    51    46
    29    26    35    35    46    90   143   111    34    38    41    30
    38    41    42    26    41    82   143    89    50    25    26    29
    56    54    43    36    45    89   215   141    45    31    41    53
    36    38    39    25    44    75   131   104    34    44    39    32
    56    60    42    36    29    61   141    88    37    26    30    37
    29    36    31    13    42    42    83    72    26    22    20    20
    36    50    50    23    34    49   106    78    22    35    43    37
    33    29    35    22    29    36    78    60    27    19    23    23
    48    55    31    39    39    52    70    98    45    37    45    48
    51    27    36    38    21    43    57    64    29    35    37    32
    47    41    36    39    50    40    31    51    32    34    38    49
    70    59    65    53    55    33    36    55    51    63    55    71
    71    57    45    48    48    30    44    32    52    46    48    68
   102    68    72    61    85    52    43    55    91    99    92    99
    78    68    66    65    81    48    52    36    75    72    87   119
   163    87    86    89   105    81    63    90   128   163   134   102
     4
    68    47    49    33    31    23    15    20    66    55    52    55
    78    56    45    42    32    35    17    33    86    59    65    61
    57    36    38    32    21    36    16    18    59    54    32    35
    47    41    21    31    29    41    19    44    58    47    39    28
    51    34    40    44    39    48    27    61    83    67    53    46
    40    37    35    39    40    63    49    52    84    58    47    25
    43    36    38    53    66    52    44    64   106    80    70    60
    42    35    36    39    45    55    41    53    86    64    56    35
    71    58    51    55    74    67    60    63    90    89    85    59
    59    42    56    60    68    48    61    61    78    65    64    53
    78    80    90    86   108   103    93    92   117   131    80    73
    51    66    92   114   163   131   111   143   141   133    94    89
    43    70    85   116   176   146   125   141   148   135   104    64
    45    54    94   138   185   179   170   161   121   126    81    63
    29    30    78    80   101   110   107    80    55    44    47    31
    47    54    99   108   156   190   199   149    93    69    73    56
    42    45    73    97   111   134   146    91    52    35    52    40
    44    61    67    95   126   148   223   134    66    44    54    44
    23    22    47    39    59    95    95    67    40    19    27    27
    25    33    36    26    50    91   132    77    31    35    30    29
    21    31    20    20    32    52    68    54    24    19    25    25
    28    21    19    19    20    53    87    48    19     8    18    18
    33    39    45    28    17    49   118    64    20    23    31    30
    31    13    32    23    14    40    78    32    18    10    12    14
    25    32    27    12    10    37   103    47     6    21    20    22
    23    31    15    14    16    26    43    30     5     9     9    11
    24    33    25    13    10    25    47    50    12     6    13    16
    17    21    12    10    14    15    30    24    11     7    19    12
    23    20    33    24    15    22    31    37    14     9    23    21
    26    13    26    22     9    10    13    17    14    11    23    31
    34    25    37    17    27    17    10     7    13    12    25    36
    54    48    25    35    26    18    16    18    20    24    33    52
    52    28    50    34    38    10     6     2    19    31    38    50
    97    66    47    35    42    33    15     7    46    50    73    70
    72    75    50    52    46    24     9    11    37    43    58    73
   102    90    75    64    55    36    15    22    91    78   104    96
     5
    87    64    48    40    29    14     4    13    58    58    57    65
    72    43    37    49    43    28    11    25    81    79    68    68
    47    27    38    39    33    12    10    17    62    37    38    39
    56    41    34    44    43    18    15    16    38    48    35    26
    38    52    35    48    31    26    19    43    78    48    46    44
    33    31    30    51    25    33    27    38    63    39    23    30
    62    51    63    55    47    50    20    64    88    59    52    56
    39    44    39    44    36    43    37    47    59    57    40    31
    65    56    69    85    86    46    43    72    85    90    90    64
    47    50    49    73    83    57    47    55    61    52    40    37
    85    76   111   158   154   132    88    87   105   124    98    84
    76    81   172   204   256   172   111   124   117   174   124    71
    68    69   182   254   255   196   156   121   120   129   106    67
    63    61   169   252   270   254   160   141   113   134   116    73
    50    50   140   157   192   145   109    81    41    70    58    49
    64   111   180   268   276   295   199   176   133   117    91    82
    71    79   144   159   199   214   150    85    78    70    85    77
    58   120   129   176   207   243   209   132    80    80    97    71
    38    65    64    63    84   103   100    59    53    31    41    38
    42    68    60    66    69    96   119    69    42    37    50    50
    29    35    29    19    28    53    58    42    17    26    34    29
    34    36    25    18    15    40    55    48    22    13    20    35
    34    59    35    22    21    44    71    38    23    22    34    39
    32    30    28    26    13    19    57    23     8    17    18    21
    34    36    29    22     8    24    38    17     5    10     8    27
    15    16    19    13    12    13    33    18     4     4    13    25
    24    40    21    14    12    16    23    19     7    12    27    17
    17    16    20    19    11     9    11    11     6     3     9    10
    30    36    34    32    16    12    11    14    13    15    20    27
    27    28    41    35    21    13     7    11     8    17    32    34
    43    41    47    31    20     7     3     4    14    13    28    30
    55    78    75    53    32    10     5     8    13    39    50    81
    55    67    68    43    35    10     6     6    19    50    63    82
   114   112   119    67    58    32     8     5    60    61   103   123
    85    83    60    56    48    16    15     6    52    76    87    96
   124   117    87    64    46    25    13    12    71    99   113   145
     6
    23    18    13     7     7     5     5     0    17    28    22    23
    39    17    24    24    14    13     1     2    29    23    50    25
    18    13     8    10    14     7     1     7     8    10     9    10
     9    22     8    17    13     2     1     4    15     6    13     5
    14    11    19    19    10     2     5    14    23    13    20     6
     4    15     9     7    10     8     7     4    13     8     7     5
    27    38    23    21    12    11     8    13    24    13    22    29
    29    13    26    14    15    19     5     6    17    10    10    12
    40    37    20    36    33    15    10    12    33    14    31    31
    16    25    28    23    28    19    16     7    21    13     4    17
    42    44    98    55    76    52    23    18    46    63    34    30
    40    46   104   119   117    63    22    20    29    62    40    25
    41    44   110   131   143    76    50    29    29    53    37    21
    24    33   117   169   171    97    42    37    31    64    47    25
    26    33    80   110    90    84    32    17     9    14    31    29
    39    86   235   260   271   204    92    81    55    80   101    56
    39    54   116   122   109   125    56    47    15    29    57    61
    41    62   129   137   141   118    76    55    33    50    54    56
    19    36    43    44    49    41    32    29    11    13    28    36
    26    57    42    47    44    41    37    20    17    18    31    40
    28    26    17    24     8    16    13     8     6     7    17    32
    24    12    22    10     3     6    11     5     5     5    16    20
    28    21    15    18     4     7    14    10     5     5    14    26
    11    10    16     9     2     5     7     3     3     5     9    19
    10    19    14     6     1     6     9     8     3     0     9    12
     7     7    23     4     4     3     2     2     2     4     1     5
    12    16    24     8     3     5     3     2     1     2     4     6
    13    12    13    12     8     3     2     2     1     2    10     2
    23    28    36    24     3     2     0     1     3     1    14    13
    18    23    34    17     9     2     1     1     4     7    12    13
    24    45    38    25     7     1     2     1     4    12    23    18
    53    51    65    44    11     5     1     5     8    35    36    43
    48    68    54    37    16     3     3     2     6    22    35    47
   101    91    78    47    25     9     2     2    19    61    75    83
    57    65    39    41    17     2     2     1    16    28    33    49
    66    72    46    41    16     8     2     1    25    46    76    94
     7
     8     2     4     2     2     0     0     0     1     3     7     3
     4     8     5     5     3     2     0     1     5     8     7     9
     2     0     1     5     3     0     1     1     1     2     2     1
     1     2     2     5     5     1     1     2     2     1     0     0
     1     4     5     2     3     1     0     3    10     3     5     2
     2     1     1     4     0     3     0     1     2     0     0     3
    11    13    10     2     3     1     2     1     2     8     7     4
     1     7     4     4     5     2     5     1     1     0     2     3
    12    11    13    10     4     5     2     1     7     3     3    10
     9     6     9     8     4     6     2     6     2     4     0     5
    14    18    20    27    20     8     6     7    11    14     8     6
     8    10    30    30    29     7     5     2     7     9    14     3
     4    15    32    36    28    10     7     1     4    10     7     4
     6    11    45    43    46    25    14     6     4    18    18     3
     2     7    29    35    30    20     0     3     2     5     9     8
    17    25    83   105   114    37    18    17    19    21    35    25
     9    15    40    55    26    20     3     5     1     8    15    16
    17    20    33    58    40    21    15    13    12     8    26    20
    10    10    10    14    13    11     4     7     1     2     6    14
    18    18     6     8     9     6     6     6     2     3     9    11
     7     4     6     7     0     0     5     1     1     1    15     4
    10     5     3     3     0     1     3     0     2     0     7    13
    10     7     5     3     0     1     2     0     1     1     7     8
     5     5     5     4     0     2     1     1     1     0     3     2
     1     7     5     0     0     1     1     1     0     0     2     5
     1     5     7     1     0     0     0     0     0     0     0     0
     1     8     6     4     0     0     0     2     1     0     3     3
     1     7     5     1     2     0     0     0     0     0     3     1
     5     6    14     5     3     1     0     0     0     1     4     0
     7    14    15     2     1     0     0     0     0     1     4     1
    11    12    21    15     1     1     0     0     0     1     7     4
    30    23    39    11     5     0     1     0     3     8    15    19
    18    19    14    17     2     0     0     0     0    10    14    12
    33    27    39    19     5     1     0     1     5     8    38    37
    14    13    13    15     2     0     0     0     2     7     7    16
    17    20    16    18     3     1     0     1     4    15    18    27
     8
     2     3     1     1     1     0     0     1     5     3     1     1
     2     6     5     5     3     2     1     0     6     5     8     6
     1     1     2     2     2     0     0     0     2     2     1     0
     0     1     1     0     3     0     1     0     2     0     0     0
     0     2     1     2     1     2     0     1     6     0     1     1
     0     0     0     0     2     0     1     0     0     1     2     1
     4     8     1     2     3     2     1     1     3     1     3     4
     3     7     2     1     3     3     1     2     3     0     3     1
     6    11     7     2     0     4     5     4     7     0     2     4
     2     2     7     2     2     0     0     4     4     0     1     3
    10    21    12    18    10     1     3     3     4     3     4     3
     3     7    19     4     7     4     1     0     0     0     1     4
     3     4    21    12    12     2     2     1     2     5     1     2
     1    17    22    27    22     4     4     2     2     7     8     1
     1     6    12    22    12     9     1     0     0     0     4     2
    13    22    54    64    53    19     7     8     5    14    19    17
     5     9    14    24    15    12     5     5     2     2    11    11
    13    16    33    39    29    14     6     7    10     1    15    21
     7     2     8    14     2     2     5    10     3     1     4     5
     8    12     7    14     2     2     4     4     0     1     6    16
     7     5     4     3     0     1     1     1     0     0     2    15
     1     1     0     3     1     0     0     1     0     1     3     3
     2     6     2     1     0     1     1     0     0     0     2     5
     1     0     3     1     0     0     1     0     0     0     0     0
     1     1     0     0     0     1     1     0     0     0     1     2
     0     3     4     1     0     0     1     0     0     0     0     0
     1     4     8     1     0     0     0     0     0     0     0     1
     2     5     3     2     0     0     0     0     0     1     0     2
    10     9    10     7     0     0     0     0     1     0     5     3
     5    16    16     6     2     0     0     0     1     1     1     5
     6    15    16     4     2     1     0     0     0     0     1     4
    29    18    30    16     2     2     0     1     8     5     8    16
    18    18    12     2     1     0     0     0     1     8     7    12
    50    31    16    12     2     1     2     0     7    17    12    31
    12    11    11     1     4     0     0     0     2     5     4     6
    15     9     5     6     1     2     0     0     2     7    19    15
     9
     0     0     0     1     0     0     0     0     0     0     0     0
     2     1     1     0     0     0     0     0     0     0     1     0
     0     0     0     1     0     0     0     0     0     0     0     0
     0     1     0     0     0     0     0     0     0     0     0     1
     0     0     0     0     0     0     0     0     1     0     0     0
     0     0     1     0     0     1     0     0     0     0     0     0
     0     0     1     0     0     1     1     0     0     0     0     0
     0     1     1     0     0     0     1     0     0     0     1     1
     0     1     0     0     1     0     1     2     0     0     2     1
     0     0     1     0     0     0     0     0     0     0     0     0
     1     0     4     1     0     0     1     1     0     0     1     0
     0     1     1     0     0     0     0     0     0     0     0     0
     1     1     4     1     1     2     0     0     2     0     0     0
     0     0     4     3     1     1     0     0     0     2     0     0
     0     2     1     1     1     0     0     0     0     3     0     0
     5     1     1     3     5     1     0     1     0     3     2     1
     0     1     2     5     2     0     0     0     0     0     1     0
     1     6     8     6     1     0     0     1     1     0     3     1
     0     1     1     2     0     0     0     1     0     0     1     0
     1     2     2     4     0     0     0     0     0     0     2     2
     1     0     1     1     0     0     0     0     0     0     0     1
     0     0     1     0     0     0     1     0     0     0     0     2
     0     0     0     1     0     0     0     0     0     0     0     0
     0     0     1     0     0     0     0     0     0     0     0     0
     0     0     1     0     0     0     0     0     0     0     0     0
     0     0     2     0     0     0     0     0     0     0     0     0
     2     3     2     1     1     0     0     0     0     0     0     0
     1     1     1     1     0     0     0     0     0     0     0     0
     1     6     5     1     0     0     0     0     0     0     1     1
     0     4     5     0     0     0     0     0     0     1     1     1
     1     4     3     0     0     0     0     0     0     1     0     1
     5    10     5     0     0     0     0     0     1     0     0     6
     1     0     5     0     0     0     0     0     0     1     1     3
    10     6     5     3     0     0     0     0     0     1     3     6
     1     2     2     2     0     0     0     1     0     2     1     2
     0     3     2     0     0     0     0     0     0     2     1     1
    10
     0     0     0     0     0     0     0     0     0     0     0     0
     0     0     0     0     0     0     0     0     1     0     1     0
     0     0     0     0     0     0     0     0     0     0     0     0
     0     0     0     0     0     0     0     0     0     0     0     0
     0     0     1     0     0     0     0     0     2     0     0     0
     0     0     0     0     0     0     0     0     0     0     0     0
     0     0     0     0     0     1     0     0     0     0     0     0
     0     0     0     0     0     0     0     0     0     0     0     0
     0     0     0     0     0     0     0     1     1     0     0     0
     0     1     0     0     0     0     1     0     0     0     0     0
     1     0     0     0     0     1     0     1     0     0     0     0
     0     0     0     1     1     0     0     0     0     0     0     0
     0     0     0     0     0     0     0     0     0     0     0     0
     0     0     0     1     0     0     0     0     0     0     0     0
     0     0     2     0     1     0     0     1     0     0     0     1
     1     0     3     1     0     0     0     0     0     1     0     0
     0     0     0     3     1     0     0     0     0     0     0     1
     0     1     1     3     0     1     0     0     2     0     0     0
     0     0     0     1     0     0     0     1     0     0     1     1
     2     1     0     0     0     0     0     0     0     0     1     1
     3     0     0     0     0     0     0     1     0     0     0     1
     0     0     0     0     0     0     0     0     0     0     1     1
     0     0     0     0     0     0     0     1     0     0     0     1
     0     0     0     0     0     0     0     0     0     0     0     0
     1     0     0     0     0     0     0     0     0     0     0     0
     0     1     0     1     0     0     0     0     0     0     0     0
     0     1     0     0     0     0     0     0     0     0     0     0
     0     3     1     0     0     0     0     0     0     0     0     0
     0     1     3     3     0     0     0     0     0     0     0     2
     0     0     4     2     0     0     0     0     0     0     0     0
     0     0     5     1     0     0     0     0     0     0     1     1
     4     1     4     1     0     0     0     0     0     1     0     0
     2     3     0     0     0     0     0     0     0     1     1     2
     5     4     0     1     0     0     0     0     0     0     3     6
     0     0     0     0     1     0     0     0     0     0     1     0
     2     0     0     0     0     0     0     0     0     0     1     0
    11
     0     0     0     0     0     0     0     0     0     0     0     0
     0     0     0     0     0     0     0     1     0     0     0     0
     0     0     0     0     0     0     0     0     0     0     0     0
     0     0     0     0     0     0     0     0     0     0     0     0
     0     0     0     0     0     0     0     0     2     0     0     0
     0     0     0     0     0     0     0     0     0     0     0     0
     0     0     0     0     0     0     0     0     0     0     0     0
     0     0     0     0     0     2     0     0     0     0     0     0
     0     1     0     0     0     0     0     0     1     0     0     0
     0     0     0     0     0     0     0     0     0     0     0     0
     0     1     0     0     0     0     0     0     0     0     0     0
     0     1     0     0     0     0     0     0     0     0     0     0
     0     1     0     0     1     0     0     0     1     0     0     0
     0     0     1     0     1     0     0     0     0     0     0     0
     0     0     0     0     0     0     0     0     0     0     0     0
     1     1     0     0     0     0     0     0     0     0     0     0
     0     0     0     2     0     0     1     0     0     0     0     0
     0     0     0     2     0     0     0     0     0     0     2     1
     0     0     0     0     0     0     0     0     0     0     0     0
     0     0     0     0     0     0     0     0     0     0     0     0
     0     0     0     0     0     0     0     0     0     0     0     1
     0     0     0     0     0     0     0     0     0     0     0     0
     0     0     0     0     0     0     0     0     0     0     0     0
     0     0     0     0     0     0     0     0     0     0     0     0
     0     0     0     0     0     0     0     0     0     0     0     0
     0     0     0     0     0     0     0     0     0     0     0     0
     0     0     0     0     0     0     0     0     0     0     0     0
     1     0     0     0     0     0     0     0     0     0     0     0
     1     3     0     0     0     0     0     0     0     0     0     0
     1     0     0     1     0     0     0     0     1     0     1     0
     0     1     4     1     0     0     0     0     0     1     0     0
     3     0     0     0     0     0     0     0     0     0     0     0
     1     0     1     0     0     0     0     0     1     0     0     2
     5     0     0     0     0     0     0     0     1     0     0     0
     0     0     0     0     0     1     0     2     0     0     0     0
     2     1     0     0     0     0     0     0     0     0     1     0
    12
     0     0     0     0     0     0     0     0     0     0     0     0
     0     0     0     0     0     1     0     0     0     0     0     0
     0     0     0     0     0     0     0     0     0     0     0     0
     0     0     0     0     0     0     1     0     0     0     0     0
     0     0     0     0     0     0     0     0     0     0     0     0
     0     0     0     0     0     0     0     0     0     0     0     0
     0     0     0     0     0     0     0     0     0     0     0     0
     0     0     0     0     0     0     0     0     0     0     0     0
     0     0     0     0     0     0     0     0     2     0     0     0
     0     0     0     0     0     0     0     0     0     0     0     0
     0     0     0     0     0     0     1     0     2     0     0     0
     0     0     0     0     0     0     0     0     0     0     0     0
     0     0     0     0     0     0     0     0     0     0     0     0
     0     0     0     0     0     0     0     0     0     1     0     0
     0     0     0     0     0     0     0     0     0     1     0     0
     0     0     0     0     0     0     0     0     0     0     0     0
     0     0     0     1     0     0     0     0     0     0     0     0
     0     0     0     0     0     0     0     1     0     0     0     0
     0     0     0     0     0     0     0     0     0     0     0     0
     0     0     0     0     0     0     0     0     0     0     0     0
     0     0     0     0     0     0     0     0     0     0     0     0
     0     0     0     0     0     0     0     0     0     0     0     0
     0     0     0     0     0     0     0     0     0     0     0     0
     0     0     0     0     0     0     0     0     0     0     0     1
     0     0     0     0     0     0     0     0     0     0     0     0
     0     0     0     0     0     0     0     0     0     0     0     0
     0     0     0     0     0     0     0     0     0     0     0     0
     0     0     0     2     0     0     0     0     0     0     0     0
     0     1     1     0     0     0     0     0     0     0     0     0
     0     0     1     0     0     0     0     0     0     0     0     0
     1     0     1     0     0     0     0     0     0     0     0     0
     0     0     0     0     0     0     0     0     0     0     0     0
     1     0     0     0     0     0     0     0     0     0     0     0
     0     0     0     0     0     0     0     0     0     0     0     0
     0     0     0     0     0     0     0     1     0     0     0     0
     2     0     0     0     0     0     0     0     0     0     0     0
    13
     0     0     0     0     0     0     0     0     0     0     0     0
     0     0     0     0     0     0     0     0     0     0     0     0
     0     0     0     0     0     0     0     0     0     0     0     0
     0     0     0     0     0     0     0     0     0     0     0     0
     0     0     0     0     0     0     0     0     0     0     0     0
     0     0     0     0     0     0     0     0     0     0     0     0
     0     0     0     0     0     0     0     0     0     0     0     0
     0     0     0     0     0     0     0     0     0     0     0     0
     0     0     0     0     0     0     0     0     1     0     0     0
     0     0     0     0     0     0     0     0     0     0     0     0
     0     0     0     0     0     0     0     0     0     0     0     0
     0     0     0     0     0     0     0     0     0     0     0     0
     0     0     0     0     0     0     0     0     0     0     0     0
     0     0     0     0     0     0     0     0     0     0     0     0
     0     0     0     0     0     0     0     0     0     0     0     0
     0     0     0     0     0     0     0     0     0     0     0     0
     0     0     0     0     0     0     0     0     0     0     0     0
     0     0     0     0     0     0     0     1     0     0     0     0
     0     0     0     0     0     0     0     0     0     0     0     0
     0     0     0     0     0     0     0     0     0     0     0     0
     0     0     0     0     0     0     0     0     0     0     0     0
     0     0     0     0     0     0     0     0     0     0     0     0
     0     0     0     0     0     0     0     0     0     0     0     0
     0     0     0     0     0     0     0     0     0     0     0     0
     0     0     0     0     0     0     0     0     0     0     0     0
     0     0     0     0     0     0     0     0     0     0     0     0
     0     0     0     0     0     0     0     0     0     0     0     0
     0     0     0     0     0     0     0     0     0     0     0     0
     0     0     0     0     0     0     0     0     0     0     0     0
     0     0     0     0     0     0     0     0     0     0     0     0
     0     0     0     0     0     0     0     0     0     0     0     0
     0     0     0     0     0     0     0     0     0     0     0     0
     0     0     0     0     0     0     0     0     0     0     0     0
     0     0     0     0     0     0     0     0     0     0     0     0
     0     0     0     0     0     0     0     0     0     0     0     0
     0     0     0     0     0     0     0     0     0     0     0     0
    14
     0     0     0     0     0     0     0     0     0     0     0     0
     0     0     0     0     0     0     0     0     0     0     0     0
     0     0     0     0     0     0     0     0     0     0     0     0
     0     0     0     0     0     0     0     0     0     0     0     0
     0     0     0     0     0     0     0     1     0     0     0     0
     0     0     0     0     0     0     0     0     0     0     0     0
     0     0     0     0     0     0     0     0     0     0     0     0
     0     0     0     0     0     1     0     0     0     0     0     0
     0     0     0     0     0     0     0     0     0     0     0     0
     0     0     0     0     0     0     0     0     0     0     0     0
     0     0     0     0     0     0     0     0     3     0     0     0
     0     0     0     0     0     0     0     0     0     0     0     0
     0     0     0     0     0     0     0     0     0     0     0     0
     0     0     0     0     0     0     0     0     1     0     0     0
     0     0     0     0     0     0     0     0     0     0     0     0
     0     0     0     0     0     0     0     0     0     0     0     0
     0     0     0     0     0     0     0     0     0     0     0     0
     0     0     0     1     0     0     0     0     0     0     0     0
     0     0     0     0     0     0     0     0     0     0     0     0
     0     0     0     0     0     0     0     0     0     0     0     0
     0     0     0     0     0     0     0     0     0     0     0     0
     0     0     0     0     0     0     0     0     0     0     0     0
     0     0     0     0     0     0     0     0     0     0     0     0
     0     0     0     0     0     0     0     0     0     0     0     0
     0     0     0     0     0     0     0     0     0     0     0     0
     0     0     0     0     0     0     0     0     0     0     0     0
     0     0     0     0     0     0     0     0     0     0     0     0
     0     0     0     0     0     0     0     0     0     0     0     0
     0     0     0     0     0     0     0     0     0     0     0     0
     0     0     0     0     0     0     0     0     0     0     0     0
     0     0     0     0     0     0     0     0     0     0     0     0
     0     0     0     0     0     0     0     0     0     0     0     0
     0     0     0     0     0     0     0     0     0     0     0     0
     0     0     0     0     0     0     0     0     0     0     0     0
     0     0     0     0     0     0     0     0     0     0     0     0
     0     1     0     0     0     0     1     0     0     0     0     0
    15
     0     0     0     0     0     0     0     0     0     0     0     0
     0     0     0     0     0     0     0     0     0     0     0     0
     0     0     0     0     0     0     0     0     0     0     0     0
     0     0     0     0     0     0     0     0     0     0     0     0
     0     0     0     0     0     0     0     0     0     0     0     0
     0     0     0     0     0     0     0     0     0     0     0     0
     0     0     0     0     0     0     0     0     0     0     0     0
     0     0     0     0     0     0     0     0     0     0     0     0
     0     0     0     0     0     0     0     0     0     0     0     0
     0     0     0     0     0     0     0     0     0     0     0     0
     0     0     0     0     0     0     0     0     0     0     0     0
     0     0     0     0     0     0     0     0     0     0     0     0
     0     0     0     0     0     0     0     0     0     0     0     0
     0     0     0     0     0     0     0     0     0     0     0     0
     0     0     0     0     0     0     0     0     0     0     0     0
     0     0     0     0     0     0     0     0     0     0     0     0
     0     0     0     0     0     0     0     0     0     0     0     0
     0     0     0     0     0     0     0     0     0     0     0     0
     0     0     0     0     0     0     0     0     0     0     0     0
     0     0     0     0     0     0     0     0     0     0     0     0
     0     0     0     0     0     0     0     0     0     0     0     0
     0     0     0     0     0     0     0     0     0     0     0     0
     0     0     0     0     0     0     0     0     0     0     0     0
     0     0     0     0     0     0     0     0     0     0     0     0
     0     0     0     0     0     0     0     0     0     0     0     0
     0     0     0     0     0     0     0     0     0     0     0     0
     0     0     0     0     0     0     0     0     0     0     0     0
     0     0     0     0     0     0     0     0     0     0     0     0
     0     0     0     0     0     0     0     0     0     0     0     0
     0     0     0     0     0     0     0     0     0     0     0     0
     0     0     0     0     0     0     0     0     0     0     0     0
     0     0     0     0     0     0     0     0     0     0     0     0
     0     0     0     0     0     0     0     0     0     0     0     0
     0     0     0     0     0     0     0     0     0     0     0     0
     0     0     0     0     0     0     0     0     0     0     0     0
     0     0     0     0     0     0     0     0     0     0     0     0
    16
     0     0     0     0     0     0     0     0     0     0     0     0
     0     0     0     0     0     0     0     0     0     0     0     0
     0     0     0     0     0     0     0     0     0     0     0     0
     0     0     0     0     0     0     0     0     0     0     0     0
     0     0     0     0     0     0     0     0     0     0     0     0
     0     0     0     0     0     0     0     1     0     0     0     0
     0     0     0     0     0     0     0     0     0     0     0     0
     0     0     0     0     0     0     0     0     0     0     0     0
     0     0     0     0     0     0     0     0     0     0     0     0
     0     0     0     0     0     0     0     0     0     0     0     0
     0     0     0     0     0     0     0     0     3     0     0     0
     0     0     0     0     0     0     0     0     0     0     0     0
     0     0     0     0     0     0     0     0     0     0     0     0
     0     0     0     0     0     0     0     0     0     0     0     0
     0     0     0     0     0     0     0     1     0     0     0     0
     0     0     0     0     0     0     0     0     0     0     0     0
     0     0     0     0     0     0     0     1     0     0     0     0
     0     0     0     0     0     0     0     0     0     0     0     0
     0     0     0     0     0     0     0     0     0     0     0     0
     0     0     0     0     0     0     0     0     0     0     0     0
     0     0     0     0     0     0     0     0     0     0     0     0
     0     0     0     0     0     0     0     0     0     0     0     0
     0     0     0     0     0     0     0     0     0     0     0     0
     0     0     0     0     0     0     0     0     0     0     0     0
     0     0     0     0     0     0     0     0     0     0     0     0
     0     0     0     0     0     0     0     0     0     0     0     0
     0     0     0     0     0     0     0     0     0     0     0     0
     0     0     0     0     0     0     0     0     0     0     0     0
     0     0     0     0     0     0     0     0     0     0     0     0
     0     0     0     0     0     0     0     0     0     0     0     0
     0     0     0     0     0     0     0     0     0     0     0     0
     0     0     0     0     0     0     0     0     0     0     0     0
     0     0     0     0     0     0     0     0     0     0     0     0
     0     0     0     0     0     0     0     0     0     0     0     0
     0     0     0     0     0     0     0     0     0     0     0     0
     0     0     0     0     0     1     0     0     0     0     0     0
    17
     0     0     0     0     0     0     0     0     0     0     0     0
     0     0     0     0     0     0     0     0     0     0     0     0
     0     0     0     0     0     0     0     0     0     0     0     0
     0     0     0     0     0     0     0     0     0     0     0     0
     0     0     0     0     0     0     0     0     0     0     0     0
     0     0     0     0     0     0     0     0     0     0     0     0
     0     0     0     0     0     0     0     0     0     0     0     0
     0     0     0     0     0     0     0     0     0     0     0     0
     0     0     0     0     0     0     0     0     0     0     0     0
     0     0     0     0     0     0     0     0     0     0     0     0
     0     0     0     0     0     0     0     0     0     0     0     0
     0     0     0     0     0     0     1     1     0     0     0     0
     0     0     0     0     0     0     0     0     0     0     0     0
     0     0     0     0     0     0     0     0     0     0     0     0
     0     0     0     0     0     0     0     0     0     0     0     0
     0     0     0     0     0     0     0     0     0     0     0     0
     0     0     0     0     0     0     0     0     0     0     0     0
     0     0     0     0     0     0     0     0     0     0     0     0
     0     0     0     0     0     0     0     0     0     0     0     0
     0     0     0     0     0     0     0     0     0     0     0     0
     0     0     0     0     0     0     0     0     0     0     0     0
     0     0     0     0     0     0     0     0     0     0     0     0
     0     0     0     0     0     0     0     0     0     0     0     0
     0     0     0     0     0     0     0     0     0     0     0     0
     0     0     0     0     0     0     0     0     0     0     0     0
     0     0     0     0     0     0     0     0     0     0     0     0
     0     0     0     0     0     0     0     0     0     0     0     0
     0     0     0     0     0     0     0     0     0     0     0     0
     0     0     0     0     0     0     0     0     0     0     0     0
     0     0     0     0     0     0     0     0     0     0     0     0
     0     0     0     0     0     0     0     0     0     0     0     0
     0     0     0     0     0     0     0     0     0     0     0     0
     0     0     0     0     0     0     0     0     0     0     0     0
     0     0     0     0     0     0     0     0     0     0     0     0
     0     0     0     0     0     0     0     0     0     0     0     0
     0     0     0     0     0     0     0     0     0     0     0     0
    18
     0     0     0     0     0     0     0     0     0     0     0     0
     0     0     0     0     0     0     0     0     0     0     0     0
     0     0     0     0     0     0     0     0     0     0     0     0
     0     0     0     0     0     0     0     0     0     0     0     0
     0     0     0     0     0     0     0     0     0     0     0     0
     0     0     0     0     0     0     0     0     0     0     0     0
     0     0     0     0     0     0     0     0     0     0     0     0
     0     0     0     0     0     0     0     1     0     0     0     0
     0     0     0     0     0     0     0     0     0     0     0     0
     0     0     0     0     0     0     0     0     0     0     0     0
     0     0     0     0     0     0     0     0     0     0     0     0
     0     0     0     0     0     0     0     0     0     0     0     0
     0     0     0     0     0     0     0     0     0     0     0     0
     0     0     0     0     0     0     0     0     0     0     0     0
     0     0     0     0     0     0     0     0     0     0     0     0
     0     0     0     0     0     0     0     0     0     0     0     0
     0     0     0     0     0     0     0     0     0     0     0     0
     0     0     0     0     0     0     0     0     0     0     0     0
     0     0     0     0     0     0     0     0     0     0     0     0
     0     0     0     0     0     0     0     0     0     0     0     0
     0     0     0     0     0     0     0     0     0     0     0     0
     0     0     0     0     0     0     0     0     0     0     0     0
     0     0     0     0     0     0     0     0     0     0     0     0
     0     0     0     0     0     0     0     0     0     0     0     0
     0     0     0     0     0     0     0     0     0     0     0     0
     0     0     0     0     0     0     0     0     0     0     0     0
     0     0     0     0     0     0     0     0     0     0     0     0
     0     0     0     0     0     0     0     0     0     0     0     0
     0     0     0     0     0     0     0     0     0     0     0     0
     0     0     0     0     0     0     0     0     0     0     0     0
     0     0     0     0     0     0     0     0     0     0     0     0
     0     0     0     0     0     0     0     0     0     0     0     0
     0     0     0     0     0     0     0     0     0     0     0     0
     0     0     0     0     0     0     0     0     0     0     0     0
     0     0     0     0     0     0     0     0     0     0     0     0
     0     0     0     0     0     0     0     0     0     0     0     0
