17
Raleigh, NC 13722
     0
       1.100       2.200       7.100      12.800      17.700      22.200
      23.800      23.200      20.600      14.300       8.800       3.200
       5.500       7.100      12.100      17.200      21.700      25.600
      27.200      26.700      23.800      18.200      13.300       7.800
      10.000      12.800      17.200      21.700      25.000      28.200
      30.000      29.300      26.700      22.200      17.700      12.100
      39.000      37.000      35.000      34.000      46.000      50.000
      54.000      55.000      53.000      44.000      41.000      41.000
      56.000      54.000      51.000      48.000      62.000      65.000
      67.000      68.000      67.000      60.000      58.000      58.000
      82.000      80.000      80.000      73.000      81.000      81.000
      82.000      85.000      84.000      81.000      81.000      83.000
       2.400       2.400       2.400       2.400       2.000       2.000
       2.000       2.000       2.000       2.000       2.000       2.400
       3.100       3.100       3.100       3.100       2.700       2.700
       2.400       2.400       2.400       2.700       2.700       3.100
       4.400       4.400       4.800       4.400       4.000       3.500
       3.100       3.100       3.100       3.500       4.000       4.000
     260.000     260.000     240.000     240.000     210.000     210.000
     210.000     210.000      40.000      10.000     240.000     240.000
     1
       5.805       7.596      12.207      17.288      21.442      25.261
      26.974      26.351      23.421      17.903      13.091       7.751
      59.824      57.700      56.672      53.463      63.060      65.416
      68.083      69.528      68.280      61.992      60.823      61.187
     2
    17    20    21    24    36    31    35    36    31    43    34    24
    27    24    29    28    38    45    47    56    59    44    44    33
    29    31    30    34    44    45    39    74    68    49    47    30
    29    31    41    30    58    57    83   110   105    54    49    27
    36    30    31    32    57    58    98    98   124    56    48    37
    22    19    30    20    37    42    55    63    57    38    28    19
    20    20    23    17    45    38    52    73    54    35    23    19
    13    16    18    17    35    37    37    46    49    25    23    18
    34    27    27    33    56    47    57    68    49    40    40    29
    24    18    31    17    28    37    43    75    69    24    39    23
    23    22    29    40    54    62    64    84    63    48    30    22
    24    24    39    39    73    59    89    94    71    63    48    24
    31    31    27    36    56    46    74    76    56    68    41    18
    33    20    27    32    60    55    59    62    63    58    53    25
    30    24    38    25    52    44    56    67    51    37    37    24
    19    15    25    31    52    64    83    78    62    55    38    23
    21    15    21    35    54    60    73    64    54    47    38    23
    33    25    31    59    83    95   122   123    75    52    54    34
    27    30    30    32    72    76   103    92    60    44    39    31
    44    23    36    53    68    72   112    90    68    51    57    44
    27    26    30    33    60    63   109    91    59    53    31    32
    32    28    40    22    57    56    83    80    70    43    42    46
    36    40    32    59    45    74    86    88    52    58    54    38
    33    29    21    42    40    52    65    51    52    44    40    33
    34    28    32    31    45    50    57    59    46    43    36    50
    28    14    18    30    27    27    36    33    34    29    30    23
    28    28    33    41    36    45    62    39    45    38    31    41
    16    11    11    18    24    20    30    22    15    22    22    18
    20    25    23    22    25    39    50    35    28    41    29    32
    30    12    17    24    31    32    39    30    17    31    25    26
    22    20    33    19    31    35    34    26    24    23    24    31
    28    26    23    27    37    33    49    49    35    35    36    37
    19    19    25    22    29    25    35    35    35    50    22    20
    32    22    28    31    35    28    30    43    42    40    31    28
    12    25    14    22    27    25    27    25    30    38    26    27
    37    33    43    29    34    44    45    50    52    52    58    34
     3
    88    57    86    59   100    82    91   120   125   154   102    79
    97    87    90    68   142   158   125   164   216   175   100    93
    90    63   102    84   103   129   132   173   178   144    98    71
    97   100    85    81   123   161   145   180   256   141    94    76
   108    87    89    75   150   165   161   197   257   167    91    84
    61    59    70    81    94   125   115   152   189   101    70    38
    53    51    73    67   112   154   100   154   153    99    67    36
    46    52    62    51    76    73    82   113   118    40    40    37
    41    67    98    80   124   116   136   163   148    70    55    63
    29    35    56    50    85    99   101   104   113    38    34    41
    40    60    68    82   106   111   120   117   114    72    57    49
    50    52    88   103   102   108   150   110    92    71    66    40
    59    37    70    53    86    83   109   106    83    80    67    43
    50    63    83    73   107    98   127   143    80    85    69    43
    42    36    78    65    90   110    96   101    63    56    47    27
    50    42    77    85   131   146   152   188   118    73    56    55
    46    36    81    90   138   189   179   176    80    57    51    51
    69    71   110   106   205   318   301   267   184   100    99    86
    73    53    71    85   156   200   235   168   107    94    83    59
   105    87    97   135   190   241   229   238   135   117   109   101
   116    86   106   126   180   195   292   230   126    94   107   112
   128    89   100   142   164   255   265   180   131   121   133   134
   100   114   147   152   205   217   335   207   153   141   131   171
   102    80   105   140   158   211   185   164   102   101    94   105
   108    92   100   139   135   162   214   155   117   123   107   110
    73    58    67    77    86   125   144   122    90    63    95    72
    79    79    85   108   136   114   176   133   116    95    90    83
    55    43    59    74    64    67    85    52    50    41    48    53
    77    66    73    90   115    78   117    81    59    69    89    84
    56    59    73    73    58    62    83    57    57    66    56    62
    69    55    66    77    57    61    78    44    54    70    53    61
    70    61    98    73   106    84   112    87    86    87   109    61
    48    67    64    74    74    80    75    93    60    74    77    51
    85    70    84    74   100    75    92   110    99   121    95    82
    55    54    62    55    80    68    90    66    96    89    81    73
   143   107   120    94   187   164   146   180   206   207   114   117
     4
    75    60    63    62    59    59    47    66    97    88    41    46
    82    74    64    54    77    80    70   117   127   141    71    44
    57    61    63    42    65    66    58    69   112    92    35    42
    40    43    51    57    60    59    65    84   116    95    43    37
    47    49    63    42    61    78    48   102   141    80    37    48
    35    31    44    33    46    51    42    54    72    59    30    23
    20    17    36    33    58    55    40    46    61    47    26    18
    20    29    27    21    38    28    24    36    26    21    12    19
    18    29    43    36    62    38    26    49    45    33    33    24
     8    14    28    27    22    28    28    20    28    21    15    11
    14    33    33    35    52    31    37    40    29    21    20    16
    17    26    40    26    41    42    40    30    32    26    24    13
    17    21    44    34    46    28    32    15    19    18    21    11
    13    21    40    32    44    39    34    42    25    24    29    18
    14    19    40    38    43    28    34    31    22    23    11    20
    15    30    43    54    55    52    50    42    25    19    30    31
    29    32    36    51    55    60    68    61    30    24    28    21
    37    44    84    74   100   126   117    98    47    37    55    55
    37    41    54    73    71    67    70    58    33    39    34    43
    70    63    83    93    96   102   131    82    51    52    83    76
    81    48    60    83   104   104   119    82    56    53    59    89
    89    69    81    78   134   136   147    96    52    67    74    87
   107    82    88   102   124   163   153   126    67    67    84    94
    61    50    65    96   102   138   138    97    58    61    53    45
    56    39    52    86   105    96   113    88    60    42    53    62
    32    43    36    63    59    69    61    41    41    30    37    28
    59    46    64    71    61    66    79    57    44    45    52    61
    23    37    38    55    47    38    40    30    24    22    29    30
    56    55    60    70    56    45    52    33    24    49    47    57
    44    43    58    63    50    46    37    22    28    26    39    44
    36    37    63    61    50    37    28    25    19    36    42    37
    60    46    61    62    52    45    28    28    40    69    60    49
    38    32    57    41    38    33    24    21    32    59    43    21
    50    50    57    51    67    38    40    40    40    61    56    70
    51    38    47    56    54    50    36    44    53    59    41    38
   100    80    76    72    92    89    72   108   132   138   101    97
     5
    73    70    66    57    68    42    36    47    73    88    60    58
    70    82    86    49   103    78    41    62   135   141    69    74
    47    45    67    37    49    46    33    56    96    82    41    39
    34    27    32    29    54    31    17    47    74    79    23    26
    26    42    61    33    60    55    22    57    86    77    22    29
    17    20    28    25    32    38    15    27    44    42    19    20
    15    22    45    34    45    25    15    28    47    37    21    22
     3     9    22    14    19    20     5    15    17    22    13     9
    13    17    35    27    41    30    21    24    24    27    16    12
     1     9    17    15    15    11     8    12     5     8    14     8
     9    13    19    24    33    14    14    22    15    13     9     5
     9    19    24    38    26    12    15    13    13     9    11     6
     7    10    17    19    17    12    16    16     6     7     9     9
     7    20    46    36    30    17    20    19    13    11    19     3
     6    16    36    40    37    15    22    18     9     8     8     8
    15    26    43    40    35    36    35    35    14    13    21    19
    31    31    37    38    54    29    28    20     8    15    12    23
    36    41    87    69    82    60    63    48    27    33    50    51
    38    46    55    62    51    41    43    31    24    25    29    43
    73    82   113   126    98    87    86    49    37    43    58    81
    80    83   107   105   100    64    69    61    31    44    71    87
   126    99   113   119   152   129    91    73    49    55    87    95
   133   103   115   165   171   147   129    68    51    56    88   106
    93    81    76   109   113   140    93    68    40    62    83    83
    67    51    68    96    83    90    50    54    40    37    45    56
    41    45    50    78    58    61    32    29    28    32    39    34
    84    68    83   108    74    70    42    35    24    51    56    64
    60    53    41    77    44    33    27    11    12    19    37    40
    85    85    95   110    64    44    25    10    21    41    79    79
    82    78    93    81    58    31    32    11    19    46    84    68
    67    82    83    79    55    40    18    11    21    50    77    66
    79    87   105    88    73    43    34    20    17    80    89    76
    55    68    78    67    51    35    26    21    26    65    65    57
    75    74    85    58    59    35    35    28    42    70    76    69
    56    52    63    43    49    30    16    26    26    60    46    57
   102   112   111    72   113    75    42    57    94   131    85    96
     6
    26    18    34    31    16    13     2     8    30    28    13    27
    21    34    42    25    35    19     6    14    52    32    33    30
    13    11    22    15    15    10     5     8    27    22     6    12
     1     3    11     6    14     8     2     3    19    15     2     7
    12    19    21     5    15     8     3    10    17    14     6     7
     1     4     6     8     3     2     1     9     4    10     4     3
     8     7    22    11    14    12     3    12     9     6     6     1
     1     2     3     4     5     2     2     1     1     1     3     1
     3     2    15     6    10     9     4     3     1     4     3     3
     0     3     4     1     3     1     3     2     3     1     2     4
     1     2     4     6     6     1     3     6     2     4     4     1
     1     3     3     5     4     2     1     2     3     4     4     1
     0     6    10     9     7     1     3     3     1     1     3     0
     4     9     8     9     9     5     3     3     3     2     7     4
     6     5    15    10     5     0     8     2     0     4     2     2
     8    12    19    16    16    11     5     3     2     1    14     7
     4     8    12    12     9     5     9     0     3     2     7     8
    12    15    42    43    28    21    14     6     6     4    10    17
    14    15    18    25    10     4     8     3     2     5     9    13
    26    51    75    66    36    11    19     6     4    10    16    40
    31    48    72    63    35    13    12     7     7    15    26    35
    50    47    82    69    37    24    15    11    16    11    40    39
    89    61    91    97    57    41    26    19    14    23    34    50
    40    37    62    66    34    35    12    11    10    16    41    29
    34    23    37    57    16    15    10     5     6     7    22    19
    27    17    26    39    20    17    10     2     5    12    17    17
    48    40    43    72    18    13    11     2     7    10    23    31
    50    29    43    31    20     9     2     3     6     9    21    26
    61    68    91    92    22    15    14     2     7    20    50    50
    56    54    65    73    18    11     5     3     4    18    40    45
    59    63    60    56    25     6     3     3     4    17    40    38
    65    60    75    79    30    13     5     7     7    33    42    49
    28    41    33    40    17     3     2     9    14    21    36    31
    36    41    47    51    30    14     3     6    13    22    40    34
    17    25    29    19     7     8     5     5     4    23    15    21
    36    46    45    35    28    18     4     9    36    54    37    43
     7
     1     1     3     5     2     0     1     0     3     6     5     7
     7    13     9     6     6     2     0     1     7     8    10     3
     6     1     2     2     4     0     1     1     3     1     0     3
     1     0     0     1     2     1     0     0     3     2     0     1
     4     8     6     0     2     1     0     1     0     1     2     0
     0     0     0     1     0     1     0     0     0     0     0     0
     0     1     3     0     1     0     1     0     2     0     2     0
     0     0     1     0     0     1     0     0     0     0     1     0
     0     0     1     2     1     1     1     1     0     0     0     0
     0     1     0     0     0     0     0     0     0     0     0     2
     0     2     1     3     1     0     0     1     0     0     2     0
     0     1     0     0     1     0     1     0     0     0     0     0
     0     2     1     1     0     1     0     0     0     0     3     0
     0     7     0     2     0     1     0     0     0     0     1     2
     0     1     2     0     1     1     2     0     0     1     0     0
     4     0     3     1     3     0     1     0     0     0     2     1
     2     2     5     1     0     1     0     0     0     0     3     1
     4     4    16     7     5     2     2     0     1     1     1     3
     3     2     9     6     4     0     2     0     1     0     1     2
     8     8    22    12     6     3     4     1     1     3     2     7
     4    11    18    15     3     3     0     0     0     1     7     5
    12    13    25    18    10     2     2     0     1     4     7     8
    22    17    28    32    12     5     1     0     1     4    10     3
    15    10    17    19    12     3     1     2     0     1     9     7
     9     7    11    22     7     2     3     0     0     2     5     2
     8     5     8    11     5     2     0     1     0     2     4     2
    25     7    19    31     7     2     2     0     0     1     7    10
    21    13    13    15     3     1     1     0     0     6     8     8
    21    22    40    32     3     1     1     0     1     5    10    15
    23    25    21    20     6     2     1     0     0     2     6    17
    21    27    13    16     4     4     0     1     1     1     7    11
    24    18    32    29     3     3     1     1     0     8    17    14
    10    12     6    15     2     0     1     0     0     2     4     5
    11     7    10    12     5     0     1     1     2     6    11    12
     4    11     7     4     2     0     0     0     1     3     2     3
    11     9    10     9     5     2     1     4    11     8     3    13
     8
     3     4     4     0     2     0     1     0     0     3     1     2
     3     8     5     0     3     4     0     1     1     3    13     2
     1     1     0     2     0     0     0     0     2     1     0     2
     0     0     0     0     1     0     0     0     0     0     0     0
     1     1     0     0     1     0     0     0     0     1     0     0
     0     0     0     0     0     0     0     0     0     0     0     0
     0     2     3     1     0     1     0     0     0     0     1     0
     0     0     0     0     0     0     0     0     0     0     0     0
     0     1     1     2     0     1     1     0     1     0     2     0
     0     0     0     0     0     0     0     0     1     0     0     0
     1     1     1     3     1     0     0     0     1     0     1     0
     0     0     0     0     0     0     1     0     0     0     0     0
     1     0     0     0     0     0     1     0     0     0     1     0
     2     1     2     0     1     0     0     0     0     0     2     0
     0     2     0     0     1     0     0     0     0     0     0     0
     0     2     1     0     0     1     0     0     3     0     2     0
     2     1     1     0     2     0     0     0     1     0     2     0
     2     2     7     4     1     0     0     0     1     0     0     0
     1     1     4     0     2     0     0     0     0     0     2     1
     5     4    23    14     3     0     0     0     0     0     2     1
     5     4    15     6     2     0     0     0     0     0     4     2
     5     8    13    10     4     0     0     0     0     0    11     8
    13    20    21    21     3     1     1     0     0     0     6     6
     4     9     8    12     5     4     0     0     0     1     6     4
     8     8     9    19     3     1     0     1     0     1     4     3
     2     1    14     6     3     0     1     0     0     0     0     0
    10     7    17    27     5     3     1     0     0     1     2     8
    10     9    15    11     2     2     0     1     0     1     2     9
    16    13    28    25     0     2     1     2     1     1     8    10
     6    21    12     9     0     0     1     0     0     1     5     7
    16    14    12    10     1     2     0     0     0     0     4    16
     6    13    20    21     1     1     2     0     0     2     7    10
     8     2     3     5     0     0     0     0     0     1     4     3
     5     9     9     6     3     2     0     1     0     2     6     5
     1     5     3     2     1     0     1     1     1     3     1     2
     6     7     7     5     4     1     0     0     4     6     4     2
     9
     3     0     0     0     0     0     0     0     0     0     0     0
     0     2     0     0     0     0     0     0     1     0     3     1
     0     0     0     0     0     0     0     0     1     0     0     1
     0     0     0     0     0     1     0     0     0     0     0     0
     1     0     0     0     0     0     0     0     0     0     0     0
     0     0     0     0     0     0     0     0     0     0     0     0
     0     0     0     1     0     0     0     0     0     0     0     0
     0     0     0     0     0     0     0     0     0     0     0     0
     0     0     1     0     0     0     0     0     0     0     0     0
     0     0     0     0     0     0     0     0     0     0     0     0
     0     0     0     0     0     0     0     0     0     0     0     0
     0     1     0     0     0     0     0     0     0     0     0     0
     0     0     0     0     0     0     0     0     0     0     0     0
     0     0     0     0     0     0     0     0     1     0     1     0
     0     0     0     0     0     0     1     0     0     0     0     0
     0     0     0     0     0     0     0     0     0     0     0     0
     0     2     0     0     0     0     0     0     0     0     0     0
     1     2     1     0     0     0     0     0     0     0     0     0
     0     1     0     0     0     0     0     0     0     0     0     0
     0     1     3     1     0     0     0     0     0     0     0     0
     0     0     0     2     0     0     0     0     0     0     0     0
     1     1     2     4     0     0     1     0     0     0     0     0
     3     3     4     6     0     0     0     0     0     0     3     3
     3     0     2     4     1     0     0     0     0     0     0     0
     2     1     1     4     0     0     0     0     0     0     0     0
     0     0     2     1     0     0     0     0     1     0     0     0
     2     1     3     2     0     0     1     0     0     1     0     1
     3     0     3     3     0     0     0     0     0     0     1     0
     1     1     6     5     0     0     0     0     0     0     0     0
     2     1     3     5     1     0     0     0     0     0     2     1
     5     5     3     0     0     0     0     0     0     0     0     2
     1     0     4     2     1     0     0     0     0     2     1     3
     2     0     0     2     0     0     0     0     0     0     0     0
     0     0     0     1     0     0     0     0     0     1     0     1
     0     0     1     0     0     0     0     0     1     0     0     0
     1     2     0     0     0     1     0     0     0     0     3     0
    10
     0     0     0     0     0     0     0     0     0     0     0     0
     0     2     1     1     0     0     0     0     0     0     2     0
     0     1     0     0     0     0     0     0     0     0     0     0
     0     0     0     0     0     0     0     0     0     0     0     0
     0     2     0     0     0     0     0     0     0     0     0     0
     0     0     0     0     0     0     0     0     0     0     0     0
     0     0     0     0     0     0     0     0     0     0     0     0
     0     0     0     0     0     0     0     0     0     0     0     0
     0     0     1     1     0     0     0     0     0     0     0     0
     0     0     0     0     0     0     0     0     0     0     0     0
     0     0     0     1     0     0     0     0     0     0     1     0
     0     0     0     0     0     0     0     0     0     0     0     0
     0     0     0     0     0     0     0     0     0     0     0     0
     0     0     1     1     0     0     0     0     0     0     0     0
     0     0     0     0     0     0     0     0     0     0     0     0
     0     0     1     0     0     0     0     0     0     0     0     0
     0     0     0     0     1     0     0     0     0     0     0     0
     1     0     1     0     0     0     0     0     0     0     0     0
     0     0     0     0     0     0     0     0     0     0     0     0
     0     0     0     0     0     0     0     0     0     0     0     0
     0     1     0     0     0     0     0     0     0     0     0     1
     0     2     1     0     0     0     0     0     0     0     0     1
     2     2     5     2     0     0     1     0     0     0     1     0
     2     1     3     0     0     0     0     0     0     0     0     0
     0     3     1     0     0     0     0     0     0     0     0     0
     0     1     1     1     0     0     0     0     0     0     0     0
     0     0     0     0     0     0     0     0     0     0     0     0
     1     0     2     2     0     0     0     0     0     0     0     1
     2     0     3     3     0     0     0     0     0     0     1     0
     0     1     1     0     0     0     0     0     0     0     0     1
     0     0     3     1     2     0     0     0     0     0     1     0
     0     0     1     2     1     0     1     0     0     0     0     1
     1     0     2     0     1     0     0     0     0     0     0     0
     1     1     0     2     0     0     1     0     0     0     0     0
     0     0     0     0     1     0     0     0     0     0     0     0
     1     0     1     0     1     0     0     0     0     0     1     0
    11
     0     0     0     0     0     0     0     0     0     0     0     0
     0     0     0     1     0     0     0     0     0     0     0     0
     0     0     0     0     0     0     0     0     0     0     0     0
     0     0     0     0     0     0     0     0     0     0     0     0
     0     1     0     0     0     0     0     0     0     0     0     0
     0     0     0     0     0     0     0     0     0     0     0     0
     0     0     0     0     0     0     0     0     0     0     0     0
     0     0     0     0     0     0     0     0     0     0     0     0
     0     0     1     0     0     0     0     0     0     0     0     0
     0     0     0     0     0     0     0     0     0     0     0     0
     0     0     0     0     0     0     0     0     0     0     1     0
     0     0     0     0     0     0     0     0     0     0     0     0
     0     0     0     0     0     0     0     0     0     0     0     0
     0     0     0     0     0     0     0     0     0     0     0     0
     0     0     0     0     0     0     0     0     0     0     0     0
     0     0     0     0     0     0     0     0     0     0     0     0
     0     0     0     0     0     0     0     0     0     0     0     0
     0     0     0     0     0     0     0     0     0     0     0     0
     0     0     0     0     1     0     0     0     0     0     0     0
     0     1     1     0     0     0     0     0     0     0     0     0
     0     0     0     0     0     0     0     0     0     0     0     0
     1     0     1     0     0     0     0     0     0     0     0     0
     1     1     1     0     0     0     0     0     0     0     0     0
     0     1     3     1     1     0     0     0     0     0     0     0
     0     1     0     1     0     0     0     0     0     0     0     0
     0     0     0     0     0     0     0     0     0     0     0     0
     2     0     2     2     0     0     0     0     0     0     0     0
     0     0     1     0     0     0     0     0     0     0     0     0
     0     0     0     1     0     0     0     0     0     0     0     1
     0     0     1     0     0     0     0     0     0     0     0     1
     0     0     1     0     0     0     0     0     0     0     0     2
     0     1     0     0     0     0     0     0     0     0     0     0
     0     0     0     0     0     0     0     0     0     0     0     1
     0     1     0     0     0     0     0     0     0     0     0     0
     0     0     0     0     0     0     0     0     0     0     0     0
     0     0     0     0     0     0     0     0     0     0     0     0
    12
     0     0     0     0     0     0     0     0     0     0     0     0
     0     0     0     0     0     0     0     0     0     0     0     0
     0     0     0     0     0     0     0     0     0     0     0     0
     0     0     0     0     0     0     0     0     0     0     0     0
     0     0     0     0     0     0     0     0     0     0     0     0
     0     0     0     0     0     0     0     0     0     0     0     0
     0     0     0     0     0     0     0     0     0     0     0     0
     0     0     0     0     0     0     0     0     0     0     0     0
     0     0     0     0     0     0     0     0     0     0     0     0
     0     0     0     0     0     0     0     0     0     0     0     0
     0     0     0     0     0     0     0     0     0     0     0     0
     0     0     0     0     0     0     0     0     0     0     0     0
     0     0     0     0     0     0     0     0     0     0     0     0
     0     0     0     0     0     0     0     0     0     0     0     0
     0     0     0     0     0     0     0     0     0     0     0     0
     0     0     0     0     0     0     0     0     0     0     0     0
     0     0     0     0     0     0     0     0     0     0     0     0
     0     1     0     0     0     0     0     0     0     0     0     0
     0     0     0     0     0     0     0     0     0     0     0     0
     0     0     0     0     0     0     0     0     0     0     0     0
     0     0     0     1     0     0     0     0     0     0     0     0
     0     0     1     0     0     0     0     0     0     0     0     0
     0     1     1     0     0     0     0     0     0     0     0     0
     0     3     1     1     0     0     0     0     0     0     1     1
     0     1     0     0     0     0     0     0     0     0     0     0
     2     0     0     0     0     0     0     0     0     0     0     0
     0     0     0     0     0     0     0     0     0     0     0     0
     0     0     0     0     0     0     0     0     0     0     0     0
     0     0     0     0     0     0     0     0     0     0     0     0
     0     0     1     0     0     0     0     0     0     0     0     0
     0     0     0     0     0     0     0     0     0     0     0     0
     0     0     0     0     0     0     0     0     0     0     0     0
     0     0     0     0     0     0     0     0     0     0     0     0
     0     0     0     0     0     0     0     0     0     0     0     0
     0     0     0     0     0     0     0     0     0     0     0     0
     0     0     0     0     0     0     0     0     0     0     0     0
    13
     0     0     0     0     0     0     0     0     0     0     0     0
     0     0     0     0     0     0     0     0     0     0     0     0
     0     0     0     0     0     0     0     0     0     0     0     0
     0     0     0     0     0     0     0     0     0     0     0     0
     0     0     0     0     0     0     0     0     0     0     0     0
     0     0     0     0     0     0     0     0     0     0     0     0
     0     0     0     0     0     0     0     0     0     0     0     0
     0     0     0     0     0     0     0     0     0     0     0     0
     0     0     0     0     0     0     0     0     0     0     0     0
     0     0     0     0     0     0     0     0     0     0     0     0
     0     0     0     0     0     0     0     0     0     0     0     0
     0     0     0     0     0     0     0     0     0     0     0     0
     0     0     0     0     0     0     0     0     0     0     0     0
     0     0     0     0     0     0     0     0     0     0     0     0
     0     0     0     0     0     0     0     0     0     0     0     0
     0     0     0     0     0     0     0     0     0     0     0     0
     0     0     0     0     0     0     0     0     0     0     0     0
     0     0     0     0     0     0     0     0     0     0     0     0
     0     0     0     0     0     0     0     0     0     0     0     0
     0     0     0     0     0     0     0     0     0     0     0     0
     0     0     0     0     0     0     0     0     0     0     0     0
     0     0     0     0     0     0     0     0     0     0     0     0
     0     0     0     0     0     0     0     0     0     0     0     0
     0     0     0     0     0     0     0     0     0     0     0     0
     0     0     0     0     0     0     0     0     0     0     0     0
     0     0     0     0     0     0     0     0     0     0     0     0
     0     0     0     0     0     0     0     0     0     0     0     0
     0     0     0     0     0     0     0     0     0     0     0     0
     0     0     0     0     0     0     0     0     0     0     0     0
     0     0     0     0     0     0     0     0     0     0     0     0
     0     0     0     0     0     0     0     0     0     0     0     0
     0     0     0     0     0     0     0     0     0     0     0     0
     0     0     0     0     0     0     0     0     0     0     0     0
     0     0     0     0     0     0     0     0     0     0     0     0
     0     0     0     0     0     0     0     0     0     0     0     0
     0     0     0     0     0     0     0     0     0     0     0     0
    14
     0     0     0     0     0     0     0     0     0     0     0     0
     0     0     0     0     0     0     0     0     0     0     0     0
     0     0     0     0     0     0     0     0     0     0     0     0
     0     0     0     0     0     0     0     0     0     0     0     0
     0     0     0     0     0     0     0     0     0     0     0     0
     0     0     0     0     0     0     0     0     0     0     0     0
     0     0     0     0     0     0     0     0     0     0     0     0
     0     0     0     0     0     0     0     0     0     0     0     0
     0     0     0     0     0     0     0     0     0     0     0     0
     0     0     0     0     0     0     0     0     0     0     0     0
     0     0     0     0     0     0     0     0     0     0     0     0
     0     0     0     0     0     0     0     0     0     0     0     0
     0     0     0     0     0     0     0     0     0     0     0     0
     0     0     0     0     0     0     0     0     0     0     0     0
     0     0     0     0     0     0     0     0     0     0     0     0
     0     0     0     0     0     0     0     0     0     0     0     0
     0     0     0     0     0     0     0     0     0     0     0     0
     0     0     0     0     0     0     0     0     0     0     0     0
     0     0     0     0     0     0     0     0     0     0     0     0
     0     0     0     0     0     0     0     0     0     0     0     0
     0     0     0     0     0     0     0     0     0     0     0     1
     0     0     0     0     0     0     0     0     0     0     0     0
     0     0     0     0     0     0     0     0     0     0     0     0
     0     0     0     0     0     0     0     0     0     0     0     0
     0     0     0     0     1     0     0     0     0     0     0     0
     0     0     0     0     0     0     0     0     0     0     0     0
     0     0     0     0     0     0     0     0     0     0     0     0
     0     0     0     0     0     0     0     0     0     0     0     0
     0     0     0     0     0     0     0     0     0     0     0     0
     0     0     0     0     0     0     0     0     0     0     0     0
     0     0     0     0     0     0     0     0     0     0     0     0
     0     0     0     0     0     0     0     0     0     0     0     0
     0     0     0     0     0     0     0     0     0     0     0     0
     0     0     0     0     0     0     0     0     0     0     0     0
     0     0     0     0     0     0     0     0     0     0     0     0
     0     0     0     0     0     0     0     0     0     0     0     0
    15
     0     0     0     0     0     0     0     0     0     0     0     0
     0     0     0     0     0     0     0     0     0     0     0     0
     0     0     0     0     0     0     0     0     0     0     0     0
     0     0     0     0     0     0     0     0     0     0     0     0
     0     0     0     0     0     0     0     0     0     0     0     0
     0     0     0     0     0     0     0     0     0     0     0     0
     0     0     0     0     0     0     0     0     0     0     0     0
     0     0     0     0     0     0     0     0     0     0     0     0
     0     0     0     0     0     0     0     0     0     0     0     0
     0     0     0     0     0     0     0     0     0     0     0     0
     0     0     0     0     0     0     0     0     0     0     0     0
     0     0     0     0     0     0     0     0     0     0     0     0
     0     0     0     0     0     0     0     0     0     0     0     0
     0     0     0     0     0     0     0     0     0     0     0     0
     0     0     0     0     0     0     0     0     0     0     0     0
     0     0     0     0     0     0     0     0     0     0     0     0
     0     0     0     0     0     0     0     0     0     0     0     0
     0     0     0     0     0     0     0     0     0     0     0     0
     0     0     0     0     0     0     0     0     0     0     0     0
     0     0     0     0     0     0     0     0     0     0     0     0
     0     0     1     0     0     0     0     0     0     0     0     0
     0     0     0     0     0     0     0     0     0     0     0     0
     0     0     0     0     0     0     0     0     0     0     0     0
     0     0     0     0     0     0     0     0     0     0     0     0
     0     0     0     0     0     0     0     0     0     0     0     0
     0     0     0     0     0     0     0     0     0     0     0     0
     0     0     0     0     0     0     0     0     0     0     0     0
     0     0     0     0     0     0     0     0     0     0     0     0
     0     0     0     0     0     0     0     0     0     0     0     0
     0     0     0     0     0     0     0     0     0     0     0     0
     0     0     0     0     0     0     0     0     0     0     0     0
     0     0     0     0     0     0     0     0     0     0     0     0
     0     0     0     0     0     0     0     0     0     0     0     0
     0     0     0     0     0     0     0     0     0     0     0     0
     0     0     0     0     0     0     0     0     0     0     0     0
     0     0     0     0     0     0     0     0     0     0     0     0
    16
     0     0     0     0     0     0     0     0     0     0     0     0
     0     0     0     0     0     0     0     0     0     0     0     0
     0     0     0     0     0     0     0     0     0     0     0     0
     0     0     0     0     0     0     0     0     0     0     0     0
     0     0     0     0     0     0     0     0     0     0     0     0
     0     0     0     0     0     0     0     0     0     0     0     0
     0     0     0     0     0     0     0     0     0     0     0     0
     0     0     0     0     0     0     0     0     0     0     0     0
     0     0     0     0     0     0     0     0     0     0     0     0
     0     0     0     0     1     0     0     0     0     0     0     0
     0     0     0     0     0     0     0     0     0     0     0     0
     0     1     0     0     0     0     0     0     0     0     0     0
     0     0     0     0     0     0     0     0     0     0     0     0
     0     0     0     0     0     0     0     0     0     0     0     0
     0     0     0     0     0     0     0     0     0     0     0     0
     0     0     0     0     0     0     0     0     0     0     0     0
     0     0     0     0     0     0     0     0     0     0     0     0
     0     0     0     0     0     0     0     0     0     0     0     0
     0     0     0     0     0     0     0     0     0     0     0     0
     0     0     0     0     0     0     0     0     0     0     0     0
     0     0     0     0     0     0     0     0     0     0     0     0
     0     0     0     0     0     0     0     0     0     0     0     0
     0     0     0     0     0     0     0     0     0     0     0     0
     0     0     0     0     0     0     0     0     0     0     0     0
     0     0     0     0     0     0     0     0     0     0     0     0
     0     0     0     0     0     0     0     0     0     0     0     0
     0     0     0     0     0     0     0     0     0     0     0     0
     0     0     0     0     0     0     0     0     0     0     0     0
     0     0     0     0     0     0     0     0     0     0     0     0
     0     0     0     0     0     0     0     0     0     0     0     0
     0     0     0     0     0     0     0     0     0     0     0     0
     0     0     0     0     0     0     0     0     0     0     0     0
     0     0     0     0     0     0     0     0     0     0     0     0
     0     0     0     0     0     0     0     0     0     0     0     0
     0     0     0     0     0     0     0     0     0     0     0     0
     0     0     0     0     0     0     0     0     0     0     0     0
    17
     0     0     0     0     0     0     0     0     0     0     0     0
     0     0     0     0     0     0     0     0     0     0     0     0
     0     0     0     0     0     0     0     0     0     0     0     0
     0     0     0     0     0     0     0     0     0     0     0     0
     0     0     0     0     0     0     0     0     0     0     0     0
     0     0     0     0     0     0     0     0     0     0     0     0
     0     0     0     0     0     0     0     0     0     0     0     0
     0     0     0     0     0     0     0     0     0     0     0     0
     0     0     0     0     0     0     0     0     0     0     0     0
     0     0     0     0     0     0     0     0     0     0     0     0
     0     0     0     0     0     0     0     0     0     0     0     0
     0     0     0     0     0     0     0     0     0     0     0     0
     0     0     0     0     0     0     0     0     0     0     0     0
     0     0     0     0     0     0     0     0     0     0     0     0
     0     0     0     0     0     0     0     0     0     0     0     0
     0     0     0     0     0     0     0     0     0     0     0     0
     0     0     0     0     0     0     0     0     0     0     0     0
     0     0     0     0     0     0     0     0     0     0     0     0
     0     0     0     0     0     0     0     0     0     0     0     0
     0     0     0     0     0     0     0     0     0     0     0     0
     0     0     0     0     0     0     0     0     0     0     0     0
     0     0     0     0     0     0     0     0     0     0     0     0
     0     0     0     0     0     0     0     0     0     0     0     0
     0     0     0     0     0     0     0     0     0     0     0     0
     0     0     0     0     0     0     0     0     0     0     0     0
     0     0     0     0     0     0     0     0     0     0     0     0
     0     0     0     0     0     0     0     0     0     0     0     0
     0     0     0     0     0     0     0     0     0     0     0     0
     0     0     0     0     0     0     0     0     0     0     0     0
     0     0     0     0     0     0     0     0     0     0     0     0
     0     0     0     0     0     0     0     0     0     0     0     0
     0     0     0     0     0     0     0     0     0     0     0     0
     0     0     0     0     0     0     0     0     0     0     0     0
     0     0     0     0     0     0     0     0     0     0     0     0
     0     0     0     0     0     0     0     0     0     0     0     0
     0     0     0     0     0     0     0     0     0     0     0     0
    18
     0     0     0     0     0     0     0     0     0     0     0     0
     0     0     0     0     0     0     0     0     0     0     0     0
     0     0     0     0     0     0     0     0     0     0     0     0
     0     0     0     0     0     0     0     0     0     0     0     0
     0     0     0     0     0     0     0     0     0     0     0     0
     0     0     0     0     0     0     0     0     0     0     0     0
     0     0     0     0     0     0     0     0     0     0     0     0
     0     0     0     0     0     0     0     0     0     0     0     0
     0     0     0     0     0     0     0     0     0     0     0     0
     0     0     0     0     0     0     0     0     0     0     0     0
     0     0     0     0     0     0     0     0     0     0     0     0
     0     0     0     0     0     0     0     0     0     0     0     0
     0     0     0     0     0     0     0     0     0     0     0     0
     0     0     0     0     0     0     0     0     0     0     0     0
     0     0     0     0     0     0     0     0     0     0     0     0
     0     0     0     0     0     0     0     0     0     0     0     0
     0     0     0     0     0     0     0     0     0     0     0     0
     0     0     0     0     0     0     0     0     0     0     0     0
     0     0     0     0     0     0     0     0     0     0     0     0
     0     0     0     0     0     0     0     0     0     0     0     0
     0     0     0     0     0     0     0     0     0     0     0     0
     0     0     0     0     0     0     0     0     0     0     0     0
     0     0     0     0     0     0     0     0     0     0     0     0
     0     0     0     0     0     0     0     0     0     0     0     0
     0     0     0     0     0     0     0     0     0     0     0     0
     0     0     0     0     0     0     0     0     0     0     0     0
     0     0     0     0     0     0     0     0     0     0     0     0
     0     0     0     0     0     0     0     0     0     0     0     0
     0     0     0     0     0     0     0     0     0     0     0     0
     0     0     0     0     0     0     0     0     0     0     0     0
     0     0     0     0     0     0     0     0     0     0     0     0
     0     0     0     0     0     0     0     0     0     0     0     0
     0     0     0     0     0     0     0     0     0     0     0     0
     0     0     0     0     0     0     0     0     0     0     0     0
     0     0     0     0     0     0     0     0     0     0     0     0
     0     0     0     0     0     0     0     0     0     0     0     0
    19
     0     0     0     0     0     0     0     0     0     0     0     0
     0     0     0     0     0     0     0     0     0     0     0     0
     0     0     0     0     0     0     0     0     0     0     0     0
     0     0     0     0     0     0     0     0     0     0     0     0
     0     0     0     0     0     0     0     0     0     0     0     0
     0     0     0     0     0     0     0     0     0     0     0     0
     0     0     0     0     0     0     0     0     0     0     0     0
     0     0     0     0     0     0     0     0     0     0     0     0
     0     0     0     0     0     0     0     0     0     0     0     0
     0     0     0     0     0     0     0     0     0     0     0     0
     0     0     0     0     0     0     0     0     0     0     0     0
     0     0     0     0     0     0     0     0     0     0     0     0
     0     0     0     0     0     0     0     0     0     0     0     0
     0     0     0     0     0     0     0     0     0     0     0     0
     0     0     0     0     0     0     0     0     0     0     0     0
     0     0     0     0     0     0     0     0     0     0     0     0
     0     0     0     0     0     0     0     0     0     0     0     0
     0     0     0     0     0     0     0     0     0     0     0     0
     0     0     0     0     0     0     0     0     0     0     0     0
     0     0     0     0     0     0     0     0     0     0     0     0
     0     0     0     0     0     0     0     0     0     0     0     0
     0     0     0     0     0     0     0     0     0     0     0     0
     0     0     0     0     0     0     0     0     0     0     0     0
     0     0     0     0     0     0     0     0     0     0     0     0
     0     0     0     0     0     0     0     0     0     0     0     0
     0     0     0     0     0     0     0     0     0     0     0     0
     0     0     0     0     0     0     0     0     0     0     0     0
     0     0     0     0     0     0     0     0     0     0     0     0
     0     0     0     0     0     0     0     0     0     0     0     0
     0     0     0     0     0     0     0     0     0     0     0     0
     0     0     1     0     0     0     0     0     0     0     0     0
     0     0     0     0     0     0     0     0     0     0     0     0
     0     0     0     0     0     0     0     0     0     0     0     0
     0     0     0     0     0     0     0     0     0     0     0     0
     0     0     0     0     0     0     0     0     0     0     0     0
     0     0     0     0     0     0     0     0     0     0     0     0
