22
Philadelphia, PA 13739
     0
      -3.300      -1.800       3.200       8.800      14.300      20.000
      23.200      22.700      18.200      12.100       6.000        .000
        .600       1.700       6.600      12.100      18.200      23.200
      26.100      26.100      21.700      15.600       9.300       3.200
       4.400       5.500      11.100      16.700      22.700      26.700
      28.800      28.200      25.000      19.300      13.300       7.100
      47.000      44.000      40.000      37.000      44.000      48.000
      51.000      50.000      50.000      47.000      47.000      48.000
      58.000      55.000      53.000      51.000      59.000      61.000
      63.000      62.000      63.000      61.000      60.000      59.000
      76.000      75.000      73.000      73.000      78.000      78.000
      79.000      76.000      79.000      78.000      78.000      78.000
       2.700       2.700       2.700       2.700       2.400       2.400
       2.400       2.400       2.400       2.400       2.700       2.400
       3.500       4.000       4.000       4.000       3.500       3.100
       2.700       2.700       3.100       3.100       3.500       3.500
       5.200       5.200       5.500       5.200       4.800       4.000
       4.000       4.000       4.000       4.400       5.200       5.200
     280.000     280.000     290.000     280.000     260.000     240.000
     240.000     240.000     260.000     280.000     280.000     280.000
     1
        .540       2.002       7.404      12.941      18.659      23.435
      26.039      25.663      21.682      15.645       9.720       3.520
      61.746      59.150      56.419      55.097      60.544      62.612
      64.099      63.467      64.713      62.470      62.333      62.834
     2
     8     4     8    14    16    16    24    22    24    20     9    11
    11     6    12    14    17    22    33    29    24    22    12     6
    10     6    10     7     5     8     7     8    16     9     7     6
     9     5     8    13    12    14    17     9    17    13    19     7
    10    13    12    16    11    14    11    25    23    27    10    11
     8    16    10     5     8    12    17    14    13    21    11    17
    24    25    11    18    17    27    21    14    24    22    23    19
    24    14    23    15    12    14    27    13    20    26    17    16
    24    21    19    24    25    25    39    27    27    23    36    26
    22    18    20    12    30    25    35    28    29    35    19    21
    28    31    35    33    65    52    59    47    50    32    29    28
    24    29    29    44    41    55    53    34    47    47    20    33
    15    20    10    24    40    50    65    29    47    38    25    26
    28    34    42    35    48    64    77    67    73    56    29    33
    17    20    12    30    31    44    73    30    37    28    11    17
    27    25    38    43    64    66    98    72    52    53    29    35
    22    24    28    27    46    51    55    54    43    37    22    27
    40    36    32    37    56    80    91    72    64    75    27    29
    15    16    17    21    20    23    38    42    23    31     9    18
    32    22    17    23    44    61    68    58    46    38    16    21
    19    16    15    17    26    43    42    46    26    27    22    20
    37    23    26    23    55    47    63    59    45    45    36    18
    58    51    41    33    60    91    96   100    83    59    38    33
    52    32    32    45    67    86    67    59    72    50    39    37
    41    45    28    42    69    92    92    75    82    80    47    46
    36    33    32    28    43    45    58    62    49    38    44    30
    36    39    31    23    54    61    85    78    59    43    49    37
    33    15    21    25    25    37    62    55    41    39    22    12
    33    21    20    25    40    52    62    66    60    37    26    30
    29    18    14    26    25    34    51    38    37    29    15    22
    14    14    10    23    33    24    22    41    43    30     7    25
    37    21    19    29    43    38    39    75    46    33    26    28
    17     9     8    21    22    40    36    42    44    25    11    24
    23    22    13    15    38    41    51    65    38    35    20    17
    16    12     8    24    29    33    46    36    42    28    20    18
    16    21    26    29    34    41    66    51    46    36    26    24
     3
    30    24    40    38    67    51    78   100    60    62    42    33
    46    36    40    37    55    65    79    82    78    68    47    28
    22    19    19    29    29    30    37    37    43    31    27    19
    15    20    23    23    32    25    46    28    54    51    23    21
    35    43    36    34    45    40    43    64    69    71    58    42
    48    53    60    48    69    64    39    52    78    87    61    74
    62    73    72    68   125    81    90   103   101   111    95    98
    51    69    66    68    85    76    74    65    75    93    70    76
    56    71    73    61   127   123   115    93   110    72    59    68
    43    48    50    61   117   122   109    67    83    72    53    32
    51    57    60    90   150   133   146   130   125   100    61    43
    30    32    56    74   118   119   122    83   105    61    50    43
    25    25    49    56    92   101   105    86   106    52    41    18
    27    43    54    62   130   152   155   127    94    47    48    39
    21    23    30    29    81    80   127    89    62    35    32    26
    36    48    71    84   107   160   196   152   123    86    52    61
    36    27    51    52    86   107   176   126    84    62    42    50
    42    49    72    88   127   151   197   153   116   109    61    60
    32    25    32    39    65    75    89    92    61    48    34    42
    56    44    37    65   100   127   196   163   104    83    63    46
    49    41    49    45    86   122   170   130   102    66    35    43
   111   104    85   113   183   289   310   313   216   121   106    90
   166   151   128   174   310   434   492   437   352   234   196   157
   166   106   139   160   245   347   351   339   281   200   146   153
   124   123   102   132   212   303   308   259   256   176   115   103
    88    80    71    89   141   157   169   172   115   122    91    70
   104    73    82   105   154   196   205   199   141   119   100    80
    72    43    60    69    99    90   126   163   104    89    74    76
    97    75    79    80   106   136   190   187   124   106    95   105
    76    61    67    58    89   111   131   146   106    85    45    71
    59    53    51    71    88   111   128   141    94    69    48    63
    99    77    65    86   120   131   185   163   144   111    83    86
    62    43    43    51    92    75   104    92    77    59    41    52
   107    75    90    88   121   138   200   158   146   111    65    67
    55    46    70    70    79    94   182   107   120    75    57    79
    98    99    79    85   123   126   203   171   156   141    96    83
     4
    47    38    31    48    51    30    47    57    60    47    33    35
    35    38    39    38    63    50    47    56    72    51    36    33
    18    21    19    28    24    20    27    34    31    33    23    23
    13    14    19    22    28    25    23    29    36    21    23    16
    48    40    33    37    57    43    33    36    45    48    40    31
    48    58    59    64    62    45    49    54    56    89    72    45
    52    91    77    82   114    67    91    97    94    68    78    83
    41    49    52    66    82    76    47    62    66    58    41    37
    23    45    42    71    93    84    59    64    76    58    38    38
    15    15    37    37    75    53    53    38    54    32    19    17
    15    12    41    51    78    47    63    38    59    40    23    25
    12     8    17    44    55    39    32    27    44    27    20     7
    12     5    21    27    39    57    28    25    40    19    17     7
     5    20    37    52    57    53    48    27    44    33    16    10
     6     5    17    19    35    41    35    30    34    10    14     7
    15    22    30    41    64    87    66    60    36    31    24    18
    13    14    33    35    67    71    89    50    40    28    21    25
    21    32    45    66    87    90   112   109    55    50    32    37
    12     9    19    26    45    58    62    56    28    26    16    14
    35    18    43    54    72   109    99   100    45    42    44    43
    31    27    38    46    55    88   113    96    64    29    37    31
    80    81    88    89   138   233   263   204   148    91    74    73
   139   133   117   145   231   367   325   283   186   158   130   111
    95    80    84   107   164   316   266   209   140   125   116    77
    67    59    84    96   145   228   170   129   111   117    73    58
    49    41    48    69    78    91    88    76    39    58    61    40
    46    41    46    57    78    95   101    99    42    67    48    56
    38    43    42    44    60    57    91    86    62    63    63    52
    71    64    65    81    65    86   126   100    72    75    71    87
    64    45    47    59    50    69    89   107    58    74    55    66
    51    57    53    66    80    65    81    89    74    49    47    61
    88    65    76    87    78    94   114    79   103    68    54    68
    43    42    50    40    66    56    70    58    58    41    35    33
    75    56    92    78    77    85   114    93    90    76    58    59
    56    54    69    43    72    75    99    74    84    41    46    38
    57    77    80    77    82    73    88   124    98    73    51    65
     5
    30    59    62    71    64    53    34    49    82    52    42    47
    42    81    85    54    82    45    37    67    85    70    44    37
    11    44    42    30    36    21    27    42    42    32    33    21
    14    33    33    25    48    22    19    27    62    33    30    35
    54    57    66    62    71    52    49    60    89    90    65    74
    88    97    87    84   126    55    57    89   103   102    86    64
    61   121   127   112   170    95    88   100   141   102    87    83
    35    58    66    87   119    50    54    50    65    65    37    32
    17    43    82    80    97    63    46    59    64    60    34    34
    12    14    42    53    64    31    27    40    53    22    20    10
     7    17    63    46    65    48    26    25    50    20    19    11
     4     9    27    32    36    27    23    14    30    12    12     9
     9     7    37    27    23    23    25    11    32    18    16     6
     6    20    34    33    32    44    44    12    33    17    18     4
     4     4    18    21    39    36    27    24    14    20     8     3
    15    15    34    37    75    51    46    41    20    29    16    12
    19    17    39    37    84    72    78    50    33    33    20    13
    21    35    70    87   108   106   116   102    59    43    44    34
    16    28    43    48    87    63    53    48    35    43    34    23
    26    38    73    91   100   100    89   117    58    54    39    38
    31    25    56    53    93    84    89    88    51    43    41    33
    82    85   117   140   176   230   182   189   114    95    94   103
    98   139   164   176   248   288   286   190   141   144   148   140
    71    66   113   139   163   249   189   143   116   103    89    82
    82    68    72   125   186   204   133    96    49   104    68    58
    52    43    42    71    66    69    54    55    38    52    44    48
    82    78    76    93    96   103    65    77    50    64    67    87
    98    84    88    83    81    78    92    84    65    93    93    91
   163   137   144   137   131   119   126   128    88   118   128   154
   145   127   140   115    94   104    99    69    85   134    97   133
   104   146   130   120   109   128   100    86    93   124   102   111
   107   137   143   169   144   130   115    83   106   121   114   118
    90    74   110   109    77    78    58    56    56    73    67    79
   106   117   180   184   114    99   105   115   102    83   142   106
    68    77    94   105    73    65    59    53    84    52    58    58
    96   116   132   125   123   101    97    96   130   103    73    88
     6
    20    27    24    42    14    22    18     7    18    20    19    11
    17    53    48    31    37    25    13    14    40    24    26    16
    16    16    46    13    12     9     2    12    16    20    13    14
     6    15    17    13    10    17     4    14    19    22    11    15
    28    43    52    38    40    15    12    21    59    73    50    38
    39    51    77    66    56    46    18    31    46    58    40    41
    20    57   104    79   107    40    13    27    89    39    58    39
    17    22    46    63    50    32    11    14    29    27    17    12
     6    15    65    60    42    25    11     8    24    19     9     8
     1     4    13    29    13    10     6     6    12    11     7     3
     4     2    26    25    10    11     4     1    18    10     3     1
     3     5     9    11    20     3     2     0    11     2     7     3
     3     6     5    16    16    10     0     2     4     3     7     2
     2     4    14     7     9    13     5     2    10     1     1     4
     1     5    12    13    14     7    11     2     2     4     2     1
     9    11    22    22    36    25     8     3     8    15    10     4
    12     9    34    27    39    29     9    10    10    19    11    11
    18    21    44    54    57    45    23    18    25    18    27    19
    10    10    25    35    29    20    14    11    22     9    20     9
    13    11    27    69    56    19    32    14    28    16    36    12
    18    23    38    35    46    26    44    24    21    28    23    21
    19    35    73    84    93    53    66    37    42    44    42    36
    58    43    70   115   133    70    64    54    50    60    57    48
    25    43    43    58    64    59    37    33    21    43    37    26
    35    25    43    60    79    41    28    21    18    44    40    31
    54    29    22    46    33    18     7    14    17    31    39    27
    82    50    58    65    62    28    18    17    25    33    72    66
    88    97    93    77    68    47    24    22    33    51    87    87
   184   142   179   160   101    74    55    44    46   112   145   139
   154   141   138   140    84    63    38    41    33   102   127   145
   139   138   176   152    97    57    40    34    42    77   103   123
   138   118   153   198   105    63    49    33    40   110   112   129
    55    62   112    85    47    36    19    20    22    37    61    70
   103    90   142   144    76    59    30    37    46    70   100    89
    30    37    77    93    26    47    18    16    30    31    45    33
    42    65    73    75    62    37    23    14    41    47    40    34
     7
     4    11    12     9     3     3     0     2     1     2     3     2
     9    12    19     8     6     2     2     4     5     8    14     3
     4     4    14     6     2     0     0     2     2     1     4     3
     8     2     8     9     5     0     0     4     3     6     4     4
     9    10    15    23    15     5     1     3    10    11    10    10
    17    16    27    19    19     8     2     3    19    11     2    12
     9    12    34    17    21     9     0     5    17    13    14    10
     1     7    17    17    15     2     0     1     6     5     8     6
     1     2     7    13    11     4     0     2     2     4     1     0
     0     1     2     4     4     1     0     1     1     1     0     2
     0     0     4     5     3     3     0     0     0     5     2     0
     0     0     1     2     1     0     0     0     0     0     1     0
     0     1     5     1     2     2     0     0     0     1     1     0
     2     4     2     1     3     0     1     0     1     0     0     0
     0     0     3     6     5     2     0     0     0     2     1     0
     2     4     8     9     8     5     2     0     2     4     2     0
     3     6    12    13    12     3     0     0     2     3     6     5
     3     7    11     4     8     4     3     4    10     5     7     4
     3     3     7     9     8     2     1     0     4     4     4     3
     4     3     5    11     9     3     2     1     6     6     4     1
     4     7     8    11    10     3     2     4     5     9     8     7
    13    12    20    32    29    13     4     7     8    11    15     9
     9     5    23    30    39    11     8     8     9     7     9     7
     7     4     7     4    10     6     3     1     1     9     9     5
    11    14     9    17    13     4     4     0     2     2     3     4
    15    19    13    14     6     1     0     2     1     3    13     8
    21    32    33    16    12     5     2     2     7     9    18    20
    56    42    51    36    35     6     3     2    10    17    28    27
    95    76    93    81    35    14     9     2    15    33    85    58
    78    61    87    76    26     9     8     6     7    38    52    62
    63    67    89    72    33    14     3     5     9    30    54    54
    53    64    76    88    23    12     7     9    10    33    48    57
    26    25    37    33    11     9     5     2     2    13    17    28
    31    38    66    45    27     6     4     6    12    20    34    30
    13    19    21    20     5     6     2     2     3     7     9    10
     4    19    20    21    10    10     4     0     5    10    10    13
     8
     1     7     8     4     2     1     0     1     0     0     1     1
     3     6     6     2     6     1     1     1     2     2     5     6
     2     3     5     1     3     0     0     0     0     1     1     2
     3     2     6     4     2     0     0     0     0     4     0     2
     5    14    10    11     7     1     0     3     5     4     4     5
     8    11    22    24    15     2     1     3     3     5     2     4
    14    10    33    22    14     2     1     2    12     3     4     5
     3     3    16    16     8     0     0     1     2     2    10     1
     3     3     5     9     8     1     0     0     0     1     0     2
     0     3     2     0     1     1     0     0     0     0     0     3
     3     1     0     1     1     0     1     0     0     1     0     0
     0     0     2     0     0     1     0     0     0     0     1     0
     1     1     0     0     0     1     0     0     0     0     0     0
     1     1     3     0     1     0     0     0     0     1     0     0
     0     0     3     1     0     0     0     0     1     0     1     1
     0     4    13     9     5     1     1     0     3     1     1     3
     3     5    15     5     0     0     0     0     0     3     1     0
     2     6    12     2     0     2     0     1     1     0     2     0
     0     7     8     6     2     1     0     0     1     0     5     4
     0     5     5     9     5     1     0     1     0     1     1     3
     0     0    13     7     2     1     0     0     1     2     3     1
     5     7    14    20    14     0     2     3     2     4     5     2
    13     4     9    21     5     4     1     1     4     0     5     2
     1     4    10     2     2     1     2     0     2     0     3     1
     4     6     4     4     2     0     0     0     2     1     5    10
    13     7     7     7     3     0     1     0     4     0     2     5
    28    20    20    18     9     2     0     0     1     8    10    20
    46    55    45    34    19     3     1     0     3     6    33    24
    90    69    97    70    35    14     0     1     9    18    52    64
    57    66    65    50    12     9     1     0     5    21    41    52
    54    60    73    56    10     7     0     1     3    18    28    47
    46    64    64    66     9    12     4     3     8    12    25    41
    19    28    21     9     7     9     1     0     1     5    15    14
    13    27    31    37     9     5     2     5     3    12    20    22
     4    10    15    10     5     2     0     0     4     2     2     2
     1    18    11     5     5     3     1     1     1     4     5     3
     9
     0     1     1     0     0     0     0     0     0     0     0     0
     0     0     2     0     0     0     0     0     0     0     1     1
     0     3     0     0     0     0     0     0     0     0     1     0
     2     0     0     0     0     0     0     0     0     0     0     0
     0     4     4     0     0     0     0     0     1     0     1     1
     4     2     4     2     2     0     0     0     0     0     2     1
     4     0     9     2     1     1     0     0     0     1     1     1
     0     0     1     0     1     0     0     0     0     0     2     0
     1     1     0     2     3     0     0     0     0     0     0     0
     0     0     0     0     0     0     0     0     0     0     0     0
     0     0     0     0     0     0     0     0     0     0     0     0
     1     0     0     0     0     0     0     0     0     0     0     0
     0     0     0     0     0     0     0     1     0     0     0     0
     0     0     0     0     0     0     0     0     0     0     0     0
     0     0     0     0     0     0     0     0     0     0     0     0
     0     0     1     0     0     0     0     0     0     1     1     0
     0     1     2     0     1     0     0     0     1     3     2     0
     0     2     0     2     0     0     0     1     0     2     0     0
     0     0     1     1     0     0     0     0     0     0     0     0
     0     0     3     0     0     1     0     0     0     1     1     0
     0     0     4     2     0     0     0     0     0     0     1     0
     0     1     1     5     1     0     0     0     0     0     0     0
     2     0     2     7     1     0     0     0     0     0     0     1
     0     1     2     0     1     1     0     0     0     0     0     0
     2     0     1     2     0     0     0     0     0     0     0     3
     3     4     4     1     0     0     0     0     0     0     1     0
     6     6    10     2     0     0     0     1     0     1     7     3
     8    10     6    10     3     0     0     0     0     3     8     8
    21    16    31    17     5     1     0     0     1     4     7    20
    16    16    15    12     5     0     0     0     0     3     8    18
    16    10    13     9     3     3     0     1     0     2     5    11
     6     9    11    14     3     0     0     0     1     3     9     8
     4     3     5     2     1     0     0     0     0     0     4     4
     3    10     4     9     2     0     0     0     1     1     2     5
     0     1     1     0     0     1     0     0     0     0     1     3
     0     5     1     3     0     0     0     1     0     1     1     0
    10
     1     1     0     0     0     0     0     0     0     0     0     0
     0     1     1     1     0     0     0     0     0     0     1     0
     0     0     2     0     0     0     0     0     0     1     0     0
     1     0     0     0     0     0     0     0     0     0     0     0
     0     2     0     2     0     0     0     0     0     0     0     0
     0     0     3     2     1     0     0     0     0     0     0     0
     0     0     2     2     0     0     0     0     0     1     0     0
     0     1     0     1     1     0     0     0     0     0     0     0
     0     0     0     0     0     0     0     0     0     0     0     0
     0     0     0     0     0     0     0     0     0     0     0     0
     3     1     0     0     0     0     0     0     0     0     0     0
     1     0     0     0     0     0     0     0     0     0     0     0
     0     0     0     0     0     0     0     0     0     0     0     0
     0     0     0     0     0     0     0     0     0     0     0     0
     0     0     0     0     0     0     0     0     0     0     0     0
     0     0     0     0     0     0     0     0     0     0     0     0
     0     4     2     1     0     0     0     0     0     1     2     0
     0     0     0     1     0     0     0     1     0     0     1     0
     0     0     0     1     0     0     0     0     0     0     0     0
     0     0     3     0     0     0     0     0     0     0     0     0
     0     0     3     0     0     0     0     0     0     0     0     0
     1     1     3     2     0     1     0     0     0     0     0     0
     1     0     0     2     0     1     0     0     0     0     0     2
     2     0     1     1     0     0     0     0     0     0     0     0
     2     0     1     0     0     0     0     0     0     0     0     1
     3     1     0     0     0     0     0     0     0     0     0     2
     7     2     5     2     0     0     0     0     0     0     3     3
     5     8     5    10     1     0     0     0     0     0     4     3
    10    16    12     6     1     0     0     0     0     0     1    10
     8    12     8     4     1     0     0     0     0     0     4    12
     5     5    11     6     1     0     0     0     0     0     3     6
     5     7    10     7     0     0     0     0     0     1     2     0
     1     0     6     0     1     0     0     0     0     0     3     1
     1     2     7     2     1     0     0     0     0     3     0     3
     0     1     0     0     0     0     0     0     1     0     1     0
     0     1     0     0     0     0     0     0     0     0     0     1
    11
     0     0     0     0     0     0     0     0     0     0     0     0
     1     0     0     1     0     1     0     0     0     0     1     0
     1     0     0     0     0     0     0     0     0     0     1     0
     1     0     0     2     0     0     0     0     0     1     0     0
     0     1     2     7     0     0     0     0     0     0     0     0
     0     0     0     3     0     0     0     0     0     0     1     1
     2     0     1     0     1     0     0     0     0     0     0     1
     0     0     0     1     0     0     0     0     0     0     0     2
     0     0     0     0     0     0     0     0     0     0     0     0
     0     0     0     0     0     0     0     0     0     0     0     0
     1     0     0     0     0     0     0     0     0     0     0     0
     0     0     0     0     0     0     0     0     0     0     0     0
     0     0     0     0     0     0     0     0     0     0     0     0
     0     0     0     0     0     0     0     0     0     0     0     0
     0     0     0     0     0     0     0     0     0     0     0     0
     0     1     0     0     0     0     0     0     0     0     1     1
     0     0     0     0     0     0     0     0     0     0     1     0
     0     0     0     1     0     0     0     0     0     0     0     0
     0     0     0     0     0     0     0     0     0     0     0     0
     0     0     0     0     0     0     0     0     0     0     0     0
     1     0     0     0     0     0     0     0     0     1     0     0
     0     0     0     0     0     0     0     0     0     0     0     0
     2     0     0     0     0     0     0     0     0     0     0     1
     0     0     0     0     0     0     0     0     0     0     0     0
     2     0     0     1     0     0     0     0     0     0     0     1
     3     0     5     0     0     0     0     0     0     0     0     2
     2     2     2     1     0     0     0     0     0     0     1     2
     5     4     7     1     0     0     0     1     0     0     1     1
    11    10     8     6     0     0     0     0     0     0     3     6
     4     5    13     5     0     0     0     0     0     1     4     8
     0     7     5     2     2     2     0     0     1     0     1     4
     2     6     4     6     0     0     0     0     0     0     5     1
     1     3     4     0     0     0     0     0     0     0     1     2
     0     1     0     0     0     0     0     0     1     0     0     1
     1     0     0     0     0     0     0     0     0     0     1     1
     0     0     0     0     0     0     0     0     0     0     0     0
    12
     0     0     0     0     0     0     0     0     0     0     0     0
     1     0     0     0     0     0     0     0     0     0     0     0
     0     0     0     0     0     0     0     0     0     0     0     0
     0     0     0     1     0     0     0     0     0     0     0     0
     0     0     0     1     0     0     0     0     0     0     0     0
     1     0     2     0     0     0     0     0     0     0     0     0
     0     0     4     0     0     0     0     0     0     0     1     0
     0     0     0     0     0     0     0     0     0     0     0     0
     0     0     0     0     0     0     0     0     0     0     0     0
     0     0     0     0     0     0     0     0     0     0     0     0
     0     0     0     0     0     0     0     0     0     0     0     0
     0     0     0     0     0     0     0     0     0     0     0     0
     0     0     0     0     0     0     0     0     0     0     0     0
     0     0     0     0     0     0     0     0     0     0     0     0
     0     0     0     0     0     0     0     0     0     0     0     0
     0     0     0     0     0     0     0     0     0     0     0     0
     0     0     0     0     0     0     0     0     0     0     1     0
     0     1     1     0     0     0     0     0     0     0     0     0
     0     0     1     0     0     0     0     0     0     0     0     0
     0     0     0     0     1     0     0     0     0     0     1     1
     0     0     1     0     0     0     0     0     0     0     0     0
     1     0     0     0     0     0     0     0     0     0     0     0
     0     0     0     0     0     0     0     0     0     0     0     0
     0     0     0     0     0     0     0     0     0     0     0     0
     0     0     1     0     0     0     0     0     0     0     0     0
     3     0     0     0     0     0     0     0     0     0     0     0
     3     1     1     1     0     0     0     0     0     0     1     0
     3     1     2     3     0     0     0     0     0     0     1     1
     3     5     3     7     0     0     1     1     0     0     0     5
     0     3     2     0     1     0     0     0     1     0     3     0
     0     1     0     1     0     0     0     0     1     1     1     1
     0     1     1     3     0     0     0     0     0     0     1     1
     0     1     0     0     0     0     0     0     0     0     0     0
     0     0     0     0     0     0     0     0     0     0     0     1
     0     0     0     0     0     0     0     0     0     0     0     1
     0     0     0     0     0     0     0     0     0     0     0     0
    13
     0     0     0     0     0     0     0     0     0     0     0     0
     1     0     0     0     0     0     0     0     0     0     0     0
     0     0     0     0     0     0     0     0     0     0     0     0
     0     1     0     0     0     0     0     0     0     0     0     0
     0     0     1     0     0     0     0     0     0     0     0     0
     0     0     0     0     0     0     0     0     0     0     0     0
     1     0     0     0     0     0     0     0     0     0     0     0
     0     0     0     0     0     0     0     0     0     0     0     0
     0     0     0     0     0     0     0     0     0     0     0     0
     0     0     0     0     0     0     0     0     0     0     0     0
     0     0     0     0     0     0     0     0     0     0     0     0
     0     0     0     0     0     0     0     0     0     0     0     0
     0     0     0     0     0     0     0     0     0     0     0     0
     0     0     0     0     0     0     0     0     0     0     0     0
     0     0     0     0     0     0     0     0     0     0     0     0
     0     0     0     0     0     0     0     0     0     0     0     0
     0     0     0     0     0     0     0     0     0     0     0     0
     0     0     0     0     0     0     0     0     0     0     0     0
     0     0     0     0     0     0     0     0     0     0     0     0
     0     0     0     0     0     0     0     0     0     0     0     0
     0     0     0     0     0     0     0     0     0     0     0     0
     0     1     0     0     0     0     0     0     0     0     0     0
     0     0     0     0     0     0     0     0     0     0     0     0
     0     0     0     0     0     0     0     0     0     0     0     0
     0     0     0     0     0     0     0     0     0     0     0     0
     2     1     1     2     0     0     0     0     0     0     0     0
     0     0     0     0     0     0     0     0     0     0     0     0
     0     0     0     0     0     0     0     0     0     0     1     1
     0     1     1     1     0     0     0     0     0     0     0     1
     0     1     0     1     0     0     0     0     0     0     0     0
     0     0     0     0     0     0     0     0     0     0     0     1
     0     0     0     0     0     0     0     0     0     0     0     0
     0     0     0     0     0     0     0     0     0     0     0     0
     0     0     0     1     0     0     0     0     0     0     0     0
     0     0     0     0     0     0     0     0     0     0     0     0
     0     0     0     0     0     0     0     0     0     0     0     0
    14
     0     0     0     0     0     0     0     0     0     0     0     0
     1     0     0     0     0     0     0     0     0     0     0     0
     0     0     0     0     0     0     0     0     0     0     0     0
     0     0     0     0     0     0     0     0     0     0     0     0
     0     0     0     0     0     0     0     0     0     0     0     0
     0     0     1     0     0     0     0     0     0     0     0     0
     0     0     0     0     0     0     0     0     0     0     0     0
     0     0     0     0     0     0     0     0     0     0     0     0
     0     0     0     0     0     0     0     0     0     0     0     0
     0     0     0     0     0     0     0     0     0     0     0     0
     0     0     0     0     0     0     0     0     0     0     0     0
     0     0     0     0     0     0     0     0     0     0     0     0
     0     0     0     0     0     0     0     0     0     0     0     0
     0     0     0     0     0     0     0     0     0     0     0     0
     0     0     0     0     0     0     0     0     0     0     0     0
     0     0     0     0     0     0     0     0     0     0     0     0
     0     0     0     0     0     0     0     0     0     0     0     0
     0     0     0     0     0     0     0     0     0     0     0     0
     0     0     0     0     0     0     0     0     0     0     0     0
     0     0     0     0     0     0     0     0     0     0     0     0
     0     0     0     0     0     0     0     0     0     0     0     0
     0     0     0     0     0     0     0     0     0     0     0     0
     0     0     0     0     0     0     0     0     0     0     0     0
     0     0     0     0     0     0     0     0     0     0     0     0
     0     0     1     0     0     0     0     0     0     0     0     0
     0     0     1     0     0     0     0     0     0     0     0     0
     0     0     1     0     0     0     0     0     0     0     0     0
     0     0     0     0     0     0     0     0     0     0     0     1
     0     0     0     2     0     0     0     0     0     0     0     0
     0     0     0     0     0     0     0     0     0     0     0     0
     0     0     0     0     0     0     0     0     0     0     0     0
     0     0     0     1     0     0     0     0     0     0     0     0
     0     0     0     0     0     0     0     0     0     0     0     0
     0     0     0     0     0     0     0     0     0     0     0     0
     0     0     0     0     0     0     0     0     0     0     0     0
     0     0     0     0     0     0     0     0     0     0     0     0
    15
     0     0     0     0     0     0     0     0     0     0     0     0
     0     0     0     0     0     0     0     0     0     0     0     0
     0     0     0     0     0     0     0     0     0     0     0     0
     0     0     0     0     0     0     0     0     0     0     0     0
     0     0     0     0     0     0     0     0     0     0     0     0
     0     0     0     0     0     0     0     0     0     0     0     0
     0     0     0     0     0     0     0     0     0     0     0     0
     0     0     0     0     0     0     0     0     0     0     0     0
     0     0     0     0     0     0     0     0     0     0     0     0
     0     0     0     0     0     0     0     0     0     0     0     0
     0     0     0     0     0     0     0     0     0     0     0     0
     0     0     0     0     0     0     0     0     0     0     0     0
     0     0     0     0     0     0     0     0     0     0     0     0
     0     0     0     0     0     0     0     0     0     0     0     0
     0     0     0     0     0     0     0     0     0     0     0     0
     0     0     0     0     0     0     0     0     0     0     0     0
     0     0     0     0     0     0     0     0     0     0     0     0
     0     0     0     0     0     0     0     0     0     0     0     0
     0     0     0     0     0     0     0     0     0     0     0     0
     0     0     0     0     0     0     0     0     0     0     0     0
     0     0     0     0     0     0     0     0     0     0     0     0
     0     0     0     0     0     0     0     0     0     0     0     0
     0     0     0     0     0     0     0     0     0     0     0     0
     0     0     0     0     0     0     0     0     0     0     0     0
     0     0     0     0     0     0     0     0     0     0     0     0
     0     0     0     0     0     0     0     0     0     0     0     0
     0     0     0     0     0     0     0     0     0     0     0     0
     0     0     0     0     0     0     0     0     0     0     0     0
     0     0     0     0     0     0     0     0     0     0     0     0
     0     0     0     0     0     0     0     0     0     0     0     0
     0     0     0     0     0     0     0     0     0     0     0     0
     0     0     0     0     0     0     0     0     0     0     0     0
     0     0     0     0     0     0     0     0     0     0     0     0
     0     0     0     0     0     0     0     0     0     0     0     0
     0     0     0     0     0     0     0     0     0     0     0     0
     0     0     0     0     0     0     0     0     0     0     0     0
    16
     0     0     0     0     0     0     0     0     0     0     0     0
     0     0     0     0     0     0     0     0     0     0     0     0
     0     0     0     0     0     0     0     0     0     0     0     0
     0     0     0     0     0     0     0     0     0     0     0     0
     0     0     0     0     0     0     0     0     0     0     0     0
     0     0     0     0     0     0     0     0     0     0     0     0
     0     0     1     0     0     0     0     0     0     0     0     0
     0     0     0     0     0     0     0     0     0     0     0     0
     0     0     0     0     0     0     0     0     0     0     0     0
     0     0     0     0     0     0     0     0     0     0     0     0
     0     0     0     0     0     0     0     0     0     0     0     0
     0     0     0     0     0     0     0     0     0     0     0     0
     0     0     0     0     0     0     0     0     0     0     0     0
     0     0     0     0     0     0     0     0     0     0     0     0
     0     0     0     0     0     0     0     0     0     0     0     0
     0     0     0     0     0     0     0     0     0     0     0     0
     0     0     0     0     0     0     0     0     0     0     0     0
     0     0     0     0     0     0     0     0     0     0     0     0
     0     0     0     0     0     0     0     0     0     0     0     0
     0     0     0     0     0     0     0     0     0     0     0     0
     0     0     0     0     0     0     0     0     0     0     0     0
     0     0     0     0     0     0     0     0     0     0     0     0
     0     0     0     0     0     0     0     0     0     0     0     0
     0     0     0     0     0     0     0     0     0     0     0     0
     0     0     0     0     0     0     0     0     0     0     0     0
     0     0     0     0     0     0     0     0     0     0     0     0
     0     0     0     0     0     0     0     0     0     0     0     0
     0     0     0     0     0     0     0     0     0     0     0     0
     0     0     0     0     0     0     0     0     0     0     0     0
     0     0     0     0     0     0     0     0     0     0     0     0
     0     0     0     0     0     0     0     0     0     0     0     0
     0     0     0     0     0     0     0     0     0     0     0     0
     0     0     0     0     0     0     0     0     0     0     0     0
     0     0     0     0     0     0     0     0     0     0     0     0
     0     0     0     0     0     0     0     0     0     0     0     0
     0     0     0     0     0     0     0     0     0     0     0     0
    17
     0     0     0     0     0     0     0     0     0     0     0     0
     0     0     0     0     0     0     0     0     0     0     0     0
     0     0     0     0     0     0     0     0     0     0     0     0
     0     0     0     0     0     0     0     0     0     0     0     0
     0     0     0     0     0     0     0     0     0     0     0     0
     0     0     0     0     0     0     0     0     0     0     0     0
     0     0     0     0     0     0     0     0     0     0     0     0
     0     0     0     0     0     0     0     0     0     0     0     0
     0     0     0     0     0     0     0     0     0     0     0     0
     0     0     0     0     0     0     0     0     0     0     0     0
     0     0     0     0     0     0     0     0     0     0     0     0
     0     0     0     0     0     0     0     0     0     0     0     0
     0     0     0     0     0     0     0     0     0     0     0     0
     0     0     0     0     0     0     0     0     0     0     0     0
     0     0     0     0     0     0     0     0     0     0     0     0
     0     0     0     0     0     0     0     0     0     0     0     0
     0     0     0     0     0     0     0     0     0     0     0     0
     0     0     0     0     0     0     0     0     0     0     0     0
     0     0     0     0     0     0     0     0     0     0     0     0
     0     0     0     0     0     0     0     0     0     0     0     0
     0     0     0     0     0     0     0     0     0     0     0     0
     0     0     0     0     0     0     0     0     0     0     0     0
     0     0     0     0     0     0     0     0     0     0     0     0
     0     0     0     0     0     0     0     0     0     0     0     0
     0     0     0     0     0     0     0     0     0     0     0     0
     0     0     0     0     0     0     0     0     0     0     0     0
     0     0     0     0     0     0     0     0     0     0     0     0
     0     0     0     0     0     0     0     0     0     0     0     0
     0     0     0     0     0     0     0     0     0     0     0     0
     0     0     0     0     0     0     0     0     0     0     0     0
     0     0     0     0     0     0     0     0     0     0     0     0
     0     0     0     0     0     0     0     0     0     0     0     0
     0     0     0     0     0     0     0     0     0     0     0     0
     0     0     0     0     0     0     0     0     0     0     0     0
     0     0     0     0     0     0     0     0     0     0     0     0
     0     0     0     0     0     0     0     0     0     0     0     0
    18
     0     0     0     0     0     0     0     0     0     0     0     0
     0     0     0     0     0     0     0     0     0     0     0     0
     0     0     0     0     0     0     0     0     0     0     0     0
     0     0     0     0     0     0     0     0     0     0     0     0
     0     0     0     0     0     0     0     0     0     0     0     0
     0     0     0     0     0     0     0     0     0     0     0     0
     0     0     0     0     0     0     0     0     0     0     0     0
     0     0     0     0     0     0     0     0     0     0     0     0
     0     0     0     0     0     0     0     0     0     0     0     0
     0     0     0     0     0     0     0     0     0     0     0     0
     0     0     0     0     0     0     0     0     0     0     0     0
     0     0     0     0     0     0     0     0     0     0     0     0
     0     0     0     0     0     0     0     0     0     0     0     0
     0     0     0     0     0     0     0     0     0     0     0     0
     0     0     0     0     0     0     0     0     0     0     0     0
     0     0     0     0     0     0     0     0     0     0     0     0
     0     0     0     0     0     0     0     0     0     0     0     0
     0     0     0     0     0     0     0     0     0     0     0     0
     0     0     0     0     0     0     0     0     0     0     0     0
     0     0     0     0     0     0     0     0     0     0     0     0
     0     0     0     0     0     0     0     0     0     0     0     0
     0     0     0     0     0     0     0     0     0     0     0     0
     0     0     0     0     0     0     0     0     0     0     0     0
     0     0     0     0     0     0     0     0     0     0     0     0
     0     0     0     0     0     0     0     0     0     0     0     0
     0     0     0     0     0     0     0     0     0     0     0     0
     0     0     0     0     0     0     0     0     0     0     0     0
     0     0     0     0     0     0     0     0     0     0     0     0
     0     0     0     0     0     0     0     0     0     0     0     0
     0     0     0     0     0     0     0     0     0     0     0     0
     0     0     0     0     0     0     0     0     0     0     0     0
     0     0     0     0     0     0     0     0     0     0     0     0
     0     0     0     0     0     0     0     0     0     0     0     0
     0     0     0     0     0     0     0     0     0     0     0     0
     0     0     0     0     0     0     0     0     0     0     0     0
     0     0     0     0     0     0     0     0     0     0     0     0
    19
     0     0     0     0     0     0     0     0     0     0     0     0
     0     0     0     0     0     0     0     0     0     0     0     0
     0     0     0     0     0     0     0     0     0     0     0     0
     0     0     0     0     0     0     0     0     0     0     0     0
     0     0     0     0     0     0     0     0     0     0     0     0
     0     0     0     0     0     0     0     0     0     0     0     0
     0     0     0     0     0     0     0     0     0     0     0     0
     0     0     0     0     0     0     0     0     0     0     0     0
     0     0     0     0     0     0     0     0     0     0     0     0
     0     0     0     0     0     0     0     0     0     0     0     0
     0     0     0     0     0     0     0     0     0     0     0     0
     0     0     0     0     0     0     0     0     0     0     0     0
     0     0     0     0     0     0     0     0     0     0     0     0
     0     0     0     0     0     0     0     0     0     0     0     0
     0     0     0     0     0     0     0     0     0     0     0     0
     0     0     0     0     0     0     0     0     0     0     0     0
     0     0     0     0     0     0     0     0     0     0     0     0
     0     0     0     0     0     0     0     0     0     0     0     0
     0     0     0     0     0     0     0     0     0     0     0     0
     0     0     0     0     0     0     0     0     0     0     0     0
     0     0     0     0     0     0     0     0     0     0     0     0
     0     0     0     0     0     0     0     0     0     0     0     0
     0     0     0     0     0     0     0     0     0     0     0     0
     0     0     0     0     0     0     0     0     0     0     0     0
     0     0     0     0     0     0     0     0     0     0     0     0
     0     0     0     0     0     0     0     0     0     0     0     0
     0     0     0     0     0     0     0     0     0     0     0     0
     0     0     0     0     0     0     0     0     0     0     0     0
     0     0     0     0     0     0     0     0     0     0     0     0
     0     0     0     0     1     0     0     0     0     0     0     0
     0     0     0     0     0     0     0     0     0     0     0     0
     0     0     0     0     0     0     0     0     0     0     0     0
     0     0     0     0     0     0     0     0     0     0     0     0
     0     0     0     0     0     0     0     0     0     0     0     0
     0     0     0     0     0     0     0     0     0     0     0     0
     0     0     0     0     0     0     0     0     0     0     0     0
