20
Wilmington, NC 13748
     0
       4.400       5.500      10.600      15.600      20.600      24.300
      26.100      25.000      22.700      17.200      12.100       7.100
       8.800      10.600      15.000      19.300      23.200      26.700
      28.200      27.700      25.600      21.100      16.700      11.100
      13.800      15.600      18.800      22.700      26.100      28.800
      30.600      30.000      28.200      24.300      21.100      16.700
      42.000      42.000      42.000      41.000      51.000      57.000
      61.000      63.000      60.000      50.000      46.000      42.000
      60.000      59.000      60.000      57.000      65.000      68.000
      71.000      72.000      72.000      64.000      64.000      60.000
      82.000      80.000      79.000      74.000      79.000      81.000
      82.000      85.000      85.000      79.000      81.000      80.000
       2.400       2.700       2.700       2.700       2.400       2.400
       2.000       2.000       2.000       2.400       2.400       2.400
       3.500       4.000       4.000       4.000       3.500       3.100
       3.100       2.700       3.100       3.100       3.100       3.100
       4.800       4.800       5.200       5.200       4.400       4.400
       4.000       3.500       4.000       4.400       4.400       4.800
     330.000     350.000     230.000     220.000     200.000     200.000
     210.000     200.000      40.000      30.000     350.000     350.000
     1
       9.081      10.711      14.522      18.929      23.076      26.500
      28.131      27.562      25.113      20.429      16.170      11.427
      61.371      60.721      60.832      57.755      64.728      68.449
      71.109      73.289      71.620      64.778      63.501      60.976
     2
    25    13    27    23    25    28    36    34    43    37    37    26
    20    21    15    28    33    32    42    47    51    48    34    21
    14    10    14    10    14    20    25    32    41    27    18    15
    21     9    12    14    14    24    26    50    40    31    28    21
    19    11    20    17    33    33    37    60    39    41    24    24
    29    15    21    18    23    29    29    30    41    30    24    15
    11    20    21    31    26    27    42    49    35    35    31    17
    10    11    13    11    14    21    19    20    28     9    13    12
    19    16    22    27    31    17    43    41    42    39    24    23
    14     6    13    11    19    19    18    32    19    14    23    17
    25    25    15    29    22    27    52    45    34    30    29    14
    27    12    37    20    42    26    30    46    30    19    23    20
    21    10    24    13    22    24    31    40    28    19    15    16
    14    13    32    26    25    31    55    45    33    20    34     8
    13     9     7    15    29    20    28    50    27    12    13     5
    17    11    17    25    31    38    67    56    49    15    15    14
    11     7    10    13    24    29    31    41    25     9    12     7
    13    12    30    27    43    48    64    78    49    17    18    18
     5     2     6    10    11    19    40    30    27    11    13    11
    13    13    12    19    25    28    40    44    27    22    11    24
    13     8    13    12    15     9    27    36    25    11    16    17
    15    13    14    16    25    19    35    46    22    20    29    24
    21    22    22    23    29    34    73    54    38    21    20    22
    20    14    15    20    16    29    45    46    31    23    25    30
    25     6    20    18    32    33    48    42    39    18    25    32
    16     9    13    13    15    20    39    50    21    12    15    17
    30    16    14    20    24    27    43    68    38    28    24    29
    12     8     5     8    17    10    14    18    11    10    17    12
    22    13    23    13    25    26    26    35    32    25    21    29
    24    13    23    16    15    31    25    38    19    16    16    19
    17     9    15    10    17    10    27    29    15    26    26    21
    39    15    18    18    22    22    28    28    26    22    27    25
    16    13    12    15    11    21    16    24    21    31    19    15
    28    16    16    16    18    30    27    49    45    35    27    22
    26    21    23    11    15    17    30    28    29    38    40    24
    36    31    29    32    30    41    47    65    62    64    44    32
     3
    78    68    52    49    50    47    70    89   112    92    67    65
    81    72    66    51    75    96    73   152   176   165   117    86
    41    47    51    28    43    50    60    95   144   112    83    67
    50    59    49    32    50    61    76   108   151   102    90    51
    72    50    49    50    79    99    77   117   184   122    89    66
    45    43    57    35    52    55    48    60    75    63    66    50
    43    38    51    41    68    67    50    76    88    95    65    40
    25    22    30    20    40    43    33    56    74    47    45    29
    49    36    54    54    77    88    69    94    94    74    78    44
    22    26    45    30    40    44    56    77    68    53    47    24
    42    48    44    45    79   100    85    99    83    63    67    35
    46    46    66    58    88    82    84   103    81    67    59    36
    40    27    55    53    63    72    71   107    67    40    45    39
    39    34    60    77    91    98   100   121    89    63    77    37
    27    20    40    44    71    66    74    97    38    49    49    22
    27    31    51    65    96   119   117   145    81    56    46    28
    15    16    31    58    62    93    78    86    42    33    28    13
    34    37    79    50   123   165   173   137    78    42    33    32
    20    22    34    38    55    59    95    81    48    29    31    29
    41    42    46    50   106   104   162   115    60    37    31    47
    30    32    43    40    46    87   135   109    62    27    42    37
    34    44    51    55    87    80   157   136    69    35    41    51
    54    70    81    74   134   158   240   172   101    61    59    72
    40    46    68    77    92   111   192   135    75    49    74    55
    63    40    63   105   106   151   213   149    80    42    67    70
    30    34    37    50    44    86   106   104    61    31    38    49
    52    38    57    69    95    93   125   113    63    54    65    81
    49    29    28    36    42    44    66    56    46    37    42    44
    61    42    39    51    75    73    87    53    42    45    56    58
    50    37    42    50    58    46    53    32    41    54    51    40
    44    37    38    29    46    44    50    32    31    46    49    38
    77    58    71    52    57    40    67    55    62    54    74    80
    53    32    49    34    46    32    33    30    35    63    44    47
    87    64    67    57    64    39    67    61    82    92    67    92
    64    51    54    42    43    23    46    42    64    60    55    80
   116   107    74    62    91    76    94   120   154   124   117   117
     4
    55    43    39    44    36    27    35    33   102    83    61    47
    62    62    56    48    55    62    39    65   118   132    63    72
    45    44    33    31    33    31    40    52   101   102    50    33
    32    41    39    25    42    47    18    49    91    94    41    37
    31    35    41    42    56    41    25    47    86    88    55    22
    18    22    19    15    16    24    50    27    55    44    26    16
    29    33    30    26    35    38    41    51    67    50    38    20
    13    21    28    15    21    34    37    42    48    38    31     6
    32    27    35    34    71    63    69    73    91    47    42    19
    21    28    42    25    37    57    40    29    52    45    28     9
    15    33    66    38    80    89    49    78    65    51    41    15
    18    35    60    60    73    79    55    74    53    41    32    19
    14    34    38    44    67    68    58    65    38    36    22     9
    30    21    60    61    89   100    59    81    61    36    47    18
    19    15    39    45    49    52    65    55    41    29    21    13
    17    15    47    51    70    82    72    75    46    28    25    19
     9    15    26    34    65    50    47    38    21    17    15    13
    20    22    57    56    94    96    77    67    36    33    31    20
    11    28    29    36    59    64    72    40    23    23    23    21
    33    29    42    45    72    76   124    93    45    21    38    47
    29    18    39    56    73    76   114    82    47    19    28    43
    38    25    53    67    93   122   156   100    44    37    34    30
    51    57    69    78   123   149   187   116    42    42    35    49
    47    43    45    55    73    94    97    69    57    35    34    46
    51    45    46    71    70    96   135    79    41    53    49    49
    43    27    37    44    52    57    59    50    34    16    28    35
    49    37    42    62    54    64    72    49    40    38    42    55
    19    23    27    33    37    28    42    21    18    12    29    25
    23    27    55    39    49    27    41    24    17    17    38    36
    33    40    27    25    34    32    27    15    14    24    32    28
    31    23    27    20    35    22    17     8    15    25    31    28
    56    38    43    47    29    16    21    19    22    38    58    48
    38    35    19    17    38    20    10    10    27    27    36    39
    56    53    49    44    40    20    33    29    38    56    54    54
    30    32    45    18    28    19    11    16    24    31    45    31
    92    66    59    59    67    38    43    57    90    96    63    73
     5
    55    64    56    55    53    34    26    45    66   108    78    71
    75    95    64    54    69    81    28    93   139   158    96    86
    51    66    45    39    46    39    26    34    88    96    54    43
    61    51    42    37    43    52    20    41    92    87    48    43
    41    52    63    32    43    39    36    42    99    99    35    55
    25    29    33    30    13    32    17    37    52    40    25    20
    23    60    51    32    47    39    39    40    70    73    34    28
    19    30    51    33    41    45    46    38    71    38    32    15
    16    47    81    74    98   111    70   106   103    68    53    17
    13    29    68    63    55    94    52    48    49    36    20     6
    11    29    67    78    98    99    48    55    60    26    26    13
     6    18    58    95    67    91    43    32    36    33    20    10
     9    16    44    86    63    96    38    34    32    25    21     8
    14    32    69    74   103    92    57    69    50    22    27    16
    13    11    66    58    71    63    49    44    24    17    19     8
    24    32    60    87    86    86    59    68    31    31    19    20
    11    17    52    55    87    51    39    37    12    28    17     8
    29    44    85   100   136   114    69    70    30    28    25    30
    16    26    48    83   107    74    73    60    30    21    19    35
    49    84    79   122   156   140   193   119    70    51    37    81
    62    47    90   101   114   127   188    86    52    39    46    36
    65    56    83   100   147   162   193    96    28    47    45    73
    97    82    91   146   127   156   179    86    34    33    61    79
    50    63    55    69    87    74   106    57    30    38    43    57
    64    55    76   119    74    72    97    52    39    52    58    56
    45    46    42    62    39    50    47    31    22    20    41    41
    71    72    73    75    47    70    57    41    31    29    50    71
    44    23    28    55    40    32    18    11    12    17    23    25
    60    69    66    80    43    34    21     8    12    35    34    46
    45    69    53    62    48    30    16     9    12    26    51    31
    53    56    59    45    39    13     4     5    13    25    44    43
    73    79   106    75    39    14     6    13    24    59    73    73
    59    56    54    36    31    10     4     4    11    42    55    40
    93    71    75    60    50    14    12    18    28    65    84    81
    47    50    49    37    41    19     7    11    18    36    61    56
   117   105    99    53    91    36    26    39   103   121   123   113
     6
    41    24    23    19    34     6     5     9    30    48    33    34
    44    33    32    39    34    18     8    21    63    80    40    37
    16    21    30    19    18    13     6    20    24    55     9    17
    18    24    13    11    17    12     3     7    27    34    19    11
    11    26    16    14    13    14     2    13    37    50     6    16
     8     8    14    22    13    17     5     9    23    28    10     4
     7    17    25    23    31    24    13    23    21    32     8     4
     3    11    19    33    27    26    17    16    20    17    12     3
     6    13    53    34    53    52    17    14    29    26    11    10
     3     7    13    24    23    36    13    11    13     6     7     2
     3     5    26    21    16    19     8     5     9     5     6     1
     1    10    15    22    22    14     5     3     7     4     3     2
     1     5    11    24    16    19     3     6     5     4     5     4
     6    10    18    30    23    29    16    20    11     5    14     3
    10     8    14    24    26    15    11    10     2     6     9     8
     8    11    29    39    30    27    20    16    12    11     9     9
     6    10    31    20    23     9     9     5     3     5    10     6
    15    25    47    55    42    43    21    23    10     7    14    15
    11    12    42    58    68    30    33    18     8    16    15    14
    44    54   117   142   114   117    95    45    21    30    26    46
    34    57    87   107   101    93    80    40    21    23    37    34
    43    39    87   102    81    75    73    23    13    21    30    36
    65    54    64    76    53    49    55    28    13    13    29    47
    42    38    41    41    25    20    22    11     3    15    30    26
    56    45    54    79    19    37    15     7     4    19    31    49
    29    26    33    38    12    20    10    11     3     7    16    18
    60    57    55    79    24    19    13     6     4    23    40    27
    36    23    26    25     9     7     1     4     2     7    12    19
    47    40    45    56    11     6     2     2     6    19    34    38
    32    40    49    46    13     5     1     1     2     4    21    24
    33    27    39    37     7     2     1     4     2    11    22    32
    66    38    58    31    11     4     2    11     2    33    39    52
    32    40    39    25    10     1     1     2     6    12    20    36
    58    46    45    40    20    11     3     3    15    36    40    57
    20    29    27    28    17     1     0     8    12    17    20    24
    60    47    57    31    32    13    12     8    55    61    54    65
     7
     8     4     9     5     4     0     0     0     4    12     3     4
     8    10    16     3     5     3     0     5    11     5     7     3
     1     3     6     0     3     2     1     0     0     8     0     9
     3     1     6     1     6     0     1     2     5     5     1     2
     4     1     3     1     2     3     1     3     4     8     1     3
     0     2     5     4     1     9     1     0     5     1     3     1
     0     5    12     8     4     6     0     3    11    16     2     1
     0     3     8     6    10     4     1     1     5     1     2     1
     0     0    10     2    11     7     3     4     5     0     0     1
     0     1     1     5     4     7     1     1     2     0     2     0
     0     1     5    11     5     1     0     3     6     1     1     0
     0     3     2     0     1     3     1     0     2     0     1     1
     0     0     1     1     0     2     0     0     0     2     2     2
     2     1     2     8     7     3     1     5     1     3     4     3
     0     3     7     4     3     2     1     0     1     1     1     2
     5     2     7     8     5     2     2     0     0     0     6     2
     2     3     4     2     3     0     1     1     1     0     1     0
     3    10    12    14    13     7     4     6     4     0     1     3
     1     8    14    16    14     2     1     1     3     1     1     1
    12    19    47    62    37    23    21    11     4     3     6    11
    11    16    25    45    30    17    10     4     1     4     7    10
    13    10    33    39    20    12    11     6     2     5     4    10
    14    16    36    29    10     9     5     2     1     4    15     7
    24     7    14    10     4     1     0     2     0     2     8     6
    20    17    18    23     2     7     4     0     0     7    14    16
    16    10     7     8     1     1     0     1     0     2     4     1
    15    12    15    24     4     6     2     0     0     4    10    10
    11    12    11     9     4     0     1     0     1     2     2     2
    13    15    16    19     3     1     0     0     0     3    12     6
    21    15    18    11     1     1     0     0     0     2     8    13
    12     7     8    11     0     0     2     1     0     2     5    10
    26    11    15    13     4     1     1     0     1     2     7    15
     8     9     6     5     1     0     0     0     0     0     4     7
    11    12    11     9     7     2     2     1     5    15     8    10
     8     5     5     2     1     2     0     0     3     4     2     1
    14    18    20     9     5     3     3     1    17    16    11    12
     8
     4     0     8     1     2     0     0     0     2     2     2     2
     1     6    13     3     4     1     0     0     2    10     2     3
     1     1     1     0     4     0     0     0     1     0     0     4
     1     0     4     0     0     0     0     0     1     1     0     3
     2     3     1     2     5     0     0     1     2     1     3     1
     0     2     0     3     0     3     0     0     2     1     0     1
     1     1     6     4     4     1     1     0     2     3     1     1
     0     0     3     0     1     6     0     0     2     2     1     0
     0     1     5     5     4     3     0     1     1     0     0     0
     0     1     1     3     3     1     0     0     0     0     0     0
     1     0     4     6     2     2     0     0     0     0     3     0
     1     3     0     2     0     1     0     0     1     0     0     0
     0     4     0     0     0     0     0     0     0     1     0     1
     0     2     2     5     0     2     0     3     0     0     5     0
     0     4     2     3     3     0     0     0     0     0     2     0
     3     3     4     5     3     1     0     0     1     0     4     0
     0     1     2     1     2     0     0     0     0     0     1     0
     8     9    22    13     7     7     3     1     3     0     1     0
     3     1     9     8     9     1     2     1     2     1     1     1
    19    16    33    31    33     9     6     1     3     2     5    10
     3     4    20    30    16     6     6     0     2     1     7     6
    11    10    22    32     6     3     3     0     0     1     6     6
    12    15    22    25     8     4     1     0     2     2     9    12
     8    12     7    10     1     0     2     0     2     1     2     3
    14    14    15    27     0     2     0     0     2     1     6    11
     9     9    13    10     5     4     1     0     0     0     1     0
     6    12    27    34     0     4     0     0     0     2     8     3
     6    14    15     5     1     0     0     0     0     0     1     2
    17     7    18    12     1     4     0     0     1     2     6     5
     7     7     1     3     0     0     0     0     0     1     1     3
     4     1     2     3     0     0     0     0     1     0     2     9
     9    13    10     5     0     1     0     0     0     1     8     9
     3     7     1     2     0     0     0     3     1     1     0     4
     6     9     7     4     1     5     0     1     6     8    10    12
     2     1     6     1     1     0     1     1     0     0     1     5
    11    27     7     5     5     7     3     0     7    23    14     9
     9
     0     0     1     1     0     0     0     0     0     1     0     0
     0     0     0     0     0     0     0     0     1     1     3     0
     1     0     0     0     0     0     0     0     0     0     0     0
     0     0     1     0     0     1     0     0     0     0     0     1
     0     0     0     1     0     0     0     0     0     0     0     0
     1     0     2     0     2     0     0     0     0     0     0     0
     1     0     1     0     0     0     0     0     0     0     0     0
     0     0     1     0     1     0     1     0     1     0     0     0
     0     1     1     0     0     0     0     0     3     0     0     0
     0     0     0     0     0     0     0     0     0     0     0     0
     0     0     0     0     0     0     0     0     0     0     1     0
     0     0     0     0     0     0     0     0     0     0     0     0
     0     0     0     0     0     0     0     0     0     0     0     0
     0     0     1     2     0     0     0     0     0     0     4     0
     0     1     0     0     0     0     0     0     1     0     0     0
     0     0     1     1     0     0     0     1     1     0     0     0
     0     0     2     0     0     0     0     0     1     1     0     0
     1     1     2     1     3     0     0     0     2     0     0     0
     1     0     1     0     0     0     0     0     0     0     0     0
     1     4     4     7     4     0     1     1     0     0     0     2
     0     3     4     6     2     0     0     0     0     0     1     5
     2     6     5     2     1     0     1     0     0     0     0     2
     1     1     0     4     1     0     0     0     0     0     1     1
     1     0     2     1     1     0     0     0     0     0     0     1
     2     4     2     5     0     0     0     0     0     1     1     1
     1     3     2     2     0     0     0     0     0     1     1     0
     3     1     6     5     0     0     0     0     0     0     0     1
     1     2     0     0     0     0     0     0     0     0     0     1
     1     2     2     1     1     1     0     0     0     0     0     0
     3     1     2     1     0     0     0     0     0     0     1     0
     2     2     1     0     0     0     0     0     0     0     1     2
     3     2     1     0     0     0     0     0     1     0     0     3
     0     1     0     0     0     0     0     0     2     0     0     2
     0     1     5     2     2     0     0     0     2     3     2     1
     0     1     1     0     0     0     0     0     0     1     0     0
     0     3     1     0     0     2     0     0     2     3     7     0
    10
     0     0     1     0     0     1     0     0     0     1     0     0
     0     0     0     0     0     0     0     0     0     0     1     0
     0     0     0     0     0     0     0     0     1     0     0     0
     0     0     0     0     0     0     0     0     0     0     0     0
     0     1     0     0     0     0     0     0     0     0     0     0
     0     0     0     0     1     0     0     0     2     0     0     0
     0     1     1     0     1     0     0     0     0     0     0     0
     0     0     0     0     0     1     0     0     1     0     0     0
     0     0     0     0     0     0     0     0     0     0     0     0
     0     0     0     0     0     0     0     0     0     0     0     0
     0     1     0     0     0     0     0     0     0     0     0     0
     0     0     0     0     0     0     0     0     0     0     0     0
     0     0     0     0     0     0     0     0     0     0     0     0
     0     1     0     3     0     0     0     0     0     0     1     0
     0     0     0     0     0     0     0     0     0     0     0     0
     0     2     0     1     0     0     0     0     0     0     0     0
     0     1     0     0     0     0     0     0     0     0     0     0
     1     3     0     0     1     1     0     0     0     0     0     0
     0     0     0     0     0     0     0     0     0     0     0     0
     2     7     4     5     2     0     0     0     0     0     0     1
     1     2     0     4     0     0     0     0     0     0     0     2
     0     3     1     2     0     0     1     0     0     0     1     2
     4     0     3     1     0     0     0     0     0     0     1     0
     0     2     1     0     0     0     0     0     0     0     0     1
     1     2     0     6     0     0     0     0     0     0     0     0
     1     1     2     0     0     0     0     0     0     0     0     1
     1     0     2     0     0     0     0     0     0     0     1     0
     0     0     1     1     0     0     0     0     0     0     0     0
     2     0     0     1     1     0     0     0     0     0     3     1
     0     0     0     2     0     0     0     0     2     0     0     0
     1     0     4     0     0     0     0     0     0     0     0     0
     1     0     4     2     0     0     0     0     0     0     0     1
     0     2     1     1     0     0     0     0     1     0     0     0
     0     0     2     1     0     0     0     0     2     1     0     2
     0     0     0     0     0     0     0     0     0     0     0     0
     0     0     1     0     0     0     0     0     1     2     5     2
    11
     0     2     0     0     0     0     0     0     0     0     0     0
     0     0     1     0     0     0     0     0     0     0     2     0
     0     0     0     0     0     0     0     0     0     0     0     0
     0     1     0     0     0     0     0     0     0     0     0     0
     0     0     0     0     0     0     0     0     0     0     0     0
     1     0     0     0     0     0     0     0     0     0     0     1
     0     0     0     0     0     0     0     0     0     0     0     0
     0     0     0     0     1     0     0     0     1     0     0     0
     0     0     0     0     0     0     0     0     1     0     0     0
     0     0     0     0     0     0     0     0     0     0     0     0
     0     0     0     0     0     0     0     0     0     0     0     1
     0     0     0     0     0     0     0     0     0     0     0     0
     0     0     0     0     0     0     0     0     0     0     0     0
     0     0     0     1     1     0     0     0     1     0     1     0
     0     0     0     0     0     0     0     0     0     0     0     0
     0     2     0     0     0     0     0     0     2     0     0     0
     0     0     1     0     0     0     0     0     0     0     0     0
     4     0     0     0     0     0     0     0     0     0     0     0
     0     0     2     0     0     0     0     0     0     0     0     0
     0     3     1     3     0     0     1     0     0     0     0     0
     1     1     0     2     0     0     0     0     0     0     0     2
     0     2     1     2     0     0     0     0     0     0     1     0
     0     0     1     4     0     0     0     0     0     0     0     0
     0     0     0     1     0     0     0     0     0     0     0     0
     2     1     0     1     0     0     0     0     0     0     2     0
     0     0     2     2     0     0     0     0     0     0     0     0
     0     0     2     1     0     0     0     0     0     0     0     0
     0     0     1     2     0     0     0     0     0     0     0     0
     1     0     1     1     0     0     1     0     0     0     1     0
     0     0     1     0     0     0     0     0     0     0     0     0
     0     0     1     0     0     0     0     0     0     0     0     0
     0     0     1     0     0     0     0     0     0     0     1     0
     0     0     0     0     0     0     0     0     1     0     0     0
     0     0     0     0     0     0     0     0     1     0     1     1
     0     1     0     0     0     0     0     0     0     0     0     0
     0     1     0     0     0     0     0     0     0     1     3     3
    12
     0     0     1     0     0     0     0     0     0     1     0     0
     0     1     0     0     0     0     0     0     1     0     1     0
     0     0     0     0     0     0     0     0     0     0     0     0
     0     0     0     0     0     0     0     0     1     0     0     0
     0     0     0     0     0     0     0     0     0     0     0     0
     0     0     0     0     0     0     0     0     0     0     0     0
     0     0     0     0     0     0     0     0     0     0     0     0
     0     0     0     0     0     0     0     0     0     0     0     0
     0     0     0     0     0     0     0     0     0     0     0     0
     0     0     0     0     0     0     0     0     0     0     0     0
     0     0     0     0     0     0     0     0     2     0     0     0
     0     0     0     0     0     0     0     0     0     0     0     0
     0     0     0     0     0     0     0     0     2     0     0     0
     0     0     0     0     0     0     0     0     0     0     0     0
     0     0     0     0     0     0     0     0     0     0     0     0
     0     0     0     0     0     0     0     0     0     0     0     0
     0     0     0     0     0     0     0     0     0     0     0     0
     0     0     0     0     0     0     0     0     0     0     0     0
     0     0     0     0     0     0     0     0     0     0     0     0
     0     1     4     0     0     0     0     0     0     0     0     1
     0     1     0     3     0     0     0     0     0     0     0     0
     0     1     0     0     0     0     0     0     0     0     0     0
     0     0     0     0     0     0     0     0     0     0     0     1
     0     0     0     0     0     0     0     0     0     0     0     0
     0     0     0     0     0     0     0     0     0     0     1     0
     0     0     0     0     0     0     0     0     0     0     0     0
     1     0     0     1     0     0     0     0     0     0     0     0
     0     1     0     0     0     0     0     0     0     0     0     0
     0     0     0     0     0     0     0     0     0     0     0     0
     0     0     0     0     0     0     0     0     0     0     0     0
     0     0     0     0     0     0     0     0     0     0     0     0
     0     0     0     0     0     0     0     0     0     0     0     0
     0     0     0     0     0     0     0     0     0     0     0     0
     0     0     0     0     0     0     0     0     0     0     0     0
     0     0     0     0     0     0     0     0     0     0     0     0
     0     0     0     0     0     0     0     0     0     0     1     0
    13
     0     0     0     0     0     0     0     0     0     0     0     0
     0     0     0     0     0     0     0     0     0     0     0     0
     0     0     0     0     0     0     0     0     0     0     0     0
     0     0     0     0     0     0     0     0     0     0     0     0
     0     0     0     0     0     0     0     0     0     0     0     0
     0     0     0     0     0     0     0     0     0     0     0     0
     0     0     0     0     0     0     0     0     0     0     0     0
     0     0     0     0     0     0     0     0     0     0     0     0
     0     0     0     0     0     0     0     0     0     0     0     0
     0     0     0     0     0     0     0     0     0     0     0     0
     0     0     0     0     0     0     0     0     1     0     0     0
     0     0     0     0     0     0     0     0     0     0     0     0
     0     0     0     0     0     0     0     0     0     0     0     0
     0     0     0     0     0     0     0     0     0     0     0     0
     0     0     0     0     0     0     0     0     0     0     0     0
     0     0     0     0     0     0     0     0     0     0     0     0
     0     0     0     0     0     0     0     0     0     0     0     0
     0     0     0     0     0     0     0     0     0     0     0     0
     0     0     0     0     0     0     0     0     0     0     0     0
     0     0     0     0     0     0     0     0     0     0     0     0
     0     0     0     0     0     0     0     0     0     0     0     0
     0     0     0     0     0     0     0     0     0     0     0     0
     0     0     0     0     0     0     0     0     0     0     0     0
     0     0     0     0     0     0     0     0     0     0     0     0
     0     0     0     0     0     0     0     0     0     0     0     0
     1     0     0     0     0     0     0     0     0     0     0     0
     0     0     0     0     0     0     0     0     0     0     0     0
     0     0     0     0     0     0     0     0     0     0     0     0
     1     0     0     0     0     0     0     0     0     0     0     0
     0     0     0     0     0     0     0     0     0     0     0     0
     0     0     0     0     0     0     0     0     0     0     0     0
     0     0     0     0     0     0     0     0     0     0     0     0
     0     0     0     0     0     0     0     0     0     0     0     0
     0     0     0     0     0     0     0     0     0     0     1     0
     0     0     0     0     0     0     0     0     0     0     0     0
     0     0     0     0     0     0     0     0     0     0     1     0
    14
     0     0     1     0     0     0     0     0     0     0     0     0
     0     0     0     0     0     0     0     0     0     0     0     0
     0     0     0     0     0     0     0     0     0     0     0     0
     0     0     0     0     0     0     0     0     0     0     0     0
     0     0     0     0     0     0     0     0     0     0     0     0
     0     0     0     0     0     0     0     0     0     0     0     0
     0     0     0     0     0     0     0     0     0     0     0     0
     0     0     0     0     0     0     0     0     0     0     0     0
     0     0     0     0     0     0     0     0     0     0     0     0
     0     0     0     0     0     0     0     0     0     0     0     0
     0     0     0     0     0     0     0     0     0     0     0     0
     0     0     0     0     0     0     0     0     0     0     0     0
     0     0     0     0     0     0     0     0     0     0     0     0
     0     0     0     0     0     0     0     0     0     0     0     0
     0     0     0     0     0     0     0     0     0     0     0     0
     0     0     0     0     0     0     0     0     0     0     0     0
     0     0     0     0     0     0     0     0     0     0     0     0
     0     1     0     0     0     0     0     0     0     0     0     0
     0     0     0     0     0     0     0     0     0     0     0     0
     0     0     0     1     0     0     0     0     0     0     0     1
     0     0     0     1     0     0     0     0     0     0     0     0
     0     0     0     0     0     0     0     0     0     0     0     0
     0     0     0     0     0     0     0     0     0     0     0     0
     0     0     0     0     0     0     0     0     0     0     0     0
     0     0     0     0     0     0     0     0     0     0     0     0
     0     0     0     0     0     0     0     0     0     0     0     0
     0     0     0     0     0     0     0     0     0     0     0     0
     0     0     0     0     0     0     0     0     0     0     0     0
     0     0     0     0     0     0     0     0     0     0     0     0
     0     0     0     0     0     0     0     0     0     0     0     0
     0     0     0     0     0     0     0     0     0     0     0     0
     0     0     0     0     0     0     0     0     0     0     0     0
     0     0     0     0     0     0     0     0     0     0     0     0
     0     0     0     0     0     0     0     0     0     0     0     0
     0     0     0     0     0     0     0     0     0     0     0     0
     0     0     0     0     0     0     0     0     0     0     0     0
    15
     0     0     0     0     0     0     0     0     0     0     0     0
     0     0     0     0     0     0     0     0     0     0     0     0
     0     0     0     0     0     0     0     0     0     0     0     0
     0     0     0     0     0     0     0     0     0     0     0     0
     0     0     0     0     0     0     0     0     0     0     0     0
     0     0     0     0     0     0     0     0     0     0     0     0
     0     0     0     0     0     0     0     0     0     0     0     0
     0     0     0     0     0     0     0     0     0     0     0     0
     0     0     0     0     0     0     0     0     0     0     0     0
     0     0     0     0     0     0     0     0     0     0     0     0
     0     0     0     0     0     0     0     0     0     0     0     0
     0     0     0     0     0     0     0     0     0     0     0     0
     0     0     0     0     0     0     0     0     0     0     0     0
     0     0     0     0     0     0     0     0     0     0     0     0
     0     0     0     0     0     0     0     0     0     0     0     0
     0     0     0     0     0     0     0     0     0     0     0     0
     0     0     0     0     0     0     0     0     0     0     0     0
     0     0     0     0     0     0     0     0     0     0     0     0
     0     0     0     0     0     0     0     0     0     0     0     0
     0     0     0     0     0     0     0     0     0     0     0     0
     0     0     0     0     0     0     0     0     0     0     0     0
     0     0     0     0     0     0     0     0     0     0     0     0
     0     0     0     0     0     0     0     0     0     0     0     0
     0     0     0     0     0     0     0     0     0     0     0     0
     0     0     0     0     0     0     0     0     0     0     0     0
     0     0     0     0     0     0     0     0     0     0     0     0
     0     0     0     0     0     0     0     0     0     0     0     0
     0     0     0     0     0     0     0     0     0     0     0     0
     0     0     0     0     0     0     0     0     0     0     0     0
     0     0     0     0     0     0     0     0     0     0     0     0
     0     0     0     0     0     0     0     0     0     0     0     0
     0     0     0     0     0     0     0     0     0     0     0     0
     0     0     0     0     0     0     0     0     0     0     0     0
     0     0     0     0     0     0     0     0     0     0     0     0
     0     0     0     0     0     0     0     0     0     0     0     0
     0     0     0     0     0     0     0     0     0     0     0     0
    16
     0     0     0     0     0     0     0     0     0     0     0     0
     0     0     0     0     0     0     0     0     0     0     0     0
     0     0     0     0     0     0     0     0     0     0     0     0
     0     0     0     0     0     0     0     0     0     0     0     0
     0     0     0     0     0     0     0     0     0     0     0     0
     0     0     0     0     0     0     0     0     0     0     0     0
     0     0     0     0     0     0     0     0     0     0     0     0
     0     0     0     0     0     0     0     0     0     0     0     0
     0     0     0     0     0     0     0     0     0     0     0     0
     0     0     0     0     0     0     0     0     0     0     0     0
     0     0     0     0     0     0     0     0     0     0     0     0
     0     0     0     0     0     0     0     0     0     0     0     0
     0     0     0     0     0     0     0     0     0     0     0     0
     0     0     0     0     0     0     0     0     0     0     0     0
     0     0     0     0     0     0     0     0     0     0     0     0
     0     0     0     0     0     0     0     0     0     0     0     0
     0     0     0     0     0     0     0     0     0     0     0     0
     0     0     0     0     0     0     0     0     0     0     0     0
     0     0     0     0     0     0     0     0     0     0     0     0
     0     0     0     0     0     0     0     0     0     0     0     0
     0     0     0     0     0     0     0     0     0     0     0     0
     0     0     0     0     0     0     0     0     0     0     0     0
     0     0     0     0     0     0     1     0     0     0     0     0
     0     0     0     0     0     0     0     0     0     0     0     0
     0     0     0     0     0     0     0     0     0     0     0     0
     0     0     0     0     0     0     0     0     0     0     0     0
     0     0     0     0     0     0     0     0     0     0     0     0
     0     0     0     0     0     0     0     0     0     0     0     0
     0     0     0     0     0     0     0     0     0     0     0     0
     0     0     0     0     0     0     0     0     0     0     0     0
     0     0     0     0     0     0     0     0     0     0     0     0
     0     0     0     0     0     0     0     0     0     0     0     0
     0     0     0     0     0     0     0     0     0     0     0     0
     0     0     0     0     0     0     0     0     0     0     0     0
     0     0     0     0     0     0     0     0     0     0     0     0
     0     0     0     0     0     0     0     0     0     0     0     0
