17
Roanoke, VA 13741
     0
      -1.800        .000       5.000      10.000      16.700      21.100
      23.200      22.700      18.200      12.100       6.600        .600
       2.700       4.400       9.300      15.000      20.600      24.300
      26.100      25.600      22.200      16.100      11.100       5.000
       7.100       9.300      15.000      20.000      23.800      27.700
      29.300      28.800      25.600      20.600      15.600       9.300
      40.000      37.000      34.000      34.000      41.000      47.000
      49.000      50.000      50.000      42.000      41.000      41.000
      51.000      50.000      48.000      48.000      57.000      58.000
      61.000      63.000      63.000      56.000      55.000      53.000
      67.000      71.000      69.000      68.000      76.000      74.000
      76.000      78.000      79.000      76.000      75.000      71.000
       2.000       2.000       2.400       2.400       2.000       2.000
       2.000       2.000       2.000       2.000       2.000       2.000
       3.100       3.100       3.500       3.500       3.100       2.700
       2.700       2.400       2.400       2.700       3.100       3.100
       5.200       5.200       5.200       5.200       4.000       4.000
       3.500       3.100       3.100       4.000       4.400       4.800
     280.000     280.000     290.000     280.000     280.000     280.000
     280.000     280.000     150.000     290.000     290.000     280.000
     1
       2.663       4.878      10.043      15.170      20.143      24.433
      26.284      25.624      22.012      16.171      11.068       5.041
      54.705      54.552      52.441      51.886      58.417      60.484
      62.353      63.819      64.648      58.854      58.070      57.006
     2
    21    22    21    20    47    33    54    55    37    62    33    24
    27    27    25    28    45    44    71    56    57    60    44    37
    25    21    14    24    24    22    40    47    38    33    28    23
    20    24    13    20    32    29    22    38    43    43    32    33
    43    40    17    26    36    64    61    64    71    54    43    28
    34    26    19    17    15    22    28    37    34    38    32    29
    25    31    25    17    22    27    30    33    48    44    24    37
    11    19    12    15    17    10    28    25    25    26    25    21
    30    33    22    19    28    29    37    52    48    31    27    28
    26    15    11    16    23    17    23    34    26    29    22    24
    34    37    41    33    40    31    32    42    47    36    36    40
    40    41    31    28    52    31    33    63    43    61    48    44
    38    35    31    43    37    35    36    47    40    55    39    32
    66    64    56    43    58    56    55    86    88    81    61    62
    31    33    27    30    46    30    44    68    70    60    41    50
    52    46    40    52    50    71    58    81    62    82    68    53
    42    44    37    48    49    48    82    55    66    52    61    47
    70    79    59    67    80    73   101   112   106    84    74    78
    39    28    22    28    40    51    69    70    55    45    39    29
    32    34    39    43    44    58    62    58    56    47    44    31
    22    27    29    28    34    60    46    55    49    36    37    29
    33    31    32    36    40    49    64    54    41    45    27    32
    29    33    34    29    59    74    79    94    66    65    51    36
    33    36    39    33    57    76    82    82    69    61    37    33
    33    21    34    32    46    77    86    77    80    57    32    33
     7    24    21    25    37    67    70    56    41    34    26    23
    28    12    27    33    48    67    72    79    62    46    24    30
    12    15    19    29    33    46    54    49    39    41    31    23
    32    17    16    21    34    59    67    78    47    49    34    22
    20    21    18    26    45    50    64    57    56    39    18    27
    23    13    12    30    32    49    59    60    52    33    23    18
    20    14    22    27    34    58    40    52    56    29    33    26
    12    18     9     7    24    35    41    52    21    28    18     9
    21    16    19    22    43    37    46    55    55    27    22    20
    20    11    17    25    33    33    35    49    45    27    25    22
    38    31    33    40    58    59    70    88    56    76    46    33
     3
    54    49    48    50    50    63    80    97    93    98    50    43
    54    40    67    45    76    74   111   112   119   112    74    43
    46    29    37    42    39    43    77    81    73    56    65    37
    36    27    34    51    51    72    63    86    94    58    42    35
    52    54    40    53    65    80    83    93   127    86    61    46
    27    28    29    25    49    52    56    69    37    53    18    30
    27    34    34    31    49    53    49    65    65    32    22    31
    20    17    26    17    26    16    37    35    26    23    25    10
    30    32    59    48    53    53    60    98    69    32    35    40
    30    29    40    35    42    34    30    42    57    32    34    32
    52    69    88    58    93    86    78   117    92    86    56    75
    91   104   111    94   111   103   105   115   120   101   100    91
    85    88   115   120   150   118   125   148   140   141   106   100
   106   118   141   128   186   159   155   217   244   168   161   137
    74    56   110   134   167   121   163   176   148   110    86    66
    68    96   119   105   176   154   174   162   145   123   103    74
    48    69    78    89   126   128   149   116   116    84    74    69
    57    68   110   117   143   172   187   202   156    97    73    68
    24    23    56    50    69    77    80    70    66    45    38    26
    22    37    49    50    79    76    86    85    55    32    28    30
    25    23    45    36    46    57    67    49    44    27    26    37
    29    27    48    53    69    48    73    65    50    26    30    36
    63    53    78    70   111   109   130   126    88    70    60    61
    63    57    57    93   135   171   165   126   116    66    79    61
    70    59    58    66   145   162   197   141   113    83    58    73
    46    33    36    45    87   121   152   124    73    47    60    53
    48    37    57    56   100   181   168   157    98    80    56    76
    47    31    39    38    86   111   108   102    73    59    37    35
    44    41    56    59    88   115   148   106    90    79    61    58
    44    27    50    48    90   123   128    98    91    69    61    53
    34    45    53    59    88   123   121   125   109    60    61    44
    44    27    49    53    68    93   121   100    88    67    29    42
    37    30    28    34    44    57    59    52    54    36    17    23
    29    18    29    28    56    78    90    80    62    40    33    18
    24    28    34    21    58    61    65    61    64    37    25    30
    71    47    61    56    86   120   120   136    98    95    58    38
     4
    23    11    26    24    25    19    34    34    43    32    22    20
    31    16    34    28    41    54    43    57    66    41    47    18
    17    21    34    14    22    16    21    29    36    29    15    18
    17    11    20    22    26    26    23    24    33    24    12    14
    17     9    14    21    22    32    41    29    40    26    18    18
     6     8     4    10    15    11     7    16    15     6     4     4
     8     3    20    13    21    20    15    17    20    18     2     3
     3     2     8     9    11     7     6    11    17     4     1     0
     6    12    10    17    17    16     7    20    26    13     7     5
     9    13    22    12    16    13    11    19    12    11     7     4
    29    30    46    37    50    37    38    49    29    26    18    23
    47    40    68    71    77    35    42    53    53    47    35    34
    51    55    96   106    89    72    65    72    61    68    36    40
    65    73   118   106   161   132   110   113   116   107    72    66
    32    45    72    70    99    73    67    80    50    42    44    48
    24    32    71    63   110    96    98    76    75    48    38    25
    14    21    40    56    66    57    56    59    36    32    15     9
    15    19    46    50    77    91    65    52    39    26    26    12
     4     7    13    22    26    19    21    11    21    13     6     8
     9    12    25    18    23    20    24    19    10     9     6     7
     5    12    19    19    15    14    12    18     8    10    11    12
    22    15    22    18    27    21    12    15     7    10    18    20
    49    49    49    61    57    65    74    48    27    21    42    46
    50    44    44    50    62    75    50    67    31    33    46    50
    47    45    50    46    82   108    94    59    50    55    50    61
    38    27    19    26    55    73    72    63    34    44    33    30
    57    24    44    29    68   100    84    62    49    48    33    45
    36    23    30    30    56    65    63    51    32    25    38    24
    38    37    34    44    61    98    96    70    56    69    54    59
    45    27    50    50    58    64    69    60    43    63    47    43
    35    39    58    51    55    56    74    52    53    53    49    45
    34    38    52    35    64    63    70    55    51    55    53    41
    13    17    25    25    34    31    33    26    20    36    17    23
    12    18    26    29    38    49    45    51    28    30    16    12
     4    11    15    18    27    21    30    18    25    20    12     7
    26    22    23    22    32    43    53    52    51    29    18    17
     5
     8    16    28    19    33    16    14    32    29    25    23     9
    17    31    46    26    38    33    28    47    43    34    45    28
    11    10    29    25    14    17    14    23    34    18     9    10
     3    18    23    21    19    12    11    25    19    13     9    10
     5    10    32    20    20    30    23    22    31    20    14    17
     3     3     5     6    10     4     8     8    15     3     2     1
     2     3    10     9     8    10    10     8    14     6     4     0
     0     3     5     6     9     7     1     3     5     3     6     0
     2     5     9    11    23    16     8    17    14     4     2     4
     1     3    12    15     8     4     5     7     4    10     3     4
    17    33    48    45    39    23    24    26    20    13    16    11
    21    21    67    62    60    23    23    40    30    20    22    24
    34    33    98    82    78    36    31    45    40    50    28    18
    47    66   143   141   146   103    87    83    62    60    72    53
    10    30    88    72    86    33    42    42    39    27    33    24
    17    30    79   103    70    63    59    41    35    32    44    26
     4    14    37    45    56    33    22    19    22    22    21     7
     9     9    48    57    72    67    43    29    22    27    15    10
     6     7    27    33    33    15     9    11     8     5     6     2
    10    10    26    45    26    24    21    18     8    10     5     6
     3    14    15    20     9     4     3     6     2     5     5     9
    33    21    26    24    33    13    11    13     6    13    16    19
    73    80    69   101    55    60    75    37    15    42    58    68
    78    65    71    66    71    30    37    28    27    47    43    67
    94    57    76    98   102   112   115    59    44    85    73    99
    58    39    60    55    47    73    53    46    29    41    48    61
    88    67    72    71    86   108    71    70    59    69    78    72
    58    54    81    67    73    91    51    48    41    48    63    48
   106   104   104   123   115    90   116    81    72    88   108   111
   101    93   116   122   116   109    72    61    53    90   106    97
   107    98   130   108    88   104    89    62    74   116   102   117
    78    77   117   124   112    85    90    76    73    81    99    90
    29    28    52    60    56    54    37    35    38    45    32    25
    37    46    49    69    63    46    56    51    36    57    55    31
     9    22    30    23    38    33    27    23    29    15    14    18
    15    27    36    26    41    28    35    36    49    20    17    15
     6
     2     2     3     8     8     3     1     4     8     3     2     7
     3    16    12    11    18    14     6     2    13     7    12     7
     0     5     8     7     3     4     3     2     4     9     1     6
     3     0     8     1     4     4     2     1     2     5     0     1
     1     3     4     7     9     4     6     2     5     9     5     3
     1     0     1     1     3     0     2     1     0     1     1     0
     3     1     1     2     2     5     0     0     3     2     5     0
     0     2     0     2     2     1     1     1     0     0     3     0
     0     1     1     1     2     2     3     2     1     1     1     0
     0     1     5     2     2     0     0     1     1     0     0     0
     2     5    12    11     4     3     3     7     0     2     2     0
     2     1    15    14     8     7     1     1     1     2     6     2
     1     6    17    35    12     8    10     3     5     3     9     2
     6    17    43    41    27    16    13    17     5     9    10     4
     2     7    21    24    13     7     3     4     3     5     7     3
     3     6    26    43    20    17    13     3     6    15     9     3
     3     3    18    14     9     8     3     4     5     3     9     1
     6     3    25    18    25    21     9     3    10     7     9     4
     2     4    11    15    11     2     0     0     0     4     1     2
     4     4    17    22    11     9     6     3     3     0     2     3
     2     0     5    10     4     2     0     1     1     0     1     3
     4    16    15    17     8     0     0     2     1     3     2     4
    47    42    60    75    39    21    21     9     9    22    23    19
    39    44    36    44    26     7     7     7     1     7    19    16
    67    52    58    61    54    30    35    28     9    26    36    63
    40    30    32    34    16    20     6     4     3    26    18    23
    68    51    46    65    49    25    25    10    22    20    44    45
    43    49    42    54    25    29    20    14    13    16    28    33
   104    98   144   131    73    59    44    23    32    70   101    98
   106   113   117   108    72    57    40    17    20    62    90    91
   119    99   126   108    72    49    28    23    31    64    80    93
    66    91   110    98    76    48    36    23    34    68    85    71
    22    36    51    46    27    22     4     6    11    19    25    33
    22    21    43    60    23    13    17    18    11    19    30    17
    10    10    12    19    15     7     5     4     5    13    10     6
     5     8    20    17    18     7     6     7     7     8     8     1
     7
     0     0     2     1     4     1     3     2     1     1     0     0
     1     0     3     1     2     2     0     1     0     0     0     1
     0     0     0     0     1     0     0     0     2     0     0     2
     0     0     0     0     2     0     1     0     0     0     0     0
     0     1     1     0     0     1     2     1     2     2     0     0
     0     0     0     1     0     0     0     0     0     0     0     0
     0     0     1     3     0     0     0     0     1     0     0     0
     1     0     0     1     0     1     0     0     0     0     1     1
     0     0     0     0     0     0     0     0     0     0     0     0
     0     0     0     0     0     0     0     0     0     0     0     0
     1     0     0     1     3     0     0     0     0     0     1     0
     0     0     1     1     0     1     1     0     0     1     0     0
     1     0     1     1     1     1     0     0     0     0     2     0
     0     1     4     7     5     2     2     0     0     0     1     0
     1     2     2     4     5     0     1     0     0     0     0     0
     0     3     4     6     7     1     2     0     0     0     3     0
     0     1     6     7     6     0     0     1     1     0     0     0
     1     2    12    10     6     0     2     0     1     1     0     1
     0     1     5     4     0     0     0     1     0     0     0     0
     1     1     6     6     1     0     0     0     0     0     0     2
     1     0     0     5     0     0     0     1     0     0     0     1
     0     2     2     1     2     0     0     0     0     0     0     1
    26    11    23    12     5     5    10     3     1     8     4    10
     4    10     6    10     7     0     0     0     0     0     3     6
    13    16    26    32    13     5     5     4     2     8     9    14
    10     9    13    12     5     0     1     3     0     2     5     2
    21    13    21    31     8     8     6     1     3    10    12    15
    14    16    19    18    11     6     6     0     4     4     8    10
    59    52    52    53    40    11     8     8     8    19    41    35
    89    57    64    53    25    18     5     0     5    18    27    39
    53    43    51    51    17    15     6     1     7    21    30    38
    27    26    43    46    14     9    10     4     3    11    23    21
    11    13    15    12     7     2     4     0     3     4     8     8
     5     8    10    22    11     5     3     3     2     4     8     7
     1     2     9     6     4     1     1     0     0     2     0     0
     2     1     3     1     3     3     0     1     2     1     0     0
     8
     1     1     0     1     0     0     0     0     0     0     0     1
     1     2     1     0     6     2     0     0     0     1     0     0
     0     0     0     0     1     0     0     1     1     1     0     0
     0     0     0     1     0     0     0     0     0     0     0     0
     0     0     0     0     2     1     0     0     1     0     3     0
     0     0     0     1     0     0     0     0     1     0     0     0
     0     0     0     2     1     0     1     0     0     0     1     0
     0     1     0     0     0     0     1     0     0     0     0     0
     0     0     0     0     0     0     1     0     0     0     1     0
     0     0     0     0     0     0     0     0     0     0     0     0
     0     1     1     0     0     0     0     0     0     0     0     0
     0     0     0     1     0     0     0     0     0     0     0     0
     0     0     0     1     0     0     0     0     0     0     0     0
     0     0     0     3     3     0     0     1     1     0     0     0
     0     0     0     1     1     0     1     0     0     0     0     1
     0     0    10     8     4     1     2     1     0     1     2     0
     0     0     2     2     1     0     0     0     0     0     0     0
     0     2     9    10     6     2     1     1     1     0     0     0
     0     1     1     1     0     1     1     0     1     0     1     0
     1     0     8     5     4     0     0     0     0     0     0     1
     1     1     0     1     1     0     0     0     0     0     0     1
     1     0     5     1     0     0     0     0     0     0     1     0
    21    16    18    29     8     5     9     2     0     1     2     5
     4     8     4     6     2     0     0     0     0     1     1     1
    34    20    21    30    16     1     8     2     2    15     5    22
    11     5     6    17     2     2     0     0     0     2     3     1
    22    21    22    37    12     3     3     0     0     4     9    19
    22    17    16    17     9     3     1     0     1     7    13    12
    87    57    95    83    22    13     8     1     3    19    37    63
    86    67    73    63    20     7     1     1     1    18    29    41
    56    53    47    52    12     8     0     1     6    22    38    32
    33    38    43    51    19     5     4     2     5    12    25    15
     6    13    15    14     5     2     1     0     2     3     7     2
     3    10     9    13     7     6     4     2     0     1     4     3
     6     0     4     4     5     0     2     1     0     3     0     2
     2     1     3     1     1     4     0     2     0     2     0     0
     9
     0     0     0     0     0     0     0     0     0     0     0     0
     0     0     0     0     0     0     0     0     0     0     0     0
     0     0     0     0     0     0     0     0     0     0     0     0
     0     0     0     0     0     0     0     0     0     0     0     0
     0     0     0     0     0     0     0     0     1     1     0     0
     0     0     0     0     0     0     0     0     1     0     0     0
     0     0     0     0     0     0     0     0     0     0     0     0
     0     0     0     1     0     0     0     0     0     0     0     0
     0     0     0     0     0     1     0     0     0     0     0     0
     0     0     0     0     0     0     0     0     0     0     0     0
     0     0     0     0     0     0     0     0     0     0     0     0
     0     0     0     0     0     0     0     0     0     0     0     0
     0     0     0     1     0     0     0     0     0     0     0     0
     0     0     0     0     0     0     0     0     0     0     0     0
     1     0     0     0     0     0     0     0     1     0     0     0
     0     0     0     0     0     0     1     0     0     0     0     0
     0     0     0     0     0     0     0     0     0     0     0     0
     0     0     1     1     0     0     0     0     1     0     0     0
     0     0     0     0     0     0     0     0     0     0     0     0
     0     0     2     0     0     0     0     0     0     0     0     0
     0     0     1     1     0     0     0     0     0     0     0     0
     0     0     0     0     0     0     0     0     0     0     0     0
     5     4    13     5     1     0     0     0     0     0     0     0
     1     2     1     1     0     0     0     1     0     0     0     0
     3     3     6     7     2     0     0     0     0     1     2     1
     1     0     1     0     0     0     0     0     0     0     0     1
     6     3     2    12     1     0     1     0     0     1     4     4
     8     3     4     4     1     0     0     0     0     0     4     5
    20    15    11     9     9     3     2     1     0     3     9     8
    24    17    20    17     1     1     0     0     0     2     7     6
    11    14    13     8     3     1     0     1     1     3    11    10
     8     8    17     9     4     0     0     0     1     2     6     4
     1     2     1     0     0     1     0     0     0     0     0     0
     1     2     0     2     0     0     0     0     0     0     2     0
     0     0     0     0     0     0     0     0     0     0     0     0
     0     0     1     0     0     0     1     1     0     0     0     0
    10
     0     0     0     0     0     0     1     0     0     0     0     0
     0     0     0     0     0     0     0     0     0     0     0     0
     0     0     0     0     0     0     0     0     0     0     0     0
     0     0     0     0     0     0     0     0     0     1     0     0
     0     0     0     0     0     0     0     0     0     0     0     0
     0     0     0     0     0     0     0     0     0     0     0     0
     0     0     0     0     1     0     0     0     0     0     1     0
     0     0     0     0     0     0     0     0     0     0     0     0
     0     0     0     0     0     0     0     0     0     0     1     0
     0     0     0     0     0     0     0     0     0     0     0     0
     0     0     0     0     0     0     0     0     0     0     0     0
     0     0     0     0     0     0     0     0     0     0     0     0
     0     0     0     0     0     0     0     0     0     0     0     0
     0     0     0     0     0     0     0     0     0     0     0     0
     0     0     0     0     0     0     0     0     0     0     0     0
     0     0     1     0     1     0     0     0     0     0     0     0
     0     0     0     0     0     0     0     0     0     0     0     0
     0     0     0     0     0     0     0     0     0     0     0     0
     0     0     0     0     0     0     0     0     0     0     0     1
     0     0     2     0     0     0     0     0     0     0     0     0
     0     0     0     0     0     0     0     0     0     0     0     0
     0     0     1     0     0     0     0     0     0     0     0     0
     2     1     0     6     0     0     0     0     0     0     0     0
     0     0     1     0     0     0     0     0     0     0     0     0
     3     1     8     4     0     0     0     0     0     1     1     3
     1     0     1     3     0     0     0     0     0     1     0     0
     4     3     2     6     0     0     0     0     0     1     2     3
     2     2     7     0     0     0     0     0     0     0     1     0
    13     5    12     7     0     0     0     0     0     0     4     8
    18     7     6     6     2     1     1     0     0     3     2    11
     6     4     8    11     1     0     0     0     0     0     3     4
     8     5     7     5     0     0     0     0     1     1     1     2
     0     3     2     0     0     0     0     1     0     0     0     0
     0     0     1     2     1     0     0     0     0     1     0     0
     0     0     0     0     1     0     0     0     0     0     0     0
     0     0     0     0     0     0     0     0     0     0     0     0
    11
     0     0     0     0     0     0     0     0     0     0     0     0
     0     0     0     0     0     0     0     0     0     0     0     0
     0     0     0     0     0     0     0     0     0     0     0     0
     0     0     0     0     0     0     0     0     0     1     0     0
     0     0     0     0     0     0     0     0     0     0     0     0
     0     0     0     0     0     0     0     0     0     0     0     0
     0     0     0     0     0     0     0     0     0     0     0     0
     0     0     0     0     0     0     0     0     0     0     0     0
     0     0     0     0     0     0     0     0     0     0     0     0
     0     0     0     0     0     0     0     0     0     0     0     0
     0     0     0     0     0     0     0     0     0     0     0     0
     0     0     0     0     0     0     0     0     1     0     0     0
     0     0     0     0     0     0     0     0     0     0     0     0
     0     0     0     0     0     0     0     0     0     0     0     0
     0     0     0     0     0     0     0     0     0     0     0     0
     0     1     0     0     0     0     0     0     0     0     0     0
     0     0     0     0     0     0     0     0     0     0     0     0
     0     1     0     0     0     0     0     0     0     0     0     0
     0     0     0     0     0     0     0     0     0     0     0     0
     0     0     3     0     0     0     0     0     0     0     0     0
     0     0     2     0     0     0     0     0     0     0     0     0
     0     0     0     0     0     0     0     0     0     0     0     0
     2     1     2     7     0     0     0     0     0     0     0     0
     2     0     0     0     0     0     0     0     0     0     0     0
     4     3     5    12     0     0     0     0     0     0     0     3
     0     0     1     1     0     0     0     0     0     0     0     0
     4     3     2     4     0     0     0     0     0     1     1     3
     1     4     3     1     0     0     0     0     0     0     1     0
    15     8    23    12     1     1     0     0     0     0     4     5
    11     4    11     2     1     0     0     0     0     0     3     6
     6     2     8     9     0     2     0     0     0     0     1     3
     4     2     7     5     2     0     0     0     0     0     5     1
     1     0     1     0     0     0     0     0     0     0     1     1
     0     0     2     0     1     1     0     0     0     1     1     0
     0     0     0     0     0     0     0     0     0     0     0     0
     0     0     0     0     0     0     0     0     0     0     0     0
    12
     0     0     0     0     0     0     0     0     0     0     0     0
     0     0     0     0     0     0     0     0     0     0     0     0
     0     0     0     0     0     0     0     0     0     0     0     0
     0     0     0     0     0     0     0     0     0     0     0     0
     0     0     0     0     0     0     0     0     0     0     0     0
     0     0     0     0     0     0     0     0     0     0     0     0
     0     0     0     0     0     0     0     0     0     0     0     0
     0     0     0     0     0     0     0     0     0     0     0     0
     0     0     0     0     0     0     0     0     0     0     0     0
     0     0     0     0     0     0     0     0     0     0     0     0
     0     0     0     0     0     0     0     0     0     0     0     0
     0     0     0     0     0     0     0     0     1     0     0     0
     0     0     0     0     0     0     0     0     2     0     0     0
     0     0     0     0     0     0     0     0     0     0     0     0
     0     0     0     0     0     0     0     0     1     0     0     0
     0     1     0     0     0     0     0     0     0     0     0     0
     0     0     0     0     0     0     0     0     0     0     0     0
     0     0     0     0     1     0     0     0     0     0     0     0
     0     0     0     0     0     0     0     0     0     0     0     0
     0     0     1     0     0     0     0     0     0     0     0     0
     0     0     0     0     0     0     0     0     0     0     0     0
     0     0     0     0     0     0     0     0     0     0     0     0
     4     1     2     1     0     0     0     0     0     0     0     0
     0     0     2     0     0     0     0     0     0     0     0     0
     2     2     4     3     1     0     0     0     0     0     0     0
     0     0     1     0     0     0     0     0     0     0     0     0
     8     2     7     6     1     0     0     0     0     0     0     0
     3     0     3     3     0     0     0     0     0     0     0     0
     8     4     8     3     2     0     0     0     0     0     1     3
     4     1     6     3     0     0     0     0     0     0     0     2
     3     2     4     8     1     0     0     0     0     0     3     0
     2     0     3     4     1     1     0     0     0     0     2     1
     0     0     0     1     1     0     0     0     0     0     0     0
     0     1     1     0     0     1     0     0     0     0     3     0
     0     0     0     0     0     0     0     0     0     0     0     0
     0     0     0     0     0     0     0     0     0     0     0     0
    13
     0     0     0     0     0     0     0     0     0     0     0     0
     0     0     0     0     0     0     0     0     0     0     0     0
     0     0     0     0     0     0     0     0     0     0     0     0
     0     0     0     0     0     0     0     0     0     0     0     0
     0     0     0     0     0     0     0     0     0     0     0     0
     0     0     0     0     0     0     0     0     0     0     0     0
     0     0     0     0     0     0     0     0     0     0     0     0
     0     0     0     0     0     0     0     0     0     0     0     0
     0     0     0     0     0     0     0     0     0     0     0     0
     0     0     0     0     0     0     0     0     0     0     0     0
     0     0     0     0     0     0     0     0     0     0     0     0
     0     0     0     0     0     0     0     0     0     0     0     0
     0     0     0     0     0     0     0     0     0     0     0     0
     0     0     0     0     0     0     0     0     0     0     0     0
     0     0     0     0     0     0     0     0     0     0     0     0
     0     0     0     0     0     0     0     0     0     0     0     0
     0     0     0     0     0     0     0     0     0     0     0     0
     0     0     0     0     0     0     0     0     0     0     0     0
     0     0     0     0     0     0     0     0     0     0     0     0
     0     0     0     0     0     0     0     0     0     0     0     0
     0     0     0     0     0     0     0     0     0     0     0     0
     0     0     0     0     0     0     0     0     0     0     0     0
     0     0     0     0     0     0     0     0     0     0     0     0
     0     0     2     0     0     0     0     0     0     0     0     0
     0     0     0     2     0     0     0     0     0     0     0     0
     0     0     0     0     0     0     0     0     0     0     0     0
     0     0     0     0     0     0     0     0     0     0     0     0
     1     0     2     0     0     0     0     0     0     0     0     0
     1     0     0     1     0     0     0     0     0     0     0     1
     0     0     1     0     0     0     0     0     0     0     0     0
     0     0     0     0     0     0     0     0     0     0     0     0
     0     0     0     0     0     0     0     0     0     0     1     1
     0     0     0     0     0     0     0     0     0     0     0     0
     0     0     0     0     0     0     0     0     0     0     1     0
     0     0     0     0     0     0     0     0     0     0     0     0
     0     0     0     0     0     0     0     0     0     0     0     0
    14
     0     0     0     0     0     0     0     0     0     0     0     0
     0     0     0     0     0     0     0     0     0     0     0     0
     0     0     0     0     0     0     0     0     0     0     0     0
     0     0     0     0     0     0     0     0     0     0     0     0
     0     0     0     0     0     0     0     0     0     0     0     0
     0     0     0     0     0     0     0     0     0     0     0     0
     0     0     0     0     0     0     0     0     0     0     0     0
     0     0     0     0     0     0     0     0     0     0     0     0
     0     0     0     0     0     0     0     0     0     0     0     0
     0     0     0     0     0     0     0     0     0     0     0     0
     0     0     0     0     0     0     0     0     0     0     0     0
     0     0     0     0     0     0     0     0     0     0     0     0
     0     0     0     0     0     0     0     0     0     0     0     0
     0     0     0     0     0     0     0     0     0     0     0     0
     0     0     0     0     0     0     0     0     0     0     0     0
     0     0     0     0     0     0     0     0     0     0     0     0
     0     0     0     0     0     0     0     0     0     0     0     0
     0     0     0     0     0     0     0     0     0     0     0     0
     0     0     0     0     0     0     0     0     0     0     0     0
     0     0     0     0     0     0     0     0     0     0     0     0
     0     0     0     0     0     0     0     0     0     0     0     0
     0     0     0     0     0     0     0     0     0     0     0     0
     0     0     0     0     0     0     0     0     0     0     0     0
     0     0     2     0     0     0     0     0     0     0     0     0
     0     0     1     1     0     0     0     0     0     0     0     0
     0     0     1     0     0     0     0     0     0     0     0     0
     0     0     1     0     0     0     0     0     0     0     0     0
     0     0     2     0     0     0     0     0     0     0     0     0
     1     1     1     1     0     0     0     0     0     0     0     0
     0     0     1     0     0     0     0     0     0     0     0     0
     0     0     0     1     0     0     0     0     0     0     0     0
     0     0     0     0     0     0     0     0     0     0     0     0
     0     0     0     0     0     0     0     0     0     0     0     0
     0     0     0     0     0     0     0     0     0     0     0     0
     0     0     0     0     0     0     0     0     0     0     0     0
     0     0     0     0     0     0     0     0     0     0     0     0
    15
     0     0     0     0     0     0     0     0     0     0     0     0
     0     0     0     0     0     0     0     0     0     0     0     0
     0     0     0     0     0     0     0     0     0     0     0     0
     0     0     0     0     0     0     0     0     0     0     0     0
     0     0     0     0     0     0     0     0     0     0     0     0
     0     0     0     0     0     0     0     0     0     0     0     0
     0     0     0     0     0     0     0     0     0     0     0     0
     0     0     0     0     0     0     0     0     0     0     0     0
     0     0     0     0     0     0     0     0     0     0     0     0
     0     0     0     0     0     0     0     0     0     0     0     0
     0     0     0     0     0     0     0     0     0     0     0     0
     0     0     0     0     0     0     0     0     0     0     0     0
     0     0     0     0     0     0     0     0     0     0     0     0
     0     0     0     0     0     0     0     0     0     0     0     0
     0     0     0     0     0     0     0     0     0     0     0     0
     0     0     0     0     0     0     0     0     0     0     0     0
     0     0     0     0     0     0     0     0     0     0     0     0
     0     0     0     0     0     0     0     0     0     0     0     0
     0     0     0     0     0     0     0     0     0     0     0     0
     0     0     0     0     0     0     0     0     0     0     0     0
     0     0     0     0     0     0     0     0     0     0     0     0
     0     0     0     0     0     0     0     0     0     0     0     0
     0     0     0     0     0     0     0     0     0     0     0     0
     0     0     0     0     0     0     0     0     0     0     0     0
     0     1     0     0     0     0     0     0     0     0     0     0
     0     0     0     0     0     0     0     0     0     0     0     0
     0     0     0     0     0     0     0     0     0     0     0     0
     0     0     0     0     0     0     0     0     0     0     0     0
     0     0     0     0     0     0     0     0     0     0     0     0
     0     0     1     0     0     0     0     0     0     0     0     0
     0     0     0     1     0     0     0     0     0     0     0     0
     0     0     0     0     0     0     0     0     0     0     0     0
     0     0     0     0     0     0     0     0     0     0     0     0
     0     0     0     0     0     0     0     0     0     0     1     0
     0     0     0     0     0     0     0     0     0     0     0     0
     0     0     0     0     0     0     0     0     0     0     0     0
    16
     0     0     0     0     0     0     0     0     0     0     0     0
     0     0     0     0     0     0     0     0     0     0     0     0
     0     0     0     0     0     0     0     0     0     0     0     0
     0     0     0     0     0     0     0     0     0     0     0     0
     0     0     0     0     0     0     0     0     0     0     0     0
     0     0     0     0     0     0     0     0     0     0     0     0
     0     0     0     0     0     0     0     0     0     0     0     0
     0     0     0     0     0     0     0     0     0     0     0     0
     0     0     0     0     0     0     0     0     0     0     0     0
     0     0     0     0     0     0     0     0     0     0     0     0
     0     0     0     0     0     0     0     0     0     0     0     0
     0     0     0     0     0     0     0     0     0     0     0     0
     0     0     0     0     0     0     0     0     0     0     0     0
     0     0     0     0     0     0     0     0     0     0     0     0
     0     0     0     0     0     0     0     0     0     0     0     0
     0     0     0     0     0     0     0     0     0     0     0     0
     0     0     0     0     0     0     0     0     0     0     0     0
     0     0     0     0     0     0     0     0     0     0     0     0
     0     0     0     0     0     0     0     0     0     0     0     0
     0     0     0     0     0     0     0     0     0     0     0     0
     0     0     0     0     0     0     0     0     0     0     0     0
     0     0     0     0     0     0     0     0     0     0     0     0
     0     0     0     0     0     0     0     0     0     0     0     0
     0     0     0     0     0     0     0     0     0     0     0     1
     0     1     0     0     0     0     0     0     0     0     0     0
     0     0     0     0     0     0     0     0     0     0     0     0
     0     0     0     0     0     0     0     0     0     0     0     0
     0     0     0     0     0     0     0     0     0     0     0     0
     0     0     0     0     0     0     0     0     0     0     0     0
     0     0     0     0     0     0     0     0     0     0     0     0
     0     0     0     2     0     0     0     0     0     0     0     0
     0     0     0     0     0     0     0     0     0     0     0     0
     0     0     0     0     0     0     0     0     0     0     0     0
     0     0     0     0     0     0     0     0     0     0     0     0
     0     0     0     0     0     0     0     0     0     0     0     0
     0     0     0     0     0     0     0     0     0     0     0     0
    17
     0     0     0     0     0     0     0     0     0     0     0     0
     0     0     0     0     0     0     0     0     0     0     0     0
     0     0     0     0     0     0     0     0     0     0     0     0
     0     0     0     0     0     0     0     0     0     0     0     0
     0     0     0     0     0     0     0     0     0     0     0     0
     0     0     0     0     0     0     0     0     0     0     0     0
     0     0     0     0     0     0     0     0     0     0     0     0
     0     0     0     0     0     0     0     0     0     0     0     0
     0     0     0     0     0     0     0     0     0     0     0     0
     0     0     0     0     0     0     0     0     0     0     0     0
     0     0     0     0     0     0     0     0     0     0     0     0
     0     0     0     0     0     0     0     0     0     0     0     0
     0     0     0     0     0     0     0     0     0     0     0     0
     0     0     0     0     0     0     0     0     0     0     0     0
     0     0     0     0     0     0     0     0     0     0     0     0
     0     0     0     0     0     0     0     0     0     0     0     0
     0     0     0     0     0     0     0     0     0     0     0     0
     0     0     0     0     0     0     0     0     0     0     0     0
     0     0     0     0     0     0     0     0     0     0     0     0
     0     0     0     0     0     0     0     0     0     0     0     0
     0     0     0     0     0     0     0     0     0     0     0     0
     0     0     0     0     0     0     0     0     0     0     0     0
     0     0     0     0     0     0     0     0     0     0     0     0
     0     0     0     0     0     0     0     0     0     0     0     0
     0     0     0     0     0     0     0     0     0     0     0     0
     0     0     0     0     0     0     0     0     0     0     0     0
     0     0     0     1     0     0     0     0     0     0     0     0
     0     0     0     0     0     0     0     0     0     0     0     1
     0     0     0     0     0     0     0     0     0     0     0     0
     0     0     0     0     0     0     0     0     0     0     0     0
     0     0     0     0     0     0     0     0     0     0     0     0
     0     0     0     0     0     0     0     0     0     0     0     0
     0     0     0     0     0     0     0     0     0     0     0     0
     0     0     0     0     0     0     0     0     0     0     0     0
     0     0     0     0     0     0     0     0     0     0     0     0
     0     0     0     0     0     0     0     0     0     0     0     0
    18
     0     0     0     0     0     0     0     0     0     0     0     0
     0     0     0     0     0     0     0     0     0     0     0     0
     0     0     0     0     0     0     0     0     0     0     0     0
     0     0     0     0     0     0     0     0     0     0     0     0
     0     0     0     0     0     0     0     0     0     0     0     0
     0     0     0     0     0     0     0     0     0     0     0     0
     0     0     0     0     0     0     0     0     0     0     0     0
     0     0     0     0     0     0     0     0     0     0     0     0
     0     0     0     0     0     0     0     0     0     0     0     0
     0     0     0     0     0     0     0     0     0     0     0     0
     0     0     0     0     0     0     0     0     0     0     0     0
     0     0     0     0     0     0     0     0     0     0     0     0
     0     0     0     0     0     0     0     0     0     0     0     0
     0     0     0     0     0     0     0     0     0     0     0     0
     0     0     0     0     0     0     0     0     0     0     0     0
     0     0     0     0     0     0     0     0     0     0     0     0
     0     0     0     0     0     0     0     0     0     0     0     0
     0     0     0     0     0     0     0     0     0     0     0     0
     0     0     0     0     0     0     0     0     0     0     0     0
     0     0     0     0     0     0     0     0     0     0     0     0
     0     0     0     0     0     0     0     0     0     0     0     0
     0     0     0     0     0     0     0     0     0     0     0     0
     0     0     0     0     0     0     0     0     0     0     0     0
     0     0     0     0     0     0     0     0     0     0     0     0
     0     0     0     0     0     0     0     0     0     0     0     0
     0     0     0     0     0     0     0     0     0     0     0     0
     0     0     0     0     0     0     0     0     0     0     0     0
     0     0     0     0     0     0     0     0     0     0     0     0
     0     0     0     0     0     0     0     0     0     0     0     0
     0     0     0     0     0     0     0     0     0     0     0     0
     0     0     0     0     0     0     0     0     0     0     0     0
     0     0     0     0     0     0     0     0     0     0     0     0
     0     0     0     0     0     0     0     0     0     0     0     0
     0     0     0     0     0     0     0     0     0     0     0     0
     0     0     0     0     0     0     0     0     0     0     0     0
     0     0     0     0     0     0     0     0     0     0     0     0
    19
     0     0     0     0     0     0     0     0     0     0     0     0
     0     0     0     0     0     0     0     0     0     0     0     0
     0     0     0     0     0     0     0     0     0     0     0     0
     0     0     0     0     0     0     0     0     0     0     0     0
     0     0     0     0     0     0     0     0     0     0     0     0
     0     0     0     0     0     0     0     0     0     0     0     0
     0     0     0     0     0     0     0     0     0     0     0     0
     0     0     0     0     0     0     0     0     0     0     0     0
     0     0     0     0     0     0     0     0     0     0     0     0
     0     0     0     0     0     0     0     0     0     0     0     0
     0     0     0     0     0     0     0     0     0     0     0     0
     0     0     0     0     0     0     0     0     0     0     0     0
     0     0     0     0     0     0     0     0     0     0     0     0
     0     0     0     0     0     0     0     0     0     0     0     0
     0     0     0     0     0     0     0     0     0     0     0     0
     0     0     0     0     0     0     0     0     0     0     0     0
     0     0     0     0     0     0     0     0     0     0     0     0
     0     0     0     0     0     0     0     0     0     0     0     0
     0     0     0     0     0     0     0     0     0     0     0     0
     0     0     0     0     0     0     0     0     0     0     0     0
     0     0     0     0     0     0     0     0     0     0     0     0
     0     0     0     0     0     0     0     0     0     0     0     0
     0     0     0     0     0     0     0     0     0     0     0     0
     0     0     0     0     0     0     0     0     0     0     0     0
     0     0     0     0     0     0     0     0     0     0     0     0
     0     0     0     0     0     0     0     0     0     0     0     0
     0     0     0     0     0     0     0     0     0     0     0     0
     0     0     0     0     0     0     0     0     0     0     0     0
     0     0     0     0     0     0     0     0     0     0     0     0
     0     0     0     0     0     0     0     0     0     0     0     0
     0     0     0     0     0     0     0     0     0     0     0     0
     0     0     0     0     0     0     0     0     0     0     0     0
     0     0     0     0     0     0     0     0     0     0     0     0
     0     0     0     0     0     0     0     0     0     0     0     0
     0     0     0     0     0     0     0     0     0     0     0     0
     0     0     0     0     0     0     0     0     0     0     0     0
    20
     0     0     0     0     0     0     0     0     0     0     0     0
     0     0     0     0     0     0     0     0     0     0     0     0
     0     0     0     0     0     0     0     0     0     0     0     0
     0     0     0     0     0     0     0     0     0     0     0     0
     0     0     0     0     0     0     0     0     0     0     0     0
     0     0     0     0     0     0     0     0     0     0     0     0
     0     0     0     0     0     0     0     0     0     0     0     0
     0     0     0     0     0     0     0     0     0     0     0     0
     0     0     0     0     0     0     0     0     0     0     0     0
     0     0     0     0     0     0     0     0     0     0     0     0
     0     0     0     0     0     0     0     0     0     0     0     0
     0     0     0     0     0     0     0     0     0     0     0     0
     0     0     0     0     0     0     0     0     0     0     0     0
     0     0     0     0     0     0     0     0     0     0     0     0
     0     0     0     0     0     0     0     0     0     0     0     0
     0     0     0     0     0     0     0     0     0     0     0     0
     0     0     0     0     0     0     0     0     0     0     0     0
     0     0     0     0     0     0     0     0     0     0     0     0
     0     0     0     0     0     0     0     0     0     0     0     0
     0     0     0     0     0     0     0     0     0     0     0     0
     0     0     0     0     0     0     0     0     0     0     0     0
     0     0     0     0     0     0     0     0     0     0     0     0
     0     0     0     0     0     0     0     0     0     0     0     0
     0     0     0     0     0     0     0     0     0     0     0     0
     0     1     0     0     0     0     0     0     0     0     0     0
     0     0     0     0     0     0     0     0     0     0     0     0
     0     0     0     0     0     0     0     0     0     0     0     0
     0     0     0     0     0     0     0     0     0     0     0     0
     0     0     0     0     0     0     0     0     0     0     0     0
     0     0     0     0     0     0     0     0     0     0     0     0
     0     0     0     0     0     0     0     0     0     0     0     0
     0     0     0     0     0     0     0     0     0     0     0     0
     0     0     0     0     0     0     0     0     0     0     0     0
     0     0     0     0     0     0     0     0     0     0     0     0
     0     0     0     0     0     0     0     0     0     0     0     0
     0     0     0     0     0     0     0     0     0     0     0     0
