18
Richmond, VA 13740
     0
       -.700       1.100       6.000      11.600      17.200      21.700
      23.800      23.200      20.000      13.800       8.300       2.200
       3.900       5.000      10.600      16.100      21.100      25.600
      27.200      26.700      23.200      17.700      12.100       6.000
       7.800      10.000      16.100      21.100      25.000      28.800
      30.600      29.300      26.700      21.700      17.200      10.600
      41.000      39.000      36.000      34.000      44.000      49.000
      52.000      55.000      52.000      44.000      42.000      42.000
      56.000      55.000      51.000      49.000      60.000      63.000
      65.000      67.000      66.000      59.000      57.000      57.000
      80.000      81.000      76.000      73.000      80.000      79.000
      82.000      83.000      84.000      81.000      81.000      80.000
       2.400       2.400       2.400       2.400       2.400       2.000
       2.000       2.000       2.000       2.000       2.000       2.000
       3.100       3.100       3.500       3.500       3.100       2.700
       2.700       2.700       2.700       2.700       3.100       3.100
       4.400       4.400       4.800       4.800       4.000       3.500
       3.500       3.100       3.500       4.000       4.000       4.400
     240.000     350.000     350.000     230.000     200.000     210.000
     210.000     200.000      20.000      10.000     210.000     230.000
     1
       3.951       5.764      11.047      16.431      21.176      25.236
      27.296      26.468      23.206      17.498      12.532       6.512
      60.065      59.132      55.661      53.585      61.564      64.616
      66.742      68.767      67.541      62.001      60.720      60.691
     2
    28    18    32    17    22    26    43    46    50    23    28    23
    26    26    30    22    34    35    43    58    59    62    31    37
    22    12    31    15    25    33    38    40    37    28    19    19
    21    15    24    30    37    28    35    49    48    32    22    18
    39    34    33    33    64    51    55    85    62    59    31    45
    27    18    30    31    44    36    39    61    61    36    31    25
    24    22    23    18    37    46    48    67    46    34    19    29
    16    13    11    22    24    26    32    37    31    15    22    18
    27    19    33    34    40    38    45    48    39    29    22    20
    17    15    20    19    18    23    24    29    38    19    16    18
    23    15    25    24    29    52    43    50    42    29    18    14
    17    20    29    31    38    36    42    50    36    21    21    17
    22    18    19    21    43    45    41    37    44    33    21    23
    30    21    40    35    36    65    68    54    40    33    28    19
    27    17    14    21    29    54    57    47    34    39    28    21
    31    41    34    36    55    82    85    69    56    38    43    29
    34    21    28    41    51    58    62    92    58    38    46    31
    70    44    53    53    87   110   122   128   105    81    67    55
    36    22    35    47    56    66    68    74    69    51    37    43
    47    31    34    36    49    53    94    76    79    48    64    40
    31    16    19    45    32    34    54    66    39    38    39    32
    29    25    29    34    33    40    56    62    45    27    42    32
    43    22    34    35    48    73    86    77    57    54    55    47
    22    18    16    25    21    31    43    35    35    27    30    26
    23    30    21    21    30    37    32    37    40    24    20    26
    15    11    14    12    23    21    31    25    28    18    19    20
    18    23    28    19    23    34    43    39    26    32    32    23
    10    10    12    21    17    23    19    16    10    10    10    14
    26    19    24    19    31    29    29    24    25    23    22    20
    11    14    18    12    23    29    32    29    15    26    18    16
    24    19    20    28    28    22    32    28    23    25    25    23
    20    20    28    25    41    42    44    42    30    33    24    31
    25    21    20    20    23    19    34    29    30    22    29    18
    42    35    31    26    33    40    47    54    59    53    39    33
    26    25    34    26    31    39    41    66    60    41    40    19
    44    30    39    43    52    61    67    60    93    58    54    44
     3
    81    82    72    57    94   121   110   135   138   122    74    63
   109   111    92    84   129   106   151   163   216   161   125    86
    64    57    70    74   101    78   105   131   177   122    74    54
    56    77    68    69    94    94   113   118   136   110    77    79
    99   125   112    97   135   169   125   193   207   152   107    84
    43    55    57    55    98    99    95   128   133    81    44    55
    43    63    59    66   103   115   107   124   126    95    48    48
    19    26    40    30    73    63    69    69    81    36    21    20
    36    39    82    61   101    85    96   104    86    71    43    33
    17    14    26    24    67    56    49    60    78    42    25    16
    33    36    53    47    92    87    87   104   101    66    40    22
    20    25    34    39    81    77    90    92    76    44    34    17
    35    30    40    48    70    75    88    69    55    38    44    21
    59    57    66    61   113   112   120   123    83    63    43    37
    40    29    51    55    80    94   134    90    72    47    50    26
    67    62    71    83   114   155   180   156   109    83    72    53
    66    47    60    74   116   153   149   123    86    74    61    71
   126   105   114   128   202   301   263   238   151   146   131   133
    75    80    64    85   157   219   180   155   121   108   102    95
    95    97   120   102   178   251   242   245   170   131   123   136
    79    54    58    96   132   166   163   166   131    98    83    87
    75    64    78    85   121   180   186   151   121    89    83    60
   129    85   102   101   161   210   295   237   141   135   115   113
    52    49    60    59    92   109   113   102    82    75    75    53
    77    77    74    99   103   143   186   116    93    82    74    81
    38    56    49    52    66    66    72    53    52    57    44    44
    56    52    84    82    97    94   111    87    77    74    61    57
    39    23    43    42    58    49    53    28    37    36    23    35
    48    36    62    59    65    55    80    51    46    53    42    45
    39    45    54    55    43    46    56    35    35    57    48    33
    36    50    62    56    57    66    71    35    37    42    40    36
    62    60    72    80    91    64    94    64    50    56    65    59
    47    37    37    54    60    66    59    60    41    46    35    30
    74    67    76    70   103    76   113   134    95   120    79    80
    55    51    57    71    73   104   102    85   103   102    52    54
   123   104   122   111   149   133   185   221   198   157   124   109
     4
    71    62    69    55    45    55    72    86    75    81    55    52
    81    90    82    72    79    78    95    92   150   132    53    90
    49    40    63    58    61    50    66    65    83    69    48    35
    52    43    53    62    58    51    59    58    75    61    36    41
    54    50    81    65    91    74    59    76   109    91    51    32
    18    25    31    34    46    27    35    51    39    43    26    10
    14    29    39    42    44    42    28    54    45    35    27     9
     4     9    24    21    25    17    21    19    28    21    10    10
     7    16    32    31    54    37    46    38    25    27    21     7
     2     6    14    22    28    30    32    22    17    17    10     5
     3    14    20    37    63    27    50    41    42    23    21     5
     8     7    41    35    41    34    29    20    24    17    11     4
     3     4    25    40    31    43    25    14    23    11    14     3
     6    13    24    52    48    40    42    34    25    19    24     9
    15    16    26    23    40    32    36    30     9    10    13     7
    21    25    28    32    74    76    57    62    35    23    20    18
    30    22    36    42    54    60    67    42    39    34    25    26
    51    44    66    88    98   119   100    71    53    41    60    63
    56    49    57    61    95   100   109    71    55    51    49    48
    62    51    70    66   122   149   125   113    73    59    72    58
    37    32    38    62    96   115    74    76    55    52    51    51
    50    42    64    59    79   109   116    87    56    46    62    69
    85    61    69    86   101   165   155   118    68    77    75    75
    45    36    40    45    52    87    81    71    37    39    32    50
    69    43    53    66    55    86   116    65    43    42    38    55
    31    38    30    28    42    39    43    14    30    36    31    32
    46    35    50    70    46    48    60    28    26    34    29    38
    20    28    26    41    28    38    17    21    23    21    16    27
    41    30    40    47    43    35    33    28    19    33    39    43
    26    30    31    30    32    33    24    18    20    19    28    32
    27    38    41    36    30    35    25    20    22    28    25    20
    39    38    58    76    47    40    48    36    38    44    38    48
    31    23    37    34    39    26    39    31    28    33    35    28
    37    51    67    61    71    53    63    43    45    41    43    50
    50    43    49    42    54    57    67    53    56    62    48    36
    72    82    96    72    96    88    97   104   105   109    81    74
     5
    62    73    84    62    67    85    40    68    92    69    41    45
    99    94   120    79   123    86    56    77   149   140    75    75
    45    66    69    59    59    49    30    45    78    70    31    30
    38    38    65    51    44    44    34    37    49    62    30    33
    39    48    63    35    72    37    32    53    80    61    40    34
     9    16    23    26    37    18     8    29    34    19    14     7
    11    12    19    16    34    20    11    24    20    17     7    13
     5     7    12    26    15    15    11    13    11     7     5     5
     1    11    26    35    34    20    14    25    13     9    13     2
     2     1     6    14    24    21    12    20    12     7     5     3
     3     1    27    40    36    22    29    21    17    17    13     0
     3     3    19    30    31    33    16    19    14    11     7     7
     1     5    21    24    22    15    19     3    13    11    10     6
    11     7    28    38    35    15    25    17     7     5    11     2
     7     5    16    28    25    18    12    17     4    12    16     5
    15    27    28    48    40    41    29    28    17    18    27    17
    14    27    47    48    44    37    21    30    14    27    16    25
    33    34    72    93    98    82    75    61    29    37    54    48
    42    41    64    91   111    85    74    53    37    49    42    52
    64    65   113   120   122   116   106    82    77    58    69    87
    65    53    84    73    99   118    81    63    36    49    52    58
    69    46    68    82   101   107    80    78    44    61    64    65
   105    73   115   125   119   154    98   100    73    69    84    91
    62    42    70    61    90   110    66    61    31    41    53    55
    78    81    98   111    77   116    84    67    49    49    57    51
    53    41    48    52    28    36    30    23    33     9    35    39
    76    57    79    83    54    50    34    24    36    41    36    72
    48    34    45    45    38    37    21    11    15    21    28    23
    86    62    86    90    51    33    42    19    26    34    45    66
    61    65    68    70    38    39    16     8    11    39    44    49
    57    62    76    85    38    34    22    15    23    42    44    49
    60    61    79   114    65    30    38    18    29    60    61    66
    34    43    52    59    53    43    39    15    21    53    36    46
    59    56    89    95    76    43    42    35    34    59    87    62
    46    48    62    65    62    53    58    43    48    56    77    39
    67    91   102   103   118    91    68    82   140   134    95    76
     6
    19    36    36    38    27    23    12     8    21    19    16    31
    26    26    54    27    40    16    13    15    27    37    24    29
    14    14    36    25    11     9     6     7    11     9     5     8
     9     9    24    15    11    10     2     5    11     7     4     9
     6     5    21    13    13     4     4     5    12    14    10     8
     2     3     6    13     7     0     2     3     6     3     0     2
     1     4     3     2     7     1     1     2     4     4     2     2
     1     6     1     8     1     0     1     1     0     3     3     0
     0     2     2     4     4     4     4     2     3     1     6     0
     1     2     6     8     0     2     2     6     2     0     4     0
     1     4     7     9     1     3     2     1     1     2     6     1
     0     7     5    14     6     1     1     5     5     2     7     4
     1     4     7     4     4     1     8     0     7     1     5     0
     6     2     6    16     6     2     6     1     2     2     6     1
     1     5     7    10    10     1     3     4     2     0     4     1
     3    10    11     9    11     8     5     5     5     2     8     3
     6     4    13    14    17     5     4     3     3     4     2     1
    10    19    34    32    26    12    12    10     6    13    23    13
    12    22    39    40    35    25    14     5     4    28    22    18
    20    18    87    54    57    19    22    17    11    26    26    36
    29    33    50    52    46    25    18    20    16    26    20    30
    31    41    61    55    54    47    28    10    11    25    28    12
    50    33    93    71    61    56    21    18    18    29    33    33
    47    28    36    49    36    39    17    14     8    27    39    25
    58    38    59    63    44    30    10    12    13    19    34    40
    45    21    43    31    13    14    11     2     5    15    18    22
    46    38    35    60    15    10    17     2     4    15    23    32
    34    31    36    29    14    12     7     2     6    10    18    19
    46    47    38    76    21    14    14     4     9    26    37    33
    49    42    44    54    11    13     5     1     5    14    18    42
    33    43    53    43    17     8     8     3     4    23    21    40
    29    67    70    83    30    14     6     6     3    34    41    29
    28    43    53    33    20    12     3     5     3    15    23    30
    32    51    54    57    38    21    11     9     8    18    52    33
    22    40    51    47    34    22    12     8     7    26    28    25
    39    47    70    55    48    42    15    21    24    41    45    34
     7
     5     1     9     5    10     1     0     0     5     5     3     5
     6     7    17     9     3     1     1     1     2     6     4     4
     0     1     5     5     0     1     0     0     3     2     2     4
     1     1     6     4     1     2     0     0     0     0     0     0
     0     2     1     0     4     2     0     0     0     0     2     2
     0     0     0     1     2     1     0     0     2     0     1     0
     0     0     0     3     1     0     1     0     0     0     0     0
     0     0     0     2     0     0     0     0     0     0     0     1
     0     0     0     1     1     0     1     0     0     0     0     0
     0     0     0     0     0     0     0     0     0     0     0     0
     0     1     0     1     0     0     0     0     0     0     0     0
     0     0     0     1     0     0     0     1     0     0     1     0
     0     4     1     1     1     0     1     0     0     0     3     1
     0     0     2     2     1     0     0     0     0     0     1     0
     1     0     0     3     3     1     2     0     3     0     2     0
     1     3     2     3     1     1     1     1     2     1     1     1
     0     3     3     1     2     1     0     0     2     0     0     0
     0     4     5     4     8     1     1     1     2     2     5     2
     1     4    11    13     3     0     9     2     0     6     8     3
     4     5    16    14     8     1     6     1     3     5     2     7
     3    21    16     9    10     2     2     1     4     4     6    11
     4    11    17    14     7     6     2     0     1     4     4     4
    11    15    23    20     6     3     3     2     1     1    14     5
     7     9    15    12     9     4     2     1     3     5     6     3
    17     9    16    12     6     3     3     0     1     2     7     5
     8     4     7    17     6     2     1     0     0     4     2     3
    12     6    15    25     3     0     1     0     0     4     8     5
    10     5    13     9     3     1     0     0     0     1     3     4
     9     7    20    23     3     1     2     1     0     3     4    15
     7    10    14     8     2     1     2     0     1     2     4     8
    24    10    12    20     1     1     0     1     1     2     8     6
     6    15    21    21    13     1     2     1     0     3     9    11
     5    14    17     7     5     4     2     0     0     3     5    15
     9    14    16    13     8     3     0     0     0     6     9    10
     6    13    16     7     8     4     2     0     3     3     4     7
     5    12    19    12     4     2     1     3     4     4     6     8
     8
     1     3     3     3     2     0     0     0     0     5     1     2
     0     1     8     2     1     0     0     0     1     0     0     2
     2     0     2     2     0     0     1     0     1     0     1     1
     1     3     1     2     0     0     0     1     0     0     0     0
     0     2     0     2     0     0     0     0     0     0     0     0
     0     0     0     5     0     0     0     1     1     0     0     0
     0     0     0     0     0     0     0     0     0     0     0     0
     0     0     0     0     0     0     0     0     0     0     0     0
     0     0     0     1     0     0     0     0     0     0     0     0
     0     0     0     1     0     0     0     0     0     0     1     0
     0     0     0     4     0     0     0     0     0     1     1     1
     0     1     0     1     0     0     0     0     0     0     2     0
     0     0     1     2     0     0     0     0     0     0     1     0
     0     0     0     0     0     0     0     0     0     0     0     0
     0     1     0     1     1     0     0     0     0     0     0     0
     0     0     1     0     0     0     0     0     3     0     2     0
     0     0     0     1     2     0     0     1     1     0     0     0
     0     2     2     9     1     0     1     0     1     1     2     0
     0     8     3     9     4     1     1     1     0     4     5     1
     1     8    19     7     2     1     0     0     0     2     0     4
     4     3    10     9     2     3     0     0     0     0     0     3
     1    15     6    17     5     0     0     0     0     0     9     6
     5     9     8    12     5     6     1     0     0     2     8     3
     1     6     7     8     0     1     0     0     0     4     8     3
     7     6    10    16     0     0     1     0     0     1     3     5
     5     4     7     6     2     0     0     0     0     1     1     0
     9     2    12    13     3     1     0     1     0     0     2     2
     0     1     4     7     3     1     1     0     1     0     3     8
     6     5    10    14     0     2     1     2     1     0     4     6
     7     4     7     4     1     1     0     0     0     2     2    12
     9     8    11     7     5     0     0     0     0     0     7     2
     8     9    13    12     4     0     0     0     0     1     6     5
    11     9     9     5     1     1     0     0     0     0     5     7
     3    13     5     3     4     4     1     0     1     3     2     5
     8    14     6     2     2     0     2     0     1     2     2     5
     0    12     7     4     2     4     2     3     1     1     5     6
     9
     0     0     1     0     0     0     0     0     0     0     0     0
     0     1     1     0     1     0     0     0     0     0     0     0
     0     0     0     1     0     0     0     0     0     0     1     0
     0     0     0     0     0     0     0     0     0     0     0     0
     0     0     0     0     0     0     0     0     0     0     0     0
     0     0     0     0     0     0     0     0     0     0     0     0
     0     0     0     0     0     0     0     0     0     0     0     0
     0     0     0     1     0     0     0     0     0     0     0     0
     0     0     0     0     0     0     0     0     0     0     0     0
     0     0     0     0     0     0     0     0     0     0     0     0
     0     0     0     0     0     0     0     0     0     0     0     0
     0     0     0     0     0     0     0     0     0     0     0     1
     0     0     0     1     0     0     0     0     0     0     0     0
     0     0     0     0     0     0     0     0     0     0     0     0
     0     0     0     0     0     0     0     0     0     0     0     0
     0     0     0     0     0     0     0     0     0     0     0     0
     0     0     1     0     0     0     0     0     0     0     1     0
     0     0     1     1     0     0     0     1     0     0     0     0
     0     0     2     2     0     0     0     0     0     0     1     0
     0     1     2     3     2     0     0     0     0     0     0     3
     0     1     1     3     1     0     0     0     0     0     0     3
     0     0     1     2     0     0     0     0     0     1     1     0
     1     1     4     3     0     0     0     0     0     0     0     0
     0     2     2     1     0     0     0     0     0     0     0     0
     2     0     4     3     0     0     0     0     0     1     0     0
     1     1     2     2     1     0     0     0     0     0     2     0
     0     2     3     2     0     0     0     1     0     0     0     0
     4     0     2     1     0     0     0     0     0     1     1     1
     0     0     2     1     1     0     0     0     0     0     0     1
     1     0     1     0     0     0     0     0     0     0     1     3
     1     1     0     0     0     0     0     0     0     0     0     0
     1     2     2     3     0     0     0     0     0     0     0     0
     1     1     1     2     0     0     0     1     0     1     0     0
     0     0     0     0     0     0     0     0     0     2     0     0
     1     3     0     0     0     0     0     0     0     0     0     0
     1     1     1     0     0     0     0     0     0     0     0     0
    10
     0     0     0     0     0     0     0     0     0     1     0     0
     0     0     0     0     0     0     0     0     0     0     0     0
     0     0     0     0     0     0     0     0     0     0     0     0
     0     0     0     0     0     0     0     0     0     0     0     0
     0     0     0     0     0     0     0     0     0     0     0     0
     0     0     0     0     0     0     0     0     0     0     0     0
     0     0     0     0     0     0     0     0     0     0     0     0
     0     0     0     0     0     0     0     0     0     0     0     0
     0     0     0     1     0     0     0     0     0     0     0     0
     0     0     0     0     0     0     0     0     0     0     0     0
     0     0     0     0     0     0     0     0     0     0     0     0
     0     0     0     0     0     0     0     0     0     0     0     0
     0     0     0     0     0     0     0     0     0     0     0     0
     0     0     0     0     0     0     0     0     0     0     0     0
     0     0     0     0     0     0     0     0     0     0     0     0
     0     0     0     0     0     0     0     0     1     0     0     0
     0     0     0     0     0     0     0     0     0     0     0     0
     0     0     0     2     0     0     0     0     0     0     0     0
     0     0     0     0     0     0     1     0     2     0     0     0
     0     0     0     4     1     0     0     0     0     0     1     1
     0     0     2     0     0     0     0     0     0     0     0     1
     0     1     2     7     0     0     0     0     0     0     2     1
     1     1     1     0     0     0     0     0     0     0     0     0
     0     0     2     1     0     0     0     0     1     0     0     0
     0     0     2     0     0     0     0     0     0     0     0     1
     2     0     0     0     0     0     0     0     0     0     0     0
     0     0     3     1     0     0     0     0     0     0     0     0
     0     0     1     1     0     0     0     0     0     0     0     2
     0     0     2     2     0     1     0     0     0     0     0     0
     1     2     2     0     0     0     0     0     0     0     0     1
     0     0     0     0     0     0     0     0     0     0     1     0
     0     0     4     1     0     0     0     0     0     0     2     0
     0     1     1     0     0     0     0     0     0     1     1     1
     0     2     1     0     0     0     0     0     0     1     1     1
     1     0     0     0     0     0     0     0     0     0     0     0
     1     2     0     1     0     0     0     0     0     0     0     0
    11
     0     0     0     0     0     0     0     0     0     0     0     0
     0     0     0     0     0     0     0     0     0     0     0     0
     0     0     0     0     0     0     0     0     0     0     0     0
     0     0     0     0     0     0     0     0     0     0     0     0
     0     0     0     0     0     0     0     0     0     0     0     0
     0     0     0     0     0     0     0     0     0     0     0     0
     0     0     0     0     0     0     0     0     0     0     0     0
     0     0     0     0     0     0     0     0     0     0     0     0
     0     0     0     0     0     0     0     0     0     0     0     0
     0     0     0     0     0     0     0     0     0     0     0     0
     0     0     0     0     0     0     0     0     0     0     0     0
     0     0     0     0     0     0     0     0     0     0     0     0
     0     0     0     0     0     0     0     0     0     0     0     0
     0     0     0     0     0     0     0     0     0     0     0     0
     0     0     0     0     0     0     0     0     0     0     0     0
     0     0     0     0     0     0     0     0     0     0     0     0
     0     0     0     0     0     0     0     1     0     0     0     0
     0     0     0     0     0     0     0     0     0     0     0     0
     0     0     0     1     0     0     0     0     0     0     0     0
     0     0     0     0     0     0     0     0     0     0     0     1
     0     0     2     1     0     1     0     0     0     0     0     1
     0     0     0     1     0     0     0     0     0     0     0     0
     1     0     2     0     0     0     0     1     0     0     0     0
     2     0     0     1     0     0     0     0     0     0     0     0
     0     0     0     0     0     0     0     0     0     0     0     0
     0     0     0     0     0     0     0     0     0     0     0     1
     0     0     1     1     0     0     0     0     0     0     0     0
     0     0     1     4     0     0     0     0     0     0     0     1
     0     0     2     0     0     0     0     0     0     0     0     0
     0     1     1     0     0     0     0     0     0     0     0     0
     0     0     3     0     0     0     0     0     0     0     0     0
     0     1     2     0     0     0     1     0     0     0     1     0
     0     2     0     0     0     0     0     0     0     0     0     0
     0     0     0     0     0     0     0     0     0     0     0     1
     0     0     0     0     0     0     1     0     0     1     0     0
     0     0     0     0     0     0     0     0     1     1     0     0
    12
     0     0     0     0     0     0     0     0     0     0     0     0
     0     0     0     0     0     0     0     0     0     0     0     0
     0     0     0     0     0     0     0     0     0     0     0     0
     0     0     0     0     0     0     0     0     0     0     0     0
     0     0     0     0     0     0     0     0     0     0     0     0
     0     0     0     0     0     0     0     0     0     0     0     0
     0     0     0     0     0     0     0     0     0     0     0     0
     0     0     0     0     0     0     0     0     0     0     0     0
     0     0     0     0     0     0     0     0     0     0     0     0
     0     0     0     0     0     0     0     0     0     0     0     0
     0     0     0     0     0     0     0     0     0     0     0     0
     0     0     0     0     0     0     0     0     0     0     0     0
     0     0     0     0     0     0     0     0     0     0     0     0
     0     0     0     0     0     0     0     0     0     0     0     0
     0     0     0     0     0     0     0     0     0     0     0     0
     0     0     0     0     0     0     0     0     0     0     0     0
     0     0     0     0     0     0     0     0     0     0     0     0
     0     0     0     0     0     0     0     0     0     0     0     0
     0     0     0     0     0     0     0     0     0     0     0     0
     0     0     0     0     0     0     0     0     0     0     0     0
     0     0     0     0     0     0     0     0     0     0     0     1
     0     0     0     0     0     0     0     0     0     0     0     0
     0     0     0     0     0     0     0     0     0     0     0     0
     1     0     0     0     0     0     0     0     0     0     0     0
     1     0     0     0     0     0     0     0     0     0     0     0
     0     0     0     0     0     0     0     0     0     0     0     0
     0     0     0     0     0     0     0     0     0     0     1     0
     0     0     0     0     0     0     0     0     0     0     0     0
     0     0     0     1     0     0     0     0     0     0     0     0
     0     0     0     0     0     0     0     0     0     0     0     0
     0     0     0     0     0     0     0     0     0     0     0     0
     0     1     0     0     0     0     0     0     0     0     0     0
     0     0     0     0     0     0     0     0     0     0     0     0
     0     0     0     0     0     0     0     0     0     0     0     0
     0     0     0     0     0     0     0     0     0     0     0     0
     0     0     0     0     0     0     0     0     0     0     0     0
    13
     0     0     0     0     0     0     0     0     0     0     0     0
     0     0     0     0     0     0     0     0     0     0     0     0
     0     0     0     0     0     0     0     0     0     0     0     0
     0     0     0     0     0     0     0     0     0     0     0     0
     0     0     0     0     0     0     0     0     0     0     0     0
     0     0     0     0     0     0     0     0     0     0     0     0
     0     0     0     0     0     0     0     0     0     0     0     0
     0     0     0     0     0     0     0     0     0     0     0     0
     0     0     0     0     0     0     0     0     0     0     0     0
     0     0     0     0     0     0     0     0     0     0     0     0
     0     0     0     0     0     0     0     0     0     0     0     0
     0     0     0     0     0     0     0     0     0     0     0     0
     0     0     0     0     0     0     0     0     0     0     0     0
     0     0     0     0     0     0     0     0     0     0     0     0
     0     0     0     0     0     0     0     0     0     0     0     0
     0     0     0     0     0     0     0     0     0     0     0     0
     0     0     0     0     0     0     0     0     0     0     0     0
     0     0     0     0     0     0     0     0     0     0     0     0
     0     0     0     0     0     0     0     0     0     0     0     0
     0     0     0     0     0     0     0     0     0     0     0     0
     0     0     0     0     0     0     0     0     0     0     0     0
     0     0     0     0     0     0     0     0     0     0     0     0
     0     0     0     0     0     0     0     0     0     0     0     0
     0     0     0     0     0     0     0     0     0     0     0     0
     0     0     0     0     0     0     0     0     0     0     0     0
     0     0     0     0     0     0     0     0     0     0     0     0
     0     0     0     0     0     0     0     0     0     0     0     0
     0     0     0     0     0     0     0     0     0     0     0     0
     0     0     0     0     0     0     0     0     0     0     0     0
     0     0     0     0     0     0     0     0     0     0     0     0
     0     0     0     0     0     0     0     0     0     0     0     0
     0     0     0     0     0     0     0     0     0     0     0     0
     0     0     0     0     0     0     0     0     0     0     0     0
     0     0     0     0     0     0     0     0     0     0     0     0
     0     0     0     0     0     0     0     0     0     0     0     0
     0     0     0     0     0     0     0     0     0     0     0     0
    14
     0     0     0     0     0     0     0     0     0     0     0     0
     0     0     0     0     0     0     0     0     0     0     0     0
     0     0     0     0     0     0     0     0     0     0     0     0
     0     0     0     0     0     0     0     0     0     0     0     0
     0     0     0     0     0     0     0     0     0     0     0     0
     0     0     0     0     0     0     0     0     0     0     0     0
     0     0     0     0     0     0     0     0     0     0     0     0
     0     0     0     0     0     0     0     0     0     0     0     0
     0     0     0     0     0     0     0     0     0     0     0     0
     0     0     0     0     0     0     0     0     0     0     0     0
     0     0     0     0     0     0     0     0     0     0     0     0
     0     0     0     0     0     0     0     0     0     0     0     0
     0     0     0     0     0     0     0     0     0     0     0     0
     0     0     0     0     0     0     0     0     0     0     0     0
     0     0     0     0     0     0     0     0     0     0     0     0
     0     0     0     0     0     0     0     0     0     0     0     0
     0     0     0     0     0     0     0     0     0     0     0     0
     0     0     0     0     0     0     0     0     0     0     0     0
     0     0     0     0     0     0     0     0     0     0     0     0
     0     0     0     0     0     0     0     0     0     0     0     0
     0     0     0     0     0     0     0     0     0     0     0     0
     0     0     0     0     0     0     0     0     0     0     0     0
     0     0     0     0     0     0     0     0     0     0     0     0
     0     0     0     0     0     0     0     0     0     0     0     0
     0     0     0     0     0     0     0     0     0     0     0     0
     0     0     0     0     0     0     0     0     0     0     0     0
     0     0     0     0     0     0     0     0     0     0     0     0
     0     0     0     0     0     0     0     0     0     0     0     0
     0     0     0     0     0     0     0     0     0     0     0     0
     0     0     0     0     0     0     0     0     0     0     0     0
     0     0     0     0     0     0     1     0     0     0     0     0
     0     0     0     0     0     0     0     0     0     0     0     0
     0     0     0     0     0     0     0     0     0     0     0     0
     0     0     0     0     0     0     0     0     0     0     0     0
     0     0     0     0     0     0     0     0     0     0     0     0
     0     0     0     0     0     0     0     0     0     0     0     0
    15
     0     0     0     0     0     0     0     0     0     0     0     0
     0     0     0     0     0     0     0     0     0     0     0     0
     0     0     0     0     0     0     0     0     0     0     0     0
     0     0     0     0     0     0     0     0     0     0     0     0
     0     0     0     0     0     0     0     0     0     0     0     0
     0     0     0     0     0     0     0     0     0     0     0     0
     0     0     0     0     0     0     0     0     0     0     0     0
     0     0     0     0     0     0     0     0     0     0     0     0
     0     0     0     0     0     0     0     0     0     0     0     0
     0     0     0     0     0     0     0     0     0     0     0     0
     0     0     0     0     0     0     0     0     0     0     0     0
     0     0     0     0     0     0     0     0     0     0     0     0
     0     0     0     0     0     0     0     0     0     0     0     0
     0     0     0     0     0     0     0     0     0     0     0     0
     0     0     0     0     0     0     0     0     0     0     0     0
     0     0     0     0     0     0     0     0     0     0     0     0
     0     0     0     0     0     0     0     0     0     0     0     0
     0     0     0     0     0     0     0     0     0     0     0     0
     0     0     0     0     0     0     0     0     0     0     0     0
     0     0     0     0     0     0     0     0     0     0     0     0
     0     0     0     0     0     0     0     0     0     0     0     0
     0     0     0     0     0     0     0     0     0     0     0     0
     0     0     0     0     0     0     0     0     0     0     0     0
     0     0     0     0     0     0     0     0     0     0     0     0
     0     0     0     0     0     0     0     0     0     0     0     0
     0     0     0     0     0     0     0     0     0     0     0     0
     0     0     0     0     0     0     0     0     0     0     0     0
     0     0     0     0     0     0     0     0     0     0     0     0
     0     0     0     0     0     0     0     0     0     0     0     0
     0     0     0     0     0     0     0     0     0     0     0     0
     0     0     0     0     0     0     0     0     0     0     0     0
     0     0     0     0     0     0     0     0     0     0     0     0
     0     0     0     0     0     0     0     0     0     0     0     0
     0     0     0     0     0     0     0     0     0     0     0     0
     0     0     0     0     0     0     0     0     0     0     0     0
     0     0     0     0     0     0     0     0     0     0     0     0
    16
     0     0     0     0     0     0     0     0     0     0     0     0
     0     0     0     0     0     0     0     0     0     0     0     0
     0     0     0     0     0     0     0     0     0     0     0     0
     0     0     0     0     0     0     0     0     0     0     0     0
     0     0     0     0     0     0     0     0     0     0     0     0
     0     0     0     0     0     0     0     0     0     0     0     0
     0     0     0     0     0     0     0     0     0     0     0     0
     0     0     0     0     0     0     0     0     0     0     0     0
     0     0     0     0     0     0     0     0     0     0     0     0
     0     0     0     0     0     0     0     0     0     0     0     0
     0     0     0     0     0     0     0     0     0     0     0     0
     0     0     0     0     0     0     0     0     0     0     0     0
     0     0     0     0     0     0     0     0     0     0     0     0
     0     0     0     0     0     0     0     0     0     0     0     0
     0     0     1     0     0     0     0     0     0     0     0     0
     0     0     0     0     0     0     0     0     0     0     0     0
     0     0     0     0     0     0     0     0     0     0     0     0
     0     0     0     0     0     0     0     0     0     0     0     0
     0     0     0     0     0     0     0     0     0     0     0     0
     0     0     0     0     0     0     0     0     0     0     0     0
     0     0     0     0     0     0     0     0     0     0     0     0
     0     0     0     0     0     0     0     0     0     0     0     0
     0     0     0     0     0     0     0     0     0     0     0     0
     0     0     0     0     0     0     0     0     0     0     0     0
     0     0     0     0     0     0     0     0     0     0     0     0
     0     0     0     0     0     0     0     0     0     0     0     0
     0     0     0     0     0     0     0     0     0     0     0     0
     0     0     0     0     0     0     0     0     0     0     0     0
     0     0     0     0     0     0     0     0     0     0     0     0
     0     0     0     0     0     0     0     0     0     0     0     0
     0     0     0     0     0     0     0     0     0     0     0     0
     0     0     0     0     0     0     0     0     0     0     0     0
     0     0     0     0     0     0     0     0     0     0     0     0
     0     0     0     0     0     0     0     0     0     0     0     0
     0     0     0     0     0     0     0     0     0     0     0     0
     0     0     0     0     0     0     0     0     0     0     0     0
    17
     0     0     0     0     0     0     0     0     0     0     0     0
     0     0     0     0     0     0     0     0     0     0     0     0
     0     0     0     0     0     0     0     0     0     0     0     0
     0     0     0     0     0     0     0     0     0     0     0     0
     0     0     0     0     0     0     0     0     0     0     0     0
     0     0     0     0     0     0     0     0     0     0     0     0
     0     0     0     0     0     0     0     0     0     0     0     0
     0     0     0     0     0     0     0     0     0     0     0     0
     0     0     0     0     0     0     0     0     0     0     0     0
     0     0     0     0     0     0     0     0     0     0     0     0
     0     0     0     0     0     0     0     0     0     0     0     0
     0     0     0     0     0     0     0     0     0     0     0     0
     0     0     0     0     0     0     0     0     0     0     0     0
     0     0     0     0     0     0     0     0     0     0     0     0
     0     0     0     0     0     0     0     0     0     0     0     0
     0     0     0     0     0     0     0     0     0     0     0     0
     0     0     0     0     0     0     0     0     0     0     0     0
     0     0     0     0     0     0     0     0     0     0     0     0
     0     0     0     0     0     0     0     0     0     0     0     0
     0     0     0     0     0     0     0     0     0     0     0     0
     0     0     0     0     0     0     0     0     0     0     0     0
     0     0     0     0     0     0     0     0     0     0     0     0
     0     0     0     0     0     0     0     0     0     0     0     0
     0     0     0     0     0     0     0     0     0     0     0     0
     0     0     0     0     0     0     0     0     0     0     0     0
     0     0     0     0     0     0     0     0     0     0     0     0
     0     0     0     0     0     0     0     0     0     0     0     0
     0     0     0     0     0     0     0     0     0     0     0     0
     0     0     0     0     0     0     0     0     0     0     0     0
     0     0     0     0     0     0     0     0     0     0     0     0
     0     0     0     0     0     0     0     0     0     0     0     0
     0     0     0     0     0     0     0     0     0     0     0     0
     0     0     0     0     0     0     0     0     0     0     0     0
     0     0     0     0     0     0     0     0     0     0     0     0
     0     0     0     0     0     0     0     0     0     0     0     0
     0     0     0     0     0     0     0     0     0     0     0     0
    18
     0     0     0     0     0     0     0     0     0     0     0     0
     0     0     0     0     0     0     0     0     0     0     0     0
     0     0     0     0     0     0     0     0     0     0     0     0
     0     0     0     0     0     0     0     0     0     0     0     0
     0     0     0     0     0     0     0     0     0     0     0     0
     0     0     0     0     0     0     0     0     0     0     0     0
     0     0     0     0     0     0     0     0     0     0     0     0
     0     0     0     0     0     0     0     0     0     0     0     0
     0     0     0     0     0     0     0     0     0     0     0     0
     0     0     0     0     0     0     0     0     0     0     0     0
     0     0     0     0     0     0     0     0     0     0     0     0
     0     0     0     0     0     0     0     0     0     0     0     0
     0     0     0     0     0     0     0     0     0     0     0     0
     0     0     0     0     0     0     0     0     0     0     0     0
     0     0     0     0     0     0     0     0     0     0     0     0
     0     0     0     0     0     0     0     0     0     0     0     0
     0     0     0     0     0     0     0     0     0     0     0     0
     0     0     0     0     0     0     0     0     0     0     0     0
     0     0     0     0     0     0     0     0     0     0     0     0
     0     0     0     0     0     0     0     0     0     0     0     0
     0     0     0     0     0     0     0     0     0     0     0     0
     0     0     0     0     0     0     0     0     0     0     0     0
     0     0     0     0     0     0     0     0     0     0     0     0
     0     0     0     0     0     0     0     0     0     0     0     0
     0     0     1     0     0     0     0     0     0     0     0     0
     0     0     0     0     0     0     0     0     0     0     0     0
     0     0     0     0     0     0     0     0     0     0     0     0
     0     0     0     0     0     0     0     0     0     0     0     0
     0     0     0     0     0     0     0     0     0     0     0     0
     0     0     0     0     0     0     0     0     0     0     0     0
     0     0     0     0     0     0     0     0     0     0     0     0
     0     0     0     0     0     0     0     0     0     0     0     0
     0     0     0     0     0     0     0     0     0     0     0     0
     0     0     0     0     0     0     0     0     0     0     0     0
     0     0     0     0     0     0     0     0     0     0     0     0
     0     0     0     0     0     0     0     0     0     0     0     0
