20
Wilmington, DE 13781
     0
      -3.300      -1.800       3.200       8.800      15.000      20.600
      23.200      22.700      18.200      11.600       6.000        .000
       1.100       2.200       7.100      12.800      18.200      23.800
      26.100      25.600      21.700      15.600      10.000       3.200
       4.400       6.000      11.600      16.700      22.200      26.700
      28.800      28.200      25.000      19.300      13.800       7.100
      49.000      46.000      40.000      38.000      44.000      48.000
      50.000      52.000      50.000      46.000      48.000      48.000
      59.000      57.000      53.000      53.000      60.000      61.000
      63.000      65.000      64.000      60.000      60.000      59.000
      76.000      76.000      73.000      74.000      78.000      76.000
      77.000      78.000      79.000      78.000      79.000      77.000
       2.700       2.700       3.100       2.700       2.400       2.400
       2.400       2.000       2.400       2.400       2.400       2.400
       4.000       4.000       4.400       4.000       3.500       3.100
       3.100       2.700       3.100       3.100       3.500       3.500
       5.200       5.500       5.500       5.500       4.800       4.400
       4.000       4.000       4.000       4.400       5.200       5.200
     300.000     310.000     310.000     300.000     280.000     280.000
     280.000     280.000     320.000     300.000     300.000     300.000
     1
        .597       2.163       7.645      12.966      18.734      23.444
      26.141      25.340      21.659      15.522       9.865       3.567
      62.313      60.717      56.744      56.313      60.948      61.952
      63.198      65.107      64.592      62.094      62.908      62.579
     2
     8    10     9     9    16    24    34    51    35    30    15    10
    15     8    18    18    10    21    40    34    29    24     7    18
     7     9    10     3    17    11    16    15    18    12     4     3
    13     7    13     6    18    24    15    16    20     9    12    10
    20    11    16     9    14    17    11    38    21    24    12     9
     9    11     7    12    16     7    22    24    16    25    13     9
    12    12    14     7    20    15    23    15    16    15     5     8
     2     4     5    11    14     6    14    10    19    15    17     6
     5     6    11    16    16    12    24    16     8    14     9    10
     6     8     9     9    17    21    16     8    13     8    12     9
     7    12    11    10    21    18    20    21    10    19     9    13
    14    17    16    10    23    14    21    19    20    13    13    15
    11     5     7    12    17    24    13    13    17    10    15    10
    16    23    14    15    28    29    51    28    20    25    19    28
     9     8     7     8    18    24    12     6    23    13     8     7
    15    21    12    13    25    31    25    27    24    24    16    12
    12     7    10     9    12    10    18    17    17    18    11    15
    32    25    25    13    44    51    39    38    40    47    29    19
    17    15    18    13    22    24    29    28    28    17    27    12
    23    20    16    20    31    50    47    44    46    40    29    24
    12    12     4    13    21    22    28    20    21    10    19    18
     9     7     9    15    26    35    27    41    38    30    13    15
    16    13    15    16    35    57    55    45    38    34    13    18
    31    10    18    24    43    42    50    53    39    26    25    28
    16    16    14    20    27    46    45    47    40    32    17    19
    14    11    11    17    28    25    34    32    35    14    17    13
    19    16    11    11    27    47    41    54    38    22    23    19
    18    10    11    17    30    28    41    37    26    17    17    27
    17    14    14    19    37    49    78    83    55    33    36    27
    28    15    26    22    42    48    64    58    42    41    22    29
    26    22    12    17    29    27    59    44    41    35    21    22
    22    23    16    36    44    48    55    77    65    45    36    28
    19    10     9    11    24    21    26    44    31    26    11     9
    20    22    14    23    33    50    53    66    53    57    30    18
    10    13     9    14    18    19    33    38    43    31    16    10
    27    18    23    20    23    55    51    52    50    45    16    14
     3
    27    36    36    30    50    42    83    69    72    54    19    14
    36    40    40    33    54    63    88    97    93    62    42    37
    15    16    27    12    19    28    47    37    46    33    37    26
    28    20    23    35    45    56    47    48    64    44    32    24
    46    47    31    39    56    49    57    62    48    72    50    48
    38    50    43    38    54    56    58    55    68    65    39    43
    39    52    44    37    75    55    58    65    56    53    36    38
    25    27    36    42    42    44    43    43    41    41    31    37
    37    36    31    41    59    51    45    58    52    43    42    39
    28    24    31    34    62    39    52    50    47    35    23    28
    23    26    20    35    53    46    31    45    41    35    28    25
    19    33    39    39    58    53    58    57    50    39    26    34
    20    23    26    33    48    52    61    53    43    32    23    15
    29    52    52    84    94    98   111   139    96    67    57    49
    41    26    37    32    49    67    66    61    51    46    33    37
    54    54    75    68    98   117   127   120   100   103    71    53
    40    39    64    54    82    85   102    73    77    71    68    46
    81    63    73    86   131   169   184   185   172   128    71    53
    46    43    29    34    70   100   108   100    89    51    46    43
    69    59    50    39    71   141   133   137    84    81    63    60
    38    22    24    28    42    80    70    68    52    41    37    46
    61    49    45    43    92   103   157   104    89    62    55    51
    71    63    37    66   130   161   187   161   106    88    70    63
    76    45    44    80   113   167   155   152   126    96    68    58
    64    57    34    53    98   137   145   128    80    68    60    58
    40    46    39    44    72    97   114   108    85    59    47    49
    50    37    49    56    97   127   148   115    76    67    51    62
    43    42    40    85    74    80   124   116    64    75    44    51
    82    85    67    82   119   167   180   174   111   117    76   109
    72    67    65    81   121   119   162   160   122    94    76    80
    85    47    51    59    83   116   153   127   109    87    49    76
    91    76    86    95   119   157   169   173   144    93    70    81
    40    31    43    45    62    61    79    77    65    46    40    36
    64    47    54    75    82   112   117   137   117   104    50    45
    24    40    41    40    58    63    84    75    69    68    43    34
    50    61    60    47    94    93   135   138   137    87    40    35
     4
    18    23    22    27    33    45    46    52    44    46    16    21
    27    31    36    32    46    30    47    50    70    29    39    22
     9    10    19    19    17    17    27    30    33    31    13    17
    15    24    34    27    37    34    29    38    39    31    37    23
    20    36    30    44    51    31    41    48    54    50    42    39
    28    45    29    45    46    39    44    26    45    44    41    36
    25    51    43    48    70    47    41    46    48    39    26    30
    14    16    21    41    60    44    22    40    35    28    26    14
     9    24    28    30    43    33    17    34    49    31    18    24
     5    18    14    23    33    21    19    15    33    10     5    14
     7    13    25    15    21    23    21    17    18    15     8    12
     3     8    19    29    20    29    19    25    21     9    15    11
     7     8    10    22    25    21    20    25    22     9     8     5
    17    21    34    31    53    76    55    52    55    30    20    17
    11    13    26    28    36    46    39    35    32    21    16     8
    31    22    42    59   101    99   101    98    77    50    41    37
    28    44    63    52    99    87   100    96    75    42    31    28
    37    49    76    57    98   136   136   148    98    71    43    32
    12     7    30    21    53    56    52    59    34    25    20    22
    31    26    26    43    65    88    71    69    47    44    41    31
    17    20    24    21    40    38    43    37    23    28    21    25
    32    33    29    32    67    74    94    80    38    45    49    37
    44    49    44    38   112    94   121    83    58    64    53    39
    32    36    48    44    88   106   121    81    67    53    40    43
    41    34    32    42    76    79   103    59    57    67    39    37
    26    23    19    33    44    68    72    59    36    40    40    39
    44    16    31    41    42    69    56    50    34    51    37    45
    31    29    30    36    44    48    53    58    34    45    40    37
    71    47    63    73    64    78    81    77    49    46    38    56
    70    48    54    70    72    72    97    62    63    77    56    49
    71    52    53    51    66    72    93    81    57    54    38    59
    67    72    69    85    78    97   108    86   111    62    62    64
    31    20    31    30    38    44    51    49    34    28    24    26
    40    44    36    40    65    73    75    72    53    52    31    48
    15    20    37    41    37    43    58    50    47    37    22    30
    34    31    47    46    51    46    67    50    83    50    43    31
     5
    15    35    45    45    36    34    28    27    46    43    26    31
    33    46    52    32    45    52    37    40    77    35    28    30
    18    27    30    19    35    15    31    25    38    36    23    18
    26    36    38    45    55    34    29    33    62    52    29    30
    51    68    54    69    75    55    32    47    68    59    41    34
    50    53    80    72    86    47    37    56    59    60    65    37
    33    53    92    68   100    61    42    39    65    47    45    42
    19    23    40    54    52    27    17    26    39    24    22    16
    14    24    70    48    58    29    25    30    47    15    17    20
     5     6    30    33    33    14     7    17    20    14     6    12
     5    11    28    23    29    16    20     5    19     6     7     8
     4     1    18    27    25    14    12     4    12    12     7     5
     2     4     9    15    19    21    22    14    14    10     4     1
    11    10    22    47    37    33    51    35    33    23    26     8
    10     9    30    45    47    48    69    47    36    21    17     4
    26    26    76   113   154   149   130   122    70    61    52    23
    18    34    91   103   154   162   116   106    73    54    48    21
    31    40    83   126   158   175   152   162   104    91    50    43
    18    15    32    38    51    43    60    57    38    31    16    21
    30    32    38    60    81    77    59    65    41    29    57    48
    17    18    22    30    52    39    53    33    30    32    29    32
    34    42    59    55    77   111    84    81    49    37    55    49
    51    53    63    82   115   112   114    61    68    70    45    48
    35    40    55    53    81   108   113    68    60    71    53    34
    33    30    31    60    81   102    79    45    48    44    43    41
    23    30    29    42    50    67    47    44    31    45    32    25
    68    37    69    63    70    70    59    63    47    40    65    67
    55    49    55    64    57    48    31    44    37    55    57    51
    97    75   102   130   113    94    87    89    62    80    94   103
   125   132   103   127   102   116    85    80    69   112   100    96
   130   141   127   143    92   115    92    65    69    83    95   115
   118   129   146   154   130   138   124   103    98   112   114   106
    43    61    59    72    50    52    50    38    32    51    43    46
    62    71    86    76   100    62    70    44    82    52    60    53
    38    29    55    49    46    41    49    44    46    52    43    30
    45    46    81    52    60    66    50    63    73    65    53    36
     6
    11    18    26    25    16     4     3    10     9    12    11     8
    14    19    28     9    21     9    11    12    22    22    20    10
     4     9    20     9    20     8     9    12    12    12     6    11
    10    13    38    19    20     8     7     9    31    23    16    14
    26    24    48    41    21    12     8     7    35    34    34    25
    23    27    49    52    49    16    13    15    34    27    41    14
    22    30    52    52    51    12    20    20    49    30    30    25
     3     8    23    38    29     5     3     3    15     9     8     9
     1     9    37    19    20     5     4     4    12     3    16     3
     3     0     8    21     6     4     3     3     4     2     3     1
     1     0    13    14     5     4     4     3     1     2     4     1
     4     4     9    13    12     3     2     1     1     2     3     0
     2     1     6    11     6     8     2     1     5     3     3     0
     1     3    13    24    23    15    16    10     6     5    12     2
     3     6    19    31    27    23    24    16     5    15     8     1
    11    17    58    81    79    70    52    53    21    28    21     6
    10    12    66    83    96    69    78    46    28    20    22     8
     8    14    59    85    95    68    50    50    35    30    14    12
     4     9    22    28    31    25    11     6     9     8     7     9
    20    18    52    55    34    22    26    15    22    21    21    21
    17    19    24    21    30    12    17    14    10    14    12    14
    13    19    49    46    34    36    32    20    21    29    13    17
    32    25    48    38    52    25    27    29    32    28    26    17
    13    13    30    22    33    35    18    14    21    20    25    17
    21    15    22    34    33    28    19    12    13    14    22    16
    32    19    17    24    24    23    16    14    14    18    29    18
    40    24    28    46    39    27    18    11    21    28    37    39
    59    46    51    57    39    26    14    12    16    28    45    39
    97    92   110   123    62    42    38    28    28    75   113   111
   145   127   124   136    97    67    25    14    32    82    93    99
   153   150   149   128    76    72    39    26    40    85    96    91
   130   152   186   185   101    86    61    38    47    81   131   134
    32    51    71    66    37    27    15    16    21    29    38    55
    44    45    77    66    46    38    17    13    30    29    55    32
    19    30    47    39    18    32    15     7    19    33    29    19
    10    27    46    35    31    23     5    10    21    28    26    17
     7
     4     5     3     5     2     2     1     0     4     6     0     2
     7     6     4     0     6     1     0     0     2     5     3     2
     3     5     4     1     1     2     2     2     3     4     1     0
     2     5    11     9     6     2     2     2     5     4     2     3
     7     9    21     5     6     2     0     4     4     8    14     2
     2     8    13    18    14     0     2     2    10    13    12    11
     4    11    15    13     8     2     2     2     7     1    16     6
     1     2     2    11     4     0     0     1     1     0     4     3
     2     0     5     8     2     1     1     0     5     1     5     2
     1     0     1     1     1     1     0     0     1     0     0     0
     1     0     4     0     0     1     0     0     0     1     1     1
     0     1     0     8     0     0     0     0     1     0     0     2
     1     2     1     4     2     0     0     1     0     1     1     0
     1     4     2     3     3     4     1     2     1     2     4     0
     1     3     3     8     8     1     5     1     9     3     1     0
     3     9    18    24    19    12    10     8    10     3     6     2
     3     6    30    20    26    12    13    14     4     4     0     0
     0     3     8    22    19     7     9     7     5     5     3     3
     0     2     8    14    11     2     1     0     1     2     1     6
     2     1    17    18    12     4     3     2     2     3     4     4
     1     3     8     6     9     3     2     1     3     4     3     1
     1     2    15    11    14     7     3     3     5     8     3     4
    10     5    18    11     6     6     1     1     5     5     6     8
     7     3     8     7     4     2     3     5     0     4     8     4
     0     4     8     9     4     0     2     1     2     4     3     3
    18     6     8    12     5     8     1     2     0     7     7     2
    16    10    11    24     6     4     0     1     0     8     7     6
    36    18    34    27    11     7     1     1     5     8    17    20
    49    54    65    52    19    11    13     7     9    23    45    36
    71    78    75    60    26    17    12     7     7    33    52    50
    64    71   101    77    25    22     5     6    10    34    54    58
    62    75    91    94    33    15     9     6    10    27    77    66
     6    20    37    24    20     5     2     2     5     8    15    22
     8    19    34    30    15     8     0     4     6    12    11    14
     7    17    14     4    10     3     1     0     2     5     6     4
     3    10    18     6     4     2     0     0     7     8     7     3
     8
     4     4     2     1     0     1     0     1     0     0     0     1
     2     1     2     2     1     0     0     0     0     2     3     2
     3     3     2     1     2     0     0     0     0     2     0     0
     2     4     2     2     1     2     1     1     3     9     0     1
     4     8    10    12     7     3     0     2     3     6     4     1
     4    13    22    26     6     3     1     4     2     5     3     3
     6     6    10    11     9     0     0     1     9     2     6     3
     0     3     4     3     3     0     0     1     1     1     2     1
     0     3     2     5     2     1     0     0     1     0     1     2
     0     1     1     0     0     0     0     0     0     0     0     0
     0     0     2     0     0     0     0     0     0     0     0     0
     1     1     0     0     0     0     0     1     0     0     0     0
     0     2     1     2     0     0     0     0     1     1     0     0
     0     4     3     4     3     0     0     0     0     0     1     0
     0     3     2     5     1     2     0     1     1     1     2     0
     1     6    14    17    12     3     3     0     8     1     6     3
     1     6     8    11     5     4     4     1     1     1     0     1
     2     0     2     8     2     7     4     2     2     6     0     4
     1     0     5     8     2     1     0     0     0     3     2     3
     1     0    17     8     5     1     0     1     2     1     2     1
     0     1    12     5     4     0     0     0     2     1     3     2
     0     3     6     7     2     1     1     0     4     1     0     2
     3     2     8    12     6     1     0     1     1     1     0     6
     1     3     6     6     3     1     1     0     1     2     1     2
     7     3     3     2     2     3     0     0     1     1     3     5
     8     4     4     2     3     0     0     1     1     2     3     3
    14     9     9     7     4     0     0     0     3     5     7     9
    23    24    21    16     6     2     0     0     1     7    11    10
    64    41    72    63    11     2     2     1     6    16    38    47
    64    69    70    52    13     8     1     3     1    14    32    31
    70    66    81    42    15     8     1     3     2    20    42    42
    44    52    88    92    16     6     3     8     6    22    57    49
    12    16    24    20     1     2     1     2     1     1    12    15
    17    29    17    14     7     1     2     1     3     8    12    10
     1     9     4     5     6     1     0     0     3     4     3     4
     6     8     9     3     0     1     0     0     0     2     2     2
     9
     0     1     0     0     0     0     0     0     0     0     1     1
     0     1     1     0     0     0     0     0     0     0     3     0
     0     0     0     0     1     0     0     0     0     0     0     0
     1     2     0     0     0     0     0     0     0     0     0     0
     1     1     2     0     1     0     0     0     0     0     1     0
     1     0     7     4     2     0     0     0     1     2     0     2
     3     3     3     3     1     0     0     0     1     0     0     1
     0     0     0     0     0     0     0     0     0     0     0     1
     0     1     0     0     0     0     0     0     1     0     1     0
     0     2     0     0     0     0     0     0     0     0     0     0
     0     0     1     0     0     0     0     0     0     0     0     0
     1     0     0     0     0     0     0     1     1     0     0     0
     0     0     0     0     0     0     0     0     0     0     0     0
     0     0     1     0     0     0     0     0     0     0     0     0
     0     2     1     1     1     0     0     0     0     1     0     0
     0     0     3     2     0     0     0     0     1     0     0     0
     0     0     2     3     0     1     1     0     0     0     0     0
     0     0     1     1     0     0     1     0     0     0     0     1
     0     3     2     0     1     0     0     0     0     0     0     0
     0     0     2     2     0     0     0     0     0     0     0     0
     0     0     2     2     0     0     0     0     0     0     0     0
     0     0     2     3     0     0     0     0     0     0     0     2
     2     0     0     0     1     0     0     0     0     0     0     1
     1     0     2     0     0     0     0     0     0     1     0     0
     0     1     0     0     0     0     0     0     0     0     0     0
     3     1     2     1     0     0     0     0     1     0     0     2
     4     1     6     2     1     0     0     0     0     0     2     1
     7     4     5     1     1     0     0     0     0     0     4     6
    10     9    17    14     2     1     0     0     1     2    11    14
    21    18    18     8     0     2     0     1     0     2     6    18
    15    19    25    11     0     0     2     0     0     2    10    20
    10    13    22    18     5     2     0     0     1     2    11    11
     1     8     4     3     0     0     0     1     0     0     2     6
     0     2     3     1     0     0     0     0     0     0     3     3
     0     0     3     0     0     0     2     0     0     2     0     0
     0     2     1     0     0     0     0     0     0     0     1     0
    10
     0     0     0     0     0     0     0     1     0     0     0     0
     1     0     0     0     0     0     0     0     0     0     0     0
     0     0     0     0     0     0     0     0     0     1     0     0
     0     1     0     1     0     0     0     0     0     0     0     0
     1     0     5     2     0     0     0     0     0     0     0     0
     2     0     0     2     0     0     0     0     0     0     0     0
     1     0     0     1     0     0     0     0     0     0     0     0
     0     0     0     0     0     0     0     0     0     0     0     0
     0     1     0     0     0     0     0     0     0     0     2     0
     0     1     0     0     0     0     0     0     0     0     0     0
     0     1     0     0     0     0     0     0     0     0     0     0
     1     0     0     0     0     0     0     0     0     0     0     0
     0     1     0     0     0     0     0     0     0     0     0     0
     0     0     1     0     0     0     0     0     0     0     1     0
     0     0     1     0     0     0     0     0     0     0     0     0
     0     1     2     0     0     0     0     0     0     0     0     0
     0     1     1     0     0     0     0     0     0     0     0     0
     1     0     2     0     0     1     0     0     0     1     0     0
     0     0     1     0     0     0     0     0     0     0     1     0
     0     0     1     2     0     0     0     0     0     0     0     0
     0     0     2     0     0     0     0     0     0     0     0     0
     0     0     1     0     0     0     0     0     0     0     0     0
     1     0     2     1     0     0     0     0     0     0     0     0
     2     0     0     0     0     0     0     0     0     0     0     0
     0     0     0     0     0     0     0     0     0     0     0     1
     0     0     0     0     0     0     0     0     0     0     1     0
     2     1     2     1     0     0     0     0     0     0     0     2
     3     3     5     1     0     0     0     0     0     0     1     5
     8     6    10    10     0     0     0     0     0     2     8    12
    14     4     8     5     2     0     0     0     0     1     4    10
    11    11    12     7     3     3     0     0     0     0     2     9
    15     9    15    10     2     0     0     1     0     1     4     9
     1     1     1     1     0     0     0     0     0     0     4     1
     0     3     3     2     0     0     0     0     0     0     0     1
     1     1     0     0     0     0     0     0     0     0     0     0
     0     0     0     1     0     0     0     0     0     0     0     0
    11
     0     0     0     0     0     0     0     0     0     0     0     0
     1     0     0     0     0     0     0     0     0     0     0     0
     1     0     0     0     0     0     0     0     0     0     0     0
     0     0     1     1     0     0     0     0     0     0     0     0
     0     1     2     0     0     0     0     0     0     0     0     0
     1     0     1     0     0     0     0     0     0     0     0     0
     0     0     2     0     0     0     0     0     0     0     0     0
     0     0     0     0     0     0     0     0     0     0     0     0
     0     0     0     0     0     0     0     0     0     0     0     0
     0     0     0     0     0     0     0     0     0     0     0     0
     0     0     0     0     0     0     0     0     0     0     0     0
     0     0     0     0     0     0     0     0     0     0     0     0
     0     1     0     0     0     0     0     0     0     0     0     0
     0     0     0     0     0     0     0     0     0     0     0     0
     0     0     2     0     0     0     0     0     0     0     0     0
     0     1     0     0     1     0     0     0     0     0     0     0
     0     0     0     1     0     0     0     0     0     1     0     0
     0     0     0     0     0     0     0     0     0     0     0     0
     0     0     0     0     0     0     0     0     0     0     0     0
     0     0     1     0     0     0     0     0     0     0     0     0
     0     0     4     0     0     0     0     0     0     0     0     0
     1     0     0     0     0     0     0     0     0     1     0     0
     0     0     0     0     0     0     0     0     0     0     0     0
     0     0     0     0     0     0     0     0     0     0     1     0
     1     0     0     1     0     0     0     0     0     0     0     0
     1     0     0     0     0     0     1     0     0     0     0     1
     1     0     1     3     0     0     0     0     0     0     1     0
     3     2     2     6     0     0     0     0     0     0     0     3
     7     3     3     5     0     0     0     0     0     2     1     5
    10     2    12    11     0     0     0     0     0     0     1     4
     6     4    12     5     1     0     0     0     1     0     4     5
     5     8     7     3     1     1     0     0     2     0     2     7
     0     0     0     1     1     0     0     0     0     0     2     1
     0     5     0     0     0     0     0     0     0     1     0     0
     0     0     0     0     0     0     0     0     1     0     0     1
     0     1     0     0     0     0     0     0     0     0     0     0
    12
     0     0     0     0     0     0     0     0     0     0     0     0
     0     0     0     0     0     0     0     0     0     0     0     0
     0     0     0     0     0     0     0     0     0     0     0     0
     0     2     0     0     0     0     0     0     0     0     0     0
     0     1     0     0     0     0     0     0     0     0     1     0
     3     0     1     0     0     0     0     0     0     0     0     0
     0     0     3     1     0     0     0     0     0     0     0     0
     0     0     0     0     0     0     0     0     0     0     0     0
     0     0     0     0     0     0     0     0     0     0     0     0
     0     0     0     0     0     0     0     0     0     0     0     0
     0     0     0     0     0     0     0     0     0     0     0     0
     0     0     0     0     0     0     0     0     0     0     0     0
     0     0     0     0     0     0     0     0     0     0     0     0
     0     0     0     0     0     0     0     0     0     0     0     0
     0     0     0     0     0     0     0     0     0     0     0     0
     0     0     0     0     0     0     0     0     0     0     0     0
     0     0     0     0     0     0     0     0     0     0     0     0
     0     0     0     0     0     0     0     0     0     0     0     0
     0     0     1     0     0     0     0     0     0     0     0     0
     0     1     0     0     0     0     0     0     0     0     0     0
     0     0     2     0     0     0     0     0     0     0     0     0
     1     0     0     0     0     0     0     0     0     0     0     0
     1     0     0     0     0     0     0     0     0     0     0     0
     1     0     1     1     0     0     0     0     0     0     0     0
     0     0     0     0     0     0     0     0     0     0     0     1
     0     0     0     0     0     0     0     0     0     0     0     0
     0     0     0     1     0     0     0     0     0     0     0     0
     0     0     1     1     0     0     0     0     0     0     0     1
     5     0     3     7     0     0     0     0     0     0     1     3
     0     0     2     6     0     1     0     0     0     0     2     4
     1     0     0     0     1     0     0     0     0     0     1     2
     0     5     1     1     0     0     1     0     0     0     0     5
     0     0     0     0     0     0     0     0     0     0     0     0
     0     3     0     0     0     0     0     0     0     0     0     0
     0     0     0     0     0     0     0     0     0     0     0     0
     0     0     0     0     0     0     0     0     0     0     0     0
    13
     0     0     0     0     0     0     0     0     0     0     0     0
     0     0     0     0     0     0     0     0     0     0     0     0
     0     0     0     0     0     0     0     0     0     0     0     0
     0     0     0     0     0     0     0     0     0     0     0     0
     0     0     0     0     0     0     0     0     0     0     0     0
     0     0     0     0     0     0     0     0     0     0     0     0
     0     0     0     0     0     0     0     0     0     0     0     0
     0     0     0     0     0     0     0     0     0     0     0     0
     0     0     0     0     0     0     0     0     0     0     0     0
     0     0     0     0     0     0     0     0     0     0     0     0
     0     0     0     0     0     0     0     0     0     0     0     0
     0     0     0     0     0     0     0     0     0     0     0     0
     0     0     1     0     0     0     0     0     0     0     0     0
     0     0     0     0     0     0     0     0     0     0     0     0
     0     0     0     0     0     0     0     0     0     0     0     0
     0     0     0     0     0     0     0     0     0     0     0     0
     0     0     0     0     0     0     0     0     0     0     0     0
     0     0     0     0     0     0     0     0     0     0     0     0
     0     0     0     0     0     0     0     0     0     0     0     0
     0     0     0     0     0     0     0     0     0     0     0     0
     0     0     0     0     0     0     0     0     0     0     0     0
     0     0     0     0     0     0     0     0     0     0     0     0
     0     0     0     0     0     0     0     0     0     0     0     0
     0     0     0     0     0     0     0     0     0     0     0     0
     0     0     0     0     0     0     0     0     0     0     0     0
     0     0     0     0     0     0     0     0     0     0     0     0
     0     1     0     0     0     0     0     0     0     0     0     0
     0     1     0     0     0     0     0     0     0     0     0     0
     3     1     0     0     0     0     0     0     0     0     0     0
     0     0     0     0     0     0     0     0     0     0     0     0
     0     0     1     0     0     0     0     0     0     0     0     0
     0     0     0     0     0     0     0     0     0     0     0     0
     0     0     0     0     0     0     0     0     0     0     0     0
     0     0     0     0     0     0     0     0     0     0     0     0
     0     0     0     0     0     0     0     0     0     0     0     0
     0     0     0     0     0     0     0     0     0     0     0     0
    14
     0     0     0     0     0     0     0     0     0     0     0     0
     0     0     0     0     0     0     0     0     0     0     0     0
     0     0     0     0     0     0     0     0     0     0     0     0
     0     0     0     0     0     0     0     0     0     0     0     0
     0     0     0     0     0     0     0     0     0     0     0     0
     0     1     1     0     0     0     0     0     0     0     0     0
     0     0     0     0     0     0     0     0     0     0     0     0
     0     0     0     0     0     0     0     0     0     0     0     0
     0     0     0     0     0     0     0     0     0     0     0     0
     0     0     0     0     0     0     0     0     0     0     0     0
     0     0     0     0     0     0     0     0     0     0     0     0
     0     0     0     0     0     0     0     0     0     0     0     0
     0     0     0     0     0     0     0     0     0     0     0     0
     0     0     0     0     0     0     0     0     0     0     0     0
     0     0     0     0     0     0     0     0     0     0     0     0
     0     0     0     0     0     0     0     0     0     0     0     0
     0     0     0     0     0     0     0     0     0     0     0     0
     0     0     0     0     0     0     0     0     0     0     0     0
     0     0     0     0     0     0     0     0     0     0     0     0
     0     0     0     0     0     0     0     0     0     0     0     0
     0     0     0     0     0     0     0     0     0     0     0     0
     0     0     0     0     0     0     0     0     0     0     0     0
     0     0     0     0     0     0     0     0     0     0     0     0
     0     0     0     0     0     0     0     0     0     0     0     0
     0     0     0     0     0     0     0     0     0     0     0     0
     0     0     0     0     0     0     0     0     0     0     0     0
     0     0     0     0     0     0     0     0     0     0     0     0
     0     0     0     0     0     0     0     0     0     0     0     0
     0     0     0     1     0     0     0     0     0     0     1     1
     0     0     0     0     0     0     0     0     0     0     0     0
     0     0     0     0     0     0     0     0     0     0     0     0
     0     0     0     0     0     0     0     0     1     0     0     1
     0     0     0     0     0     0     0     0     0     0     0     0
     0     0     0     0     0     0     0     0     0     0     0     0
     0     0     0     0     0     0     0     0     0     0     0     0
     0     0     0     0     0     0     0     0     0     0     0     0
    15
     0     0     0     0     0     0     0     0     0     0     0     0
     0     0     0     0     0     0     0     0     0     0     0     0
     0     0     0     0     0     0     0     0     0     0     0     0
     0     0     0     0     0     0     0     0     0     0     0     0
     0     0     0     0     0     0     0     0     0     0     0     0
     0     0     1     0     0     0     0     0     0     0     0     0
     0     0     0     0     0     0     0     0     0     0     0     0
     0     0     0     0     0     0     0     0     0     0     0     0
     0     0     0     0     0     0     0     0     0     0     0     0
     0     0     0     0     0     0     0     0     0     0     0     0
     0     0     0     0     0     0     0     0     0     0     0     0
     0     0     0     0     0     0     0     0     0     0     0     0
     0     0     0     0     0     0     0     0     0     0     0     0
     0     0     0     0     0     0     0     0     0     0     0     0
     0     0     0     0     0     0     0     0     0     0     0     0
     0     0     0     0     0     0     0     0     0     0     0     0
     0     0     0     0     0     0     0     0     0     0     0     0
     0     0     0     0     0     0     0     0     0     0     0     0
     0     0     0     0     0     0     0     0     0     0     0     0
     0     0     0     0     0     0     0     0     0     0     0     0
     0     0     0     0     0     0     0     0     0     0     0     0
     0     0     0     0     0     0     0     0     0     0     0     0
     0     0     0     0     0     0     0     0     0     0     0     0
     0     0     0     0     0     0     0     0     0     0     0     0
     0     0     0     0     0     0     0     0     0     0     0     0
     0     0     0     0     0     0     0     0     0     0     0     0
     0     0     0     0     0     0     0     0     0     0     0     0
     0     0     0     0     0     0     0     0     0     0     0     0
     0     0     0     1     0     0     0     0     0     0     0     0
     0     0     0     0     0     0     0     0     0     0     0     0
     0     0     0     0     0     0     0     0     0     0     0     0
     0     0     0     0     0     0     0     0     0     0     0     1
     0     0     0     0     0     0     0     0     0     0     0     0
     0     0     0     0     0     0     0     0     0     0     0     0
     0     0     0     0     0     0     0     0     0     0     0     0
     0     0     0     0     0     0     0     0     0     0     0     0
    16
     0     0     0     0     0     0     0     0     0     0     0     0
     0     0     0     0     0     0     0     0     0     0     0     0
     0     0     0     0     0     0     0     0     0     0     0     0
     0     0     0     0     0     0     0     0     0     0     0     0
     0     0     0     0     0     0     0     0     0     0     0     0
     0     0     0     0     0     0     0     0     0     0     0     0
     0     0     0     0     0     0     0     0     0     0     0     0
     0     0     0     0     0     0     0     0     0     0     0     0
     0     0     0     0     0     0     0     0     0     0     0     0
     0     0     0     0     0     0     0     0     0     0     0     0
     0     0     0     0     0     0     0     0     0     0     0     0
     0     0     0     0     0     0     0     0     0     0     0     0
     0     0     0     0     0     0     0     0     0     0     0     0
     0     0     0     0     0     0     0     0     0     0     0     0
     0     0     0     0     0     0     0     0     0     0     0     0
     0     0     0     0     0     0     0     0     0     0     0     0
     0     0     0     0     0     0     0     0     0     0     0     0
     0     0     0     0     0     0     0     0     0     0     0     0
     0     0     0     0     0     0     0     0     0     0     0     0
     0     0     0     0     0     0     0     0     0     0     0     0
     0     0     0     0     0     0     0     0     0     0     0     0
     0     0     0     0     0     0     0     0     0     0     0     0
     0     0     0     0     0     0     0     0     0     0     0     0
     0     0     0     0     0     0     0     0     0     0     0     0
     0     0     0     0     0     0     0     0     0     0     0     0
     0     0     0     0     0     0     0     0     0     0     0     0
     0     0     0     0     0     0     0     0     0     0     0     0
     0     0     0     0     0     0     0     0     0     0     0     0
     0     0     0     0     0     0     0     0     0     0     0     0
     0     0     1     0     0     0     0     0     0     0     0     0
     0     0     0     0     0     0     0     0     0     0     0     0
     0     0     0     0     0     0     0     0     0     0     0     0
     0     0     0     0     0     0     0     0     0     0     0     0
     0     0     0     0     0     0     0     0     0     0     0     0
     0     0     0     0     0     0     0     0     0     0     0     0
     0     0     0     0     0     0     0     0     0     0     0     0
    17
     0     0     0     0     0     0     0     0     0     0     0     0
     0     0     0     0     0     0     0     0     0     0     0     0
     0     0     0     0     0     0     0     0     0     0     0     0
     0     0     0     0     0     0     0     0     0     0     0     0
     0     0     0     0     0     0     0     0     0     0     0     0
     0     0     0     0     0     0     0     0     0     0     0     0
     0     0     0     0     0     0     0     0     0     0     0     0
     0     0     0     0     0     0     0     0     0     0     0     0
     0     0     0     0     0     0     0     0     0     0     0     0
     0     0     0     0     0     0     0     0     0     0     0     0
     0     0     0     0     0     0     0     0     0     0     0     0
     0     0     0     0     0     0     0     0     0     0     0     0
     0     0     0     0     0     0     0     0     0     0     0     0
     0     0     0     0     0     0     0     0     0     0     0     0
     0     0     0     0     0     0     0     0     0     0     0     0
     0     0     0     0     0     0     0     0     0     0     0     0
     0     0     0     0     0     0     0     0     0     0     0     0
     0     0     0     0     0     0     0     0     0     0     0     0
     0     0     0     0     0     0     0     0     0     0     0     0
     0     0     0     0     0     0     0     0     0     0     0     0
     0     0     0     0     0     0     0     0     0     0     0     0
     0     0     0     0     0     0     0     0     0     0     0     0
     0     0     0     0     0     0     0     0     0     0     0     0
     0     0     0     0     0     0     0     0     0     0     0     0
     0     0     0     0     0     0     0     0     0     0     0     0
     0     0     0     0     0     0     0     0     0     0     0     0
     0     0     0     0     0     0     0     0     0     0     0     0
     0     0     0     0     0     0     0     0     0     0     0     0
     0     0     0     0     0     0     0     0     0     0     0     0
     0     0     0     0     0     0     0     0     0     0     0     0
     0     0     0     0     0     1     0     0     0     0     0     0
     0     0     0     0     0     0     0     0     0     0     0     0
     0     0     0     0     0     0     0     0     0     0     0     0
     0     0     0     0     0     0     0     0     0     0     0     0
     0     0     0     0     0     0     0     0     0     0     0     0
     0     0     0     0     0     0     0     0     0     0     0     0
    18
     0     0     0     0     0     0     0     0     0     0     0     0
     0     0     0     0     0     0     0     0     0     0     0     0
     0     0     0     0     0     0     0     0     0     0     0     0
     0     0     0     0     0     0     0     0     0     0     0     0
     0     0     0     0     0     0     0     0     0     0     0     0
     0     0     0     0     0     0     0     0     0     0     0     0
     0     0     0     0     0     0     0     0     0     0     0     0
     0     0     0     0     0     0     0     0     0     0     0     0
     0     0     0     0     0     0     0     0     0     0     0     0
     0     0     0     0     0     0     0     0     0     0     0     0
     0     0     0     0     0     0     0     0     0     0     0     0
     0     0     0     0     0     0     0     0     0     0     0     0
     0     0     0     0     0     0     0     0     0     0     0     0
     0     0     0     0     0     0     0     0     0     0     0     0
     0     0     0     0     0     0     0     0     0     0     0     0
     0     0     0     0     0     0     0     0     0     0     0     0
     0     0     0     0     0     0     0     0     0     0     0     0
     0     0     0     0     0     0     0     0     0     0     0     0
     0     0     0     0     0     0     0     0     0     0     0     0
     0     0     0     0     0     0     0     0     0     0     0     0
     0     0     0     0     0     0     0     0     0     0     0     0
     0     0     0     0     0     0     0     0     0     0     0     0
     0     0     0     0     0     0     0     0     0     0     0     0
     0     0     0     0     0     0     0     0     0     0     0     0
     0     0     0     0     0     0     0     0     0     0     0     0
     0     0     0     0     0     0     0     0     0     0     0     0
     0     0     0     0     0     0     0     0     0     0     0     0
     0     0     0     0     0     0     0     0     0     0     0     0
     0     0     0     0     0     0     0     0     0     0     0     0
     0     0     0     0     0     0     0     0     0     0     0     0
     0     0     0     0     0     0     0     0     0     0     0     0
     0     0     0     0     0     0     0     0     0     0     0     0
     0     0     0     0     0     0     0     0     0     0     0     0
     0     0     0     0     0     0     0     0     0     0     0     0
     0     0     0     0     0     0     0     0     0     0     0     0
     0     0     0     0     0     0     0     0     0     0     0     0
    19
     0     0     0     0     0     0     0     0     0     0     0     0
     0     0     0     0     0     0     0     0     0     0     0     0
     0     0     0     0     0     0     0     0     0     0     0     0
     0     0     0     0     0     0     0     0     0     0     0     0
     0     0     0     0     0     0     0     0     0     0     0     0
     0     0     0     0     0     0     0     0     0     0     0     0
     0     0     0     0     0     0     0     0     0     0     0     0
     0     0     0     0     0     0     0     0     0     0     0     0
     0     0     0     0     0     0     0     0     0     0     0     0
     0     0     0     0     0     0     0     0     0     0     0     0
     0     0     0     0     0     0     0     0     0     0     0     0
     0     0     0     0     0     0     0     0     0     0     0     0
     0     0     0     0     0     0     0     0     0     0     0     0
     0     0     0     0     0     0     0     0     0     0     0     0
     0     0     0     0     0     0     0     0     0     0     0     0
     0     0     0     0     0     0     0     0     0     0     0     0
     0     0     0     0     0     0     0     0     0     0     0     0
     0     0     0     0     0     0     0     0     0     0     0     0
     0     0     0     0     0     0     0     0     0     0     0     0
     0     0     0     0     0     0     0     0     0     0     0     0
     0     0     0     0     0     0     0     0     0     0     0     0
     0     0     0     0     0     0     0     0     0     0     0     0
     0     0     0     0     0     0     0     0     0     0     0     0
     0     0     0     0     0     0     0     0     0     0     0     0
     0     0     0     0     0     0     0     0     0     0     0     0
     0     0     0     0     0     0     0     0     0     0     0     0
     0     0     0     0     0     0     0     0     0     0     0     0
     0     0     0     0     0     0     0     0     0     0     0     0
     0     0     0     0     0     0     0     0     0     0     0     0
     0     0     0     0     0     0     0     0     0     0     0     0
     0     0     0     0     0     0     0     0     0     0     0     0
     0     0     0     0     0     0     0     0     0     0     0     0
     0     0     0     0     0     0     0     0     0     0     0     0
     0     0     0     0     0     0     0     0     0     0     0     0
     0     0     0     0     0     0     0     0     0     0     0     0
     0     0     0     0     0     0     0     0     0     0     0     0
    20
     0     0     0     0     0     0     0     0     0     0     0     0
     0     0     0     0     0     0     0     0     0     0     0     0
     0     0     0     0     0     0     0     0     0     0     0     0
     0     0     0     0     0     0     0     0     0     0     0     0
     0     0     0     0     0     0     0     0     0     0     0     0
     0     0     0     0     0     0     0     0     0     0     0     0
     0     0     0     0     0     0     0     0     0     0     0     0
     0     0     0     0     0     0     0     0     0     0     0     0
     0     0     0     0     0     0     0     0     0     0     0     0
     0     0     0     0     0     0     0     0     0     0     0     0
     0     0     0     0     0     0     0     0     0     0     0     0
     0     0     0     0     0     0     0     0     0     0     0     0
     0     0     0     0     0     0     0     0     0     0     0     0
     0     0     0     0     0     0     0     0     0     0     0     0
     0     0     0     0     0     0     1     0     0     0     0     0
     0     0     0     0     0     0     0     0     0     0     0     0
     0     0     0     0     0     0     0     0     0     0     0     0
     0     0     0     0     0     0     0     0     0     0     0     0
     0     0     0     0     0     0     0     0     0     0     0     0
     0     0     0     0     0     0     0     0     0     0     0     0
     0     0     0     0     0     0     0     0     0     0     0     0
     0     0     0     0     0     0     0     0     0     0     0     0
     0     0     0     0     0     0     0     0     0     0     0     0
     0     0     0     0     0     0     0     0     0     0     0     0
     0     0     0     0     0     0     0     0     0     0     0     0
     0     0     0     0     0     0     0     0     0     0     0     0
     0     0     0     0     0     0     0     0     0     0     0     0
     0     0     0     0     0     0     0     0     0     0     0     0
     0     0     0     0     0     0     0     0     0     0     0     0
     0     0     0     0     0     0     0     0     0     0     0     0
     0     0     0     0     0     0     0     0     0     0     0     0
     0     0     0     0     0     0     0     0     0     0     0     0
     0     0     0     0     0     0     0     0     0     0     0     0
     0     0     0     0     0     0     0     0     0     0     0     0
     0     0     0     0     0     0     0     0     0     0     0     0
     0     0     0     0     0     0     0     0     0     0     0     0
