20
Charleston, WV 13866
     0
      -3.300      -1.200       3.900       8.800      15.600      21.100
      22.700      22.200      17.700      11.100       5.500      -1.200
       1.700       3.200       8.800      15.000      20.600      24.300
      26.100      25.600      22.200      16.100      10.000       3.200
       6.600       8.800      15.600      20.600      25.000      27.700
      28.800      28.200      26.100      21.100      15.600       9.300
      48.000      47.000      37.000      33.000      41.000      48.000
      53.000      53.000      51.000      44.000      44.000      52.000
      64.000      63.000      55.000      49.000      57.000      60.000
      65.000      65.000      65.000      60.000      59.000      65.000
      79.000      79.000      73.000      71.000      77.000      77.000
      81.000      81.000      83.000      80.000      78.000      80.000
       2.000       2.000       2.000       2.000       1.600       1.600
       1.600       1.600       1.600       1.600       1.600       1.600
       2.700       2.700       2.700       2.700       2.400       2.400
       2.000       2.000       2.000       2.000       2.400       2.700
       4.000       4.000       4.000       4.000       3.100       3.100
       2.700       2.700       2.700       3.100       3.500       3.500
     250.000     260.000     260.000     260.000     240.000     240.000
     230.000     230.000     230.000     240.000     240.000     240.000
     1
       1.803       4.087       9.625      14.692      20.026      24.102
      25.733      25.074      21.632      15.810      10.482       3.916
      63.780      62.466      55.659      52.495      58.620      62.526
      66.715      66.479      65.840      61.582      60.701      65.371
     2
    30    28    42    42    54    34    46    69    55    54    38    33
    40    56    54    68    62    75    79   104    90    77    59    52
    31    35    36    28    46    50    59    74    58    55    28    35
    45    57    60    61    82    92    99   119    99    70    54    68
    70    69    91    93   108   150   175   194   193   114    86    80
    47    52    57    41    77    93   122   123   144    89    57    72
    35    44    68    74    71    95   104   129   129    71    47    51
    26    26    40    33    56    56    65   101    80    63    39    38
    34    37    49    49    67    79   104   108    89    62    40    40
    19    20    29    22    43    30    56    59    72    31    26    31
    22    12    45    40    47    55    68    83    78    43    31    38
    32    25    34    27    52    66    82   115    97    51    32    40
    25    22    29    24    48    43    77    76    86    53    35    23
    23    29    23    27    35    56    52    84    78    47    45    24
    24    12    27    20    23    27    35    34    41    22    19    15
    23    23    38    33    57    53    52    69    55    34    31    35
    16    21    22    19    42    58    47    52    55    48    34    25
    50    41    57    60   119   152   159   155   120   120    66    56
    20    25    33    39    57    83   116    99    77    76    34    35
    36    36    43    45    81   101   124   104    97    96    55    37
    26    24    38    47    59    72    72    81    48    53    30    25
    28    31    39    33    59    55    69    78    54    65    51    40
    44    43    58    58    81    97   132   127    91   108    71    57
    29    34    27    33    57    43    78    75    74    80    53    35
    47    42    47    51    70    76    77    90    73    68    48    41
    27    18    16    27    51    43    41    51    54    58    34    31
    36    24    37    47    62    63    68    69    44    54    32    44
    24    24    31    31    48    33    54    47    38    45    35    32
    36    30    46    44    59    58    62    70    51    77    40    48
    17    31    42    36    39    56    48    52    38    42    36    30
    27    28    34    24    43    61    49    51    26    36    34    33
    26    44    48    40    62    55    61    84    45    52    43    33
    18    22    27    26    39    39    38    52    28    30    29    25
    38    48    40    41    77   101    80    99    91    91    56    54
    28    35    42    43    69    38    36    90    80    58    37    53
    49    57    72    61   103   100   107   164   106   112    54    57
     3
    27    30    57    78    63    52    59    74    58    41    22    20
    42    42    79    68    84    95    86    99    93    54    44    37
    34    54    55    71    67    81    73    96    55    54    34    31
    46    49    93    83    85    88    80   117    96    68    32    44
    74    87   109    73    86   126   125   128   134    61    76    64
    46    50    58    52    48    65    79    97    79    39    39    42
    32    46    32    33    37    54    61    58    55    20    34    33
    18    21    27    24    22    26    40    47    27    17    14    17
    17    25    41    26    36    25    41    51    45    19    15    15
     3    13    16    18    14    20    23    26    22    25     6    12
     9    20    48    31    25    36    34    34    39    30    24    10
    21    16    28    23    39    25    37    47    39    36    24    24
    19    19    21    33    35    31    31    45    45    40    18    22
    34    39    55    49    54    39    32    53    56    51    45    41
    31    34    29    21    39    27    20    21    34    34    35    33
    29    49    58    53    54    32    42    51    43    52    44    55
    48    38    46    45    46    44    45    45    50    45    41    48
    86    81    97    87   140   153   167   163   140   104    79   105
    37    31    46    41    91    98   116    97    97    77    42    53
    54    55    74    66   120   131   146   131   117   109    62    62
    47    55    61    52    88   122   116    97    87    66    51    47
    64    56    78    76   138   155   157   116   106   111    71    90
   152   117   143   138   218   244   326   231   173   176   169   145
    79    85   105   117   152   184   186   148   122   117   118   103
   135    88   125   128   142   209   212   174   125   123   134   138
    71    63    86    79   113    95    88    63    63    84    62    91
    94    73    71    96   125   108    87    80    76    86    73    88
    54    55    53    80    93    63    60    46    45    55    69    76
    80    82    98   113   113    91    92    90    80    72    76    91
    58    73    81    86    85    91    85    54    47    57    58    61
    47    61    65    58    77    61    73    50    49    44    42    32
    50    53    79    94    89    91    72    85    65    67    52    31
    23    43    63    54    59    48    52    46    37    53    25    24
    47    76    90    76   110    93    92    89    94    60    49    52
    24    45    53    66    69    52    52    60    50    41    31    31
    31    69    84    88   109    77    98   107    87    69    32    35
     4
     6     7    17    17    22     6    12    12    14     8     5     5
    11    11    30    19    34    25    13    22    29     8     6     8
    11     3    20    22    22    17    13    16    17    11     7     4
    12    11    22    17    17    30    15    27    30    14     5     8
    20    23    38    25    22    18    16    22    33     9    12    15
     2     3    11    15     6    13     7    10    13     1     6     3
     4     9    12    12     8     8     8    12    11     3     6     7
     1     2     6    10     3     6     6     6     5     4     5     1
     2     3     8    13     3     4     3     4     4    12     3     1
     2     0     1     7     4     8     5     2     3     0     0     1
     3     6     5    11     5     6     8     1     5     7     1     4
     7     6    10     9    13     4     4     3     3     7     3     3
     2    10     7     8    13     5     3    10     7     9     7     5
     9    15    27    17    22    12     4    11    16    18    14     9
    10     6    19    24    12     4     7     5     5    19    18     7
    25    29    39    30    35    12    13     7    16    21    28    20
    15    14    18    18    12    10    11    14    11    14    14    24
    28    29    39    24    32    24    29    20    35    18    17    42
    18    13    22    23    21    27    26    22    19    23    11    26
    23    29    30    30    26    40    36    32    48    34    19    25
    19    11    32    26    30    44    52    49    38    27    35    24
    48    31    43    47    50    85    71    67    33    51    45    53
    86    76    92   112   147   150   162   107   107   105   101   106
    65    51    64    57    98   103    84    86    68    51    66    63
    99    87    86    97   104   108    96    79    62    73    79   108
    67    50    56    81    74    52    49    30    41    31    35    51
    68    51    57    84    60    48    38    41    36    51    52    63
    40    32    36    48    49    30    14    14    14    39    33    32
    49    58    77    79    56    32    28    18    26    39    51    55
    31    38    49    57    46    40    21    16    18    24    33    32
    12    33    36    47    36    24    20     8    17    14    25    31
    16    34    37    49    33    15    22    11    15    28    17    16
     9    18    23    24    29     8    13    18    12     6    11     2
     5    26    45    46    54    19    17    19    15    21    12    14
     8    13    30    25    20    15    16    17    18    14    11    11
     7    17    29    34    20    20    17    19    16     9     7     6
     5
     1     1     3    10    12     5     5     2     4     0     0     2
     1     9    15    14    17    13     7     2    10     2     0     5
     1     3     6     8    11     7     2     2    17     3     2     0
     2     6    12    10    12     7     3     5    14     4     2     3
     3    15    15    10    14    13     5     6     8     7     8     4
     0     1     8     4     5     1     2     2     5     4     1     0
     1     3     3     1     4     0     0     3     2     1     0     1
     0     2     2     2     1     2     2     3     0     1     0     0
     0     0     8     5     5     4     0     0     4     1     0     0
     2     2     1     6     2     3     0     1     1     2     0     0
     0     1     6     6     2     2     0     0     1     4     0     2
     2     4     6    11     6     3     4     0     0     3     1     5
     7     7    12    15     7     0     1     1     2     7     8     2
     9    21    38    31    20     6     2     2     4    13    10     9
     4     8    24    17    11     4     3     2     2     9    12     4
     9    22    39    21    23     3     7     3     6    10    28    14
    12    13    27    15     7     3     8     2     8     8    13    11
    16    30    51    21    27    12     9     8    10     9    20    27
    12     7     8    11    11     9     6     8     6    12    14    16
    28    24    37    29    41    21    19    16    34    16    22    29
    22    21    31    21    32    17    24    22    24    34    25    30
    49    44    57    58    62    60    48    48    32    25    48    55
   126    98   125   136   136   150   108    92    74    80   101   130
   100    68    95    95    89    87    75    68    50    64    77    79
   134    98   108   114   119    93    66    38    57    67    88   120
   103    76    65    87    59    63    37    21    24    39    62    73
    95    67    91   109    66    37    28    18    25    42    71    73
    40    56    60    65    31    28    14    12     9    24    40    36
    57    65    84   104    49    19    20    10     7    26    53    45
    31    28    48    48    27    20     9     7     5    34    16    43
    28    26    53    57    23     9     4     7     3    13    19    27
    14    25    42    49    30    10     7     7     8    13    23    15
     8    12    18    35    22     9     7     6     4     6     5     5
    12    19    21    40    39    10    21     6     9    14     6     6
     4     4    14    15     8     2     9     8     6     6     2     3
     7     8     8    20    17    11     6     7     9     2     5     3
     6
     0     2     0     5     0     0     0     0     0     0     0     0
     0     2     2     0     1     1     0     2     0     1     1     0
     1     0     1     1     0     1     1     0     1     1     0     0
     0     1     0     2     3     1     0     0     0     2     0     0
     0     0     2     2     0     2     1     0     2     0     0     0
     0     0     0     0     0     1     0     0     0     0     0     0
     0     0     1     0     0     0     0     0     0     0     0     0
     0     0     0     0     0     0     0     0     0     0     0     0
     0     0     0     1     1     0     0     0     0     0     1     0
     0     0     1     1     1     0     0     0     0     0     0     0
     0     0     0     3     0     0     0     0     0     0     0     0
     1     0     1     0     0     0     0     0     0     2     2     2
     2     3     3     2     1     0     0     0     1     0     2     3
     3     6     7    12     4     1     2     1     1     3     5     3
     4     4     8     9     3     0     0     1     0     2     7     4
     2     8    10    19     7     3     0     0     2     4     9     7
     1     3     6    10     1     3     0     0     0     1     8     4
     6     1    21    14     6     2     1     3     1     2     4     2
     5     3     9     5     1     2     0     0     1     1     1     3
     9    11    21    15    11     4     5     0     3     3     9    10
     5     8    20    10     6     7     2     3     6     5    10    11
    26    14    24    35    21    19     7    10     7    15    23    25
    72    41    59    71    56    34    23    22    16    24    39    53
    63    40    75    57    30    30    29    13     8    27    32    48
    82    53    94    85    34    23    16     9    12    23    47    48
    49    45    55    54    21    15    10     5     7    16    28    41
    51    30    64    54    32     8     3     4     3    22    33    39
    25    16    29    25    19     6     3     2     3     8    18    18
    24    31    39    49    11     2     4     1     1    14    22    20
    18    17    18    23     7     2     1     1     2     9    12    14
     9     8    13    18     3     2     2     0     0     0     7     8
     8     7    16    20     5     3     2     1     1     8     8     5
     0     1     5    11     4     1     2     2     0     3     3     1
     4     5    11    10     1     0     5     0     2     0     3     1
     0     3     2     4     2     2     1     0     2     0     0     0
     1     0     2     3     1     2     0     1     0     1     1     1
     7
     0     0     0     0     0     1     0     0     0     0     0     0
     0     0     0     0     0     0     1     0     0     0     0     0
     0     1     0     0     0     0     0     0     0     0     0     0
     0     0     0     1     0     0     0     0     0     0     0     0
     0     0     0     0     0     0     0     0     0     0     0     0
     0     0     0     0     0     0     0     0     0     0     0     0
     0     0     0     0     0     0     0     0     0     0     0     0
     0     0     0     0     0     0     0     0     0     0     0     0
     0     0     0     0     0     0     0     0     0     0     0     0
     0     0     0     0     0     0     0     0     0     0     0     0
     0     0     0     0     0     0     0     0     0     0     0     0
     0     0     0     0     0     0     0     0     0     0     0     0
     0     0     1     0     0     0     0     0     0     0     0     0
     2     0     5     4     0     0     0     0     1     0     0     1
     1     0     3     3     0     0     0     1     0     0     1     1
     0     1     5     4     0     0     0     0     0     0     2     0
     0     0     4     3     0     0     0     0     0     0     0     0
     2     1     4     2     1     0     1     0     0     0     0     3
     1     1     3     1     2     0     0     0     0     0     1     0
     6     1     5     6     2     1     0     0     0     0     5     0
     3     0     4     2     1     0     2     2     0     2     1     4
     3     2     9     5     3     1     3     2     2     1     6     3
    17    13    22    24     7     4     7     0     2     2     6    16
    22    12    22    12     8     6     1     0     2     5    10     3
    26    14    26    37     8     1     6     1     2     6    10     7
     8     4    16    15     8     4     0     0     0     2     1    10
    13    10    19    15     2     3     0     0     0     3     4    10
     9     4     9     7     3     0     0     0     0     2     5     4
     6     4     9    19     3     0     1     0     2     4     3     3
     3     3    10     6     0     1     0     0     0     1     1     2
     2     3     1     3     1     1     1     0     0     0     0     3
     2     3     0     4     0     2     0     0     0     0     0     1
     0     0     0     2     1     0     1     0     0     0     0     1
     0     1     1     0     1     1     0     0     0     0     0     0
     0     0     1     0     0     0     0     0     0     0     0     0
     0     0     1     1     0     0     0     0     0     0     0     0
     8
     0     0     0     0     0     0     1     0     0     0     0     0
     0     0     0     0     0     0     0     0     1     0     0     0
     0     0     0     0     0     0     0     0     0     0     0     0
     0     0     0     0     0     0     0     0     0     0     0     0
     0     0     0     0     0     0     0     0     0     0     0     0
     0     0     0     0     0     0     0     0     0     0     0     0
     0     0     0     0     0     0     0     0     0     0     0     0
     0     0     0     0     0     0     0     0     0     0     0     0
     0     0     0     0     0     0     0     0     0     0     0     0
     0     0     0     0     0     0     0     0     0     0     0     0
     0     0     0     0     0     0     0     0     0     0     0     0
     0     1     0     1     0     0     0     0     0     0     0     0
     0     0     1     1     0     0     0     0     0     0     0     0
     0     0     1     1     0     0     0     0     0     0     0     1
     0     0     0     0     0     0     0     0     0     0     1     1
     0     1     1     3     0     0     0     0     0     0     0     1
     0     0     1     1     1     1     0     0     0     0     0     0
     1     1     2     1     1     1     0     0     0     0     1     0
     1     0     3     0     1     0     0     0     0     0     0     0
     0     1     4     2     3     0     0     1     0     0     0     1
     3     1     3     2     1     1     0     0     0     0     1     4
     6     6     9     3     3     1     0     0     0     4     1     3
     9     8     9    16     5     3     2     0     1     4     2     4
    17     8     7     9     3     0     0     0     2     3     3     8
    14     6    29    26     2     3     1     0     0     3     4    12
    12     3    14    15     2     0     0     0     0     0     6     7
    15     7     8    11     1     1     0     0     0     2     5     5
     3     2     6     8     0     0     1     0     0     0     3     3
     2     1     7     8     1     0     1     0     2     0     4     3
     1     1     2     4     0     0     0     0     1     0     0     0
     1     0     1     2     0     0     0     0     0     0     0     0
     1     1     2     1     0     0     0     0     0     0     0     0
     0     0     1     0     0     0     0     0     0     0     0     0
     0     0     0     1     1     0     1     0     0     0     0     0
     0     0     0     0     0     0     0     0     0     0     0     0
     0     0     0     0     0     0     0     0     0     0     0     0
     9
     0     0     0     0     0     0     0     0     0     0     0     0
     0     0     0     0     0     0     0     0     0     0     0     0
     0     0     0     0     0     0     0     0     0     0     0     0
     0     0     0     0     0     0     0     0     0     0     0     0
     0     0     0     0     0     0     0     0     0     0     0     0
     0     0     0     0     0     0     0     0     0     0     0     0
     0     0     0     0     0     0     0     0     0     0     0     0
     0     0     0     0     0     0     0     0     0     0     0     0
     0     0     0     0     0     0     0     0     0     0     0     0
     0     0     0     0     0     0     0     0     0     0     0     0
     0     0     0     0     0     0     0     0     0     0     0     0
     0     0     0     0     0     0     0     0     0     0     0     0
     0     0     0     0     0     0     0     0     0     0     0     0
     0     0     1     1     0     0     0     0     0     0     0     0
     0     0     0     1     0     0     0     0     0     0     0     0
     0     0     0     0     0     0     0     0     0     0     0     0
     0     0     1     0     0     0     0     0     0     0     0     1
     0     0     0     0     0     0     0     0     0     0     1     0
     0     0     0     0     0     0     0     0     0     0     0     0
     0     1     1     0     0     0     0     0     0     0     0     0
     0     0     0     1     0     0     0     0     0     0     2     1
     0     0     0     1     1     0     0     0     0     0     1     0
     1     0     5     6     0     0     0     0     0     1     0     2
     0     3     1     1     0     0     0     0     0     0     0     0
     2     0     3     2     1     0     0     0     0     3     2     0
     1     0     3     1     0     0     0     0     0     0     1     0
     2     0     0     3     1     0     1     0     0     0     0     1
     0     0     1     1     0     0     0     0     0     0     1     0
     0     0     1     0     1     0     0     0     0     0     0     0
     0     0     0     0     0     0     0     0     0     0     0     0
     0     0     0     0     0     0     0     1     0     0     0     0
     0     0     0     0     0     0     0     0     0     0     0     0
     0     0     0     0     0     0     0     0     0     0     0     0
     1     0     0     0     0     0     0     0     0     0     0     0
     0     0     0     0     0     0     0     0     0     0     0     0
     0     0     0     0     0     0     0     0     0     0     0     0
    10
     0     0     0     0     0     0     0     0     0     0     0     0
     0     0     0     0     0     0     0     0     0     0     0     0
     0     0     0     0     0     0     0     0     0     0     0     0
     0     0     0     0     0     0     0     0     0     0     0     0
     0     0     0     0     0     0     0     0     0     0     0     0
     0     0     0     0     0     0     0     0     0     0     0     0
     0     0     0     0     0     0     0     0     0     0     0     0
     0     0     0     0     0     0     0     0     0     0     0     0
     0     0     0     0     0     0     0     0     0     0     0     0
     0     0     0     0     0     0     0     0     0     0     0     0
     0     0     0     0     0     0     0     0     0     0     0     0
     0     0     0     0     0     0     0     0     0     0     0     0
     0     0     0     0     0     0     0     0     0     0     0     0
     0     0     0     0     0     0     0     0     0     0     0     0
     0     0     0     0     0     0     0     0     0     0     1     0
     0     0     0     0     0     0     0     0     0     0     0     0
     0     0     0     1     0     0     0     0     0     0     0     0
     0     0     0     0     0     0     0     0     0     0     0     0
     0     0     0     0     0     0     0     0     0     0     0     0
     0     0     0     0     0     0     0     0     0     0     0     0
     0     0     0     0     0     0     0     0     0     0     0     0
     0     0     1     2     0     0     0     0     0     0     0     0
     0     1     3     0     0     0     0     0     2     0     0     0
     0     0     1     1     1     0     0     0     0     0     0     2
     2     0     7     0     0     0     0     0     0     0     0     1
     0     0     1     2     0     0     0     0     0     0     1     2
     1     0     0     1     0     0     0     0     0     0     0     0
     0     1     1     0     0     0     0     0     0     1     0     0
     0     0     0     2     0     0     0     0     0     0     0     0
     0     0     0     0     0     0     0     0     0     0     0     0
     0     0     0     0     0     0     0     0     0     0     0     0
     0     0     0     0     0     0     0     0     0     0     0     0
     0     0     0     0     0     0     0     0     0     0     0     0
     0     0     0     0     0     0     0     0     0     0     0     0
     0     0     0     0     0     0     0     0     0     0     0     0
     0     0     0     0     0     0     0     0     0     0     0     0
    11
     0     0     0     0     0     0     0     0     0     0     0     0
     0     0     0     0     0     0     0     0     0     0     0     0
     0     0     0     0     0     0     0     0     0     0     0     0
     0     0     0     0     0     0     0     0     0     0     0     0
     0     0     0     0     0     0     0     0     0     0     0     0
     0     0     0     0     0     0     0     0     0     0     0     0
     0     0     0     0     0     0     0     0     0     0     0     0
     0     0     0     0     0     0     0     0     0     0     0     0
     0     0     0     0     0     0     0     0     0     0     0     0
     0     0     0     0     0     0     0     0     0     0     0     0
     0     0     0     0     0     0     0     0     0     0     0     0
     0     0     0     0     0     0     0     0     0     0     0     0
     0     0     0     0     0     0     0     0     0     0     0     0
     0     0     1     0     0     0     0     0     0     0     0     0
     0     0     0     0     0     0     0     0     0     0     0     0
     0     0     0     0     0     0     0     0     0     0     0     0
     0     0     0     0     0     0     0     0     0     0     0     0
     0     0     0     0     0     0     0     0     0     0     0     0
     0     0     0     0     0     0     0     0     0     0     0     0
     0     0     0     0     1     0     0     0     0     0     0     0
     0     0     0     0     0     0     0     0     0     0     0     0
     0     0     0     1     0     0     0     0     0     0     0     0
     0     0     1     1     0     0     0     0     0     0     0     0
     1     1     1     2     1     0     0     0     0     0     0     0
     0     2     0     2     0     0     0     0     0     0     1     2
     1     0     0     0     0     0     0     0     0     0     0     1
     0     0     1     0     0     0     0     0     0     0     0     0
     0     0     0     1     0     0     0     0     0     0     0     0
     0     0     1     1     0     0     0     0     0     0     0     0
     0     0     0     0     0     0     0     0     0     0     0     0
     0     0     0     0     0     0     0     0     1     0     0     0
     0     0     0     0     0     0     0     0     0     0     0     0
     0     0     0     0     0     0     0     0     0     0     0     0
     0     0     0     0     0     0     0     0     0     0     0     0
     0     0     0     0     0     0     0     0     0     0     0     0
     0     0     0     0     0     0     0     0     0     0     0     0
    12
     0     0     0     0     0     0     0     0     0     0     0     0
     0     0     0     0     0     0     0     1     0     0     0     0
     0     0     0     0     0     0     0     0     0     0     0     0
     0     0     0     0     0     0     0     0     0     0     0     0
     0     0     0     0     0     0     0     0     0     0     0     0
     0     0     0     0     0     0     0     0     0     0     0     0
     0     0     0     0     0     0     0     0     0     0     0     0
     0     0     0     0     0     0     0     0     0     0     0     0
     0     0     0     0     0     0     0     0     0     0     0     0
     0     0     0     0     0     0     0     0     0     0     0     0
     0     0     0     0     0     0     0     0     0     0     0     0
     0     0     0     0     0     0     0     0     0     0     0     0
     0     0     0     0     0     0     0     0     0     0     0     0
     0     0     0     0     0     0     0     0     0     0     0     0
     0     0     0     0     0     0     0     0     0     0     0     0
     0     0     0     0     0     0     0     0     0     0     0     0
     0     0     0     0     0     0     0     0     0     0     0     0
     0     0     0     0     0     0     0     0     0     0     0     0
     0     0     0     0     0     0     0     0     0     0     0     0
     0     0     0     0     0     0     0     0     0     0     0     0
     0     0     0     0     0     0     0     0     0     0     0     0
     0     0     0     0     0     0     0     0     0     0     0     0
     0     0     0     2     0     0     0     0     0     0     0     0
     0     0     1     0     0     0     0     0     0     0     0     0
     1     0     0     2     0     0     0     0     0     0     0     0
     0     0     0     0     0     0     0     0     0     0     0     1
     0     1     0     0     0     0     0     0     0     0     0     0
     1     0     0     0     0     0     0     0     0     0     0     0
     0     0     0     0     0     0     0     0     0     0     0     0
     0     0     0     0     0     0     0     0     0     0     0     0
     0     0     0     0     0     0     1     0     0     0     0     0
     0     0     0     0     0     0     0     0     0     0     0     0
     0     0     0     0     0     0     0     0     0     0     0     0
     0     0     0     0     0     0     0     0     0     0     0     0
     0     0     0     0     0     0     0     0     0     0     0     0
     0     0     0     0     0     0     0     0     0     0     0     0
