18
Meridian, MS 13865
     0
       3.900       6.600      12.100      17.200      21.700      25.000
      26.100      26.100      23.200      17.200      12.100       6.000
       8.800      12.100      17.200      21.100      25.000      28.200
      29.300      29.300      26.700      21.700      17.200      11.100
      14.300      17.200      21.700      25.000      28.200      31.100
      32.200      32.200      30.000      25.600      21.100      16.700
      44.000      40.000      38.000      39.000      47.000      49.000
      53.000      52.000      50.000      41.000      43.000      45.000
      65.000      61.000      56.000      56.000      59.000      61.000
      65.000      63.000      63.000      58.000      62.000      65.000
      85.000      83.000      80.000      78.000      78.000      79.000
      79.000      79.000      81.000      79.000      83.000      85.000
       2.000       2.400       2.400       2.000       2.000       1.600
       1.600       1.600       2.000       2.000       2.000       2.000
       2.700       3.100       3.100       3.100       2.700       2.400
       2.400       2.400       2.400       2.400       2.700       3.100
       4.000       4.400       4.400       4.000       3.500       3.100
       3.100       2.700       3.100       3.500       4.000       4.000
     350.000     350.000     180.000     180.000     180.000     190.000
     210.000     180.000      30.000     360.000     360.000     350.000
     1
       9.116      11.954      16.711      20.594      24.641      27.885
      29.063      29.062      26.258      21.052      16.440      11.164
      63.876      61.219      58.428      58.742      61.963      63.642
      66.337      65.009      64.537      59.750      61.825      64.259
     2
    35    23    18    20    20    34    31    33    41    53    36    21
    45    31    18    29    45    44    45    48    47    48    30    26
    25    34    22    28    24    25    48    43    35    41    22    22
    23    34    22    22    23    29    29    45    58    46    26    23
    25    27    30    27    32    37    46    72    45    48    27    42
    24    26    28    37    31    43    42    64    52    33    19    27
    17    18    16    26    29    32    38    62    38    47    20    20
    15    11    10    15    22    20    24    33    27    17    11     9
    32    32    35    40    43    57    57    75    64    51    25    24
    14    14    11    17    23    19    26    35    27    26    12    15
    26    18    23    27    32    49    57    57    44    56    29    16
    26    19    26    30    52    62    60    66    51    36    23    27
    23    22    20    25    41    49    48    45    36    30    28    17
    32    27    28    32    55    79    58    86    54    53    47    27
    24    18    21    25    45    56    66    63    30    34    33    32
    32    21    32    35    68    56    73    75    57    31    31    27
    38    36    31    47    49    72    88    60    34    37    33    24
    77    62    92   109   136   167   191   150   107   106    86   109
    47    38    53    85    89   117   104    86    64    56    53    42
    53    54    69    82    84   140   137    91    87    79    41    51
    35    31    41    67    85   103   112    83    50    54    33    41
    24    17    25    46    60    92   102    88    40    40    28    17
    31    33    33    28    63    83    98    95    51    30    27    14
    25    13    30    27    43    70    89    80    34    24    25    11
    15    21    16    23    41    48    73    62    25    25     9    18
    21    12    11    13    26    44    67    43    21    23    22    14
    38    16    16    32    35    67   106    89    31    34    22    15
    20    20    14    22    25    37    55    38    27    20    10     9
    32    20    11    24    44    58    63    74    31    33    14    16
    35    34    40    43    55    75    93    72    51    45    31    24
    23    29    31    29    59    74    77    60    43    44    20    31
    46    34    35    51    64    73    86    99    76    99    37    36
    23    31    30    44    53    61    81    70    65    75    42    31
    41    38    33    30    47    87    77    87   116   133    58    50
    26    30    28    31    50    67    51    68    81    73    46    31
    73    29    49    63    59    95    82   129   115   116    77    52
     3
    74    58    58    57    79    69    69    90   105   106    61    69
   110    76    61    66    67   109    94   101   160   139   112    92
    61    68    76    57    52    52    63    85    91   101    51    63
    72    76    63    52    53    58    65    90   133    87    68    67
   113    93    89   104    95   126   109   135   157   144   104    89
    77    81    75    85   110    96    63   132   166   113    61    72
    24    54    53    79    64    88    59    98   126    98    49    42
    22    30    32    50    34    63    67    80    96    73    36    20
    36    42    57    64    84   113   102   159   161   116    63    39
    25    22    39    33    54    66    76    72    73    72    27    29
    49    41    36    47    70    85    91   107   115   134    52    21
    53    31    39    65   105    94   104   122   110   105    68    52
    24    47    42    46    82    88    69    85    78    81    54    41
    82    60    68   103   123   136   114   153   125   104   110    69
    53    43    51    61    84    96    71    83    71    64    62    64
    60    48    83   109   150   110    83   102    74    55    62    57
    64    48    68   110   140   133    95    95    92    52    78    61
   211   159   190   265   360   339   307   267   189   187   175   197
   133    73    93   141   183   169   148   103   112    73    79   102
   113    89   106   147   171   214   209   142   122    75    92    72
    50    49    71    79   105   110   126    85    67    50    56    65
    43    34    56    62    95   132   120   111    44    40    26    44
    53    51    67    72   122   156   221   165    71    41    44    36
    26    39    38    61    72   100   141    87    45    32    27    33
    25    43    41    54    74    94   131    86    37    18    25    34
    18    16    20    38    40    63    92    51    23    19    19    18
    64    51    44    59    72   108   161   111    49    44    41    32
    29    30    36    42    46    52    94    55    19    23    19    14
    42    41    52    42    60    86    92    75    46    43    33    42
    74    71    55    81    69    98   168   107    64    86    65    51
    69    58    65    43    54    86    85   100    52    54    54    42
    80    84    63   101   110   120   119   131   105    83    64    68
    55    60    51    54    87    82    92    71    75    71    49    54
    90    72    78    69    87   116    94   147   123   150    72    83
    90    74    53    77    90   107    94   130   141   121    68    71
   163   120   104   136   170   197   174   219   288   246   166   165
     4
    52    46    48    34    38    31    23    37    62    54    46    46
    69    54    48    48    60    43    35    41    86    71    61    64
    51    36    52    41    20    29    18    25    56    43    34    39
    34    57    47    29    27    16    19    25    53    59    36    31
    44    73    60    57    38    46    36    47    94    51    28    43
    34    38    35    26    43    37    29    50    86    35    20    33
    13    30    24    16    19    30    21    45    52    36    14    12
     7    11    17    22    13    10    20    35    42    25    13    10
    14    20    35    24    33    47    42    56    63    35    14    11
    13     6    12    13    26    21    16    22    28    17    13     6
    12    10    18    18    27    34    23    29    53    57    20    13
    21    22    31    29    28    29    39    30    52    48    33    18
    12    19    25    31    35    27    21    35    31    37    27    15
    26    29    54    57    48    43    40    38    36    71    58    35
    21    23    41    43    38    32    19    33    31    28    26    37
    34    42    60    68   102    45    28    32    36    29    39    35
    38    42    58    79    62    53    30    30    31    15    41    43
   125   106   154   180   194   128   105    61    80    62   110   109
    54    35    71    61    83    65    39    28    34    25    50    64
    30    48    59    90    86    78    59    42    29    28    32    39
    25    26    40    47    44    35    41    16    15    12    17    27
    24    33    34    41    39    48    47    21    17    16    23    22
    24    43    40    41    56    75    72    43    12    16    17    23
    14    12    22    30    28    36    45    35    10    15    16    16
    22    29    23    26    31    39    59    23     6    11     8    20
    13    21    24    24     8    36    29    12     8    11    16    16
    37    33    44    38    31    37    47    24    10    19    21    21
    17    17    26    12    15    26    20    15     3     6    12    12
    22    40    24    28    15    28    40    24     6    15    20    28
    52    41    59    41    28    37    42    22    22    29    31    33
    31    39    36    30    28    23    22    19    14    27    39    26
    61    55    68    70    38    42    35    30    18    38    50    49
    33    47    40    31    42    28    28    29    19    36    37    53
    49    43    40    54    36    48    44    41    40    62    47    59
    55    58    47    41    52    53    31    33    53    47    60    49
   105    93    95    86    87    71    76    89   143   135   126   123
     5
    66    57    68    33    33    35    19    28    44    61    50    42
    82    74    50    55    72    27    22    38    79    59    59    67
    39    43    39    32    29    19     7    15    30    40    29    28
    29    32    43    31    24    11    13    10    41    29    20    28
    47    56    35    49    35    31    14    26    49    33    26    23
    13    22    27    22    32    32    20    32    46    23    23    11
    11    12    11    15    10    16     9    29    51    16     6     6
     5    11    15     6    13     8     9    10    31    10     0     3
     3    22    17    16    12    31    16    27    49    23    11     3
     3     2     8     5    11    12     9     9    21    14     2     6
     4    10    16    13    15    10    17    17    37    36    28     5
    12    21    21    17    31    19    15    19    29    34    17    12
    10    22    14    23    20    14    10    12    20    23    19    12
    19    28    56    64    46    19    19    23    38    42    36    47
    18    30    62    50    43    21    13    12    11    19    29    50
    36    37    99    92    88    20    15    19    23    16    52    76
    36    46    94    90    87    24    18    16    17    20    49    62
   156   144   238   265   231    91    50    46    44    63   128   172
    57    51    89    90    86    35    24    16    18    18    69    56
    42    55   113   103    82    47    42    21    12    20    38    39
    34    33    43    47    36    27    11    14     8     8    22    32
    21    41    35    46    29    43    33     6     8     7    15    22
    24    45    44    50    36    52    49    18     9    15    10    14
    26    27    19    28    20    19    30    16     6    12     9    11
    22    34    34    43    22    23    31    11     2     9    10    21
    20    28    28    18    19    10    18     5     1     4    12    10
    29    49    74    57    22    21    39     6     6     9    21    39
    28    27    29    31    20    14    18     2     2     7     6    24
    28    34    67    39    16    13    11     6     3    14    38    31
    58    64    44    65    30    14    21    14    10    36    46    48
    50    44    56    42    40    16    16     7    12    19    48    42
    79    84    91    68    45    18    19    28    10    39    46    74
    56    60    66    61    31    15    14    10    30    34    44    57
    88    93    81    73    63    26    19    25    39    75    72    94
    65    72    89    59    51    24    12    25    62    72    61    69
   157   129   136   131    87    57    47    68   151   163   155   178
     6
    22    23    18    17    10     8     1     2    14    21    22    21
    30    23    12    15    21     8     6     3    18    30    15    18
     7     7     5     7     7     2     2     2    11     6     7     6
     8     8     4     7     5     4     2     3     4     3     6     5
    13     6     8     9     5     2     7     2     4     4     1     0
     2     1     5     2     6     6     2     4     5     4     1     0
     1     4     5     1     3     7     1     2     8     1     1     0
     0     1     1     1     2     3     1     2     4     6     0     0
     0     1     2     1     2     4     2     4     4     4     0     1
     0     2     3     1     1     3     0     4     5     0     1     0
     1     0     2     1     1     2     1     2     7     9     8     1
     1     6     4     3     5     2     2     3     2     6     5     1
     0     8     6     9     2     2     0     4    12     6    10     3
     4     9    26    18     6     4     3     3     3     5    16    11
    11    17    31    30     7     4     2     3     5     4    11    20
    21    18    43    37    15     5     0     5     3     2    13    26
    27    40    63    57    27     4     0     4     5     0    28    37
    57    96   147   143    83    19     9     5     9    12    62    66
    35    32    60    50    36     9     3     2     5     0    25    34
     9    26    49    67    40     8     3     5     2     2    20    28
    12    16    22    19    12     2     3     0     2     0     6    13
    11    13    18    19     8     3     1     3     1     2     2     6
     9    15    29    22    15    10     6     1     1     0     5    10
    15    15     8     5     7     4     8     1     1     1     7     6
     6    19    19    15     5     0     1     1     0     1     5     9
     7     9    11    11     5     3     2     0     1     0     1     4
    15    28    27    27     8     3     1     1     1     2     7    13
    12     7    18    10     4     0     6     2     2     1     4     3
    22    20    22    19     8     6     4     2     0     6     7    14
    33    24    21    21     8     4     8     2     3     8    13    27
    26    36    20    20    16     0     3     2     6     4    15    16
    55    40    51    24     9     4     3     1     4    14    22    35
    27    28    38    34     8     4     3     0     4    13    14    26
    43    50    46    32    15     1     5     3    11    23    29    47
    32    25    39    27    18     4     2     5    10    28    26    46
    59    77    65    48    36     8     9     9    32    60    64    61
     7
     7     3     2     2     0     0     0     0     2     2     3     9
     1     1     1     3     0     1     1     0     0     1     8     0
     2     0     1     2     1     0     0     0     1     0     1     1
     1     0     1     0     0     0     0     0     0     1     2     0
     0     0     1     1     1     1     1     0     0     0     1     0
     0     0     0     0     0     0     1     0     0     2     0     0
     0     0     0     0     0     1     0     0     1     1     0     0
     0     0     1     0     2     0     0     0     0     3     0     0
     0     0     2     0     0     1     1     0     0     1     0     0
     0     0     0     0     0     0     0     1     2     0     0     0
     0     0     0     0     1     0     0     0     1     1     0     0
     0     0     0     0     1     0     1     0     3     1     1     0
     0     0     2     1     0     0     0     0     1     0     2     0
     0     1    10     2     3     2     1     0     0     1     1     1
     0     5     6     9     3     0     0     0     1     0     1     1
     1     5     9    10     0     0     0     3     0     0    14     7
     5    10    27    16     3     2     0     0     0     0     5     4
     9    23    31    36    15     0     3     1     2     0    13    15
     5     9    15    11     3     1     0     0     0     1     7     7
     1     5     8     7     5     1     0     0     1     0     1     5
     1     5     6     1     0     0     0     0     0     0     0     2
     2     2     1     1     0     0     1     0     0     0     2     0
     0     3     3     4     0     0     0     1     0     0     3     0
     0     1     5     0     1     0     0     2     0     0     0     0
     0     1     2     3     1     0     0     0     0     0     1     1
     1     1     2     1     1     0     0     0     0     0     0     0
     1     1     3     1     0     0     0     0     1     0     0     1
     3     5     4     1     0     0     1     0     0     1     1     0
     3     5     9     6     0     0     0     0     0     1     2     2
     4     2     5     5     0     0     0     0     0     0     1     0
     4     7     4     2     1     0     0     1     1     0     0     0
     6    12     8     6     1     0     0     0     1     4     2     2
     9     3     7     4     1     0     0     0     0     0     3     8
    11     8     8     6     4     0     2     1     1     3     4    10
     8     5     6     4     1     0     0     0     1     1     3     6
    11    12    10     5     5     2     0     0     8    11    11    13
     8
     1     0     0     0     1     0     0     1     1     4     0     4
     0     0     1     2     1     0     0     0     1     1     0     0
     0     0     0     0     0     0     0     0     0     0     1     0
     0     0     0     0     0     1     0     0     0     0     0     0
     2     0     1     0     0     0     1     0     0     0     1     0
     0     0     0     0     1     1     1     0     0     0     0     0
     0     0     0     0     0     0     0     0     0     1     0     0
     0     0     0     0     0     0     0     0     0     2     0     0
     0     1     1     0     0     0     0     0     2     1     0     0
     0     0     1     0     0     0     0     0     0     0     0     0
     0     0     1     0     0     0     1     0     1     1     0     0
     0     1     0     1     1     0     0     0     0     2     1     1
     0     0     0     0     0     0     0     0     1     0     1     0
     0     0     6     2     1     0     0     0     1     0     1     1
     1     4     1     1     0     0     0     0     0     0     1     1
     0     2     8     7     2     1     1     0     0     0     1     6
     0     7    15    11     1     1     0     0     0     1     3     4
     7    22    21    24     5     0     0     2     0     0    12     5
     6     2     5     6     1     0     0     1     1     0     3     7
     1     3     7     8     2     0     0     0     0     0     0     4
     0     0     4     4     0     0     1     0     0     0     1     0
     0     2     3     0     0     1     0     0     0     0     0     2
     0     2     3     3     0     0     2     2     0     0     0     0
     0     1     1     3     0     0     0     0     0     0     0     0
     1     0     4     4     0     0     0     0     0     0     0     0
     0     0     0     0     0     1     0     1     0     0     0     0
     0     3     8     5     0     0     1     0     0     0     0     0
     0     1     3     0     1     1     0     0     1     0     0     1
     4     0     5     0     0     0     1     0     2     0     3     0
     3     2     3     2     0     0     0     0     0     0     0     0
     1     3     2     1     0     0     0     0     0     0     1     1
     2     4     7     4     1     0     0     0     0     1     2     1
     4     4     5     2     2     0     0     1     0     1     1     0
    11     2     9     2     0     0     0     0     3     1     3     2
     3     1     1     1     1     0     0     1     1     2     2     3
    10     9     4     1     2     0     3     0     1     6     8     5
     9
     0     0     0     0     0     0     0     0     0     0     0     0
     1     0     0     0     0     0     0     0     0     0     0     0
     0     0     0     0     0     0     0     0     0     0     0     0
     0     0     0     0     1     0     0     0     0     0     0     0
     0     0     0     0     0     1     0     0     0     0     0     0
     0     0     0     0     0     0     0     0     0     0     0     0
     0     0     0     0     0     0     0     0     0     0     0     0
     0     0     0     0     0     0     0     0     0     1     0     0
     0     0     0     0     0     0     0     0     0     0     0     0
     0     0     0     0     0     0     0     0     0     0     0     0
     0     0     0     0     0     0     0     0     0     0     0     0
     0     0     0     0     0     0     0     0     0     0     0     0
     0     0     1     0     0     0     0     0     0     0     0     0
     0     0     1     0     0     0     0     1     0     0     0     0
     0     1     1     1     0     0     0     0     0     0     0     0
     1     0     2     1     1     0     0     0     0     0     2     0
     0     1     6     2     0     0     0     0     0     0     0     0
     0     5     6     1     0     0     0     0     0     0     0     1
     1     0     1     2     0     0     0     0     0     0     0     0
     0     0     0     0     0     0     0     0     0     0     0     1
     1     0     0     0     0     0     0     0     0     0     1     0
     0     0     0     0     0     0     0     1     0     0     0     2
     0     2     0     0     0     0     0     0     0     0     0     0
     1     1     0     0     0     0     0     0     0     0     0     0
     0     0     0     0     0     0     0     0     0     0     0     0
     0     0     0     0     0     0     0     0     0     0     0     0
     0     0     2     1     0     0     1     0     0     0     0     0
     0     0     0     0     0     0     0     0     0     0     0     0
     1     0     1     0     0     0     0     0     0     0     0     0
     0     0     0     0     0     0     0     0     0     0     1     0
     0     0     0     0     0     0     0     0     0     0     0     0
     1     0     1     0     0     0     0     0     0     0     0     0
     0     0     0     0     0     0     0     0     0     0     1     0
     0     0     0     0     0     0     0     0     0     0     0     0
     0     0     0     0     0     0     0     0     0     0     0     0
     4     0     0     0     0     1     0     0     0     0     0     0
    10
     0     0     0     0     0     0     0     0     0     0     0     0
     0     0     0     0     0     0     0     0     0     0     0     0
     0     0     0     0     0     0     0     0     0     0     0     0
     0     0     0     0     0     0     0     0     0     0     0     0
     0     0     0     0     0     0     0     0     0     0     0     0
     0     0     0     0     0     0     0     0     0     0     0     0
     0     0     0     0     0     0     0     0     0     0     0     0
     0     0     0     0     0     0     0     0     0     0     0     0
     0     0     0     0     0     0     0     0     0     0     0     0
     0     0     0     0     0     0     0     0     0     0     0     0
     0     0     0     0     0     0     0     0     0     0     0     0
     0     0     0     0     0     0     0     0     0     0     0     0
     0     0     0     0     0     0     1     0     0     0     0     0
     0     0     0     0     0     0     0     0     0     0     0     0
     0     0     0     0     0     0     0     0     0     0     1     0
     0     0     0     1     0     0     0     0     0     0     1     0
     0     0     1     0     0     0     0     0     0     0     1     0
     1     0     3     0     0     0     0     0     0     0     1     0
     0     0     0     0     0     0     0     0     0     0     0     0
     1     0     0     0     0     0     0     0     0     0     0     0
     0     0     0     0     0     0     0     0     0     0     0     1
     0     0     0     0     0     0     0     0     0     0     0     0
     0     0     0     0     0     0     0     0     0     0     0     0
     0     0     0     0     0     0     0     0     0     0     0     0
     0     0     0     0     0     0     0     0     0     0     0     0
     0     0     0     0     0     0     0     0     0     0     0     0
     0     0     0     0     0     0     0     0     0     0     0     0
     1     0     0     0     0     0     0     0     0     0     0     0
     0     0     1     0     0     0     0     0     0     0     0     0
     0     0     1     0     0     0     0     0     0     0     0     0
     0     0     0     0     0     0     0     0     0     0     0     0
     0     0     0     0     0     0     0     0     0     0     0     0
     0     0     0     0     0     0     0     0     0     0     0     0
     2     0     0     0     0     0     1     0     0     0     1     0
     0     0     0     0     0     0     0     0     0     0     0     0
     2     0     0     0     0     0     0     0     0     0     0     0
    11
     0     0     0     0     0     0     0     0     0     0     0     0
     0     0     0     0     0     0     0     0     0     1     0     0
     0     0     0     0     0     0     0     0     0     0     0     0
     0     0     0     0     0     0     1     0     0     0     0     0
     0     0     0     0     0     0     0     0     0     0     0     0
     0     0     0     0     0     0     0     0     0     0     0     0
     0     0     0     0     0     0     0     0     0     0     0     0
     0     0     0     0     0     0     0     0     0     0     0     0
     0     0     0     0     0     0     0     0     0     0     0     0
     0     0     0     0     0     0     0     0     0     0     0     0
     0     0     0     0     0     0     0     0     0     0     0     0
     0     0     0     0     0     0     0     0     0     0     0     0
     0     0     0     0     0     0     0     0     0     0     0     0
     0     0     0     0     0     0     1     0     0     0     0     0
     0     0     0     0     0     0     0     0     0     0     0     0
     0     0     0     0     0     0     0     0     0     0     2     0
     0     0     1     0     0     0     0     0     0     0     0     0
     0     0     0     0     0     0     0     0     0     0     0     0
     0     0     0     0     0     0     0     0     0     0     0     0
     0     0     1     0     0     0     0     0     0     0     1     0
     0     0     0     0     0     0     0     0     0     0     0     0
     1     0     0     0     0     0     0     0     0     0     0     0
     0     1     0     1     0     0     0     0     0     0     0     0
     0     0     0     0     0     0     0     0     0     0     0     0
     0     0     0     0     0     0     0     0     0     0     0     0
     0     0     0     0     0     0     0     0     0     0     0     0
     0     0     0     0     0     0     0     0     0     0     0     0
     0     0     0     0     0     0     0     0     0     0     0     0
     0     0     0     0     0     0     0     0     0     0     0     0
     0     0     0     0     0     0     0     0     0     0     0     0
     0     0     0     0     0     0     0     0     0     0     0     0
     0     0     0     1     0     0     0     0     0     0     0     0
     0     0     0     0     0     0     0     0     0     0     0     0
     0     0     0     0     0     0     0     0     0     0     0     0
     0     0     0     0     0     0     0     0     0     0     0     0
     1     0     0     0     0     0     0     0     0     0     0     0
    12
     0     0     0     0     0     0     0     0     0     0     0     0
     0     0     0     0     0     0     0     0     0     1     0     0
     0     0     0     0     0     0     0     0     1     0     0     0
     0     0     0     0     0     0     0     0     0     0     0     0
     0     0     0     0     0     0     0     0     0     0     0     0
     0     0     0     0     0     0     0     0     0     0     0     0
     0     0     0     0     0     0     0     0     0     0     0     0
     0     0     0     0     0     0     0     0     0     0     0     0
     0     0     0     0     0     0     0     0     0     0     0     0
     0     0     0     0     0     0     0     0     0     0     0     0
     0     0     0     0     0     0     0     0     0     0     0     0
     0     0     0     0     0     0     0     0     0     0     0     0
     0     0     0     0     0     0     0     0     0     0     0     0
     0     0     0     0     0     0     0     0     0     0     0     0
     0     0     0     0     0     0     0     0     0     0     0     0
     0     0     0     0     0     0     0     0     0     0     0     0
     0     0     0     0     0     0     0     0     0     0     0     0
     0     0     0     0     0     0     0     0     0     0     0     0
     0     0     0     0     0     0     0     0     0     0     0     0
     0     0     0     0     0     0     0     0     0     0     0     0
     0     0     0     0     0     0     0     0     0     0     0     0
     0     0     0     0     0     0     0     0     0     0     0     0
     0     0     0     0     0     0     0     0     0     0     0     0
     0     0     0     0     0     0     0     0     0     0     0     0
     0     0     0     0     0     0     0     0     0     0     0     0
     0     0     0     0     0     0     0     0     0     0     0     0
     0     0     0     0     0     0     0     0     0     0     0     0
     0     0     0     0     0     0     0     0     0     0     0     0
     0     0     0     0     0     0     0     0     0     0     0     0
     0     0     0     0     0     0     0     0     0     0     0     0
     0     0     0     0     0     0     0     0     0     0     0     0
     0     0     0     0     0     0     0     0     0     0     0     0
     0     0     0     0     0     0     0     0     0     0     0     0
     0     0     0     0     0     0     0     0     0     0     0     0
     0     0     0     0     0     0     0     0     0     0     0     0
     0     0     0     0     0     0     0     0     0     0     0     0
    13
     0     0     0     0     0     0     0     0     0     0     0     0
     0     0     0     0     0     0     0     0     0     0     0     0
     0     0     0     0     0     0     0     0     0     0     0     0
     0     0     0     0     0     0     0     0     0     0     0     0
     0     0     0     0     0     0     0     0     0     0     0     0
     0     0     0     0     0     0     0     0     0     0     0     0
     0     0     0     0     0     0     0     0     0     0     0     0
     0     0     0     0     0     0     0     0     0     0     0     0
     0     0     0     0     0     0     0     0     0     0     0     0
     0     0     0     0     0     0     0     0     0     0     0     0
     0     0     0     0     0     0     0     0     0     0     0     0
     0     0     0     0     0     0     0     0     0     0     0     0
     0     0     0     0     0     0     0     0     0     0     0     0
     0     0     0     0     0     0     0     0     0     0     0     0
     0     0     0     0     0     0     0     0     0     0     0     0
     0     0     0     0     0     0     0     0     0     0     0     0
     0     0     0     0     0     0     0     0     0     0     0     0
     0     0     0     0     0     0     0     0     0     0     0     0
     0     0     0     0     0     0     0     0     0     0     0     0
     0     0     0     0     0     0     0     0     0     0     0     0
     0     0     0     0     0     0     0     0     0     0     0     0
     0     0     0     0     0     0     0     0     0     0     0     0
     0     0     0     0     0     0     0     0     0     0     0     0
     0     0     0     0     0     0     0     0     0     0     0     0
     0     0     0     0     0     0     0     0     0     0     0     0
     0     0     0     0     0     0     0     0     0     0     0     0
     0     0     0     0     0     0     0     0     0     0     0     0
     0     0     0     0     0     0     0     0     0     0     0     0
     0     0     0     0     0     0     0     0     0     0     0     0
     0     0     0     0     0     0     0     0     0     0     0     0
     0     0     0     0     0     0     0     0     0     0     0     0
     0     0     0     0     0     0     0     0     0     0     0     0
     0     0     0     0     0     0     0     0     0     0     0     0
     0     0     0     0     0     0     0     0     0     0     0     0
     0     0     0     0     0     0     0     0     0     0     0     0
     0     0     0     0     0     0     0     0     0     0     0     0
    14
     0     0     0     0     0     0     0     0     0     0     0     0
     0     0     0     0     0     0     0     0     0     0     0     0
     0     0     0     0     0     0     0     0     0     0     0     0
     0     0     0     0     0     0     0     0     0     0     0     0
     0     0     0     0     0     0     0     0     0     0     0     0
     0     0     0     0     0     0     0     0     0     0     0     0
     0     0     0     0     0     0     0     0     0     0     0     0
     0     0     0     0     0     0     0     0     0     0     0     0
     0     0     0     0     0     0     0     0     0     0     0     0
     0     0     0     0     0     0     0     0     0     0     0     0
     0     0     0     0     0     0     0     0     0     0     0     0
     0     0     0     0     0     0     0     0     0     0     0     0
     0     0     0     0     0     0     0     0     0     0     0     0
     0     0     0     0     0     0     0     0     0     0     0     0
     0     0     0     0     0     0     0     0     0     0     0     0
     0     0     0     0     0     0     0     0     0     0     0     0
     0     0     0     0     0     0     0     0     0     0     0     0
     0     0     0     0     0     0     0     0     0     0     0     0
     0     0     0     0     0     0     0     0     0     0     0     0
     0     0     0     0     0     0     0     0     0     0     0     0
     0     0     0     0     0     0     0     0     0     0     0     0
     0     0     0     0     0     0     0     0     0     0     0     0
     0     0     0     0     0     0     0     0     0     0     0     0
     0     0     0     0     0     0     0     0     0     0     0     0
     0     0     0     0     0     0     0     0     0     0     0     0
     0     0     0     0     0     0     0     0     0     0     0     0
     0     0     0     0     0     0     0     0     0     0     0     0
     0     0     0     0     0     0     0     0     0     0     0     0
     0     0     0     0     0     0     0     0     0     0     0     0
     0     0     0     0     0     0     0     0     0     0     0     0
     0     0     0     0     0     0     0     0     0     0     0     0
     0     0     0     0     0     0     0     0     0     0     0     0
     0     0     0     0     0     0     0     0     0     0     0     0
     0     0     0     0     0     0     0     0     0     0     0     0
     0     0     0     0     0     0     0     0     0     0     0     0
     0     0     0     0     0     0     0     0     0     0     0     0
    15
     0     0     0     0     0     0     0     0     0     0     0     0
     0     0     0     0     0     0     0     0     0     0     0     0
     0     0     0     0     0     0     0     0     0     0     0     0
     0     0     0     0     0     0     0     0     0     0     0     0
     0     0     0     0     0     0     0     0     0     0     0     0
     0     0     0     0     0     0     0     0     0     0     0     0
     0     0     0     0     0     0     0     0     0     0     0     0
     0     0     0     0     0     0     0     0     0     0     0     0
     0     0     0     0     0     0     0     0     0     0     0     0
     0     0     0     0     0     0     0     0     0     0     0     0
     0     0     0     0     0     0     0     0     0     0     0     0
     0     0     0     0     0     0     0     0     0     0     0     0
     0     0     0     0     0     0     0     0     0     0     0     0
     0     0     0     0     0     0     0     0     0     0     0     0
     0     0     0     0     0     0     0     0     0     0     0     0
     0     0     0     0     0     0     0     0     0     0     0     0
     0     0     0     0     0     0     0     0     0     0     0     0
     0     0     0     0     0     0     0     0     0     0     0     0
     0     0     0     0     0     0     0     0     0     0     0     0
     0     0     0     0     0     0     0     0     0     0     0     0
     0     0     0     0     0     0     0     0     0     0     0     0
     0     0     0     0     0     0     0     0     0     0     0     0
     0     0     0     0     0     0     0     0     0     0     0     0
     0     0     0     0     0     0     0     0     0     0     0     0
     0     0     0     0     0     0     0     0     0     0     0     0
     0     0     0     0     0     0     0     0     0     0     0     0
     0     0     0     0     0     0     0     0     0     0     0     0
     0     0     0     0     0     0     0     0     0     0     0     0
     0     0     0     0     0     0     0     0     0     0     0     0
     0     0     0     0     0     0     0     0     0     0     0     0
     0     0     0     0     0     0     0     0     0     0     0     0
     0     0     0     0     0     0     0     0     0     0     0     0
     0     0     0     0     0     0     0     0     0     0     0     0
     0     0     0     0     0     0     0     0     0     0     0     0
     0     0     0     0     0     0     0     0     0     0     0     0
     0     0     0     0     0     0     0     0     0     0     0     0
    16
     0     0     0     0     0     0     0     0     0     0     0     0
     0     0     0     0     0     0     0     0     0     0     0     0
     0     0     0     0     0     0     0     0     0     0     0     0
     0     0     0     0     0     0     0     0     0     0     0     0
     0     0     0     0     0     0     0     0     0     0     0     0
     0     0     0     0     0     0     0     0     0     0     0     0
     0     0     0     0     0     0     0     0     0     0     0     0
     0     0     0     0     0     0     0     0     0     0     0     0
     0     0     0     0     0     0     0     0     0     0     0     0
     0     0     0     0     0     0     0     0     0     0     0     0
     0     0     0     0     0     0     0     0     0     0     0     0
     0     0     0     0     0     0     0     0     0     0     0     0
     0     0     0     0     0     0     0     0     0     0     0     0
     0     0     0     0     0     0     0     0     0     0     0     0
     0     0     0     0     0     0     0     0     0     0     0     0
     0     0     0     0     0     0     0     0     0     0     0     0
     0     0     0     0     0     0     0     0     0     0     0     0
     0     0     0     0     0     0     0     0     0     0     0     0
     0     0     0     0     0     0     0     0     0     0     0     0
     0     0     0     0     0     0     0     0     0     0     0     0
     0     0     0     0     0     0     0     0     0     0     0     0
     0     0     0     0     0     0     0     0     0     0     0     0
     0     0     0     0     0     0     0     0     0     0     0     0
     0     0     0     0     0     0     0     0     0     0     0     0
     0     0     0     0     0     0     0     0     0     0     0     0
     0     0     0     0     0     0     0     0     0     0     0     0
     0     0     0     0     0     0     0     0     0     0     0     0
     0     0     0     0     0     0     0     0     0     0     0     0
     0     0     0     0     0     0     0     0     0     0     0     0
     0     0     0     0     0     0     0     0     0     0     0     0
     0     0     0     0     0     0     0     0     0     0     0     0
     0     0     0     0     0     0     0     0     0     0     0     0
     0     0     0     0     0     0     0     0     0     0     0     0
     0     0     0     0     0     0     0     0     0     0     0     0
     0     0     0     0     0     0     0     0     0     0     0     0
     0     0     0     0     0     0     0     0     0     0     0     0
    17
     0     0     0     0     0     0     0     0     0     0     0     0
     0     0     0     0     0     0     0     0     0     0     0     0
     0     0     0     0     0     0     0     0     0     1     0     0
     0     0     0     0     0     0     0     0     0     0     0     0
     0     0     0     0     0     0     0     0     0     0     0     0
     0     0     0     0     0     0     0     0     0     0     0     0
     0     0     0     0     0     0     0     0     0     0     0     0
     0     0     0     0     0     0     0     0     0     0     0     0
     0     0     0     0     0     0     0     0     0     0     0     0
     0     0     0     0     0     0     0     0     0     0     0     0
     0     0     0     0     0     0     0     0     0     0     0     0
     0     0     0     0     0     0     0     0     0     0     0     0
     0     0     0     0     0     0     0     0     0     0     0     0
     0     0     0     0     0     0     0     0     0     0     0     0
     0     0     0     0     0     0     0     0     0     0     0     0
     0     0     0     0     0     0     0     0     0     0     0     0
     0     0     0     0     0     0     0     0     0     0     0     0
     0     0     0     0     0     0     0     0     0     0     0     0
     0     0     0     0     0     0     0     0     0     0     0     0
     0     0     0     0     0     0     0     0     0     0     0     0
     0     0     0     0     0     0     0     0     0     0     0     0
     0     0     0     0     0     0     0     0     0     0     0     0
     0     0     0     0     0     0     0     0     0     0     0     0
     0     0     0     0     0     0     0     0     0     0     0     0
     0     0     0     0     0     0     0     0     0     0     0     0
     0     0     0     0     0     0     0     0     0     0     0     0
     0     0     0     0     0     0     0     0     0     0     0     0
     0     0     0     0     0     0     0     0     0     0     0     0
     0     0     0     0     0     0     0     0     0     0     0     0
     0     0     0     0     0     0     0     0     0     0     0     0
     0     0     0     0     0     0     0     0     0     0     0     0
     0     0     0     0     0     0     0     0     0     0     0     0
     0     0     0     0     0     0     0     0     0     0     0     0
     0     0     0     0     0     0     0     0     0     0     0     0
     0     0     0     0     0     0     0     0     0     0     0     0
     0     0     0     0     0     0     0     0     0     0     0     0
    18
     0     0     0     0     0     0     0     0     0     0     0     0
     0     0     0     0     0     0     0     0     0     0     0     0
     0     0     0     0     0     0     0     0     0     0     0     0
     0     0     0     0     0     0     0     0     0     0     0     0
     0     0     0     0     0     0     0     0     0     0     0     0
     0     0     0     0     0     0     0     0     0     0     0     0
     0     0     0     0     0     0     0     0     0     0     0     0
     0     0     0     0     0     0     0     0     0     0     0     0
     0     0     0     0     0     0     0     0     0     0     0     0
     0     0     0     0     0     0     0     0     0     0     1     0
     0     0     0     0     0     0     0     0     0     0     0     0
     0     0     0     0     0     0     0     0     0     0     0     0
     0     0     0     0     0     0     0     0     0     0     0     0
     0     0     0     0     0     0     0     0     0     0     0     0
     0     0     0     0     0     0     0     0     0     0     0     0
     0     0     0     0     0     0     0     0     0     0     0     0
     0     0     0     0     0     0     0     0     0     0     0     0
     0     0     0     0     0     0     0     0     0     0     0     0
     0     0     0     0     0     0     0     0     0     0     0     0
     0     0     0     0     0     0     0     0     0     0     0     0
     0     0     0     0     0     0     0     0     0     0     0     0
     0     0     0     0     0     0     0     0     0     0     0     0
     0     0     0     0     0     0     0     0     0     0     0     0
     0     0     0     0     0     0     0     0     0     0     0     0
     0     0     0     0     0     0     0     0     0     0     0     0
     0     0     0     0     0     0     0     0     0     0     0     0
     0     0     0     0     0     0     0     0     0     0     0     0
     0     0     0     0     0     0     0     0     0     0     0     0
     0     0     0     0     0     0     0     0     0     0     0     0
     0     0     0     0     0     0     0     0     0     0     0     0
     0     0     0     0     0     0     0     0     0     0     0     0
     0     0     0     0     0     0     0     0     0     0     0     0
     0     0     0     0     0     0     0     0     0     0     0     0
     0     0     0     0     0     0     0     0     0     0     0     0
     0     0     0     0     0     0     0     0     0     0     0     0
     0     0     0     0     0     0     0     0     0     0     0     0
