21
Chattanooga, TN 13882
     0
        .000       2.700       7.800      13.800      18.800      23.200
      24.300      25.000      21.700      15.000       8.300       2.700
       5.000       7.100      12.800      18.200      22.700      26.700
      27.700      27.700      25.000      18.800      12.800       7.100
      10.000      12.800      17.700      22.700      26.100      29.300
      31.100      30.600      27.700      22.700      17.200      11.600
      46.000      42.000      39.000      35.000      45.000      49.000
      52.000      54.000      52.000      44.000      46.000      48.000
      63.000      59.000      57.000      50.000      60.000      61.000
      65.000      64.000      65.000      60.000      62.000      65.000
      82.000      78.000      77.000      71.000      76.000      77.000
      79.000      77.000      79.000      78.000      80.000      83.000
       2.000       2.000       2.000       2.000       2.000       1.600
       1.600       1.600       1.600       1.600       1.600       2.000
       2.700       3.100       3.100       3.100       2.700       2.400
       2.400       2.000       2.400       2.400       2.700       2.700
       4.000       4.000       4.400       4.400       4.000       3.100
       3.100       2.700       3.100       3.500       4.000       4.000
     350.000     350.000     200.000     200.000     190.000     210.000
     200.000     190.000      20.000      10.000      10.000     200.000
     1
       4.771       7.603      12.849      18.121      22.232      26.290
      27.749      27.554      24.455      18.668      12.742       7.226
      63.616      60.123      57.917      53.328      60.910      62.936
      65.481      65.549      65.650      61.228      62.627      64.787
     2
    53    56    56    42    59    68    72   100    74    67    61    51
    68    62    65    52    86    93   103   132   106    98    64    70
    58    50    39    36    63    57    93    86    75    78    42    52
    70    49    44    61    76    78    93   103    99    74    63    61
    81    71    59    48    97    88   100   144   127    95    88    74
    69    47    39    44    68    65    72    95    86    70    43    52
    52    42    41    48    69    65   101    91    93    72    68    54
    26    21    26    30    52    37    73    61    77    44    31    39
    48    40    39    42    62    68    85    79    88    67    37    33
    17    22    23    19    33    21    47    43    37    34    25    27
    22    13    29    32    31    47    65    48    62    42    35    25
    19    23    29    32    48    46    50    60    60    46    26    20
    33    31    25    45    50    53    64    54    45    50    37    43
    40    45    44    60    55    83   105    99    78    70    44    57
    26    29    30    38    45    52    88    61    59    53    42    48
    41    49    65    59    83   110   125   131    97    94    62    67
    47    37    45    44    72    84   127   107   106    74    52    50
    88   108   115   106   167   206   231   232   176   159   108   109
    70    61    69    75    92   109   118   125    97    82    61    77
    78    75    67    86   124   145   149   160   115   114    89    98
    48    43    50    51    75   109   101   119    81    53    52    70
    59    46    47    58    73    95   118   108    91    82    55    53
    69    57    70    85    96   129   139   123    87    99    65    82
    49    53    52    65    72    85    94    83    73    59    67    43
    42    42    43    48    72    92   100    86    54    68    55    54
    16    17    28    24    47    54    51    53    36    34    27    31
    35    37    38    43    55    84    77    81    54    44    53    30
    36    18    20    23    48    47    67    48    38    45    29    34
    47    45    39    49    51    79    85    86    53    60    46    38
    40    30    36    36    55    59    82    77    59    67    49    35
    45    36    36    42    58    69    79    88    44    81    58    34
    52    48    35    39    68    86   108   102    64    74    56    42
    34    41    32    33    64    54    70    78    54    60    38    31
    64    42    50    47    71   106    99   107    72    75    57    56
    50    43    38    44    66    76    74    99    63    46    36    48
   131    89    80    66   121   119   128   172   120   114    99    96
     3
    93    95    80    80    82    95   105   128   118   128    88    96
   141   143   124    93   164   157   159   191   196   159   133   132
    71    78    89    82    91    82    86   130   129   117    83    75
    98   139    97    95   118   112   148   156   170   113   126    96
   104   128    98    94   137   137   150   190   174   143   134   115
    56    68    69    65    91    87   111    88   113    83    80    45
    56    43    54    60    92    95   111   114   123    85    57    46
    32    20    28    24    54    42    50    57    60    31    27    19
    20    22    37    44    38    82    85    80    72    45    29    19
     5    13    18    19    24    31    37    38    45    19     7    11
     7     9    18    21    26    40    53    63    42    20     9    10
    10    12    19    23    36    35    54    69    55    31    15     7
    10    14    22    36    65    60    71    59    65    47    25    14
    22    42    48    78    92    83   116   125   111    92    43    33
    34    41    30    64    61    86    96    83    88    55    39    49
    50    71   111   129   181   156   190   189   177   122    68    86
    67    80    93   123   159   158   153   167   132    95    79    94
   198   155   236   273   345   346   381   328   312   217   173   168
   121    97   118   158   178   231   205   203   163   114   122   125
   142   111   143   158   218   209   227   227   161   153   140   157
   103    87   103    97   144   146   149   134   105    87    91   106
    74    73    90   103   115   159   146   133   103   106    84   120
    87    86    79   142   113   194   159   155   112    87    72    81
    55    44    49    90    90   134   124   104    59    71    46    48
    54    47    71    77    90   146   142    84    55    62    41    44
    37    21    27    38    50    81    63    39    26    29    24    26
    51    34    36    61    88   124   104    78    61    43    47    41
    41    29    38    44    54    60    88    47    37    36    25    31
    65    54    50    49    74   101   109    63    59    43    60    48
    53    44    41    37    59    93    91    56    55    37    37    34
    61    57    41    53    87   116   105    78    64    58    45    57
    59    69    64    67    76   110   134    87    81    74    66    50
    40    57    50    58    59    64    88    70    44    66    45    38
    79    76    63   100    88    99   118   134   106    98    55    90
    65    71    62    52    87    80    94   118    69    69    56    67
   177   156   146   124   159   151   180   226   202   203   135   142
     4
    55    54    44    45    45    46    58    44    43    46    40    53
    76    69    79    69    97    87    64    77   111    63    59    84
    37    33    60    39    38    35    33    55    47    57    41    46
    45    50    64    42    69    56    76    62    68    60    52    39
    55    43    53    51    60    58    63    67    89    67    57    47
    26    16    26    23    33    30    32    26    21    28    22    13
     9    15    13    20    25    24    30    30    35    23     8    13
     5     1     6    17    14    11    12     8    16     9     5     8
     3     2     6     9     8    13    17    20    20     8     2     3
     0     4     2     1     2     5    11     2     5     3     0     1
     0     1     5     1     2     9     7     8    12     2     0     3
     0     0     2     3     2     5    13    14     8    11     4     1
     2     3     8    15    10    18    16    13     8    15     3     4
     7    10    10    18    34    30    28    31    34    30    11    17
     9    12    18    33    27    27    17    27    25    28    19     9
    12    34    63    56    78    68    58    74    45    52    35    33
    30    40    63    70    75    64    57    67    40    39    40    38
   104   105   139   183   190   144   119   113   101    77   105   118
    64    50    80    85    98    88    89    70    65    48    68    71
    70    84    96    89   113   108    78    97    71    66    64    66
    38    38    61    64    59    52    57    31    37    24    36    44
    30    40    59    58    79    88    64    43    36    42    40    45
    49    41    69    61    63    75    72    44    32    26    29    46
    27    31    35    58    40    55    38    26    17    20    28    33
    42    32    30    60    58    60    60    22    12    35    19    21
    20    23    18    23    22    32    31    24    17    14    20    16
    28    35    42    41    47    57    54    32    16    18    22    29
    34    23    23    39    26    31    30    23     9    31    34    12
    37    43    36    42    40    41    44    24    20    22    32    37
    29    40    35    38    34    39    27    16    17    23    21    28
    32    38    30    50    49    40    55    18    23    27    23    30
    49    44    57    51    45    44    56    24    27    34    39    40
    25    42    56    35    50    23    26    24    23    22    29    28
    77    64    51    70    63    43    44    32    41    42    50    41
    57    57    37    33    55    40    36    24    39    45    34    32
    92    88    92   101    99    81    69    98    77    86    73    91
     5
    47    53    59    63    47    30    25    35    44    52    28    57
   118    89    89   110    85    55    43    72    90    87    76    95
    40    47    51    33    42    28    22    40    40    54    47    43
    28    44    53    55    67    37    33    49    51    64    47    54
    31    50    60    55    61    41    43    46    63    58    54    39
    14    15    28    21    25    25    17    11    24    17     6    12
    12     6     8    19    21    16    14    21    22    22     9     4
     1     1     4    10     5    11     6     5    11    13     2     2
     2     1     3     3     5     4     7     8    13     1     1     1
     0     0     2     0     1     2     4     4     7     0     0     0
     0     1     2     2     2     1     5     6     4     0     0     0
     2     1     1     3     1     2     7     2     3     0     0     2
     0     4     5    10     8     2     3     6    11     6     0     3
     7     9    24    21    40    16    20    12    28    33    13    13
     9    18    32    29    37    27     8    19    23    21    22    24
    15    32    76    90    74    54    27    32    55    36    43    27
    37    43    96    83    68    37    39    26    32    38    37    35
   108   130   216   239   187   115    76    86    98    79   119   118
    80    71   122   105   109    47    43    25    38    53    78    83
    75    96   120   153   115    64    63    42    60    38    66    77
    40    48    79    75    57    32    32    26    19    26    42    49
    56    53    95    83    66    62    44    35    25    21    37    40
    42    74    60   103    63    56    62    26    13    25    30    35
    21    40    44    60    36    45    26    16    10    23    31    22
    43    37    49    81    74    51    52    17    12    18    33    27
    17    38    31    43    37    23    25    10     7    13    25    24
    53    66    74    65    68    45    44    13    14    28    38    43
    25    49    41    49    44    26    15     6     3    23    22    22
    57    52    68    76    62    46    23    12    12    39    35    51
    48    49    59    50    41    30    23    17    15    21    48    34
    54    70    83    70    45    32    28    17    19    40    35    69
    79    69    93    79    60    43    28    21    29    44    51    75
    51    67    64    44    35    21    15    22    14    32    44    45
    90    98   104    95    77    37    38    18    39    42    51    73
    64    59    55    68    45    40    19    24    41    41    45    43
   135   146   131   104   104    61    49    60    97   111    98   118
     6
    24    24    23    18    15     8     2     6     8    16    16    21
    37    48    43    33    40    12    11    12    32    35    36    33
    15    16    13    20    10     8     7     6    15    11    10    14
     9    14    14    12    19    20     4    10    12    17    15    18
    15    11    16    15    25     7     7    12    26    18    13     8
     1     4     4    10     5     9     3     8     1     7     1     4
     0     2     3     4     1     3     2     4     8     9     1     4
     0     0     0     2     1     0     0     1     4     4     2     0
     0     0     1     0     0     1     1     0     0     0     0     0
     0     0     0     0     0     0     0     0     1     0     0     0
     0     0     0     0     0     0     0     1     0     0     0     0
     0     0     0     0     0     2     1     0     2     2     0     0
     1     3     5     3     7     0     0     0     2     0     1     6
     2     7    14    16    10     2     2     2     4     9     1    10
     3     9    10    19    16     2     1     0     7     8     4    13
    11    19    38    35    32    11     3     2     7    12    28    11
    15     9    35    44    32     5     5     2     5    13    21    15
    58    62   143   103    77    28    10     9    16    30    42    54
    39    19    55    56    39    19    10     2     6     7    20    32
    29    34    81    82    45    21    13     6     7     7    21    23
    19    34    43    49    14    13     3     1     3     6    16    14
     6    45    45    44    26     9     7     2     3     4    13    24
    20    32    50    61    23    13    15     3     5     9     8    16
    13    28    16    25    15    10     3     3     3     3     8     8
    15    28    39    42    21    12     5     4     3     7     6    20
    14    15    16    29     7     3     3     0     2     5     5    11
    18    27    43    41    12    10    10     0     4     2    23    18
    21    17    22    16     7     4     2     1     0     5    13     6
    41    23    45    48    18     9     8     2     2    16    18    21
    21    31    26    23    15     4     4     1     3     8    15    13
    34    40    45    40    21    10     6     2     2     8    15    20
    35    46    63    31    14     9     8     2     8    15    34    40
    24    25    30    31    15     5     6     0     4    15    13    38
    41    69    44    56    31     9     8     3    16    41    53    45
    33    26    27    40    18     5     3     4     8    20    12    20
    52    49    65    60    20    14    12    12    17    42    49    49
     7
     4     3     2     5     0     1     0     1     0     2     3     4
     4     7     7     4     7     2     1     0     5     9     7     6
     4     0     3     7     0     1     0     0     3     3     3     3
     4     2     3     0     2     1     0     0     0     0     1     2
     1     0     2     2     3     1     0     0     2     3     2     1
     0     0     0     0     2     1     0     1     1     0     0     0
     0     0     0     1     3     0     1     0     1     2     0     0
     0     0     0     0     0     0     1     0     0     1     0     1
     0     0     0     0     0     0     0     0     0     1     0     0
     0     0     1     0     0     0     0     0     0     0     0     0
     0     0     0     0     0     0     0     0     0     0     0     0
     0     0     0     0     0     0     0     0     0     0     0     0
     0     0     1     2     1     0     0     0     0     0     0     1
     0     0     3     0     2     0     0     0     0     1     1     4
     1     1     6     3     0     0     0     0     0     0     1     3
     1     4    10    15     3     1     0     0     0     3     3     2
     5     4    11    19     2     2     0     1     0     0     0     1
     7    16    35    16    11     0     2     1     1     5     6     4
    12     3    15    14     9     1     0     0     0     1     5     9
     5     4    13    26    10     3     3     0     0     1     4     2
     5     7     7    13     9     2     0     0     0     2     3     4
     2     2    13     6     5     5     0     1     0     2     7     5
     2    10     7    12     1     0     2     1     0     1     3     3
     2     2     9    10     0     0     0     0     0     1     2     2
     5     5     6     6     4     1     0     0     0     0     1     1
     3     6     6     1     0     0     0     1     0     0     2     3
     4     8     6     5     2     1     0     0     0     1     2     3
     5     1     4     1     1     0     0     0     1     1     0     2
     5     4    14    18     1     0     2     2     0     2     6     7
     7    11     9     7     2     0     2     0     0     1     3     6
    13     3     6     7     3     0     0     0     0     1     5     2
     8    14    16     9     2     1     0     1     1     2     5     8
     5     5     8     4     0     0     0     0     1     3     2     5
    16    14    14    19     4     3     0     1     3     7    10    13
     4     4     3     4     4     1     1     0     1     1     4     2
     5    10     8     8     4     2     0     1     3    11     7     4
     8
     1     4     0     2     0     0     1     0     2     0     0     2
     1     4     2     1     0     0     1     0     1     3     0     1
     0     2     0     1     0     0     0     0     0     1     2     1
     1     1     1     1     1     2     0     0     0     2     0     0
     1     1     0     0     2     2     0     1     1     1     1     0
     0     0     0     1     1     1     0     0     1     1     0     0
     0     0     0     1     0     0     0     0     0     0     0     0
     0     0     0     0     0     0     0     0     0     0     0     0
     0     0     1     0     0     0     0     0     0     0     0     0
     0     0     0     0     0     0     0     0     0     0     0     0
     0     0     0     0     0     0     0     0     0     0     0     0
     0     0     0     0     0     0     0     0     0     0     0     0
     0     1     4     0     0     0     0     0     0     0     0     1
     0     0     4     0     2     0     0     1     0     0     1     1
     1     1     1     2     0     0     0     1     1     0     1     1
     4     5     4     4     2     2     1     0     0     1     4     1
     2     2     6     4     1     0     0     0     0     0     0     3
     3     8    26    15     5     0     1     1     1     0     8     8
     0     2     6     9     2     2     0     0     0     1     7     3
     4     2     6     8     6     2     0     2     0     0     5     2
     2     5     5     1     2     0     0     0     0     0     0     0
     0     6     5     7     2     1     0     0     0     0     4     1
     1     5     5    10     5     0     0     0     0     1     2     2
     3     2     3     5     0     0     0     0     0     0     0     1
     4     8    13    11     3     0     0     0     0     0     0     5
     0     8     7     7     1     0     0     0     0     0     0     0
     6     8    10     8     2     0     0     0     0     0     2     3
     2     6     5     2     0     2     0     0     0     0     0     2
    10     6    13    16     0     0     1     1     0     0     1     8
     3     8     8     5     0     1     0     1     0     0     1     6
     3    12     8     2     3     1     0     0     0     2     2     2
     8     9    25    12     3     2     0     0     0     3    15    14
     0     5    10     2     3     2     0     0     0     1     3     0
     8     8    18    10     0     1     0     2     0     8     9     4
     2     2     2     4     0     2     0     0     1     0     1     2
     3     5     1     6     1     0     3     0     2     2     1     3
     9
     0     0     0     0     0     0     0     0     0     0     0     0
     0     0     0     0     0     0     0     0     0     0     0     0
     0     0     0     0     0     0     0     0     0     0     0     0
     0     0     0     0     0     0     0     0     0     0     0     0
     0     1     0     0     0     1     0     0     0     0     0     0
     0     0     0     0     0     0     0     0     0     0     0     0
     0     0     0     0     0     0     0     0     0     0     0     0
     0     0     0     0     0     0     0     0     0     0     0     0
     0     0     0     0     0     0     0     0     0     0     0     0
     0     0     0     0     0     0     0     0     0     0     0     0
     0     0     0     0     0     0     0     0     0     0     0     0
     0     0     0     0     0     0     0     0     0     0     0     0
     0     0     0     0     0     0     0     0     0     0     0     0
     0     0     4     0     0     0     0     0     0     0     0     0
     0     0     0     0     0     0     0     0     0     0     0     0
     0     0     3     2     0     0     0     1     1     0     0     0
     0     0     0     0     0     0     0     0     0     0     0     0
     0     0     4     0     0     0     0     0     0     0     0     2
     0     1     3     0     0     0     0     0     0     0     0     0
     0     1     2     0     2     0     0     0     0     0     0     0
     0     0     1     1     1     0     0     0     0     0     0     0
     1     1     0     0     0     0     0     0     0     0     0     0
     0     0     1     1     0     0     0     0     0     0     0     0
     0     1     0     3     0     0     0     0     0     0     2     0
     0     0     3     1     0     0     0     0     0     0     0     0
     0     0     0     1     0     0     0     0     0     0     0     0
     1     0     1     2     0     0     0     0     0     0     0     1
     2     0     3     1     0     0     0     0     0     0     0     0
     0     2     2     2     0     0     0     0     0     0     1     0
     2     0     2     0     1     0     0     0     0     0     0     0
     0     0     0     1     0     0     0     0     0     1     0     0
     0     1     7     0     0     0     0     0     0     0     2     0
     0     0     1     0     0     0     0     0     0     0     0     0
     1     2     2     1     0     0     0     1     0     0     3     0
     0     0     0     0     0     0     0     0     0     0     0     0
     0     0     0     0     0     0     0     0     0     0     0     0
    10
     0     0     0     0     0     0     0     0     0     0     0     0
     0     0     0     0     0     0     0     0     0     0     0     0
     0     0     0     0     0     0     0     0     0     0     0     0
     0     0     0     0     0     0     0     0     0     0     0     0
     0     0     0     0     0     0     1     0     1     0     0     0
     0     0     0     0     0     0     0     0     0     0     0     0
     0     0     0     0     1     0     0     0     0     0     0     0
     0     0     0     0     0     0     0     0     0     0     0     0
     0     0     0     0     0     0     0     0     0     0     0     0
     0     0     0     0     0     0     0     0     0     0     0     0
     0     0     0     0     0     0     0     0     0     0     0     0
     0     0     0     0     0     0     0     0     0     0     0     0
     0     0     0     0     0     0     0     0     0     0     0     0
     0     0     0     0     0     0     0     0     0     0     0     0
     0     0     0     0     0     0     0     0     1     0     0     0
     2     0     0     0     0     0     0     0     0     0     0     0
     1     0     1     0     0     0     0     0     0     0     0     0
     0     1     1     0     0     0     0     0     0     0     0     0
     0     0     0     0     0     0     0     0     0     0     0     1
     1     0     1     0     0     0     0     0     0     0     0     0
     0     0     1     0     0     0     0     0     0     0     0     0
     1     0     0     0     0     0     0     0     0     0     0     0
     1     0     0     0     0     0     0     0     0     0     0     1
     0     0     0     0     0     0     0     0     0     0     0     0
     0     0     4     2     0     0     0     0     0     0     0     0
     0     0     2     0     0     0     0     1     0     0     0     0
     0     0     5     0     0     0     0     0     0     0     0     0
     0     0     1     0     0     0     0     0     0     0     0     0
     0     1     1     5     0     0     0     0     0     0     0     0
     1     0     0     1     0     0     0     0     0     0     0     0
     0     0     0     0     0     1     0     0     0     0     0     0
     1     1     3     2     0     0     0     0     1     0     0     0
     0     0     0     0     0     0     0     0     1     0     0     0
     0     0     1     1     0     0     0     0     0     0     1     0
     0     0     0     0     0     0     0     0     0     0     0     0
     0     1     0     0     0     0     0     0     0     0     0     0
    11
     0     0     0     0     0     0     0     0     0     0     0     0
     0     0     0     0     0     0     0     0     0     0     0     0
     0     0     0     0     0     0     0     0     0     0     0     0
     0     0     0     0     0     0     0     0     0     0     0     0
     0     0     0     0     0     0     0     0     0     0     0     0
     0     0     0     0     0     0     0     1     0     0     0     0
     0     0     0     0     0     0     0     0     0     0     0     0
     0     0     0     0     0     0     0     0     0     0     0     0
     0     0     0     0     0     0     0     0     0     0     0     0
     0     0     0     0     0     0     0     0     0     0     0     0
     0     0     0     0     0     0     0     0     0     0     0     0
     0     0     0     0     0     0     0     0     0     0     0     0
     0     0     0     0     0     0     0     0     0     0     0     0
     0     0     0     0     0     0     0     0     0     0     0     0
     0     0     0     0     0     0     0     0     0     0     0     0
     0     0     0     0     0     0     0     0     0     0     0     0
     0     1     0     0     0     0     0     0     0     0     0     0
     0     0     2     0     0     0     0     0     0     0     2     0
     0     0     0     0     0     0     0     0     0     0     0     0
     0     0     0     0     0     0     0     0     0     0     0     0
     0     0     1     1     0     0     0     0     0     0     0     0
     0     0     0     0     0     0     0     0     0     0     0     0
     0     0     0     0     0     0     0     0     0     0     0     0
     0     0     0     0     0     0     0     0     0     0     0     0
     0     1     0     2     0     0     0     0     0     0     0     0
     0     0     0     0     0     0     0     0     0     0     0     0
     0     0     1     1     0     0     0     0     0     0     0     0
     0     0     0     0     0     0     0     0     0     0     0     0
     0     2     2     2     0     0     0     0     0     0     0     0
     0     0     0     0     0     1     0     1     0     0     0     0
     1     1     0     0     0     0     0     0     0     0     0     0
     1     0     2     1     0     0     1     0     0     0     0     0
     1     1     0     0     0     0     0     0     0     0     0     0
     0     1     0     0     0     1     0     0     0     0     0     0
     0     0     0     0     0     0     0     0     0     0     0     0
     0     1     0     0     0     0     0     0     0     0     0     0
    12
     0     0     0     0     0     0     0     0     0     0     0     0
     0     0     0     0     0     0     0     0     0     0     0     0
     0     0     0     0     0     0     0     0     0     0     0     0
     0     0     0     0     0     0     0     0     0     0     0     0
     0     0     0     0     0     0     0     0     1     0     0     0
     0     0     0     0     0     0     0     0     0     0     0     0
     0     0     0     0     0     0     0     0     0     0     0     0
     0     0     0     0     0     0     0     0     0     0     0     0
     0     0     0     0     0     0     0     0     0     0     0     0
     0     0     0     0     0     0     0     0     0     0     0     0
     0     0     0     0     0     0     0     0     0     0     0     0
     0     0     0     0     0     0     0     0     0     0     0     0
     0     0     0     0     0     0     0     0     0     0     0     0
     0     0     0     0     0     0     0     0     0     0     0     0
     0     0     0     0     0     0     0     0     0     0     0     0
     0     0     1     0     0     0     0     0     0     0     0     0
     0     0     0     0     0     0     0     0     0     0     0     0
     0     0     2     0     0     0     0     0     0     0     0     0
     0     0     0     0     0     0     0     0     0     0     0     0
     0     0     0     0     0     0     0     0     0     0     0     0
     0     0     0     0     0     0     0     0     0     0     0     0
     0     0     0     0     0     0     0     0     0     0     0     1
     0     0     0     0     0     0     0     0     0     0     0     0
     0     0     0     0     0     0     0     0     0     0     0     0
     0     0     0     0     0     0     0     1     0     0     0     0
     0     0     0     0     0     0     0     0     0     0     0     0
     0     0     2     1     0     0     0     0     0     0     0     0
     0     0     0     0     0     0     0     0     0     0     0     0
     0     0     1     0     0     0     0     0     0     0     0     0
     0     0     0     0     0     0     0     0     0     0     0     0
     1     0     1     0     0     0     0     0     0     0     0     0
     0     0     0     1     0     0     1     0     0     0     0     0
     0     0     0     0     0     0     0     0     0     0     0     0
     0     0     0     0     0     0     0     0     0     0     0     0
     0     0     0     0     0     0     0     0     0     0     0     0
     0     0     0     0     0     0     0     0     0     0     0     0
    13
     0     0     0     0     0     0     0     0     0     0     0     0
     0     0     0     0     0     0     0     0     0     0     0     0
     0     0     0     0     0     0     0     0     0     0     0     0
     0     0     0     0     0     0     0     0     0     0     0     0
     0     0     0     0     0     0     0     0     0     0     0     0
     0     0     0     0     0     0     0     0     0     0     0     0
     0     0     0     0     0     0     0     0     0     0     0     0
     0     0     0     0     0     0     0     0     0     0     0     0
     0     0     0     0     0     0     0     0     0     0     0     0
     0     0     0     0     0     0     0     0     0     0     0     0
     0     0     0     0     0     0     0     0     0     0     0     0
     0     0     0     0     0     0     0     0     0     0     0     0
     0     0     0     0     0     0     0     0     0     0     0     0
     0     0     0     0     0     0     0     0     0     0     0     0
     0     0     0     0     0     0     0     0     0     0     0     0
     0     0     0     0     0     0     0     0     0     0     0     0
     0     0     0     0     0     0     0     0     0     0     0     0
     0     0     0     0     0     0     0     0     0     0     0     0
     0     0     0     0     0     0     0     0     0     0     0     0
     0     0     0     0     0     0     0     0     0     0     0     0
     0     0     0     0     0     0     0     0     0     0     0     0
     0     0     0     0     0     0     0     0     0     0     0     0
     0     0     0     0     0     0     0     0     0     0     0     0
     0     0     0     0     0     0     0     0     0     0     0     0
     0     0     0     0     0     0     0     0     0     0     0     0
     0     0     0     0     0     0     0     0     0     0     0     0
     0     0     0     0     0     0     0     0     0     0     0     0
     0     0     0     0     0     0     0     0     0     0     0     0
     0     0     0     0     0     0     0     0     0     0     0     0
     0     0     0     0     0     0     0     0     0     0     0     0
     0     0     0     0     0     0     0     0     0     0     0     0
     0     0     0     0     0     0     0     0     0     0     0     0
     0     0     0     0     0     0     0     0     0     0     0     0
     0     0     0     0     0     0     0     0     0     0     0     0
     0     0     0     0     0     0     0     0     0     0     0     0
     0     0     0     0     0     0     0     0     0     0     0     0
    14
     0     0     0     0     0     0     0     0     0     0     0     0
     0     0     0     0     0     0     0     0     0     0     0     0
     0     0     0     0     0     0     0     0     0     0     0     0
     0     0     0     0     0     0     0     0     0     0     0     0
     0     0     0     0     0     0     0     0     0     0     0     0
     0     0     0     0     0     0     0     0     0     0     0     0
     0     0     0     0     0     0     0     0     0     0     0     0
     0     0     0     0     0     0     0     0     0     0     0     0
     0     0     0     0     0     0     0     0     0     0     0     0
     0     0     0     0     0     0     0     0     0     0     0     0
     0     0     0     0     0     0     0     0     0     0     0     0
     0     0     0     0     0     0     0     0     0     0     0     0
     0     0     0     0     0     0     0     0     0     0     0     0
     0     0     0     0     0     0     0     0     0     0     0     0
     0     0     0     0     0     0     0     0     0     0     0     0
     0     0     0     0     0     0     0     0     0     0     0     0
     0     0     0     0     0     0     0     0     0     0     0     0
     0     0     0     0     0     0     0     0     0     0     0     0
     0     0     0     0     0     0     0     0     0     0     0     0
     0     0     0     0     0     0     0     0     0     0     0     0
     0     0     0     0     0     0     0     0     0     0     0     0
     0     0     0     0     1     0     0     0     0     0     0     0
     0     0     0     0     0     0     0     0     0     0     0     0
     0     0     0     0     0     0     0     0     0     0     0     0
     0     0     0     0     0     0     0     0     0     0     0     0
     0     0     0     0     0     0     0     0     0     0     0     0
     0     0     0     0     0     0     0     0     0     0     0     0
     0     0     0     0     0     0     0     0     0     0     0     0
     0     0     0     0     0     0     0     0     0     0     0     0
     0     0     0     0     0     0     0     0     0     0     0     0
     0     0     0     0     0     0     0     0     0     0     0     0
     0     0     0     0     0     0     0     0     0     0     0     0
     0     0     0     0     0     0     0     0     0     0     0     0
     0     0     0     0     0     0     0     0     0     0     0     0
     0     0     0     0     0     0     0     0     0     0     0     0
     0     0     0     0     0     0     0     0     0     0     0     0
    15
     0     0     0     0     0     0     0     0     0     0     0     0
     0     0     0     0     0     0     0     0     0     0     0     0
     0     0     0     0     0     0     0     0     0     0     0     0
     0     0     0     0     0     0     0     0     0     0     0     0
     0     0     0     0     0     0     0     0     0     0     0     0
     0     0     0     0     0     0     0     0     0     0     0     0
     0     0     0     0     0     0     0     0     0     0     0     0
     0     0     0     0     0     0     0     0     0     0     0     0
     0     0     0     0     0     0     0     0     0     0     0     0
     0     0     0     0     0     0     0     0     0     0     0     0
     0     0     0     0     0     0     0     0     0     0     0     0
     0     0     0     0     0     0     0     0     0     0     0     0
     0     0     0     0     0     0     0     0     0     0     0     0
     0     0     0     0     0     0     0     0     0     0     0     0
     0     0     0     0     0     0     0     0     0     0     0     0
     0     0     0     0     0     0     0     0     0     0     0     0
     0     0     0     0     0     0     0     0     0     0     0     0
     0     0     0     0     0     0     0     0     0     0     0     0
     0     0     0     0     0     0     0     0     0     0     0     0
     0     0     0     0     0     0     0     0     0     0     0     0
     0     0     0     0     0     0     0     0     0     0     0     0
     0     0     0     0     0     0     0     0     0     0     0     0
     0     0     0     0     0     0     0     0     0     0     0     0
     0     0     0     0     0     0     0     0     0     0     0     0
     0     0     0     0     0     0     0     0     0     0     0     0
     0     0     0     0     0     0     0     0     0     0     0     0
     0     0     0     0     0     0     0     0     0     0     0     0
     0     0     0     0     0     0     0     0     0     0     0     0
     0     0     0     0     0     0     0     0     0     0     0     0
     0     0     0     0     0     0     0     0     0     0     0     0
     0     0     0     0     0     0     0     0     0     0     0     0
     0     0     0     0     0     0     0     0     0     0     0     0
     0     0     0     0     0     0     0     0     0     0     0     0
     0     0     0     0     0     0     0     0     0     0     0     0
     0     1     0     0     0     0     0     0     0     0     0     0
     0     0     0     0     0     0     0     0     0     0     0     0
    16
     0     0     0     0     0     0     0     0     0     0     0     0
     0     0     0     0     0     0     0     0     0     0     0     0
     0     0     0     0     0     0     0     0     0     0     0     0
     0     0     0     0     0     0     0     0     0     0     0     0
     0     0     0     0     0     0     0     0     0     0     0     0
     0     0     0     0     0     0     0     0     0     0     0     0
     0     0     0     0     0     0     0     0     0     0     0     0
     0     0     0     0     0     0     0     0     0     0     0     0
     0     0     0     0     0     0     0     0     0     0     0     0
     0     0     0     0     0     0     0     0     0     0     0     0
     0     0     0     0     0     0     0     0     0     1     0     0
     0     0     0     0     0     0     0     0     0     0     0     0
     0     0     0     0     0     0     0     0     0     0     0     0
     0     0     0     0     0     0     0     0     0     0     0     0
     0     0     0     0     0     0     0     0     0     0     0     0
     0     0     0     0     0     0     0     0     0     0     0     0
     0     0     0     0     0     0     0     0     0     0     0     0
     0     0     0     0     0     0     0     0     0     0     0     0
     0     0     0     0     0     0     0     0     0     0     0     0
     0     0     0     0     0     0     0     0     0     0     0     0
     0     0     0     0     0     0     0     0     0     0     0     0
     0     0     0     0     0     0     0     0     0     0     0     0
     0     0     0     0     0     0     0     0     0     0     0     0
     0     0     0     0     0     0     0     0     0     0     0     0
     0     1     0     0     0     0     0     0     0     0     0     0
     0     0     0     0     0     0     0     0     0     0     0     0
     0     0     0     0     0     0     1     0     0     0     0     0
     0     0     0     0     0     0     0     0     0     0     0     0
     0     0     0     0     0     0     0     0     0     0     0     0
     0     0     0     0     0     0     0     0     0     0     0     0
     0     0     0     0     0     0     0     0     0     0     0     0
     0     0     0     0     0     0     0     0     0     0     0     0
     0     0     0     0     0     0     0     0     0     0     0     0
     0     0     0     0     0     0     0     0     0     0     0     0
     0     0     0     0     0     0     0     0     0     0     0     0
     0     0     0     0     0     0     0     0     0     0     0     0
    17
     0     0     0     0     0     0     0     0     0     0     0     0
     0     0     0     0     0     0     0     0     0     0     0     0
     0     0     0     0     0     0     0     0     0     0     0     0
     0     0     0     0     0     0     0     0     0     0     0     0
     0     0     0     0     0     0     0     0     0     0     0     0
     0     0     0     0     0     0     0     0     0     0     0     0
     0     0     0     0     0     0     0     0     0     0     0     0
     0     0     0     0     0     0     0     0     0     0     0     0
     0     0     0     0     0     0     0     0     0     0     0     0
     0     0     0     0     0     0     0     0     0     0     0     0
     0     0     0     0     0     0     0     0     0     0     0     0
     0     0     0     0     0     0     0     0     0     0     0     0
     0     0     0     0     0     0     0     0     0     0     0     0
     0     0     0     0     0     0     0     0     0     0     0     0
     0     0     0     0     0     0     0     0     0     0     0     0
     0     0     0     0     0     0     0     0     0     0     0     0
     0     0     0     0     0     0     0     0     0     0     0     0
     0     0     0     0     0     0     0     0     0     0     0     0
     0     0     0     0     0     0     0     0     0     0     0     0
     0     0     0     0     0     0     0     0     0     0     0     0
     0     0     0     0     0     0     0     0     0     0     0     0
     0     0     0     0     0     0     0     0     0     0     0     0
     0     0     0     0     0     0     0     0     0     0     0     0
     0     0     0     0     0     0     0     0     0     0     0     0
     0     0     0     0     0     0     0     0     0     0     0     0
     0     0     0     0     0     0     0     0     0     0     0     0
     0     0     0     0     0     0     0     0     0     0     0     0
     0     0     0     0     0     0     0     0     0     0     0     0
     0     0     0     0     0     0     0     0     0     0     0     0
     0     0     0     0     0     0     0     0     0     0     0     0
     0     0     0     0     0     0     0     0     0     0     0     0
     0     0     0     0     0     0     0     0     0     0     0     0
     0     0     0     0     0     0     0     0     0     0     0     0
     0     0     0     0     0     0     0     0     0     0     0     0
     0     0     0     0     0     0     0     0     0     0     0     0
     0     0     0     0     0     0     0     0     0     0     0     0
    18
     0     0     0     0     0     0     0     0     0     0     0     0
     0     0     0     0     0     0     0     0     0     0     0     0
     0     0     0     0     0     0     0     0     0     0     0     0
     0     0     0     0     0     0     0     0     0     0     0     0
     0     0     0     0     0     0     0     0     0     0     0     0
     0     0     0     0     0     0     0     0     0     0     0     0
     0     0     0     0     0     0     0     0     0     0     0     0
     0     0     0     0     0     0     0     0     0     0     0     0
     0     0     0     0     0     0     0     0     0     0     0     0
     0     0     0     0     0     0     0     0     0     0     0     0
     0     0     0     0     0     0     0     0     0     0     0     0
     0     0     0     0     0     0     0     0     0     0     0     0
     0     0     0     0     0     0     0     0     0     0     0     0
     0     0     0     0     0     0     0     0     0     0     0     0
     0     0     0     0     0     0     0     0     0     0     0     0
     0     0     0     0     0     0     0     0     0     0     0     0
     0     0     0     0     0     0     0     0     0     0     0     0
     0     0     0     0     0     0     0     0     0     0     0     0
     0     0     0     0     0     0     0     0     0     0     0     0
     0     0     0     0     0     0     0     0     0     0     0     0
     0     0     0     0     0     0     0     0     0     0     0     0
     0     0     0     0     0     0     0     0     0     0     0     0
     0     0     0     0     0     0     0     0     0     0     0     0
     0     0     1     0     0     0     0     0     0     0     0     0
     0     0     0     0     0     0     0     0     0     0     0     0
     0     0     0     0     0     0     0     0     0     0     0     0
     0     0     0     0     0     0     0     0     0     0     0     0
     0     0     0     0     0     0     0     0     0     0     0     0
     0     0     0     0     0     0     0     0     0     0     0     0
     0     0     0     0     0     0     0     0     0     0     0     0
     0     0     0     0     0     0     0     0     0     0     0     0
     0     0     0     0     0     0     0     0     0     0     0     0
     0     0     0     0     0     0     0     0     0     0     0     0
     0     0     0     0     0     0     0     0     0     0     0     0
     0     0     0     0     0     0     0     0     0     0     0     0
     0     0     0     0     0     0     0     0     0     0     0     0
