19
Charlotte, NC 13881
     0
       1.700       3.200       8.300      13.800      18.200      22.200
      23.800      23.200      20.600      14.300       9.300       3.200
       6.000       7.800      13.300      17.700      22.200      25.600
      27.200      26.700      23.800      18.200      13.800       7.800
      10.600      13.300      17.700      22.200      25.600      28.800
      30.600      30.000      27.200      22.200      17.700      12.100
      38.000      35.000      35.000      34.000      44.000      49.000
      52.000      53.000      51.000      43.000      40.000      39.000
      55.000      50.000      51.000      48.000      58.000      62.000
      64.000      65.000      63.000      58.000      55.000      56.000
      85.000      78.000      78.000      71.000      77.000      78.000
      79.000      82.000      81.000      79.000      81.000      84.000
       2.000       2.400       2.400       2.400       2.000       2.000
       2.000       2.000       2.000       2.000       2.000       2.000
       2.700       3.100       3.100       3.100       2.700       2.700
       2.400       2.400       2.400       2.700       2.700       2.700
       4.000       4.400       4.400       4.400       4.000       3.100
       3.100       3.100       3.100       3.500       4.000       4.000
     230.000     230.000     220.000     220.000     220.000     220.000
     220.000     220.000      30.000      20.000     220.000     220.000
     1
       6.079       8.385      12.923      17.729      21.860      25.527
      27.253      26.638      23.779      18.149      13.562       7.854
      59.344      55.534      56.125      52.661      60.051      63.180
      65.262      66.750      65.384      60.596      59.615      60.434
     2
    29    25    31    26    26    19    38    63    41    43    29    45
    41    35    49    29    50    42    57    73    60    44    64    43
    30    33    27    26    24    39    32    46    40    45    42    27
    33    19    45    32    37    50    47    64    50    61    36    40
    51    34    37    25    79    65    80   113    81    82    63    44
    35    34    35    33    54    57    60    70    66    61    53    41
    43    36    38    40    62    62    61    94    78    56    54    42
    30    25    41    35    40    52    59    51    54    46    36    27
    29    33    39    38    66    59    65    82    58    63    35    42
    33    24    37    25    44    45    47    57    38    43    23    34
    41    20    32    32    47    44    47    60    52    48    45    35
    42    25    46    34    60    46    58    63    61    49    43    36
    38    33    32    41    39    43    45    57    55    39    39    34
    42    38    49    40    53    54    76    68    65    54    59    42
    35    22    29    31    33    41    38    43    39    33    30    32
    48    34    40    46    51    68    78    80    75    34    48    57
    38    38    47    30    44    50    61    64    43    41    44    47
    69    51    61    85    83   103   116   108    79    74    85    74
    36    41    34    30    44    51    62    65    35    40    30    46
    40    43    45    36    46    55    70    68    51    26    48    50
    33    25    30    49    48    58    45    62    50    31    38    43
    31    36    34    42    65    58    94    94    54    48    55    58
    59    46    44    51    82    92   130   126    70    62    59    73
    38    29    38    34    64    57    89    89    61    52    51    47
    30    25    37    30    41    55    68    75    47    50    43    51
    27    28    18    25    30    45    66    42    31    34    28    27
    39    29    43    42    41    75    76    72    55    39    32    41
    22    16    14    20    31    34    60    63    39    38    33    35
    26    26    34    27    51    38    81    73    52    45    33    33
    41    21    28    21    46    36    46    70    41    25    33    29
    27    24    20    24    41    51    50    55    54    42    37    32
    47    27    32    36    55    70   101    80    75    62    50    55
    27    21    31    25    24    50    58    51    45    53    34    38
    42    24    23    33    68    60    78    86    90    81    52    47
    33    22    39    25    31    33    44    55    60    48    21    26
    71    40    46    28    71    71    96    95    98    82    69    55
     3
    84    66    63    48    75    77   108   138   119   131    71    67
   110    92    99    76   154   161   143   191   216   178   140   117
    84    66    96    61   100   113    96   130   142   150    84    86
    93    75   116    71   122   126   139   156   185   154   109    99
   129   135   128   122   169   200   183   267   290   236   131   143
    88    87    97    83   122   125   168   167   176   136    79   107
    70    88    80    65   120   134   131   168   183   124    92    69
    36    45    76    70    66   112   100   119    87    91    53    45
    51    61    80    72   139   128   119   131   104    89    55    41
    23    38    67    47    72    86   100    76    67    43    41    25
    28    51    69    56    77   113    88    94    77    57    48    38
    58    55    66    83    85   108   127   114    85    64    52    27
    37    36    58    79    66    85    92    84    73    44    46    39
    46    58    60   101   115   134   145   126    96    63    59    48
    39    45    58    60    64    87    98    94    70    52    34    46
    46    47    80    97   115   111   142   148    68    62    68    65
    67    56    98   108   127   115   131   132    78    69    83    45
   138   105   196   197   213   239   236   252   128   119   132   118
    73    58    83    99   117   127   129   118    73    73    80    88
   103   110   109   109   178   159   193   172   110    93    96   123
    97    66   102   138   176   178   197   135    97    99    96   119
    97    69   120   154   219   240   243   223   128   125   105   134
   137   123   117   153   271   313   352   281   188   167   150   178
    98    71    77    98   166   183   216   181   130   120    85   107
    84    57    70    85   120   159   206   148   105    84    72    93
    60    33    42    51    83   104   146   119    83    41    52    56
    66    51    52    77   107   108   170   147    78    56    56    63
    30    35    44    37    77    93   117    76    70    57    43    38
    52    47    48    66    85    89   130    93    66    48    54    56
    56    37    42    43    68    80   111    74    49    53    39    40
    56    41    59    48    88    80    92    76    65    69    40    50
    87    85    77    69   125   137   150   103   114   107    70    83
    50    38    52    55    96    73    90    72    77    76    55    44
    73    83    82    96   110   112   117   127   112   123    95    81
    46    67    61    52    70    98    79   104   104   100    62    64
   148   108   106    94   162   136   160   200   211   194   117   120
     4
    53    37    33    30    40    57    47    39    96    78    46    40
    79    53    68    44    85    91    52    92   139   100    65    59
    57    51    42    35    64    50    58    68   106    82    76    58
    62    68    83    41    68    74    37    84   105    96    71    65
    61    78    79    47   108   125    65   135   162    94    67    90
    50    41    58    47    53    78    63    79   111    68    57    46
    25    38    55    46    59    66    43    66    87    54    38    38
    10    32    28    25    31    37    35    32    29    38    17     9
    12    23    40    29    35    38    34    37    39    20    18    13
     3    11    32    21    20    29    21    18    22    10    11     6
     7    11    27    18    27    38    25    26    27    13     8     6
     6    17    28    30    29    31    28    27    21    13    12     2
     7     8    28    42    19    24    22    23    25     7     7     3
     9    20    28    34    33    20    29    32    26    14    18    12
     5    15    16    26    21    34    26    17    11     6    13    10
    18    14    25    44    37    25    47    39    15    24    21    15
    22    13    40    48    45    53    38    40    16    21    19    16
    41    59    92    98    97    79    87    69    30    33    58    37
    47    40    60    70    89    60    52    48    26    35    44    48
    70    65    85   101   109   120    95    89    38    49    62    89
    57    43    55    94   127   110    83    68    46    49    53    62
    69    70    76   103   119   129   113    96    55    63    73    69
   117    70   104   113   164   199   178   131    92    98    78    84
    59    40    56    66   114   139   128    77    63    75    53    63
    53    35    37    72    67    85    72    69    52    39    37    54
    37    34    38    46    41    56    52    38    23    18    28    25
    34    38    34    50    44    39    53    42    32    26    27    24
    25    30    21    32    38    28    40    25    25    19    14    24
    32    30    36    38    42    33    41    23    16    24    33    27
    23    29    28    42    29    15    26    17    13    15    24    22
    27    34    29    36    32    23    28    15    17    19    25    23
    52    45    45    53    56    43    36    20    24    45    44    42
    34    35    30    40    25    27    34    20    26    29    16    32
    33    40    43    47    47    48    35    26    41    73    44    48
    28    30    40    19    40    32    31    29    38    31    36    33
    56    60    55    46    61    60    70    57    65    84    57    53
     5
    44    43    49    37    55    31    23    25    72    61    43    51
    76    83    94    59   111    85    50    66   135   154    66    76
    64    60    59    30    60    44    33    43    89    94    45    60
    65    62    65    56    83    68    41    74   113   109    67    67
    87    67   100    46    90    70    51    74   147   105    48    66
    35    27    57    41    54    47    33    59    70    69    27    23
    14    23    52    34    36    50    21    39    44    29    27    12
     4     6    14    19    18    21    15    26    22    22     6     5
     7     8    23    20    15    23    10    24    18    11     8     5
     3     3    15    24    14     5     6     8     3     6     4     0
     0    10    14    16    18    13     8    15     8     3     8     1
     4    14    27    19    31    10     9     6    10     1     4     3
     3     4    16    17    19     5    10     5     5     2     5     1
     3    10    19    27    21    21    15     9     8     2    15     6
     6    10    15    17    22     9     6    11     4     7     6     5
     6     8    13    33    26    22    17    15     6    13    11    11
    16    19    42    40    31    16    23    19     4     8    10    14
    38    53   101    88    53    48    46    31     9    23    54    45
    45    49    83    81    67    41    43    24    15    19    42    39
    77    92   109   147   120    87    67    40    30    44    68    78
    73    81   101   113   119    75    67    40    31    40    61    72
   106   100   128   134   166   109    90    53    31    57    63    90
   133   141   160   206   194   166   131    92    49    64    99   114
    80    71   100   105   110   112    73    43    33    53    68    58
    66    70    74    97    60    72    57    30    24    39    35    51
    35    24    34    48    36    37    30    24    27    16    24    25
    48    41    63    72    30    37    31    24    21    21    35    27
    39    24    30    48    21    24     8    13     7    13    26    14
    39    38    53    69    29    20    20     4    10    32    34    30
    47    46    57    55    30    12    13    12    11    17    22    24
    35    41    59    66    34    31    19     0     3    26    46    33
    54    53    87    91    42    32    27    12    20    54    48    53
    42    50    43    44    51    18    13    10    18    27    36    35
    42    39    59    76    53    19    17    14    17    58    33    41
    27    42    39    34    26    17    10    14    14    17    32    35
    46    63    81    69    68    39    44    45    78    78    75    56
     6
    23    24    13    18    12     7     4     7    12    20    12    22
    25    40    35    15    29    12     9    12    24    30    37    33
    21    25    30    17    27     6     3    11    18    21    14    16
    25    30    22    19    30    12     5    21    25    30    18    12
    16    24    22    10    15    10     4    11    37    20    11    12
     6    12    21    10    13     6     6     7    16    12     2     4
     2     6    18     4     4     4     4     8     5     4     5     1
     0     3     3     2     0     0     0     4     4     3     1     3
     0     0     1     3     2     2     2     2     2     0     2     3
     0     0     1     2     0     4     0     2     0     0     1     1
     1     2     1    10     1     1     0     2     0     2     2     0
     0     4    10     5     3     2     2     1     0     0     1     0
     2     8     4     3     6     0     4     0     0     1     0     1
     0     4     7     7     6     2     1     2     0     1     5     1
     0     0     9     7     4     1     1     2     1     0     1     2
     2     2     7     3     9     3     6     2     0     2     1     7
     2     3    16    11     8     1     5     1     1     2     6     7
    10    14    49    32    17    12    12     7     6     5    12    15
    18    22    46    34    22     7     5     3     1     3    19    21
    29    45    56    52    34    16    23     9     5    13    42    41
    38    36    48    78    60    21    16     7     5    23    34    33
    47    63    84    90    50    18    22    13    10    26    39    48
    82    90   125   163    84    45    24    14    12    28    47    51
    49    46    55    66    33    31    22     9     7    11    37    45
    30    42    48    45    18    12    11     9     2    13    22    40
    21    23    16    33    12     7     2     1     1     8    11     9
    14    23    35    51    14     4     2     1     2     8    14    19
    15    22    26    34    11     3     2     0     4     6     9    12
    24    27    45    54     7     3     3     1     1     8    22    19
    24    24    46    39     9     4     2     3     1     5    14    10
    39    27    37    47    18     8     5     2     1     7    24    31
    39    30    59    63    25     7     5     3     0    17    35    38
    21    35    33    40    15     7     1     0     3    17    27    14
    22    18    43    53    18     7     6     3     4    19    22    15
     9    24    17    28    11     7     2     3     8    11    20    15
    18    27    31    24    20    11     4    11    14    35    29    20
     7
     1     4     7     3     1     2     0     0     2     2     0     1
     5    10     3     5     6     0     0     2     9     6    13     8
     2     8     5     3     4     1     0     1     0     5     0     5
     2     3     3     3     3     4     0     2     2     2     0     2
     5     4     5     2     6     2     1     1     5     0     0     0
     1     1     2     1     0     1     1     3     2     1     0     0
     0     2     2     0     0     0     0     0     0     0     1     0
     0     0     1     0     0     0     0     0     1     0     0     0
     0     0     1     1     0     0     1     0     0     0     0     0
     0     0     0     0     1     0     0     0     0     0     0     3
     0     0     0     1     0     0     0     0     0     0     0     0
     0     1     0     2     0     0     0     0     0     1     0     0
     0     0     3     0     0     1     0     0     0     0     1     0
     0     0     2     0     1     0     0     0     0     0     0     0
     0     0     1     0     0     0     0     0     0     0     0     0
     0     1     1     2     0     0     1     1     0     0     0     0
     0     1     2     2     0     0     1     0     0     1     0     1
     2     2    13     6     1     2     2     0     0     0     2     6
     1     4    14    10     1     1     2     0     3     4     1     9
     9     6    18    13    18     1     1     2     1     7     9     5
     7    10    15    23    11     0     1     0     1     2     6     8
     4    18    16    27    14     2     0     1     1     2    10     3
    23    19    42    39    14     4     4     1     4     5     9     9
    13    16    20    17    10     2     1     0     0     5    11     8
     6    12    10    12     2     3     1     0     0     3     6     3
     5     3     6     7     1     1     1     0     1     0     3     5
     2     1     7     8     2     1     1     0     0     0     4     3
     2     3    10     1     1     0     0     2     0     2     4     1
     5     8     4    10     3     1     2     2     0     3     4     5
     9     6     9    14     2     0     0     0     0     1     1     5
    16    11    12    12     4     1     0     0     0     3     8    13
    10     9    14    15     6     1     0     0     0     5     5    11
     8     5    11     6     3     1     0     1     0     1     4     6
     9     5    10     5     3     0     0     1     2     3     6     6
     2     5     1     5     3     0     0     0     1     2     4     2
     4     9     9     0     3     1     1     3     3     6     3     5
     8
     1     2     3     2     1     1     0     0     0     0     2     1
     2     5     5     2     3     2     0     0     4     2    12    12
     1     4     2     0     4     0     0     0     1     0     0     0
     0     0     0     1     2     0     0     0     0     0     0     2
     0     2     2     0     0     0     0     0     2     0     3     1
     1     0     2     0     0     0     0     0     0     0     0     0
     0     0     0     0     0     0     0     0     0     0     1     0
     0     0     0     0     0     0     0     1     0     0     0     0
     0     0     0     0     0     0     0     0     0     0     0     0
     0     0     0     0     0     0     0     0     0     0     0     0
     0     1     0     0     0     0     0     0     0     0     0     0
     0     0     0     0     0     0     1     0     0     0     0     0
     0     0     0     0     0     0     0     0     0     0     0     0
     0     0     1     3     0     0     0     0     0     0     0     0
     0     0     3     0     0     0     0     0     0     1     0     0
     0     0     0     2     0     0     1     1     0     0     0     1
     0     2     0     1     1     0     1     0     0     0     0     1
     2     1     5     4     0     1     0     0     0     0     1     0
     1     2    11     5     2     0     0     0     1     0     1     0
     1     7    15     8     2     2     1     1     0     0     3     3
     2     7    10    16     5     1     0     0     0     1     4     4
     7    10    22    26     4     2     0     0     0     1     6     7
    20    34    22    37     5     2     2     1     0     0     8     2
    12    12    20    23     5     0     1     0     0     1     5     2
    12     5    11    30     3     1     1     0     0     0     3     1
     1     2     8     2     1     0     0     0     1     0     2     2
     1     2     5     8     0     0     1     0     0     0     2     1
     2     0     4     6     1     0     0     0     0     0     1     2
     0     4    10    17     0     0     1     0     0     2     2     5
     4     2    12     8     2     0     0     0     0     1     1     2
     8     2     6    13     2     1     2     1     0     0     2     7
    10     8    13    14     6     0     0     2     0     1     3     9
     4     3     5     8     0     0     2     1     0     1     5     7
     6     3    13     3     1     2     0     1     0     4     4     5
     3     1     3     4     1     3     0     1     0     2     0     0
     1    11     5     2     1     0     0     0     1     2     1     5
     9
     0     2     1     1     0     0     0     0     0     0     0     0
     0     0     0     0     0     0     0     0     0     0     0     0
     0     0     0     0     0     0     0     0     0     0     0     0
     0     0     0     0     0     0     0     0     0     0     0     0
     0     0     2     0     0     0     0     0     0     0     0     0
     0     0     2     0     0     0     0     0     0     0     0     0
     0     0     0     0     0     0     0     0     0     0     0     0
     0     0     0     0     0     0     0     0     0     0     0     0
     0     0     0     0     0     0     0     0     0     0     0     0
     0     0     0     0     0     0     0     0     0     0     0     0
     0     0     0     0     0     0     0     0     0     0     0     0
     0     0     0     0     0     1     0     0     0     0     0     0
     0     0     0     0     0     0     0     0     0     0     0     0
     0     0     0     0     0     0     0     0     0     0     0     0
     0     0     0     0     0     0     0     0     1     0     0     0
     0     0     0     0     0     0     0     0     0     0     0     0
     0     0     0     0     0     0     0     0     0     0     0     0
     0     0     0     0     0     0     0     0     1     0     0     0
     0     0     0     2     0     0     0     0     0     0     0     0
     0     1     0     0     0     1     0     0     0     0     0     0
     0     0     0     2     0     0     0     0     0     0     0     0
     1     1     3     4     2     0     0     0     0     0     0     0
     2     3     4    12     1     0     0     0     0     0     0     0
     6     6     7     2     2     0     0     1     0     0     2     0
     2     0     3     3     1     0     0     1     0     0     1     0
     0     0     1     2     0     0     0     0     0     0     1     0
     0     0     2     1     0     0     0     0     0     0     0     0
     0     0     0     1     0     0     0     0     0     0     0     1
     1     0     1     0     0     0     0     0     0     0     0     0
     0     0     1     1     0     0     0     0     0     0     0     2
     1     1     5     1     1     0     0     0     0     0     1     0
     0     1     4     2     1     0     0     0     0     0     0     3
     0     0     0     1     1     0     0     0     0     0     0     0
     0     1     1     1     0     0     0     0     0     1     0     0
     0     0     0     0     0     0     0     0     0     0     0     1
     0     0     0     0     0     0     0     0     0     0     0     0
    10
     0     1     0     0     0     0     0     0     0     0     0     0
     0     0     0     0     0     0     0     0     0     0     0     0
     0     0     0     0     0     0     0     0     0     0     0     0
     0     0     1     0     0     0     0     0     0     0     0     0
     0     0     0     0     0     0     0     0     0     0     0     0
     0     0     1     0     0     0     0     0     0     0     0     0
     0     0     1     0     0     0     0     0     0     0     0     0
     0     1     0     0     0     0     0     0     0     0     0     0
     0     0     0     0     0     0     0     0     0     0     0     0
     0     0     0     0     0     0     0     0     0     0     0     0
     0     0     0     0     0     0     0     0     0     0     0     0
     0     0     0     0     0     0     0     0     0     0     0     0
     0     0     0     0     0     0     0     0     0     0     0     0
     0     0     0     0     0     0     0     0     0     0     0     0
     0     0     0     0     0     0     0     0     0     0     0     0
     0     0     0     0     0     0     0     0     0     0     0     0
     0     0     0     0     0     0     0     0     0     0     0     0
     0     0     0     0     0     0     0     0     0     0     0     0
     0     0     0     1     0     0     0     0     0     0     0     0
     0     0     0     0     0     0     0     0     0     0     0     0
     0     0     0     1     0     0     0     0     0     0     0     0
     0     2     1     0     1     0     0     0     1     0     0     2
     1     3     4     2     1     0     0     0     0     0     1     1
     1     2     1     1     0     0     0     0     0     0     0     1
     1     1     3     1     0     0     0     0     0     0     0     1
     1     0     1     3     0     0     0     0     0     0     0     0
     0     0     0     1     0     0     0     0     0     0     0     0
     0     0     0     2     0     0     0     0     0     0     0     0
     0     0     0     1     0     0     0     0     0     0     0     0
     0     0     0     0     0     0     0     0     0     0     0     0
     0     0     1     0     0     0     0     0     0     0     0     1
     0     1     0     0     0     0     0     0     0     0     0     1
     0     0     0     1     0     0     0     0     0     0     0     2
     0     0     0     0     0     0     0     0     0     0     0     0
     0     0     0     0     0     0     0     0     0     0     0     0
     0     0     0     0     0     0     0     0     0     0     0     0
    11
     0     0     0     0     0     0     0     0     0     0     0     0
     0     0     0     0     0     0     0     0     0     0     0     0
     0     0     0     0     0     0     0     0     0     0     0     0
     0     0     0     0     0     0     0     0     0     0     0     0
     0     0     0     0     0     0     0     0     0     0     0     0
     0     0     1     0     0     0     0     0     0     0     0     0
     0     0     0     0     0     0     0     0     0     0     0     0
     0     0     0     0     0     0     0     0     0     0     0     0
     0     0     0     0     0     0     0     0     0     0     0     0
     0     0     0     0     0     0     0     0     0     0     0     0
     0     0     0     0     0     0     0     0     0     0     0     0
     0     0     0     0     0     0     0     0     0     0     0     0
     0     0     0     0     0     0     0     0     0     0     0     0
     0     0     0     0     0     0     0     0     1     0     0     0
     0     0     0     0     0     0     0     0     0     0     0     0
     0     0     0     0     0     0     0     0     0     0     0     0
     0     0     0     0     0     0     0     0     0     0     0     0
     0     1     0     0     0     0     0     0     0     0     0     0
     0     0     0     0     0     0     0     0     0     0     0     0
     0     1     0     0     0     0     0     0     0     0     0     0
     0     2     0     0     0     0     0     0     0     0     0     1
     0     2     1     2     0     0     0     0     0     0     0     0
     1     5     4     0     0     0     0     0     0     0     0     1
     1     0     2     2     0     0     0     0     0     0     0     1
     2     3     4     2     0     1     0     0     0     0     0     1
     0     0     1     0     0     0     0     0     0     0     0     0
     0     0     0     0     0     0     0     0     0     0     0     0
     2     0     0     0     0     0     0     1     0     0     0     0
     2     0     3     0     0     0     0     0     0     0     0     0
     0     0     0     0     0     0     0     0     0     0     0     1
     0     0     1     0     0     0     0     0     0     0     0     0
     0     0     1     1     0     0     0     0     0     0     0     1
     0     0     0     0     0     0     0     0     0     0     0     1
     0     0     0     0     0     0     0     0     0     0     0     0
     0     1     0     0     0     0     0     0     0     0     0     0
     0     0     0     0     0     0     0     0     0     0     0     0
    12
     0     0     0     0     0     0     0     0     0     0     0     0
     0     0     0     0     0     0     0     0     0     0     0     0
     0     0     0     0     0     0     0     0     0     0     0     0
     0     0     0     0     0     0     0     0     0     0     0     0
     0     0     0     0     0     0     0     0     0     0     0     0
     0     0     0     0     0     0     0     0     0     0     0     0
     0     0     0     0     0     0     0     0     0     0     0     0
     0     0     0     0     0     0     0     0     0     0     0     0
     0     0     0     0     0     0     0     0     0     0     0     0
     0     0     0     0     0     0     0     0     0     0     0     0
     0     0     0     1     0     0     0     0     0     0     0     0
     0     0     0     0     0     0     0     0     0     0     0     0
     0     0     0     0     0     0     0     0     0     0     0     0
     0     0     0     0     0     0     0     0     0     0     0     0
     0     0     0     0     0     0     0     0     0     0     0     0
     0     0     0     0     0     0     0     0     0     0     0     0
     0     0     0     0     0     0     0     0     0     0     0     0
     0     0     0     0     0     0     0     0     0     0     0     0
     0     0     0     0     0     0     0     0     0     0     0     1
     0     0     0     0     0     0     0     0     0     0     0     0
     0     0     0     0     0     0     0     0     0     0     0     0
     0     0     0     0     0     0     0     0     0     0     0     0
     0     2     0     0     0     0     0     0     0     0     0     0
     1     0     0     2     0     0     0     0     0     0     0     0
     0     0     1     0     0     0     0     0     0     0     0     0
     0     0     0     0     0     0     0     0     0     0     0     0
     0     0     0     0     0     0     0     0     0     0     0     0
     0     0     0     0     0     0     0     0     0     0     0     0
     0     0     0     0     0     0     0     0     0     0     0     0
     0     0     1     0     0     0     0     0     0     0     0     0
     0     0     0     0     0     0     0     0     0     0     0     0
     0     0     0     0     0     0     0     0     0     0     0     0
     0     0     0     0     0     0     0     0     0     0     0     0
     0     0     0     0     0     0     0     0     0     0     0     0
     0     0     0     0     0     0     0     0     0     0     0     0
     0     0     0     0     0     0     0     0     0     0     0     0
    13
     0     0     0     0     0     0     0     0     0     0     0     0
     0     0     0     0     0     0     0     0     0     0     0     0
     0     0     0     0     0     0     0     0     0     0     0     0
     0     0     0     0     0     0     0     0     0     0     0     0
     0     0     0     0     0     0     0     0     0     0     0     0
     0     0     0     0     0     0     0     0     0     0     0     0
     0     0     0     0     0     0     0     0     0     0     0     0
     0     0     0     0     0     0     0     0     0     0     0     0
     0     0     0     0     0     0     0     0     0     0     0     0
     0     0     0     0     0     0     0     0     0     0     0     0
     0     0     0     0     0     0     0     0     0     0     0     0
     0     0     0     0     0     0     0     0     0     0     0     0
     0     0     0     0     0     0     0     0     0     0     0     0
     0     0     0     0     0     0     0     0     0     0     0     0
     0     0     0     0     0     0     0     0     0     0     0     0
     0     0     0     0     0     0     0     0     0     0     0     0
     0     0     0     0     0     0     0     0     0     0     0     0
     0     0     0     0     0     0     0     0     0     0     0     0
     0     0     0     0     0     0     0     0     0     0     0     0
     0     0     0     0     0     0     0     0     0     0     0     0
     0     0     0     0     0     0     0     0     0     0     0     0
     0     0     0     0     0     0     0     0     0     0     0     0
     0     0     0     0     0     0     0     0     0     0     0     0
     0     0     1     0     0     0     0     0     0     0     0     0
     0     0     0     0     0     0     0     0     0     0     0     0
     0     0     0     0     0     0     0     0     0     0     0     0
     0     0     0     0     0     0     0     0     0     0     0     0
     0     0     0     0     0     0     0     0     0     0     0     0
     0     0     0     0     0     0     0     0     0     0     0     0
     0     0     0     0     0     0     0     0     0     0     0     0
     0     0     0     0     0     0     0     0     0     0     0     0
     0     0     0     0     0     0     0     0     0     0     0     0
     0     0     0     0     0     0     0     0     0     0     0     0
     0     0     0     0     0     0     0     0     0     0     0     0
     0     0     0     0     0     0     0     0     0     0     0     0
     0     0     0     0     0     0     0     0     0     0     0     0
    14
     0     0     0     0     0     0     0     0     0     0     0     0
     0     0     0     0     0     0     0     0     0     0     0     0
     0     0     0     0     0     0     0     0     0     0     0     0
     0     0     0     0     0     0     0     0     0     0     0     0
     0     0     0     0     0     0     0     0     0     0     0     0
     0     0     0     0     0     0     0     0     0     0     0     0
     0     0     0     0     0     0     0     0     0     0     0     0
     0     0     0     0     0     0     0     0     0     0     0     0
     0     0     0     0     0     0     0     0     0     0     0     0
     0     0     0     0     0     0     0     0     0     0     0     0
     0     0     0     0     0     0     0     0     0     0     0     0
     0     0     0     0     0     0     0     0     0     0     0     0
     0     0     0     0     0     0     0     0     0     0     0     0
     0     0     0     0     0     0     0     0     0     0     0     0
     0     0     0     0     0     0     0     0     0     0     0     0
     0     0     0     0     0     0     0     0     0     0     0     0
     0     0     0     0     0     0     0     0     0     0     0     0
     0     0     0     0     0     0     0     0     0     0     0     0
     0     0     0     0     0     0     0     0     0     0     0     0
     0     0     0     0     0     0     0     0     0     0     0     0
     0     0     0     0     0     0     0     0     0     0     0     0
     0     0     0     0     0     0     0     0     0     0     0     0
     0     0     0     0     0     0     0     0     0     0     0     0
     0     0     1     0     0     0     0     0     0     0     0     0
     0     0     0     0     0     0     0     0     0     0     0     0
     0     0     0     0     0     0     0     0     0     0     0     0
     0     0     0     0     0     0     0     0     0     0     0     0
     0     0     0     0     0     0     0     0     0     0     0     0
     0     0     0     0     0     0     0     0     0     0     0     0
     0     0     0     0     0     0     0     0     0     0     0     0
     0     0     0     0     0     0     0     0     0     0     0     0
     0     0     0     0     0     0     0     0     0     0     0     0
     0     0     0     0     0     0     0     0     0     0     0     0
     0     0     0     0     0     0     1     0     0     0     0     0
     0     0     0     0     0     0     0     0     0     0     0     0
     0     0     0     0     0     0     0     0     0     0     0     0
