20
Montgomery, AL 13895
     0
       4.400       7.100      12.100      17.200      21.100      25.000
      25.600      26.100      23.200      17.700      12.100       7.100
       9.300      11.600      16.700      21.100      24.300      28.200
      28.800      28.800      27.200      21.700      16.700      11.600
      14.300      17.200      21.100      24.300      27.700      31.100
      31.700      31.700      30.000      25.600      21.100      16.700
      44.000      41.000      40.000      41.000      48.000      49.000
      55.000      55.000      51.000      42.000      44.000      46.000
      63.000      58.000      57.000      56.000      61.000      63.000
      67.000      67.000      64.000      57.000      61.000      63.000
      83.000      78.000      78.000      74.000      76.000      79.000
      82.000      79.000      79.000      77.000      80.000      82.000
       2.000       2.000       2.400       2.000       2.000       1.600
       1.600       1.600       1.600       2.000       2.000       2.000
       2.700       3.100       3.100       2.700       2.400       2.400
       2.400       2.000       2.400       2.400       2.700       2.700
       4.000       4.400       4.400       4.000       3.100       3.100
       3.100       2.700       3.100       3.500       4.000       4.000
     330.000     320.000     300.000     240.000     150.000     260.000
     260.000     100.000      80.000      60.000     330.000     330.000
     1
       9.316      11.922      16.521      20.542      24.419      27.788
      28.649      28.759      26.598      21.475      16.490      11.720
      62.927      59.269      58.523      57.834      62.042      63.541
      68.014      67.140      64.498      59.307      61.474      63.176
     2
    26    28    20    23    47    72    70    65    57    45    39    32
    36    28    24    45    69    95    83    89    74    89    63    46
    44    46    37    42    67    84    63    83    79   100    55    53
    44    45    39    50    92    97   100   114   103   120    73    46
    54    37    60    68   106    96    91   122   134    99    83    63
    56    34    41    32    78    67    50    80    88    83    57    59
    50    41    47    51    75    80    87    89    84   102    54    54
    40    34    43    42    56    50    45    86    88    81    65    60
    57    42    66    77   138   107    97   168   134   129    72    63
    62    28    28    60   106    94    55    96    95    74    67    50
    72    37    47    90   109   101    94   143   118   108    59    41
    68    51    60    88   108   100   100   140   128    87    65    59
    34    44    46    59    91    89    82    96    75    58    70    43
    42    36    54    73    92    89   115   144    99    87    57    42
    31    26    36    44    61    52    69    96    47    31    33    27
    44    36    47    65    83    72    70   103    62    42    44    36
    31    30    38    53    63    77    59    70    29    23    29    20
    31    64    66   100   132   133   131   149    82    63    39    61
    22    16    31    46    71    66    69    73    35    19    17    34
    30    33    37    70    92    65   103    84    53    30    29    34
    31    33    36    59    62    76    88   109    43    32    21    22
    19    20    36    46    51    77   113    89    42    29    16    22
    51    32    47    73    79   123   162   125    68    33    33    45
    30    29    35    52    63    86   106   103    27    30    32    33
    41    32    42    51    65    74   108    90    46    39    24    29
    17    19    30    43    36    64    75    80    37    26    25    27
    44    35    45    52    91   109   134   100    64    36    36    40
    25    23    18    39    50    59    77    74    38    36    29    39
    25    30    30    51    70    81   105    88    43    50    46    40
    29    41    44    45    62    82   101   100    63    41    45    48
    34    40    35    41    57    86    97    82    76    48    40    41
    37    34    36    48    56    79    81    80    62    56    50    43
    25    32    24    26    52    48    61    55    38    37    30    29
    34    24    33    30    52    64    76    89    57    51    40    40
    32    26    14    26    37    37    65    55    41    40    26    30
    58    43    58    64   102   116   108   120   114   126    59    57
     3
    75    58    49    52    69    67    77    78    87   101    62    72
    99    78    89    70   114   132   110   121   178   143   103   111
    94    81    75    61    94    86    79   104   116   124    77    73
    94    87    88    73   105   107   125   141   165   166    96    71
   109   108    91    96   132   129    95   141   199   133   110   100
    94    70    73    58    83    68    83   108   166   132    85    55
   134    92    87    84    91   136    89   147   188   208   113    92
    95    69    74    49    92    94    77   113   156   144    97    95
   137   113   124   141   173   165   161   246   299   252   148   150
    85    74    82    93   130   123   105   158   186   151    94    95
   113    96   107   128   199   168   165   191   265   195   137   107
   135    99   112   144   175   178   150   217   230   131   113   105
    76    64   106   123   133   120   111   165   127   115    83    76
    85    80   122   146   178   125   121   153   134   117    89    78
    76    45    69    91   112    70    68   104    77    61    69    58
    59    63    87   116   107    91   106   112    89    52    60    71
    45    51    66    86   104    94    93    71    60    38    59    54
    80   101   113   178   214   200   208   198   113    81    93    78
    37    32    70    98   125    93    99    92    45    33    38    37
    44    70    75   118   150   131   149   137    66    45    44    45
    45    65    72   108   105   130   154   105    49    30    45    47
    45    51    68    96   114   133   157    97    54    34    37    38
    70    74    99   142   167   220   227   162    91    52    61    81
    63    52    61   103   101   144   185   116    55    44    49    62
    76    63    72   113   144   175   221   150    71    55    50    66
    48    47    62    74    94   112   138   115    56    48    34    51
   110    87    93   132   131   210   307   173    94    77    60    74
    64    59    52    72    86   128   149   115    54    49    50    59
   113    81    83   113   124   168   225   142    88    91    69    87
   114    97    92   107   125   168   195   169    89    85    80    92
   118   100    81    80   114   149   175   135    94   104    94    96
   113   102    79    83   133   165   192   150   108   143    98   101
    63    77    52    61    76    97    98    74    69    77    72    59
    99    83    81    92   100   117   139   141    96   127   105    79
    70    60    49    60    66    81    75    78    72   115    65    81
   148   144   124   114   187   183   189   168   140   211   136   151
     4
    48    47    29    34    34    24    25    25    45    42    24    23
    44    50    45    39    42    36    27    38    57    64    56    45
    38    28    40    29    29    36    21    31    51    43    24    33
    27    27    34    25    34    34    17    29    57    46    31    26
    40    25    44    28    37    32    33    34    78    56    36    34
    16    21    37    21    25    21    19    21    52    51    26    16
    50    35    35    34    43    64    36    47   104    70    43    37
    26    28    27    15    25    25    28    35    80    60    54    29
    56    45    56    50    82    58    53    87   139   146    75    59
    33    40    33    39    31    36    39    56    95    71    41    50
    43    47    56    66    55    49    49    59    90    81    61    46
    37    29    63    55    58    37    41    60    99    68    52    51
    23    30    48    51    57    32    36    40    51    46    46    41
    41    31    44    59    58    44    33    37    65    43    53    44
    25    23    33    53    40    27    18    24    24    23    30    22
    22    25    79    68    47    29    30    36    29    23    45    32
    21    31    42    49    45    34    35    28    17    20    28    29
    40    50    84    84    96    53    52    51    50    29    43    40
    26    31    39    50    65    27    32    15    12    19    26    36
    31    39    50    76    56    60    56    37    29    16    33    36
    20    23    43    46    62    48    57    21    20    15    20    29
    24    25    31    43    45    60    48    35    16     9    17    21
    26    46    52    75    62    79    85    58    26    25    23    38
    27    29    41    58    37    55    82    32    18    16    26    29
    30    39    31    56    78    64    95    55    19    22    30    35
    28    34    23    41    42    57    57    28    14    14    19    21
    61    61    48    62    83    91   104    36    34    46    29    38
    50    43    31    53    41    56    65    34    27    22    36    28
    74    56    67    77    78    81    98    55    28    34    43    55
    87    67    71    84    61    87    89    58    44    41    50    79
    72    61    43    60    77    82    65    47    33    58    63    80
    84    66    73    73    79    62    83    45    46    77    57    84
    52    36    33    30    41    29    36    24    25    47    31    51
    76    60    70    50    50    44    50    31    37    69    60    69
    58    37    32    35    34    33    17    21    36    51    42    46
   105    80    73    65    92    61    47    55    65   108    72    83
     5
    38    37    28    27    24    10     5     9    21    43    26    19
    45    54    32    29    36    27    12    22    46    52    44    52
    27    28    20    21    26    27     5    12    23    27    17    20
    15    26    21    24    28    29    11     8    33    23    18    20
    15    24    18    18    16    19    14    22    69    31    26    24
     9    15    16    11    14    10     9     7    28    29    13    13
    32    50    39    20    31    38    17    26    91    63    26    30
    15    32    21    16    18    12     9    17    42    33    27    30
    56    51    38    41    51    50    32    51   147   144    37    25
    27    33    43    22    16    19    20    33    50    58    15    40
    32    46    39    37    23    33    22    40    75    57    31    35
    31    37    50    47    22    26    15    15    51    37    32    40
    14    30    38    43    23    30    28    16    26    30    31    25
    24    32    71    60    35    25    19    19    37    30    53    46
    22    19    51    46    35    11    14     6     8    20    28    24
    47    36    77    76    39    19    29    16    12    23    46    48
    32    42    50    65    37    11    14     7    16    25    34    40
    70    59   131   131    97    45    35    44    22    29    58    57
    23    27    70    52    43    19    18    14     8    10    32    34
    30    69    72    86    65    39    29    22    16    16    38    43
    31    30    74    59    46    27    32    15    12    11    33    37
    32    30    53    61    37    30    47    15    13    10    25    29
    43    66    49    84    57    62    66    23    11    16    25    25
    27    40    42    49    40    33    38    14    11    12    17    22
    36    46    49    70    42    65    59    27    13    13    19    30
    32    34    35    43    27    42    44    19    12    15    12    26
    72    77    80    82    75    93    81    32    12    30    41    46
    54    49    60    63    41    38    37    17     7    19    41    26
   100    89   113   117    70    66    47    32    23    40    57    68
    89   117   123   117    77    73    58    21    29    69    81    88
   113   101   116    95    75    44    44    24    31    69    92    98
   133    86   107    95    75    55    45    19    33    82    95   116
    65    74    77    52    51    20    12     2    21    46    57    77
    98    91    60    55    62    19    19    18    41    61    85    72
    62    47    38    33    22    10    10    12    16    61    43    47
   124   110    76    84    80    34    29    28    64   120    85    86
     6
    11    15    18     5     5     0     2     0     5    12     6    11
    15    16     9     4     8     5     2     5    10    19     8    13
     5     3     8     4     5     2     1     3     8     6     3     4
     1     3     4     1     2     4     2     3     2     6     2     2
     5     7     7     7     8     3     2     3     9     2     5     8
     5     5     1     1     1     3     2     3     4     3     2     1
     9    12    17     0     4     7     0     3    31     7     6     7
     6    13     4     1     1     4     0     1    10     8     5     1
    17    19    20     4     1     7     3     4    33    20     2    11
     3     8     8     2     1     3     4     2    11     5     3     4
     4    11    12     7     4     2     8     3    12    15     9     9
     5    11    19    10     7     4     5     5     8     3     3    13
     6    11    21     9     2     4     3     2     7     5     4    11
     8    12    23    17    10     6     7     3     3     6    19    17
     6     6    18    15    11     3     2     0     2     9     9    18
    21    19    55    23    14     5     4     3     5     9    21    22
     8     6    34    25    12     2     3     4     0     4     8    13
    27    43    92    46    27    12     8     6     2     5    25    42
    18    13    41    29    17     7     3     1     4     2    23    22
    21    26    48    49    18     8     6     6     2     5    23    24
    20    26    38    42    23     5     5     2     0     0    11    16
    14    25    31    25    17     8     5     1     1     4     6    14
    19    39    31    20    19    13    15     0     3     4    12    20
    11    14    18    21     6    13     4     3     3     2     5     8
    12    30    35    31    12    19    16     2     4     9     8    15
    14    14    20    22     5     7     9     3     4     3     7    16
    29    59    68    62    18    17    12     8     5     7    24    25
    29    33    45    37    20     7     5     1     4     8    17    14
    45    60    89    69    20    15    10     8     5    12    38    33
    52    66    92    44    23    10     5     4     2    20    47    37
    67    64    92    42    25     8     8     2     9    23    44    56
    77    68    70    55    22     9     6     2     5    26    39    69
    56    51    38    31    11     6     2     1     2    12    22    30
    67    44    39    34     8     5     4     1    16    28    44    44
    20    20    23    20     8     0     2     2    11    13    17    27
    48    35    28    21    10     6     2     8    11    43    39    37
     7
     1     0     1     0     0     1     1     1     1     1     1     1
     3     0     2     0     0     6     0     1     4     1     2     2
     0     0     0     0     1     2     0     0     1     0     0     0
     0     0     1     0     0     0     0     0     1     0     0     0
     0     0     1     0     1     0     1     1     1     0     0     0
     0     0     0     0     0     0     1     0     0     0     0     0
     1     7     2     3     0     1     1     0     3     0     2     0
     0     4     1     0     1     0     1     0     3     1     0     0
     2     0     3     2     0     1     0     1     3     2     1     2
     1     1     0     1     0     1     0     0     2     2     1     1
     0     2     4     0     0     0     0     0     2     0     0     1
     0     1     2     1     1     1     1     0     1     0     0     0
     0     0     1     4     1     0     2     0     0     1     0     2
     1     5     4     7     0     1     1     0     1     1     4     6
     2     1     5     5     1     0     0     0     1     1     0     3
     4     3     5     8     4     0     0     1     0     0     1     2
     5     5     8     8     0     0     0     0     0     0     0     2
     6     9    17    20     8     0     3     1     2     0     9     7
     3     5     6    19     5     0     1     0     2     0     3     1
     4     6    14    15     1     3     0     0     1     0     4     2
     1     4    16     8     0     1     0     0     0     0     3     1
     3     6     6     7     3     0     1     2     0     0     0     3
     5     6    10     2     5     2     0     1     0     0     2     4
     1     5    10     2     1     0     2     0     0     0     1     1
     5     7    11     4     2     2     4     1     0     0     3     3
     5     8     3     8     0     1     1     1     0     0     3     0
    12    10    21    13     5     3     0     1     0     1     9    11
     5     4    13     3     4     4     1     0     0     1     2     1
    14    27    30    12     2     3     2     0     0     3    13    16
    14    17    22    14     6     3     2     0     0     2     5     8
    10    18    17     9     2     1     1     0     0     2     7     4
    20    19    23     8     5     0     0     0     3     7    12    20
    20    12     8     7     3     1     0     1     0     3     4     7
    18     5    11     9     3     0     2     0     0     0     5     9
     5     0     6     1     3     0     0     0     2     2     3     3
     7     8     9     3     1     1     3     3     2     8     4     8
     8
     1     0     0     0     1     0     0     0     0     1     0     1
     0     1     0     0     0     0     0     0     0     0     1     0
     1     0     1     0     0     1     0     1     0     0     0     0
     0     0     0     1     1     1     0     1     1     0     0     0
     0     0     0     0     1     0     0     0     0     0     0     0
     0     0     0     0     0     0     1     0     0     0     0     0
     0     0     0     0     0     0     0     0     6     0     0     0
     1     0     1     0     0     1     0     0     0     0     0     0
     0     3     0     0     0     0     1     1     4     2     0     0
     2     1     0     0     0     0     1     0     1     0     0     0
     0     1     0     1     0     0     1     0     0     1     0     1
     0     0     1     0     0     0     0     0     0     0     0     1
     1     0     1     0     0     0     0     0     0     0     1     0
     0     1     2     1     1     0     0     0     0     1     0     1
     0     1     0     0     1     0     1     1     0     0     0     1
     0     4     4     0     1     2     1     0     1     0     3     1
     1     2     7     3     0     1     0     0     2     1     1     3
     1     4    13    10     2     2     0     1     0     0     1     6
     1     2     9     5     2     1     0     1     4     0     2     2
     8     5     8     6     4     0     3     0     1     0     3     3
     0     3     6     8     0     0     1     0     0     0     2     4
     1     6     4     5     1     1     1     0     0     0     1     1
     6     7     7     3     2     3     2     0     1     0     1     1
     3     2     4     2     0     0     0     1     0     0     1     2
     6     4     7     2     0     2     1     2     0     0     2     1
     0     3     7     3     1     0     1     0     0     0     1     1
     5    12    14    11     3     2     1     1     1     0     5     5
     7    12     8     6     0     2     2     0     1     0     1     5
    10    27    16    22     1     2     1     0     3     0     7    15
    16    21    18     8     1     2     0     1     0     0     0     9
    10    15     8     7     1     1     0     0     0     1     2     4
     9    11    12    12     0     1     3     2     0     2     4     5
     2     7     4     2     0     2     1     0     0     0     0     4
     6     4     5     3     1     1     1     1     1     0     6     3
     3     0     2     1     0     0     1     0     0     3     0     2
     2     5     1     4     0     1     0     0     0     2     0     5
     9
     0     0     0     0     0     0     0     0     0     0     0     0
     0     0     0     0     0     0     0     0     0     0     0     0
     0     0     0     0     0     0     0     0     0     0     0     0
     0     0     0     0     1     0     0     0     0     0     0     0
     0     0     0     0     0     0     0     0     0     0     0     0
     0     0     0     0     0     0     0     0     0     0     0     0
     0     0     0     0     0     0     0     0     0     0     0     0
     0     0     1     0     0     0     0     0     0     0     0     0
     0     0     0     0     0     0     0     0     0     1     0     0
     0     0     0     0     0     0     0     0     0     0     0     0
     0     0     0     0     0     0     0     0     0     0     0     0
     0     1     1     0     0     0     0     0     0     0     0     0
     1     0     0     0     0     0     0     0     0     0     0     0
     0     0     0     0     0     0     0     0     0     0     0     0
     0     1     1     0     0     0     0     0     0     0     0     0
     0     1     0     0     0     0     0     0     0     0     0     1
     0     1     0     1     0     0     0     0     0     0     0     0
     0     1     5     1     0     0     0     0     0     0     0     1
     1     0     5     0     1     0     0     0     1     0     0     0
     0     0     4     3     0     0     0     0     0     0     0     0
     0     1     0     3     0     0     0     0     0     0     0     0
     0     0     1     0     0     0     1     0     0     1     0     0
     0     1     0     0     0     0     0     0     0     0     0     0
     0     0     0     0     0     0     0     0     0     0     0     0
     0     1     0     0     0     0     0     0     0     0     0     0
     0     1     0     0     0     0     1     0     0     0     0     0
     0     1     0     1     0     0     0     0     0     0     1     1
     1     1     4     0     0     0     0     0     0     0     0     0
     3     2     3     4     0     0     0     0     0     0     0     0
     0     3     2     0     0     0     0     0     0     0     1     0
     1     0     0     0     0     0     0     0     0     0     0     0
     1     2     3     0     0     0     1     0     0     0     0     1
     0     0     0     0     1     1     0     0     0     0     0     0
     0     1     1     0     0     0     0     0     0     0     1     1
     0     0     0     0     0     0     0     0     0     0     0     0
     0     0     0     0     0     0     0     0     0     0     0     0
    10
     0     0     0     0     0     0     0     0     0     0     0     0
     0     0     0     0     0     1     0     0     0     0     0     0
     0     0     0     0     0     0     0     0     1     0     0     0
     0     0     0     0     0     0     0     0     0     0     0     0
     0     0     0     0     0     0     1     0     0     0     0     0
     0     0     0     0     0     0     0     0     0     0     0     0
     1     0     0     0     0     0     0     0     0     0     0     0
     0     0     0     0     0     0     0     0     0     0     0     0
     0     0     0     0     0     0     0     0     0     0     1     0
     0     0     0     0     0     0     0     0     0     0     0     0
     0     0     0     0     0     0     0     0     0     0     0     0
     0     0     0     0     1     0     0     0     0     0     0     0
     0     0     0     0     0     0     0     0     0     0     0     0
     0     0     1     0     0     0     0     0     0     0     0     0
     0     0     0     0     0     0     0     0     0     0     0     0
     0     0     1     1     0     0     0     0     0     0     0     0
     0     3     1     0     0     0     0     0     0     0     0     0
     0     2     5     1     0     0     0     0     0     0     0     0
     0     0     1     1     0     0     0     0     0     0     0     0
     0     0     1     0     1     0     0     0     0     0     0     0
     0     0     1     0     1     0     0     0     0     0     0     0
     0     0     0     0     0     0     0     0     0     0     0     0
     0     1     1     0     0     0     0     0     0     0     0     0
     0     0     0     0     0     0     0     0     0     0     0     0
     1     0     0     0     0     0     0     0     0     0     0     0
     0     0     1     0     1     0     1     0     0     0     0     0
     0     0     2     0     0     0     1     0     0     0     0     2
     0     2     0     0     0     0     0     0     0     0     0     0
     1     0     0     1     0     0     0     0     0     0     0     2
     1     4     1     0     0     0     0     0     0     0     0     0
     0     1     0     0     0     0     0     0     0     0     0     0
     0     0     1     0     0     0     0     0     0     0     0     0
     0     1     0     0     0     0     0     0     0     0     0     0
     0     1     0     0     0     0     0     0     0     0     0     1
     0     0     0     0     0     0     0     0     0     0     0     0
     0     0     0     0     0     0     0     0     0     0     0     0
    11
     0     0     0     0     0     0     0     0     0     0     0     0
     0     0     0     0     0     0     0     0     0     0     0     0
     0     0     0     0     0     0     0     0     1     0     0     0
     0     0     0     0     0     0     0     0     0     0     0     0
     0     0     0     0     0     0     0     0     0     0     0     0
     0     0     0     0     0     0     0     0     0     0     0     0
     0     0     0     0     0     0     0     0     0     0     0     0
     0     0     0     0     0     0     0     0     0     0     0     0
     0     0     0     0     0     0     0     0     0     0     0     0
     0     0     0     0     0     0     0     0     0     0     0     0
     0     0     0     0     0     0     0     0     0     0     0     0
     0     0     0     0     0     0     0     0     0     0     0     0
     0     0     0     0     0     0     0     0     0     0     0     0
     0     0     0     0     0     0     0     0     0     0     0     0
     0     0     0     0     0     0     0     0     0     0     0     0
     0     0     0     0     0     0     0     0     0     0     0     0
     0     1     2     1     0     0     0     0     0     0     0     0
     0     1     0     1     0     0     0     0     0     0     0     0
     0     0     2     0     0     0     0     0     0     0     0     0
     0     0     4     0     1     1     0     0     0     0     0     0
     0     0     1     0     0     1     0     0     0     0     0     0
     0     1     0     0     0     0     0     0     0     0     0     0
     0     0     0     0     0     0     0     0     0     0     0     0
     0     0     0     0     0     0     0     0     0     0     0     0
     0     0     0     0     0     0     0     0     0     0     0     0
     0     0     0     0     0     0     0     0     0     0     0     0
     0     1     2     0     0     0     0     0     0     0     0     1
     0     0     0     0     0     0     0     0     0     0     0     0
     0     0     0     0     0     0     0     0     0     0     0     0
     0     0     0     0     0     0     0     0     0     0     0     0
     1     2     1     0     0     0     0     0     0     0     0     0
     0     0     1     0     1     1     0     0     0     0     0     0
     0     0     0     0     0     0     0     1     0     0     0     0
     0     0     0     1     0     0     0     0     0     0     0     0
     0     0     0     0     0     0     0     0     0     0     0     0
     0     0     0     0     0     0     0     0     0     0     0     0
    12
     0     0     0     0     0     0     0     0     0     0     0     0
     0     0     0     0     0     0     0     0     0     0     0     0
     0     0     0     0     0     0     0     0     0     0     0     0
     0     0     0     0     0     0     0     0     0     0     0     0
     0     0     0     0     0     0     0     0     0     0     0     0
     0     0     0     0     0     0     0     0     0     0     0     0
     0     0     0     0     0     0     0     0     0     0     0     0
     0     0     0     0     0     0     0     0     0     0     0     0
     0     0     0     0     0     0     0     0     0     0     0     0
     0     0     0     0     0     0     0     0     0     0     0     0
     0     0     0     0     0     0     0     0     0     0     0     0
     1     0     0     0     0     0     0     0     0     0     0     0
     0     0     0     0     0     0     0     0     0     0     0     0
     0     0     0     0     0     0     0     0     0     0     0     0
     0     0     0     0     0     0     0     0     0     0     0     0
     0     0     0     0     0     0     0     0     0     0     0     0
     0     1     0     0     0     0     0     0     0     0     0     0
     0     0     0     0     0     0     0     0     0     0     0     0
     0     0     1     0     0     0     0     0     0     0     0     0
     0     0     0     0     0     0     0     0     0     0     0     0
     0     0     0     0     0     0     0     0     0     0     0     1
     0     0     0     1     0     0     0     0     0     0     0     0
     0     0     0     0     0     0     0     0     0     0     0     0
     0     0     0     0     1     0     0     0     0     0     0     0
     0     0     0     0     0     0     0     0     0     0     0     0
     0     0     0     0     0     0     0     0     0     0     0     0
     0     0     0     0     0     0     0     0     0     0     0     0
     0     0     0     0     0     0     0     0     0     0     0     0
     1     0     0     0     0     0     0     0     0     0     0     0
     0     0     0     0     0     0     0     0     0     0     0     0
     0     0     0     0     0     0     0     0     0     0     0     0
     0     0     0     0     0     0     0     0     0     0     0     0
     0     0     0     0     0     0     0     0     0     0     0     0
     0     0     0     1     0     1     0     0     0     0     0     0
     0     0     0     0     0     0     0     0     0     0     0     0
     0     0     0     0     0     2     0     0     1     0     0     0
    13
     0     0     0     0     0     0     0     0     0     0     0     0
     0     0     0     0     0     0     0     0     0     0     0     0
     0     0     0     0     0     0     0     0     0     0     0     0
     0     0     0     0     0     0     0     0     0     0     0     0
     0     0     0     0     0     0     0     0     0     0     0     0
     0     0     0     0     0     0     0     0     0     0     0     0
     0     0     0     0     0     0     0     0     0     0     0     0
     0     0     0     0     0     0     0     0     0     0     0     0
     0     0     0     0     0     0     0     0     0     0     0     0
     0     0     0     0     0     0     0     0     0     0     0     0
     0     0     0     0     0     0     0     0     0     0     0     0
     0     0     0     0     0     0     0     0     0     0     0     0
     0     0     0     0     0     0     0     0     0     0     0     0
     0     0     0     0     0     0     0     0     0     0     0     0
     0     0     0     0     0     0     0     0     0     0     0     0
     0     0     0     0     0     0     0     0     0     0     0     0
     0     0     0     0     0     0     0     0     0     0     0     0
     0     0     0     0     0     0     0     0     0     0     0     0
     0     0     0     0     0     0     0     0     0     0     0     0
     0     0     0     0     0     0     0     0     0     0     0     0
     0     0     0     0     0     0     0     0     0     0     0     0
     0     0     0     0     0     0     0     0     0     0     0     0
     0     0     0     0     0     0     0     0     0     0     0     0
     0     0     0     0     0     0     0     0     0     0     0     0
     0     0     0     0     0     0     0     0     0     0     0     0
     0     0     0     0     0     0     0     0     0     0     0     0
     0     0     0     0     0     0     0     0     0     0     0     0
     0     0     0     0     0     0     0     0     0     0     0     0
     0     0     0     0     0     0     0     0     0     0     0     0
     0     0     0     0     0     0     0     0     0     0     0     0
     0     0     0     0     0     0     0     0     0     0     0     0
     0     0     0     0     0     0     0     0     0     0     0     0
     0     0     0     0     0     0     0     0     0     0     0     0
     0     0     0     0     0     0     0     0     1     0     0     0
     0     0     0     0     0     0     0     0     0     0     0     0
     0     0     0     0     0     0     0     0     0     0     0     0
    14
     0     0     0     0     0     0     0     0     0     0     0     0
     0     0     0     0     0     0     0     0     0     0     0     0
     0     0     0     0     0     0     0     0     0     0     0     0
     0     0     0     0     0     0     0     0     0     0     0     0
     0     0     0     0     0     0     0     0     0     0     0     0
     0     0     0     0     0     0     0     0     0     0     0     0
     0     0     0     0     0     0     0     0     0     0     0     0
     0     0     0     0     0     0     0     0     0     0     0     0
     0     0     0     0     0     0     0     0     0     0     0     0
     0     0     0     0     0     0     0     0     0     0     0     0
     0     0     0     0     0     0     0     0     0     0     0     0
     0     0     0     0     0     0     0     0     0     0     0     0
     0     0     0     0     0     0     0     0     0     0     0     0
     0     0     0     0     0     0     0     0     0     0     0     0
     0     0     0     0     0     0     0     0     0     0     0     0
     0     0     0     0     0     0     0     0     0     0     0     0
     0     0     0     0     0     0     0     0     0     0     0     0
     0     0     1     0     0     0     0     0     0     0     0     0
     0     0     1     0     0     0     0     0     0     0     0     0
     0     0     1     0     0     0     0     0     0     0     0     0
     0     0     0     0     0     0     0     0     0     0     0     0
     0     0     0     0     0     0     0     0     0     0     0     0
     0     0     0     0     0     0     0     0     0     0     0     0
     0     0     0     0     0     0     0     0     0     0     0     0
     0     1     0     0     0     0     0     0     0     0     0     0
     0     0     0     0     0     0     0     0     0     0     0     0
     0     0     0     0     0     0     0     0     0     0     0     0
     0     0     0     0     0     0     0     0     0     0     0     0
     0     0     0     0     0     0     0     0     0     0     0     0
     0     0     0     0     0     0     0     0     0     0     0     0
     0     0     0     0     0     0     0     0     0     0     0     0
     0     0     0     0     0     0     0     0     0     0     0     0
     0     0     0     0     0     0     0     0     0     0     0     0
     0     0     0     0     0     0     0     0     0     0     0     0
     0     0     0     0     0     0     0     0     0     0     0     0
     0     0     0     0     0     0     0     0     0     0     0     0
    15
     0     0     0     0     0     0     0     0     0     0     0     0
     0     0     0     0     0     0     0     0     0     0     0     0
     0     0     0     0     0     0     0     0     0     0     0     0
     0     0     0     0     0     0     0     0     0     0     0     0
     0     0     0     0     0     0     0     0     0     0     0     0
     0     0     0     0     0     0     0     0     0     0     0     0
     0     0     0     0     0     0     0     0     0     0     0     0
     0     0     0     0     0     0     0     0     0     0     0     0
     0     0     0     0     0     0     0     0     0     0     0     0
     0     0     0     0     0     0     0     0     0     0     0     0
     0     0     0     0     0     0     0     0     0     0     0     0
     0     0     0     0     0     0     0     0     0     0     0     0
     0     0     0     0     0     0     0     0     0     0     0     0
     0     0     0     0     0     0     0     0     0     0     0     0
     0     0     0     0     0     0     0     0     0     0     0     0
     0     0     0     0     0     0     0     0     0     0     0     0
     0     0     0     0     0     0     0     0     0     0     0     0
     0     0     0     0     0     0     0     0     0     0     0     0
     0     0     1     0     0     0     0     0     0     0     0     0
     0     0     0     0     0     0     0     0     0     0     0     0
     0     0     0     0     0     0     0     0     0     0     0     0
     0     0     0     0     0     0     0     0     0     0     0     0
     0     0     0     0     0     0     0     0     0     0     0     0
     0     0     0     0     0     0     0     0     0     0     0     0
     0     0     0     0     0     0     0     0     0     0     0     0
     0     0     0     0     0     0     0     0     0     0     0     0
     0     0     0     0     0     0     0     0     0     0     0     0
     0     0     0     0     0     0     0     0     0     0     0     0
     0     0     0     0     0     0     0     0     0     0     0     0
     0     0     0     0     0     0     0     0     0     0     0     0
     0     0     0     0     0     0     0     0     0     0     0     0
     0     0     0     0     0     0     0     0     0     0     0     0
     0     0     0     0     0     0     0     0     0     0     0     0
     0     0     0     0     0     0     0     0     0     0     0     0
     0     0     0     0     0     0     0     0     0     0     0     0
     0     0     0     0     0     0     0     0     0     0     0     0
    16
     0     0     0     0     0     0     0     0     0     0     0     0
     0     0     0     0     0     0     0     0     0     0     0     0
     0     0     0     0     0     0     0     0     0     0     0     0
     0     0     0     0     0     0     0     0     0     0     0     0
     0     0     0     0     0     0     0     0     0     0     0     0
     0     0     0     0     0     0     0     0     0     0     0     0
     0     0     0     0     0     0     0     0     0     0     0     0
     0     0     0     0     0     0     0     0     0     0     0     0
     0     0     0     0     0     0     0     0     0     0     0     0
     0     0     0     0     0     0     0     0     0     0     0     0
     0     0     0     0     0     0     0     0     0     0     0     0
     0     0     0     0     0     0     0     0     0     0     0     0
     0     0     0     0     0     0     0     0     0     0     0     0
     0     0     0     0     0     0     0     0     0     0     0     0
     0     0     0     0     0     0     0     0     0     0     0     0
     0     0     0     0     0     0     0     0     0     0     0     0
     0     0     0     0     0     0     0     0     0     0     0     0
     0     0     0     0     0     0     0     0     0     0     0     0
     0     0     0     0     0     0     0     0     0     0     0     0
     0     0     1     0     0     0     0     0     0     0     0     0
     0     0     0     0     0     0     0     0     0     0     0     0
     0     0     0     0     0     0     0     0     0     0     0     0
     0     0     0     0     0     0     0     0     0     0     0     0
     0     0     0     0     0     0     0     0     0     0     0     0
     0     0     0     0     0     0     0     0     0     0     0     0
     0     0     0     0     0     0     0     0     0     0     0     0
     0     0     0     0     0     0     0     0     0     0     0     0
     0     0     0     0     0     0     0     0     0     0     0     0
     0     0     0     0     0     1     0     0     0     0     0     0
     0     0     0     0     0     0     0     0     0     0     0     0
     0     0     0     0     0     0     0     0     0     0     0     0
     0     0     0     0     0     0     0     0     0     0     0     0
     0     0     0     0     0     0     0     0     0     0     0     0
     0     0     0     0     0     0     0     0     0     0     0     0
     0     0     0     0     0     0     0     0     0     0     0     0
     0     0     0     0     0     0     0     0     0     0     0     0
