20
Shreveport, LA 13957
     0
       3.900       6.600      12.100      17.200      21.700      25.000
      26.700      26.700      23.200      18.200      11.100       6.000
       8.800      11.600      16.700      21.100      25.000      28.200
      30.000      30.000      27.200      22.200      16.100      10.600
      14.300      17.200      21.100      25.000      27.700      31.100
      32.700      32.700      30.600      26.100      21.100      16.100
      46.000      43.000      41.000      45.000      51.000      53.000
      52.000      49.000      50.000      44.000      48.000      49.000
      66.000      61.000      59.000      61.000      63.000      64.000
      63.000      61.000      63.000      60.000      66.000      67.000
      85.000      82.000      78.000      79.000      79.000      79.000
      77.000      77.000      79.000      79.000      84.000      86.000
       2.400       2.400       2.700       2.700       2.400       2.000
       2.000       2.000       2.000       2.000       2.400       2.400
       3.100       3.500       3.500       3.500       3.100       2.700
       2.700       2.700       2.700       2.700       3.100       3.100
       4.400       4.800       4.800       4.800       4.400       3.500
       3.500       3.100       3.500       4.000       4.400       4.400
     160.000     170.000     170.000     170.000     170.000     180.000
     200.000     180.000     130.000     150.000     160.000     170.000
     1
       9.231      11.890      16.492      20.762      24.495      27.912
      29.500      29.669      26.803      21.849      15.784      10.784
      64.763      61.922      59.634      61.509      64.678      65.707
      64.636      63.104      64.290      61.411      65.342      66.658
     2
    14    15    23    10    14    24    25    14    26    22    13    19
    26    15    17    15    17    22    25    30    49    28    32    19
    10     8    15    13    18    17    19    30    25    27    11    14
    22    14    17    17    21    21    15    27    29    17    14    17
    17    17    15    15    21    27    28    39    34    24    28    26
    10    14     9    10    16    14    24    29    20    19    13    10
    19    14    13    14    26    26    33    54    37    23    18    16
    10     5    15     9    24    13    23    34    27    27    20    10
    17    22    15    29    39    43    34    77    50    28    32    26
    12    11    10     8    21    27    16    42    32    33    23    10
    23    20    17    26    38    43    51    75    52    46    46    27
    30    29    20    30    52    54    77    80    71    62    54    28
    25    27    37    28    69    57    70    91    76    62    47    31
    39    34    40    50    57    80    88   108    88    68    34    45
    15    13    22    20    52    59    60    51    40    35    29    35
    48    28    33    28    64    79    61    91    63    66    42    33
    24    22    27    34    44    51    84    64    42    31    31    23
    36    34    27    50    80    85   107   111    56    55    42    47
    17    11    16    14    21    51    65    63    32    24    20    23
    27    19    15    21    37    69    80    70    33    29    20    14
    19     8    13     9    31    41    54    70    29    13    15     9
    20     8    22    21    17    43    66    60    25    19    20    18
    18    13    17    18    38    52   104    69    37    25    17    19
    20     8    13    19    28    47    80    80    32    24    26    21
    27    13    20    31    27    56    78    53    36    32    21    25
     8    10     7    14    28    33    45    46    15    21    16    20
    25    15    16    22    33    41    58    36    26    33    28    19
    11    10     6    14    26    18     7    20    15    23    14    13
    20    11    21    14    16    35    33    35    23    30    15    14
    15    10    19    12    12    25    26    31    20    17    15    18
    24    20    11     8    19    23    18    21    14    25    21    19
    20    20    18    12    29    31    31    48    21    31    30     9
    16    25    10    10     5    21    31    19    17    20    10     7
    31    26    18    22    27    27    23    35    29    44    30    17
    17    21    12    12    19    18    17    26    29    27    21    20
    32    23    26    24    51    43    43    59    51    45    40    33
     3
    77    72    58    61    74    70    54    88    92    85    65    63
    80    78    58    61    74    78    76   112   135   101    94    58
    50    48    47    31    43    44    49    64    67    65    48    40
    65    62    58    40    44    43    55    67    80    48    48    60
    48    36    49    51    55    63    66    99   123    68    60    61
    46    41    35    37    48    35    55   104    89    64    41    38
    55    54    42    49    66    89    65   132   116    59    55    58
    33    45    43    36    54    61    57    86    78    47    50    42
    81    56    58    73    68   107    86   137   164    86    88    87
    54    45    46    38    56    66    72    88    85    66    57    44
    83    74    69    98   108   100   100   143   146   110   109    90
    96    86    81   124   132   125   133   158   145   141   104   109
    85   110   120   113   162   140   132   140   171   171   119   124
   139   105   117   150   185   223   171   185   169   200   178   149
    76    51    68    81   107   124   107   101    94   116    96    92
   118    76   105   119   164   179   198   161   136   148   118   109
    81    64    85   109   126   170   170   132    86    94    94    82
   119    87   112   146   241   335   328   294   184   150    96   100
    47    41    59    74   115   187   183   140    98    73    47    41
    42    36    50    53   114   203   222   160    83    66    56    62
    33    38    42    53    86   115   162   121    48    57    37    47
    35    30    23    41    80   120   201   158    68    46    41    30
    47    47    42    45    76   162   281   171    70    51    40    54
    27    20    23    54    59   120   184   158    70    23    30    29
    41    44    46    50    52   107   202   145    67    51    38    37
    25    11    28    35    37    40    74    89    31    26    29    25
    30    22    42    40    51    56   110    83    32    45    42    43
    30    16    14    24    22    17    53    45    22    17    26    22
    66    37    36    64    53    71    74    62    46    54    40    44
    32    30    39    40    52    39    60    57    20    37    52    40
    65    40    48    47    68    49    50    57    40    61    59    49
    83    53    70    64    53    74    62    68    55    55    63    53
    44    37    36    29    51    30    45    43    34    35    46    41
   105    76    67    66    78    67    60    81    85    85    94    77
    81    70    53    44    77    60    46    73    70    88    76    62
   141   109    89    85   113   105    98   124   179   143   120   113
     4
    49    54    45    25    44    29    29    46    58    60    43    52
    58    46    42    42    55    39    42    81    80    66    71    71
    52    27    35    33    28    31    21    29    66    47    34    42
    28    26    33    30    19    17    28    53    71    39    35    37
    41    30    22    29    57    40    24    54    99    46    30    34
    37    35    26    33    29    21    25    50    65    40    30    35
    38    38    41    41    55    36    48    50    78    38    34    46
    35    26    23    22    35    36    28    41    53    23    19    30
    34    40    54    54    56    53    55    68    86    43    38    38
    21    40    40    40    46    26    40    48    43    37    22    22
    37    53    69    52    59    62    61    53    78    61    47    42
    60    58    84    65    56    73    66    62    87    59    41    61
    71    57    74    99    80    67    68    51    87    80    46    71
    72    63    90   115   122   102    86    89    85   135   104    81
    49    38    56    65    95    63    41    43    46    66    73    61
    90    68    96   134   154   135    95    59    92   117   105    82
    65    69   101   133   123   132    92    74    72    69    70    74
    76    85   122   164   195   217   169   125   104   110   103    94
    42    43    55    62    84   127    85    55    42    47    47    36
    34    48    49    61   118   139   133    83    57    40    24    48
    30    28    26    40    50    85    83    64    40    32    24    27
    23    18    28    20    40    97   110    61    15    31    31    23
    16    26    35    40    27    75   135    87    37    18    23    22
    15    21    21    25    37    63   109    62    23    19    25    21
    25    32    15    33    36    55   125    73    28    22    17    27
    12    12    10    15    16    15    47    35    16    11    13    15
    20    30    21    28    19    50    62    59    10    19    27    26
    15    11     9    27    14    16    24    14     8     8    19    18
    34    29    38    28    21    29    36    33    14    25    32    42
    23    41    33    25    21    27    26    11    14    37    27    52
    51    35    41    38    41    40    26    23    13    33    31    42
    61    42    48    34    31    19    31    22    30    46    52    52
    52    44    25    30    31    15    14    20    24    37    31    29
    61    65    54    48    45    41    27    42    42    60    62    70
    45    54    46    40    45    42    32    37    36    55    55    49
   113    82    82    74    69    47    51    76   101    90    76    82
     5
    53    40    53    28    39    17    20    29    79    48    36    47
    73    66    52    53    47    40    28    49    98    66    61    93
    36    34    32    29    32    19     9    20    49    44    27    27
    37    27    31    36    30    19    14    25    55    41    27    37
    43    40    42    48    44    29    22    35    62    44    29    46
    27    39    28    31    27    18    14    33    36    24    11    31
    33    43    45    43    38    31    30    43    76    26    32    33
    28    19    30    29    23    21    25    24    32    19    14    18
    26    47    47    51    59    25    25    52    60    26    19    27
    25    34    26    30    26    12    20    20    35    14    16    10
    30    46    64    50    59    31    44    41    42    30    30    26
    24    31    76    61    71    35    33    32    56    35    23    25
    55    49    66   103    84    47    33    29    40    51    46    56
    74    57   115   133   130    65    50    50    57    98    88    78
    35    49    84    88    83    52    33    24    48    59    65    49
    95    73   131   159   215   117    59    46    81   106   123    92
    75    76   151   185   153   132    50    38    68    69   113    72
   135   131   219   295   345   251   146   102   105   157   128   115
    57    65    70   110   127   114    56    37    33    46    68    60
    53    61    95    82   137   163   118    55    51    49    50    57
    39    43    59    46    56    81    56    37    31    26    41    35
    49    42    68    56    58    75    82    42    27    33    40    31
    32    45    51    32    48    60   127    61    31    21    28    29
    34    29    24    28    37    51    76    53    18    24    17    44
    26    48    36    27    36    42   108    38     9    12    28    23
    13    22    29    18    16    18    38    23    12     8    14    19
    27    40    47    32    18    27    57    27     8    14    32    26
    15    17    20    17    15    15    10    10     3     6    12    15
    47    46    63    43    21    25    23    19     8    25    40    42
    24    41    49    54    28    20    18    11    10    21    60    58
    60    61    53    78    49    27    15     8    16    28    70    67
   100    87    96    83    47    21    19    19    22    67    93   104
    77    57    48    59    37    16     9    10    24    39    45    64
    77    91    77    70    47    28    20    19    38    55    72    90
    57    70    61    30    43    23    19     7    45    57    38    59
   111    99   102    72    63    49    25    44   100    93   101   105
     6
    17    16    15    12     7     2     5     5    21    12    11    14
    25    30    28    15    20     3     8    14    17    26    17    33
     9     9     8    10     4     5     8     8    12     7    10    12
    16    14     7    13     5     7     8     4     4    10     3     4
    13     8    17    16    14    13     6     8    15    13     8    15
     7    11    11    12     7     6     1     4    13    14     4     9
     8     8    21    12     7     7     4     9    28     6     5    13
     2     5     9     4     6     2     2     3     7     1     2     7
     4    12    13     7     4     6     6    14    24     4     4     2
     5     6     6     5     7     2     5     3    14     2     1     3
     4    15    19    22    19     8     6    10    12     4     8     6
     2     8    15    20    17     8     8    11    12     3     2     4
    10    14    25    19    13     8     4     9     7    10     7     7
    18    31    48    47    37    13     6     9    13    24    34    23
     9     7    34    58    35    11     6    11     3    23    29    13
    33    32    90    88   104    27    11     6    16    33    53    30
    31    51   102   100    97    42     7     8     9    23    53    21
    55    80   162   211   200    95    35    11    48    46    88    70
    27    37    52    64    56    32     6     6     5    20    40    28
    41    40    49    54    69    42    32    14    14    15    31    32
    22    30    33    22    20    18     6    17     7     5    17    25
    27    15    26    21    13    13    17     5     6     5    21    17
    17    27    28    14    13     9    33    13     3    10    21    18
    16    19    18     7     7     4    14     6     4     3    11     9
    19    23    24    17    12     5    14     8     5     5     3    11
    13    13    13    11    10     0     6     0     0     2     9     5
    25    18    27    21     7     5     7     4     2     5     9     9
     5    12    17    13     7     2     1     1     1     2     6     9
    25    29    43    25    10     7     4     3     4     8    21    24
    18    29    28    44    11     2     4     0     3     8    21    18
    17    51    50    40    24     3     5     0     6    17    23    36
    43    49    88    52    27     8     4     9     8    22    58    56
    32    30    41    25    10     6     4     2     6    22    29    34
    30    34    26    22    11    12     6     4    10    17    41    47
    20    25    26    11     6     3     7     2    12    13    23    31
    41    32    32    30    16    11     6     5    20    39    26    46
     7
     9     3     3     4     1     0     0     1     3     6     1     0
    10     5     6     3     4     3     0     1     5     6     4     6
     2     0     0     1     0     0     0     0     0     0     1     4
     1     0     1     0     1     2     0     0     1     0     0     2
     4     0     1     6     1     1     0     1     2     2     1     3
     1     1     0     1     1     3     1     0     1     0     0     0
     1     1     7     4     1     0     3     1     7     0     0     1
     1     1     1     0     0     0     0     0     0     0     0     0
     2     0     3     1     4     1     0     5     3     0     1     0
     1     2     0     0     0     0     1     0     0     0     0     0
     0     3     4     2     1     1     3     0     3     2     1     1
     0     2     3     3     2     0     0     1     1     0     1     0
     1     1     7     1     3     0     2     0     0     1     1     0
     7     6    12    14     8     4     1     2     0     3     3     3
     1     2     8     6     9     3     0     1     0     1     2     5
     6    11    32    27    24    13     3     0     8     7    12     4
     4     9    21    32    12     7     0     1     2     1    16    11
    23    20    51    82    50    14     8     9    16    12    32    31
     8     6    11    19     9     7     0     1     1     1     8     6
     6    20    11    21    11     5     5     3     2     5     8    10
     6     5     3     6     3     1     2     3     1     2     5     4
    10     4     9     4     0     0     0     0     1     0     1     4
     4     7     8     5     1     0     4     3     0     0     4     7
     4     5     6     2     0     0     2     1     1     0     2     1
     8     7     9     9     2     0     1     3     1     0     4     2
     3     9     6     3     2     0     2     0     0     2     2     2
     7    12     8     6     1     0     0     0     1     0     1     1
     1     4     8     6     1     0     1     0     0     0     1     0
    12    16    29     9     0     1     0     0     3     4    10     8
     5    14    16     8     0     1     0     1     2     0    14     8
     7    25    20    14     3     1     0     0     1     1    10    11
    12    19    25    16     7     0     1     0     4     5    16    23
     5     9     8     6     2     2     1     1     2     2     7     7
    14    11     9     4     1     0     1     0     3     3    12    11
     5     9     8     3     0     0     0     0     3     3     5     6
    13     4     6    11     2     1     1     1     3     7     7    10
     8
     5     0     4     2     1     0     0     0     1     4     0     1
     4     8     5     2     4     1     0     2     2     8     1     0
     0     0     0     0     0     0     0     0     1     1     0     0
     1     0     0     0     0     0     1     1     0     1     1     0
     4     1     4     0     2     1     0     1     1     1     1     0
     1     1     0     0     1     0     0     1     1     0     1     0
     1     2     3     0     1     1     1     3     1     1     0     0
     0     0     0     0     0     0     0     0     0     0     0     0
     0     0     2     0     0     1     0     3     2     0     0     0
     0     0     0     0     0     0     1     0     0     0     0     0
     0     1     1     1     0     0     1     0     5     0     0     2
     0     0     1     0     1     0     0     0     0     0     0     0
     1     0     2     1     2     0     1     1     0     0     0     1
     3     4     9    10     3     1     2     1     2     0     1     3
     0     5     5    10     1     0     0     1     2     2     2     1
     4     5    32    16    14     6     2     0     0     9     2     4
     4     6    20    13     9     2     0     0     1     2     9     7
    10    25    59    69    23     7    10     3     6     7    19    15
     4     6    10    10     3     5     0     2     1     0     7     8
     6    19    14    18     8     7     3     0     0     4    16    14
     5     3     4     5     2     1     0     1     0     0     2     1
     3     6     4     3     0     0     0     1     0     0     4     3
     5     8     3     7     2     0     1     4     2     0     0     1
     1     5     2     3     0     0     0     1     0     0     0     0
     3     6    13     4     1     1     0     1     0     0     1     1
     1     6     5     1     0     0     0     0     0     0     1     0
     2    16    17     7     0     0     0     0     0     0     0     2
     0     5     4     3     0     0     0     0     0     0     0     2
    25    11    25    14     0     1     0     0     3     0     3     9
     7    10    20     8     3     1     0     1     0     2     4     8
     9    14    16    10     3     0     0     0     1     2    12     5
    12    15    19    10     3     0     0     0     1     0     6    18
     3     5     2     5     0     0     1     0     1     2     6     2
    10     3     4     4     3     1     0     1     2     0     5     2
     2     2     4     3     1     1     0     0     0     1     2     5
     4     4     5     5     0     0     3     0     0     2     5     4
     9
     0     0     0     0     0     0     0     0     0     0     0     0
     0     1     0     2     1     0     0     0     0     2     0     0
     0     0     1     1     0     0     0     0     0     0     0     0
     0     0     0     0     0     0     0     0     1     0     0     0
     1     0     0     0     0     0     0     0     0     0     0     0
     0     0     0     0     0     0     0     0     0     0     0     0
     0     0     0     0     0     0     0     0     0     0     0     0
     0     0     0     0     0     0     0     0     0     0     0     0
     1     0     0     0     0     0     1     1     0     0     0     0
     0     0     0     0     0     0     0     0     0     0     0     0
     0     0     0     0     0     0     0     0     4     0     0     0
     0     0     0     0     0     0     0     0     0     0     0     0
     0     0     0     0     2     0     0     0     0     0     0     0
     0     1     1     1     0     0     0     1     2     0     1     0
     0     0     1     1     0     0     0     0     0     0     0     0
     1     1     6     4     2     0     0     0     0     2     2     0
     0     0     5     3     0     0     0     0     0     0     0     1
     1     5    12    15     0     0     2     0     1     0     0     2
     0     1     1     3     0     1     0     0     0     0     0     1
     1     3     6     2     0     0     0     0     1     1     1     5
     0     0     0     0     0     0     0     0     0     0     0     0
     0     0     0     1     0     0     0     0     0     0     0     0
     3     0     1     0     0     0     1     0     0     0     0     0
     0     2     0     0     0     0     0     0     0     0     0     0
     1     3     4     1     0     0     1     1     0     0     0     0
     0     0     1     0     0     0     0     0     0     0     0     0
     0     3     1     1     0     0     0     0     0     0     0     0
     0     2     3     0     0     0     0     0     0     0     0     0
     5     1     4     5     1     0     0     0     0     0     1     2
     0     2     8     1     0     1     0     0     0     0     3     1
     3     5     6     2     0     1     0     0     1     0     3     1
     4     5     5     8     0     0     0     0     1     1     1     2
     2     4     1     0     0     0     0     1     0     1     0     0
     1     0     0     0     0     0     0     1     0     0     1     0
     0     1     0     0     0     0     0     0     0     0     0     1
     0     1     0     1     1     0     0     0     0     0     0     0
    10
     0     1     0     0     0     0     0     0     0     0     0     0
     0     0     0     0     0     0     0     1     1     1     0     0
     0     0     0     0     0     0     0     1     0     1     0     0
     0     0     0     0     0     0     0     0     0     0     0     0
     1     0     0     0     0     0     0     0     0     0     0     0
     0     0     0     0     0     0     0     0     0     0     0     0
     0     0     1     0     0     0     0     0     0     0     0     0
     0     0     0     0     0     0     0     0     0     0     0     0
     0     0     0     0     0     0     0     0     1     0     0     0
     0     0     0     0     0     0     0     0     0     0     0     0
     0     0     0     0     0     0     1     0     1     0     0     0
     0     0     0     0     0     0     1     0     0     0     0     0
     0     0     0     0     0     0     0     0     0     0     0     0
     0     0     0     3     0     0     0     0     0     0     0     0
     0     0     0     1     0     0     1     0     0     0     0     0
     0     0     3     3     0     0     0     0     1     0     2     0
     1     0     2     3     0     1     0     0     0     0     0     0
     0     0     5    10     1     0     0     0     0     0     1     0
     0     1     1     0     0     0     0     0     0     0     0     2
     1     2     2     1     0     0     1     0     1     0     0     1
     0     0     0     0     0     0     0     0     0     0     0     0
     0     0     0     1     0     0     0     0     0     0     0     1
     0     0     0     0     0     0     0     0     0     0     0     1
     0     0     0     0     0     0     0     0     0     0     0     0
     0     1     0     0     0     0     0     0     0     0     0     0
     0     0     0     0     0     0     0     0     0     0     0     0
     0     0     4     3     0     0     0     0     0     0     1     0
     0     0     3     0     0     0     0     0     0     0     0     0
     4     2     4     6     1     0     0     0     0     0     1     3
     2     2     2     1     0     0     0     0     0     0     1     0
     2     1     3     2     0     0     0     0     0     0     0     1
     1     2     4     4     1     0     0     0     0     0     2     1
     2     2     1     0     0     0     0     0     0     0     1     0
     0     1     1     0     0     0     0     0     0     0     0     0
     0     0     0     0     0     1     0     0     0     0     0     0
     1     0     0     0     0     0     0     0     0     0     0     0
    11
     0     0     0     0     0     0     0     0     0     0     0     0
     0     0     0     0     0     0     0     0     1     0     0     0
     0     0     0     0     0     0     0     0     0     0     0     0
     0     0     0     0     0     0     0     0     0     0     0     0
     1     0     0     0     0     0     1     0     0     0     0     0
     0     0     0     0     0     0     0     0     0     0     0     0
     0     0     0     0     0     0     0     1     0     0     0     0
     0     0     0     0     0     0     1     0     0     0     0     0
     0     0     0     0     0     1     0     0     0     0     0     0
     0     0     0     0     0     0     0     0     0     0     0     0
     0     0     0     0     0     0     0     0     0     0     0     0
     0     0     0     0     0     0     0     0     0     0     0     0
     0     0     0     0     0     0     0     0     0     0     0     0
     0     0     0     1     0     0     0     0     0     0     0     0
     0     0     0     0     1     0     0     0     0     0     0     0
     0     0     0     0     0     0     0     0     0     0     0     0
     0     0     0     0     0     0     0     0     0     0     1     0
     0     0     2     5     0     0     0     1     1     0     2     0
     0     0     0     0     0     0     0     0     0     0     0     0
     2     1     0     1     0     0     1     0     0     0     0     1
     0     0     0     0     0     0     0     0     0     0     0     0
     0     0     0     0     0     0     0     0     0     0     0     2
     0     0     0     0     0     0     0     0     0     0     0     0
     0     0     0     0     0     0     0     0     0     0     0     1
     0     0     1     1     0     0     0     0     0     0     0     1
     0     1     1     0     0     0     0     0     0     0     0     0
     0     2     1     0     0     0     0     0     0     0     0     0
     0     2     1     0     0     0     0     0     0     0     0     0
     0     1     0     4     0     0     0     0     0     0     1     2
     0     1     3     0     0     0     1     0     0     0     1     0
     0     1     1     1     0     0     0     0     0     0     0     0
     0     2     2     3     0     0     0     0     0     0     0     0
     1     1     0     0     0     0     0     0     0     0     0     0
     0     0     0     0     0     0     0     0     0     0     0     0
     0     0     0     0     0     0     0     0     0     0     0     0
     0     0     0     0     0     0     0     0     0     1     0     0
    12
     0     0     0     0     0     0     0     0     0     0     0     0
     0     2     0     0     0     0     0     0     0     0     0     0
     0     0     0     0     0     0     0     0     0     0     0     0
     0     0     0     0     0     0     0     0     0     0     0     0
     0     0     0     0     0     0     0     0     0     0     0     0
     0     0     0     0     0     0     0     0     0     0     0     0
     0     0     0     0     0     0     0     0     0     1     0     0
     0     0     0     0     0     0     0     0     0     0     0     0
     0     0     0     0     0     0     0     0     0     0     0     0
     0     0     0     0     0     0     0     0     0     0     0     0
     0     0     1     0     0     0     0     0     0     0     0     0
     0     0     0     0     0     0     0     0     0     0     0     0
     0     0     0     1     0     0     0     0     0     0     0     0
     0     0     0     0     0     0     0     0     0     0     0     0
     0     0     0     0     0     0     0     0     0     0     0     0
     0     0     0     0     1     1     0     0     0     0     0     0
     0     0     0     0     0     0     0     0     0     0     0     0
     0     0     0     0     0     0     0     0     0     0     1     0
     0     0     0     0     0     0     0     0     0     0     0     0
     0     0     0     0     0     0     0     0     0     0     0     0
     0     0     0     0     0     0     0     0     0     0     0     0
     0     0     0     0     0     0     0     0     0     0     0     0
     0     0     0     0     0     0     0     0     0     0     0     0
     0     0     0     0     0     0     0     0     0     0     0     0
     0     0     0     0     0     0     0     0     0     0     1     1
     0     0     1     0     0     0     0     0     0     0     0     0
     0     0     1     0     0     0     0     0     0     0     0     0
     0     0     0     0     0     0     0     0     0     0     0     0
     0     0     0     3     0     0     0     0     0     0     0     0
     0     0     0     0     0     0     0     0     0     0     0     0
     0     0     0     0     0     0     0     0     0     0     0     0
     0     0     0     0     0     0     1     0     0     0     0     0
     0     1     0     0     0     0     0     0     0     0     0     0
     0     0     0     0     0     0     0     0     0     0     0     0
     0     0     0     0     1     0     0     1     0     0     0     0
     0     0     0     0     0     0     0     0     0     0     0     0
    13
     0     0     0     0     0     0     0     0     0     0     0     0
     0     0     0     0     0     0     0     0     0     0     0     0
     0     0     0     0     0     0     0     0     0     0     0     0
     0     0     0     0     0     0     0     0     0     0     0     0
     0     0     0     0     0     0     0     0     0     0     0     0
     0     0     0     0     0     0     0     0     0     0     0     0
     0     0     0     0     0     0     0     0     0     0     0     0
     0     0     0     0     0     0     0     0     0     0     0     0
     0     0     0     0     0     0     0     0     0     0     0     0
     0     0     0     0     0     0     0     0     0     0     0     0
     0     0     0     0     0     0     0     0     0     0     0     0
     0     0     0     0     0     0     0     0     0     0     0     0
     0     0     0     0     1     0     0     0     0     0     0     0
     0     0     0     0     0     0     0     0     0     0     0     0
     0     0     0     0     0     0     0     0     0     0     0     0
     0     0     0     0     0     1     0     0     0     0     0     0
     0     0     0     0     0     0     0     0     0     0     0     0
     0     0     0     0     0     0     0     0     0     0     0     0
     0     0     0     0     0     0     0     0     0     0     0     0
     0     0     0     0     0     0     0     0     0     0     0     0
     0     0     0     0     0     0     0     0     0     0     0     0
     0     0     0     0     0     0     0     0     0     0     0     0
     0     0     1     0     0     0     0     0     0     0     0     0
     0     0     0     0     0     0     0     0     0     0     0     0
     0     0     0     0     0     0     0     1     0     0     0     0
     0     0     0     0     0     0     0     0     0     0     0     0
     0     0     0     0     0     0     0     0     0     0     0     0
     0     0     0     0     0     0     0     0     0     0     0     0
     0     0     0     0     0     0     0     0     0     0     0     0
     0     0     0     0     0     0     0     0     0     0     0     0
     0     0     0     0     0     0     0     0     0     0     0     0
     0     0     0     0     0     0     0     0     0     0     0     0
     0     0     0     0     0     0     0     0     0     0     0     0
     0     0     0     0     0     0     0     0     0     0     0     0
     0     0     0     0     0     0     0     0     0     0     0     0
     0     0     0     0     0     0     0     0     0     0     0     0
    14
     0     0     0     0     0     0     0     0     0     0     0     0
     0     0     0     0     0     0     0     0     0     0     0     0
     0     0     0     0     0     0     0     0     0     0     0     0
     0     0     0     0     0     0     0     0     0     0     0     0
     0     0     0     0     0     0     0     0     0     0     0     0
     0     0     0     0     0     0     0     0     0     0     0     0
     0     0     0     0     0     0     0     0     0     0     0     0
     0     0     0     0     0     0     0     0     0     0     0     0
     0     0     0     0     0     0     0     0     0     0     0     0
     0     0     0     0     0     0     0     0     0     0     0     0
     0     0     0     0     0     0     0     0     0     0     0     0
     0     0     0     0     0     0     0     0     0     0     0     0
     0     0     0     0     0     0     0     0     0     0     0     0
     0     0     0     0     0     0     0     0     0     0     0     0
     0     0     0     0     0     0     0     0     0     0     0     0
     0     0     0     0     0     0     0     0     0     0     0     0
     0     0     0     0     0     0     0     0     0     0     0     0
     0     0     0     0     0     0     0     1     0     0     0     0
     0     0     0     0     0     0     0     0     0     0     0     0
     0     0     0     0     0     0     0     0     0     0     0     0
     0     0     0     0     0     0     0     0     0     0     0     0
     0     0     0     0     0     0     0     0     0     0     0     0
     0     0     0     0     0     0     0     0     0     0     0     0
     0     0     0     0     0     0     0     0     0     0     0     0
     0     0     0     0     0     0     0     0     0     0     0     0
     0     0     0     0     0     0     0     0     0     0     0     0
     0     0     0     0     0     0     0     0     0     0     0     0
     0     0     0     0     0     0     0     0     0     0     0     0
     0     0     0     0     0     0     0     0     0     0     0     0
     0     0     0     0     0     0     0     0     0     0     0     0
     0     0     0     0     0     0     0     0     0     0     0     0
     0     0     0     0     0     0     0     0     0     0     0     0
     0     0     0     0     0     0     0     0     0     0     0     0
     0     0     0     0     0     0     0     0     0     0     0     0
     0     0     0     0     0     0     0     0     0     0     0     0
     0     0     0     0     0     0     0     0     0     0     0     0
    15
     0     0     0     0     0     0     0     0     0     0     0     0
     0     0     0     0     0     0     0     0     0     0     0     0
     0     0     0     0     0     0     0     0     0     0     0     0
     0     0     0     0     0     0     0     0     0     0     0     0
     0     0     0     0     0     0     0     0     0     0     0     0
     0     0     0     0     0     0     0     0     0     0     0     0
     0     0     0     0     0     0     0     0     0     0     0     0
     0     0     0     0     0     0     0     0     0     0     0     0
     0     0     0     0     0     0     0     0     0     0     0     0
     0     0     0     0     0     0     0     0     0     0     0     0
     0     0     0     0     0     0     0     0     0     0     0     0
     0     0     0     0     0     0     0     0     0     0     0     0
     0     0     0     0     0     0     0     0     0     0     0     0
     0     0     0     0     0     0     0     0     0     0     0     0
     0     0     0     0     0     0     0     0     0     0     0     0
     0     0     0     0     0     0     0     0     0     0     0     0
     0     0     0     0     0     0     0     0     0     0     0     0
     0     0     0     0     0     0     0     0     0     0     0     0
     0     0     0     0     0     0     0     0     0     0     0     0
     0     0     0     0     0     0     0     0     0     0     0     0
     0     0     0     0     0     0     0     0     0     0     0     0
     0     0     0     0     0     0     0     0     0     0     0     0
     0     0     0     0     0     0     0     0     0     0     0     0
     0     0     0     0     0     0     0     0     0     0     0     0
     0     0     0     0     0     0     0     0     0     0     0     0
     0     0     0     0     0     0     0     0     0     0     0     0
     0     0     0     0     0     0     0     0     0     0     0     0
     0     0     0     0     0     0     0     0     0     0     0     0
     0     0     1     0     0     0     0     0     0     0     0     0
     0     0     0     0     0     0     0     0     0     0     0     0
     0     0     0     0     0     0     0     0     0     0     0     0
     0     0     0     0     0     0     0     0     0     0     0     0
     0     0     0     0     0     0     0     0     0     0     0     0
     0     0     0     0     0     0     0     0     0     0     0     0
     0     0     0     0     0     0     0     0     0     0     0     0
     0     0     0     0     0     0     0     0     0     0     0     0
