23
Wichita Falls, TX 13966
     0
       1.100       3.900       9.300      15.600      20.000      24.300
      27.200      27.200      22.200      16.700       8.800       2.200
       6.600       8.800      15.000      20.000      24.300      28.800
      31.700      31.700      27.200      21.100      13.800       7.800
      12.100      15.000      20.000      24.300      28.200      32.200
      35.000      35.500      31.100      25.600      18.800      13.300
      37.000      38.000      34.000      35.000      43.000      43.000
      35.000      34.000      40.000      39.000      39.000      41.000
      54.000      56.000      51.000      51.000      57.000      55.000
      47.000      45.000      53.000      54.000      55.000      59.000
      75.000      77.000      71.000      70.000      74.000      70.000
      62.000      62.000      71.000      73.000      75.000      78.000
       2.700       3.100       3.500       3.500       3.100       3.100
       3.100       2.700       2.700       3.100       2.700       2.700
       4.400       4.400       5.200       5.200       4.800       4.400
       4.000       4.000       4.000       4.000       4.400       4.000
       5.900       5.900       6.800       6.300       5.900       5.500
       5.200       4.800       5.200       5.500       5.900       5.500
     350.000     350.000     170.000     170.000     150.000     150.000
     170.000     170.000     170.000     170.000     180.000     350.000
     1
       6.591       9.250      14.692      19.867      24.067      28.243
      31.186      31.140      26.624      20.889      13.885       7.557
      56.160      57.134      52.913      53.034      58.347      57.128
      49.830      49.100      55.812      56.115      57.219      59.463
     2
     9    11     4     4     9     4    10     9     9     9     5     7
     7    14    12    10    10    12     9    23    20    12    14    14
     5     8    12     3     6     4     5    11     7    13     6     8
    16    11    12    13    11     9     6     9    10    13     7    21
     5    14    12    18    13    20    17    25    17    21    24    13
    14    10    15    15    15    15    22    20    16    17    10    15
     8    11    18     9    11    20    28    24    31    14    12    12
     7     6     5     6     8     8     8    23     9    14     4     9
    14    13    16    20    21    18    16    22    31    18    15    19
     4     5     5     3    13     9    10    13    10     6     6     9
    18     6    11     5    10    25    21    17    21    17    12    11
    11     4     5     7    10    16    18    21    15     7    12    12
     9     9     8     6    16    14     8    20    20    11     8    11
    18    15    16    12    18    32    22    24    32    21    14    20
     5     5     5     4     9     3    14    12     6     8     6     9
    17     6    10     8    14    13    14    12    23    11    10    17
     3     2     6     3     1     4     6    10     6     3     8     6
    19     5    15    15    14    19    22    23    19    16    14    21
     6     7     4     5     7     2    11     8    18     9    12     5
    10     6     8    10     4    12    16    16    16    10     6    12
     6     5     3     0     4    12     7     7     6     7    12     8
     8     5     3     3     6     5     5     7     9     3     9     9
    17    11     7     5     4     7     6     9    16    14    10    19
     3     4     1     9     5     4     7     7    10     5     8     5
     9     4     9     4     6     6     7     8     9    12     6     9
     5     4     3     1     3     4     2     5     4     5     5     5
    19     5    10    10     9     7     5     7     4     7     9    17
     8     1     6     2     4     4     3     3     5     7     8     6
    16    15     7    11     6    11     6     7    12    24    22    12
    23    13     5     3     8     8     9    11    10     8    11    14
    10    13     7     6     9     8     7     5     4    10    12    15
    25    10    10    10    10     6     8     9     8    14    19    24
     5     7     7     7     2     3     8     2    10     4     4     8
    24     9     4    11     9    12    13     8    16    22    10    15
     9    13    13     4     8     0    12     8     6     8     9    11
    11    16    10    15    23    12    18    14    16    13    26    27
     3
    41    27    25    24    13    16    16    26    26    35    37    44
    51    39    44    39    47    41    29    42    60    39    47    56
    26    23    17    22    27    24    28    28    39    39    27    29
    24    25    22    26    23    22    34    31    40    35    19    27
    43    36    50    51    43    51    41    60    71    57    33    42
    20    22    29    44    46    46    46    55    57    35    24    23
    27    34    31    36    55    45    45    65    69    30    37    37
    22    11    15    23    20    34    28    49    42    22    12    13
    33    30    24    39    72    75    69    74    79    43    41    39
    14    17    25    15    29    37    48    39    42    29    14    16
    25    22    33    31    62    88    76    78    72    42    43    41
    29    33    35    33    53    75    70    74    50    46    39    35
    30    33    34    26    66    85    64    62    63    61    41    34
    48    53    44    38    72   121   123   108   109    80    74    81
    20    26    17    21    34    48    62    63    50    47    37    31
    52    27    36    34    49    81   106    97    60    81    43    59
    23    22    15    22    25    44    47    55    33    45    43    36
    68    60    47    46    64    87   121   126    97   110    79    88
    35    27    22    22    29    40    66    80    37    31    41    32
    38    41    29    24    31    55    81    76    35    49    38    63
    33    25    14    11    16    22    34    45    23    22    36    31
    38    16    19    19    19    22    38    31    24    22    24    31
    55    36    21    18    21    30    46    54    23    40    39    53
    18    13    14    20    14    13    22    22    21    12    31    30
    42    23    18    13    24    16    19    34    16    15    24    47
    18    15     8    13     8     4     7    11     6     9     9    18
    36    31    15    22    16    24    25    27    16    26    22    44
    26    24    11     8    11    10    12    11     3     9    19    31
    63    41    28    27    17    15    15    23    26    42    44    53
    41    29    21    19    21    19    15    20    21    30    36    51
    34    32    17    18    21     8    20    21    13    28    27    43
    50    37    32    33    24    20    14     7    28    36    46    35
    24    33    14    23    22    17    14    14    15    20    28    30
    50    36    31    35    29    32    26    33    31    31    42    44
    35    35    20    19    16    14    12    20    21    23    30    37
    70    55    44    57    40    35    36    50    57    58    55    51
     4
    22    21    26    19    24    18    13    25    29    21    29    33
    36    41    31    30    33    34    22    42    39    50    45    41
    20    17    19    14    22    14    12    28    23    20    14    21
    29    19    24    12    24    22    23    30    36    30    13    18
    25    33    32    32    29    38    23    53    37    16    19    24
     6    11    18    21    23    26    38    47    29    26     9    15
    16    23    20    45    27    49    34    48    36    24    23    15
     8    13    14    12    24    30    24    31    28    13     8     6
    23    21    32    30    36    53    66    47    62    28    16    15
    10    14    16    19    27    31    35    30    37    17    13    15
    14    25    20    35    49    75    51    57    71    31    31    25
    13    18    27    36    62    54    60    62    67    43    22    30
    27    26    37    37    59    70    66    88    56    46    30    39
    31    28    35    69    89   129   104   149   108    69    59    45
    25    23    25    44    48    79    74    75    54    44    29    26
    37    41    32    45    74    99   118   141    91    77    43    42
    29    21    23    21    42    52    88    79    57    52    34    39
    58    45    44    57    85    91   171   178    93    99    70    87
    26    24    20    27    28    43    80    84    42    33    31    20
    62    38    28    44    34    68   121    89    49    62    30    48
    23    13    18    19    18    16    47    44    20    23    26    32
    15    18    11    14    19    14    29    33    24    22    27    22
    42    22    27    19    22    24    69    65    16    26    30    35
    25     9    11     8    13    15    14    26     8    17    20    21
    20    17    10    18    10    10    19    29     3    17    20    20
     6    12     6     7     5     4     8     3     5     3     9    14
    25    23    12    18    13    12    13    20     7    17    16    29
     8    13    11     7     9     9     2     6     8     6    11    23
    31    30    35    21    13     9     9    10    14    13    15    29
    23    29    12    16    14    12     9     5     8    15    20    51
    27    15    16    15    16     8    10     9     7    15    16    22
    33    27    28    19    24    15    10    16     8    26    29    31
    15    15    13    13    11     3     5     8    15    19    25    16
    27    31    38    25    26    25    18    13    17    26    38    45
    27    27    21    17    14    16     7     9    17    23    23    25
    55    50    36    52    27    27    19    26    29    61    47    45
     5
    50    66    44    38    50    25    25    27    57    46    47    53
    51    68    46    54    56    53    23    60    67    54    61    71
    21    30    31    34    39    29    22    39    49    27    22    25
    25    28    33    31    34    34    25    39    40    26    18    19
    35    36    52    46    54    34    25    62    53    43    20    14
    13     7    18    32    23    31    37    37    23    19     9    11
    16    17    18    28    38    41    37    36    31    12     9    14
     7    10    14    13    27    26    34    25    21    16    13     4
    15    25    39    40    57    71    62    74    53    27     5    13
     6    18    26    24    33    38    48    45    30    20     9    12
    16    26    33    34    69    75    63    76    69    26    12    21
    23    24    45    50    90    95    96    76    61    55    30    18
    24    36    54    62    95   119   132    95    96    55    30    47
    30    46    73    93   214   201   190   189   126    94    47    36
    32    40    47    67   106   124   143   133   102    96    51    48
    62    62    94   102   166   216   194   188   160   134    90    63
    39    40    65    48    97   136   181   146   110    92    66    45
   106    74   114   109   184   232   331   277   184   187   145   122
    68    53    37    43    59   104   187   163    90    84    56    36
    83    59    67    81    86   107   251   198    99   108    63    70
    53    25    29    32    29    45    78    89    48    36    34    46
    36    29    25    30    21    30    49    49    23    25    40    27
    71    57    31    44    32    40   114    99    45    56    38    77
    34    16    26    20    16    21    33    20    10    11    21    29
    19    28    28    28    31    12    41    48    20    24    30    30
    12    18     7    12    10     8     3    10     2     9     6    14
    36    26    29    15    32    23    11    12     5    18    19    35
    17    21    14    17    20     7     5     4     5    13    11    22
    39    31    33    27    25    23     8    10     9    22    34    41
    41    23    36    25    33    18     4    11    11    22    28    43
    33    30    27    29    24    10     3     8    15    27    37    46
    38    59    70    33    39    11     4    11    14    28    43    50
    28    40    31    26    22    11     3     7    13    19    25    24
    52    77    66    56    31    17    10    20    15    39    64    61
    53    52    29    32    29    18    16    21    29    32    40    44
   127   109    83    83    77    50    20    61    73    83    72    87
     6
    32    74    48    37    39    19    13    16    38    49    39    45
    45    73    39    55    28    35    21    27    54    55    32    65
    18    29    26    22    22    19    13    21    22    22    17    18
    17    15    23    24    27    11     6    21    23    20    14     7
    12    17    26    27    44    22    16    20    30    20     9    13
    12     8     5    14    17    15     2     9     8     3     6     5
     8     2     5    19    24    15    18    21     5     6     1     2
     6     5    11     7    14    10    10     7     6     4     1     2
     6    10    28    33    36    32    21    25    17     4     4     4
     3     3    25    18    26    11     8    19    12     5     5     4
     8    16    26    32    42    35    27    28    22     9     6     5
     9    13    35    51    61    35    49    34    25    18     5    12
    24    21    42    63    72    52    71    43    44    35    17    19
    16    39    63   120   178   144   110    68    69    62    40    22
    22    45    37    77   136   160   100    83    62    66    41    20
    36    34    90   102   206   191   134   109    97   121    68    51
    36    45    66    75   103   137   143   110   122   113    61    34
    89    83   124   146   202   213   259   203   187   183   155    80
    52    50    49    61    76   130   141   131   100    76    58    49
    58    45    71    80    75   113   216   159    79   130    72    47
    39    30    42    24    15    37    94    62    38    39    22    32
    31    18    25    23    28    25    40    55    26    22    22    40
    23    30    40    42    35    43    97    57    27    38    27    29
    20    23    17    11    20    11    24    11     3     6    15    20
    25    25    26    24    21     7    28    23    14    13    16    13
     6     8     9    15     7     1     5     1     1     5    10     5
     6    18    27    19    14     9     3     4     2     1    10    12
    10    11     8    12    14     3     0     3     3     2    15     6
    15    18    22    36    14    10     5     5     5    13    22    21
    25    25    22    18    25     7     2     5     2    16    29    21
    19    29    29    22    27    13     2     3     6    19    33    28
    41    48    64    28    19     2     3     2     6    30    43    38
    22    33    35    19    16     4     2     0    11    16    34    34
    40    50    55    31    32    21     5     5    19    34    56    47
    47    69    31    31    35    14     9     7    27    32    41    49
   109   123    85    67    69    21    15    29    47    70    57    99
     7
    29    25    23    18    18    12     7     6    20    20    17    18
    24    31    28    23    16    10     5     8    24    18    12    20
    14     4    11     9    10    14     4     1     7     7     2    10
     3     4     8     8     5     6     2     4     8     1     5    11
     5     2     1    12    12    10     1     5     7     7     2     5
     0     1     2     3     3     2     0     1     0     1     0     0
     1     1     1     3     2     3     0     2     1     2     1     1
     3     0     2     4     4     5     2     3     1     1     1     0
     0     1     8     4     9     9     1     5     2     3     0     0
     2     0     5     9     8     5     4     7     0     2     1     1
     2     8    10    13    14     9     7     7     5     4     0     1
     2     8    12    13    33    15     6    11     5     2     3     5
     2    11    17    21    40    24    22    10    10     9     3     8
    11    17    34    50    78    55    33    19    19    25    11     7
    14    20    31    54    63    71    39    20    23    23    15    15
    22    41    44    70   114    95    53    31    29    39    31    26
    21    18    40    39    68    74    57    31    40    46    36    14
    31    37    84    70   133   122    88    45    76    82    80    38
    24    21    40    37    52    73    65    39    49    35    44    23
    19    22    57    55    50    45    52    48    30    33    33    24
    13    11    27    20     7     8    27    21    11    11    17     7
    11     6    12    12     9     6    10    18     3    10    11    15
    16     8    20    13    17    14    21    20    10    12    13    10
     1     6    17    13     6     4     6     5     1     4     9     7
     5     5     4    10     4     0     8     0     3     2     9     7
     2     3     5     6     3     0     2     2     2     1     3     4
     5     8     7     4     4     2     0     1     1     3     3     4
     2     9     4     8     3     0     0     0     0     0     4     5
     6     5    12    16    11     0     0     1     2     6     5     7
    10    17    18    15    17     0     0     0     0     4    24    12
    19    26    19     9    11     0     2     1     2     6    20    13
    27    14    37    26    13     2     0     1     2     5    26    20
    15    15    20    13    11     2     3     1     2     8    18    12
    32    26    27    28    14     1     4     2     9    11    33    22
    32    32    15    20    16     2     2     1    17    17    19    27
    62    48    42    42    24     5     8    13    20    38    41    67
     8
    19    22    22    17    18     4     3     3    11    23    20    44
    24    24    26    20    20    13     4     8    13    26    15    23
    11    12    10     9    10     5     3     3     1     5     5     8
     7     0     3     5     9     1     2     3     7     6     3     2
     4     2     2     5    11     3     2     0     3    11     0     1
     0     0     0     3     1     0     2     2     0     2     1     0
     0     0     2     7     7     5     0     1     0     2     0     2
     2     0     1     4     3     0     0     0     0     0     0     0
     1     1     5     7     4     2     1     2     4     0     1     0
     1     0     1     7    18     3     2     4     2     0     0     0
     0     7    11    10    20     5     1     3     2     1     0     1
     1     7    10    16    21    12     6     7     5     3     1     0
     3     5    21    27    33    16     7     7     5     7     4     1
     9    11    31    49    65    29     9     4     7    15     7     4
    15    19    37    46    55    63    15    11    18    21    11    11
    14    27    52    71    85    64    27    14    18    34    23    11
    13    21    58    61    58    83    42    25    36    34    48    14
    42    38   100    97   127   140    62    35    67    91    89    28
    31    31    57    50    53    66    45    14    42    53    48    26
    30    25    59    49    64    38    24    18    33    31    53    34
    14    16    24    17    15     5     8    10    14    10    22    20
     9     7    27    22    14     3     8     5     3     8     8    14
    13     7    31    19    16     3     6     6    15    17    11     9
     7     8    17    19    12     0     1     2     1     3     7     3
     5     7    11     8     9     1     0     1     5     1     4     0
     1     2     6     8     2     0     0     0     0     1     1     2
     5     5    18     6     6     0     0     0     1     1     1     5
     7     4    10    12     3     0     0     0     1     3     7     3
     6     7    22    14    10     0     1     1     0     4    15     6
     9    18    26    16    11     3     1     1     0     3    13    14
    21    22    30    32     7     5     0     0     1     6    18    16
    42    16    24    42     6     1     1     1     2    10    20    21
    18    20    19    26     8     3     2     0     6    11    20    17
    32    15    45    25    12     1     3     0     8    13    22    28
    38    47    32    33     8     5     3     1     9    22    31    38
    62    60    56    55    19    11     5     4    40    42    44    64
     9
    12    15    10     8     4     0     1     0     1     5     6    10
    13     2     1     6     6     1     0     0     2     6     7     5
     3     1     0     1     1     0     0     0     0     1     1     2
     1     0     1     2     1     0     0     0     0     1     0     0
     0     0     1     1     2     0     2     0     0     1     0     0
     0     0     1     0     0     0     0     0     1     0     0     0
     0     0     1     0     0     0     0     0     0     0     0     0
     0     0     0     1     0     1     0     1     0     0     0     0
     0     0     3     0     2     0     0     0     0     0     0     0
     0     1     1     1     0     0     0     0     0     0     0     0
     0     0     1     2     2     2     0     0     0     0     0     0
     0     1     4     7     1     1     0     1     0     1     0     0
     1     3     2     6     7     3     1     2     1     1     0     1
     1     3     8    12    17     5     1     1     1     0     0     0
     6     4    10    11    14    12     3     0     3     6     1     1
     5     8    11    32    11    10     2     1     3     5     5     2
     2     0    12    23    17    17     3     3     7    10     6     5
     6    19    26    31    36    27    13     9    13    17    15    13
    11     5    19    12    15    11     4     4     8     8    20    12
    10    14    11    14    11     7     0     2     6     5     9     5
    10     5    14     4     6     1     1     1     2     0     4     5
     4     2     7     6     1     0     1     1     1     4     5     1
     6     2     2     7     4     0     2     0    13     2     5     2
     3     2     5     4     5     0     0     0     0     0     2     3
     2     2     3     1     2     0     0     0     3     1     5     1
     1     0     2     1     0     0     0     0     0     0     1     1
     1     1     3     2     0     0     1     1     0     0     0     1
     0     1     1     2     1     0     0     0     0     1     6     5
     4     4     6     7     1     0     0     0     0     0     8     0
     4     8     7    13     4     1     0     0     0     3     4     6
     8     7    10    14     3     1     0     0     0     3     6     9
     3     8     9    13     2     1     0     0     1     2     7     5
     8    10     9     3     2     0     0     0     0     2     2     5
     8    10    13     7     7     2     0     0     5     1     7     5
    10     9    16     5     1     1     1     0     1     6     7    12
    20    18     8    12     7     1     0     0    10     8    12    18
    10
    11     2     5     7     4     0     1     0     2     5     5     2
     3     3     2     5     2     0     0     0     3     3     1     2
     1     1     0     0     2     0     0     0     1     0     0     0
     2     0     0     1     2     0     0     1     0     0     1     0
     1     0     0     1     1     0     1     0     0     1     0     0
     0     0     0     0     0     0     0     0     0     0     0     0
     0     0     0     0     1     0     0     0     0     0     0     0
     0     0     0     0     0     0     1     0     0     0     0     0
     0     0     1     0     0     0     0     0     0     0     0     0
     0     0     2     0     1     0     0     1     0     0     0     0
     0     0     1     1     0     1     1     1     0     0     0     0
     0     0     0     1     1     1     0     0     0     0     1     0
     1     0     0     5     4     0     0     0     0     0     0     0
     0     2     7     9     4     0     0     0     1     1     2     0
     2     4     5     4     6     5     0     0     0     1     1     0
     0     1     4    16     9     3     0     1     1     1     0     1
     1     3    15     7    17     8     1     1     0     7     0     1
     6     5     8    20    13     9     7     4     3     9     3     9
     7     7     8    10     8     4     4     3     1     4     3     5
     4     7     5     3     3     4     0     0     3     4     5     5
     3     2     4     1     1     0     0     0     1     1     0     4
     2     1     2     2     1     0     0     1     1     2     0     2
     1     4     1     3     0     0     1     0     0     0     1     0
     2     1     5     5     0     1     0     0     0     2     2     0
     1     0     2     1     0     0     0     1     0     0     3     1
     0     0     1     1     1     0     0     1     0     0     2     0
     2     1     2     2     2     0     0     0     0     0     2     0
     4     6     0     2     0     1     0     0     0     2     1     0
     2     7    10     3     0     0     0     0     0     1     2     0
     0     5     7     6     2     0     0     0     0     1     4     2
     4     3    18     6     3     0     0     0     1     3     2    10
     6     5    12    11     2     1     0     0     1     1     4     5
     2    10     3     4     1     0     0     0     1     0     4     5
    14     1    10     4     1     0     0     0     1     1     7     7
    12    11    11     3     2     0     0     0     2     3     3     3
    16     4     5     4     3     0     0     2     2     6     4     9
    11
     5     3     2     3     1     0     0     0     0     0     2     3
     3     2     1     5     0     0     0     0     0     2     2     1
     0     1     1     0     1     2     0     0     0     1     0     1
     1     0     0     0     0     0     0     0     0     1     0     0
     0     0     0     0     1     1     0     0     1     0     0     0
     0     0     0     0     0     0     0     0     0     0     0     0
     0     0     0     0     0     0     0     0     0     0     0     0
     0     0     0     0     0     1     0     0     0     0     0     0
     0     0     2     0     0     0     0     1     0     0     0     0
     0     0     0     0     1     1     0     0     0     0     0     0
     0     1     1     0     0     0     0     0     0     0     0     0
     0     0     0     0     0     0     0     0     0     0     0     0
     0     0     0     0     0     1     0     0     0     0     0     0
     0     2     0     5     4     1     1     0     0     1     0     0
     0     1     2     5     0     2     0     0     0     0     1     0
     0     2     6    11     7     4     0     0     0     2     0     1
     0     0     4    12     7     4     1     0     0     4     1     2
     2     0     7    11    11     9     0     1     2     6     1     5
     5     4     4     5     2     2     1     0     0     2     6     3
     9     5     3     3     3     0     0     0     1     3     1     2
     2     4     1     1     0     0     0     0     0     0     3     0
     3     0     3     3     1     0     0     0     0     0     0     1
     2     0     4     0     0     1     0     0     0     1     0     2
     2     2     2     5     1     0     0     0     0     0     2     0
     0     0     0     2     0     0     0     0     0     0     0     0
     2     0     1     2     0     0     0     0     0     1     1     0
     2     0     6     2     0     0     0     0     0     0     1     2
     0     3     3     5     0     0     0     0     0     1     5     2
     3     1     5     7     0     0     0     0     0     1     5     0
     2     3     8     4     1     0     0     0     0     0     1     4
     3     5     8    10     0     0     0     0     0     1     3     3
     5     8    16     9     2     0     0     0     0     0    12     3
     1     7     5     1     1     0     0     0     0     2     7     0
     3     3     5     3     2     0     0     0     1     0     2     6
     6     3     6     3     2     0     0     0     1     0     4     4
     9     8     6     2     2     1     0     0     4     3     5     4
    12
     1     3     2     1     0     0     0     0     1     1     2     1
     0     0     0     1     0     0     0     0     0     1     1     0
     1     0     0     0     0     0     0     0     0     0     0     0
     0     1     0     0     0     0     1     0     0     0     0     0
     0     0     0     0     0     0     0     0     0     0     0     0
     0     0     0     0     0     0     1     0     0     0     0     0
     0     0     0     1     0     0     0     0     0     0     0     0
     0     0     0     0     0     0     0     0     0     0     0     0
     0     0     0     0     1     0     0     0     0     0     0     0
     0     0     0     0     0     0     0     0     0     0     0     0
     0     0     0     0     0     0     0     0     0     0     0     0
     0     0     0     0     0     0     0     0     0     0     0     0
     0     0     0     0     0     0     0     0     0     0     0     0
     0     0     1     1     0     0     0     0     0     0     0     0
     0     0     2     0     0     1     0     0     0     0     0     0
     1     0     0     1     1     0     0     0     0     0     0     0
     0     1     1     0     1     0     0     0     0     1     0     0
     2     0     0     5     2     1     0     0     0     1     3     0
     0     1     0     1     0     1     1     0     0     0     1     0
     0     0     0     1     0     0     0     0     0     2     1     0
     0     0     0     0     0     0     0     0     0     0     0     1
     0     0     1     1     0     0     0     0     0     0     0     0
     0     0     6     1     0     0     0     0     0     0     0     0
     1     0     3     1     0     0     0     0     0     0     1     0
     3     0     1     2     0     0     0     0     0     0     0     1
     0     1     3     1     0     0     0     0     0     1     0     0
     0     0     5     1     0     0     0     0     0     0     1     0
     2     1     4     1     0     0     0     0     0     1     0     0
     1     0     4     2     0     0     0     0     0     0     0     0
     0     1     1     3     1     0     0     0     0     0     5     4
     2     3     8     2     0     0     0     0     0     1     2     2
     5     2     3     7     0     0     0     0     1     0     1     0
     1     1     4     0     0     0     0     0     0     0     2     0
     2     3     2     3     1     0     0     0     0     0     2     1
     2     0     2     1     0     0     0     0     1     0     1     1
     5     1     3     4     2     0     0     0     4     1     1     0
    13
     1     0     0     0     0     0     0     0     0     0     0     0
     0     0     0     0     0     0     0     0     0     0     2     0
     0     0     0     0     0     0     0     0     0     0     0     0
     0     0     0     0     0     0     0     0     0     0     0     0
     0     0     0     0     0     0     0     0     0     0     0     0
     0     0     0     0     0     0     0     0     0     0     0     0
     0     0     0     0     0     0     0     0     0     0     0     0
     0     0     0     0     0     0     0     0     0     0     0     0
     0     0     0     0     0     0     0     0     0     0     0     0
     0     0     0     0     0     0     0     0     0     0     0     0
     0     0     0     0     0     0     0     0     0     0     0     0
     0     0     0     0     0     0     0     0     0     0     0     0
     0     0     0     0     0     0     0     0     0     0     0     0
     0     0     0     1     0     0     0     0     0     0     0     0
     0     0     1     1     0     0     0     0     0     0     0     0
     0     0     0     0     0     0     0     0     0     0     0     0
     0     0     0     0     0     1     0     0     0     0     0     0
     0     0     0     0     0     0     0     0     0     0     0     0
     0     0     0     0     0     0     0     0     0     0     0     0
     0     0     0     0     0     0     0     0     0     0     0     0
     0     0     0     0     0     0     0     0     0     0     0     0
     0     0     0     0     0     0     0     0     0     0     0     0
     0     0     0     1     0     0     0     0     0     0     1     0
     0     0     0     0     0     0     0     0     0     0     0     0
     0     0     0     1     0     0     0     0     0     0     0     0
     0     0     0     0     0     0     0     0     0     0     0     0
     0     0     3     0     0     0     0     0     0     0     0     0
     0     0     0     0     0     0     0     0     0     0     0     0
     0     0     1     0     0     0     0     0     0     0     0     0
     0     1     2     0     0     0     0     0     0     0     0     0
     0     1     1     0     0     0     0     0     0     0     0     1
     0     0     1     0     0     0     0     0     0     0     0     0
     0     0     0     0     0     0     0     0     0     0     0     0
     0     1     0     0     0     0     0     0     0     0     0     0
     0     1     1     0     0     0     0     0     0     0     0     0
     0     0     2     1     0     0     0     0     0     0     0     1
    14
     0     1     1     0     0     0     0     0     0     0     0     0
     0     0     0     0     0     0     0     0     0     0     0     0
     0     0     0     0     0     0     0     0     0     0     0     0
     0     0     0     0     0     0     0     0     0     0     0     0
     0     0     0     0     0     0     0     0     0     0     0     0
     0     0     0     0     0     0     0     0     0     0     0     0
     0     0     0     0     0     0     0     0     0     0     0     0
     0     0     0     0     0     0     0     0     0     0     0     0
     0     0     0     0     0     0     0     0     0     0     0     0
     0     0     0     0     0     0     0     0     0     0     0     0
     0     0     0     0     0     0     0     0     0     0     0     0
     0     0     0     0     0     0     0     0     0     0     0     0
     0     0     0     0     0     0     0     0     0     0     0     0
     0     0     0     1     0     0     0     0     0     0     0     0
     0     0     0     0     0     0     0     0     0     0     0     0
     0     0     0     0     0     0     0     0     0     0     0     0
     0     0     0     1     0     0     0     0     0     0     0     0
     0     0     0     0     0     0     0     0     0     0     0     0
     0     0     0     0     0     0     0     0     0     0     0     0
     0     0     0     0     0     0     0     0     0     0     0     0
     0     0     0     0     0     0     0     0     0     0     0     0
     0     0     0     0     0     0     0     0     0     0     0     0
     0     0     0     1     0     0     0     0     0     0     0     1
     0     0     0     0     0     0     0     0     0     0     0     0
     0     0     0     2     0     0     0     0     0     0     1     0
     0     0     0     1     0     0     0     0     0     0     1     0
     0     0     0     1     0     0     0     0     0     0     1     0
     0     0     0     0     0     1     0     0     0     0     0     0
     0     0     0     1     0     0     0     0     0     0     0     0
     0     0     0     0     0     0     0     0     0     0     0     0
     0     1     1     3     0     0     0     0     0     0     0     0
     0     0     1     1     0     0     0     0     0     0     0     0
     0     0     0     3     0     0     0     0     0     0     0     0
     0     0     0     0     0     0     0     0     0     0     0     0
     1     0     1     1     0     0     0     0     0     0     0     1
     3     0     0     1     0     0     0     0     1     0     0     0
    15
     0     0     0     0     0     0     0     0     0     0     0     0
     0     1     0     0     0     0     0     0     0     0     0     0
     0     0     0     0     0     0     0     0     0     0     0     0
     0     0     0     0     0     0     0     0     0     0     0     0
     0     0     0     0     0     0     0     0     0     0     0     0
     0     0     0     0     0     0     0     0     0     0     0     0
     0     0     0     0     0     0     0     0     0     0     0     0
     0     0     0     0     0     0     0     0     0     0     0     0
     0     0     0     0     0     0     0     0     0     0     0     0
     0     0     0     0     0     0     0     0     0     0     0     0
     0     0     0     0     0     0     0     0     0     0     0     0
     0     0     0     0     0     0     0     0     0     0     0     0
     0     0     0     0     0     0     0     0     0     0     0     0
     0     0     0     1     0     0     0     0     0     0     0     0
     0     0     0     0     0     0     0     0     0     0     0     0
     0     0     0     0     0     0     0     0     0     0     0     0
     0     0     0     0     0     0     0     0     0     0     0     0
     0     0     0     0     0     0     0     0     0     0     0     0
     0     0     0     0     0     0     0     0     0     0     0     0
     0     0     0     0     0     0     0     0     0     0     0     0
     0     0     0     0     0     0     0     0     0     0     0     0
     0     0     0     0     0     0     0     0     0     0     0     0
     0     0     0     0     0     0     0     0     0     0     0     0
     0     0     0     0     0     0     0     0     0     0     0     0
     0     0     0     0     0     0     0     0     0     0     0     1
     0     0     1     0     0     0     0     0     0     0     0     0
     0     0     0     0     0     0     0     0     0     0     0     0
     0     0     0     0     0     0     0     0     0     0     0     0
     0     0     0     1     0     0     0     0     0     0     0     0
     0     0     0     0     0     0     0     0     0     0     0     0
     0     0     0     1     1     0     0     0     0     0     0     0
     0     0     0     0     0     0     0     0     0     0     0     0
     0     0     0     0     0     0     0     0     0     0     0     0
     0     0     0     1     0     0     0     0     0     0     0     0
     0     0     0     0     0     0     0     0     0     1     0     0
     0     1     1     0     0     0     0     0     0     0     0     0
    16
     0     2     0     0     0     0     0     0     0     0     0     0
     0     0     0     0     0     0     0     0     0     0     0     0
     0     0     0     0     0     0     0     0     0     0     0     0
     0     0     0     0     0     0     0     0     0     0     0     0
     0     0     0     0     0     0     0     0     0     0     0     0
     0     0     0     0     0     0     0     0     0     0     0     0
     0     0     0     0     0     0     0     0     0     0     0     0
     0     0     0     0     0     0     0     0     0     0     0     0
     0     0     0     0     0     0     0     0     0     0     0     0
     0     0     0     0     0     0     0     0     0     0     0     0
     0     0     0     0     0     0     0     0     0     0     0     0
     0     0     0     0     0     0     0     0     0     0     0     0
     0     0     0     0     0     0     0     0     0     0     0     0
     0     0     0     0     0     0     0     0     0     0     0     0
     0     0     0     0     0     1     0     0     0     0     0     0
     0     0     0     0     0     0     0     0     0     0     0     0
     0     0     0     0     0     0     0     0     0     0     0     0
     0     0     0     0     0     0     0     0     0     0     0     0
     0     0     0     0     0     0     0     0     0     0     0     0
     0     0     0     0     0     0     0     0     0     0     0     0
     0     0     0     0     0     0     0     0     0     0     0     0
     0     0     0     0     0     0     0     0     0     0     0     0
     0     0     0     0     0     0     0     0     0     0     0     0
     0     0     0     1     0     0     0     0     0     0     0     0
     0     0     0     0     0     0     0     0     0     0     0     0
     0     0     0     1     0     0     0     0     0     0     0     0
     0     0     0     1     0     0     0     0     0     0     0     0
     0     0     0     0     0     0     0     0     0     0     0     0
     0     0     0     0     0     0     0     0     0     0     0     0
     0     0     0     0     0     0     0     0     0     0     0     0
     0     0     0     0     0     0     0     0     0     0     0     0
     0     0     0     0     0     0     0     0     0     0     0     0
     0     0     0     0     0     0     0     0     0     0     0     0
     0     0     0     0     0     0     0     0     0     0     0     0
     0     0     0     1     0     0     0     0     0     0     0     0
     0     0     0     0     0     0     0     0     0     0     0     0
    17
     0     0     0     0     0     0     0     0     0     0     0     0
     0     0     0     0     0     0     0     0     0     0     0     0
     0     0     0     0     0     0     0     0     0     0     0     0
     0     0     0     0     0     0     0     0     0     0     0     0
     0     0     0     0     0     0     0     0     0     0     0     0
     0     0     0     0     0     0     0     0     0     0     0     0
     0     0     0     0     0     0     0     0     0     0     0     0
     0     0     0     0     0     0     0     0     0     0     0     0
     0     0     0     0     0     0     0     0     0     0     0     0
     0     0     0     0     0     0     0     0     0     0     0     0
     0     0     0     0     0     0     0     0     0     0     0     0
     0     0     0     0     0     0     0     0     0     0     0     0
     0     0     0     0     0     0     0     0     0     0     0     0
     0     0     0     0     0     0     0     0     0     0     0     0
     0     0     0     0     0     0     0     0     0     0     0     0
     0     0     0     0     0     0     0     0     0     0     0     0
     0     0     0     0     0     0     0     0     0     0     0     0
     0     0     0     0     0     0     0     0     0     0     0     0
     0     0     0     0     0     0     0     0     0     0     0     0
     0     0     0     0     0     0     0     0     0     0     0     0
     0     0     0     0     0     0     0     0     0     0     0     0
     0     0     0     0     0     0     0     0     0     0     0     0
     0     0     0     0     1     0     0     0     0     0     0     0
     0     0     0     0     0     0     0     0     0     0     0     0
     0     0     0     0     0     0     0     0     0     0     0     0
     0     0     0     0     0     0     0     0     0     0     0     0
     0     0     0     0     0     0     0     0     0     0     0     0
     0     0     0     0     0     0     0     0     0     0     0     0
     0     0     0     0     0     0     0     0     0     0     0     0
     0     0     0     0     0     0     0     0     0     0     0     0
     0     0     0     0     0     0     0     0     0     0     0     0
     0     0     0     0     0     0     0     0     0     0     0     0
     0     0     0     0     0     0     0     0     0     0     0     0
     0     0     0     1     0     0     0     0     0     0     0     0
     0     0     0     0     0     0     0     0     0     0     0     0
     0     0     0     0     0     0     0     0     0     0     0     0
    18
     0     0     0     0     0     0     0     0     0     0     0     0
     0     0     0     0     0     0     0     0     0     0     0     0
     0     0     0     0     0     0     0     0     0     0     0     0
     0     0     0     0     0     0     0     0     0     0     0     0
     0     0     0     0     0     0     0     0     0     0     0     0
     0     0     0     0     0     0     0     0     0     0     0     0
     0     0     0     0     0     0     0     0     0     0     0     0
     0     0     0     0     0     0     0     0     0     0     0     0
     0     0     0     0     0     0     0     0     0     0     0     0
     0     0     0     0     0     0     0     0     0     0     0     0
     0     0     0     0     0     0     0     0     0     0     0     0
     0     0     0     0     0     0     0     0     0     0     0     0
     0     0     0     0     0     0     0     0     0     0     0     0
     0     0     0     0     0     0     0     0     0     0     0     0
     0     0     0     0     0     0     0     0     0     0     0     0
     0     0     0     0     0     0     0     0     0     0     0     0
     0     0     0     0     0     0     0     0     0     0     0     0
     0     0     0     0     0     0     0     0     0     0     0     0
     0     0     0     0     0     0     0     0     0     0     0     0
     0     0     0     0     0     0     0     0     0     0     0     0
     0     0     0     0     0     0     0     0     0     0     0     0
     0     0     0     0     0     0     0     0     0     0     0     0
     0     0     0     0     0     0     0     0     0     0     0     0
     0     0     0     0     0     0     0     0     0     0     0     0
     0     0     0     0     0     0     0     0     0     0     0     0
     0     0     0     0     0     0     0     0     0     0     0     0
     0     0     0     0     0     0     0     0     0     0     0     0
     0     0     0     0     0     0     0     0     0     0     0     0
     0     0     0     0     0     0     0     0     0     0     0     0
     0     0     0     0     0     0     0     0     0     0     0     0
     0     0     0     0     0     0     0     0     0     0     0     0
     0     0     0     0     0     0     0     0     0     0     0     0
     0     0     0     0     0     0     0     0     0     0     0     0
     0     0     0     0     0     0     0     0     0     0     0     0
     0     0     0     0     0     0     0     0     0     0     0     0
     0     0     0     0     1     0     0     0     0     0     0     0
