15
Tulsa, OK 13968
     0
      -1.800       1.100       7.100      13.800      18.800      23.800
      26.700      25.600      21.100      15.000       7.100        .600
       3.900       6.000      12.100      18.200      22.700      27.200
      30.600      29.300      25.000      19.300      11.600       5.500
       9.300      12.100      18.200      22.700      26.700      30.600
      33.200      32.700      29.300      23.800      17.200      10.600
      43.000      40.000      38.000      37.000      49.000      51.000
      44.000      44.000      47.000      40.000      43.000      45.000
      59.000      58.000      55.000      54.000      62.000      61.000
      55.000      57.000      61.000      56.000      60.000      61.000
      77.000      78.000      74.000      73.000      77.000      74.000
      69.000      72.000      77.000      75.000      79.000      79.000
       2.700       2.700       3.100       3.100       2.700       2.700
       2.400       2.400       2.400       2.700       2.700       2.400
       4.000       4.000       4.800       4.800       4.000       4.000
       3.500       3.500       3.500       4.000       4.000       4.000
       5.200       5.500       5.900       5.900       5.500       5.200
       4.800       4.800       4.800       5.200       5.500       5.200
     190.000     350.000     180.000     170.000     170.000     170.000
     180.000     170.000     170.000     180.000     180.000     180.000
     1
       3.536       6.754      12.369      18.148      22.503      27.014
      30.101      29.160      24.866      19.268      12.101       5.305
      59.793      59.001      56.388      55.298      63.140      62.887
      57.219      58.862      62.230      57.954      60.526      61.693
     2
    15    11    14    12    12    14    17    16    27     8    11    19
    20    17    15    11    13    19    13    47    32    13    12    21
    10     9    13    11     7    13    17    12    14    14     8     8
     7     3    16    15     6    12     6    16    13     9     4    19
     9    13    20     9    13    20    16    25    24    17    15    14
    11     7    14    12    12    15    18    15    16    10     6     9
    15    15     5    13    12    24    22    28    26    17    11    13
    10     6    10    10     9    21    13    20    19     8    11    13
    16    15    17    13    15    15    32    43    40    20    12    13
    10    11    12     5    17    20    13    26    22    13    10     7
    10     5     8     9    15    19    21    26    19    21    13     9
    12    10    10    11    18    13    17    17    24    18    19    16
    13    11     4    11    10    14    13    16    22    15     9    16
    16     6    14    11    13    15    29    29    31    16    17    12
     7     7    10    10     8    25    23    22    21    18     6    16
    24    11    19    17    16    27    35    27    29    19    16    29
    13    18     9    16    19    33    27    31    25    21    17    25
    23    17    16    12    22    32    54    41    48    43    31    18
    14    10     9    11    20    18    27    21    17    11    17    10
    12     7     6     7    11    11    18    22    14    13     7    15
     7     9     3     9     6    12    17     6     6    12     4    16
     6    10     6     6    10     7    18    16    22     9     3    16
    11     4    16     8     8    15    16    11    16    14    15    15
     9    11    11    11    14     9    16    11    13     5     6    18
    13    12     9    10     6     7    15    10    14    14    13     9
     8     5     8     3    10     7     9     5    13     8    17     8
    22    10    10    12    14    13    14    13    11    22    11    15
    12     7     7     6     8    11    12    10     3     8     5    15
    13     6    12    17    17    14    11    24    17    14    13    18
    14     9    10     9    16     7    16    17    20    16    10    23
    22    15    18    10    12    22    29    15    23    15    14    17
    20    19    19    15    17    21    30    29    27    33    23    39
    18    18    11     9    15    31    23    23    21    25    10    19
    23    27    15    24    22    33    32    36    23    33    20    14
    24    21    26    21    26    23    29    31    25    17    16    20
    33    30    29    24    36    38    34    45    32    38    25    35
     3
    56    56    51    35    60    62    48    54    74    65    52    62
    48    53    52    49    50    44    59   136    79    79    55    58
    35    34    49    21    45    35    27    52    42    27    35    40
    23    23    51    31    67    59    41    64    46    39    37    27
    40    40    64    47    75    82    64    96    95    59    44    36
    35    41    56    36    60    80    62    69    47    48    25    27
    34    34    57    53    75    68    83    82    57    46    33    34
    19    26    31    39    52    44    48    63    34    24    17    23
    21    37    47    58    79   107    97   135    91    53    38    35
    17    22    23    26    54    56    56    69    36    38     9    19
    37    21    29    41    66    71    61    77    85    41    23    44
    27    28    37    37    58    59    47    82    68    37    29    36
    25    19    42    46    61    51    61    87    66    51    27    51
    37    44    50    57    98    88   131   143   123    68    62    73
    29    22    49    36    73    66    77   117    79    67    61    47
    95    66    72    77   132   187   215   224   175   167    94   122
    87    74    53    67   124   157   168   248   160   151   101   117
   152    98    88    95   145   200   281   309   204   192   129   154
    42    31    30    26    58    81   117   124    63    85    51    39
    36    27    32    32    39    71   106    86    61    50    56    39
    30    20    12    16    22    35    89    66    42    31    26    30
    29    20    21    15    24    41    71    61    51    36    25    29
    51    28    29    25    39    56    74    60    31    34    37    41
    39    26    17    19    25    30    46    38    24    32    39    33
    37    24    37    18    28    36    43    32    21    25    30    34
    30    17    16    21    29    20    23    17    18    21    22    41
    38    36    25    24    46    32    42    36    30    51    35    41
    25    16    24    26    31    27    23    14    13    21    25    36
    56    31    36    51    35    49    30    31    39    42    43    53
    33    40    27    21    47    28    31    26    19    36    46    45
    50    47    35    34    41    43    32    28    35    40    44    45
    77    52    51    68    61    60    66    48    61    69    76    61
    51    40    35    43    55    49    67    41    36    45    37    47
    72    91    51    65    88    90    70    94    83    80    71    77
    87    59    57    46    85    72    67    70    71    89    73    77
   120    85    71    80    94    98   112   115   135   113   105   134
     4
    62    57    37    26    34    29    26    28    37    50    50    26
    52    60    47    43    41    52    39    53    52    50    53    46
    27    25    31    30    19    12    21    34    40    24    26    10
    14    24    25    29    29    31    32    46    30    34    30    15
    16    33    27    39    29    38    24    52    48    19    24    18
     8    15    18    23    37    21    27    30    27    14    16     4
     6    13    16    15    33    37    40    52    28    16    16     4
    10    11    11    14    19    30    18    26    20     8     5     2
     5    10    23    30    40    44    30    58    28    15     9     5
     4     5    14    15    20    21    14    18    17    10     2     5
    15    16    21    29    42    49    38    50    41    17    12    10
     9    17    29    26    37    29    33    45    32    17     9     7
    20    18    36    26    56    33    30    55    45    24    23    21
    34    23    29    56   100    99    87   101    98    49    47    48
    31    24    39    36    52    67    69    74    67    60    45    32
   102    60    69    61   114   208   185   236   137   133    86   103
    74    64    49    58   116   162   154   160   136    81   116    84
   111    97    65    78   120   207   270   226   142   141   104   113
    31    23    21    33    43    79   123    89    68    49    41    37
    43    26    24    29    39    56   104    86    48    49    37    23
    27    14    20    15    34    35    83    55    27    42    23    29
    21    19    17    17    10    31    88    46    29    26    21    19
    26    18    17    27    15    38    60    41    28    20    22    18
    21    13     9    14    12    21    35    16    14    11    17    17
    26    14    15     9    18    15    28     8     9    12    17    16
     9    16     4     7     7     5    14     4     9    10    13    19
    18    18    32    19    31    18    11     6    17    19    14    23
    18    11    11    10    12    12     8     1     7    11    16    22
    31    22    40    20    33    15     8    11     8    26    24    38
    29    25    28    22    27    13     8     3     8    14    18    26
    33    22    27    18    30    16    11    11    14    18    30    18
    48    33    32    43    40    23    13    11    13    41    45    48
    27    26    24    20    32    18    19     7    14    21    25    39
    43    57    38    39    32    33    23    25    32    44    51    55
    46    57    32    37    39    30    35    24    38    41    53    50
    87    87    61    54    62    51    51    66    76    82    82    77
     5
    93   102    78    56    60    43    40    47    73    84    91    85
    92   129   104   100    73    59    46    65    99    78    88    89
    54    46    50    53    37    37    30    39    45    29    41    29
    39    32    42    45    49    37    30    60    52    22    21    14
    21    25    60    50    58    52    47    57    62    19    24    18
    10    21    23    28    40    33    19    43    23     6     7     7
     2    12    19    24    31    24    33    36    27     8     6     4
     2    13    15     9    26    16    21    19    16     6     0     1
     5    22    18    41    45    23    24    39    22     6     8     6
     9     5    15    12    28    20    11    27     4     2     5     2
    13    15    20    35    46    37    23    41    29    13    10    14
     7    14    28    32    47    34    32    31    13    13    11    12
    17    17    39    51    83    31    35    62    38    24    25    18
    48    43    79    96   154   111   100   141   124    67    70    47
    42    39    66    85    95    83    78   117    79    63    54    39
   132    92   133   186   248   256   302   316   234   222   153   145
   114    91    97   155   201   282   255   289   223   173   130   136
   191   161   157   172   301   450   456   468   280   283   205   186
    60    50    83    92   123   195   254   196   153   134    93    76
    74    60    57    56    57   152   254   174    91   119    84    48
    41    30    37    37    54    71   176   125    68    67    39    46
    34    17    26    32    48    54   153    69    34    42    34    26
    45    27    28    44    32    60   121    65    35    33    35    28
    25    29    30    34    33    18    56    28    15    14    18    19
    39    21    31    37    21    12    19    15    15    13    30    18
    21    11    14    20    16    13    11     7     2    11    12    14
    26    30    40    43    36    14    12     6    13    18    26    28
    24    14    20    22    17     8     2     7     4    12    23    19
    35    39    71    64    25    18     6     8    15    19    41    60
    41    32    43    40    31     6     6     4     4    17    28    35
    44    43    51    60    37    12     9     3    10    30    43    36
    66    72    77    87    56    11     5     6    27    28    75    78
    50    61    44    45    41    17    13     4    14    29    50    58
    85   118    90    71    57    38    14    37    29    60    74    88
    81    85    73    69    45    16    29    15    37    58    66    88
   181   177   157   115   108    68    51    76   120   145   132   172
     6
    66    88    68    53    31    17    17    14    24    69    47    66
    57    64    86    61    46    23    32    22    43    61    58    59
    21    40    32    37    25    18     8    22    20    28    28     6
    24    29    23    20    19    10     7    11    23    15    18    11
    16    12    18    31    25     9    21    16    18    10     9     9
     1     5     9     8    13     3     5    11    11     1     0     1
     1     2     9     9     8     4     7    11     2     0     3     2
     1     3     4     3     7     3     2     2     0     0     0     0
     2     5     4     3    11     7     8     1     4     0     1     1
     0     1     2     4     7     6     3     2     2     1     1     1
     3    10     7     7    24    10     4     3     3     1     1     4
     1    10    11     7    11     9     5    12    13     3     3     1
     6    12    22    23    36    12     9    21     6     6     1    17
    31    42    70    89    82    44    34    42    43    23    39    28
    30    36    59    51    76    30    26    40    35    49    37    29
    74    66   149   192   252   150   135   136   112   172   118    76
    68    79   122   178   219   182   126   131   155   132   120   108
   140   134   188   238   368   371   335   208   214   241   203   154
    65    58    57    99   124   186   183   152   130   113    93    51
    55    61    84    69    85   148   138   143    69    81    69    53
    41    35    47    44    47    87   104    65    58    47    42    34
    23    23    20    31    36    54    51    60    33    19    25    20
    21    23    28    23    20    36    41    29    13    26    23    18
    16     5    22    15    13    10    12    12     8    11     9    10
    10    14    19    16     6     4     2    16     3     8    10    17
     7     7     9     6     9     1     2     1     1    10     3     8
    14    26    39    28    16     5     1     0     3     7    14    14
    10     6    15    26    11     4     1     0     0     2    11     9
    30    42    59    49    13     2     1     3     5     7    27    23
    14    30    27    40     6     3     0     2     4     3    18    23
    26    21    50    46    19     4     1     0     6    11    32    21
    31    37    65    90    23     7     1     2    16    21    56    47
    19    45    43    37    19     9     6     4     4    24    29    31
    80    75    65    52    25    10     6     6    18    31    46    65
    59    52    53    60    21    11     3     5    13    39    39    63
   131   129   128   109    64    23    16    21    64    83    97   167
     7
    30    25    26    23     6     3     4     6     8    15    19    22
    23    34    27    21    15     7     6     6     7    16    11    18
     3    16    21    10     8     4     0     7     5     2     2     3
     3    14     8     9     6     3     2     1     6     4     4     1
     2     3     8     5     6     2     3     0     7     1     0     0
     2     0     0     2     1     0     2     2     0     0     0     0
     0     0     2     0     0     2     0     0     2     0     0     0
     0     1     2     0     2     2     1     1     0     0     0     0
     0     0     1     0     1     1     2     0     1     0     0     0
     0     0     1     0     1     1     1     0     0     0     0     0
     0     0     0     1     1     2     3     0     0     0     1     0
     1     0     1     5     2     0     0     0     0     0     0     2
     2     2     5     4     6     0     1     3     3     0     4     1
     8     8    30    21    28     4     4     9     4     3    13     6
     6    12    18    20    19    12     4     4     6     9    18    10
    38    29    59    73   111    40    46    20    33    49    37    10
    33    36    67    83    83    65    50    34    56    58    47    33
    57    63   113   147   161   136    93    69    93   107    82    67
    25    23    61    62    78   102    55    47    41    59    44    29
    22    37    39    45    37    50    52    46    37    42    44    23
    11    17    22    26    17    40    23    26    24    16    24    17
     4     8    17    18     5    19    14    13     6     9     7     8
     7    11    17    16     5     7     9     9     5     6     6     3
     2     3     9     7     7     3     2     2     1     1     3     4
     5     6     9     5     1     1     1     0     0     5     0     0
     3     1     7     3     2     0     1     0     1     2     1     1
     6     9    10    10     4     0     0     1     1     2     5     2
     4     3    11     4     2     0     0     0     0     0     3    10
    11     4    11    19     4     1     0     0     1     1    10     7
     6     3     9     3     3     0     0     0     1     4     4     8
     6     5    14     8     6     1     0     0     1     3    14     5
    10    13    22    14     2     1     0     1     1     4    23    11
    11     9    12     6     8     1     0     0     2     4    12     7
    18    21    18    20    10     0     1     2     2     6     7    19
    22    23    14    12     8     0     0     2     7     8     9    29
    53    46    44    29    11     2     2     4     9    20    32    59
     8
    16    25    26    15     6     1     1     2     3    10    21    26
    12    28    17    16    14     3     1     2     5    17     8    17
     6    11     9    11     5     0     0     0     1     8     3     6
     2     4     4     6     9     2     2     2     3     2     2     3
     0     1     1     2     2     1     0     1     0     1     0     0
     0     1     0     0     2     0     0     0     0     0     0     0
     0     0     2     1     2     2     1     0     0     0     0     0
     0     0     0     0     1     0     0     0     0     0     0     0
     0     0     2     0     2     0     1     0     0     0     0     0
     0     0     0     0     0     0     0     0     0     0     0     0
     0     0     2     4     6     0     0     0     0     0     0     0
     1     0     1     2     4     2     0     1     0     0     0     0
     2     0     5     5     4     0     0     1     0     1     4     3
     6     7    25    14    19     3     4     3     4     3    12     3
     1     1    21    21    16     3     2     5     6     8     8     6
    28    22    78   106   142    22    17    11    43    57    42    20
    35    30    76    98    91    43    25    17    41    41    52    27
    59    69   181   231   203   129    64    48    81   131    90    70
    30    29    94   122    95    99    36    31    42    59    56    45
    30    41    67    94    50    68    37    23    27    60    58    30
    19    17    41    41    24    40    14    17    13    15    29    15
     8    18    18    31     8    12     3     4     2     9     5     4
     2    10    18    12     9     7     2     5     0     4     2     5
     4     5     7     4     8     1     0     2     0     0     2     4
     0     4    14     6     3     0     0     0     1     0     1     4
     5     6     6     5     0     1     0     0     0     0     1     1
     0     7    18     8     1     2     0     1     0     1     3     8
     1     3    12     5     2     0     0     0     1     0     2     2
     9     6    21    14     2     1     0     0     1     2     8    10
     2     4     5    13     2     1     0     0     0     0     8     4
     6    10    12     8     5     0     0     0     0     1    11     4
     8    13    25    17     2     0     1     0     1     3     9    12
     5     7     9    12     4     0     0     0     0     4     2     6
    18    30    40    17     2     0     1     0     3     3     6    16
    21    19    11    11     0     0     0     0     2     0    13    15
    56    42    50    29     9     1     1     3     3     7    27    46
     9
     2     2     5     6     0     0     0     0     0     0     2     2
     3     4     1     0     2     0     0     1     1     1     0     0
     0     0     1     1     0     0     1     1     0     1     0     0
     0     0     0     4     0     0     0     0     0     0     0     0
     0     0     0     0     1     0     0     0     0     0     0     0
     0     0     0     0     0     0     0     0     0     0     0     0
     0     0     0     0     0     0     0     0     0     0     0     0
     0     0     0     0     0     0     0     0     0     0     0     0
     0     0     0     0     0     0     0     0     0     0     0     0
     0     0     0     0     0     0     0     0     0     0     0     0
     0     0     0     0     1     0     0     0     0     0     0     0
     0     0     0     0     0     0     0     0     0     0     0     0
     0     0     0     2     3     0     0     0     0     0     0     0
     0     1     3     2     4     0     0     0     0     1     1     0
     1     0     5     4     2     0     2     0     2     1     1     3
     5     5    15    19    34     2     1     2     9    11     6     2
     4     5    13    27    13     6     2     3     3     8    10     5
    14    13    33    51    44    15     4     2     7    22    12    20
     7     7    20    27    21    15     4     2     5    13    13    14
    11    13    20    29    17     9     2     0     1     6    10     5
     3     4    17    12     9     3     1     0     3     2     5     2
     2     4     8     3     3     0     0     0     1     2     0     1
     0     2     9     4     2     0     1     1     1     0     0     0
     2     1     5     2     0     0     0     0     0     0     0     0
     1     0     9     2     3     0     0     0     0     0     0     0
     1     1     3     0     1     0     0     0     0     0     1     0
     3     0     4     4     1     0     0     0     0     0     0     0
     0     0     2     2     1     0     0     0     0     1     0     1
     2     2     5     3     0     0     1     0     0     0     1     1
     0     1     2     2     0     0     0     0     0     0     3     1
     0     0     5     1     0     0     0     0     0     1     1     1
     1     1     1     2     1     0     0     0     0     0     1     3
     2     2     0     5     0     0     0     0     0     0     1     0
     2     0     0     0     1     0     0     0     0     0     0     2
     1     4     1     3     1     0     0     1     0     0     0     3
     8     3     7     3     4     0     1     0     0     0     4     7
    10
     1     1     0     0     0     0     0     0     0     0     0     0
     1     1     1     0     0     1     0     0     0     0     0     0
     0     0     0     1     0     0     0     0     0     0     0     0
     0     0     0     2     0     0     0     1     0     0     0     0
     0     0     0     0     0     0     0     0     0     0     0     0
     0     0     0     0     0     0     0     0     0     0     0     0
     0     0     0     0     0     0     0     0     0     0     0     0
     0     0     0     0     0     0     1     0     0     0     0     0
     0     0     0     0     0     0     0     0     0     0     0     0
     0     0     0     0     0     0     0     0     0     0     0     0
     0     0     0     0     0     0     0     0     1     0     0     0
     0     0     0     0     1     0     0     0     0     0     0     0
     0     0     0     0     0     0     0     0     0     0     0     0
     0     0     1     0     1     0     0     0     0     2     0     0
     0     1     2     0     0     0     0     0     0     0     0     1
     6     1     3    10    13     0     2     0     4     4     2     3
     1     4     7     7    12     4     0     0     4     1     6     2
     2     5    27    33    17    12     1     2     5    15     8     1
     5     3    19    11    16     2     1     2     1     5    14     4
     5     8    12    15    12     6     1     0     0     2     5     6
     3     1    11     5     4     0     0     0     1     0     2     3
     0     1     6     2     1     2     0     0     0     0     1     0
     0     1     5     5     0     0     0     0     0     0     0     1
     0     1     2     3     0     0     0     0     0     0     0     0
     1     1     6     0     1     0     0     0     0     0     1     0
     0     0     0     2     0     0     0     0     0     0     0     0
     0     1     2     0     1     0     0     0     0     0     0     0
     0     0     1     0     3     0     0     0     0     0     0     0
     0     0     4     0     0     0     0     0     0     0     0     0
     0     0     0     0     0     0     0     0     0     0     0     0
     1     0     0     1     0     0     0     0     0     0     0     0
     0     0     1     3     0     0     0     0     0     0     1     1
     0     0     0     1     0     0     0     0     0     0     0     0
     1     1     0     0     0     0     0     0     0     0     1     0
     2     1     0     1     0     0     1     0     1     0     0     2
     2     3     1     1     1     0     0     0     0     1     0     0
    11
     1     0     0     0     0     0     0     0     0     0     0     0
     2     5     0     4     1     0     0     0     0     0     1     0
     0     0     1     1     0     0     0     0     0     0     0     0
     0     0     0     1     0     0     0     0     0     0     0     0
     0     0     0     0     0     0     1     0     0     0     0     0
     0     0     0     0     1     0     0     0     0     0     0     0
     0     0     0     0     0     0     0     0     0     0     0     0
     0     0     0     0     0     0     0     0     0     0     0     0
     0     0     0     0     0     0     0     0     0     0     0     0
     0     0     0     0     0     0     0     0     0     0     0     0
     0     0     0     0     1     0     0     0     0     0     0     0
     0     0     0     0     0     0     0     0     0     0     0     0
     0     0     0     0     0     0     0     0     1     0     0     0
     0     2     1     3     2     1     0     0     0     1     0     0
     0     0     3     1     0     1     0     0     0     0     0     0
     4     3     7     3     5     0     0     0     2     4     1     2
     3     1     2     8     7     2     0     0     1     1     4     0
     2     4    16    16    12     1     0     1     1     4     9     1
     0     2    12     9     5     4     0     1     2     6     5     4
     3     4    13    10     5     0     0     0     0     1     4     2
     0     4     3     4     2     1     0     1     1     0     1     1
     1     0     2     3     0     0     0     0     1     0     0     0
     0     1     6     1     1     0     0     0     1     0     0     0
     0     0     1     2     1     0     0     0     0     0     0     1
     0     0     4     0     1     0     0     0     0     0     0     1
     1     0     0     0     1     0     0     0     0     0     0     1
     1     0     0     2     0     0     0     0     0     0     0     0
     0     0     0     0     0     0     0     0     0     0     0     0
     0     0     2     2     0     0     0     0     0     0     0     0
     0     0     1     0     0     1     0     0     0     0     0     0
     0     0     1     0     0     0     0     0     0     0     0     0
     0     0     0     1     0     0     0     0     0     0     0     2
     0     1     0     0     0     0     0     0     0     0     0     0
     3     0     0     0     0     0     0     0     0     0     2     4
     1     0     0     0     0     0     0     0     0     0     0     1
     9     2     3     0     1     0     0     0     1     1     3     0
    12
     0     0     0     0     0     0     0     0     0     0     0     0
     0     0     0     0     0     0     0     0     0     0     1     0
     0     0     0     0     0     0     0     0     0     0     0     0
     0     0     0     0     0     0     0     0     0     0     0     0
     0     0     0     0     0     0     0     0     0     0     0     0
     0     0     0     0     0     0     0     0     0     0     0     0
     0     0     0     0     0     0     0     0     0     0     0     0
     0     0     0     0     0     0     0     0     0     0     0     0
     0     0     0     0     0     0     0     0     0     0     0     0
     0     0     0     0     0     0     0     0     0     0     0     0
     0     0     0     0     0     0     0     0     0     0     0     0
     0     0     0     0     0     0     0     0     0     0     0     0
     0     0     0     0     0     0     0     0     0     0     0     0
     0     0     1     0     0     0     0     0     0     0     0     0
     0     0     1     0     0     0     0     0     0     0     0     0
     3     0     3     1     0     0     0     0     0     0     0     0
     0     0     2     1     1     0     0     0     0     1     0     0
     2     0     1     3     1     0     0     0     0     4     0     2
     0     1     3     1     1     0     0     0     0     0     0     1
     0     0     1     3     4     0     0     0     0     0     4     1
     2     0     3     0     0     0     0     0     0     0     1     1
     0     0     0     0     0     1     0     0     0     0     0     0
     0     0     0     2     0     0     0     0     0     0     0     0
     0     0     2     0     1     0     0     0     0     0     0     1
     0     0     0     0     0     0     0     0     0     0     1     1
     0     0     0     0     1     0     0     0     0     0     1     0
     0     0     0     0     0     0     0     0     0     0     0     1
     0     0     0     0     0     0     0     0     0     0     0     0
     0     0     1     0     0     0     0     1     0     0     0     1
     0     0     0     0     0     0     0     0     0     0     0     1
     0     0     0     0     0     0     0     0     0     0     0     0
     0     0     0     0     0     0     0     0     0     0     0     0
     0     0     0     0     0     0     0     0     0     0     0     0
     2     0     0     0     0     0     0     0     0     0     0     1
     0     0     0     0     0     0     0     0     0     0     0     0
     3     0     1     0     0     0     0     0     0     0     0     2
    13
     0     0     0     0     0     0     0     0     0     0     0     0
     0     0     0     0     0     0     0     0     0     0     0     0
     0     0     0     0     0     0     0     0     0     0     0     0
     0     0     0     0     0     0     0     0     0     0     0     0
     0     0     0     0     1     0     0     0     0     0     0     0
     0     0     0     0     0     0     0     0     0     0     0     0
     0     0     0     0     0     0     0     0     0     0     0     0
     0     0     0     0     0     0     0     0     0     0     0     0
     0     0     0     0     0     0     0     0     0     0     0     0
     0     0     0     0     0     0     0     0     0     0     0     0
     0     0     0     0     0     0     0     0     0     0     0     0
     0     0     0     0     0     0     0     0     0     0     0     0
     0     0     0     0     0     0     0     0     0     0     0     0
     0     0     0     0     0     0     0     0     0     0     0     0
     0     0     0     0     0     0     0     0     0     0     0     0
     0     0     0     0     0     0     0     0     0     0     0     0
     0     0     0     0     0     0     0     0     0     0     0     0
     0     0     0     1     0     0     0     0     0     0     0     0
     0     0     0     1     0     0     0     0     0     0     0     0
     0     0     0     0     0     0     0     0     0     0     0     0
     0     0     0     0     0     0     0     0     0     0     0     0
     0     0     0     0     0     0     0     0     0     0     0     0
     0     0     0     1     0     0     1     0     0     0     0     0
     0     0     0     0     0     0     0     0     0     0     0     0
     0     0     0     0     0     0     0     0     0     0     0     0
     0     0     0     0     0     0     0     0     0     0     0     0
     0     0     0     1     0     0     0     0     0     0     0     0
     0     0     0     0     0     0     0     0     0     0     0     0
     0     0     0     0     0     0     0     0     0     0     0     0
     0     0     0     0     0     0     0     0     0     0     0     0
     0     0     0     0     0     0     0     0     0     0     0     0
     0     0     0     0     0     0     0     0     0     0     0     0
     0     0     0     0     0     0     0     0     0     0     0     0
     0     0     0     0     0     0     0     0     0     0     0     0
     0     0     0     0     0     0     0     0     0     0     0     0
     0     0     0     0     0     0     0     0     0     0     0     0
    14
     0     0     0     0     0     0     0     0     0     0     0     0
     0     0     0     0     0     0     0     0     0     0     0     0
     0     0     0     0     0     0     0     0     0     0     0     0
     0     0     0     0     0     0     0     0     0     0     0     0
     0     0     0     0     0     0     0     0     0     0     0     0
     0     0     0     0     0     0     0     0     0     0     0     0
     0     0     0     0     0     0     0     0     0     0     0     0
     0     0     0     0     0     0     0     0     0     0     0     0
     0     0     0     0     0     0     0     0     0     0     0     0
     0     0     0     0     0     0     0     0     0     0     0     0
     0     0     0     0     0     0     0     0     0     0     0     0
     0     0     0     0     0     0     0     0     0     0     0     0
     0     0     0     0     0     0     0     0     0     0     0     0
     0     0     0     0     0     0     0     0     0     0     0     0
     0     0     0     0     0     0     0     0     0     0     0     0
     0     0     0     0     0     0     0     0     0     0     0     0
     0     0     0     0     0     0     0     0     0     0     0     0
     0     0     0     1     0     0     0     0     0     0     0     0
     0     0     0     0     0     0     0     0     0     0     0     0
     0     0     0     0     0     0     0     0     0     0     0     0
     0     0     0     0     0     0     0     0     0     0     0     0
     0     0     0     0     0     0     0     0     0     0     0     0
     0     0     0     0     0     0     0     0     0     0     0     0
     0     0     0     0     0     0     0     0     0     0     0     0
     0     0     0     0     0     0     0     0     0     0     0     0
     0     0     0     0     0     0     0     0     0     0     0     0
     0     0     0     0     0     0     0     0     0     0     0     0
     0     0     0     0     0     0     0     0     0     0     0     0
     0     0     0     0     0     0     0     0     0     0     0     0
     0     0     0     0     0     0     0     0     0     0     0     0
     0     0     0     0     0     0     0     0     0     0     0     0
     0     0     0     0     0     0     0     0     0     0     0     0
     0     0     0     0     0     0     0     0     0     0     0     0
     0     0     0     0     0     0     0     0     0     0     0     0
     0     0     0     0     0     0     0     0     0     0     0     0
     1     0     0     0     0     0     0     0     0     0     0     0
    15
     0     0     0     0     0     0     0     0     0     0     0     0
     0     0     0     0     0     0     0     0     0     0     0     0
     0     0     0     0     0     0     0     0     0     0     0     0
     0     0     0     0     0     0     0     0     0     0     0     0
     0     0     0     0     0     0     0     0     0     0     0     0
     0     0     0     0     0     0     0     0     0     0     0     0
     0     0     0     0     0     0     0     0     0     0     0     0
     0     0     0     0     0     0     0     0     0     0     0     0
     0     0     0     0     0     0     0     0     0     0     0     0
     0     0     0     0     0     0     0     0     0     0     0     0
     0     0     0     0     0     0     0     0     0     0     0     0
     0     0     0     0     0     0     0     0     0     0     0     0
     0     0     0     0     0     0     0     0     0     0     0     0
     0     0     0     0     0     0     0     0     0     0     0     0
     0     0     0     0     0     0     0     0     0     0     0     0
     0     0     0     0     0     0     0     0     0     0     0     0
     0     0     0     0     0     0     0     0     0     0     0     0
     0     0     0     0     0     0     0     0     0     0     0     0
     0     0     0     0     0     0     0     0     0     0     0     0
     0     0     0     0     0     0     0     0     0     0     0     0
     0     0     0     0     0     0     0     0     0     0     0     0
     0     0     0     0     0     0     0     0     0     0     0     0
     0     0     0     0     0     0     0     0     0     0     0     0
     0     0     0     0     0     0     0     0     0     0     0     0
     0     0     0     0     0     0     0     0     0     0     0     0
     0     0     0     0     0     0     0     0     0     0     0     0
     0     0     0     1     0     0     0     0     0     0     0     0
     0     0     0     0     0     0     0     0     0     0     0     0
     0     0     0     1     0     0     0     0     0     0     0     0
     0     0     0     0     0     0     0     0     0     0     0     0
     0     0     0     0     0     0     0     0     0     0     0     0
     0     0     0     0     0     0     0     0     0     0     0     0
     0     0     0     0     0     0     0     0     0     0     0     0
     0     0     0     0     0     0     0     0     0     0     0     0
     0     0     0     0     0     0     0     0     0     0     0     0
     0     0     0     0     0     0     0     0     0     0     0     0
    16
     0     0     0     0     0     0     0     0     0     0     0     0
     0     0     0     0     0     0     0     0     0     0     0     0
     0     0     0     0     0     0     0     0     0     0     0     0
     0     0     0     0     0     0     0     0     0     0     0     0
     0     0     0     0     0     0     0     0     0     0     0     0
     0     0     0     0     0     0     0     0     0     0     0     0
     0     0     0     1     0     0     0     0     0     0     0     0
     0     0     0     0     0     0     0     0     0     0     0     0
     0     0     0     0     0     0     0     0     0     0     0     0
     0     0     0     0     0     0     0     0     0     0     0     0
     0     0     0     0     0     0     0     0     0     0     0     0
     0     0     0     0     0     0     0     0     0     0     0     0
     0     0     0     0     0     0     0     0     0     0     0     0
     0     0     0     0     0     0     0     0     0     0     0     0
     0     0     0     0     0     0     0     0     0     0     0     0
     0     0     0     0     0     0     0     0     0     0     0     0
     0     0     0     0     0     0     0     0     0     0     0     0
     0     0     0     0     0     0     0     0     0     0     0     0
     0     0     0     0     0     0     0     0     0     0     0     0
     0     0     0     0     0     0     0     0     0     0     0     0
     0     0     0     0     0     0     0     0     0     0     0     0
     0     0     0     0     0     0     0     0     0     0     0     0
     0     0     0     0     0     0     0     0     0     0     0     0
     0     0     0     0     0     0     0     0     0     0     0     0
     0     0     0     0     0     0     0     0     0     0     0     0
     0     0     0     0     0     0     0     0     0     0     0     0
     0     0     0     0     0     0     0     0     0     0     0     0
     0     0     0     0     0     0     0     0     0     0     0     0
     0     0     0     0     0     0     0     0     0     0     0     0
     0     0     0     0     0     0     0     0     0     0     0     0
     0     0     0     0     0     0     0     0     0     0     0     0
     0     0     0     0     0     0     0     0     0     0     0     0
     0     0     0     0     0     0     0     0     0     0     0     0
     0     0     0     0     0     0     0     0     0     0     0     0
     0     0     0     0     0     0     0     0     0     0     0     0
     0     0     0     0     0     0     0     0     0     0     0     0
    17
     0     0     0     0     0     0     0     0     0     0     0     0
     0     0     0     0     0     0     0     0     0     0     0     0
     0     0     0     0     0     0     0     0     0     0     0     0
     0     0     0     0     0     0     0     0     0     0     0     0
     0     0     0     0     0     0     0     0     0     0     0     0
     0     0     0     0     0     0     0     0     0     0     0     0
     0     0     0     0     0     0     0     0     0     0     0     0
     0     0     0     0     0     0     0     0     0     0     0     0
     0     0     0     0     0     0     0     0     0     0     0     0
     0     0     0     0     0     0     0     0     0     0     0     0
     0     0     0     0     0     0     0     0     0     0     0     0
     0     0     0     0     0     0     0     0     0     0     0     0
     0     0     0     0     0     0     0     0     0     0     0     0
     0     0     0     0     0     0     0     0     0     0     0     0
     0     0     0     0     0     0     0     0     0     0     0     0
     0     0     0     0     0     0     0     0     0     0     0     0
     0     0     0     0     0     0     0     0     0     0     0     0
     0     0     0     0     0     0     0     0     0     0     0     0
     0     0     0     0     0     0     0     0     0     0     0     0
     0     0     0     0     0     0     0     0     0     0     0     0
     0     0     0     0     0     0     0     0     0     0     0     0
     0     0     0     0     0     0     0     0     0     0     0     0
     0     0     0     0     0     0     0     0     0     0     0     0
     0     0     0     0     0     0     0     0     0     0     0     0
     0     0     0     0     0     0     0     0     0     0     0     0
     0     0     0     0     0     0     0     0     0     0     0     0
     0     0     0     0     0     0     0     0     0     0     0     0
     0     0     0     0     0     0     0     0     0     0     0     0
     0     0     0     0     0     0     0     0     0     0     0     0
     0     0     0     0     0     0     0     0     0     0     0     0
     0     0     0     0     0     0     0     0     0     0     0     0
     0     0     0     0     0     0     0     0     0     0     0     0
     0     0     0     0     0     0     0     0     0     0     0     0
     0     0     0     0     0     0     0     0     0     0     0     0
     0     0     0     0     0     0     0     0     0     0     0     0
     0     0     0     0     0     0     0     0     0     0     0     0
    18
     0     0     0     0     0     0     0     0     0     0     0     0
     0     0     0     0     0     0     0     0     0     0     0     0
     0     0     0     0     0     0     0     0     0     0     0     0
     0     0     0     0     0     0     0     0     0     0     0     0
     0     0     0     0     0     0     0     0     0     0     0     0
     0     0     0     0     0     0     0     0     0     0     0     0
     0     0     0     0     0     0     0     0     0     0     0     0
     0     0     0     0     0     0     0     0     0     0     0     0
     0     0     0     0     0     0     0     0     0     0     0     0
     0     0     0     0     0     0     0     0     0     0     0     0
     0     0     0     0     0     0     0     0     0     0     0     0
     0     0     0     0     0     0     0     0     0     0     0     0
     0     0     0     0     0     0     0     0     0     0     0     0
     0     0     0     0     0     0     0     0     0     0     0     0
     0     0     0     0     0     0     0     0     0     0     0     0
     0     0     0     0     0     0     0     0     0     0     0     0
     0     0     0     0     0     0     0     0     0     0     0     0
     0     0     0     0     0     0     0     0     0     0     0     0
     0     0     0     0     0     0     0     0     0     0     0     0
     0     0     0     0     0     0     0     0     0     0     0     0
     0     0     0     0     0     0     0     0     0     0     0     0
     0     0     0     0     0     0     0     0     0     0     0     0
     0     0     0     0     0     0     0     0     0     0     0     0
     0     0     0     0     0     0     0     0     0     0     0     0
     0     0     0     0     0     0     0     0     0     0     0     0
     0     0     0     0     0     0     0     0     0     0     0     0
     0     0     0     0     0     0     0     0     0     0     0     0
     0     0     0     0     0     0     0     0     0     0     0     0
     0     0     0     0     0     0     0     0     0     0     0     0
     0     0     0     0     0     0     0     0     0     0     0     0
     0     0     0     0     0     0     0     0     0     0     0     0
     0     0     0     0     0     0     0     0     0     0     0     0
     0     0     0     0     0     0     0     0     0     0     0     0
     0     0     0     0     0     0     0     0     0     0     0     0
     0     0     0     0     0     0     0     0     0     0     0     0
     0     0     0     0     0     0     0     0     0     0     0     0
    19
     0     0     0     0     0     0     0     0     0     0     0     0
     0     0     0     0     0     0     0     0     0     0     0     0
     0     0     0     0     0     0     0     0     0     0     0     0
     0     0     0     0     0     0     0     0     0     0     0     0
     0     0     0     0     0     0     0     0     0     0     0     0
     0     0     0     0     0     0     0     0     0     0     0     0
     0     0     0     0     0     0     0     0     0     0     0     0
     0     0     0     0     0     0     0     0     0     0     0     0
     0     0     0     0     0     0     0     0     0     0     0     0
     0     0     0     0     0     0     0     0     0     0     0     0
     0     0     0     0     0     0     0     0     0     0     0     0
     0     0     0     0     0     0     0     0     0     0     0     0
     0     0     0     0     0     0     0     0     0     0     0     0
     0     0     0     0     0     0     0     0     0     0     0     0
     0     0     0     0     0     0     0     0     0     0     0     0
     0     0     0     0     0     0     0     0     0     0     0     0
     0     0     0     0     0     0     0     0     0     0     0     0
     0     0     0     0     0     0     0     0     0     0     0     0
     0     0     0     0     0     0     0     0     0     0     0     0
     0     0     0     0     0     0     0     0     0     0     0     0
     0     0     0     0     0     0     0     0     0     0     0     0
     0     0     0     0     0     0     0     0     0     0     0     0
     0     0     0     0     0     0     0     0     0     0     0     0
     0     0     0     0     0     0     0     0     0     0     0     0
     0     0     0     0     0     0     0     0     0     0     0     0
     0     0     0     0     0     0     0     0     0     0     0     0
     0     0     0     0     0     0     0     0     0     0     0     0
     0     0     0     0     0     0     0     0     0     0     0     0
     0     0     0     1     0     0     0     0     0     0     0     0
     0     0     0     0     0     0     0     0     0     0     0     0
     0     0     0     0     0     0     0     0     0     0     0     0
     0     0     0     0     0     0     0     0     0     0     0     0
     0     0     0     0     0     0     0     0     0     0     0     0
     0     0     0     0     0     0     0     0     0     0     0     0
     0     0     0     0     0     0     0     0     0     0     0     0
     0     0     0     0     0     0     0     0     0     0     0     0
