17
Abliene, TX 13962
     0
       2.200       5.000      10.600      16.700      20.600      24.300
      26.100      27.200      22.700      17.200      10.000       3.200
       8.800      11.100      16.100      21.700      24.300      28.200
      30.600      31.100      26.700      21.700      15.600       9.300
      14.300      16.700      21.700      25.600      28.200      31.700
      33.200      33.900      30.600      25.600      20.600      15.000
      32.000      32.000      28.000      28.000      38.000      40.000
      34.000      33.000      39.000      38.000      36.000      36.000
      49.000      51.000      44.000      43.000      53.000      52.000
      47.000      44.000      52.000      52.000      51.000      54.000
      70.000      74.000      65.000      62.000      71.000      67.000
      63.000      59.000      69.000      70.000      70.000      75.000
       2.700       3.100       3.500       3.500       3.100       2.700
       2.700       2.700       2.400       2.700       2.700       2.700
       4.000       4.400       5.200       5.200       4.800       4.000
       4.000       3.500       3.500       4.000       4.400       4.000
       5.500       5.900       6.300       6.300       5.900       5.500
       4.800       4.800       5.200       5.200       5.500       5.500
     200.000     190.000     190.000     180.000     170.000     170.000
     170.000     170.000     170.000     180.000     190.000     200.000
     1
       8.260      10.721      15.869      20.927      24.356      27.851
      29.863      30.478      26.248      21.235      14.946       8.993
      51.768      52.981      47.163      46.218      53.770      54.141
      49.639      46.911      54.066      53.850      53.273      55.364
     2
     8     8     8     4     4     7     9     6     8     9    11    15
    13     9     8    11    10    18    11    13    18    20    19    13
     8    12     5    10     6     6     9     8     6     6     9    17
     8    11    11     5     9     9     8    11    13    10     4     8
    27     9    10    15     9    14    10    14    28    20    18    18
    13     8     9     6     8     6     8     9     9     9    12    11
     9    11    10     9    10    10    13    18    23    18    15    14
     8     4     6     4     7    10     5     7     7     2     4    11
    16     8     9     6    12    20    14    22    26    18    12    17
     2     4     3     4     6     9     5     8    12     4     7     6
     7    11     8    10    14    18    12    21    28    14    11    17
     6     6     7     8    14    23    22    13    22    10    11    17
     7    14     8     7    12    10    15    15    22    14    11    11
    15     7     6     9    13    36    29    31    33    18    20    16
     7     6     8     4     4     8    25     9    13    14    12    16
    37    15    12    10    21    40    42    56    43    40    20    18
    18     7     4     6    10    13    21    17    14     6    19    18
    32    16    14    11    24    35    55    36    45    33    22    23
    10     9     6     3     6     7    15    16    15    11     4    12
    28     9    13    14     9    13    31    37    18    20    16    24
     5     3     8     7     6     6     4     9    10    13     7     5
     9    10     5     2     6    10     8    17    14    16     8     9
    16    17    12     8    17    13    25    20    22    27    16    22
    13    12     3     7    10     9    25    24    21    20     9    11
    14     8     8     5    13    12    17    15    18    26    13    21
    14     9     3     6    11     7     7    12     8     9     6    13
    20    17    10    12    13    14    14    21    15    19    20    18
     8    12     5     6     5     3    10     9     4    12    10     9
    19     8     5     5     3     8    14    12    16    14    15    21
    21    11    10     5     8     7     6    10    10    13     9    16
     5     8    11     6     5     9     6    11    11     9    12     9
    18    24    14     5    10    22    16    16    24    28    13    24
     6    11     5     2     7     8     4     5    15    13     5    11
    26    19    12     6    12    16    13    11    19    27    23    22
    13     7     9     3     7     4     8    12    17    13    11    13
    30    38    20    12    16    13    19    18    35    34    24    28
     3
    46    26    18    15    23    21    22    16    42    24    28    55
    49    54    33    34    30    33    34    31    48    40    40    46
    22    30    17    21    36    31    24    23    25    31    23    30
    24    16    32    27    37    29    32    28    46    33    26    30
    23    29    33    37    44    39    35    32    58    43    36    25
    11    23    24    25    26    28    36    28    34    30    16    22
    21    25    25    25    47    60    35    47    70    33    26    31
    12     8    13    27    25    23    35    30    30    25    18    11
    17    20    15    34    29    46    45    65    61    39    27    21
    10    20     8    26    30    34    39    33    23    28    12    13
    27    23    31    37    57    81    57    78    70    39    37    26
    27    17    32    50    55    78    79    84    68    51    18    30
    27    32    29    37    56    77    98   103    72    48    39    26
    24    38    41    43    79   139   152   184   112    86    43    43
    30    32    29    39    64    75   111   102    75    59    39    41
    54    41    52    44   114   174   235   192   142   136    45    56
    33    29    23    25    53    76   120    94    75    71    49    51
    87    61    52    48    93   117   234   201   125   125    92    91
    48    34    15    28    34    47    72    76    53    69    58    41
    67    35    27    25    47    53   101   100    77    77    58    80
    31    29    25    24    29    26    50    53    30    29    21    31
    42    24    22    25    33    33    54    68    31    38    37    53
    43    28    28    20    26    32    53    81    47    36    40    50
    42    26    16    22    17    24    39    48    38    39    36    46
    35    27    25    18    26    16    29    46    22    25    28    34
    26    21    19    16    12     9    19    26    13    18    14    23
    36    24    18    32    21    16    29    42    15    28    24    33
    19    14    16    13    18    12    20    27    11    17    19    25
    35    24    17    37    21    15    26    31    10    30    26    38
    41    28    33    23    38    13    18    32    13    30    24    23
    36    19    14    19    17    16    17    24    22    25    33    21
    56    45    29    13    22    23    26    27    22    48    35    56
    28    24    14    12    24    15     9    11    28    16    11    29
    46    53    43    31    36    22    20    28    53    52    57    60
    25    27    25    15    20    19    13    24    32    34    29    55
   110    85    56    53    64    42    51    52    99    83    79    97
     4
    22    18    25    19    31    13     4    19    23    22    27    30
    31    24    45    29    27    34     9    29    46    42    33    39
    11    22    13    21    28    20    12    17    24    21    18    18
    18    19    15    24    23    17     8    13    27    19     6    18
    15    19    22    22    23    39    16    36    35    21    17    16
    10    20     8    21    25    31    16    22    26    13    11     4
    11    10    13    29    21    43    18    28    33    17    13     6
     9     7     3    17    17    20    14    13    12     7     8     5
     8    12    17    20    28    26    28    28    27    11    11     7
     8     5     4    11    11    19    29    24    22    11     3     1
    13    10    14    23    39    44    33    46    33    21     9     6
    16    19    22    17    41    59    62    55    39    32    14    13
    15    27    32    36    52    76    92    74    52    28    15    19
    21    27    29    49    67    97   109   120    66    33    25    16
    25    14    24    36    37    78    99    76    56    42    25    19
    28    35    28    37    84   151   190   142    94    82    39    50
    24    25    30    27    49    75   123    84    56    39    44    30
    59    36    31    39    81   113   139   146    96   103    65    70
    31    22    17    22    34    48    67    71    33    46    39    33
    63    44    29    16    45    40    91   100    64    64    59    74
    28    23    21    16    21    25    49    53    35    35    22    21
    33    17    25    17    26    24    62    48    47    28    23    36
    30    25    13    22    29    33    54    49    19    34    31    35
    26    12     5    17    24    22    37    38    17    23    17    16
    14    15    15     4    12     6    25    30    12    12    23    13
     7    11    13     6    11     3     8    13     4     3     8     9
    16    17    14    13    15     4    11    12     3     5    13    19
     9    12     8     6     8     5     5     9     2     4    11    10
    23    11    18    17    11     4     6     7     1    10    10    15
    19    13     8    18    15     3     4     5     3    11     8    27
    23    12    13     8    13    10     4     5     6    20     9    19
    36    25    20    16    11    12     6    11    17    23    19    22
    24     8     5    14    12     5     6     3    12    15     8    18
    35    43    23    25    18    13     9    17    27    33    46    30
    34    38    25    23    27    10     6    11    23    25    27    34
    77    58    51    40    32    28    22    29    69    45    48    60
     5
    63    52    47    36    42    30    12    20    52    55    44    55
    60    65    52    63    64    45    24    35    76    69    60    73
    33    35    22    35    31    25    16    21    47    42    27    22
    39    26    27    39    41    34    20    23    42    35    17    20
    15    30    34    31    36    33    20    27    38    25    19    15
     9    18    15    26    27    20    26    29    25    11     5     8
    12    12    37    32    18    30    24    39    34    21     9    12
     3     7     7    14    24    23    13    21     7     5     2     4
     3     9     8    27    33    37    16    50    25     9    12     8
     7     5    11    25    24    24    20    19    18     8     6     0
     8    19    21    27    39    41    35    44    20     9     7     3
    15    13    37    43    66    81    86    71    39    24    10     8
    28    29    32    53    85   112   115   114    48    25    13    10
    39    40    62    79   149   152   164   159    94    58    30    37
    19    33    47    57   107    94   131   128    74    76    26    41
    33    42    85   122   213   274   326   192   135   129    73    55
    35    27    60    64   109   160   201   166   118    91    52    36
    96    78   106   130   196   295   331   250   174   202   117    90
    47    56    38    65    96   116   164   152   106   112    66    66
   106   112    82    77   112   125   204   222   139   141   112   116
    80    59    44    40    52    75   101   109    77    65    70    70
    68    49    61    52    44    77   111   117    63    68    73    78
    37    46    52    46    43    48    67    64    34    51    62    59
    34    29    39    39    42    14    32    39    24    40    33    31
    21    24    34    33    28    11    17    13    11    16    17    24
    20    15    19    16    18     5     4     7     5     7    18    18
    42    27    40    22    17     5     3     8     7     8    29    24
    13    14    21    15    14     1     4     3     1     3    18    16
    24    14    45    39    15     5     0     9     3     5    35    25
    28    35    29    24    23     3     2     3     2    10    25    34
    22    29    21    24    16     1     3     2     7    14    34    28
    46    49    37    40    25    12     3     7     7    31    45    45
    33    22    18    27    29     9     3     7    10    21    17    36
    87    83    59    62    37    18     9    15    22    46    67    71
    46    70    49    22    43    10     9    12    33    48    63    62
   126   142   104    79    91    54    13    46    93   120   125   145
     6
    54    67    45    34    41    15     8     3    35    43    50    74
    50    58    54    61    43    29     5    21    52    51    44    58
    27    25    25    46    23    15     7    14    26    22    17    23
    19    10    12    27    28    13     6    19    21    11     9     6
     7    17    17    27    25    18    10    13    16    16    10    10
     5     4     7    10    14     7     6    13     9     5     1     4
     2     2     6    11    10    11     5    11    13     0     2     5
     0     0     4     2     7     8     2     4     5     1     1     0
     0     2     4    11    14     6     5    17     3     1     0     1
     1     0     4     8     7    13     7     9     4     1     1     0
     0     7     8    11    14    18     3    11    10     2     5     1
     3     3    17    21    25    22    21    26    16     3     4     3
     7    11    31    34    59    42    59    43    16     5     5     3
    14    34    54    78   151   148   111    75    35    31    13    14
     9    30    48    60   125   107   102    74    54    51    30    16
    30    54   124   197   297   235   203   100   112   116    71    34
    20    27    71    85   149   194   161    97   135    93    53    33
    89    66   172   175   302   318   266   179   202   230   112    72
    67    59    74    97   131   158   129   130   121   126    97    53
   125   107   121   125   173   126   163   138   112   146   130   108
    55    45    77    74    65    72    94    95    65    77    81    54
    67    58    67    52    58    66    70    56    48    61    81    79
    49    53    43    45    33    23    20    22    18    45    38    59
    22    22    37    37    22    13    12    15     4    21    31    28
    20    18    26    26    16     6     5     8     3     7    16    21
    22    18    18    32    10     0     0     2     1     7    18    13
    22    25    39    30    17     1     3     0     3     7    16    24
    15    11    22    30    13     1     1     0     0     3    17    12
    20    18    39    24    19     1     0     1     1     9    18    20
    19    14    28    25    21     4     1     0     1     9    18    21
    15    26    21    13    17     3     0     3     1     6    24    25
    43    43    42    44    24     3     1     1     0    11    35    33
    22    33    28    20    14     4     0     1     4    12    42    34
    49    59    82    42    45    12     6     7     9    36    49    70
    53    66    52    39    19     3     7     3    21    33    61    53
   140   130   119    91    66    23    16    27    57    82    95   165
     7
    27    21    18    32     8     5     1     2    15    21    17    30
    26    14    22    28    15     4     1     1    13    16    13    14
    10     6     4    19     4     5     1     2     5     6     4     5
     5     4     5    10     6     3     2     2     7     2     3     2
     2     4     4     5     3     3     0     1     4     1     2     1
     1     1     6     3     3     1     1     1     2     0     0     0
     0     0     4     2     3     0     0     1     0     2     0     0
     0     0     0     0     1     2     0     0     0     0     0     0
     0     0     1     2     1     0     0     4     0     0     0     0
     0     1     0     0     0     0     2     1     0     0     0     0
     0     1     2     3     3     0     0     3     0     0     0     2
     0     0     3     7     9     2     9     5     1     0     1     0
     1     7     6     7    15     6     4     7     5     3     1     0
     0    10    22    29    46    27     8     6    10     7     5     1
     5    16    28    36    47    23    24     9    14    19     8    14
    11    27    52    97   134    75    57    12    34    30    17    10
    13    18    36    56    80    76    59    15    40    41    36    18
    36    34    69    89   125   117    71    40    61    83    54    26
    29    27    56    65    61    67    47    29    57    44    49    28
    51    37    80    78    68    47    38    37    48    59    66    42
    44    39    40    31    38    41    28    19    23    34    37    38
    28    21    41    38    16    19     8    12    13    18    27    34
    18    15    24    14    11     7     0     1     8     6    12    17
     7     6    11     6     6     0     2     2     2     4     5     5
     7     6    16     8    10     1     1     0     0     2    15    11
     5     5     9     9     5     0     1     0     0     0     8     5
    10    10    20    14     8     0     0     0     0     1     8     4
     4     5    13     6     3     0     0     0     0     4     4     4
     8     6    16    10     1     0     1     0     0     2     6     8
     8     7     7    11     3     0     0     1     0     1    10    11
     9     8    10     8     4     0     1     0     0     1    15     6
    13    23    27    18     6     0     0     1     2     4    13     7
    13    16     9     6     4     0     0     0     2     4    17    11
    35    30    32    21    11     1     1     0     3     9    34    21
     8    19    27    17     7     1     1     0     4    14    20    18
    41    37    35    29    22     0     0     4    19    29    43    68
     8
    24    25    20    25     3     5     1     0    11    12    17    31
    22    24    16    22    11     1     1     1     6    17    12    20
    10     4     4    12     5     1     2     1     7     4     2     7
     1     2     3     6     5     0     1     0     3     2     0     1
     2     0     1     8     3     1     2     4     1     3     0     0
     0     0     1     0     2     0     0     1     0     0     0     0
     0     0     3     2     0     2     1     3     1     0     0     0
     0     0     0     1     1     0     0     0     1     0     0     0
     0     0     0     1     2     3     2     1     1     0     0     0
     0     0     0     1     1     3     1     1     0     0     0     0
     0     1     0     3     2     2     1     1     0     1     0     0
     0     0     1     2     2     4     0     3     0     0     0     0
     0     4     3     6    10     5     2     1     0     0     1     0
     0    12    20    20    23    12     5     2     2     4     3     0
     3     9    32    24    44    13     6     2     2    12     9     8
    15    19    60    87   109    56    23     6    11    17     6    10
    18    15    54    57    50    54    21     7    22    30    26    17
    48    40    90   115   158   117    43    23    42    69    56    28
    29    40    65    57    70    82    36    13    21    44    50    44
    51    46    72    75    55    67    23    16    32    40    69    39
    31    38    54    33    30    25    10     1    12    26    40    40
    24    26    36    30    13    16     3     3     6    10    26    28
    12    14    26    12     2     4     0     3     3     6     6    11
    10     4    14     8     6     3     0     0     0     2     2    10
    10     8    28     5     1     0     1     0     0     2    10     5
     7     6     9    13     9     0     0     0     0     0     7     8
    12    13    30    20     7     2     0     0     1     1    11     9
     3    11    15    15     3     0     0     0     0     2     8     7
     7     9    15    14     3     0     1     0     0     2     8     8
    12     8    14    15     4     0     1     0     0     1    10     6
     5    10    10     8     3     0     2     0     0     4     3     7
    19    23    34    20     7     1     0     0     0     4     8     8
    14     9    12    16     4     2     0     0     0     3     8    10
    41    38    33    22     8     2     0     0     8     7    11    12
    18    18    19    20     5     5     1     0     2     8    12     8
    67    51    51    32    15     1     3     0    20    23    49    53
     9
     3     3     2     6     5     0     0     0     2     8     5     6
     5     3     2     3     1     0     1     0     0     0     5     0
     4     1     0     3     0     0     0     0     0     0     1     0
     0     0     0     0     0     0     0     0     0     0     0     0
     0     0     0     1     0     0     1     0     0     2     0     0
     0     0     0     0     0     0     1     0     0     0     0     0
     0     0     0     0     0     0     1     0     0     0     0     0
     0     0     0     0     0     0     0     0     0     0     0     0
     0     0     0     0     0     0     0     0     0     0     0     0
     0     0     0     0     0     0     1     0     0     0     0     0
     0     0     0     0     0     0     0     0     0     0     0     0
     0     0     0     1     0     0     0     1     0     0     0     0
     0     1     1     0     1     0     0     0     1     0     0     0
     0     4     1     2     4     0     0     0     0     0     1     0
     2     1     4     4     4     5     0     0     1     0     0     0
     4     6    15    15    12    11     3     0     0     1     2     2
     4    12     6    11     8     3     3     0     3     1     6     7
     7    10    26    16    11     9     2     1     5     7     3     6
     7     9    16    20    11     7     5     0     3     9     7    10
     5     7     9    17     5     7     4     1     2     9     9    12
     7     9    16    11     5     2     1     0     2     5    10    10
     4     6     5     7     3     1     0     0     0     1     3     4
     1     2     1     2     1     0     0     0     0     0     0     0
     3     1     0     0     1     0     0     0     0     0     0     0
     3     3     5     3     0     0     0     0     0     0     0     1
     1     3     4     2     0     0     0     0     0     0     0     0
     5     3     5     3     0     0     0     0     0     1     1     3
     0     0     6     3     0     0     0     0     0     0     1     3
     1     2     6     2     0     0     0     0     0     0     1     1
     2     2     2     0     0     0     0     0     1     0     3     0
     0     4     3     5     0     0     0     0     0     1     3     0
     1     6     4     2     1     0     0     0     0     0     1     0
     1     4    11     2     0     0     0     1     0     1     0     1
     7     6    10     0     0     0     0     0     0     1     1     3
     2     4     3     2     1     0     0     0     0     0     5     0
     7     5     8     6     7     0     1     0     6     3     6     6
    10
     3     2     5     3     0     0     0     0     0     4     1     4
     5     2     1     7     0     0     0     0     0     2     1     3
     1     1     1     0     0     0     0     0     1     0     2     0
     0     0     0     1     0     0     0     0     0     0     0     0
     0     0     0     0     1     0     0     0     0     0     0     0
     0     0     0     1     0     0     0     0     0     0     0     0
     0     0     0     0     0     0     0     0     0     0     0     0
     0     0     0     0     0     0     0     0     0     0     0     0
     0     0     0     0     0     0     0     0     0     0     0     0
     0     0     0     0     0     0     0     0     0     0     0     0
     0     0     0     0     0     0     0     0     0     0     0     0
     0     0     0     0     0     0     0     0     0     0     0     0
     0     1     0     0     0     0     0     0     0     0     0     0
     0     0     1     2     0     1     0     0     0     0     0     0
     1     4     5     3     2     0     1     0     0     0     0     0
     2     2    11     3     4     0     0     0     1     1     0     1
     4     0     8     2     3     0     2     0     1     1     3     1
     1     6     8     7     7     2     0     0     4     9     1     5
     1     4    12     6     6     6     1     0     0    10     2     5
     6     2     9    10     4     3     0     0     1     5     6     3
     4     6     7     4     5     0     0     0     0     0     3     3
     4     2     5     6     0     0     0     0     0     0     1     1
     0     2     1     1     1     0     0     0     0     0     1     0
     0     2     0     0     0     0     1     0     0     0     0     0
     1     1     1     0     0     0     0     0     0     0     3     0
     1     0     3     2     1     0     0     0     0     0     2     0
     2     4     6     3     0     0     0     0     0     0     3     1
     0     2     1     1     0     0     0     1     0     1     0     1
     0     3     1     4     0     0     0     0     0     0     0     1
     2     1     2     2     0     0     0     0     0     0     0     0
     0     5     2     2     0     0     0     0     0     0     0     0
     1     4     4     4     1     0     0     0     0     1     0     1
     0     1     2     1     1     0     0     0     1     1     0     0
     3     6     6     1     1     0     0     0     0     1     0     2
     0     2     3     1     0     0     0     0     0     2     2     0
     6     7    12     3     1     0     0     0     1     3     1     4
    11
     3     3     2     1     0     0     0     0     0     1     1     0
     0     1     2     2     1     1     0     0     0     0     0     1
     0     0     0     0     0     0     0     0     0     0     0     0
     0     0     0     0     0     0     0     0     0     0     0     0
     0     0     0     0     0     0     0     0     0     1     0     0
     0     0     0     0     0     0     0     0     0     0     0     0
     0     0     0     0     0     0     0     0     0     0     0     0
     0     0     0     0     0     0     0     0     0     0     0     0
     0     0     0     0     0     1     0     0     0     0     0     0
     0     0     0     0     0     0     0     0     0     0     0     0
     0     0     0     0     0     0     0     1     0     0     0     0
     0     0     0     0     0     0     0     0     0     0     0     0
     0     0     0     0     0     0     0     0     0     0     0     0
     0     0     0     0     2     0     0     0     0     0     0     0
     0     3     1     0     0     0     0     0     0     0     0     1
     1     2     3     1     2     1     0     0     0     0     1     0
     4     2     4     3     1     0     0     0     0     0     0     3
     5     3     7     6     7     1     1     1     2     2     2     7
     2     1     0    10     6     1     0     0     0     1     2     1
     2     3    10     9     1     1     0     0     0     1     3     3
     4     5     1     1     0     0     0     0     0     0     2     1
     0     0     4     1     1     0     0     0     0     0     1     1
     0     0     0     0     0     0     0     0     0     0     0     0
     0     0     1     2     0     0     0     0     0     0     0     0
     1     2     2     5     0     0     0     0     0     0     0     0
     0     1     6     4     0     0     0     0     0     0     1     0
     6     2    12     1     0     0     0     0     0     0     0     2
     1     1     6     4     0     0     0     0     0     0     1     0
     5     2     6     4     0     0     0     1     0     0     1     0
     0     5     4     1     0     0     0     0     0     0     0     0
     0     1     1     4     0     0     0     0     0     0     0     0
     2     3     1     4     1     0     0     0     0     1     1     1
     0     2     2     1     0     0     0     0     0     0     1     0
     2     3     2     4     0     0     0     0     0     0     0     0
     0     1     2     1     0     0     0     0     0     0     1     1
     1     3     8     2     1     1     0     0     0     1     1     3
    12
     1     0     0     0     0     0     0     0     0     0     0     1
     0     0     0     0     0     0     0     0     0     0     0     0
     0     0     0     0     0     0     0     0     0     0     0     0
     0     0     0     0     0     0     0     0     0     0     0     0
     0     0     0     0     0     0     0     0     0     0     0     0
     0     0     0     0     0     1     0     0     0     0     0     0
     0     0     0     0     0     1     0     0     0     0     0     0
     0     0     0     0     0     0     0     0     0     1     0     0
     0     0     0     0     0     0     0     0     0     0     0     0
     0     0     0     0     0     0     0     0     0     0     0     0
     0     0     0     0     0     0     0     1     0     0     0     0
     0     0     0     0     0     0     0     0     0     0     0     0
     0     0     0     0     0     0     0     0     0     0     0     0
     0     0     1     1     0     0     0     0     0     0     0     0
     0     0     0     0     0     0     0     0     0     0     0     0
     1     1     1     1     0     0     0     0     0     0     0     0
     0     0     0     0     0     0     0     0     0     0     0     0
     1     0     0     0     0     0     0     0     0     0     0     0
     3     1     2     1     0     0     0     0     0     0     1     1
     0     1     1     0     0     0     0     0     0     0     2     1
     0     0     2     0     0     0     0     0     0     0     0     0
     0     0     2     1     0     0     0     0     0     0     0     0
     0     0     0     0     0     0     0     0     0     0     0     0
     0     0     1     1     0     0     0     0     0     0     0     0
     0     0     4     2     0     0     0     0     0     0     0     0
     1     0     2     0     0     0     0     0     0     0     0     0
     0     0     9     1     0     0     0     0     0     0     0     1
     0     0     0     0     0     0     0     0     0     0     0     0
     2     1     2     1     0     0     0     0     0     0     0     2
     1     0     1     1     0     0     0     0     0     1     0     0
     0     0     0     1     0     0     0     0     0     0     0     0
     0     1     0     0     0     0     0     0     0     0     0     0
     1     0     0     1     0     0     0     0     0     0     0     0
     0     1     0     1     0     1     0     0     0     0     0     0
     1     0     0     0     0     0     0     0     0     0     0     0
     0     1     0     0     0     0     0     0     0     1     0     0
    13
     0     0     0     0     0     0     0     0     0     0     0     0
     0     0     0     0     0     0     0     0     0     0     0     0
     0     0     0     0     0     0     0     0     0     0     0     0
     0     0     0     0     0     0     0     0     0     0     0     0
     0     0     0     0     0     0     0     0     0     0     0     0
     0     0     0     0     0     0     0     0     0     0     0     0
     0     0     0     0     0     0     0     0     0     0     0     0
     0     0     0     0     0     0     0     0     0     0     0     0
     0     0     0     0     0     0     0     0     0     0     0     0
     0     0     0     0     0     0     0     0     0     0     0     0
     0     0     0     0     0     0     0     0     0     0     0     0
     0     0     0     0     0     0     0     0     0     0     0     0
     0     0     0     0     0     0     0     0     0     0     0     0
     0     0     0     0     0     0     0     0     0     0     0     0
     0     0     0     0     0     0     0     0     0     0     0     0
     0     0     0     0     0     0     0     0     0     0     0     0
     0     0     0     0     0     0     0     0     0     0     0     0
     0     0     0     0     0     0     0     0     0     0     0     0
     0     0     0     0     0     0     0     0     0     0     0     0
     0     0     0     0     0     0     0     0     0     0     0     0
     0     0     0     0     0     0     0     0     0     0     0     0
     0     0     0     0     0     0     0     0     0     0     0     0
     0     0     0     0     0     0     0     0     0     0     0     0
     0     0     0     0     0     0     0     0     0     0     0     0
     0     0     1     0     0     0     0     0     0     0     0     0
     0     0     2     0     0     0     0     0     0     0     0     0
     0     0     0     1     0     0     0     0     0     0     0     0
     0     0     1     0     0     0     0     0     0     0     0     1
     0     0     0     0     0     0     0     0     0     0     0     0
     0     0     1     0     0     0     0     0     0     0     0     0
     0     0     0     0     0     0     0     0     0     0     0     0
     0     0     0     0     0     0     0     1     0     0     0     0
     0     0     0     1     0     0     0     0     0     0     0     0
     0     0     0     0     0     0     0     0     0     0     0     0
     0     0     0     0     0     0     0     0     0     0     0     0
     0     0     0     0     0     0     0     0     0     0     0     0
    14
     0     0     0     0     0     0     0     0     0     0     0     0
     0     0     0     0     0     1     0     0     0     0     0     0
     0     0     0     0     0     0     0     0     0     0     0     0
     0     0     0     0     0     0     0     0     0     0     0     0
     0     0     0     0     0     0     0     0     0     0     0     0
     0     0     0     0     0     0     0     0     0     0     0     0
     0     0     0     0     0     0     0     0     0     0     0     0
     0     0     0     0     0     0     0     0     0     0     0     0
     0     0     0     0     0     0     0     0     0     0     0     0
     0     0     0     0     0     0     0     0     0     0     0     0
     0     0     0     0     0     0     0     0     0     0     0     0
     0     0     0     0     0     0     0     0     0     0     0     0
     0     0     0     0     0     0     0     0     0     0     0     0
     0     0     0     0     0     0     0     0     0     0     0     0
     0     0     0     0     0     0     0     0     0     0     0     0
     0     0     0     0     0     0     0     0     0     0     0     0
     0     0     0     0     0     0     0     0     0     0     0     0
     0     0     0     0     0     0     0     0     0     0     0     0
     0     0     0     0     0     0     0     0     0     0     0     0
     0     0     0     0     0     0     0     0     0     0     0     0
     0     0     0     0     0     0     0     0     0     0     0     0
     0     0     0     0     0     0     0     0     0     0     0     0
     0     0     0     0     0     0     0     0     0     0     0     0
     0     0     0     0     0     0     0     0     0     0     0     0
     0     0     0     0     0     0     0     0     0     0     0     0
     0     0     0     1     0     0     0     0     0     0     0     0
     0     0     2     1     0     0     0     0     0     0     0     0
     0     0     0     0     0     0     0     0     0     0     0     0
     0     0     0     0     0     0     0     0     0     0     0     0
     0     0     1     0     0     0     0     0     0     0     0     0
     0     0     0     0     0     0     0     0     0     0     0     0
     0     0     0     0     0     0     0     0     0     0     0     0
     0     0     0     1     0     0     0     0     0     0     0     0
     0     0     0     0     0     0     0     0     0     0     0     0
     0     0     0     0     0     0     0     0     0     0     0     0
     0     0     0     0     0     0     0     0     0     0     0     0
    15
     0     0     0     0     0     0     0     0     0     0     0     0
     0     0     0     0     0     0     0     0     0     0     0     0
     0     0     0     0     0     0     0     0     0     0     0     0
     0     0     0     0     0     0     0     0     0     0     0     0
     0     0     0     0     0     0     0     0     0     0     0     0
     0     0     0     0     0     0     0     0     0     0     0     0
     0     0     0     0     0     0     0     0     0     0     0     0
     0     0     0     0     0     0     0     0     0     0     0     0
     0     0     0     0     0     0     0     0     0     0     0     0
     0     0     0     0     0     0     0     0     0     0     0     0
     0     0     0     0     0     0     0     0     0     0     0     0
     0     0     0     0     0     0     0     0     0     0     0     0
     0     0     0     0     0     0     0     0     0     0     0     0
     0     0     0     0     0     0     0     0     0     0     0     0
     0     0     0     0     0     0     0     0     0     0     0     0
     0     0     0     0     0     0     0     0     0     0     0     0
     0     0     0     0     0     0     0     0     0     0     0     0
     0     0     0     0     0     0     0     0     0     0     0     0
     0     0     0     0     0     0     0     0     0     0     0     0
     0     0     0     0     0     0     0     0     0     0     0     0
     0     0     0     0     0     0     0     0     0     0     0     0
     0     0     0     0     0     0     0     0     0     0     0     0
     0     0     0     0     0     0     0     0     0     0     0     0
     0     0     0     0     0     0     0     0     0     0     0     0
     0     0     0     0     0     0     0     0     0     0     0     0
     0     0     0     0     0     0     0     0     0     0     0     0
     0     0     1     0     0     0     0     0     0     0     0     0
     0     0     0     0     0     0     0     0     0     0     0     0
     0     0     0     0     0     0     0     0     0     0     0     0
     0     0     0     0     0     0     0     0     0     0     0     0
     0     0     0     0     0     0     0     0     0     0     0     0
     0     0     0     0     0     0     0     0     0     0     0     0
     0     0     0     0     0     0     0     0     0     0     0     0
     0     0     0     0     0     0     0     0     0     0     0     0
     0     0     0     0     0     0     0     0     0     0     0     0
     0     0     0     0     1     0     0     0     0     0     0     0
    16
     0     0     0     0     0     0     0     0     0     0     0     0
     0     0     0     0     0     0     0     0     0     0     0     0
     0     0     0     0     0     0     0     0     0     0     0     0
     0     0     0     0     0     0     0     0     0     0     0     0
     0     0     0     0     0     0     0     0     0     0     0     0
     0     0     0     0     0     0     0     0     0     0     0     0
     0     0     0     0     0     0     0     0     0     0     0     0
     0     0     0     0     0     0     0     0     0     0     0     0
     0     0     0     0     0     0     0     0     0     0     0     0
     0     0     0     0     0     0     0     0     0     0     0     0
     0     0     0     0     0     0     0     0     0     0     0     0
     0     0     0     0     0     0     0     0     0     0     0     0
     0     0     0     0     0     0     0     0     0     0     0     0
     0     0     0     0     0     0     0     0     0     0     0     0
     0     0     0     0     0     0     0     0     0     0     0     0
     0     0     0     0     0     0     0     0     0     0     0     0
     0     0     0     0     0     0     0     0     0     0     0     0
     0     0     0     0     0     0     0     0     0     0     0     0
     0     0     0     0     0     0     0     0     0     0     0     0
     0     0     0     0     0     0     0     0     0     0     0     0
     0     0     0     0     0     0     0     0     0     0     0     0
     0     0     0     0     0     0     0     0     0     0     0     0
     0     0     0     0     0     0     0     0     0     0     0     0
     0     0     0     0     0     0     0     0     0     0     0     0
     0     0     0     0     0     0     0     0     0     0     0     0
     0     0     0     0     0     0     0     0     0     0     0     0
     0     0     0     0     0     0     0     0     0     0     0     0
     0     0     0     0     0     0     0     0     0     0     0     0
     0     0     0     0     0     0     0     0     0     0     0     0
     0     0     0     0     0     0     0     0     0     0     0     0
     0     0     0     0     0     0     0     0     0     0     0     0
     0     0     0     0     0     0     0     0     0     0     0     0
     0     0     0     0     0     0     0     0     0     0     0     0
     0     0     0     0     0     0     0     0     0     0     0     0
     0     0     0     0     0     0     0     0     0     0     0     0
     0     0     0     0     0     0     0     0     0     0     0     0
    17
     0     0     0     0     0     0     0     0     0     0     0     0
     0     0     0     0     0     0     0     0     0     0     0     0
     0     0     0     0     0     0     0     0     0     1     0     0
     0     0     0     0     0     0     0     0     0     0     0     0
     0     0     0     0     0     0     0     0     0     0     0     0
     0     0     0     0     0     0     0     0     0     0     0     0
     0     0     0     0     0     0     0     0     0     0     0     0
     0     0     0     0     0     0     0     0     0     0     0     0
     0     0     0     0     0     0     0     0     0     0     0     0
     0     0     0     0     0     0     0     0     0     0     0     0
     0     0     0     0     0     0     0     0     0     0     0     0
     0     0     0     0     0     0     0     0     0     0     0     0
     0     0     0     0     0     0     0     0     0     0     0     0
     0     0     0     0     0     0     0     0     0     0     0     0
     0     0     0     0     0     0     0     0     0     0     0     0
     0     0     0     0     0     0     0     0     0     0     0     0
     0     0     0     0     0     0     0     0     0     0     0     0
     0     0     0     0     0     0     0     0     0     0     0     0
     0     0     0     0     0     0     0     0     0     0     0     0
     0     0     0     0     0     0     0     0     0     0     0     0
     0     0     0     0     0     0     0     0     0     0     0     0
     0     0     0     0     0     0     0     0     0     0     0     0
     0     0     0     0     0     0     0     0     0     0     0     0
     0     0     0     0     0     0     0     0     0     0     0     0
     0     0     0     0     0     0     0     0     0     0     0     0
     0     0     0     0     0     0     0     0     0     0     0     0
     0     0     0     0     0     0     0     0     0     0     0     0
     0     0     0     0     0     0     0     0     0     0     0     0
     0     0     0     0     0     0     0     0     0     0     0     0
     0     0     0     0     0     0     0     0     0     0     0     0
     0     0     0     0     0     0     0     0     0     0     0     0
     0     0     0     0     0     0     0     0     0     0     0     0
     0     0     0     0     0     0     0     0     0     0     0     0
     0     0     0     0     0     0     0     0     0     0     0     0
     0     0     0     0     0     0     0     0     0     0     0     0
     0     0     0     0     0     0     0     0     0     0     0     0
