23
Oklahoma City, OK 13967
     0
      -1.200       1.100       7.100      13.300      18.200      22.700
      26.100      25.000      21.100      14.300       6.600        .600
       3.900       6.600      12.100      17.700      22.700      26.700
      30.000      29.300      25.600      18.800      11.600       5.500
      10.000      12.100      17.700      22.700      26.100      30.000
      33.200      32.700      29.300      23.200      16.700      10.600
      41.000      40.000      36.000      37.000      47.000      48.000
      41.000      41.000      43.000      40.000      42.000      45.000
      58.000      58.000      53.000      52.000      61.000      59.000
      53.000      53.000      57.000      57.000      59.000      62.000
      77.000      79.000      74.000      71.000      76.000      74.000
      69.000      69.000      73.000      75.000      78.000      80.000
       3.100       3.100       3.500       3.500       3.100       3.100
       2.700       2.700       2.700       3.100       3.100       2.700
       4.400       4.800       5.200       5.200       4.800       4.000
       4.000       4.000       4.000       4.400       4.400       4.400
       5.900       6.300       6.800       6.800       5.900       5.500
       5.200       4.800       5.200       5.500       5.900       5.900
     350.000     350.000     170.000     170.000     170.000     170.000
     170.000     170.000     170.000     170.000     180.000     180.000
     1
       4.019       6.960      12.355      17.880      22.093      26.497
      29.509      29.098      24.855      18.922      11.792       5.154
      58.722      59.366      55.157      54.467      61.440      60.948
      55.140      55.407      58.656      57.818      60.065      62.205
     2
     9     6     5     2     8     6     4     6     6    12     4     9
     7    12     7     6     2     9     7    13    16    15    13     8
     3     5     4     1     2     5     3     4     1     7     0     2
     3     4     5     0     5    10     6     7     7     8     5    10
     6     7     6     2     9    12    11    13    12     9     6    11
     9     2     6    10    11     5     7     5     8     8     8     8
     6     3     1     3    16     8     7    14     8     9    11    12
     2     3     4     3     4     6     5     7    11    11     5     3
     3     8     6     3    16     9     9    13    17    13     5     8
     8     3     5     3     8     7     7    12     5     4     4     6
     6    10     3     2    10    13    14    11    10     9    11    10
    10     8    12     8    10    29    18    21     9    12    10    16
    18     7    11     6    11    22    21    28    10    17     7    14
    13     6    10    16    15    21    33    35    24    14    13    22
    13     4    12     5    14    19    19    32    16     8    10    12
    17    14     8    11    23    27    35    45    23    19    16    23
    10    14     7    10    21    14    27    31    24    13    12    17
    23    15     9    11    12    31    27    44    31    28    21    37
    14    11     8     5    10    16    12    13     8    13     7     8
    14    12     5    10    12    12    17    20    19     9    15    20
     6     2     4     5     5    11     9     9    11     7     5    12
     8     9     2     3     6    10    11     5     8    11     7    14
     9     7    10     8     5     8    15    11     6     9     4    19
     8     6     8     4     9    11     6    12     8     7    10    12
    11     5     6     5     9     7     6     9     9     6    10    13
     9     6     8     8     6     7     5     5     2     1     3     9
     8    10    11     4    11     6     7    13     7    11    11    11
     8     4     6     8     2     4     9     5     6     3     5     6
    12     9    13     8     7     6     5     8    10    10    10    11
    16     6     4     7     3     6     7     7     5     9     6    11
    12    11    12     8    12     5     6     5     4     7    10    15
    15     4     6     2    13    14    10    10    10    10    12     5
     8     6     3     2     9    10     5     2     3     9    15     8
    13     9    13     8     4     8     6    15    12    11    13    14
     6     2     4     5     8     8    11    10     5     9    13    13
    15    12    17    14     8    10    11    12     9    14    15    29
     3
    20    35    20    13    33    27    30    16    23    27    23    36
    24    18    24    25    27    29    32    31    48    33    34    39
    22    16     8    18    28    26    14    15    26    21    14    21
    17    17    12    18    35    25    29    36    33    32    20    13
    16    19    29    29    29    44    40    51    62    42    26    32
    18     8    19    21    33    46    33    39    44    41    14    21
    11    19    16    25    32    51    38    56    60    32    23    24
    12     9    16    19    18    39    35    32    12    20    13    15
    16    23    16    36    48    55    37    77    55    19    22    18
     9    16    18    17    31    23    44    38    29    13     6    14
    22    21    21    28    42    55    49    86    37    27    31    28
    19    18    30    32    57    45    67    84    47    37    32    38
    19    28    28    26    60    78    86   109    47    40    35    39
    39    34    34    45    87   106   139   181   122    88    55    61
    32    29    36    34    68   109   107   151    96    56    57    42
    69    49    34    39    89   162   181   196   129    91    53    85
    43    38    24    45    74   123   150   163    71    89    63    70
    63    57    34    30    69   136   190   164   125   113    68    74
    34    22    13    33    27    43    65    65    63    31    35    33
    57    30    19    30    36    60    57    61    29    36    42    45
    16    22    19    15    20    29    38    25    31    24    33    26
    35    13    11    13    19    25    24    38    28    37    25    28
    39    22    17    12    22    27    31    37    25    32    32    29
    24    20    17    18    17    16    15    28    17    15    19    29
    16    19    18    10    16    20    20    23    15    16     9    26
     6    12     6     8    12    14     9     6     7    11    13     8
    23    15    18    21    16    17    15    19    14    21    23    31
    18    14     8    12    14     8     9     7     7     7     8    19
    23    24    30    15    16    15     7    14     9    17    24    27
    25    27    22    14    22    12     9    11    13    13    28    19
    34    25    14    23    36    21    11    21    23    21    17    26
    41    33    34    33    29    18    20    16    23    37    49    38
    37    29    15    18    28    13    24    12    19    24    28    40
    65    52    35    30    46    24    19    25    32    49    58    48
    41    30    28    22    34    15    31    23    35    39    34    49
    64    42    49    44    71    52    47    53    53    69    72    55
     4
    31    27    30    22    36    21    22    23    37    35    21    30
    19    38    28    28    39    40    24    31    38    37    37    36
    14    14    10    13    16    28    20    18    27    15    12    11
     6    13    19    18    22    28    20    43    20    25    14    15
    23    30    21    29    37    35    30    57    33    26    26    23
    23     9    16    16    20    34    31    26    29    19    14    16
     9    16    12    21    25    40    27    35    31    25     6     8
     6     4     8    15    21    22    16    18    21    15     5     6
    11    14    21    33    46    30    34    46    32    19    17     3
     8     7    15    13    19    21    29    26    21     6     4     6
     8    19    13    29    39    45    42    47    35    14    11     6
     7    19    22    23    45    38    59    61    27    27    19    13
    13    21    22    21    59    59    66    86    55    32    36    27
    30    37    40    62    75   119   114   150    77    63    37    56
    32    31    26    42    81    68   100   112    88    51    48    53
    63    48    45    46   116   159   182   197   130   127    69    75
    49    38    42    49    64   137   140   145    98    82    63    64
    64    32    29    36    82   136   194   170   120   112    65    78
    33    24    14    22    33    54    69    82    40    35    24    32
    57    23    25    20    29    60    86    80    54    44    33    47
    29    20    18    12    26    21    33    38    31    24    13    19
    24    12    18    17    15    14    30    20    22    17    16    23
    30    14    21    21    21    19    28    23    21    29    19    35
    14    10     6    15    12    14    13    15     6     7     9    18
    11    12     6    15    12    19    10     6     7     7     8    18
     8     2     1    11     2     8     9     2     6     2     4    13
     9     7     6    18    12     7     6     9     6     4    11    10
     9     7     8    12    10     4     5     2     2     6    13    16
    21    15    10    13    13    12     3     6     4    14    15    14
    21     8    10    19    11     5     1     6     7    12    17    14
    19    16    14    24    19    11     7     5    11    17    18    18
    36    22    31    28    16    17     8    13    17    27    31    29
    28    31    33    28    22    15     8    11    14    25    25    35
    53    36    39    35    32    25    12    15    24    42    44    34
    47    36    27    29    29    14    21    12    33    30    31    45
    68    56    50    51    64    34    25    31    59    46    63    65
     5
    59    65    55    44    55    41    25    50    55    55    41    66
    47    89    53    65    62    57    40    63    60    54    63    74
    22    29    26    25    34    43    38    31    40    31    15    22
    22    26    28    28    43    27    38    41    34    27    23    14
    18    43    38    52    62    57    64    75    61    45    26    27
    15    15    20    29    34    32    40    44    42    17     7     4
    12    19    31    39    37    43    46    59    17    18    11     7
     7     3    18    19    14    24    18    33    10    12     2     2
    10    30    39    33    46    29    33    54    27    14     7     1
     4    10    18    24    21    19    28    32    12     8     1     6
     4    17    21    37    49    56    53    54    48    19    13    14
    10    22    28    40    64    39    53    48    26    17     7    13
    18    27    36    58    88    51    69    78    58    38    24    14
    45    68    76    76   157   175   156   162   130    82    67    56
    29    41    76    80   122   123   126   145   109    86    62    51
   111    88   135   132   240   269   296   250   220   166   151   112
    87    57    77    94   135   216   208   226   170   139   117    99
   113    91    98    89   199   287   437   322   224   195   137   117
    57    31    32    49    64   113   194   138   100    78    35    56
    73    54    56    68    67   101   216   187    79    99    64    64
    35    23    32    30    31    51    80    71    42    36    36    37
    36    19    41    28    25    35    61    44    36    36    41    41
    51    33    39    36    22    38    59    42    35    26    40    44
     9    11    15    16    14    15    20    15    16    16    19    24
    23    16    26    19    10    18    14    10    10    12    20    14
     6     8    10    22     7     4     7     4     1     5     9     5
     8    15     8    15    12    12     5     4     7     5     6     9
    10    13     9    19     9     1     1     2     0    13     3     8
    16    14    20    29    17    17     3     9     4    16    15    14
    15    18    22    25    17     7     4     6     1    16    16    13
    29    25    25    21    19    13     4     2    10    15    23    19
    51    46    54    52    28    19     6    13    20    44    37    48
    49    47    34    40    36    24     9    14    15    24    50    41
    86    66    82    61    51    35    17    25    42    51    85    80
    71    63    52    58    51    32    23    19    35    68    61    64
   115   128   111   108    98    55    42    48   106    95   122   133
     6
    71    54    45    46    36    26    18    17    32    50    30    59
    35    79    47    58    38    29    28    26    30    58    36    59
    17    32    19    23    25     7    14    31    26    35    13    12
    11    26    24    12    16    14    12    29    23    20    14     6
    10    29    34    37    49    23    28    35    18    18    14    15
     3    10    18    16    19     8     7    14     7     8     6     7
     6     9    19    33    30    18    16    24    11     3     2     1
     5     3     8     4     7     7     3     5     1     3     3     1
    10    10    10    25    14     6    10    14     6     4     1     1
     2     2     8     4     9    11     5     7     4     3     2     1
     0     4    13    17    21     8    15     9    20     8     2     4
     4     4    12    17    22    17    11    18     8    14     4     2
    10    16    32    33    46    21    17    27    16     9    10     7
    30    50    67    68   121    72    65    46    74    72    44    36
    32    51    75    83   108    66    61    51    66    62    50    32
    65    83   131   151   258   236   170   108   159   161   125    94
    79    59   101    97   151   186   148   129   125   137    88   100
    87    74    94   147   268   286   309   237   219   187   126    91
    63    42    59    60    75   140   146   139    98    76    71    41
    71    58    55    87   117   156   231   188   102   116    69    46
    30    27    22    46    26    40    93    75    33    28    32    23
    23    23    24    34    28    19    44    54    28    21    25    20
    36    39    29    36    15    15    57    44    18    32    29    22
     6    11    12    16    15     9    12    10     7    10    19     9
    19    16    18    19    12     9    14     1     3     6    14     4
     3     2     7    12     2     2     1     3     1     1     8     6
     6     5    10    10    10     4     2     3     2     4     5     7
     3     6     9    13     4     3     0     2     3     2     4     5
     9    23    13     8     9     5     1     1     2     9     6     9
     5     9    19    19    12     1     1     4     0     1     7     9
    25    25    24    23    16     7     2     2     3     7    16    21
    40    37    47    42    32    10     4     6     6    29    34    45
    42    36    41    25    22    10     4    11    12    24    38    38
   108    64    90    67    53    20     8    16    26    56   104   113
    89    66    67    51    47    18    11     9    35    50    72    82
   129   140   118    86    73    45    23    34    83   106   112   136
     7
    23    27    25    15     9     9     5     5    11    22    16    18
    12    49    20    24    10     6     7     4     8    29    13    25
    10    11    12     7     4     5     7     6     2    15     4    11
     9     7     8    12    10     6     1     4     2     9     3     4
     5     6    12    18    13    10     5     9     5     6     1     3
     0     2    10     5     8     4     1     2     2     3     2     0
     1     1     9     7     7     3     4     3     1     0     3     0
     1     0     7     1     2     3     1     4     1     0     0     0
     0     3     3     5     2     3     1     1     0     0     0     1
     0     0     1     1     2     1     1     1     0     0     0     0
     0     1     5     5    10     7     4     5     1     1     0     0
     1     2     3     6    12     9     2     7     2     2     1     0
     4     3    10    14    12     2     3     4     1     2     2     4
    10    17    32    42    43    19     7     4    20    26     4     8
    11    15    22    41    40    15    12     9    18    17    16    21
    32    51    70    90   133    86    29    15    32    70    44    34
    18    27    57    63    80    72    36    20    49    49    46    28
    54    29    89   105   154   123    79    48    77    87    70    44
    24    19    24    47    44    72    49    45    49    51    29    16
    36    34    42    61    53    64    77    69    43    59    49    22
    16    14    19    22    14    29    31    36    13    17    15     6
    11     7    14     8     9    10    17    16     3     8    19     7
    14    11    15    13    18    10    17     8     2     6     9     8
     5     4     5    10     6     0     5     1     1     4     4     3
     4     3     4     7     4     1     1     1     0     1     2     3
     1     1     5     2     2     0     0     2     1     1     3     1
     1     0     3     6     0     0     1     0     0     0     1     2
     2     5     1     3     3     0     0     0     0     1     4     3
     5     7     7     3     1     2     0     0     1     1     2     4
     6     1    11     4     3     0     0     0     1     2     4     8
     8    15    13    16     5     1     1     0     1     3    12     5
    25    37    29    34    24     2     0     2     3    10    25    13
    22    32    35    26    20     6     1     1    10     4    24    26
    55    43    50    36    20    11     0     4    12    26    30    59
    52    35    48    34    25     7     6     1    23    18    27    46
    70    86    53    57    30     5     5     6    28    46    47    75
     8
    24    36    14    22     6     0     3     2    10    19    17    27
    25    40    18    21     8     1     4     7    10    19     9    19
     7     5    10     9     8     3     4     4     2    10     7     8
     5     4     2     6     3     3     3     2     5     9     0     7
     0     7    17    13    10     4     0     2     9     2     0     6
     1     2     3     1     2     1     1     2     0     0     1     2
     1     0     7     5     2     4     1     1     0     0     0     0
     0     0     0     1     2     1     0     0     0     0     0     0
     0     1     4     2     1     2     1     2     0     0     0     0
     0     0     1     1     1     0     2     0     0     0     0     0
     0     1     3     3     5    11     7     1     0     0     0     0
     1     3     2     6     1     0     1     3     0     2     0     0
     3     5     6    17     7     2     1     1     1     2     0     2
     8    18    29    44    21    10    12     2     7     6    11     8
    10    15    50    48    26     4     6     3    15    18    10     6
    18    39    60   129   125    47    18     8    28    34    34    21
    24    28    59    66    64    46    20     9    31    53    51    21
    43    55   120   111   164    91    35    19    70    83    65    48
    33    18    53    80    55    53    29    27    35    35    45    26
    42    36    70    66    58    49    69    49    36    44    42    37
    14    13    18    26    15    18    26    17    18    12    20     8
    18     8    18    13     8     9    14     6     5     8    13     4
    13    16    23    25    13     4    13    17     7    13     8     8
     2     5     8     5     4     3     8     2     0     0     3     1
     6     2    14     8     5     3     1     0     0     1     5     2
     1     3     3     4     2     0     0     1     0     1     2     1
     1     1     4     5     4     0     0     0     0     1     0     1
     2     3     3     5     1     0     0     0     0     1     0     0
     3    13    12     5     2     0     0     0     0     2     0     4
     1     8    17    13     0     0     1     0     0     2    11     8
    10    22    21    24     5     1     1     0     1     3    12    11
    38    48    55    31    12     2     3     2     8    29    29    17
    19    31    35    34    15     2     1     0     8    11    45    24
    73    29    65    59    20     8     1     2     5    19    46    62
    49    36    52    42    13     5     6     1    12    36    41    67
    97    61    65    57    18    10     8     2    20    33    46    91
     9
     8    10    10     5     1     0     0     0     1     2     6     9
     5     8     2     1     2     1     0     0     2     6     4     7
     2     0     2     1     0     1     2     1     1     3     1     0
     1     1     1     1     1     0     0     1     0     1     0     1
     1     0     2     0     3     0     0     0     2     0     0     0
     0     0     0     2     0     0     0     0     0     0     0     0
     0     0     1     1     0     0     0     0     0     0     0     0
     0     0     0     0     0     0     0     0     0     0     0     0
     0     0     0     0     0     0     1     0     0     0     0     0
     0     0     1     0     1     0     0     0     0     0     0     0
     0     0     2     3     1     0     0     1     0     0     0     0
     0     0     2     0     1     0     0     0     0     0     0     0
     0     0     4     1     2     1     0     1     0     1     0     1
     1     3     4    12     3     0     0     0     2     6     1     0
     1     3     8     5     5     1     0     2     1     0     5     1
     1     7    14    29    23     9     3     1     4     5     3     2
     5     6    22    22     6     4     1     0     3     6    12     3
    25    10    38    24    39    15     1     2    13    16    20    11
     9     8    17    18    11    11     2     3     2    11    20     5
    16    11    20    30    15    12     5     3     4    19     9     5
    10     8     8     1     5     2     1     4     3     3     2     3
     3     4     2     7     1     0     1     2     4     3     2     0
     1     0     7     7     2     2     1     1     0     1     2     1
     2     1     2     4     1     0     1     0     0     0     1     0
     1     3     2     0     1     1     0     0     0     1     0     1
     1     0     1     0     0     0     0     0     0     0     0     0
     0     3     0     4     0     0     0     0     0     1     1     2
     0     0     2     2     0     0     0     0     0     0     0     2
     0     2     4     0     0     0     0     0     0     0     0     0
     0     1     1     4     1     0     0     0     0     1     2     0
     3     5     8    12     1     0     0     0     0     2     7     5
    13    10    26    13     1     2     0     0     2     6    12     5
    10    15    11     9     1     0     1     0     2     3    12     6
    23    14     9    13     7     2     0     0     8    11    18     9
    16    11     6    10     2     2     1     0     4     5     9    18
    19    16    31    15     2     1     1     0     7     9    15    17
    10
     4     3     9     4     1     0     0     0     1     3     6     5
     3     5     1     4     0     0     0     0     0     1     1     2
     0     0     2     1     0     0     0     0     0     1     0     0
     1     0     0     2     0     0     0     0     1     0     0     2
     0     2     0     0     1     0     0     1     0     0     0     1
     0     0     0     0     0     1     0     0     0     0     0     0
     0     0     0     0     0     0     0     0     0     0     0     0
     0     0     0     0     0     0     0     0     0     0     0     0
     0     0     0     0     0     0     0     0     0     0     0     0
     0     0     0     0     0     0     0     0     0     0     0     0
     0     0     0     1     1     1     0     0     0     0     0     0
     0     0     0     0     0     0     0     0     0     0     0     0
     0     1     0     2     1     0     1     0     0     0     0     0
     0     1     3     8     2     1     0     0     0     0     0     0
     0     1     4     2     1     0     0     1     1     1     1     0
     1     2    11    14    13     2     1     0     2     1     3     4
     3     5    17    15     2     2     0     1     0     3     4     1
     8     7    22    12    12     3     0     0     5     9     7     6
     5     4    10     8     5     5     0     1     2     3     5     6
     9     6    23    24     7     3     2     3     0     5     4     3
     6     1     3     5     1     0     1     0     1     3     3     0
     1     1     6     2     0     0     1     0     0     0     2     1
     6     0     8     4     2     0     2     0     0     6     0     1
     0     1     0     2     0     0     0     0     2     0     1     0
     0     0     6     1     2     1     0     0     0     1     0     0
     0     0     1     1     0     0     0     0     0     0     1     1
     1     0     4     2     1     0     0     0     0     0     1     0
     0     0     1     1     0     0     0     0     0     0     0     1
     0     0     6     2     3     0     0     0     0     0     0     2
     0     1     2     1     2     0     0     0     0     0     3     0
     3     1     6     2     1     0     0     0     0     1     4     1
     4     5    18    10     2     0     0     0     5     5     6     4
     7     8     7     5     2     0     0     0     0     4     5     5
    18    13     7    12     3     0     0     0     8     3    11     6
    14    14    11     5     1     1     1     0     3     3     7    14
     8    14    13     4     2     1     0     0     5     3     4    11
    11
     0     1     8     4     0     0     0     0     1     1     5     2
     3     5     1     3     0     0     0     0     1     0     1     0
     0     0     0     2     0     0     0     0     0     0     0     0
     0     0     0     1     0     0     0     1     0     0     0     0
     0     0     0     1     1     1     0     0     0     0     0     0
     0     0     0     0     0     0     0     0     0     0     0     0
     0     0     0     0     0     0     0     0     0     0     0     0
     0     0     1     0     0     0     0     0     0     0     0     0
     0     0     0     0     0     0     0     0     0     0     0     0
     0     0     0     0     0     0     0     0     0     0     0     0
     0     0     0     0     0     0     0     0     0     0     0     0
     0     0     0     0     0     0     0     0     0     0     0     0
     0     0     0     0     0     0     0     0     0     0     0     0
     0     2     2     1     1     0     1     0     0     0     0     0
     0     1     2     2     2     0     0     0     0     0     0     0
     0     3     5     6     2     1     2     0     1     1     0     0
     0     2     9     3     1     1     0     0     0     2     2     0
     4     5     4     7    12     1     0     0     0     4     4     3
     5     2    10     9     1     1     0     1     0     1     4     4
    10     7    20    13    12     3     1     0     2     6     8     6
     0     0     4     8     0     2     0     1     0     1     2     4
     1     0     2     3     1     0     0     0     0     0     2     0
     1     2    12     4     2     1     0     0     0     1     0     3
     0     0     1     2     0     0     0     0     0     0     0     0
     0     0     3     1     3     0     0     0     0     0     1     0
     0     2     1     2     0     0     0     0     0     1     2     0
     0     0     3     0     3     0     0     0     0     0     0     0
     0     2     0     1     0     0     0     0     0     0     0     0
     0     0     9     3     2     0     0     0     0     0     0     0
     0     3     2     3     0     0     0     0     0     0     1     0
     0     2     7     7     1     0     0     0     0     0     4     3
     7     7    18     8     1     0     0     0     0     0     8     2
     4     7    10     3     2     0     0     0     1     3     5     8
    16     7    13     8     4     0     0     0     2     0     6    14
     6    22     8     7     2     1     0     0     2     1     3     8
     9     9    14     6     2     0     0     0     2     1    11     6
    12
     1     0     5     0     0     0     0     0     0     1     1     0
     2     0     3     1     0     0     0     0     0     0     1     0
     0     0     0     0     0     0     1     0     0     0     0     0
     0     0     0     1     0     0     0     0     0     0     0     0
     0     0     0     0     0     0     0     0     0     0     0     0
     0     0     0     0     0     0     0     0     0     0     0     0
     0     0     0     0     0     0     0     0     0     0     0     0
     0     0     0     0     0     0     0     0     0     0     0     0
     0     0     0     0     0     0     0     0     0     0     0     0
     0     0     0     0     0     0     0     0     0     0     0     0
     0     0     0     0     0     0     0     1     0     0     0     0
     0     0     0     0     0     0     0     0     0     0     0     0
     0     0     1     0     0     0     0     0     0     0     0     0
     0     0     1     0     0     0     0     0     0     0     0     0
     0     0     1     0     5     0     0     0     0     0     0     0
     0     0     4     0     0     0     0     0     0     0     0     0
     0     0     1     0     0     0     0     0     0     0     0     0
     0     0     3     1     0     1     0     0     0     0     1     0
     1     2     1     0     0     0     0     0     0     0     1     1
     0     2     9     3     1     1     1     0     2     0     0     1
     0     1     2     0     0     0     0     0     0     0     0     0
     0     0     3     2     0     0     0     0     0     0     0     0
     2     3     3     6     0     0     0     0     0     1     1     2
     2     0     1     2     0     0     0     0     0     0     0     0
     0     0     1     2     0     0     0     0     0     1     0     0
     0     0     0     1     0     1     0     0     0     1     0     0
     0     0     0     0     0     0     0     0     0     0     1     0
     0     0     0     0     0     0     0     0     0     0     0     0
     0     0     4     1     1     0     0     0     0     0     0     1
     2     1     0     2     1     0     0     0     0     1     0     1
     1     1     1     3     0     0     0     0     0     0     1     0
     5     4     3     3     0     0     0     0     0     0     2     3
     2     2     3     1     0     0     0     0     0     0     3     1
     4     4     4     3     2     0     0     0     1     0     3     3
     1     9     1     3     0     0     0     0     0     0     0     3
     6     1     7     1     0     0     0     0     0     1     2     1
    13
     0     0     0     0     0     0     0     0     0     0     0     0
     0     0     1     0     0     0     0     0     0     0     0     0
     0     0     0     0     0     0     0     0     0     0     0     0
     0     0     0     0     0     0     0     0     0     0     0     0
     0     0     0     0     0     0     0     0     0     0     0     0
     0     0     0     0     0     0     0     0     0     0     0     0
     0     0     0     0     0     0     0     0     0     0     0     0
     0     0     0     0     0     0     0     0     0     0     0     0
     0     0     0     0     0     0     0     0     0     0     0     0
     0     0     0     0     0     0     0     0     0     0     0     0
     0     0     0     0     0     0     0     0     0     0     0     0
     0     0     0     0     0     0     0     0     0     0     0     0
     0     0     0     0     0     0     0     0     0     0     0     0
     0     0     0     0     0     0     0     0     0     0     0     0
     0     0     0     0     0     0     0     0     0     0     0     0
     0     0     0     0     1     0     0     0     0     0     0     0
     0     0     0     0     0     0     0     0     0     0     0     0
     0     0     0     0     0     0     0     0     0     0     0     0
     0     0     0     0     0     0     0     0     0     0     0     0
     0     0     3     0     0     0     0     0     0     0     0     0
     0     0     0     0     0     0     0     0     0     0     0     0
     0     0     0     2     0     0     0     0     0     0     0     0
     0     0     0     1     0     0     0     0     0     0     0     0
     0     0     0     1     0     0     0     0     0     0     1     0
     0     0     1     1     0     0     0     0     0     0     0     0
     0     0     0     1     0     0     0     0     0     0     0     0
     0     0     0     0     0     0     0     0     0     0     0     0
     0     0     0     0     0     0     0     0     0     0     0     0
     0     0     3     0     0     0     0     0     0     0     0     0
     0     0     0     0     0     0     0     0     0     0     1     0
     0     0     0     2     0     0     0     0     0     0     0     0
     0     0     1     1     0     0     0     0     0     0     0     2
     1     0     0     1     0     0     0     0     0     0     0     0
     1     1     0     0     0     0     0     0     1     0     0     3
     0     0     0     0     0     1     0     0     2     0     0     0
     0     0     0     0     0     0     0     0     0     0     0     0
    14
     1     0     0     0     0     0     0     0     0     0     0     0
     0     0     0     0     0     0     0     0     0     0     0     0
     0     0     0     0     0     0     0     0     0     0     0     0
     0     0     0     0     0     0     0     0     0     0     0     0
     0     0     0     0     0     0     1     0     0     0     0     0
     0     0     0     0     0     0     0     0     0     0     0     0
     0     0     0     0     0     0     0     0     0     0     0     0
     0     0     0     0     0     0     0     0     0     0     0     0
     0     0     0     0     0     0     0     0     0     0     0     0
     0     0     0     0     0     0     0     0     0     0     0     0
     0     0     0     0     0     0     0     0     0     0     0     0
     0     0     0     0     0     0     0     0     0     0     0     0
     0     0     0     0     0     0     0     0     0     0     0     0
     0     0     0     0     0     0     0     0     0     0     0     0
     0     0     1     0     0     0     0     0     0     0     0     0
     0     0     0     0     0     0     0     0     0     0     0     0
     0     0     0     0     0     0     0     0     0     0     0     0
     0     0     0     0     0     0     0     0     0     0     0     0
     0     0     0     0     0     0     0     0     0     0     0     0
     0     0     0     0     0     0     0     0     0     0     0     0
     0     0     0     1     0     0     0     0     0     0     0     0
     0     0     0     1     0     0     1     0     0     0     0     0
     0     0     1     0     0     0     0     0     0     0     0     0
     1     0     0     0     0     0     0     0     0     0     1     0
     0     0     1     0     0     0     0     0     0     0     0     0
     0     0     0     0     0     0     0     0     0     0     0     0
     0     0     0     0     0     0     0     0     0     0     0     0
     0     0     0     0     0     0     0     0     0     0     0     0
     0     0     0     0     1     0     0     0     0     0     0     0
     0     0     0     0     0     0     0     0     0     0     0     0
     0     0     1     2     0     0     0     0     0     0     0     0
     0     0     2     0     0     0     0     0     0     0     0     1
     1     0     2     0     0     0     0     0     0     0     0     0
     0     1     0     1     0     0     0     0     0     0     1     0
     0     0     0     0     0     0     0     0     0     0     0     0
     1     0     0     0     0     0     0     0     0     0     0     1
    15
     0     0     0     0     0     0     0     0     0     0     0     0
     0     0     0     0     0     0     0     0     0     0     0     0
     0     0     0     0     0     0     0     0     0     0     0     0
     0     0     0     0     0     0     0     0     0     0     0     0
     0     0     0     0     0     0     0     0     0     0     0     0
     0     0     0     0     0     0     0     0     0     0     0     0
     0     0     0     0     0     0     0     0     0     0     0     0
     0     0     0     0     0     0     0     0     0     0     0     0
     0     0     0     0     0     0     0     0     0     0     0     0
     0     0     0     0     0     0     0     0     0     0     0     0
     0     0     0     0     0     0     0     0     0     0     0     0
     0     0     0     0     0     0     0     0     0     0     0     0
     0     0     0     0     0     0     0     0     0     0     0     0
     0     0     0     0     0     0     0     0     0     0     0     0
     0     0     0     0     0     0     0     0     0     0     0     0
     0     0     0     0     0     0     0     0     0     0     0     0
     0     0     0     0     0     0     0     0     0     0     0     0
     0     0     0     0     0     0     0     0     0     0     0     0
     0     0     0     0     0     0     0     0     0     0     0     0
     0     0     0     0     0     0     0     0     0     0     0     1
     0     0     0     0     0     0     0     0     0     0     0     0
     0     0     0     2     0     0     0     0     0     0     0     0
     0     0     0     0     0     0     0     0     0     0     0     0
     0     0     0     0     0     0     0     0     0     0     1     0
     0     0     0     1     0     0     0     0     0     0     0     0
     0     0     0     0     0     0     0     0     0     0     0     0
     0     0     0     0     0     0     0     0     0     0     0     0
     0     0     0     0     0     0     0     0     0     0     0     0
     0     0     0     0     0     0     0     0     0     0     0     0
     0     0     0     0     0     0     0     0     0     0     0     0
     0     0     0     0     0     0     0     0     0     0     0     0
     0     0     0     0     0     0     0     0     0     0     0     0
     0     0     0     0     0     0     0     0     0     0     0     0
     0     1     0     0     0     0     0     0     0     0     0     0
     0     0     0     0     0     0     0     0     0     0     0     0
     1     0     0     0     0     0     0     0     0     0     0     0
    16
     0     0     0     0     0     0     0     0     0     0     0     0
     0     0     0     0     0     0     0     0     0     0     0     0
     0     0     0     0     0     0     0     0     0     0     0     0
     0     0     0     0     0     0     0     0     0     0     0     0
     0     0     0     0     0     0     0     0     0     0     0     0
     0     0     0     0     0     0     0     0     0     0     0     0
     0     0     0     0     0     0     0     0     0     0     0     0
     0     0     0     0     0     0     0     0     0     0     0     0
     0     0     0     0     0     0     0     0     0     0     0     0
     0     0     0     0     0     0     0     0     0     0     0     0
     0     0     0     0     0     0     0     0     0     0     0     0
     0     0     0     0     0     0     0     0     0     0     0     0
     0     0     0     0     0     0     0     0     0     0     0     0
     0     0     0     0     0     0     0     0     0     0     0     0
     0     0     0     0     0     0     0     0     0     0     0     0
     0     0     0     0     0     0     0     0     0     0     0     0
     0     0     0     0     0     0     0     0     0     0     0     0
     0     0     0     0     0     0     0     0     0     0     0     0
     0     0     0     0     0     0     0     0     0     0     0     0
     0     0     1     0     0     0     0     0     0     0     0     0
     0     0     0     0     0     0     0     0     0     0     0     0
     0     0     0     0     0     0     0     0     0     0     0     0
     0     0     0     0     0     0     0     0     0     0     0     0
     0     0     0     0     0     0     0     0     0     0     0     0
     0     0     1     0     0     0     0     0     0     0     0     0
     0     0     0     0     0     0     0     0     0     0     0     0
     0     0     0     0     0     0     0     0     0     0     0     0
     0     0     0     0     0     0     0     0     0     0     0     0
     0     0     0     0     0     0     0     0     0     0     0     0
     0     0     0     0     0     0     0     0     0     0     0     0
     0     0     0     1     0     0     0     0     0     0     0     0
     0     0     0     0     0     0     0     0     0     0     0     0
     0     0     0     0     0     0     0     0     0     0     0     0
     0     0     0     0     0     0     0     0     0     0     0     0
     0     0     0     0     0     0     0     0     0     0     0     0
     0     0     0     0     0     0     0     0     0     0     0     0
    17
     0     0     0     0     0     0     0     0     0     0     0     0
     0     0     0     0     0     0     0     0     0     0     0     0
     0     0     0     0     0     0     0     0     0     0     0     0
     0     0     0     0     0     0     0     0     0     0     0     0
     0     0     0     0     0     0     0     0     0     0     0     0
     0     0     0     0     0     0     0     0     0     0     0     0
     0     0     0     0     0     0     0     0     0     0     0     0
     0     0     0     0     0     0     0     0     0     0     0     0
     0     0     0     0     0     0     0     0     0     0     0     0
     0     0     0     0     0     0     0     0     0     0     0     0
     0     0     0     0     0     0     0     0     0     0     0     0
     0     0     0     0     0     0     0     0     0     0     0     0
     0     0     0     0     0     0     0     0     0     0     0     0
     0     0     0     0     0     0     0     0     0     0     0     0
     0     0     0     0     0     0     0     0     0     0     0     0
     0     0     0     0     0     0     0     0     0     0     0     0
     0     0     0     0     0     0     0     0     0     0     0     0
     0     0     0     0     0     0     0     0     0     0     0     0
     0     0     0     0     0     0     0     0     0     0     0     0
     0     0     0     0     0     0     0     0     0     0     0     0
     0     0     0     0     0     0     0     0     0     0     0     0
     0     0     0     0     0     0     0     0     0     0     0     0
     0     0     0     0     0     0     0     0     0     0     0     0
     0     0     0     0     0     0     0     0     0     0     0     0
     0     0     0     0     0     0     0     0     0     0     0     0
     0     0     0     0     0     0     0     0     0     0     0     0
     0     0     0     0     0     0     0     0     0     0     0     0
     0     0     0     0     0     0     0     0     0     0     0     0
     0     0     0     0     0     0     0     0     0     0     0     0
     0     0     0     0     0     0     0     0     0     0     0     0
     0     0     0     0     0     0     0     0     0     0     0     0
     0     0     0     0     0     0     0     0     0     0     0     0
     0     0     0     0     0     0     0     0     0     0     0     0
     0     0     0     0     0     0     0     0     0     0     0     0
     0     0     0     0     0     0     0     0     0     0     0     0
     0     0     0     0     0     0     0     0     0     0     0     0
    18
     0     0     0     0     0     0     0     0     0     0     0     0
     0     0     0     0     0     0     0     0     0     0     0     0
     0     0     0     0     0     0     0     0     0     0     0     0
     0     0     0     0     0     0     0     0     0     0     0     0
     0     0     0     0     0     0     0     0     0     0     0     0
     0     0     0     0     0     0     0     0     0     0     0     0
     0     0     0     0     0     0     0     0     0     0     0     0
     0     0     0     0     0     0     0     0     0     0     0     0
     0     0     0     0     0     0     0     0     0     0     0     0
     0     0     0     0     0     0     0     0     0     0     0     0
     0     0     0     0     0     0     0     0     0     0     0     0
     0     0     0     0     0     0     0     0     0     0     0     0
     0     0     0     0     0     0     0     0     0     0     0     0
     0     0     0     0     0     0     0     0     0     0     0     0
     0     0     0     0     0     0     0     0     0     0     0     0
     0     0     0     0     0     0     0     0     0     0     0     0
     0     0     0     0     0     0     0     0     0     0     0     0
     0     0     0     0     0     0     0     0     0     0     0     0
     0     0     0     0     0     0     0     0     0     0     0     0
     0     0     0     0     0     0     0     0     0     0     0     0
     0     0     0     0     0     0     0     0     0     0     0     0
     0     0     0     0     0     0     0     0     0     0     0     0
     0     0     0     0     0     0     0     0     0     0     0     0
     0     0     0     0     0     0     0     0     0     0     0     0
     0     0     0     0     0     0     0     0     0     0     0     0
     0     0     0     0     0     0     0     0     0     0     0     0
     0     0     0     0     0     0     0     0     0     0     0     0
     0     0     0     0     0     0     0     0     0     0     0     0
     0     0     0     0     0     0     0     0     0     0     0     0
     0     0     0     1     0     0     0     0     0     0     0     0
     0     0     0     0     0     0     0     0     0     0     0     0
     0     0     0     0     0     0     0     0     0     0     0     0
     0     0     0     0     0     0     0     0     0     0     0     0
     0     0     0     0     0     0     0     0     0     0     0     0
     0     0     0     0     0     0     0     0     0     0     0     0
     0     0     0     0     0     0     0     0     0     0     0     0
