20
Fort Smith, AR 13964
     0
        .000       2.700       8.300      13.800      19.300      23.800
      26.100      25.000      21.700      15.600       7.800       1.700
       4.400       7.100      13.300      18.200      23.200      27.700
      30.000      29.300      25.600      20.000      12.800       6.000
      10.000      12.800      18.800      23.800      27.200      30.600
      33.200      32.700      29.300      24.300      17.700      10.600
      44.000      42.000      38.000      37.000      48.000      50.000
      47.000      46.000      46.000      40.000      45.000      48.000
      61.000      60.000      56.000      55.000      62.000      61.000
      58.000      59.000      60.000      57.000      61.000      64.000
      78.000      78.000      74.000      74.000      79.000      76.000
      74.000      77.000      79.000      78.000      79.000      80.000
       2.400       2.400       2.700       2.400       2.000       2.000
       2.000       2.000       2.000       2.000       2.000       2.400
       3.100       3.500       4.000       3.500       2.700       2.700
       2.400       2.400       2.700       2.700       3.100       3.100
       4.400       4.800       4.800       4.800       4.000       3.500
       3.100       3.100       3.500       4.000       4.400       4.400
      60.000      80.000      80.000     100.000     120.000     100.000
      80.000      80.000      80.000      80.000      80.000      80.000
     1
       4.903       7.938      13.472      18.559      22.910      27.191
      29.635      28.887      25.303      19.784      12.945       6.295
      61.349      59.964      56.506      56.047      62.979      63.002
      60.485      61.505      61.830      58.588      61.690      63.862
     2
     9     7    12    13    12    16    14    18     8    21    16    10
    26    15    19    19    27    39    43    58    48    35    27    29
    22     9    18    13    15    21    34    38    35    20    18    13
    25    14    29    27    51    58    61    81    44    41    31    22
    54    42    41    48    59   104    97   150    96    79    50    51
    59    36    36    45    70    90    97   123    64    58    42    53
    66    53    40    47    83   118   135   154    99    86    79    63
    41    27    30    45    55    76    68    99    78    47    31    31
    48    34    31    51    66   109   131   164   103    75    66    50
    29    20    17    29    41    61    76    86    48    43    29    25
    21    26    19    20    69    68    91    94    64    40    30    23
    30    19    22    30    59    66    88    89    70    39    21    23
    14    10    13    16    41    43    57    37    33    23    15    14
    16    22    19    27    58   101    79    67    59    35    24    30
     9     5     8    15    20    33    23    34    28    12    13     8
    15    12    16    16    64    60    66    62    35    37    22     9
     4     4     8    11    34    40    32    32    18    12    21    11
    11    12    23    30    73    90    82    63    43    32    28    17
    10     8    11    19    35    34    42    32    27    27    10     5
    19    21    14    31    43    48    75    35    41    22    20    12
    11     9     9    13    24    35    35    45    27    20     8    15
    11    16     8    14    24    29    49    40    28    20    17    14
    20    30    22    25    42    41    53    27    38    46    40    40
    26    20    18    12    34    29    43    33    30    17    19    35
    40    31    17    15    33    32    55    44    32    39    40    41
    19    16     8    10    20    25    22    23    19    20    19    32
    44    22    13    21    28    28    37    35    26    36    23    32
     9     9     8     4    12    18    15    14    11    10    10    14
    26    16     7    17    17    16    25    16    29    20    18    17
    14     6     7     5    11    15    23    19    11     9    18    16
     7    11     7     9     7     8    12    10    22    10     9    14
    15    10     7     6    23    22    21    17    27    23    15    20
     7     5     4     6     9     9     5     9    12     9    11    13
    12    13     6    19     9    19    14    22    16    22    24    20
    12     3     8     6     4     7    12    13     9    16     7     8
    21    12    11    18    20    17    26    30    31    31    26    15
     3
    18    13    27    16    14    27    24    22    19    32    17    19
    34    35    35    48    64    57    49    70    65    63    34    37
    25    24    25    21    27    28    37    45    49    31    20    22
    40    40    52    50    47    56    69    94    87    61    46    39
   158    96    89   102   128   121   150   206   176   165   113   126
   158   135   100   121   140   135   134   228   172   148   161   137
   236   181   191   173   200   209   252   375   321   300   246   255
   113    97    89   108   149   177   183   248   233   173   176   126
   134   107   103   142   221   260   249   396   296   218   182   152
    56    38    49    70   117   108   108   164   123   101    64    64
    60    44    46    63   137   161   166   173   121   109    54    67
    36    37    44    57   139   165   109   162   103    88    66    47
    18    24    33    43    85    93    64    79    58    43    31    21
    26    45    56    72   149   184   130   147   102    89    49    31
    13    14    15    29    57    53    38    37    51    28    25    10
    18    22    41    63   132   119   109    91    94    48    51    14
     9    12    25    36    58    57    54    38    38    49    21    13
    25    15    39    75   161   191   160   122   109    68    57    25
    13    12    15    20    66    58    77    43    52    29    25     7
    21    25    43    65   113   155   191    77    63    78    43    28
    16    17    24    38    62    97   107    56    38    36    32    14
    20    24    28    34    56   107   134    71    38    50    29    20
    43    51    52    66    94   148   195    85    75    74    47    50
    44    60    34    39    48    77   114    70    62    50    56    55
   119    93    70    82    64    79   121    76    64    84    76    98
    74    45    38    66    47    34    59    41    27    51    52    50
   123    90    79    64    78    64   110    75    52    87    77   126
    51    33    32    33    37    21    39    41    28    40    40    61
    68    42    50    30    43    56    71    52    52    52    50    81
    37    41    24    24    40    29    47    36    35    45    35    58
    31    24    27    22    31    32    32    27    36    37    21    38
    50    42    37    38    45    37    42    45    54    54    45    48
    19    22    25    15    25    26    24    17    30    48    27    23
    33    21    37    29    33    37    32    34    41    44    35    26
    15    19    26    20    23    22    20    20    14    28    22    19
    39    44    40    38    40    55    51    52    71    51    50    46
     4
    16    10    18    16    11    11     9     9    22    19    13     9
    12    13    15    11    17    21    19    33    36    26    14    10
     7    11    11     7    13     8    15    13    23    10     8     3
     9    17    12    12    13    21    16    27    23    15    14    11
    29    31    35    32    26    26    29    48    39    20    24    44
    63    58    43    35    35    18    30    54    56    37    40    52
   139   112    91    95    99    65    72   131   134    76   129   147
    82    72    59    63    68    40    58    91    82    89    80   104
    85   104    97   116   144   104    82   168   163   111   115    97
    34    47    37    52    57    51    31    52    69    48    37    45
    35    36    39    54    82    65    65    64    53    46    53    33
    27    23    34    35    77    46    51    55    52    49    30    33
     5    13    22    21    30    37    26    21    26    25    19     4
    12    23    47    58    75    68    47    53    34    52    33    18
     7     5    16    28    27    20     9    17    21    14    14     9
     8    13    38    43    75    57    18    32    26    48    32    10
     3     6    10    31    38    35    19    15    16    21    15     5
     9     5    19    66    83    75    39    31    43    52    27     9
     4     5    17    30    24    47    28    15    23    22    12     9
    14    13    38    53    83    83    89    39    47    51    28    13
     9     8    23    32    43    78    72    48    41    22    16    13
    11     7    30    30    55    69    99    37    32    23    19    13
    12    30    28    53    73    91   140    61    52    44    27    13
    19    15    27    34    33    51    69    48    25    27    31    13
    62    46    44    31    28    43    76    34    18    28    39    44
    48    31    20    19    11    22    37    34    11    18    18    40
   109    78    58    52    29    23    47    36    27    32    59    73
    49    28    23    34    27    16    25    17    11    33    32    45
    40    41    34    30    21    26    31    31    23    39    38    48
    20    28    29    28    29    17    27    27    24    18    23    47
    23    25    15    21    14    12    19    11    11    20    17    22
    38    40    37    33    27    30    20    18    26    35    33    39
    21    12    12    13    13    18     8     8    17    20    17    27
    29    32    34    24    16     7    14    18    25    35    20    28
    28    13    20    13    16    21     9     8    17    17     7    14
    22    34    35    38    30    31    16    25    44    35    35    24
     5
    23    21    31    37    21    12     9    16    29    33    15    19
    17    25    22    29    27    35    15    22    33    37    24    12
     2     5    14    16    22     5    12     7    20     9    13    10
     8     6    18    11    15    12    12    18    18    21     6     9
    14    11    18    22    26    16    13    23    25    14    11    11
    30    39    38    36    27    12    18    35    24    14    19    20
    82    97   116    65    70    32    44    96    74    47    69    75
    93    79   103    82    44    26    32    71    53    56    57    98
   134   146   175   171   105    69    60   123    87    67   113   169
    55    56    64    71    57    22    15    56    41    43    49    74
    43    48    65    67    66    40    35    47    54    31    47    53
    18    29    54    71    57    32    19    32    26    39    33    39
     8    10    29    37    31    18    10    15    12    15    18    18
    12    27    60    51    52    21    21    23    35    29    27    15
     4     8    16    25    30    13     6     4    10    15    13     1
    11    16    42    59    85    36     7    22    27    39    21    13
     6     7    19    32    41    21     9    12    19    22    13    11
    13    18    65    80    85    63    39    26    37    66    47    23
     8     3    27    30    46    32    18    14    14    22    22    13
    18    15    92   115   117    87    63    52    54    57    73    34
    19    18    55    59    64    74    52    39    44    30    43    25
    18    24    49    83    67    92    91    43    51    54    43    24
    28    44    72   108   104   117   118    82    74    70    49    38
    25    30    47    52    32    76    68    58    42    37    32    24
    63    42    66    55    25    30    65    38    30    26    44    35
    37    46    52    32    15    14    30    11    12    14    25    24
   105    92    94    72    41    21    54    49    21    33    56    75
    56    38    35    51    36    16    25    16    12    23    38    58
    81    66    79    74    55    27    25    24    13    36    75   101
    36    60    51    61    46    26    22    25    24    32    39    70
    39    56    64    35    30    15    12    12     7    25    40    47
    66    80    78    60    43    25     9    13    22    37    53    85
    46    36    49    33    18    15     6     7    13    31    32    36
    66    72    73    45    38    21    10    12    23    61    66    78
    31    36    46    41    28    16    16     9    25    36    36    38
    59    76    80    57    44    34    23    36    45    88    59    49
     6
    13    11    22    22    11     5    11     5    10    20    14    16
    15    17    14    16    15     4     2     2     7    16    10     9
     1     1     4     8     3     3     2     1     3     7     2     6
     2     3     1     6     2     3     3     5     6     3     5     3
     3     0     6     8     5     2     1     3     8     1     3     1
     3     2     9     6     6     0     6     5     4     3     0     2
    11    24    25    27    15    11     3    11    11     7     9    21
    25    13    39    25    14     9     4    11     6     6     7    28
    48    59    73    50    44    15     7    19    18    14    30    37
    14    24    26    23    19     9     0     7     5     5    12    27
    14    23    38    32    27     5     8     8    14     9    15    20
    12    18    26     9    20     3     3     5     3     9    13    14
     3     6     8     6     8     1     2     2     4     1     6     6
     4     8    27    13    10     4     2     3     4     7     1     3
     2     1     6     8     3     1     0     3     0     3     0     3
     6     6    17    18    20     1     1     3     2     9     5     2
     3     3    13    10     5     5     1     1     0     6     5     4
     5     7    22    38    27    13     4     4     6    17    12     6
     5     0    20    14    13    11     4     3     1     9    14     2
    20     9    47    57    52    16     9     8    11    14    33    20
    16    10    40    32    31    18     6     8    15     8    31    14
    14    20    57    56    32    20    14    12    21    21    29    22
    19    40    62    64    47    35    37    12    22    25    31    17
    16    28    35    37    15    13    16    13    24    13    21     9
    14    22    40    29    12    13     6    10    10    10    12    12
    10    19    22    15    10     3     9     2     6     6     7    15
    42    42    67    48    16     3     9    11     6     9    21    27
    19    39    35    34     8     4     6     6     3     8    27    33
    64    56    71    72    29    12     8     9    10    18    44    50
    40    45    55    64    28    18     3     2     4    18    43    41
    20    36    56    34    26     9     4     1    12     5    27    32
    33    37    59    48    14     9     2     2    11    17    31    29
    27    27    21    30     8     7     3     1     4    10    17    19
    42    32    44    38    12     8     2     6    11    16    34    55
    40    25    31    30    16     5     3     1    10    19    20    22
    47    48    49    39    16    13    12     9    27    29    30    37
     7
     3     7     3     6     4     1     3     2     0     5     4     5
     5     3     2     9     2     0     1     1     3     5     0     4
     0     1     0     1     0     0     0     0     0     3     0     0
     0     3     0     1     1     1     1     1     0     3     1     0
     0     0     0     2     1     0     1     0     0     1     0     0
     0     1     0     0     0     0     0     0     0     1     0     0
     0     1     2     6     2     0     0     1     0     0     0     1
     2     7     3     2     1     1     0     3     0     0     0     2
     2     7    16    10     6     0     1     3     0     1     2     1
     3     4     2     3     2     1     0     0     1     0     1     2
     3     4     8     2     3     0     1     0     0     0     0     0
     2     4     6     2     3     0     0     1     0     0     2     2
     0     0     2     1     0     0     0     0     0     0     0     1
     0     2     1     2     0     0     0     0     0     0     2     0
     0     0     0     0     1     0     0     0     0     1     0     0
     0     2     3     1     1     2     0     0     0     0     0     0
     0     0     2     0     2     1     0     0     0     0     0     0
     0     1     1     3     4     2     0     0     0     1     0     1
     0     0     2     2     1     0     0     0     0     1     0     0
     2     2    12     3     6     0     0     0     0     1     6     0
     5     2     5     6     5     0     0     0     0     0    12     1
     1     4    21    13     5     1     1     3     2     3    15     7
     8     9    18    23    13     2     7     1     2     9     9     7
    13     8     6     9     0     2     1     2     4     3     3     2
     2     4    10     9     2     0     1     0     0     1     3     3
     1     2     3     3     4     0     1     0     1     0     0     4
     4     8    11    12     8     2     1     0     0     3    10    20
     5     2     4    12     1     3     1     0     1     0     4     7
    18    14    34    30     3     2     0     1     2     4    14    23
    18    10    17    16     6     1     1     0     0     5    14    14
     9    10    10    17     6     3     0     1     4     0     8     9
     4    11    18    14     6     0     0     3     1     2     9     8
     6     3     7     3     2     0     1     1     2     0     3     5
     8     9     6     6     2     0     1     1     2     1     4     5
     7     6     6     4     2     0     0     0     0     1     5     7
    10     7     8     9     6     3     3     3     3     4    11     7
     8
     3     2     5     1     1     0     1     1     1     2     2     5
     1     2     2     5     2     1     0     1     0     2     0     3
     0     0     0     1     0     0     0     0     1     1     0     0
     0     0     0     0     0     0     0     0     0     0     0     0
     1     0     0     0     0     2     1     0     0     0     0     0
     0     1     0     1     0     1     0     0     0     0     0     0
     0     0     1     0     3     1     2     0     0     0     1     0
     0     4     0     0     1     1     1     0     0     0     0     0
     0     3     7     3     1     0     2     2     0     1     1     0
     2     3     4     0     0     0     0     0     0     0     0     0
     0     0     5     1     0     0     0     0     0     0     0     0
     1     4     1     0     0     0     1     0     0     1     0     0
     0     0     0     0     0     0     0     0     0     0     0     0
     0     0     0     0     0     0     0     0     0     0     0     0
     0     0     0     0     0     0     0     0     0     0     0     0
     0     0     0     0     0     0     0     0     0     0     0     0
     0     0     0     1     3     0     1     0     0     0     0     0
     0     0     0     2     1     1     0     0     1     0     0     0
     0     0     0     1     1     0     0     0     0     0     0     0
     3     2     2     2     1     1     0     0     0     1     1     0
     3     1     3     3     2     0     0     0     0     0     4     0
     2     5     6     6     2     1     0     0     0     1     1     0
     6     9    15    11     4     1     1     0     0     2     3     3
     3     5     5     6     0     1     0     0     1     0     2     0
     3     2     9     0     0     0     1     0     0     0     2     1
     3     1     4     3     1     1     1     0     0     0     1     2
     5     7     7    14     6     0     1     0     1     0     2     6
     2     5     8     6     4     1     0     1     0     1     2     1
    14     8    35    20     2     2     2     0     2     0    16    13
     8    13    15    13     1     2     0     0     1     1     7     7
     5     3    10     9     2     0     0     0     1     1    10     3
     2     4    10     6     6     0     0     0     0     0     4     7
     4     3     2     5     1     1     0     0     1     0     2     0
     5     4     1     5     1     0     0     0     1     3     7     5
     4     7     0     2     1     0     0     0     1     0     6     1
     1     4     2     4     1     1     1     0     2     2     7     2
     9
     0     1     0     1     0     0     0     0     0     0     1     1
     0     0     0     0     0     0     0     1     0     1     0     0
     0     0     0     1     0     0     0     0     0     0     0     0
     0     0     0     0     0     0     0     1     0     0     0     0
     0     0     0     0     0     0     0     0     0     0     0     0
     0     0     0     0     0     0     0     0     0     0     0     0
     0     0     1     0     0     1     0     0     0     0     0     0
     0     0     0     0     1     0     0     0     0     0     0     0
     0     1     0     0     0     0     0     0     0     0     0     0
     0     1     1     0     0     0     0     0     0     0     0     0
     0     0     0     0     0     0     0     0     0     0     0     0
     0     0     1     0     0     0     0     0     0     1     0     0
     0     0     0     0     0     0     0     0     0     0     0     0
     0     0     0     0     0     0     0     0     0     0     0     0
     0     0     0     0     0     0     0     0     0     0     0     0
     0     0     0     0     0     0     0     0     0     0     0     0
     0     0     0     0     0     0     0     0     0     0     0     0
     0     0     0     0     0     0     0     0     0     0     0     0
     0     0     0     0     0     0     0     0     0     0     0     0
     0     1     0     0     0     0     0     0     0     0     0     0
     0     0     1     0     1     0     0     0     0     0     0     0
     1     2     2     1     0     0     0     0     0     1     0     0
     0     0     2     1     2     0     0     0     0     0     2     1
     0     3     0     0     0     0     0     0     0     0     0     0
     0     1     0     0     0     0     0     0     0     0     1     0
     0     0     0     0     0     0     0     0     0     0     0     0
     0     1     1     1     0     0     0     0     0     0     0     0
     1     1     2     3     0     0     0     0     0     0     3     1
     2     2     6     1     0     0     0     1     0     0     2     3
     3     1     3     3     0     1     0     0     0     0     0     0
     2     0     1     1     2     0     0     0     1     0     0     0
     0     0     1     1     0     0     0     0     0     0     0     0
     0     0     0     0     1     0     0     0     0     0     0     0
     2     0     0     0     0     0     0     0     0     1     0     0
     3     0     0     0     0     0     0     0     0     0     1     0
     2     0     1     0     0     0     0     0     0     0     0     1
    10
     0     0     1     0     0     0     0     0     0     0     0     0
     0     0     2     0     0     0     0     0     0     0     0     0
     0     0     0     0     0     0     0     0     0     0     0     0
     0     0     0     0     0     0     0     0     0     0     0     0
     0     0     0     0     0     0     0     0     0     0     0     0
     0     0     0     0     0     0     0     0     0     0     0     0
     0     0     0     0     0     0     0     0     0     0     0     0
     0     0     1     0     0     0     0     0     0     0     0     0
     0     0     1     0     0     0     0     0     0     0     0     0
     0     0     0     1     0     0     0     0     0     0     0     0
     0     0     0     0     0     0     0     0     0     0     0     0
     0     0     0     0     0     0     0     0     0     0     0     0
     0     0     0     0     0     0     0     0     0     0     0     0
     0     0     0     0     0     0     0     0     0     0     0     0
     0     0     0     0     0     0     0     0     0     0     0     0
     0     0     0     0     0     0     0     1     0     0     0     0
     0     0     0     0     0     0     0     0     0     0     0     0
     0     0     0     0     0     0     0     0     0     0     0     0
     0     0     0     0     0     0     0     0     0     0     0     0
     0     0     0     0     0     0     0     0     0     0     0     0
     0     0     0     0     0     0     0     0     0     0     0     0
     0     0     1     0     1     0     0     0     0     0     1     0
     0     0     0     0     0     0     0     1     0     0     0     0
     0     0     1     3     0     0     0     0     0     0     0     0
     1     1     2     0     0     0     0     0     0     0     0     1
     0     0     1     0     1     0     0     0     0     0     0     0
     1     0     3     1     0     0     0     0     0     0     0     1
     2     0     0     0     0     0     0     0     0     0     0     2
     2     2     1     1     0     0     0     0     0     0     3     1
     0     1     0     4     0     0     0     0     0     0     1     0
     0     1     0     4     0     0     0     0     0     0     1     0
     0     1     0     1     1     0     0     0     1     0     0     0
     0     0     0     0     0     0     0     0     0     0     1     0
     0     0     0     0     0     0     0     0     1     0     0     0
     0     0     0     0     0     1     0     0     0     0     0     0
     0     0     0     0     0     0     0     0     0     0     0     0
    11
     0     0     0     0     0     0     0     0     0     0     0     0
     0     0     0     0     0     0     0     0     0     0     0     0
     0     0     0     0     0     0     0     0     0     0     0     0
     0     0     0     0     0     0     0     0     0     0     0     0
     0     0     0     0     0     0     0     0     0     0     0     0
     0     0     0     0     0     0     0     0     0     0     0     0
     0     0     0     0     0     0     0     0     0     0     0     0
     0     0     0     0     0     0     0     0     0     0     0     0
     0     0     0     0     0     0     0     0     0     0     0     0
     0     0     0     0     0     0     0     0     0     0     0     0
     0     1     0     0     0     0     0     0     0     0     0     0
     0     0     0     0     0     0     0     0     0     0     0     0
     0     0     0     0     0     0     0     0     0     0     0     0
     0     0     0     0     0     0     0     0     0     0     0     0
     0     0     0     0     0     0     0     0     0     0     0     0
     0     0     0     0     0     0     0     0     0     0     0     0
     0     0     0     0     0     0     0     0     0     0     0     0
     0     0     0     0     0     0     0     0     0     0     0     0
     0     0     0     0     0     0     0     0     0     0     0     0
     1     0     0     0     0     0     0     0     0     0     0     0
     0     0     0     0     0     0     0     0     0     0     1     0
     0     0     0     0     0     0     0     0     0     0     0     0
     0     1     1     0     0     0     0     0     0     0     0     0
     0     1     0     0     1     0     0     0     0     0     0     0
     0     3     0     0     0     0     0     0     0     0     0     0
     0     1     0     0     0     0     0     0     0     0     0     0
     0     0     2     0     0     0     0     0     0     0     0     0
     0     1     2     1     0     0     0     0     0     0     1     1
     0     1     0     1     1     0     0     0     0     0     1     6
     0     0     0     1     0     0     0     0     0     0     1     0
     0     1     1     0     0     0     0     0     0     0     0     0
     0     0     0     2     0     0     0     0     0     0     0     1
     0     0     0     0     0     0     0     0     0     0     0     0
     0     0     0     0     1     0     0     0     0     0     0     0
     0     0     0     0     0     0     0     0     0     0     0     0
     0     0     0     0     0     1     0     0     0     0     0     0
    12
     0     0     0     0     0     0     0     0     0     0     0     0
     0     0     0     0     0     0     0     0     0     0     0     0
     0     0     0     0     0     0     0     0     0     0     0     0
     0     0     0     0     0     0     0     0     0     0     0     0
     0     0     0     0     0     0     0     0     0     0     0     0
     0     0     0     0     0     0     0     0     0     0     0     0
     0     0     0     0     1     0     0     0     0     0     0     0
     0     0     0     0     0     0     1     0     0     0     0     0
     0     0     0     0     0     0     0     0     0     0     0     0
     0     0     0     0     0     0     0     0     0     0     0     0
     0     0     0     0     0     0     0     0     0     0     0     0
     0     0     0     0     0     0     0     0     0     0     0     0
     0     0     0     0     0     0     0     0     0     0     0     0
     0     0     0     0     0     0     0     0     0     0     0     0
     0     0     0     0     0     0     0     0     0     0     0     0
     0     0     0     0     0     0     0     0     0     0     0     0
     0     0     0     0     0     0     0     0     0     0     0     0
     0     0     0     0     0     0     0     0     0     0     0     0
     0     0     0     0     0     0     0     0     0     0     0     0
     0     0     0     0     0     0     0     0     0     0     0     0
     0     0     0     0     0     0     0     0     0     0     0     0
     0     0     0     0     1     0     0     0     0     0     0     0
     0     1     0     0     0     0     0     0     0     0     0     0
     0     0     0     0     0     0     0     0     0     0     0     0
     0     0     0     0     1     0     0     0     0     0     0     0
     0     0     0     0     0     0     0     0     0     0     0     0
     0     2     0     0     0     0     0     0     0     0     0     0
     0     1     1     0     0     0     0     0     0     0     0     0
     0     1     1     0     0     0     0     0     0     0     0     0
     0     0     0     0     1     1     0     0     0     0     0     0
     0     0     0     0     0     0     0     0     0     0     0     0
     0     0     0     0     0     0     0     0     0     0     0     0
     0     0     0     0     0     0     0     0     0     0     1     0
     0     0     0     0     0     0     0     0     0     0     0     0
     0     0     0     0     0     0     0     0     0     0     0     0
     0     0     0     0     1     0     0     0     0     0     0     0
    13
     0     0     0     0     0     0     0     0     0     0     0     0
     0     0     0     0     0     0     0     0     0     0     0     0
     0     0     0     0     0     0     0     0     0     0     0     0
     0     0     0     0     0     0     0     0     0     0     0     0
     0     0     0     0     0     0     0     0     0     0     0     0
     0     0     0     0     0     0     0     0     0     0     0     0
     0     0     0     0     0     0     0     0     0     0     0     0
     0     0     0     0     0     0     0     0     0     0     0     0
     0     0     0     0     0     0     0     0     0     0     0     0
     0     0     0     0     0     0     0     0     0     0     0     0
     0     0     0     0     0     0     0     0     0     0     0     0
     0     0     0     0     0     0     0     0     0     0     0     0
     0     0     0     0     0     0     0     0     0     0     0     0
     0     0     0     0     0     0     0     0     0     0     0     0
     0     0     0     0     0     0     0     0     0     0     0     0
     0     0     0     0     0     0     0     0     0     0     0     0
     0     0     0     0     0     0     0     0     0     0     0     0
     0     0     0     0     0     0     0     0     0     0     0     0
     0     0     0     0     0     0     0     0     0     0     0     0
     0     0     0     0     0     0     0     0     0     0     0     0
     0     0     0     0     0     0     0     0     0     0     0     0
     0     0     0     0     0     0     0     0     0     0     0     0
     0     0     0     0     0     0     0     0     0     0     0     0
     0     1     0     0     0     0     0     0     0     0     0     0
     0     0     0     0     0     0     0     0     0     0     0     0
     0     0     0     0     0     0     0     0     0     0     0     0
     0     0     0     0     0     0     0     0     0     0     0     0
     0     0     0     0     0     0     0     0     0     0     0     0
     0     0     0     0     0     0     0     0     0     0     0     0
     0     0     0     0     0     0     0     0     0     0     0     0
     0     0     0     0     0     0     0     0     0     0     1     0
     0     0     0     0     0     0     0     0     0     0     0     0
     0     0     0     0     0     0     0     0     0     0     0     0
     0     0     0     0     0     0     0     0     1     0     0     0
     0     0     0     0     0     0     0     0     0     0     0     0
     0     0     0     0     0     0     0     0     0     0     0     0
    14
     0     0     0     0     0     0     0     0     0     0     0     0
     0     0     0     0     0     0     0     0     0     0     0     0
     0     0     0     0     0     0     0     0     0     0     0     0
     0     0     0     0     0     0     0     0     0     0     0     0
     0     0     0     0     0     0     0     0     0     0     0     0
     0     0     0     0     0     0     0     0     0     0     0     0
     0     0     0     0     0     0     0     0     0     0     0     0
     0     0     0     0     0     0     0     0     0     0     0     0
     0     0     0     0     0     0     0     0     0     0     0     0
     0     0     0     0     0     0     0     0     0     0     0     0
     0     0     0     0     0     0     0     0     0     0     0     0
     0     0     0     0     0     0     0     0     0     0     0     0
     0     0     0     0     0     0     0     0     0     0     0     0
     0     0     0     0     0     0     0     0     0     0     0     0
     0     0     0     0     0     0     0     0     0     0     0     0
     0     0     0     0     0     0     0     0     0     0     0     0
     0     0     0     0     0     0     0     0     0     0     0     0
     0     0     0     0     0     0     0     0     0     0     0     0
     0     0     0     0     0     0     0     0     0     0     0     0
     0     0     0     0     0     0     0     0     0     0     0     0
     0     0     0     0     0     0     0     0     0     0     0     0
     0     0     0     0     0     0     0     0     0     0     0     0
     0     0     0     0     0     0     0     0     0     0     0     0
     0     0     0     0     0     0     0     0     0     0     0     0
     0     0     0     0     0     0     0     0     0     0     0     0
     0     0     0     0     0     0     0     0     0     0     0     0
     0     0     0     0     0     0     0     0     0     0     0     0
     0     0     0     0     0     0     0     0     0     0     0     0
     0     0     0     0     0     0     0     0     0     0     0     0
     0     0     0     0     0     0     0     0     0     0     0     0
     0     0     0     0     0     0     0     0     0     0     0     0
     0     0     0     0     0     0     0     0     0     0     0     0
     0     0     0     0     0     0     0     0     0     0     0     0
     0     0     0     0     0     0     0     0     0     0     0     0
     0     0     0     0     0     0     0     0     0     0     0     0
     0     0     0     0     0     0     0     0     0     0     0     0
    15
     0     0     0     0     0     0     0     0     0     0     0     0
     0     0     0     0     0     0     0     0     0     0     0     0
     0     0     0     0     0     0     0     0     0     0     0     0
     0     0     0     0     0     0     0     0     0     0     0     0
     0     0     0     0     0     0     0     0     0     0     0     0
     0     0     0     0     0     0     0     0     0     0     0     0
     0     0     0     0     0     0     0     0     0     0     0     0
     0     0     0     0     0     0     0     0     0     0     0     0
     0     0     0     0     0     0     0     0     0     0     0     0
     0     0     0     0     0     0     0     0     0     0     0     0
     0     0     0     0     0     0     0     0     0     0     0     0
     0     0     0     0     0     0     0     0     0     0     0     0
     0     0     0     0     0     0     0     0     0     0     0     0
     0     0     0     0     0     0     0     0     0     0     0     0
     0     0     0     0     0     0     0     0     0     0     0     0
     0     0     0     0     0     0     0     0     0     0     0     0
     0     0     0     0     0     0     0     0     0     0     0     0
     0     0     0     0     0     0     0     0     0     0     0     0
     0     0     0     0     0     0     0     0     0     0     0     0
     0     0     0     0     0     0     0     0     0     0     0     0
     0     0     0     0     0     0     0     0     0     0     0     0
     0     0     0     0     0     0     0     0     0     0     0     0
     0     0     0     0     0     0     0     0     0     0     0     0
     0     0     0     0     0     0     0     0     0     0     0     0
     0     0     0     0     0     0     0     0     0     0     0     0
     0     0     0     0     0     0     0     0     0     0     0     0
     0     0     0     0     0     0     0     0     0     0     0     0
     0     0     0     0     0     0     0     0     0     0     0     0
     0     0     0     0     0     0     0     0     0     0     0     0
     0     0     0     0     0     0     0     0     0     0     0     0
     0     0     0     0     0     0     0     0     0     0     0     0
     0     0     0     0     0     0     0     0     0     0     0     0
     0     0     0     0     0     0     0     0     0     0     0     0
     0     0     0     0     0     0     0     0     0     0     0     0
     0     0     0     0     0     0     0     0     0     0     0     0
     0     0     0     0     0     0     0     0     0     0     0     0
    16
     0     0     0     0     0     0     0     0     0     0     0     0
     0     0     0     0     0     0     0     0     0     0     0     0
     0     0     0     0     0     0     0     0     0     0     0     0
     0     0     0     0     0     0     0     0     0     0     0     0
     0     0     0     0     0     0     0     0     0     0     0     0
     0     0     0     0     0     0     0     0     0     0     0     0
     0     0     0     0     0     0     0     0     1     0     0     0
     0     0     0     0     0     0     0     0     0     0     0     0
     0     0     0     0     0     0     0     0     0     0     0     0
     0     0     0     0     0     0     0     0     0     0     0     0
     0     0     0     0     0     0     0     0     0     0     0     0
     0     0     0     0     0     0     0     0     0     0     0     0
     0     0     0     0     0     0     0     0     0     0     0     0
     0     0     0     0     0     0     0     0     0     0     0     0
     0     0     0     0     0     0     0     0     0     0     0     0
     0     0     0     0     0     0     0     0     0     0     0     0
     0     0     0     0     0     0     0     0     0     0     0     0
     0     0     0     0     0     0     0     0     0     0     0     0
     0     0     0     0     0     0     0     0     0     0     0     0
     0     0     0     0     0     0     0     0     0     0     0     0
     0     0     0     0     0     0     0     0     0     0     0     0
     0     0     0     0     0     0     0     0     0     0     0     0
     0     0     0     0     0     0     0     0     0     0     0     0
     0     0     0     0     0     0     0     0     0     0     0     0
     0     0     0     0     0     0     0     0     0     0     0     0
     0     0     0     0     0     0     0     0     0     0     0     0
     0     0     0     0     0     0     0     0     0     0     0     0
     0     0     0     0     0     0     0     0     0     0     0     0
     0     0     0     0     0     0     0     0     0     0     0     0
     0     0     0     0     0     0     0     0     0     0     0     0
     0     0     0     0     0     0     0     0     0     0     0     0
     0     0     0     0     0     0     0     0     0     0     0     0
     0     0     0     0     0     0     0     0     0     0     0     0
     0     0     0     0     0     0     0     0     0     0     0     0
     0     0     0     0     0     0     0     0     0     0     0     0
     0     0     0     0     0     0     0     0     0     0     0     0
    17
     0     0     0     0     0     0     0     0     0     0     0     0
     0     0     0     0     0     0     0     0     0     0     0     0
     0     0     0     0     0     0     0     0     0     0     0     0
     0     0     0     0     0     0     0     0     0     0     0     0
     0     0     0     0     0     0     0     0     0     0     0     0
     0     0     0     0     0     0     0     0     0     0     0     0
     0     0     0     0     0     0     0     0     0     0     0     0
     0     0     0     0     0     0     0     0     0     0     0     0
     0     0     0     0     0     0     0     0     0     0     0     0
     0     0     0     0     0     0     0     0     0     0     0     0
     0     0     0     0     0     0     0     0     0     0     0     0
     0     0     0     0     0     0     0     0     0     0     0     0
     0     0     0     0     0     0     0     0     0     0     0     0
     0     0     0     0     0     0     0     0     0     0     0     0
     0     0     0     0     0     0     0     0     0     0     0     0
     0     0     0     0     0     0     0     0     0     0     0     0
     0     0     0     0     0     0     0     0     0     0     0     0
     0     0     0     0     0     0     0     0     0     0     0     0
     0     0     0     0     0     0     0     0     0     0     0     0
     0     0     0     0     0     0     0     0     0     0     0     0
     0     0     0     0     0     0     0     0     0     0     0     0
     0     0     0     0     0     0     0     0     0     0     0     0
     0     0     0     0     0     0     0     0     0     0     0     0
     0     0     0     0     0     0     0     0     0     0     0     0
     0     0     0     0     0     0     0     0     0     0     0     0
     0     0     0     0     0     0     0     0     0     0     0     0
     0     0     0     0     0     0     0     0     0     0     0     0
     0     0     0     0     0     0     0     0     0     0     0     0
     0     0     0     0     0     0     0     0     0     0     0     0
     0     0     0     0     0     0     0     0     0     0     0     0
     0     0     0     0     0     0     0     0     0     0     0     0
     0     0     0     0     0     0     0     0     0     0     0     0
     0     0     0     0     0     0     0     0     0     0     0     0
     0     0     0     0     0     0     0     0     0     0     0     0
     0     0     0     0     0     0     0     0     0     0     0     0
     0     0     0     0     0     0     0     0     0     0     0     0
    18
     0     0     0     0     0     0     0     0     0     0     0     0
     0     0     0     0     0     0     0     0     0     0     0     0
     0     0     0     0     0     0     0     0     0     0     0     0
     0     0     0     0     0     0     0     0     0     0     0     0
     0     0     0     0     0     0     0     0     0     0     0     0
     0     0     0     0     0     0     0     0     0     0     0     0
     0     0     0     0     0     0     0     0     0     0     0     0
     0     0     0     0     0     0     0     0     0     0     0     0
     0     0     0     0     0     0     0     0     0     0     0     0
     0     0     0     0     0     0     0     0     0     0     0     0
     0     0     0     0     0     0     0     0     0     0     0     0
     0     0     0     0     0     0     0     0     0     0     0     0
     0     0     0     0     0     0     0     0     0     0     0     0
     0     0     0     0     0     0     0     0     0     0     0     0
     0     0     0     0     0     0     0     0     0     0     0     0
     0     0     0     0     0     0     0     0     0     0     0     0
     0     0     0     0     0     0     0     0     0     0     0     0
     0     0     0     0     0     0     0     0     0     0     0     0
     0     0     0     0     0     0     0     0     0     0     0     0
     0     0     0     0     0     0     0     0     0     0     0     0
     0     0     0     0     0     0     0     0     0     0     0     0
     0     1     0     0     0     0     0     0     0     0     0     0
     0     0     0     0     0     0     0     0     0     0     0     0
     0     0     0     0     0     0     0     0     0     0     0     0
     0     0     0     0     0     0     0     0     0     0     0     0
     0     0     0     0     0     0     0     0     0     0     0     0
     0     0     0     0     0     0     0     0     0     0     0     0
     0     0     0     0     0     0     0     0     0     0     0     0
     0     0     0     0     0     0     0     0     0     0     0     0
     0     0     0     0     0     0     0     0     0     0     0     0
     0     0     0     0     0     0     0     0     0     0     0     0
     0     0     0     0     0     0     0     0     0     0     0     0
     0     0     0     0     0     0     0     0     0     0     0     0
     0     0     0     0     0     0     0     0     0     0     0     0
     0     0     0     0     0     0     0     0     0     0     0     0
     0     0     0     0     0     0     0     0     0     0     0     0
