20
Dodge City, KS 13985
     0
      -5.600      -2.300       2.200       9.300      15.000      21.100
      24.300      23.200      17.700      11.100       2.200      -2.800
       1.100       3.200       8.300      15.000      19.300      26.100
      29.300      27.700      22.700      16.700       8.300       1.700
       6.600      10.000      14.300      20.000      24.300      30.000
      33.200      32.200      27.700      22.200      13.800       7.800
      43.000      38.000      31.000      32.000      40.000      37.000
      33.000      34.000      35.000      30.000      36.000      41.000
      59.000      58.000      51.000      48.000      55.000      51.000
      45.000      48.000      50.000      45.000      53.000      60.000
      75.000      77.000      76.000      69.000      75.000      68.000
      62.000      66.000      70.000      67.000      76.000      78.000
       3.100       3.100       4.000       3.500       3.500       3.100
       3.100       3.100       3.100       3.100       3.100       3.100
       4.800       4.800       5.500       5.500       5.200       4.800
       4.800       4.400       4.800       4.800       4.800       4.800
       6.300       6.300       7.200       7.200       6.300       6.300
       5.900       5.900       6.300       6.300       6.300       6.300
     350.000     350.000     350.000     180.000     170.000     180.000
     180.000     180.000     180.000     190.000     350.000     350.000
     1
        .596       3.596       8.677      14.689      19.543      25.510
      28.821      27.703      22.718      16.700       8.308       2.032
      58.663      57.746      53.552      50.939      56.776      53.020
      48.366      50.962      53.142      49.672      55.531      59.401
     2
    10    11     9     5     5     7     8     3     8     7     9    10
    12    17    14    12    13    17     8    10    15    16    19    12
    12    11     7     8     9    18     6    10    11     9     8     6
    12     8     8    14     9    10    12     8    13    10    11    10
    15    13     7    13    12    16    18    12    21    15    11    11
     6    11     7    14    12    11    17     6    19    14    11    10
    10    13     6    13    15    16    15    14    18    10     7     8
     3    14     6     6    10    10     9     6    15     5     6     8
     9    12     8    11    20    14    22    16    18    14    13     8
     5    10     8     8    12    10    11     7    11     7    10     3
     8    13    15    10    14    11    20    19    13    11     9     8
    11     9     4     6    10    24    18    23    14    11     9    10
     7     5     7     7    14     7    11    16    12     4     1    11
    10    15     8    15    13    20    15    21    15    15    10    11
     3     4     7     6     9     7    12    15     5     5    11     8
    10    15    13    13    10    21    30    33    19    16    17    14
     4     2     2     6     7    16     9     8    13     8     5     7
     7    14    11     8    11    11    27    23    17    13    15    15
     5     7     2     6     5    10    17     6     5     7     7     6
     9    13    16     7     8    15    16    13     7    22    11     6
     4    10     6     0     2    12    13    12     6     7     6     8
    13    12     5     6     5    11    13     5    11    10     4    19
    10     8    15    12    14    22    12    15    17    12    11    27
     5     3     4     9     8    15     8    14     7    11    14    22
    12    11     6     5    14    14    11    17    13    14    10     9
     9     5     8     5    11     7     4     6     6    12     8     2
    13     8     9     7    15    12     9    13    13    13    16     9
     5     5    11     4     7     8     2     6     5     5     9     9
     8     7    11    10     7     5     7     6    16    11    11    14
     5    12     7     6     5    10     7     2     6     7     4    10
     4    14     6     3    16     3     2     2     3     8     5     8
    12     9    10    19     8    19     9     8    11    15     9     9
     3     8     4     4     4     5     5     4     8    10     7     5
    11    11     8    16    13    16    10    10    13    11    19    13
     8     5     6     8     5     8     7     5     7     9     5     6
    11    18    10    13    19    13    19    13    12    12    17    16
     3
    37    36    38    36    43    37    37    28    26    42    43    26
    42    43    41    46    65    75    53    52    65    56    40    57
    33    33    39    28    40    41    41    35    50    53    38    19
    24    40    30    40    40    50    31    43    49    29    15    25
    45    45    37    51    60    57    60    57    71    50    26    36
    31    30    25    45    33    33    51    40    35    23    24    18
    26    32    35    47    49    38    49    50    43    33    22    15
    17    16    27    27    42    28    44    49    34    24    20    12
    25    25    41    37    38    58    60    69    50    38    26    18
    13    14    26    29    36    36    36    54    25    19     9    15
    16    10    33    52    58    44    68    78    53    46    15    19
    24    33    26    27    39    57    76    81    52    29    32    18
    20    10    21    26    33    37    62    81    29    22    13    15
    41    26    34    31    69    95    93   103    92    49    30    24
    14    18    19    21    51    62    61    67    42    29    22    17
    46    47    49    66    81   122   129   152    97    71    65    65
    34    23    37    29    32    60    68    88    59    37    25    25
    22    37    30    48    52   107   131   110    72    50    44    42
    26    31    22    19    22    52    79    47    61    42    29    30
    42    27    23    30    42    80    85    66    51    63    53    56
    31    28    25    15    16    28    40    42    27    39    41    50
    41    37    35    32    37    56    50    39    37    32    25    58
    65    68    51    40    46    64    74    74    56    58    83    64
    61    45    45    32    52    49    35    40    28    46    66    64
    70    49    39    36    40    31    35    26    30    56    52    63
    36    28    16    26    23    29    19    23    31    30    30    43
    59    53    22    35    40    24    34    26    30    51    48    51
    27    20    25    20    17    27    19    10    13    25    32    20
    45    35    17    29    45    14    13    27    21    50    35    63
    33    33    18    22    27    30    21    13    17    33    27    32
    25    29    23    28    35    24    10    21    28    33    27    35
    55    43    27    43    37    35    14    29    35    41    52    72
    39    30    23    22    35    30    13    22    18    39    25    38
    49    57    37    47    50    42    36    37    33    48    55    65
    46    33    25    28    45    24    14    15    21    31    41    39
    58    60    60    55    65    58    30    51    46    61    56    60
     4
    47    36    43    35    41    28    22    33    29    36    39    34
    36    42    41    63    61    40    50    38    64    55    55    39
    28    23    24    29    36    34    31    28    34    37    21    17
    24    30    21    20    38    45    36    46    47    36    19    16
    22    28    35    38    55    44    55    57    67    31    17    24
    21    19    21    31    34    27    38    35    23    28    15     8
    19    22    20    23    29    28    37    38    27    14    12    12
    10    13    24    28    24    23    27    32    23    15     7    11
    10    15    19    27    47    49    38    59    33     9    14     9
    20    13    11    13    19    20    39    38    22    10    13     6
    15     9    25    27    46    34    42    49    33    16     8     8
    12    12    22    32    38    37    37    58    34    20    10     7
     8    20    13    38    35    49    55    68    31    22    12    13
    30    25    31    43    56    75    76    83    60    39    24    20
    13    27    19    28    52    42    54    75    57    33    13    19
    30    32    39    61    76   125   145   139    84    71    73    41
    29    27    20    27    51    65    71   109    57    46    42    26
    36    42    46    47    70    97   125   142    82    70    57    51
    30    35    23    32    38    48    88    73    42    30    30    30
    35    30    38    34    52    77   112    87    68    82    58    73
    40    26    32    31    25    38    53    46    31    36    35    41
    48    40    28    26    22    42    56    42    33    36    31    59
    61    56    63    38    54    47    76    61    34    46    53    70
    84    35    35    28    37    21    29    25    26    43    43    56
    58    50    31    35    31    16    16    22    19    38    40    48
    49    32    20    23    24    10    14     9     9    34    29    26
    48    24    21    20    28    10    10    10    20    36    39    44
    32    22    20    17    10    13    13    13    14    23    36    28
    31    31    21    24    26     4     9     8    17    24    32    41
    46    19    19    22    17    17    11    12    12    20    37    22
    33    31    25    14    27    17    10    12    14    21    19    35
    44    38    37    37    41    28    10    16    19    46    47    53
    37    33    21    22    26    15     8    13     7    26    33    24
    49    73    51    40    40    46    20    16    29    47    57    59
    34    34    34    33    23    24    10    16    30    28    38    48
    47    54    39    47    47    44    17    31    37    54    55    59
     5
    76    76    67    56    60    61    50    42    57    70    65    75
    77   100    90    91   107    83    89    78   103    98    80    60
    34    35    46    47    81    59    74    68    59    48    33    36
    28    35    34    47    84    64    55    53    46    39    28    27
    34    48    49    54    99    65    73    88    56    39    34    36
    11    20    23    43    71    49    47    53    47    24    29    13
    18    22    37    46    64    42    68    67    47    23    15    20
    11    12    28    47    35    42    43    58    43    19    11     6
     9    17    27    41    43    43    68    76    41    13    10    16
     9    15    19    28    25    41    49    44    31     8     5    12
     7    18    20    48    58    58    35    49    30    11     6     6
    14    23    31    47    66    72    56    75    30    22    11    13
    21    30    40    29    67    59    81    73    41    11    15    12
    27    35    72    66   116   138   136   135    91    49    34    28
    20    37    57    68    81    87   119   111    74    51    35    25
    43    67   107    93   159   229   263   235   201   145    73    51
    49    47    80    60   121   175   197   221   137   113    82    60
    73    81    78    97   174   239   319   259   213   159   109   106
    75    60    57    71    60   114   180   179   125    82    52    75
    98    76    71    56   111   172   203   198   127   126    97   110
    72    45    46    46    48    73   124   114    90    45    50    68
    75    51    48    57    43    62   105    87    57    71    51    88
    85    58    52    52    54    87    86    88    47    76    89   109
    90    42    63    42    43    48    32    26    31    45    60    64
    83    51    29    44    33    24    31    26    14    29    50    48
    67    32    32    27    25    16    18    16     8    32    26    56
    82    37    35    26    33    19    12    16     8    27    33    50
    49    31    22    29    29    14    10     7    10    19    22    57
    67    34    45    38    54    15     7     9    13    28    30    44
    57    46    28    36    36    18     9    15    14    22    43    44
    59    50    46    49    46    17    18    10    16    32    37    49
    83    81    66    60    60    33    10    22    22    40    69    73
    52    63    43    49    45    27    19    20    18    38    45    61
   116    91    80    84    69    62    28    25    34    86    96   112
    81    71    56    54    60    35    29    22    39    85    65    75
    94   126   112    77    83    55    56    48    63   126    90   126
     6
    55    72    78    69    87    51    42    44    71    67    66    88
    69   108    91    88   123    78    65    75   101    99    75    77
    52    71    53    65    75    68    59    62    75    51    46    45
    16    39    41    55    66    52    50    47    52    42    24    17
    17    29    38    51    75    54    51    51    55    29    21    20
     7    15    29    29    38    30    36    31    25    16    13     8
    11    13    22    35    32    26    33    34    22     9     4     4
     9     5    20    20    27    23    28    24    20     6     2     3
     8     4    18    30    31    29    31    30    18     3     4     0
    12     5     7    13    18    20    24    17    12     6     4     1
     3    17    15    22    41    22    48    23     6     2     1     3
     3    12    28    24    70    30    36    27    21     6     5     4
    16    13    33    34    68    64    53    47    16    21     6     5
    25    34    67    79   102   101    92    88    54    37    20     9
    16    31    50    65    77    78    88    83    54    36    27    15
    38    64   124   155   199   271   226   198   163   129    79    34
    49    53    96    86   159   185   247   222   180   154    87    59
    87    79    91   132   200   275   332   289   222   173   145    88
    62    61    79    70   105   173   246   207   155   109    75    83
    88    70    72    83   106   164   253   242   164   131    95   110
    70    60    54    60    49    98   127   121    83    87    63    77
    60    37    41    50    45    81    87    89    66    54    43    53
    52    34    43    69    46    65    77    83    61    55    40    42
    37    18    21    42    36    28    25    19    16    32    18    32
    29    32    24    34    19    10     9    14    14    10    15    21
    30    19    18    23    20    11     5     3     9    13    15    19
    26    27    19    23    25     8     4    10     6     8    16    37
    16    14    19    20    13     9     1     1     2    14    18    24
    27    19    34    19    24    10     0     4     7    12    25    27
    43    31    27    34    27    11     1     2     9    18    22    33
    38    50    34    36    31    12     2     2     4    22    34    34
    53    61    67    66    43    31    10     8    15    31    44    71
    65    54    48    41    37    23     8     9    13    32    59    54
   111    88    87    99    82    50    16    19    36    79    87   110
    73    89    59    74    71    34    25    17    42    87    74    77
    84   131   117    91   113    72    41    41    80   115    89   111
     7
    48    59    58    47    53    36    17    15    37    56    51    48
    44    57    39    46    66    38    23    30    60    62    52    84
    20    37    29    36    30    28    31    16    35    29    24    35
    18    17    17    25    17    28    19    22    25    22    12    17
     6    19    20    30    20    27    15    12    22    16     4     9
     3     4    20    15    14     8     7     6     9     5     0     1
     4     2    18     9    13     6    14     9     5     6     1     2
     9     1     8     5    11     6    10    10     3     0     0     2
     2     3    13    16    18     8    15     8     2     1     0     1
     1     1     5     3     5    10     6     6     4     1     0     0
     3     7     5    15    12    10    12     4     1     1     0     0
     2     2     9    13    18    21    12     8     3     5     0     1
     3     4    14    18    33    15    14    12     7     8     2     1
     5    10    30    45    65    42    36    33    19    21     6     5
     2     8    39    44    39    39    28    45     8    23     8     7
    31    16    56    72   104   115   107    74    46    71    33    15
    30    39    52    67   112   139   106   127    91    64    48    36
    48    61    75    94   150   216   239   181   158   104    87    60
    39    47    48    53    85   122   174   148   116    87    62    55
    39    33    55    73    59   106   192   140   114    73    54    58
    38    34    28    30    25    42    75    95    55    47    26    30
    27    27    30    24    25    23    54    63    27    31    26    12
    11    14    33    27     9    28    30    23    23    15    20     6
    13     6    10    12    11    11     7    10     7     9     8     8
    11     7    14    12     9     8     5     4     2     5     3     6
     5     9    12    10     9     5     1     0     0     2     3     8
    10     6     8    11     3     4     2     0     0     6     1     9
    10     6     2     9     4     3     2     0     0     2     4     1
    11     6    17    17     7     3     0     1     3     8    13     7
     8    14    13    12    14     7     0     0     5     5     8    14
    21    11    16    12    13     3     1     2     7     5    11    10
    39    43    43    47    20     7     1     3     9    22    23    24
    24    28    34    45    25    11     5     2    11    22    30    31
    72    57    89    69    52    26     4    10    22    48    69    65
    53    53    55    66    46    25    10     6    26    46    72    72
    59    82    73    66    66    25    12    23    42    69    58    86
     8
    53    79    64    51    55    28    10    14    34    69    49    77
    41    64    71    57    50    28    21    17    55    55    52    52
    30    33    42    41    22    17    15    25    31    30    18    33
     6    15    27    25    19    14    12     9    10    12     9    20
     6    11    23    23    15    15    12     4    24    10     3    14
     3     4    12    12     6     8    10     7     6     2     0     5
     3     0    10     9     6     5     5     5     4     2     0     2
     2     0     7     4     6     5     7     3     1     0     0     0
     0     3     5     6    10    12     9     3     1     0     0     0
     2     0     3     4     7     8     6     1     1     2     0     0
     0     0     5     5    12     6     3     4     1     0     0     0
     1     0     1     7    15    11     8     5     0     0     0     1
     1     1    13    15    27    11    10     8     3     4     1     0
     3     2    18    28    38    25    15    15    11    11     5     2
     3     6    17    46    43    22    17    25     5     9     5     4
    15    20    59    91    93    89    47    40    38    36    19    16
    42    32    56   107   136   142   116    74    79    88    50    32
    59    56   112   128   207   228   227   155   189   121    77    53
    47    41    66    82   111   196   210   145   147    88    71    52
    57    49    79    81    99   118   197   130   116    88    66    54
    26    30    36    30    31    53    76    54    69    50    39    22
    15    22    23    46    30    23    45    24    25    22    26    18
     8    12    30    33     9    12    29    16    14    18     6    12
     2     6    12    14    11     4     4     3     1     2     4     1
     7     5    10    18     8     4     3     2     3     2     6     5
     6     2     8     9     2     7     0     1     0     1     1     1
     4     2    14     7     7     5     2     1     4     3     0     3
     1     5    15    10     1     1     1     1     3     3     3     7
     4     4    11    10    12     2     0     0     1     7     3     4
     3     9    14    21    13     0     0     2     2     4     5     5
    10    12    24    25    10     5     0     1     3     2    24     5
    36    42    42    44    19     3     0     1     9    26    21    21
    48    36    42    36    19     8     0     3     8    16    38    40
    89    68   115    83    48    16     3     5    20    35    71    79
    62    60    58    70    54    22     2     4    21    59    58    85
    68    97    88    86    49    26    21    22    50    67    85    98
     9
    12    19    30    10    12     6     5     3    15    19    14    20
    15    23    20    16     8     4     1     7    23    15    17    12
     5    11     9     8     4     2     2     9     5     8     5     8
     2     2     6     4     3     1     0     2     3     1     0     9
     1     2     5     4     7     4     1     2     3     1     0     3
     0     1     5     1     1     0     0     1     0     1     0     0
     0     0     3     1     0     3     1     1     0     0     0     0
     0     0     1     3     1     0     1     0     0     0     0     0
     0     0     0     0     2     0     2     0     0     1     0     0
     0     0     1     0     0     0     0     0     0     0     0     0
     0     1     1     2     0     0     0     0     1     0     0     0
     0     0     1     1     3     0     1     1     1     0     0     0
     1     1     2     4     4     3     2     0     0     1     0     0
     1     1     5    13     5     2     1     1     4     1     0     0
     0     1     9    10    11     5     3     1     1     4     2     3
     2     3    20    24    31    19     7     8     7     5     4     1
    12     6    31    49    41    31    21    16    18    21    10     6
    18    15    37    53    64    71    46    29    53    33    32    14
    11    18    15    47    31    64    39    54    49    28    21    23
    18    22    20    21    42    39    39    33    39    32    22    24
     6    11    16    22    18     9    12    12    22    18    13    10
     3     6     9     7    10     9     8    12     1     5     8     6
     2     4     5     6     6     3     2     2     3     4     4     2
     1     0     2     2     0     1     1     2     1     0     0     1
     0     1     4     4     0     4     0     0     0     0     1     2
     0     1     4     1     4     0     0     0     0     0     0     0
     0     4     5     1     3     1     0     0     0     2     2     0
     0     3     2     2     1     0     0     0     0     0     2     0
     3     2     2     5     1     0     0     0     0     0     0     3
     2     3     4     4     7     2     0     0     0     2     2     2
     3     7    18     7     6     1     0     0     0     1     6     3
    13     8    32    21     4     3     1     1     2     5    11     9
    19    10    15    16     4     1     0     1     2     2    18     6
    31    30    33    33    18     3     0     0     3    12    28    21
    24    23    32    19    11     1     0     1     4    16    19    19
    11    23    32    31    12     7     1     2    13    10    22    28
    10
     9    23    21    14     8     1     0     0    13    11    19    14
     6    19    20    11     6     4     1     2     5    11    11     6
     1     2     7     5     6     2     0     3     3     3     2     3
     2     2     2     2     1     2     2     2     0     0     0     4
     1     2     2     1     1     0     0     0     0     2     1     0
     0     0     0     0     1     1     0     0     1     1     0     0
     0     0     0     0     0     0     1     1     0     0     1     0
     0     0     0     1     0     0     1     0     0     0     0     0
     0     0     0     1     1     1     0     0     0     0     0     0
     0     0     0     0     2     0     0     0     1     0     0     0
     0     0     1     0     1     0     1     0     0     0     0     0
     0     0     0     0     0     1     1     0     0     0     0     0
     0     1     3     1     2     1     0     0     0     0     0     0
     0     1     3     5     7     1     1     2     1     0     1     0
     0     0     3    12    11     2     1     1     0     0     1     0
     1     1     9    16    28     6     3     2     3     4     3     2
     4     8    21    34    28    24    12     8    12    15    10     3
     8    13    29    42    56    55    30    16    22    27    20     6
     5    16    20    29    38    48    34    20    26    16    21    12
     5     9    23    21    33    24    30    13    20    22    16     9
     3     3    13    15    17    14    10     9    11    11    12    11
     3     2    10    15     8     8     1     6     0     5     5     2
     1     2    10     6     3     1     0     0     1     4     5     0
     0     0     3     4     3     4     0     0     0     0     1     1
     0     0     2     5     1     2     0     0     0     0     0     0
     0     2     1     0     2     0     0     0     0     0     0     0
     0     0     4     3     1     1     0     0     0     0     1     1
     0     0     3     4     0     0     0     0     0     0     0     0
     2     1     4     0     6     0     1     0     0     0     0     2
     0     4     4     2     2     1     0     1     0     5     1     1
     2     4     5     7     7     0     0     0     0     1     7     5
     5    13    24    15     3     0     0     0     1     1    10    10
    15    15    20    27     5     1     0     1     2     7    30     7
    21    28    24    36    11     3     0     0     3     7    19    11
    18    18    34    21     6     5     1     0     1     9    16    14
    26    22    34    15     6     1     1     0    14    16    23    20
    11
    16    18    15    10     7     2     0     5     8     7     9    10
     6     7     5     6     0     2     0     2     7    16     5     7
     0     5     4    10     1     4     1     4     2     2     1     8
     0     1     2     1     0     4     2     0     0     2     0     1
     0     0     0     0     0     2     0     0     0     0     0     0
     0     0     1     0     0     0     1     0     0     0     0     0
     0     0     0     0     0     0     2     0     0     0     0     0
     0     0     0     2     0     0     0     0     0     0     0     0
     0     0     0     0     1     0     0     0     0     0     0     0
     0     0     0     0     0     3     0     0     0     0     0     0
     0     0     0     0     0     0     1     0     0     0     0     0
     0     0     0     0     0     0     0     0     0     0     0     0
     0     0     2     1     2     0     0     0     0     0     0     0
     0     2     2     5     7     1     0     0     0     0     0     0
     0     0     3     4    10     1     0     0     0     0     2     0
     1     2     6    12    17     7     0     2     1     1     1     2
     4     2    23    31    23    20     2     1    13     8     8     2
     7    12    35    42    45    41    15     5    28    20    10     4
     7    11    25    37    22    28    23    10    28    39    15     5
     2     8    21    31    20    15    19     0    12    21    15     4
     1     2     8    17     8     9     3     4    10    12    10     6
     3     0     4     5     2     4     1     1     5     5     1     1
     1     0     8     8     4     0     0     0     1     1     1     2
     0     1     2     4     1     2     1     0     0     1     0     1
     1     0     1     3     0     3     0     0     0     1     0     1
     0     0     5     0     1     0     0     0     0     0     0     1
     0     0     4     0     1     1     0     0     0     0     0     0
     2     0     1     1     1     2     0     0     0     0     0     1
     0     1     7     2     2     0     1     0     0     1     0     3
     0     0     8     2     3     0     0     0     0     1     1     2
     1     1    10     9     1     1     0     0     0     3     0     5
    12     9    17    12     6     3     0     0     1     2    16     8
    17    12    15    18    10     0     0     0     0     8    15     4
    28    23    45    27    10     1     0     0     4     6    32    15
    26    14    30    26    12     1     1     0     6     9    19    21
    14    16    27    25    10     1     2     2     5     7    19     6
    12
     7    15     5     5     1     0     0     0     2     4     2     3
     3     9     6     3     0     0     0     1     0     3     2     0
     0     2     2     3     0     0     1     0     0     0     0     1
     1     0     0     3     0     1     0     0     0     0     0     1
     0     0     1     0     0     0     0     0     0     0     0     0
     0     0     0     0     0     0     0     0     0     0     0     0
     0     0     0     0     0     0     2     0     0     0     0     0
     0     0     0     0     0     0     0     0     0     0     0     0
     0     0     0     0     1     0     0     0     0     0     0     0
     0     0     0     0     0     0     0     0     0     0     0     0
     0     0     0     0     0     0     0     0     0     0     0     0
     1     0     0     0     0     0     1     0     0     0     0     0
     0     0     1     2     0     0     0     0     0     0     0     0
     0     0     0     0     1     0     0     0     0     0     0     0
     0     0     1     0     1     0     0     0     0     0     0     0
     0     0     0     3     7     0     0     1     1     1     1     3
     1     0     5     5     7     3     0     0     0     2     2     1
     4     4    20    20    17     1     0     1     1     6     5     0
     1     8    11     9     8     7     4     0     2     7     1     1
     1     1     8    12    10     7     1     0     4     2     2     2
     0     0     8     5     2     0     1     0     4     2     4     0
     1     0     1     4     0     0     0     0     5     0     2     0
     1     1     3     4     1     0     0     0     1     2     0     1
     1     0     1     2     0     0     0     0     0     0     0     0
     0     0     3     1     0     1     0     0     0     0     0     0
     0     0     1     1     0     1     0     0     0     0     0     0
     0     0     0     1     4     0     0     0     0     0     0     0
     0     0     3     1     0     1     0     0     0     1     0     0
     1     0     4     0     0     1     0     0     0     2     0     1
     0     1     3     3     1     0     0     0     0     1     0     1
     2     0     6     4     0     0     1     0     1     4     2     0
     4     5    15     8     3     1     0     0     0     1     9     8
     5     7    17    10     3     1     0     0     0     5     5     7
    10    17    20    21     4     0     0     0     0     6     4    11
     9     5    20    17     3     0     0     0     0     2     6     7
     9    10    15    11     1     1     0     0     0     1     4     6
    13
     1     3     1     2     0     0     0     0     0     2     0     1
     0     5     1     1     0     0     0     1     0     0     0     0
     0     0     1     0     0     0     0     0     0     0     0     0
     0     0     0     0     0     0     1     0     0     0     0     0
     0     0     0     0     0     0     0     0     0     0     0     0
     0     0     0     0     0     0     0     0     0     0     0     0
     0     0     0     0     0     0     0     0     0     0     0     0
     0     0     0     0     0     0     0     0     0     0     0     0
     0     0     0     0     0     0     0     0     0     0     0     0
     0     0     0     0     0     0     0     0     0     0     0     0
     0     0     0     0     0     0     0     0     0     0     0     0
     0     0     0     0     0     0     0     0     0     0     0     0
     0     0     0     0     0     0     0     0     0     0     0     0
     0     0     0     0     0     0     0     0     0     0     0     0
     0     0     0     0     0     0     0     0     0     0     0     1
     0     0     0     1     1     0     0     0     0     0     0     1
     0     0     2     1     2     0     0     0     0     3     0     0
     1     0     2     3     1     0     0     0     0     0     1     0
     0     0     1     2     0     1     0     0     0     1     0     0
     0     1     0     1     1     0     0     0     0     0     0     1
     0     0     1     4     1     0     0     0     1     0     0     0
     0     0     3     2     0     0     0     0     0     0     0     0
     0     0     0     1     0     0     0     0     0     0     0     0
     1     0     0     0     0     0     0     0     0     0     0     0
     0     0     0     2     0     0     0     0     0     0     0     0
     0     0     0     0     0     0     0     0     0     0     0     0
     0     0     1     0     1     0     0     0     0     0     0     0
     0     0     0     0     0     0     0     0     0     0     0     0
     0     0     1     0     0     0     0     0     0     0     0     1
     0     1     0     0     0     0     0     0     0     0     0     0
     1     0     1     3     0     0     0     0     0     0     3     1
     0     1     5     1     1     0     0     0     0     0     3     0
     2     2     6     7     2     0     0     0     0     0     0     0
     6     2     4     9     1     0     0     0     0     0     4     6
     4     1     4     2     0     0     0     0     1     1     4     4
     4     0     0     4     1     0     0     0     0     0     0     1
    14
     3     2     1     0     0     0     0     0     0     0     0     0
     0     1     0     2     0     1     0     0     0     0     0     0
     0     0     0     1     0     0     0     0     0     0     0     0
     0     0     0     0     0     0     0     0     0     0     0     0
     0     0     0     0     0     0     0     0     0     0     0     0
     0     0     0     0     0     0     0     0     0     0     0     0
     0     0     0     0     0     0     0     0     0     0     0     0
     0     0     0     0     0     0     0     0     0     0     0     0
     0     0     0     0     0     0     0     0     0     0     0     0
     0     0     0     0     0     0     0     0     0     0     0     0
     0     0     0     0     0     0     0     0     0     0     0     0
     0     0     0     1     0     0     0     0     0     0     0     0
     0     0     0     0     0     0     0     0     0     0     0     0
     0     0     1     1     0     0     0     0     0     0     0     0
     0     0     0     0     0     0     0     0     0     0     0     0
     0     0     0     1     1     0     0     1     0     0     0     1
     0     0     0     1     3     1     0     0     0     0     0     0
     1     0     0     3     0     0     0     0     0     0     0     0
     0     0     2     0     0     1     1     0     0     0     0     0
     0     0     5     3     1     1     0     0     0     0     1     0
     0     0     2     1     0     0     0     0     1     0     0     0
     0     0     0     1     0     0     0     0     0     0     0     0
     0     1     1     1     1     0     0     0     0     0     1     0
     0     0     0     0     0     0     0     0     0     0     0     0
     0     0     2     1     0     0     0     0     0     0     0     0
     1     0     0     0     0     0     0     0     0     0     0     0
     0     0     0     0     0     0     0     0     0     0     0     0
     0     0     0     0     0     0     0     0     0     0     1     1
     1     0     0     0     2     0     0     0     0     0     0     0
     0     0     4     1     0     0     0     0     0     0     0     0
     1     0     0     2     0     0     0     0     0     0     0     0
     1     0    10     3     1     0     0     0     0     1     0     1
     1     1     1     8     1     0     0     0     0     2     0     0
     0     3     4     7     0     0     0     0     0     0     2     2
     6     4     8     0     0     0     0     0     0     2     0     1
     1     0     4     2     0     0     1     0     0     0     0     1
    15
     0     0     0     0     0     0     0     0     0     0     0     0
     0     0     0     1     0     0     0     0     0     0     0     0
     0     0     0     0     0     0     0     0     0     1     0     0
     0     0     0     0     0     0     0     0     0     0     0     0
     0     0     0     0     0     0     0     0     0     0     0     0
     0     0     0     0     0     0     0     0     0     0     0     0
     0     0     0     0     0     0     0     0     0     0     0     0
     0     0     0     0     0     0     0     0     0     0     0     0
     0     0     0     0     0     0     0     0     0     0     0     0
     0     0     0     0     0     0     0     0     0     0     0     0
     0     0     0     0     0     0     0     0     0     0     0     0
     0     0     0     0     0     0     0     0     0     0     0     0
     0     0     0     0     0     0     0     0     0     0     0     0
     0     0     0     0     0     0     0     0     0     0     0     0
     0     0     0     0     0     0     0     0     0     0     0     0
     0     0     0     0     0     0     0     0     0     0     0     0
     0     0     0     0     0     0     0     0     0     0     0     0
     0     0     1     0     0     0     0     0     0     0     0     0
     0     0     0     0     0     0     0     0     0     0     0     0
     0     0     2     0     0     0     1     0     0     0     0     0
     0     0     1     0     0     0     0     0     0     0     0     0
     0     0     0     1     0     0     0     0     0     0     1     0
     0     0     0     0     0     0     0     0     0     0     1     0
     0     0     0     0     0     0     0     0     0     0     0     0
     0     0     0     0     0     0     0     0     0     0     0     0
     0     0     0     0     0     0     0     0     0     0     0     0
     0     0     0     0     0     0     0     0     0     0     0     0
     0     0     0     0     0     0     0     0     0     0     0     0
     0     0     0     0     3     0     0     0     0     0     0     0
     0     1     1     0     0     0     0     0     0     0     0     0
     0     0     1     1     0     0     0     0     0     0     0     0
     0     0     1     1     2     0     0     0     0     0     0     0
     0     1     0     2     1     0     0     0     0     0     0     0
     0     1     0     3     0     0     0     0     0     0     0     0
     0     1     1     0     0     0     0     0     0     0     0     0
     0     0     0     0     0     0     0     0     0     0     0     0
    16
     0     0     0     0     0     0     0     0     0     0     0     0
     0     0     0     0     0     0     0     0     0     0     0     0
     0     0     0     0     0     0     1     0     0     0     0     0
     0     0     0     0     0     0     0     0     0     0     0     0
     0     0     0     0     0     0     0     0     0     0     0     0
     0     0     0     0     0     0     0     0     0     0     0     0
     0     0     0     0     0     0     0     0     0     0     0     0
     0     0     0     0     0     0     0     0     0     0     0     0
     0     0     0     0     0     0     0     0     0     0     0     0
     0     0     0     0     0     0     0     0     0     0     0     0
     0     0     0     0     0     0     0     0     0     0     0     0
     0     0     0     0     0     0     0     0     0     0     0     0
     0     0     0     0     0     0     0     0     0     0     0     0
     0     0     1     0     0     0     0     0     0     0     0     0
     0     0     0     0     0     0     0     0     0     0     0     0
     0     0     0     0     0     0     0     0     0     0     0     0
     0     0     0     0     0     0     0     0     0     0     0     0
     0     0     0     0     0     0     0     0     0     0     0     0
     0     0     0     0     0     0     0     0     0     0     0     0
     0     0     1     1     0     0     0     0     0     0     0     0
     0     0     1     0     0     0     0     0     0     0     0     0
     0     0     0     0     2     0     0     0     0     0     0     0
     0     0     0     0     0     0     0     0     0     0     0     0
     0     0     0     0     0     0     0     0     0     0     0     0
     0     0     0     0     0     0     0     0     0     0     0     0
     0     0     0     0     0     0     0     0     0     0     0     0
     0     0     0     0     0     0     0     0     0     0     0     0
     0     0     0     0     0     1     0     0     0     0     0     0
     0     0     0     0     1     0     0     0     0     0     0     0
     0     1     0     1     0     0     0     0     0     0     0     0
     0     2     0     2     0     0     0     0     0     0     0     0
     0     0     0     3     5     0     0     0     0     0     0     0
     0     0     3     0     0     0     0     0     0     0     0     0
     0     3     2     0     0     0     0     0     0     0     0     0
     1     0     1     0     0     0     0     0     0     0     0     0
     0     0     1     0     0     0     0     0     0     0     0     0
    17
     0     0     0     0     0     0     0     0     0     0     0     0
     0     0     0     0     0     0     0     0     0     0     0     0
     0     0     0     0     0     0     0     0     0     0     0     0
     0     0     0     0     0     0     0     0     0     0     0     0
     0     0     0     0     0     0     0     0     1     0     0     0
     0     0     0     0     0     0     0     0     0     0     0     0
     0     0     0     0     0     0     0     0     0     0     0     0
     0     0     0     0     0     0     0     0     0     0     0     0
     0     0     0     0     0     0     0     0     0     0     0     0
     0     0     0     0     0     0     0     0     0     0     0     0
     0     0     0     0     0     0     0     0     0     0     0     0
     0     0     0     0     0     0     0     0     0     0     0     0
     0     0     0     0     0     0     0     0     0     0     0     0
     0     0     0     0     0     0     0     0     0     0     0     0
     0     0     0     0     0     0     0     0     0     0     0     0
     0     0     0     0     0     0     0     0     0     0     0     0
     0     0     0     0     0     0     0     0     0     0     0     0
     0     0     0     0     0     0     0     0     0     0     0     0
     0     0     0     0     0     0     0     0     0     0     0     0
     0     0     0     0     0     0     0     0     0     0     1     0
     0     0     0     0     0     0     0     0     0     0     0     0
     0     0     0     0     0     0     0     0     0     0     0     0
     0     0     0     0     0     0     0     0     0     0     0     0
     0     0     0     0     0     0     0     0     0     0     0     0
     0     0     0     0     0     0     0     0     0     0     0     0
     0     0     0     0     0     0     0     0     0     0     0     0
     0     0     0     0     0     0     0     0     0     0     0     0
     0     0     0     0     0     0     0     0     0     0     0     0
     0     0     0     0     0     0     0     0     0     0     0     0
     0     0     0     0     0     0     0     0     0     0     0     0
     0     0     0     0     0     0     0     0     0     0     0     0
     0     0     0     0     0     0     0     0     0     0     0     0
     0     1     0     0     0     0     0     0     0     0     0     0
     0     0     0     0     0     0     0     0     0     0     0     0
     0     0     0     0     0     0     0     0     0     0     0     0
     0     0     0     0     0     0     0     0     0     0     0     0
    18
     0     0     0     0     0     0     0     0     0     0     0     0
     0     0     0     0     0     0     0     0     0     0     0     0
     0     0     0     0     0     0     0     0     0     0     0     0
     0     0     0     0     0     0     0     0     0     0     0     0
     0     0     0     0     0     0     0     0     0     0     0     0
     0     0     0     0     0     0     0     0     0     0     0     0
     0     0     0     0     0     0     0     0     0     0     0     0
     0     0     0     0     0     0     0     0     0     0     0     0
     0     0     0     0     0     0     0     0     0     0     0     0
     0     0     0     0     0     0     0     0     0     0     0     0
     0     0     0     0     0     0     0     0     0     0     0     0
     0     0     0     0     0     0     0     0     0     0     0     0
     0     0     0     0     0     0     0     0     0     0     0     0
     0     0     0     0     0     0     0     0     0     0     0     0
     0     0     0     0     0     0     0     0     0     0     0     0
     0     0     0     0     0     0     0     0     0     0     0     0
     0     0     0     0     0     0     0     0     0     0     0     0
     0     0     0     0     0     0     0     0     0     0     0     0
     0     0     0     0     0     0     0     0     0     0     0     0
     0     0     0     0     0     0     0     0     0     0     0     0
     0     0     0     0     0     0     0     0     0     0     0     0
     0     0     0     0     0     0     0     0     0     0     0     0
     0     0     0     0     0     0     0     0     0     0     0     0
     0     0     0     0     0     0     0     0     0     0     0     0
     0     0     0     0     0     0     0     0     0     0     0     0
     0     0     0     0     0     0     0     0     0     0     0     0
     0     0     0     0     0     0     0     0     0     0     0     0
     0     0     0     0     0     0     0     0     0     0     0     0
     0     0     0     0     0     0     0     0     0     0     0     0
     0     0     0     0     0     0     0     0     0     0     0     0
     0     0     0     0     0     0     0     0     0     0     0     0
     0     0     0     0     0     0     0     0     0     0     0     0
     0     0     1     0     0     0     0     0     0     0     0     0
     0     0     2     0     0     0     0     0     0     0     0     0
     0     0     0     0     0     0     0     0     1     0     0     0
     0     0     1     0     0     0     0     1     0     0     0     0
    19
     0     0     0     0     0     0     0     0     0     0     0     0
     0     0     0     0     0     0     0     0     0     0     0     0
     0     0     0     0     0     0     0     0     0     0     0     0
     0     0     0     0     0     0     0     0     0     0     0     0
     0     0     0     0     0     0     0     0     0     0     0     0
     0     0     0     0     0     0     0     0     0     0     0     0
     0     0     0     0     0     0     0     0     0     0     0     0
     0     0     0     0     0     0     0     0     0     0     0     0
     0     0     0     0     0     0     0     0     0     0     0     0
     0     0     0     0     0     0     0     0     0     0     0     0
     0     0     0     0     0     0     0     0     0     0     0     0
     0     0     0     0     0     0     0     0     0     0     0     0
     0     0     0     0     0     0     0     0     0     0     0     0
     0     0     0     0     0     0     0     0     0     0     0     0
     0     0     0     0     0     0     0     0     0     0     0     0
     0     0     0     0     0     0     0     0     0     0     0     0
     0     0     0     0     0     0     0     0     0     0     0     0
     0     0     0     0     0     0     0     1     0     0     0     0
     0     0     0     0     0     0     0     0     0     0     0     0
     0     0     0     0     0     0     0     0     0     0     0     0
     0     0     0     0     0     0     0     0     0     0     0     0
     0     0     0     0     0     0     0     0     0     0     0     0
     0     0     0     0     0     0     0     0     0     0     0     0
     0     0     0     0     0     0     0     0     0     0     0     0
     0     0     0     0     0     0     0     0     0     0     0     0
     0     0     0     0     0     0     0     0     0     0     0     0
     0     0     0     0     0     0     0     0     0     0     0     0
     0     0     0     0     0     0     0     0     0     0     0     0
     0     0     0     0     0     0     0     0     0     0     0     0
     0     0     0     0     0     0     0     0     0     0     0     0
     0     0     0     0     0     0     0     0     0     0     0     0
     0     0     0     0     0     0     0     0     0     0     0     0
     0     0     0     0     0     0     0     0     0     0     0     0
     0     0     0     0     0     0     0     0     0     0     0     0
     0     0     0     0     0     0     0     0     0     0     0     0
     0     0     2     0     0     0     0     0     0     0     0     0
