16
Boston, MA 14739
     0
      -5.000      -3.300       1.100       6.000      11.100      16.700
      20.600      20.000      15.600      10.000       4.400      -2.300
       -.700        .000       4.400       8.800      14.300      20.600
      23.200      22.700      18.800      13.300       7.800       1.700
       3.200       3.200       7.100      12.100      18.800      24.300
      27.200      26.100      22.200      16.700      11.100       5.000
      45.000      43.000      43.000      42.000      46.000      49.000
      50.000      53.000      52.000      48.000      47.000      47.000
      56.000      56.000      57.000      58.000      64.000      64.000
      64.000      66.000      67.000      63.000      62.000      60.000
      73.000      75.000      78.000      78.000      83.000      81.000
      79.000      81.000      81.000      80.000      81.000      79.000
       3.100       3.500       3.500       3.500       3.100       3.100
       3.100       3.100       3.100       3.100       3.100       3.100
       4.800       4.800       4.800       4.800       4.400       4.000
       4.000       4.000       4.000       4.400       4.800       4.800
       6.300       5.900       6.300       5.900       5.500       5.200
       5.200       5.200       5.200       5.500       5.900       5.900
     290.000     300.000     300.000     290.000      90.000     240.000
     240.000     260.000     260.000     280.000     290.000     300.000
     1
       -.917        .057       4.517       9.684      15.395      20.709
      23.878      23.127      19.169      13.617       8.039       1.647
      59.257      59.429      59.828      59.648      63.674      64.455
      64.533      66.187      66.562      63.797      63.903      62.428
     2
    21    12     7     9    11    12    18    11    19     9    13    18
    15    23    15    20    13    16    10    19     9    14    13    25
    10    13     7     8    11    11     5    10     8     9     8    14
    15    11     5    11    20    11    18    13    12    14    12     8
    11    13     8     8    10    19    10    14    11    17    15    12
    10     9    16    12    16    16    17    12    12     8    17     8
     6     7    12    23    13    27    19    28    15    14    12     9
     7    14    17    16    19    26    24    18    13     8    10     4
     6    18    11    11     9    24    26    21    15    20    10    10
    11    13     6    10    14    10    15    21     8     7     8     7
    11    13    13    16    22    11    19    30    12    14    14     7
    15     8    14    16    29    32    28    22    11    19    14    12
    10     7    14    19    24    29    22    31    16     9     8     8
     6    20    14    15    28    31    32    32    11     7    12    12
    12     8    11     9     8    15    18     8    10     6     6    10
    12    13    15    16    17    16    21    15    13    13     6    14
    11     5    13     3    14    12    11    15     4     5    10     7
    14     9     5    10    16    28    26    17    11    14    13    11
     5     8     9     8    11    15    16     9    10     8     5     9
    10    11    10     8    10    14    18    12    12     5     4    10
     2     3     3     1     5     8    14     4     9     4     4     1
     4     6     4     3    12     9    15    13    14     7     2     6
    10     5     7     6    10    18    18    18    13    10     4     6
    13     6    12     8    12    19    12    19    12    14    15     7
    11     3     8     4     2    25    19    12    12    12     6    12
     4     6     7     4     9    10    10    10    13     5     7    10
    13    11     7    11     1     8    23    12    14     7    10     8
     7     9    12     8     6     8    11    12    13    10     3     7
     9     6     9    10    12     8    10    21    12    11     8     7
    10     4    10     9     5    11    11    16     8    10    11    13
     8     7    13    11     6     5     8    12     5    11     6     9
    11    10     9     7    10    10    13    10     9     9     8     6
     8     9     6     4     3     9     7     5    12     9     7     6
     8    13     7    13     7     6     9    14    10    14     8    12
     5     8     5     5     5     5     9    10    12    10    15     7
    14    17    23    10     9    15    25    31    19    26    17    25
     3
    33    39    45    37    41    24    36    48    40    43    32    42
    24    37    39    28    51    34    45    37    45    29    30    38
    20    31    18    36    48    26    24    31    29    20    21    22
    19    14    22    36    38    45    32    46    47    26    20    24
    11    11    23    31    54    55    47    49    46    33    31    14
    13    15    33    34    54    60    47    59    47    42    19     9
    12    29    43    39    91    86    92    96    77    61    44    14
    22    19    45    68    95   100    93    89    66    61    39    19
    16    38    66    77    91   102   106   105    61    64    40    18
    15    20    42    34    50    48    57    60    43    41    26    12
    25    39    61    73    78    93    96   109    68    72    58    22
    45    43    54    76    96    84   107    98    97    63    52    25
    28    30    52    67    89   109   124   114    97    64    61    28
    37    47    66    61   112   116   153   151    87    90    69    39
    29    22    33    48    46    63    60    55    49    31    31    24
    32    30    38    44    72    73    91    62    46    43    42    35
    37    18    28    26    34    42    62    31    20    26    35    37
    43    41    33    42    76    89   106    85    45    52    37    47
    27    18    18    21    52    76    68    44    32    28    34    27
    27    26    32    26    51    65    68    62    35    39    29    27
    11     9    12    16    19    38    34    29    24    28    15    13
    23    14    19    14    32    39    77    59    27    26    11    27
    33    28    17    29    70    77    74    64    65    58    29    20
    38    36    36    42    51    84    92   114    56    53    43    40
    42    34    30    39    50    95    83    68    46    53    36    38
    31    21    16    25    35    49    66    48    41    29    16    20
    49    45    26    38    48    87    97    95    48    60    41    30
    37    41    33    34    41    49    47    79    46    50    36    35
    50    37    27    38    46    50    83    72    63    51    54    53
    57    57    41    29    36    60    57    65    66    51    51    55
    57    61    42    27    41    32    43    60    42    43    40    59
    53    49    48    45    43    39    55    64    49    50    38    73
    37    29    18    31    21    33    31    50    34    48    37    39
    43    37    36    17    40    41    36    52    56    42    53    83
    56    29    27    20    18    37    33    47    34    27    52    57
    76    57    52    54    67    60    59    88    72    57    70    72
     4
     8    38    28    22    27    26    24    24    29    27    34    21
    10    33    20    30    41    24    30    34    46    27    30    25
     8    16    20    28    29    17    17    25    19    14    20    12
     9    17    33    21    40    37    33    34    33    29    17     6
     8    21    23    38    65    54    44    21    43    33    20    13
     7    16    32    18    72    44    35    35    54    41    18     9
    12    28    58    59    83    91    91    76    87    60    49     5
    10    25    60    73    93    96    87    91    77    69    42     6
    12    34    74    85   118   142   105   116    95    59    43    16
    15    22    37    47    78    71    52    74    68    37    15     8
    14    38    58    79   107   123   125   151   114    86    37    13
    24    30    64    71    99   113   121   139   100    78    38    15
    17    24    47    78    99   102   144   154    91    67    34    12
    14    17    46    70    88   113   143   133    86    61    38    13
    15    11    17    27    39    35    45    48    27    22    14    14
    14     7    27    24    42    44    52    37    21    31    39    19
    19    10    20    30    37    28    51    25    25    17    26    13
    27    19    32    34    59    80    76    66    39    51    39    48
    26    21    25    24    61    67    90    59    44    34    23    37
    27    22    23    27    63   100   112    81    45    63    27    29
    14    14    15    16    23    43    44    28    23    15    11    10
    21    13    29    23    36    49    71    36    33    23    16    21
    48    40    33    47    63    89   105    98    63    71    40    48
    49    62    34    43    52    93   111   110    81    70    64    67
    41    54    31    39    51    96   100    78    76    67    37    44
    26    32    24    30    31    39    78    71    41    42    21    22
    49    45    32    51    60    74   103   101    85    78    54    39
    55    44    48    41    48    72    76    75    70    51    53    48
    63    64    37    46    67    71    95    97    63    67    61    73
    70    64    50    55    56    66    77    89    76    74    56    75
    64    69    66    49    44    52    67    64    66    44    44    85
    68    64    62    70    50    62    75    57    70    60    61    85
    52    43    37    44    30    19    42    48    40    45    35    59
    59    59    47    42    41    40    54    50    47    44    56    57
    37    27    30    34    26    24    37    45    29    44    37    56
    58    61    70    55    48    39    43    56    57    49    48    62
     5
    20    53    48    41    29    16    14    16    30    39    47    33
    14    53    49    49    36    39    28    27    53    53    46    29
    14    35    44    42    57    30    23    27    35    25    12    21
    11    24    36    49   105    43    37    53    69    41    22     8
    10    30    52    68   112    76    49    42    91    66    39     6
     3    39    43    67    81    53    51    39    82    63    34    14
     8    46    70    75   137    96   116    69   123    92    41     9
    12    40    76   134   189   150   135   132   120   100    48     9
    15    46   118   135   204   195   164   157   170   102    47    17
    20    33    56    87   112   100   102    98    96    60    30    13
    19    47   127   172   206   206   232   211   151    86    40     9
    17    37   100   138   192   172   224   220   151    64    34    14
    16    21    54    79   119   117   171   150    96    41    27     7
    18    20    42    54    76    75   112   104    60    44    24    14
    15     5    13    25    16    21    28    19    24    14    15    12
    17    16    24    29    46    32    42    30    20    25    30    15
    15    21    25    29    33    31    27    29    23    26    29    15
    34    23    49    74    91   102    86    89    59    53    56    40
    49    28    57    72   120   133   179   104    80    72    55    22
    45    48    62    83   140   250   261   186   132    79    82    39
    18    30    23    30    45    78    89    76    55    41    35    28
    34    32    30    53    41   107   110    73    84    66    54    44
    76    60    49    70    85   191   182   165   144   112    85    71
    91    92    70    85    99   177   233   203   182   132   115   119
   105    97    52    93    87   211   187   196   125   127    90   107
    52    47    50    49    60    93   118    81    88    65    50    47
   111    88    86   134   127   197   218   132   140   140   112    98
   104   127    92    95   100   135   153   123   116    95   108    94
   149   160   134   170   146   138   164   144   164   114   130   137
   165   157   121   133   119   135   167   148   138   128   127   124
   145   137   150   128    82    95   127   115   108   103    89   138
   121   133   139   143   122   120   117   123   113   123   129   121
    73    63    70    56    53    55    73    58    68    66    59    89
   108   102    66    92    65    65    86    54    85    68    72   103
    59    58    69    40    32    48    44    46    45    53    68    75
    73   108    99    85    73    48    54    66    66    89   100    82
     6
    32    23    38    16    10    20     6    12    13    18    14    19
    16    38    51    29    30    29    13    30    28    30    21    13
     8    24    49    38    30    24     7    21    20    30    19    10
    11    29    52    54    71    32    25    34    48    28    20    15
    10    24    46    90   100    32    31    40    53    41    26     7
     6    23    51    52    47    38    29    29    47    37    29     2
     8    16    44    65   102    57    39    32    76    56    27    19
     3    13    47    85   113    65    43    46    58    40    19    11
    14    22    58   117   139    75    86    68    68    48    34    13
     7     8    39    59    70    50    52    44    32    19    12    11
    11    19    61   159   160   101   112    80    48    47    25     8
    21    10    55   126   168   114   130    84    57    41    20    15
    11     4    14    40    36    34    25    21    15    11    18    13
    11    11    13    10    18     7    17    13    13    10    19    11
     3     3     2    11    10     2     2     6     3     4     2     5
     4     7    13    16    17     9    10    18    12     2     8     8
     8     8    18    13    39     9    12     8     9    15     9     8
    15    15    27    42    62    45    57    35    41    33    26    12
    18    34    48    72   114   114   120    95    38    42    31    22
    46    40    77    87   189   255   229   206   111    72    61    34
    25    24    39    55    58    97    76    62    59    31    34    22
    48    43    33    58    79    81   112    78    49    56    54    53
    88    62    57    62   121   153   157   138   118   115    90    64
    96    65    50    59    79   150   188   148   108   115   107   113
   114    88    61    82    84   129   154   103    93   103    93   109
    50    51    57    54    52    82    85    57    56    72    65    55
   131   100   131   101   114   160   129   129    87   112   105   107
   131   105   125    92    99   127    79    71    79    98   125   134
   169   193   200   126   124   125   117    90   105   125   157   164
   188   175   174   178   108   107    90    98    94   144   150   182
   117   150   156   130    80    58    80    76    78    89    83   132
   129   130   167   157    99    79    75    78    90   127   121   150
    56    71    84    61    47    51    45    38    43    57    44    66
    57    70    69    72    59    67    52    42    59    64    69    52
    34    50    39    28    23    23    19    15    28    32    34    44
    48    52    76    54    28    34    23    26    41    43    57    68
     7
    10    19     5     2     3     4     2     1     1     5    11     7
     8    20    20    12    10     7     3     5    19     5    10     4
     3     4    13    20    12    15     0     7     5     9     6     5
     7     6    15    30    38    17     6    18    18    11    13     8
     6    10    24    37    33    20     4    12    16    27    12    11
     2     9    14    24    32    11     5     6    15    10    10     2
     2     5    35    33    31     9     4     4    18    21     6     7
     2     7    19    36    26    15     7     8     9     2     7    11
     4    12    23    44    35    13     8     5    17     5     6     5
     3     8    11    28    14    14     7     5     8     3     6     5
     1     7    21    56    60    28    16    16     5    11    12     7
     5     2    12    41    49    18    10    11     5     7    15     7
     6     2     3     4     8     1     2     1     1     2     3     3
     0     3     2     5     3     0     0     1     0     1     3     4
     1     0     1     5     2     1     0     0     0     4     0     0
     3     2     7     7     2     2     4     3     3     3     5     1
     3     3     7     4    10     8     2     3     2     4     1     2
     1     1     4    15    39    22    11    18     9    12     6     2
     3     8    21    27    46    50    29    18     9     9     9     7
    12    14    42    69   102    88    80    48    45    35    24     7
     8    10    17    17    46    34    22    20    16    13    15    13
    15    17    19    17    30    26    27    19    21    19    24    19
    37    40    22    22    47    33    52    41    35    34    45    40
    36    29    22    27    33    40    54    23    45    37    43    20
    59    30    20    26    32    36    51    33    35    22    41    26
    18    14    17    21    24    13    13    16     6    24    23    18
    58    59    46    54    47    39    39    30    29    40    51    49
    81    54    75    63    37    34    17    23    25    36    55    57
    89    78   101    80    52    34    29    28    34    58    70   123
    85    87    76    64    43    42    20    23    31    64    74    78
    55    51    82    54    27    28    10    16    19    29    54    50
    63    69    70    64    48    25    18    17    24    46    63    49
    15    31    20    34    23    15    11    10    16    19    23    18
    17    22    26    42    22    18     6    14    19    18    22    14
    10    19    15     5     7    10     8     4     5     9    10    17
    17    17    26    12     8    10     7     8     8    25    19    21
     8
     8    15    12     1     4     3     0     0     2     2     5     4
     7    14     9    15    12     0     0     0    12     6     5     4
     4    12    13    13     7     7     0     5     5     8     3     5
     2     8    22    36    22    19     2    14    12     6     8     8
     3    17    33    44    37    15     5    13    14    34     9     7
     1    12    12    32    11    15     3     2     4    20     7     3
     8     3    31    31    17     6     1     2    11    17     9    10
     8     4    15    15    10     1     1     2     4     1     9     8
     7    15    24    39    11     2     3     3     6     2     7     9
     3     4     8    11     9     1     0     2     2     0     3    12
     4     9    17    33    22    13     3     3     6     2     8    14
     4     3     9    24    27    12     4     1     1     5     6     1
     0     0     2     4     1     1     1     0     0     0     7     7
     2     2     0     2     2     0     0     0     0     0     3     3
     1     0     1     1     0     2     0     0     0     0     2     2
     4     0     0     7     6     2     1     0     1     4     3     0
     3     1     7     8     4     0     0     0     0     3     2     4
     4     2    10    24    24    12     9    13     4     7     2     4
     5     9    20    29    25    19    13     7     7    13     6     2
    17    15    38    73    73    62    47    28    35    29    21     8
    10     7    21    18    30    19     6    11    20    12    20     8
    12    24    25    34    19    22    23    13    20    20    19    13
    27    29    27    38    56    26    32    27    41    19    41    26
    24    28    20    22    27    17    18    13    25    24    20    24
    45    23    31    23    27    20    13    10    19    26    39    17
    28    17    26    17    15     8     5     1     5    14    26    10
    65    54    77    41    44    26    14    17    14    32    54    36
    73    77    67    72    46    17    14    15    15    39    46    60
   114    79   124   104    37    37    17    20    24    70   100   100
   123    68   104    81    35    27     7    19    27    37    71    97
    49    80    88    66    26    12     4    10    18    18    31    61
    49    66    75    43    34    14    13    22    17    37    52    56
    16    17    14    33    15     6     4     7    10    10    16    13
    11    13    29    30    14     8     9    11    13    10    17     9
     9    11     9     4     7     2     1     0     5     1     3     6
    20    26    19     8    10     5     2     9     5     4    22    21
     9
     2     5     0     2     1     0     0     0     0     0     1     2
     5     3     1     5     2     0     0     0     3     7     1     0
     0     2     3     3     3     3     0     0     4     3     0     0
     3     6     8     8     1     5     1     3     0     0     4     0
     8     9     7    15     6     4     1     3     4    15     0     4
     2     4     7    11     1     3     0     0     0     2     1     3
     2     7     7     4     1     0     0     0     0     0     1     4
     2     2     5     3     1     0     0     0     0     1     3     3
     1     4     8     8     1     0     0     0     0     1     5     3
     3     1     2     2     1     0     0     0     0     0     1     3
     1     2     4     3     2     2     0     1     0     1     2     4
     0     3     1     9     1     1     0     0     0     0     1     0
     0     0     0     2     0     0     0     1     0     0     2     1
     0     3     0     0     0     0     0     0     1     0     3     0
     0     0     0     0     0     0     0     0     0     0     0     2
     5     1     0     7     1     0     0     0     0     1     0     1
     2     0     2     0     2     0     1     0     1     0     1     4
     6     3     3     7     1     0     2     4     0     3     1     1
     1     0     7     6     6     1     0     1     1     4     1     5
     4     4    12    13    17     9     2     8     3     5     5     1
     3     1    10    13     6     1     1     0     0     2     5     2
     3     4     6     7     9     4     0     1     5     3     5     0
     8     8     9    10     8     4     0     1     4     7     7     7
     7     4     1     2     4     0     3     4     3     6     4     6
    10     6     9    10     4     1     2     1     5     7    11     8
     2     4     6     4     1     1     0     3     1     7     2     2
    21    10    24    15     7     4     1     4     2    10    12    14
    27    24    30    16    14     5     0     2     3    15    14    20
    31    28    34    20    11     3     7     4     3    22    30    39
    31    31    29    20     9     2     1     3     3     6    11    37
    14    17    15    14     2     0     2     0     5     8     8    22
    15    12    22    17     3     7     4     3     3    15    12    19
     3     3     7     7     0     1     1     1     0     1     1     5
     3     1    10     2     2     1     1     5     4     6    11     5
     1     3     3     1     0     0     1     0     2     0     1     1
     7     1     6     3     2     0     0     0     2     5     4     3
    10
     0     1     1     1     0     0     0     0     0     0     3     0
     3     6     6     1     1     0     1     0     3     0     0     4
     0     7     3     2     2     2     0     0     0     0     1     0
     2     4     3     3     6     2     0     0     0     2     1     1
     4     2     3     7     4     0     1     1     2     9     4     1
     2     6     0     3     0     1     0     1     0     2     1     1
     0     4     0     4     0     0     0     0     0     0     5     0
     0     3     0     0     0     0     0     0     0     0     1     3
     1     2     5     2     0     0     0     0     0     0     4     3
     1     2     3     1     0     0     0     2     0     0     2     1
     2     2     0     4     1     0     0     1     0     2     3     5
     2     0     1     2     1     0     0     0     1     1     1     3
     0     1     0     0     0     1     0     0     0     0     1     0
     2     1     0     0     0     0     0     0     0     0     0     0
     0     0     0     0     0     0     0     0     0     0     1     0
     0     0     0     1     1     0     0     0     0     0     0     0
     0     1     0     0     1     0     0     0     0     0     1     1
     1     2     3     5     1     0     0     1     0     5     1     1
     2     2     1     2     0     0     0     0     4     5     0     4
     2     2     9     7     7     1     0     3     7     8     2     1
     1     0     2     7     7     0     0     1     0     0     1     3
     1     2     8     3     5     1     0     3     1     1     0     1
     5     4     3     6     4     1     0     5     0     3     1     6
     6     2     5     0     0     0     1     1     4     5     0     2
     4     8     4     7     0     0     6     1     0     5     5     7
     2     7     1     2     1     0     0     0     1     0     3     4
     6     9    13    17     6     5     1     0     1     5     8     9
    21    10    20    11     5     0     2     1     1     7     9    10
    17    21    30    13     9     1     0     3     1     9    16    33
    14    17    18    11     1     1     0     1     0     4    13    20
    13    13     8     6     3     0     1     0     0     3     8    18
     6    11    11    15     6     1     5     2     2     9     8    11
     5     4     1     7     0     0     0     0     1     2     1     1
     5     0    11     3     1     1     2     0     0     2     5     2
     3     3     0     1     2     0     0     0     3     1     1     1
     4     5     4     0     1     0     0     1     1     2     6     3
    11
     0     3     3     0     0     0     0     0     1     0     0     0
     0     3     2     1     1     0     0     0     1     2     0     1
     0     4     4     1     4     0     0     1     0     1     0     0
     2     3     9     7     4     3     0     0     2     2     2     0
     0    10     7     9     3     1     0     0     5     9     5     1
     2     3     4     0     0     1     0     0     0     0     1     1
     6    11     3     8     1     0     0     0     0     2     3     7
     3     3     2     1     1     0     0     0     0     0     2     1
     4     3     3    11     1     0     0     0     0     1     2     1
     0     0     3     4     1     0     0     0     0     1     0     2
     0     1     1     1     0     0     0     0     1     0     0     8
     0     1     0     3     0     0     0     0     0     0     0     4
     0     0     1     0     0     1     0     0     0     0     1     1
     0     0     0     0     1     0     0     0     0     0     0     0
     0     0     0     1     0     0     0     0     0     0     0     0
     0     0     0     0     1     0     0     0     0     0     0     1
     0     0     1     0     1     0     0     1     0     0     0     1
     5     7     1    12     1     0     0     0     0     3     2     2
     1     1     2     0     3     0     0     1     2     2     0     1
     1     3    10     5     7     0     0     0     6     3     0     1
     2     3     2     1     3     0     0     0     0     2     0     1
     1     4     3     1     2     1     0     0     0     0     1     1
     2     5     1     3     2     0     0     1     1     2     2     5
     4     2     0     2     1     0     1     1     0     1     2     4
     5     7     2     6     1     1     0     0     0     2     2     4
     3     2     2     2     0     0     0     0     0     1     1     2
    16    11    24    14     3     3     0     0     0     4     7     5
    14    17    17    10     6     0     0     1     0     5     3    11
    25    17    18    17     8     1     0     1     1     7    19    16
    14    11    12     8     2     0     0     1     0     2    11    22
     8     9     3     5     2     3     0     0     0     1     7     8
     8    11    12    16     5     0     2     3     0     4     9    10
     1     2     0     1     0     0     1     0     0     1     1     2
     2     1     7     1     0     0     0     2     0     2     5     4
     0     1     0     1     0     0     0     0     0     0     0     1
     1     6     2     2     0     0     0     5     0     0     3     3
    12
     0     2     0     0     0     0     0     0     1     0     0     0
     0     1     0     0     0     0     0     0     4     2     0     0
     0     2     0     2     0     0     0     0     0     0     0     0
     1     3     2     4     3     0     0     0     0     0     0     0
     0     4     7     4     1     0     0     0     7     4     4     1
     3     4     8     0     1     0     0     0     0     0     1     1
     2     3     4     3     0     0     0     0     2     0     2     1
     1     2     1     0     2     0     0     0     0     0     0     1
     1     1     3     2     1     0     0     0     0     1     1     0
     0     0     0     2     1     0     0     0     0     1     0     0
     0     2     0     0     1     0     0     0     0     0     0     3
     0     0     1     1     0     0     0     0     1     0     1     0
     1     0     0     1     0     0     0     1     0     1     0     0
     0     0     0     0     0     0     0     0     0     0     0     0
     0     0     0     0     0     0     0     0     0     0     1     0
     0     0     0     0     0     0     0     1     0     0     0     0
     1     0     8     0     0     0     0     1     0     0     1     0
     0     2     0     1     0     0     0     1     0     0     2     2
     0     7     0     0     0     0     0     1     0     0     0     0
     0     0     4     0     0     0     0     0     0     0     0     1
     0     1     0     0     1     0     0     0     0     1     0     0
     0     3     0     2     0     0     0     0     0     0     0     0
     2     0     0     0     0     0     0     0     0     0     3     4
     6     2     0     0     0     0     0     0     0     2     0     0
     2     2     1     0     0     0     0     1     0     1     1     1
     1     5     0     0     0     0     0     0     0     0     0     1
     3     6     1     4     0     0     0     0     0     2     3     6
     8     9     9     4     2     0     0     0     0     1     2     5
    14     4     9     5     2     0     0     0     0     2     4     9
     3     5     6     2     0     0     0     0     0     0     3     7
     5     1     1     0     0     0     0     0     0     0     3     5
     3     2     5     6     1     0     0     1     0     1     9     7
     1     0     0     0     0     0     0     0     0     0     0     0
     1     1     3     0     0     0     0     1     0     1     1     4
     0     0     0     0     0     0     0     0     0     0     0     0
     0     1     0     0     0     0     0     1     0     2     0     1
    13
     0     0     0     0     0     0     0     0     0     0     0     0
     0     0     0     0     0     0     0     0     0     0     0     0
     0     0     0     1     0     0     0     0     0     0     0     0
     2     2     1     1     0     0     0     0     0     0     0     0
     2     1     3     0     0     0     0     0     2     0     1     0
     1     1     1     0     1     0     0     0     0     0     0     1
     0     2     1     0     0     0     0     0     0     0     0     0
     0     0     0     0     0     0     0     0     0     1     1     0
     0     0     1     2     0     0     0     0     0     1     0     0
     0     0     0     0     1     0     0     0     0     0     0     0
     0     0     0     0     0     0     0     0     0     0     0     0
     0     0     0     1     0     0     0     0     0     0     0     0
     0     0     0     0     0     0     0     0     0     0     0     0
     0     0     0     0     0     0     0     0     0     0     0     0
     0     0     0     0     0     0     0     0     0     0     0     0
     0     0     0     0     0     0     0     0     0     0     0     0
     0     0     1     0     0     0     0     0     0     0     0     1
     0     2     1     0     0     0     0     0     0     0     2     0
     1     0     0     0     0     0     0     0     0     0     0     0
     1     0     0     0     0     0     0     0     0     1     0     0
     1     0     0     0     0     0     0     0     0     0     0     0
     0     0     0     0     0     0     0     0     0     0     0     0
     0     0     0     0     0     0     0     0     1     0     0     0
     0     0     0     0     0     0     0     0     0     0     0     0
     1     0     0     0     0     0     0     0     0     0     0     1
     0     1     0     0     0     0     0     0     0     0     0     0
     1     2     1     1     0     0     0     0     0     1     1     1
     3     0     1     1     0     0     0     0     0     0     2     0
     0     1     2     3     0     0     0     0     0     0     0     1
     3     2     2     2     0     0     0     0     0     0     1     3
     0     0     0     0     1     0     0     0     0     0     0     3
     0     0     2     0     0     0     0     0     0     0     1     4
     0     0     0     0     0     0     0     0     0     0     0     0
     0     0     0     1     0     0     0     0     0     0     0     1
     0     0     0     0     0     0     0     0     0     0     0     0
     0     0     0     0     0     0     0     0     0     0     0     0
    14
     0     0     0     0     0     0     0     0     0     0     0     0
     0     1     0     0     0     0     0     0     0     0     0     0
     0     1     0     0     0     0     0     0     0     0     0     0
     0     1     1     0     0     0     0     0     0     0     0     0
     0     1     0     0     0     0     0     0     1     0     0     0
     1     1     2     0     0     0     0     0     0     0     1     2
     1     0     5     1     0     0     0     0     0     0     0     1
     1     0     0     0     0     0     0     0     0     0     1     1
     0     2     3     0     0     0     0     0     0     0     0     0
     0     0     0     0     0     0     0     0     0     0     0     0
     0     0     0     1     0     0     0     0     0     2     0     0
     0     0     1     0     0     0     0     0     0     0     0     0
     0     0     0     0     0     0     0     0     0     0     0     0
     0     0     0     0     0     0     0     0     1     0     0     0
     0     0     0     0     0     0     0     0     0     0     0     0
     1     0     0     0     0     0     0     0     0     0     0     0
     0     0     0     0     0     0     0     0     0     0     0     0
     0     1     0     0     0     0     0     0     0     0     2     0
     0     0     0     0     0     0     0     0     0     0     0     0
     0     0     1     0     0     0     0     0     1     0     0     0
     0     0     0     0     0     0     0     0     0     0     0     0
     0     0     0     0     0     0     0     0     0     0     0     0
     2     0     0     0     0     0     0     0     0     0     1     0
     0     0     1     0     0     0     0     0     0     0     0     0
     0     0     2     1     0     0     0     0     0     0     0     0
     0     0     1     0     0     0     0     0     0     0     0     1
     1     2     0     0     0     1     0     0     0     0     0     0
     1     3     1     3     0     0     0     0     0     0     0     2
     1     0     2     1     0     0     0     0     0     0     1     0
     1     0     0     0     0     0     0     0     0     0     0     0
     0     0     0     0     0     0     0     0     0     0     1     2
     0     0     1     0     0     0     0     0     0     0     0     1
     0     0     0     0     0     0     0     0     0     0     0     0
     0     1     0     0     0     0     0     0     0     0     0     0
     0     0     0     0     0     0     0     0     0     0     0     0
     0     0     0     0     0     0     0     0     0     0     0     0
    15
     0     0     0     0     0     0     0     0     0     0     0     0
     0     0     0     0     0     0     0     0     0     0     0     0
     0     0     0     0     0     0     0     0     0     0     0     0
     0     0     0     0     0     0     0     0     0     0     0     0
     0     0     0     0     0     0     0     0     0     0     0     0
     0     0     0     0     0     0     0     0     0     0     0     0
     0     0     0     0     0     0     0     0     1     0     0     0
     0     0     0     0     1     0     0     0     0     0     0     0
     0     0     0     0     0     0     0     0     0     1     0     0
     0     0     0     0     0     0     0     0     0     0     0     0
     0     0     0     0     0     0     0     0     0     0     0     0
     0     0     0     0     0     0     0     0     0     0     0     0
     0     0     0     0     0     0     0     0     0     0     0     0
     0     0     0     0     0     0     0     0     0     0     0     0
     0     0     0     0     0     0     0     0     0     0     0     0
     0     0     0     0     0     0     0     0     0     0     0     0
     0     0     0     0     0     0     0     0     0     0     0     0
     0     0     1     0     0     0     0     0     0     0     0     0
     0     1     0     0     0     0     0     0     0     0     0     0
     1     0     0     0     0     0     0     0     1     0     1     0
     0     0     0     0     0     0     0     0     0     0     0     0
     0     0     0     0     0     0     0     0     0     0     0     0
     0     0     0     0     0     0     0     0     0     0     0     0
     0     0     0     0     0     0     0     0     0     0     0     0
     0     0     0     1     0     0     0     0     0     0     0     0
     0     0     0     0     0     0     0     0     0     0     0     0
     0     0     0     0     0     0     0     0     0     0     0     1
     0     1     1     0     0     0     0     0     0     0     0     0
     0     0     0     0     0     0     0     0     0     0     0     0
     0     0     0     0     0     0     0     0     0     0     0     0
     0     0     0     0     0     0     0     0     0     0     0     0
     0     0     0     0     0     0     0     0     0     0     0     3
     0     0     0     0     0     0     0     0     0     0     0     0
     0     0     0     0     0     0     0     0     0     0     0     0
     0     0     0     0     0     0     0     0     0     0     0     0
     0     0     0     0     0     0     0     0     0     0     0     0
    16
     0     0     0     0     0     0     0     0     0     0     0     0
     0     0     0     0     0     0     0     0     0     0     0     0
     0     0     0     0     0     0     0     0     0     0     0     0
     0     0     0     0     1     0     0     0     0     0     0     0
     0     0     0     0     0     0     0     0     0     0     0     0
     0     0     0     0     0     0     0     0     0     0     0     0
     0     0     0     0     0     0     0     0     0     0     0     0
     0     0     0     0     0     0     0     0     0     0     0     0
     0     0     0     0     0     0     0     0     0     0     0     0
     0     0     0     0     0     0     0     0     0     0     0     0
     0     0     0     0     0     0     0     0     0     0     0     0
     0     0     0     0     0     0     0     0     0     0     0     0
     0     0     0     0     0     0     0     0     0     0     0     0
     0     0     0     0     0     0     0     0     0     0     0     0
     0     0     0     0     0     0     0     0     0     0     0     0
     0     0     0     0     0     0     0     0     0     0     0     0
     0     0     0     0     0     0     0     0     0     0     0     0
     0     1     0     0     0     0     0     0     0     0     1     0
     0     0     2     0     0     0     0     0     0     0     0     0
     1     0     0     0     0     0     0     0     0     0     1     0
     1     0     0     0     0     0     0     0     0     0     0     0
     0     0     0     0     0     1     0     0     0     0     0     0
     0     0     0     0     0     0     0     0     0     0     0     0
     0     0     0     0     0     0     0     0     0     0     0     0
     0     0     0     0     0     0     0     0     0     0     0     0
     0     0     1     0     0     0     0     0     0     0     0     0
     0     0     0     0     0     0     0     0     0     0     0     0
     0     0     0     0     0     0     0     0     0     0     0     0
     0     0     1     1     0     0     0     0     0     0     0     2
     0     0     0     0     0     0     0     0     0     0     0     0
     0     0     0     0     0     0     0     0     0     0     0     0
     0     0     0     0     0     0     0     0     0     0     0     0
     0     0     0     0     0     0     0     0     0     0     0     0
     0     0     0     0     0     0     0     0     0     0     0     0
     0     0     0     0     0     0     0     0     0     0     0     0
     0     0     0     0     0     0     0     0     0     0     0     0
    17
     0     0     0     0     0     0     0     0     0     0     0     0
     0     0     0     0     0     0     0     0     0     0     0     0
     0     0     0     0     0     0     0     0     0     0     0     0
     0     0     0     0     0     0     0     0     0     0     0     0
     0     0     0     0     1     0     0     0     0     0     0     0
     0     2     0     0     0     0     0     0     0     0     0     0
     0     0     0     0     0     0     0     0     0     0     0     0
     0     0     0     0     0     0     0     0     0     0     0     0
     0     0     0     0     0     0     0     0     0     0     0     0
     0     0     0     0     0     0     0     0     0     0     0     0
     0     0     0     0     0     0     0     0     0     0     0     0
     0     0     0     0     0     0     0     0     0     0     0     0
     0     0     0     0     0     0     0     0     0     0     0     0
     0     0     0     0     0     0     0     0     0     0     0     0
     0     0     0     0     0     0     0     0     0     0     0     0
     0     0     0     0     0     0     0     0     0     0     0     0
     0     0     0     0     0     0     0     0     0     0     0     0
     0     0     0     0     0     0     0     0     0     0     0     0
     0     0     0     0     0     0     0     0     0     0     0     0
     0     0     0     0     0     0     0     0     0     0     0     0
     0     0     0     0     0     0     0     0     0     0     0     0
     0     0     0     0     0     0     0     0     0     0     0     0
     0     0     0     0     0     0     0     0     0     0     0     0
     0     0     0     0     0     0     0     0     0     0     0     0
     0     0     0     0     0     0     0     0     0     0     0     0
     0     0     0     0     0     0     0     0     0     0     0     0
     0     0     0     0     0     0     0     0     0     0     0     0
     0     0     0     0     0     0     0     0     1     0     0     0
     0     0     0     0     0     0     0     0     0     0     0     0
     0     0     0     0     0     0     0     0     1     0     0     0
     0     0     0     0     0     0     0     0     0     0     0     0
     0     0     0     0     0     0     0     0     0     0     0     0
     0     0     0     0     0     0     0     0     0     0     0     0
     0     0     0     0     0     0     0     0     0     0     0     0
     0     0     0     0     0     0     0     0     0     0     0     0
     0     0     0     0     0     0     0     0     0     0     0     0
    18
     0     0     0     0     0     0     0     0     0     0     0     0
     0     0     0     0     0     0     0     0     0     0     0     0
     0     0     0     0     0     0     0     0     0     0     0     0
     0     0     0     0     0     0     0     0     0     0     0     0
     0     0     0     0     0     0     0     0     0     0     0     0
     0     0     0     0     0     0     0     0     0     0     0     0
     0     0     0     0     0     0     0     0     0     0     0     0
     0     0     0     0     0     0     0     0     0     0     0     0
     0     0     0     1     0     0     0     0     0     0     0     0
     0     0     0     0     1     0     0     0     0     0     0     0
     0     0     0     0     0     0     0     0     0     0     0     0
     0     0     0     0     0     0     0     0     0     0     0     0
     0     0     0     0     0     0     0     0     0     0     0     0
     0     0     0     0     0     0     0     0     0     0     0     0
     0     0     0     0     0     0     0     0     0     0     0     0
     0     0     0     0     0     0     0     0     0     0     0     0
     0     0     0     0     0     0     0     0     1     0     0     0
     0     0     0     0     0     0     0     0     0     0     0     0
     0     0     0     0     0     0     0     0     0     0     0     0
     0     0     0     0     0     0     0     0     0     0     0     0
     0     0     0     0     0     0     0     0     0     0     0     0
     0     0     0     0     0     0     0     0     0     0     0     0
     0     0     0     0     0     0     0     0     0     0     0     0
     0     0     0     0     0     0     0     0     0     0     0     0
     0     0     0     0     0     0     0     1     0     0     0     0
     0     0     0     0     0     0     0     0     0     0     0     0
     0     0     0     0     0     0     0     0     0     0     0     0
     0     0     0     0     0     0     0     0     0     0     0     0
     0     0     0     0     0     0     0     0     0     0     0     0
     0     0     0     0     0     0     0     0     0     0     0     0
     0     0     0     0     0     0     0     0     0     0     0     0
     0     0     0     0     0     0     0     0     0     0     0     0
     0     0     0     0     0     0     0     0     0     0     0     0
     0     0     0     0     0     0     0     0     0     0     0     0
     0     0     0     0     0     0     0     0     0     0     0     0
     0     0     0     0     0     0     0     0     0     0     0     0
    19
     0     0     0     0     0     0     0     0     0     0     0     0
     0     0     0     0     0     0     0     0     0     0     0     0
     0     0     0     0     0     0     0     0     0     0     0     0
     0     0     0     0     0     0     0     0     0     0     0     0
     0     0     0     0     0     0     0     0     0     0     0     0
     0     0     0     0     0     0     0     0     0     0     0     0
     0     0     0     0     0     0     0     0     0     0     0     0
     0     0     0     0     0     0     0     0     0     0     0     0
     0     0     0     0     0     0     0     0     0     0     0     0
     0     0     0     0     0     0     0     0     0     0     0     0
     0     0     0     0     0     0     0     0     0     0     0     0
     0     0     0     0     0     0     0     0     0     0     0     0
     0     0     0     0     0     0     0     0     0     0     0     0
     0     0     0     0     0     0     0     0     0     0     0     0
     0     0     0     0     0     0     0     0     0     0     0     0
     0     0     0     0     0     0     0     0     1     0     0     0
     0     0     0     0     0     0     0     0     0     0     0     0
     0     0     0     0     0     0     0     0     0     0     0     0
     0     0     0     0     0     0     0     0     0     0     0     0
     0     0     0     0     0     0     0     0     0     0     0     0
     0     0     0     0     0     0     0     0     0     0     0     0
     0     0     0     0     0     0     0     0     0     0     0     0
     0     0     0     0     0     0     0     0     0     0     0     0
     0     0     0     0     0     0     0     0     0     0     0     0
     0     0     0     0     0     0     0     0     0     0     0     0
     0     0     0     0     0     0     0     0     0     0     0     0
     0     0     0     0     0     0     0     0     0     0     0     0
     0     0     0     0     0     0     0     0     0     0     0     0
     0     0     0     0     0     0     0     0     0     0     0     0
     0     0     0     0     0     0     0     0     0     0     0     0
     0     0     0     0     0     0     0     0     0     0     0     0
     0     0     0     0     0     0     0     0     0     0     0     0
     0     0     0     0     0     0     0     0     0     0     0     0
     0     0     0     0     0     0     0     0     0     0     0     0
     0     0     0     0     0     0     0     0     0     0     0     0
     0     0     0     0     0     0     0     0     0     0     0     0
    20
     0     0     0     0     0     0     0     0     0     0     0     0
     0     0     0     0     0     0     0     0     0     0     0     0
     0     0     0     0     0     0     0     0     0     0     0     0
     0     0     0     0     0     0     0     0     0     0     0     0
     0     0     0     0     0     0     1     0     0     0     0     0
     0     0     0     0     0     0     0     0     0     0     0     0
     0     0     0     0     0     0     0     0     0     0     0     0
     0     0     0     0     0     0     0     0     0     0     0     0
     0     0     0     0     0     0     0     0     0     0     0     0
     0     0     0     0     0     0     0     0     0     0     0     0
     0     0     0     0     0     0     0     0     0     0     0     0
     0     0     0     0     0     0     0     0     0     0     0     0
     0     0     0     0     0     0     0     0     0     0     0     0
     0     0     0     0     0     0     0     0     0     0     0     0
     0     0     0     0     0     0     0     0     0     0     0     0
     0     0     0     0     0     0     0     0     0     0     0     0
     0     0     0     0     0     0     0     0     0     0     0     0
     0     0     0     0     0     0     0     0     0     0     0     0
     0     0     0     0     0     0     0     0     0     0     0     0
     0     0     0     0     0     0     0     0     0     0     0     0
     0     0     0     0     0     0     0     0     0     0     0     0
     0     0     0     0     0     0     0     0     0     0     0     0
     0     0     0     0     0     0     0     0     0     0     0     0
     0     0     0     0     0     0     0     0     0     0     0     0
     0     0     0     0     0     0     0     0     0     0     0     0
     0     0     0     0     0     0     0     0     0     0     0     0
     0     0     0     0     0     0     0     0     0     0     0     0
     0     0     0     0     0     0     0     0     0     0     0     0
     0     0     0     0     0     0     0     0     0     0     0     0
     0     0     0     0     0     0     0     0     0     0     0     0
     0     0     0     0     0     0     0     0     0     0     0     0
     0     0     0     0     0     0     0     0     0     0     0     0
     0     0     0     0     0     0     0     0     0     0     0     0
     0     0     0     0     0     0     0     0     0     0     0     0
     0     0     0     0     0     0     0     0     0     0     0     0
     0     0     0     0     0     0     0     0     0     0     0     0
