20
Harrisburg, PA 14751
     0
      -4.500      -2.800       2.200       7.800      14.300      20.000
      22.700      22.200      17.200      10.600       5.000      -1.200
       -.700        .600       6.000      11.600      18.200      23.200
      26.100      25.000      21.100      14.300       8.300       2.200
       2.700       4.400      10.600      16.700      22.200      26.700
      28.800      27.700      24.300      18.200      12.100       5.000
      46.000      44.000      38.000      36.000      42.000      47.000
      48.000      52.000      51.000      46.000      48.000      47.000
      56.000      54.000      51.000      51.000      57.000      59.000
      61.000      64.000      65.000      59.000      60.000      58.000
      71.000      73.000      72.000      71.000      78.000      76.000
      77.000      79.000      81.000      77.000      79.000      73.000
       2.000       2.400       2.400       2.400       2.000       2.000
       2.000       2.000       2.000       2.000       2.000       2.000
       3.100       3.100       3.500       3.500       2.700       2.700
       2.400       2.400       2.400       2.700       3.100       3.100
       4.800       4.800       4.800       4.800       4.000       4.000
       3.100       3.100       3.500       4.000       4.800       4.800
     290.000     300.000     300.000     300.000     300.000     290.000
     290.000     290.000     300.000     300.000     300.000     300.000
     1
       -.812        .773       6.692      12.472      18.459      23.095
      25.831      24.810      20.961      14.588       8.709       2.019
      59.101      58.525      55.589      54.538      59.871      61.562
      62.671      65.563      65.583      61.785      62.620      60.561
     2
     5     8     8    10    17    16    17    17    25    12     8    11
    12     9    10    19    23    11    21    28    25    25    11     9
     7     6    10    15    22    14    22    18    14    12    14     8
    15    14    11    13    22    21    20    22    17    18    16    18
    25    18    12    18    24    13    36    32    24    28    16    10
    20    14    13    13    32    24    20    22    26    22    19    16
    24    30    18    26    38    42    40    41    35    34    19    29
    23    20    16    24    34    26    28    41    37    32    29    31
    55    53    49    34    56    57    51    64    78    71    57    56
    41    34    32    28    37    45    34    44    46    57    32    30
    69    66    49    33    71    62    70    65    75    81    52    69
    41    22    30    36    49    46    47    45    53    40    33    47
    29    23    26    20    31    33    40    46    39    25    30    25
    38    47    36    25    51    44    40    42    38    42    23    35
    20    10    13     8    25    29    36    31    15    20    15    18
    20    11    15    15    40    38    51    42    45    18    23    19
    14     8    16     8    21    23    57    34    32    24    13    13
    15     4    25    22    34    61    63    77    61    29    15    20
     5     6     9    10    16    33    33    39    25    14    13     9
    10    10    15    10    25    45    41    51    28    18    18    14
     7     7     9     8    23    28    47    44    31    17    12     9
     8    13    14    10    16    36    51    41    36    21    13    11
    18    19    19    24    35    53    63    75    51    31    29    15
    19    15    17    20    40    44    51    55    42    36    16    18
    39    26    28    36    72    84    94    81    73    65    42    33
    23    37    23    31    42    58    68    75    51    40    22    24
    48    35    34    42    82    91    74    87    81    70    43    31
    18    23    20    24    32    43    57    42    33    40    18    22
    24    24    26    40    52    60    94    71    65    40    28    38
    21    18    16    23    38    39    62    52    35    28    17    22
    22    10    11    18    24    29    42    40    40    19    12    14
    28    18    22    36    32    45    59    41    49    48    27    20
    11    17    15    14    15    20    31    32    24    19    10    12
    18    20    22    15    31    26    40    25    39    48    26    16
     8    20    11    19    19    17    25    24    30    36    13     9
    16    12    31    15    25    43    33    46    28    31    33    15
     3
    13     7    31    29    46    39    42    53    48    25    14    15
    18    21    28    17    35    34    44    57    43    28    15    13
     9     7    16    24    39    30    67    43    31    15     4    12
    21    15    22    41    60    42    44    60    44    34    10    20
    20    29    33    42    46    49    50    60    50    38    28    19
    37    22    55    52    51    42    54    68    53    55    48    25
    51    63   110    69   111    88   107   111   119    90    67    50
    66    49    81    81    97    89    99    81    93    73    83    60
   117   135   158   135   212   191   153   162   186   165   144   133
    97   104   117   141   140   144    96    95   143   125   121   124
   152   163   188   195   259   179   150   195   180   174   172   168
    73    93   100   114   142   109   106    99   120   115   102    84
    41    51    66    58    96    90    71   106    76    71    49    74
    52    54    67    61   108   102   106   140    88    60    63    63
    29    28    38    39    72    53    91    69    50    48    23    25
    34    20    30    47    89   100   107   136    71    51    33    50
    18    20    35    45    67    89    99    85    65    34    22    19
    45    29    51    51   109   147   139   142   106    56    39    31
    18    24    33    29    53    81    90    75    52    35    16    24
    25    21    39    38    77   107   132   104    65    44    29    23
    21    11    21    35    65    86   105    92    57    38    21    22
    19    18    29    32    59    80   104    87    51    28    26    24
    29    31    26    40    79   132   161   120    72    53    39    32
    42    34    46    60    71   109   139   101    69    61    41    45
    62    54    72    92   118   180   194   160   109    71    76    65
    81    64    77    99   144   145   171   171   110   113    67    82
   122    97   107   141   178   241   309   252   192   145    97   125
    63    50    50    58   105   130   136   148    91    81    65    60
    82    82    84   108   157   181   228   178   171   149    80    83
    53    57    70    70   150   112   159   143   112    88    74    53
    48    55    55    75    95   107   117   102    63    57    53    63
    67    67    82    93   113   129   176   151   138   141    70    75
    49    90    57    80    87    88   148   108   100    61    44    39
    59    70    86    80   119   123   165   156   133    97    61    69
    36    41    66    67    85    76   114   112    97    59    44    27
    28    52    65    57    97   111   151   143   114    72    41    48
     4
    13     4    14    15    21    13    24    24    23    18    12     8
     6    13     7    15    14    13    19    17    19    11     5     7
     1     2     9    12     9     7     8     8     7     2     5     2
     5     2    11    15    13    12     9     9    12     5     8     4
     9    18    11    18    16     8    10    15    20    10     7    10
     4    13    15    11    18    13     6    10    16    11     8     9
    13    25    35    32    45    17    15    24    39    28    22    13
    21    21    37    60    41    25    24    27    33    14    28    19
    26    36    66    70    86    53    49    40    52    45    35    27
    13    34    55    63    76    36    21    26    32    31    41    30
    42    63    82    89   104    47    40    42    41    52    46    37
    28    27    42    50    60    40    33    28    26    27    23    20
     4    10    36    31    47    32    35    32    43    18    18    10
    15    18    30    22    43    25    27    39    24    22    18    12
     7    14    18    24    21    29    19    16    15    11     9     9
    11    10    27    32    46    36    46    37    30    16    26    17
     7     5    14    15    39    33    27    31    25    13    13    10
    17    15    25    44    59    77    54    58    44    26    16     9
     5    10    24    17    26    51    34    48    23    16    11    13
    15     9    16    25    39    64    61    49    38    24    18    15
     4    17    13    20    23    45    40    28    22    21    15     9
     6     9    17    14    25    38    37    26    24     9    10    10
    15     9    21    25    25    50    67    39    38    18    14    11
    18    17    12    28    32    52    30    37    29    24    19    13
    30    32    30    44    38    73    68    53    37    24    22    33
    47    35    35    41    42    59    53    51    36    36    42    41
    74    74    61    61    93   101   100    88    52    65    75    72
    40    44    42    45    50    66    53    61    41    34    47    34
    53    46    54    63    90    89    99    73    60    86    37    59
    52    34    51    55    56    67    67    52    42    38    29    35
    35    42    54    49    71    57    73    46    39    39    50    35
    62    67    86    81    87    76   103    68    75    69    49    39
    29    40    49    51    59    58    72    51    54    43    27    37
    30    41    68    74    71    70   116    91    72    68    63    32
    13    18    36    42    54    60    62    48    50    41    26    24
    17    23    45    44    51    52    49    57    59    42    31    22
     5
    11     4    14    20    23    15    18    10    15     8     6     7
     8    11    11     9    16    16     3    13    15    11     3     5
     2     2     3    12    17    11     5     3     5     4     1     3
     0     1    13    22    11     6     6     5     3     9     5     6
     5     6     6    21    19     7     4     7     9     9     4    12
     3     8     9    18    17     2    10     3    13    12     6     7
    13    20    31    26    18    11    11     2    18    13    13    12
    18    15    21    49    36    10     8     9     9     7    14    10
     9    31    76    63    56    23    21    15    28    23    33    13
    10    20    59    80    40    17    14    13    10    13    27    11
    18    27    81   107    55    26    14    24    22    21    23    16
     9    13    41    63    39    22    16    14    23    13    12    12
     3     7    27    30    31    14    14    23    22    18    16     7
     5    13    33    39    36    21    16    18    17    19    13     5
     4    10    30    24    36    23    29    22    17    18    11     8
     6    14    59    36    66    21    29    23    24    22    21     6
     9    18    27    36    40    22    13    25    16    18    17     7
     7    19    46    62    64    54    38    43    39    20    22     7
     9    16    52    67    44    42    32    23    26    18    19    12
    20    16    44    63    59    63    38    45    28    36    22    14
     9    11    32    36    45    41    33    18    16    25    16    11
    13    13    32    29    32    37    31    17    14    18    16    15
    14    17    31    33    49    47    50    27    34    27    18    17
    25    21    26    19    30    48    48    24    23    30    26    26
    40    42    51    48    60    60    51    43    33    32    46    38
    80    57    65    83    61    56    55    38    32    50    69    62
   180   104   127   119   126   120    81    79    65   111   108   116
   115    80   102    93    83    82    49    36    51    85    60    83
   133   127   133   135   145   141   112    86    85   119   122   144
   152   166   180   163   100   143    82    75    84   113    96   127
    97   152   143   146   104   120    81    65   107   104   114   111
   135   127   185   173   156   135   127    98    89   112   128    98
    76   103   126   106    99    97    85    65    76    68    94    66
    68    84   142   123   110   101   100    77   107    95    69    58
    24    59    76    96    70    69    62    39    49    66    45    35
    24    25    78    60    65    51    53    40    78    59    30    37
     6
     3     3     6    10     5     2     1     1     3     1     0     0
     2     0     4     4     6     7     1     1     3     1     3     2
     1     0     1     3     0     0     2     0     0     0     0     0
     2     0     0     5     1     0     0     0     1     0     1     0
     2     1     0     2     1     1     1     1     1     1     2     0
     4     0     1     6     0     0     0     0     0     0     0     0
     3     4     6     9     2     5     0     0     3     3     0     2
     5     1     7     6     3     2     0     1     1     1     0     1
     0     1    14    10     5     2     0     0     2     4     3     2
     3     5     5    10     5     0     0     0     1     1     1     1
     2     4    16    23     7     0     2     2     1     1     1     2
     0     2    10     7     8     4     1     0     2     2     2     1
     0     2     5     9     3     2     1     0     7     1     2     1
     2     3    12     9     8     4     6     1     0     2     5     2
     0     1    12    18    14     1     3     0     1     2     4     1
     0     2    19    18     8     5     3     3     0     3     8     3
     1     0     5     9     6     1     3     3     6     4     2     3
     1     5    16    22    18    10     4     5     6     4     6     2
     2     4    18    13    18    13     3     5     8    10     2     5
     7     3    16    26    22    10     7    16    13     9     9     4
     5     4     6    14     9     5     4     2     2     9     1     2
     6     3     8     9     9     3     2     5     1     6     1     1
     6     3     6    13    16     8     5     8     3     7     6     5
     9     5    11     8     5     2     6     6     6     4     4     5
    19    13    29    30    26    21    10     6     5    15    22    12
    43    29    23    43    24    18     8     6    10    20    28    22
    94    57    80    99    60    39    12    12    15    44    47    71
    72    69    90    45    50    33    13    18    14    36    57    61
   116    86   142   133   111    77    41    37    23    80   114   125
   139    98   160   135    58    77    28    20    29    96   100   110
    91   107   144   106    45    36    30    18    33    63    80    80
    72    97   123   110    71    55    43    24    32    55    89    53
    44    38    60    61    31    34    11    10    17    35    27    26
    25    47    54    80    38    22    15    19    15    36    40    16
     9    29    27    33    19    22    11    11     7    18     8    11
     8    11    25    23    18     6    10     7     8    18     6    12
     7
     0     0     1     1     0     0     0     2     0     0     0     0
     1     0     1     0     1     0     0     0     0     0     0     1
     0     0     0     0     1     0     0     0     0     0     0     0
     0     0     0     0     1     0     0     0     0     0     0     0
     0     0     1     0     0     0     0     0     0     0     0     0
     1     1     0     1     1     0     0     0     0     0     0     0
     1     0     2     3     0     1     0     0     0     0     0     0
     0     2     0     1     0     0     0     0     0     0     0     0
     0     1     2     0     0     0     0     0     0     1     1     0
     0     0     0     0     0     0     0     0     0     0     0     0
     1     2     1     2     1     0     0     0     0     0     1     0
     0     0     0     0     0     0     0     1     0     0     1     1
     0     0     0     0     0     0     0     0     0     0     0     0
     0     0     2     0     0     0     0     0     0     0     0     0
     0     0     1     0     1     0     0     0     0     0     1     1
     0     0     3     1     0     1     0     0     2     0     2     0
     0     0     2     0     0     0     0     0     0     2     1     0
     0     1     1     2     1     0     2     2     2     0     1     0
     0     1     4     1     2     1     0     0     1     2     0     0
     1     2     3     3     1     3     1     2     3     2     3     0
     0     0     1     2     1     0     0     0     0     0     0     0
     0     0     1     1     0     0     0     1     1     0     0     0
     0     0     1     4     0     1     1     0     0     0     2     0
     0     1     2     0     2     1     0     1     0     0     0     0
     0     2     3     6     9     2     3     0     4     3     4     4
     5     7     4     5     6     4     0     2     0     1     9     4
    21    11    15    24    18     3     1     1     2     8    14    13
    17    23    19     8    12     3     3     1     1     3    15    16
    43    42    42    58    23    10     6     9    14    23    33    53
    33    27    33    32     6     1     5     1     3    17    22    28
    22    23    45    26     8     5     8     5     3    10    15    15
    22    15    32    34    12     8     7     5     5    10    23    22
     3     8    14    13     0     1     0     2     1     2     2     7
     3     5     7     9     6     2     3     1     2     9     5     7
     3     2     2     3     1     3     1     0     0     0     1     3
     3     1     1     1     4     1     0     1     0     4     0     5
     8
     1     0     0     0     0     0     0     0     0     0     0     0
     1     0     0     0     0     0     0     0     0     0     0     0
     0     0     0     0     0     0     1     0     0     0     0     0
     0     0     0     0     0     0     0     0     0     0     0     0
     0     0     0     0     0     1     0     0     0     0     1     0
     0     1     0     0     0     0     0     0     0     0     0     0
     0     0     1     0     0     2     0     0     1     0     0     0
     1     0     0     0     0     0     0     0     0     0     0     1
     0     0     2     0     0     0     0     0     1     0     0     1
     0     1     0     0     0     0     0     0     0     0     0     0
     0     0     0     0     0     0     0     0     0     0     0     0
     0     0     0     0     0     0     0     0     1     0     0     0
     0     0     0     0     0     0     0     0     0     0     1     0
     0     0     0     0     0     0     0     0     0     0     0     0
     0     0     1     0     0     0     0     0     0     0     2     0
     0     0     1     1     0     0     0     0     0     0     0     0
     0     0     2     0     0     0     0     0     0     0     0     1
     0     0     0     1     0     0     0     0     1     0     1     0
     1     0     5     1     0     1     0     0     1     0     0     0
     1     0     5     5     2     1     0     1     0     1     0     0
     1     0     2     0     1     0     0     0     1     0     1     0
     0     0     0     0     0     0     1     0     0     0     0     0
     2     1     0     1     0     0     0     0     1     0     0     0
     2     0     2     0     1     0     0     1     0     1     0     0
     2     2     3     3     1     1     1     0     2     0     4     3
     5     5     5    10     2     0     0     1     3     0     3     6
    28    15    14    25    11     4     0     4     4     8    21    22
    29    24    24    21    16     1     1     4     5     4    15    14
    62    49    74    56    18     6     5     6     9    22    50    58
    60    47    63    49     7     6     2     1     7    23    38    35
    33    31    36    31     9     6     2     1     0    13    28    27
    28    31    39    43    11     4    14     3     6     7    28    28
     2     5    13     2     2     2     0     1     1     2     8     4
     0     5     5     7     4     2     2     0     2    10     4     2
     1     2     2     0     0     2     0     2     0     0     1     1
     2     0     0     3     0     3     0     0     0     1     0     3
     9
     0     0     0     0     0     0     0     0     0     0     0     0
     0     0     0     0     0     0     0     0     0     0     0     0
     0     0     0     0     0     0     0     0     0     0     0     0
     0     0     0     0     0     0     0     0     0     0     0     0
     0     0     0     0     0     0     0     0     0     0     0     0
     0     0     0     0     0     0     0     0     0     0     0     0
     0     0     0     0     0     0     0     0     0     0     0     0
     0     0     0     0     0     0     0     0     1     0     0     0
     0     0     0     0     0     0     0     0     0     0     0     0
     0     1     0     0     0     0     0     0     0     0     0     0
     0     0     0     0     0     0     0     0     0     0     0     0
     0     0     0     1     0     0     0     0     0     0     0     0
     0     0     0     0     0     0     0     0     0     0     0     0
     0     0     0     0     0     0     0     0     0     0     0     0
     0     0     0     0     0     0     0     0     0     0     0     0
     0     0     0     0     0     0     0     0     0     0     0     0
     0     0     0     0     0     0     0     0     0     0     0     0
     0     0     0     0     0     0     0     0     0     0     0     0
     0     0     0     0     0     0     0     0     0     0     0     0
     0     0     1     0     0     0     0     0     0     0     0     0
     0     0     0     0     0     0     0     0     0     0     0     0
     0     0     1     0     0     0     0     0     0     0     0     0
     0     0     0     0     0     0     0     0     0     0     0     0
     0     0     0     1     0     0     0     0     0     0     0     0
     1     1     0     0     1     0     0     0     0     0     1     1
     3     2     1     1     1     0     0     0     0     0     0     2
     2     3     6     8     2     1     1     0     0     2     2     2
     3     6     5     1     0     1     0     0     0     1     2     3
    12     8    14    14     2     0     3     1     0     6     8    20
     7     5    10    12     0     0     0     0     1     5     7     9
     5     4     7     8     0     0     0     0     0     1     4     5
     1     4     4     8     1     0     0     0     0     1     5     6
     0     1     1     1     0     1     0     0     0     1     1     0
     1     0     0     2     0     0     0     0     0     3     0     0
     0     1     0     0     0     0     0     0     0     0     0     0
     0     0     0     0     0     0     0     0     0     0     0     1
    10
     0     0     0     0     0     0     0     0     0     0     0     0
     0     0     0     0     1     0     0     0     0     0     0     0
     0     0     0     0     0     0     0     0     0     0     0     0
     0     0     0     0     0     0     0     0     0     0     0     0
     0     0     0     0     0     0     0     0     0     0     0     0
     0     0     0     0     0     0     0     0     0     0     0     0
     0     0     0     0     0     0     0     0     0     0     0     0
     0     0     0     0     0     0     0     0     0     0     0     0
     0     0     0     0     0     0     0     0     0     0     0     0
     0     0     0     0     0     0     0     0     0     0     0     0
     0     0     0     0     0     0     0     0     0     0     0     0
     0     0     0     0     0     0     0     0     0     0     0     0
     0     0     0     0     0     0     0     0     0     0     0     0
     0     0     0     0     0     0     0     0     0     0     0     0
     0     0     0     0     0     0     0     0     0     0     0     0
     0     0     0     0     0     0     0     0     0     0     0     0
     0     0     0     0     0     0     0     0     0     0     0     0
     0     0     0     0     0     0     0     0     0     0     0     0
     0     0     0     0     0     0     0     0     0     0     0     0
     0     0     0     0     0     0     0     0     0     0     0     0
     0     0     0     0     0     0     0     0     0     0     0     0
     0     0     0     0     0     0     0     0     0     0     0     0
     0     0     0     0     0     0     0     0     0     0     0     0
     0     0     0     0     0     0     0     0     0     0     0     0
     0     0     1     0     1     0     1     0     0     0     1     0
     0     1     2     1     2     0     0     0     0     0     1     0
     2     2     2     2     1     0     0     0     0     1     2     1
     2     1     5     0     0     0     0     0     0     2     1     4
    11     3     7    14     2     1     0     2     0     0     2     8
     4    10     5     3     0     1     0     1     0     0     7     6
     1     2     7     1     0     0     0     0     0     3     1     3
     5     3     3     4     0     0     0     1     0     0     6     6
     0     1     1     0     0     0     0     0     1     0     1     0
     0     0     0     0     0     0     0     0     0     0     0     0
     1     0     0     0     0     0     0     0     0     0     0     0
     0     0     0     0     0     0     0     0     0     0     0     0
    11
     0     0     0     0     0     0     0     0     0     0     0     0
     0     0     0     0     0     0     0     0     0     0     0     0
     0     0     0     0     0     0     0     0     0     0     0     0
     0     0     0     0     0     0     0     0     0     0     0     0
     0     0     0     0     0     0     0     0     0     0     0     0
     0     0     0     0     0     0     0     0     0     0     0     0
     0     0     1     0     0     0     0     0     0     0     0     0
     0     0     0     0     0     0     0     0     0     0     0     0
     0     0     0     0     0     0     0     0     0     0     0     0
     0     0     0     0     0     0     0     0     0     0     0     0
     0     0     0     1     0     0     0     0     0     0     0     0
     0     0     0     0     0     0     0     0     0     0     0     0
     0     0     0     0     0     0     0     0     0     0     0     0
     0     0     0     0     0     0     0     0     0     0     0     0
     0     0     0     0     0     0     0     0     0     0     0     0
     0     0     0     0     0     0     0     0     0     0     0     0
     0     0     0     0     0     0     0     0     0     0     0     0
     0     0     0     0     0     1     0     0     0     0     1     0
     0     0     1     0     0     0     0     0     0     0     0     0
     0     0     0     0     0     0     0     0     0     0     0     0
     0     0     0     0     0     0     0     0     0     0     0     0
     0     0     0     0     0     0     0     0     0     0     0     0
     0     0     0     0     0     0     0     0     0     0     0     0
     0     1     0     0     0     0     0     0     0     0     0     0
     0     0     0     0     0     0     0     0     0     0     0     0
     0     1     1     0     1     0     0     0     0     0     0     0
     4     1     1     5     1     1     0     0     0     0     2     4
     4     1     5     3     1     0     0     0     0     0     0     2
     8     3     9     5     1     0     0     1     1     0     3     1
     4     8     4     5     0     0     0     0     1     0     3     4
     2     4     3     3     0     0     0     0     0     0     1     2
     1     1     2     7     0     0     0     0     0     0     1     1
     0     3     2     0     0     0     0     0     0     0     0     0
     0     0     0     0     0     0     0     0     0     0     1     0
     0     0     0     0     0     0     0     0     0     0     0     0
     0     0     0     0     0     0     0     0     0     0     0     0
    12
     0     0     0     0     0     0     0     0     0     0     0     0
     0     0     0     0     0     0     0     0     0     0     0     0
     0     0     0     0     0     0     0     0     0     0     0     0
     0     0     0     0     0     0     0     0     0     0     0     0
     0     0     0     0     0     0     0     0     0     0     0     0
     0     0     0     0     0     0     0     0     0     0     0     0
     0     0     0     0     0     0     0     0     0     0     0     0
     0     0     0     0     0     0     0     0     0     0     0     0
     0     0     0     0     0     0     0     0     0     0     0     0
     0     0     0     0     0     0     0     0     0     0     0     0
     0     0     0     0     0     0     0     0     0     1     0     0
     0     0     0     0     0     0     0     0     0     0     0     0
     0     0     0     0     0     0     0     0     0     0     0     0
     0     0     0     0     0     0     0     0     0     0     0     0
     0     0     0     0     0     0     0     0     0     0     0     0
     0     0     0     0     0     0     0     0     0     0     0     0
     0     0     0     0     0     0     0     0     0     0     0     0
     0     0     0     0     0     0     0     0     0     0     0     0
     0     0     0     0     0     0     0     0     0     0     0     0
     0     0     0     0     0     0     0     0     0     0     0     0
     0     0     0     0     0     0     0     0     0     0     0     0
     0     0     0     0     0     0     0     0     0     0     0     0
     0     0     0     0     0     0     0     0     0     0     0     0
     0     0     0     0     0     0     0     0     0     0     0     0
     0     0     0     0     0     0     0     0     0     0     0     0
     0     0     0     1     0     0     0     0     0     0     0     0
     0     2     2     3     0     0     0     0     0     0     1     0
     2     0     3     0     0     0     0     0     0     0     0     1
     1     4     5     4     0     0     0     0     0     0     2     4
     2     2     2     1     0     0     0     0     0     0     0     3
     0     2     0     1     0     0     0     0     0     0     0     0
     1     0     0     5     0     0     0     0     0     0     0     5
     0     0     0     0     0     0     0     0     0     0     0     0
     0     0     0     0     0     0     0     0     0     0     0     0
     0     0     0     0     0     0     0     0     0     0     0     0
     0     0     0     0     0     0     0     0     0     0     0     0
    13
     0     0     0     0     0     0     0     0     0     0     0     0
     0     0     0     0     0     0     0     0     0     0     0     0
     0     0     0     0     0     0     0     0     0     0     0     0
     0     0     0     0     0     0     0     0     0     0     0     0
     0     0     0     0     0     0     0     0     0     0     0     0
     0     0     0     0     0     0     0     0     0     0     0     0
     0     0     0     0     0     0     0     0     0     0     0     0
     0     0     0     0     0     0     0     0     0     0     0     0
     0     0     0     0     0     0     0     0     0     0     0     0
     0     0     0     0     0     0     0     0     0     0     0     0
     0     0     0     0     0     0     0     0     0     0     0     0
     0     0     0     0     0     0     0     0     0     0     0     0
     0     0     0     0     0     0     0     0     0     0     0     0
     0     0     0     0     0     0     0     0     0     0     0     0
     0     0     0     0     0     0     0     0     0     0     0     0
     0     0     0     0     0     0     0     0     0     0     0     0
     0     0     0     0     0     0     0     0     0     0     0     0
     0     0     0     0     0     0     0     0     0     0     0     0
     0     0     0     0     0     0     0     0     0     0     0     0
     0     0     0     0     0     0     0     0     0     0     0     0
     0     0     0     0     0     0     0     0     0     0     0     0
     0     0     0     0     0     0     0     0     0     0     0     0
     0     0     0     0     0     0     0     0     0     0     0     0
     0     0     0     0     0     0     0     0     0     0     0     0
     0     0     0     0     0     0     0     0     0     0     0     0
     0     0     0     0     0     0     0     0     0     0     0     0
     0     1     0     0     0     0     0     0     0     0     0     0
     0     1     0     1     0     0     0     0     0     0     0     0
     0     0     0     1     0     0     0     0     0     0     0     0
     0     0     0     0     0     0     0     0     0     0     0     0
     0     0     0     0     0     0     0     0     0     0     0     0
     1     0     0     1     0     0     0     0     0     0     0     0
     0     0     0     0     0     0     0     0     0     0     0     0
     0     0     0     0     0     0     0     0     0     0     0     0
     0     0     0     0     0     0     0     0     0     0     0     0
     0     0     0     0     0     0     0     0     0     0     0     0
    14
     0     0     0     0     0     0     0     0     0     0     0     0
     0     0     0     0     0     0     0     0     0     0     0     0
     0     0     0     0     0     0     0     0     0     0     0     0
     0     0     0     0     0     0     0     0     0     0     0     0
     0     0     0     0     0     0     0     0     0     0     0     0
     0     0     0     0     0     0     0     0     0     0     0     0
     0     0     0     0     0     0     0     0     0     0     0     0
     0     0     0     0     0     0     0     0     0     0     0     0
     0     0     0     0     0     0     0     0     0     0     0     0
     0     0     0     0     0     0     0     0     0     0     0     0
     0     0     0     0     0     0     0     0     0     0     0     0
     0     0     0     0     0     0     0     0     0     0     0     0
     0     0     0     0     0     0     0     0     0     0     0     0
     0     0     0     0     0     0     0     0     0     0     0     0
     0     0     0     0     0     0     0     0     0     0     0     0
     0     0     0     0     0     0     0     0     0     0     0     0
     0     0     0     0     0     0     0     0     0     0     0     0
     0     0     0     0     0     0     0     0     0     0     0     0
     0     0     0     0     0     0     0     0     0     0     0     0
     0     0     0     0     0     0     0     0     0     0     0     0
     0     0     0     0     0     0     0     0     0     0     0     0
     0     0     0     0     0     0     0     0     0     0     0     0
     0     0     0     0     0     0     0     0     0     0     0     0
     0     0     0     0     0     0     0     0     0     0     0     0
     0     0     0     0     0     0     0     0     0     0     0     0
     0     0     0     0     0     0     0     0     0     0     0     0
     0     1     0     0     0     0     0     0     0     0     0     0
     1     0     0     0     0     0     0     0     0     0     0     0
     0     0     0     0     0     0     0     0     0     0     0     0
     0     0     0     0     0     0     0     0     0     0     0     0
     0     0     0     0     0     0     0     0     0     0     0     0
     0     0     0     2     0     0     0     0     0     0     0     1
     0     0     0     0     0     0     0     0     0     0     0     0
     0     0     0     0     0     0     0     0     0     0     0     0
     0     0     0     0     0     0     0     0     0     0     0     0
     0     0     0     0     0     0     0     0     0     0     0     0
    15
     0     0     0     0     0     0     0     0     0     0     0     0
     0     0     0     0     0     0     0     0     0     0     0     0
     0     0     0     0     0     0     0     0     0     0     0     0
     0     0     0     0     0     0     0     0     0     0     0     0
     0     0     0     0     0     0     0     0     0     0     0     0
     0     0     0     0     0     0     0     0     0     0     0     0
     0     0     0     0     0     0     0     0     0     0     0     0
     0     0     0     0     0     0     0     0     0     0     0     0
     0     0     0     0     0     0     0     0     0     0     0     0
     0     0     0     0     0     0     0     0     0     0     0     0
     0     0     0     0     0     0     0     0     0     0     0     0
     0     0     0     0     0     0     0     0     0     0     0     0
     0     0     0     0     0     0     0     0     0     0     0     0
     0     0     0     0     0     0     0     0     0     0     0     0
     0     0     0     0     0     0     0     0     0     0     0     0
     0     0     0     0     0     0     0     0     0     0     0     0
     0     0     0     0     0     0     0     0     0     0     0     0
     0     0     0     0     0     0     0     0     0     0     0     0
     0     0     0     0     0     0     0     0     0     0     0     0
     0     0     0     0     0     0     0     0     0     0     0     0
     0     0     0     0     0     0     0     0     0     0     0     0
     0     0     0     0     0     0     0     0     0     0     0     0
     0     0     0     0     0     0     0     0     0     0     0     0
     0     0     0     0     0     0     0     0     0     0     0     0
     0     0     0     0     0     0     0     0     0     0     0     0
     0     0     0     0     0     0     0     0     0     0     0     0
     0     0     0     0     0     0     0     0     0     0     0     0
     0     0     0     0     0     0     0     0     0     0     0     0
     0     0     0     0     0     0     0     0     0     0     0     0
     0     0     0     0     0     0     0     0     0     0     0     0
     0     0     0     0     0     0     0     0     0     0     0     0
     0     0     0     0     0     0     0     0     0     0     0     0
     0     0     0     0     0     0     0     0     0     0     0     0
     0     0     0     0     0     0     0     0     0     0     0     0
     0     0     0     0     0     0     0     0     0     0     0     0
     0     0     0     0     0     0     0     0     0     0     0     0
    16
     0     0     0     0     0     0     0     0     0     0     0     0
     0     0     0     0     0     0     0     0     0     0     0     0
     0     0     0     0     0     0     0     0     0     0     0     0
     0     0     0     0     0     0     0     0     0     0     0     0
     0     0     0     0     0     0     0     0     0     0     0     0
     0     0     0     0     0     0     0     0     0     0     0     0
     0     0     0     0     0     0     0     0     0     0     0     0
     0     0     0     0     0     0     0     0     0     0     0     0
     0     0     0     0     0     0     0     0     0     0     0     0
     0     0     0     0     0     0     0     0     0     0     0     0
     0     0     0     0     0     1     0     0     0     0     0     0
     0     0     0     0     0     0     0     0     0     0     0     0
     0     1     0     0     0     0     0     0     0     0     0     0
     0     0     0     0     0     0     0     0     0     0     0     0
     0     0     0     0     0     0     0     0     0     0     0     0
     0     0     0     0     0     0     0     0     0     0     0     0
     0     0     0     0     0     0     0     0     0     0     0     0
     0     0     0     0     0     0     0     0     0     0     0     0
     0     0     0     0     0     0     0     0     0     0     0     0
     0     0     0     0     0     0     0     0     0     0     0     0
     0     0     0     0     0     0     0     0     0     0     0     0
     0     0     0     0     0     0     0     0     0     0     0     0
     0     0     0     0     0     0     0     0     0     0     0     0
     0     0     0     0     0     0     0     0     0     0     0     0
     0     0     0     0     0     0     0     0     0     0     0     0
     0     0     0     0     0     0     0     0     0     0     0     0
     0     0     0     0     0     0     1     0     0     0     0     0
     0     0     0     0     0     0     0     0     0     0     0     0
     0     0     0     0     0     1     0     0     0     0     0     0
     0     0     0     0     0     0     0     0     0     0     0     0
     0     0     0     0     0     0     0     0     0     0     0     0
     0     0     0     0     0     0     0     0     0     0     0     0
     0     0     0     0     0     0     0     0     0     0     0     0
     0     0     0     0     0     0     0     0     0     0     0     0
     0     0     0     0     0     0     0     0     0     0     0     0
     0     0     0     0     0     0     0     0     0     0     0     0
    17
     0     0     0     0     0     0     0     0     0     0     0     0
     0     0     0     0     0     0     0     0     0     0     0     0
     0     0     0     0     0     0     0     0     0     0     0     0
     0     0     0     0     0     0     0     0     0     0     0     0
     0     0     0     0     0     0     0     0     0     0     0     0
     0     0     0     0     0     0     0     0     0     0     0     0
     0     0     0     0     0     0     0     0     0     0     0     0
     0     0     0     0     0     0     0     0     0     0     0     0
     0     0     0     0     0     0     0     0     0     0     0     0
     0     0     0     0     0     0     0     0     0     0     0     0
     0     0     0     0     0     0     0     0     0     0     0     0
     0     0     0     0     0     0     0     0     0     0     0     0
     0     0     0     0     0     0     0     0     0     0     0     0
     0     0     0     0     0     0     0     0     0     0     0     0
     0     0     0     0     0     0     0     0     0     0     0     0
     0     0     0     0     0     0     0     0     0     0     0     0
     0     0     0     0     0     0     0     0     0     0     0     0
     0     0     0     0     0     0     0     0     0     0     0     0
     0     0     0     0     0     0     0     0     0     0     0     0
     0     0     0     0     0     0     0     0     0     0     0     0
     0     0     0     0     0     0     0     0     0     0     0     0
     0     0     0     0     0     0     0     0     0     0     0     0
     0     0     0     0     0     0     0     0     0     0     0     0
     0     0     0     0     0     0     0     0     0     0     0     0
     0     0     0     0     0     0     0     0     0     0     0     0
     0     0     0     0     0     0     0     0     0     0     0     0
     0     0     0     0     0     0     0     0     0     0     0     0
     0     0     0     0     0     0     0     0     0     0     0     0
     0     0     0     0     0     0     0     0     0     0     0     0
     0     0     0     0     0     0     0     0     0     0     0     0
     0     0     0     0     0     0     0     0     0     0     0     0
     0     0     0     0     0     0     0     0     0     0     0     0
     0     0     0     0     0     0     0     0     0     0     0     0
     0     0     0     0     0     0     0     0     0     0     0     0
     0     0     1     0     0     0     0     0     0     0     0     0
     0     0     0     0     0     0     0     0     0     0     0     0
