18
Columbus, OH 14821
     0
      -6.100      -3.300       1.100       7.100      14.300      20.000
      22.700      21.700      17.200      10.000       3.200      -3.300
      -1.200        .600       6.000      12.100      18.800      23.200
      25.600      24.300      21.100      14.300       7.800        .600
       2.700       5.000      11.600      17.200      22.700      27.200
      28.200      27.700      24.300      18.800      12.100       4.400
      58.000      54.000      46.000      41.000      44.000      47.000
      50.000      52.000      50.000      46.000      53.000      61.000
      69.000      66.000      60.000      55.000      59.000      60.000
      61.000      63.000      63.000      60.000      66.000      72.000
      79.000      78.000      75.000      73.000      76.000      76.000
      76.000      79.000      78.000      77.000      79.000      82.000
       2.700       2.400       2.700       2.400       2.400       2.000
       2.000       2.000       2.000       2.000       2.400       2.400
       3.500       3.500       4.000       3.500       3.100       2.700
       2.700       2.400       2.700       3.100       3.500       3.500
       4.800       4.800       5.200       4.800       4.400       4.000
       3.500       3.500       3.500       4.000       4.800       4.800
     220.000     230.000     240.000     230.000     210.000     210.000
     210.000     200.000     190.000     210.000     210.000     220.000
     1
      -1.707        .808       6.817      12.546      18.561      23.340
      25.445      24.356      20.824      14.428       7.963        .643
      68.565      65.641      60.385      57.068      60.201      61.512
      62.999      64.706      63.905      61.605      65.751      71.391
     2
    11    14    12    31    39    44    61    82    46    32    10    13
    20    27    28    27    49    53    59    81    53    29    29    13
     6    10    12    22    25    36    29    51    33    26     8    15
    10    10    20    19    32    38    65    74    33    18    13    14
    16    27    19    34    50    56    78   117    47    33    21    17
    13    17    17    28    45    44    44    80    51    30    20     4
    14    27    22    18    40    54    64    77    50    32    25    17
    10    12    11    28    25    30    48    46    37    27    15    10
    11    23    18    31    57    47    77   103    61    45    28    30
    18    19    17    20    46    27    51    58    45    30    10    18
    20    23    18    31    40    60    68    51    39    38    20    22
    15    20    21    26    52    66    79    75    78    32    28    20
    21    21    16    39    44    58    58    78    58    45    31    20
    48    30    24    48    42    75    71    76    81    54    30    41
    18    28    16    22    39    50    48    73    73    47    28    27
    38    33    23    41    49    46    70    77    59    73    47    49
    32    16    24    30    47    33    59    61    60    55    42    38
    47    30    22    41    57    91   116   111   119    94    58    46
    16    27    10    25    28    37    52    51    42    41    19    19
    23    20    14    17    36    35    46    52    49    41    30    31
    16    15    16    16    19    23    32    42    40    24    22    22
    10    11     9    15    23    17    40    45    32    26    21    22
    13     7    14    27    21    35    38    34    37    34    23    20
     8     9    14    20    24    34    32    37    33    30    22    16
     9    17     7    15    14    25    22    34    36    31    22    10
     4    12     6    13    14    17    28    19    21    17    11     6
    10    11    13    10    14    35    37    46    24    39    21    14
     5     2     5     5    18    11    23    23    20    13     4    11
    12    16    10    28     9    27    28    36    28    20    14    12
     5     9    11    14    15    26    26    35    38    25     9     8
     6    12    11     8    22    17    29    21    28    21     8    13
    18    17    24    31    35    32    34    44    29    28    21    20
     4    17    15    20    28    13    24    43    33    34    15    17
    28    16    19    32    38    38    36    70    50    29    17    14
    12    19    20    28    32    39    36    60    45    34    18    15
    34    22    36    54    86    83   124   158    97    78    31    36
     3
    33    38    38    65    85    75   101   110    72    63    22    28
    39    56    45    59   112    76   111   125    95    48    29    38
    19    40    35    39    62    69    90    79    71    42    23    21
    13    40    46    51    66    92   101    94    71    47    21    21
    27    68    60    57   101   106   123   144    95    50    35    29
    22    41    53    36    88   112   112   102    75    58    35    32
    22    57    80    45    74   114   112   127    97    55    38    33
    26    26    40    47    64    57    87    74    65    30    24    23
    48    41    61    61   103    83   130   121   100    55    58    56
    24    54    45    49    61    41    66    74    64    46    20    36
    37    64    76    54    89    61    85    95    85    56    46    48
    50    56    85    76    97    70    82    95   114    78    39    54
    50    60    66    61    81    87    98   102   111    88    56    59
    88    84    89    74   104   149   118   140   141   115    81    92
    62    49    64    68    90    90   131    97    78    79    68    62
    88    67    69    93    97   154   130   161   160   150    84    77
    77    84    77    69    99   118   124   133   133   110    89    81
   171   137   135   143   203   262   290   302   266   236   206   178
    74    85    51    81   113   122   129   162   139   114   102    91
   110    83    63    78   123   148   157   134   164   120    84    94
    53    51    61    52    67    98   108   123   124    83    65    76
    46    47    38    51    73    88   112   115    93    91    55    62
    55    34    47    45    72   116   122   120   110    97    64    47
    56    34    37    37    70    71    99    85    76    70    45    65
    54    39    36    48    62    70    84    84    90    71    43    49
    33    32    30    37    40    64    76    76    51    48    39    50
    67    39    54    51    95    91   121    84    83    60    49    68
    32    37    39    47    42    58    63    47    51    45    37    36
    45    44    45    58    68    83    82    72    73    39    46    53
    28    39    46    50    55    65    55    67    45    53    27    33
    12    36    40    55    43    58    68    69    69    50    35    29
    52    39    73    81    84    84    93   100    95    62    52    38
    27    26    63    56    78    56    63    66    70    64    31    33
    50    65    90   106   103    88    97   134    91    83    69    60
    35    28    67    71    70    65    91    99    88    82    29    37
    61    79   116   121   189   146   182   250   137   134    68    60
     4
    10    22    26    33    49    36    33    46    26    31    11    16
    16    43    46    44    58    42    45    41    44    20    17    18
    10    22    22    24    34    28    28    19    15    12     7    12
    14    18    32    25    41    30    35    33    26    20    11     8
    20    39    45    33    51    41    32    30    31    20    17    13
    15    25    38    22    33    28    34    26    21    21    12    14
    16    31    39    30    34    42    31    22    40    12    22    15
    10    22    33    27    21    17    27    19    18    12    14    14
    13    31    48    41    34    23    32    30    32    33    25    35
    12    17    31    27    29    14    16    17    20    14    20    13
    22    40    57    44    38    25    20    18    35    24    28    26
    25    40    54    50    51    23    22    24    22    30    23    27
    24    23    48    33    32    31    28    26    30    37    23    39
    39    34    61    56    53    49    46    28    39    52    51    53
    40    24    39    34    28    31    22    23    23    37    40    34
    33    27    39    52    47    57    42    43    50    55    44    53
    45    36    34    41    46    49    47    45    35    54    64    40
    86    60    82    99   107   111   112   105   115    96   101    94
    72    44    53    46    66    81    63    92    67    80    89    67
   110    75    56    76    91   128   116   100    73    82    79    74
    67    42    41    47    67    86    84    82    75    62    70    68
    60    44    53    45    56    71    65    62    72    71    41    66
    56    39    35    45    50    77    95    61    49    58    44    65
    43    37    27    37    49    59    67    50    38    47    48    43
    47    30    36    41    40    47    63    55    45    47    42    62
    43    16    31    27    30    41    51    41    35    50    35    42
    65    36    51    47    71    72    58    45    52    63    54    56
    32    36    31    39    31    46    28    46    19    32    24    23
    32    37    52    42    42    48    52    44    42    33    29    58
    33    25    46    45    47    42    33    28    29    33    30    35
    29    36    33    36    37    32    40    24    32    31    26    32
    33    45    45    68    65    48    62    46    49    41    50    46
    16    35    34    31    47    33    38    30    32    40    23    27
    35    54    40    52    66    54    59    64    42    54    29    36
    19    29    45    36    55    37    47    50    40    36    17    22
    30    48    68    46    87    90    74    92    71    59    39    35
     5
    16    17    28    46    49    28    24    26    22    20     9    11
    13    32    43    28    46    44    26    19    25    12     5     9
    13    12    23    31    30    20    23    17    16    11     5    14
     9    18    31    29    23    20    11    16    26    15     4     4
    13    42    49    36    32    32    17    14    35    14    17     8
    19    22    31    23    19    17    13    16     7     7     9     8
    14    27    56    36    20    25    14    12    26    18    12     6
    13     9    27    22    14    16     7    11     5    13     5     7
    16    19    57    47    51    20    17    14    14     9    11    20
    27    18    34    20    19     9     7     8     7     9     6    11
    24    31    53    44    35    12     6     9     7    12    19    24
    22    30    57    37    33     8     6     5    10    27    19    14
    23    33    49    39    30    13     9    12    10    23    29    31
    38    30    65    70    37    30    20    14    17    37    36    42
    41    20    25    42    40    12    24    17    22    24    22    39
    37    35    38    48    54    30    27    23    17    30    55    46
    37    23    49    47    57    39    27    20    24    33    65    60
   117    85   125   135   125   106    86   103    86   110   125    99
    89    71    57    83   101    93    59    61    56    97    73    89
   139    77    93   104   115   153   115    95    97   102    93   106
    75    57    85    74    93   109    62    87    59    76    68    78
    88    45    55    88    98    91    85    81    70    81    71    99
   101    61    84    97   109   113   114   104    71    99    97   122
    66    49    68    77    59    95    69    68    46    65    66    74
    93    54    68    65    91    63    77    76    48    74    51    96
    86    66    52    58    52    58    54    40    40    61    76    62
   105   108    94    85   110    89    86    58    55    80    93   118
    76    76    67    49    50    58    42    25    24    45    63    65
    64    90    84   106    66    72    65    40    52    75    76    75
    46    54    78    83    53    46    28    27    27    46    69    45
    50    48    49    65    49    39    41    22    25    35    48    48
    39    54    92   103    64    61    67    33    38    53    62    52
    30    28    45    73    57    43    20    24    23    40    31    45
    40    54    62    78    65    40    44    45    43    65    59    40
    33    47    42    48    55    31    35    39    32    31    19    23
    28    49    67    93   100    63    82    79    59    60    27    28
     6
     0     4    11    12    11     6     3     5     3     1     1     1
     2     6    20     8    14    13     7     5     5     5     6     3
     1     6    11    13     7     2     6     3     4     1     0     1
     2     7     8    12     3     2     0     1     4     1     0     1
     4    10     8    10     6     3     2     2     6     3     1     3
     3     2     8     9     5     2     2     3     2     0     1     1
     3    12    15    11     3     1     3     3     3     1     3     2
     1     1     8     8     1     2     1     4     2     0     1     1
     5     3    20    18     8     2     0     2     3     2     4     3
     1     5     7    14     2     1     2     1     0     3     7     1
     5     6    15    14    10     1     0     0     1     1     3     4
    12     9    12    17     9     1     3     0     0     5     8    12
    11     6    13    13     6     4     2     0     2     8     7    12
    17     9    38    23    14     5     1     0     1     8    11    13
    12     5    13    11     7     2     4     3     4     3     9     9
     9     8    20    15     7     8     2     5     6     5    20    13
    24    11    20    22    17    13     4     1     7     8    22    20
    38    41    52    54    46    43    23    20    30    48    59    65
    34    38    40    48    52    44    21    16    19    33    37    50
    68    50    86    74    69    53    58    31    37    49    44    65
    51    46    58    43    68    41    24    34    42    36    53    46
    61    43    71    69    74    57    31    37    38    34    61    69
   107    55    74   109    75    68    45    36    42    45    63    87
    40    37    63    65    54    58    29    35    25    41    38    52
    85    63    65    71    66    41    32    38    24    52    64    75
    80    45    68    55    38    21    27    11    21    41    52    52
    91    77    93   102    53    48    30    21    19    50    60   110
    58    57    61    55    36    25    16     8    16    28    62    30
    45    59    58    75    58    29    23    14    14    38    62    61
    46    28    57    60    35    21    13     7    12    20    48    30
    19    27    44    48    32    16     9    10     9    15    30    23
    23    40    48    63    44    29    14     8    11    23    20    23
    17    27    28    23    17    13     7     6     6    12    14    16
    19    34    32    58    26    18    16    16    15    34    22    25
    18    23    31    25    24    10     7     7    11    19    10    19
    16    28    27    41    46    21    11    19    15    24    15    16
     7
     0     3     1     0     2     0     0     0     0     0     1     0
     1     1     6     2     2     2     0     0     0     0     0     0
     1     1     1     3     1     0     1     0     0     0     0     0
     0     1     2     0     0     0     0     0     0     3     0     0
     0     1     1     1     2     1     0     0     0     0     0     1
     0     0     2     2     0     0     0     0     0     0     0     0
     0     1     0     0     0     0     0     0     0     0     0     0
     0     1     0     0     0     0     0     0     1     0     0     0
     0     0     1     4     1     0     0     0     0     0     0     0
     0     0     0     3     0     0     0     0     0     0     0     0
     1     0     1     6     1     0     0     1     0     1     0     0
     2     1     1     5     0     0     0     0     0     1     1     1
     1     0     4     2     0     0     0     0     1     0     1     0
     1     1     7     6     1     2     0     0     0     0     1     1
     0     0     1     1     0     0     0     0     0     2     4     1
     0     2     5     2     0     3     0     0     0     3     4     1
     4     4    12     3     2     3     2     0     2     3     7     4
     7    12    14    13    18     9     3     9     6    11    14    16
     7     8    12    17    12    23     6     4     6    10    12    16
    19    14    31    24    21    18     4     5    12    12    19    11
    12    18    26    18    17    14     7     7    13    14    30    14
    18    18    40    26    22    13    11     8    10    10    19    23
    33    25    42    35    23    15     8     6     8    13    12    17
    45    16    19    30    17    12    12    11     5    13    14    20
    37    21    25    31    17     8     5     6     4    19    25    29
    34    23    34    16     9     8     5     3     3    11    25    16
    36    28    29    39    16    12     6     1     3     8    18    32
    18    12    26    14    10     8     3     1     3     5    18    20
    11    19    20    38    19     3     6     2     4    10    22    19
    17     8    23    20    12     5     3     1     1     4    13     8
     3     8    17    20     7     2     1     1     2     7     3     5
     6    10    10    17     7     5     5     1     3     4     8     4
     6     4     5    12     2     2     0     0     0     3     2     2
     6    14    11    15     4     3     0     4     1     7    10     4
     5     2     6     9     6     3     1     0     2     5     4     6
     1     2    10     9     4     7     0     2     0     3     3     3
     8
     0     1     4     1     1     0     0     2     0     0     0     1
     0     0     0     1     0     0     1     0     0     0     0     0
     0     0     1     0     0     0     0     0     0     0     0     0
     1     1     1     0     0     0     0     0     0     1     0     0
     0     2     0     0     0     0     0     0     0     0     0     0
     2     2     0     0     0     0     0     0     0     0     0     0
     0     0     0     0     0     0     1     0     0     0     0     0
     0     0     0     0     0     0     0     0     0     0     0     0
     0     0     0     0     0     0     0     0     0     0     0     0
     0     0     0     0     0     0     0     0     0     0     0     0
     0     0     0     3     0     0     1     0     0     0     0     0
     0     0     0     1     0     0     0     0     0     0     1     0
     0     0     0     5     0     0     0     0     0     0     0     0
     4     1     4     2     0     0     0     0     0     0     0     2
     0     1     1     3     1     0     0     0     1     0     2     1
     0     0     1     2     2     1     0     0     0     2     2     0
     1     0     2     2     4     1     0     0     0     1     3     2
     3     3    13    12     7     4     2     4     1     0     9     5
     2     2    13    13     7     3     2     0     1     3     9     2
     6    18    24    14    21     3     3     4     0     4     8     6
     6    21    34    16    16     9     5     3     2     9    14    11
    10    20    30    16    20    10     2     2     6     4    17    13
    27    14    40    39    16    13     6     3     3    12    14    23
    31    16    37    20    10    10     8     4     2    17    17    16
    28    19    32    34    14     6     7     1     4    10    13    17
    16    16    29    21    12     3     2     3     3     3    12    14
    22    11    39    28    18    12     6     1     4     3    22    20
    11    13    25     8     8     2     1     1     2     2     6     8
     5     8    15    20    10     3     5     1     0     4    15     9
     6     9    10     6    12     0     4     2     0     2     2     2
     7     3    14     6     4     3     0     0     0     2     1     7
     8     2     6     9     1     1     4     4     0     1     9     1
     1     3     5     1     1     0     0     0     0     0     1     2
     4     5     3     4     3     2     2     2     0     0     4     4
     1     7     3     2     2     0     1     0     0     0     0     3
     0     2     5     3     2     0     0     1     1     2     1     2
     9
     0     0     0     0     0     0     0     0     0     0     0     0
     1     0     0     1     0     0     0     0     0     0     0     0
     0     0     0     0     0     0     0     0     0     0     0     0
     0     0     0     0     0     0     0     0     0     0     0     0
     0     0     0     0     0     0     0     0     0     0     0     0
     0     0     0     0     0     0     0     0     0     0     0     0
     0     0     0     1     0     0     0     0     0     0     0     0
     0     0     0     0     0     0     0     0     0     0     0     0
     0     0     0     0     0     0     0     0     0     0     0     0
     0     0     0     0     0     0     0     0     0     0     0     0
     0     0     1     0     0     0     0     0     0     0     0     0
     0     0     0     0     0     0     0     0     0     0     0     0
     0     0     1     1     0     0     0     0     0     0     0     0
     1     0     0     0     0     0     0     0     0     0     1     0
     0     0     0     1     0     0     0     0     0     0     0     0
     0     0     0     1     0     0     0     0     0     0     0     0
     0     0     1     1     1     0     0     0     0     0     0     0
     0     0     1     0     0     0     0     0     0     0     1     0
     0     0     3     1     1     0     0     0     1     0     1     1
     0     2     6     3     4     0     0     0     1     0     1     1
     2     3     7     4     5     1     0     1     0     1     2     1
     2     2     3     3     2     2     1     0     0     4     2     3
    11     1    12     8     5     2     1     0     1     2     1     4
     6     4     6     8     1     0     1     1     0     2     2     1
     3     8     7     5     3     0     0     1     0     1     5     4
     3     2     9     9     1     0     0     0     0     0     3     5
     8     3    12     4     0     0     0     0     1     0     4     4
     8     1     3     5     2     0     0     0     0     1     1     0
     3     1     7     8     2     2     0     0     0     1     3     1
     1     0     2     1     0     0     1     0     0     0     0     0
     0     0     3     1     0     0     0     0     0     0     0     0
     0     2     2     4     0     0     0     1     0     0     2     0
     0     0     1     1     0     0     0     0     0     0     0     0
     2     1     0     2     0     0     0     0     0     0     0     0
     0     0     0     1     1     0     0     0     0     0     0     1
     0     1     1     1     0     0     0     0     0     0     0     0
    10
     0     0     0     0     0     0     0     0     0     0     0     0
     0     0     0     0     0     0     0     0     0     0     0     0
     0     0     0     0     0     0     0     0     0     0     0     0
     0     0     0     0     0     0     0     0     0     0     0     0
     0     0     0     0     0     0     0     0     0     0     0     0
     0     0     0     0     0     0     0     0     0     0     0     0
     0     1     0     0     0     0     0     0     0     0     0     0
     0     0     0     0     0     0     0     0     0     0     0     0
     0     0     0     0     0     0     0     0     0     0     0     0
     0     0     0     0     0     0     0     0     0     0     0     0
     0     0     0     0     0     0     0     0     0     0     0     0
     0     0     0     0     0     0     0     0     0     0     0     0
     0     0     0     0     0     0     0     0     0     0     0     0
     0     0     0     0     0     0     0     0     0     0     0     0
     0     0     1     0     0     0     0     0     0     0     0     0
     1     0     0     0     0     0     0     0     0     0     0     0
     0     0     1     0     0     0     0     0     0     1     0     0
     0     0     1     0     0     0     0     0     0     0     0     0
     1     1     2     2     1     0     0     0     0     0     0     0
     0     0     2     0     1     0     0     0     0     0     0     1
     0     2     6     4     2     0     0     0     0     1     0     1
     3     2     3     3     2     1     0     0     0     1     2     2
     3     2     2     3     1     0     0     0     0     1     0     4
     4     3     7     1     0     0     0     0     0     0     0     6
     4     2     4     6     2     0     1     0     0     0     2     7
     0     1     5     3     0     1     0     0     0     1     0     3
     2     4     7     6     3     0     0     0     0     0     2     2
     5     0     2     3     1     0     0     0     0     0     0     0
     2     0     3     4     0     0     0     0     0     0     0     0
     0     1     4     0     1     0     0     0     0     0     0     0
     0     0     2     3     0     2     0     0     0     0     0     0
     0     1     1     0     0     0     0     0     0     0     1     0
     0     0     0     2     0     0     0     0     0     0     0     0
     0     0     0     0     0     1     0     0     0     0     0     0
     0     0     0     2     0     0     1     0     0     0     0     0
     0     0     0     0     0     0     0     0     0     0     0     0
    11
     0     0     0     0     0     0     0     0     0     0     0     0
     0     0     0     0     0     0     0     0     0     0     0     0
     0     0     0     0     0     0     0     0     0     0     0     0
     0     0     0     0     0     0     0     0     0     0     0     0
     0     0     0     0     0     0     0     0     0     0     0     0
     0     0     0     0     0     0     0     0     0     0     0     0
     0     0     0     0     0     0     0     0     0     0     0     0
     0     0     0     0     0     0     0     0     0     0     0     0
     0     0     0     0     0     0     0     0     0     0     0     0
     0     0     0     0     0     0     0     0     0     0     0     0
     0     0     0     0     0     0     0     0     0     0     0     0
     0     0     0     0     0     0     0     0     0     0     0     0
     0     0     0     1     0     0     0     0     0     0     0     0
     0     0     0     0     0     0     0     0     0     0     0     0
     0     0     0     0     0     0     0     0     0     0     0     0
     0     0     0     1     0     0     0     0     0     0     0     0
     0     0     0     0     0     0     0     0     0     0     0     0
     0     1     1     1     1     0     0     0     0     0     0     0
     1     0     2     1     3     0     0     1     0     0     0     1
     1     0     4     0     3     0     1     0     0     0     0     2
     0     1     3     3     0     1     0     0     0     0     0     1
     1     1     6     2     1     1     0     0     0     0     1     0
     1     4     4     1     0     0     0     0     0     1     2     5
     3     1     2     3     1     0     0     0     0     0     1     1
     4     4     6     4     2     0     0     0     0     0     1     0
     1     1     5     8     1     0     0     0     0     0     0     2
     4     0     3     0     2     0     0     0     0     0     0     6
     4     0     4     1     0     0     0     0     0     0     0     0
     1     0     0     1     1     0     0     0     0     0     0     0
     0     1     2     0     0     0     0     0     0     0     0     0
     0     2     0     1     0     0     0     0     0     0     0     0
     0     0     0     1     0     0     0     0     0     0     0     0
     0     0     0     0     0     0     0     0     0     0     0     0
     0     0     0     0     0     0     0     0     0     0     0     0
     0     1     0     0     0     0     0     0     0     0     0     0
     0     0     0     0     0     0     0     0     0     0     0     0
    12
     0     0     0     0     0     0     0     0     0     0     0     0
     0     0     0     0     0     0     0     0     0     0     0     0
     0     0     0     0     0     0     0     0     0     0     0     0
     0     0     0     0     0     0     0     0     0     0     0     0
     0     0     0     0     0     0     0     0     0     0     0     0
     0     0     0     0     0     0     0     0     0     0     0     0
     0     0     0     0     0     0     0     0     0     0     0     0
     0     0     0     0     0     0     0     0     0     0     0     0
     0     0     0     0     0     0     0     0     0     0     0     0
     0     0     0     0     0     0     0     0     0     0     0     0
     0     0     0     0     0     0     0     0     0     0     0     0
     0     0     0     0     0     0     0     0     0     0     0     0
     0     0     0     0     0     0     0     0     0     0     0     0
     0     0     0     0     0     0     0     0     0     0     0     0
     0     0     0     0     0     0     0     0     0     0     0     0
     0     0     0     1     0     0     0     0     0     0     0     0
     0     0     0     0     0     0     0     0     0     0     0     0
     0     0     0     0     0     0     0     0     0     0     0     1
     0     0     0     2     1     0     0     0     0     0     0     0
     0     1     1     1     0     0     0     0     0     0     0     1
     0     0     1     3     0     0     0     0     0     0     0     0
     0     2     0     2     0     0     0     0     0     0     0     2
     1     1     0     1     0     0     0     0     0     0     0     2
     2     0     5     1     0     0     0     0     0     0     0     0
     0     0     2     1     0     0     0     0     0     1     0     2
     0     0     2     2     0     0     0     0     0     0     0     0
     1     0     0     1     0     1     0     0     0     0     0     0
     0     0     1     0     0     0     0     0     0     0     0     0
     0     0     0     1     0     0     0     0     0     0     0     0
     0     0     0     0     0     0     0     0     0     0     0     0
     0     0     0     0     0     0     0     0     0     0     0     0
     0     0     0     0     0     0     0     0     0     0     0     0
     0     0     0     0     0     0     0     0     0     0     0     0
     0     0     0     0     0     0     0     0     0     0     0     0
     0     0     0     0     0     0     0     0     0     0     0     0
     0     0     0     0     0     0     0     0     0     0     0     0
    13
     0     0     0     0     0     0     0     0     0     0     0     0
     0     0     0     0     0     0     0     0     0     0     0     0
     0     0     0     0     0     0     0     0     0     0     0     0
     0     0     0     0     0     0     0     0     0     0     0     0
     0     0     0     0     0     0     0     0     0     0     0     0
     0     0     0     0     0     0     0     0     0     0     0     0
     0     0     0     0     0     0     0     0     0     0     0     0
     0     0     0     0     0     0     0     0     0     0     0     0
     0     0     0     0     0     0     0     0     0     0     0     0
     0     0     0     0     0     0     0     0     0     0     0     0
     0     0     0     0     0     0     0     0     0     0     0     0
     0     0     0     0     0     0     0     0     0     0     0     0
     0     0     0     0     0     0     0     0     0     0     0     0
     0     0     0     0     0     0     0     0     0     0     0     0
     0     0     0     0     0     0     0     0     0     0     0     0
     0     0     0     0     0     0     0     0     0     0     0     0
     0     0     0     0     0     0     0     0     0     0     0     0
     0     0     0     0     0     0     0     0     0     0     0     0
     0     0     0     0     0     0     0     0     0     0     0     0
     0     0     0     0     0     0     0     0     0     0     0     0
     0     0     0     0     0     0     0     0     0     0     0     0
     0     1     0     0     0     0     0     0     0     0     0     0
     1     1     0     0     0     0     0     0     0     0     0     0
     1     0     0     0     0     0     0     0     0     0     0     0
     0     0     0     0     0     0     1     0     0     0     0     0
     0     0     0     1     0     0     0     0     0     0     0     0
     0     0     0     0     0     0     0     0     0     0     0     0
     0     0     0     0     0     0     0     0     0     0     0     0
     0     0     0     0     0     0     0     0     0     0     0     0
     0     0     0     0     0     0     0     0     0     0     0     0
     0     0     0     0     0     0     0     0     0     0     0     0
     0     0     0     0     0     0     0     0     0     0     0     0
     0     0     0     0     0     0     0     0     0     0     0     0
     0     0     0     0     0     0     0     0     0     0     0     0
     0     0     0     0     0     0     0     0     0     0     0     0
     0     0     0     0     0     0     0     0     0     0     0     0
    14
     0     0     0     0     0     0     0     0     0     0     0     0
     0     0     0     0     0     0     0     0     0     0     0     0
     0     0     0     0     0     0     0     0     0     0     0     0
     0     0     0     0     0     0     0     0     0     0     0     0
     0     0     0     0     0     0     0     0     0     0     0     0
     0     0     0     0     0     0     0     0     0     0     0     0
     0     0     0     0     0     0     0     0     0     0     0     0
     0     0     0     0     0     0     0     0     0     0     0     0
     0     0     0     0     0     0     0     0     0     0     0     0
     0     0     0     0     0     0     0     0     0     0     0     0
     0     0     0     0     0     0     0     0     0     0     0     0
     0     0     0     0     0     0     0     0     0     0     0     0
     0     0     0     0     0     0     0     0     0     0     0     0
     0     0     0     0     0     0     0     0     0     0     0     0
     0     0     0     0     0     0     0     0     0     0     0     0
     0     0     0     0     0     0     0     0     0     0     0     0
     0     0     0     0     0     0     0     0     0     0     0     0
     0     0     0     0     0     0     0     0     0     0     0     0
     0     0     0     0     0     0     0     0     0     0     0     0
     0     0     0     0     0     0     0     0     0     0     0     0
     0     0     0     0     0     0     0     0     0     0     0     0
     0     0     0     0     0     0     0     0     0     0     0     0
     0     0     0     0     0     0     0     0     0     0     0     0
     0     0     0     1     0     0     0     0     0     0     0     0
     0     0     0     0     0     0     0     0     0     0     0     0
     0     0     0     1     0     0     0     0     0     0     0     0
     0     0     0     0     0     0     0     0     0     0     0     0
     0     0     0     0     0     0     0     0     0     0     0     0
     0     0     0     0     0     0     0     0     0     0     0     0
     0     0     0     0     0     0     0     0     0     0     0     0
     0     0     0     0     0     0     0     0     0     0     0     0
     0     0     0     0     0     0     0     0     0     0     0     0
     0     0     0     0     0     0     0     0     0     0     0     0
     0     0     0     0     0     0     0     0     0     0     0     0
     0     0     0     0     0     0     0     0     0     0     0     0
     0     0     0     0     0     0     0     0     0     0     0     0
    15
     0     0     0     0     0     0     0     0     0     0     0     0
     0     0     0     0     0     0     0     0     0     0     0     0
     0     0     0     0     0     0     0     0     0     0     0     0
     0     0     0     0     0     0     0     0     0     0     0     0
     0     0     0     0     0     0     0     0     0     0     0     0
     0     0     0     0     0     0     0     0     0     0     0     0
     0     0     0     0     0     0     0     0     0     0     0     0
     0     0     0     0     0     0     0     0     0     0     0     0
     0     0     0     0     0     0     0     0     0     0     0     0
     0     0     0     0     0     0     0     0     0     0     0     0
     0     0     0     0     0     0     0     0     0     0     0     0
     0     0     0     0     0     0     0     0     0     0     0     0
     0     0     0     0     0     0     0     0     0     0     0     0
     0     0     0     0     0     0     0     0     0     0     0     0
     0     0     0     0     0     0     0     0     0     0     0     0
     0     0     0     0     0     0     0     0     0     0     0     0
     0     0     0     0     0     0     0     0     0     0     0     0
     0     0     0     0     0     0     0     0     0     0     0     0
     0     0     0     0     0     0     0     0     0     0     0     0
     0     0     0     0     0     0     0     0     0     0     0     0
     0     0     0     0     0     0     0     0     0     0     0     0
     0     0     0     0     0     0     0     0     0     0     0     0
     0     0     0     0     0     0     0     0     0     0     0     0
     0     0     0     0     0     0     0     0     0     0     0     0
     0     0     0     0     0     0     0     0     0     0     0     0
     0     0     0     0     0     0     0     0     0     0     0     0
     0     0     0     0     0     0     0     0     0     0     0     0
     0     0     0     0     0     0     0     0     0     0     0     0
     0     0     0     0     0     0     0     0     0     0     0     0
     0     0     0     0     0     0     0     0     0     0     0     0
     0     0     0     0     0     0     0     0     0     0     0     0
     0     0     0     0     0     0     0     0     0     0     0     0
     0     0     0     0     0     0     0     0     0     0     0     0
     0     0     0     0     0     0     0     0     0     0     0     0
     0     0     0     0     0     0     0     0     0     0     0     0
     0     0     0     0     0     0     0     0     0     0     0     0
    16
     0     0     0     0     0     0     0     0     0     0     0     0
     0     0     0     0     0     0     0     0     0     0     0     0
     0     0     0     0     0     0     0     0     0     0     0     0
     0     0     0     0     0     0     0     0     0     0     0     0
     0     0     0     0     0     0     0     0     0     0     0     0
     0     0     0     0     0     0     0     0     0     0     0     0
     0     0     0     0     0     0     0     0     0     0     0     0
     0     0     0     0     0     0     0     0     0     0     0     0
     0     0     0     0     0     0     0     0     0     0     0     0
     0     0     0     0     0     0     0     0     0     0     0     0
     0     0     0     0     0     0     0     0     0     0     0     0
     0     0     0     0     0     0     0     0     0     0     0     0
     0     0     0     0     0     0     0     0     0     0     0     0
     0     0     0     0     0     0     0     0     0     0     0     0
     0     0     0     0     0     0     0     0     0     0     0     0
     0     0     0     0     0     0     0     0     0     0     0     0
     0     0     0     0     0     0     0     0     0     0     0     0
     0     0     0     0     0     0     0     0     0     0     0     0
     0     0     0     0     0     0     0     0     0     0     0     0
     0     0     0     0     0     0     0     0     0     0     0     0
     0     0     0     0     0     0     0     0     0     0     0     0
     0     0     0     0     0     0     0     0     0     0     0     1
     0     0     0     0     0     0     0     0     0     0     0     0
     0     0     0     0     0     0     0     0     0     0     0     0
     0     0     0     0     0     0     0     0     0     0     0     0
     0     0     0     0     0     0     0     0     0     0     0     0
     0     0     0     0     0     0     0     0     0     0     0     0
     0     0     0     0     0     0     0     0     0     0     0     0
     0     0     0     0     0     0     0     0     0     0     0     0
     0     0     0     0     0     0     0     0     0     0     0     0
     0     0     0     0     0     0     0     0     0     0     0     0
     0     0     0     0     0     0     0     0     0     0     0     0
     0     0     0     0     0     0     0     0     0     0     0     0
     0     0     0     0     0     0     0     0     0     0     0     0
     0     0     0     0     0     0     0     0     0     0     0     0
     0     0     0     0     0     0     0     0     0     0     0     0
    17
     0     0     0     0     0     0     0     0     0     0     0     0
     0     0     0     0     0     0     0     0     0     0     0     0
     0     0     0     0     0     0     0     0     0     0     0     0
     0     0     0     0     0     0     0     0     0     0     0     0
     0     0     0     0     0     0     0     0     0     0     0     0
     0     0     0     0     0     0     0     0     0     0     0     0
     0     0     0     0     0     0     0     0     0     0     0     0
     0     0     0     0     0     0     0     0     0     0     0     0
     0     0     0     0     0     0     0     0     0     0     0     0
     0     0     0     0     0     0     0     0     0     0     0     0
     0     0     0     0     0     0     0     0     0     0     0     0
     0     0     0     0     0     0     0     0     0     0     0     0
     0     0     0     0     0     0     0     0     0     0     0     0
     0     0     0     0     0     0     0     0     0     0     0     0
     0     0     0     0     0     0     0     0     1     0     0     0
     0     0     0     0     0     0     0     0     0     0     0     0
     0     0     0     0     0     0     0     0     0     0     0     0
     0     0     0     0     0     0     0     0     0     0     0     0
     0     0     0     0     0     0     0     0     0     0     0     0
     0     0     0     0     0     0     0     0     0     0     0     0
     0     0     0     0     0     0     0     0     0     0     0     0
     0     0     0     0     0     0     0     0     0     0     0     0
     0     0     0     0     0     0     0     0     0     0     0     0
     0     0     0     0     0     0     0     0     0     0     0     0
     0     0     0     0     0     0     0     0     0     0     0     0
     0     0     0     0     0     0     0     0     0     0     0     0
     0     0     0     0     0     0     0     0     0     0     0     0
     0     0     0     0     0     0     0     0     0     0     0     0
     0     0     0     0     0     0     0     0     0     0     0     0
     0     0     0     0     0     0     0     0     0     0     0     0
     0     0     0     0     0     0     0     0     0     0     0     0
     0     0     0     0     0     0     0     0     0     0     0     0
     0     0     0     0     0     0     0     0     0     0     0     0
     0     0     0     0     0     0     0     0     0     0     0     0
     0     0     0     0     0     0     0     0     0     0     0     0
     0     0     0     0     0     0     0     0     0     0     0     0
    18
     0     0     0     0     0     0     0     0     0     0     0     0
     0     0     0     0     0     0     0     0     0     0     0     0
     0     0     0     0     0     0     0     0     0     0     0     0
     0     0     0     0     0     0     0     0     0     0     0     0
     0     0     0     0     0     0     0     0     0     0     0     0
     0     0     0     0     0     0     0     0     0     0     0     0
     0     0     0     0     0     0     0     0     0     0     0     0
     0     0     0     0     0     0     0     0     0     0     0     0
     0     0     0     0     0     0     0     0     0     0     0     0
     0     0     0     0     0     0     0     0     0     0     0     0
     0     0     0     0     0     0     0     0     0     0     0     0
     0     0     0     0     0     0     0     0     0     0     0     0
     0     0     0     0     0     0     0     0     0     0     0     0
     0     0     0     0     0     0     0     0     0     0     0     0
     0     0     0     0     0     0     0     0     0     0     0     0
     0     0     0     0     0     0     0     0     0     0     0     0
     0     0     0     0     0     0     0     0     0     0     0     0
     0     0     0     0     0     0     0     0     0     0     0     0
     0     0     0     0     0     0     0     0     0     0     0     0
     0     0     0     0     0     0     0     0     0     0     0     0
     0     0     0     0     0     0     0     0     0     0     0     0
     0     0     0     0     0     0     0     0     0     0     0     0
     0     0     0     0     0     0     0     0     0     0     0     0
     0     0     0     0     0     0     0     0     0     0     0     0
     0     0     0     0     0     0     0     0     0     0     0     0
     0     0     0     0     0     0     0     0     0     0     0     0
     0     0     0     0     0     0     0     0     0     0     0     0
     0     0     0     0     0     0     0     0     0     0     0     0
     0     0     0     0     0     0     0     0     0     0     0     0
     0     0     0     0     0     0     0     0     0     0     0     0
     0     0     0     0     0     0     0     0     0     0     0     0
     0     0     0     0     0     0     0     0     0     0     0     0
     0     0     0     0     0     0     0     0     0     0     0     0
     0     0     0     0     0     0     0     0     0     0     0     0
     0     0     0     0     0     0     0     0     0     0     0     0
     0     0     0     0     0     0     0     0     0     0     0     0
    19
     0     0     0     0     0     0     0     0     0     0     0     0
     0     0     0     0     0     0     0     0     0     0     0     0
     0     0     0     0     0     0     0     0     0     0     0     0
     0     0     0     0     0     0     0     0     0     0     0     0
     0     0     0     0     0     0     0     0     0     0     0     0
     0     0     0     0     0     0     0     0     0     0     0     0
     0     0     0     0     0     0     0     0     0     0     0     0
     0     0     0     0     0     0     0     0     0     0     0     0
     0     0     0     0     0     0     0     0     0     0     0     0
     0     0     0     0     0     0     0     0     0     0     0     0
     0     0     0     0     0     0     0     0     0     0     0     0
     0     0     0     0     0     0     0     0     0     0     0     0
     0     0     0     0     0     0     0     0     0     0     0     0
     0     0     0     0     0     0     0     0     0     0     0     0
     0     0     0     0     0     0     0     0     0     0     0     0
     0     0     0     0     0     0     0     0     0     0     0     0
     0     0     0     0     0     0     0     0     0     0     0     0
     0     0     0     0     0     0     0     0     0     0     0     0
     0     0     0     0     0     0     0     0     0     0     0     0
     0     0     0     0     0     0     0     0     0     0     0     0
     0     0     0     0     0     0     0     0     0     0     0     0
     1     0     0     0     0     0     0     0     0     0     0     0
     0     0     0     0     0     0     0     0     0     0     0     0
     0     0     0     0     0     0     0     0     0     0     0     0
     0     0     0     0     0     0     0     0     0     0     0     0
     0     0     0     0     0     0     0     0     0     0     0     0
     0     0     0     0     0     0     0     0     0     0     0     0
     0     0     0     0     0     0     0     0     0     0     0     0
     0     0     0     0     0     0     0     0     0     0     0     0
     0     0     0     0     0     0     0     0     0     0     0     0
     0     0     0     0     0     0     0     0     0     0     0     0
     0     0     0     0     0     0     0     0     0     0     0     0
     0     0     0     0     0     0     0     0     0     0     0     0
     0     0     0     0     0     0     0     0     0     0     0     0
     0     0     0     0     0     0     0     0     0     0     0     0
     0     0     0     0     0     0     0     0     0     0     0     0
