23
Traverse City, MI 14850
     0
      -9.400      -8.400      -3.300       2.700      10.000      16.100
      20.000      18.800      13.800       7.100        .600      -6.700
      -5.000      -4.500        .600       7.100      14.300      20.000
      23.800      22.200      17.200      11.100       3.900      -2.800
       -.700        .000       3.900      12.100      19.300      24.300
      27.200      25.600      21.100      15.600       7.100       1.100
      66.000      60.000      54.000      42.000      41.000      44.000
      45.000      50.000      55.000      55.000      61.000      68.000
      74.000      70.000      66.000      58.000      56.000      57.000
      57.000      63.000      67.000      67.000      70.000      76.000
      81.000      81.000      79.000      76.000      74.000      73.000
      72.000      78.000      83.000      82.000      82.000      84.000
       2.700       2.700       2.700       2.700       2.700       2.400
       2.400       2.400       2.400       2.400       2.700       2.700
       4.000       4.000       4.000       4.000       4.000       3.500
       3.100       3.100       3.100       3.500       4.000       4.000
       4.800       4.800       4.800       4.800       4.800       4.400
       4.000       4.000       4.400       4.800       4.800       4.800
     230.000     230.000     350.000     350.000     360.000     220.000
     220.000     220.000     210.000     210.000     210.000     230.000
     1
      -5.360      -4.402        .719       8.029      14.819      20.220
      23.552      21.941      17.526      11.432       4.317      -2.746
      73.154      70.100      65.806      59.120      57.657      59.294
      59.029      64.435      68.059      67.562      71.073      75.650
     2
     1     6     7    13    13    12    13    15     7     6     4     7
     5    16    15    10    19    15    16    17    23    10     5     4
     6     8    16    17    29    15    14    22    11    11     6     2
     5    16    14    23    28    19    24    17    13    11     5     5
     6    19    28    18    42    26    36    20    26    20     9     4
    10    14    15     8    32    20    12    16     6    12     8    11
     2    17    12    11    17    20    18    22    18    10     7    14
     7     8     6    12    17    11     7    11    18    16    13     9
     5    10    11    14    17    16    17    11    22    20    12    18
     2     2     9     5     6    13     9    15    12    11     6     9
    12    18     6     8     7     9    14    13    16    12     4     9
     5    10     7     8    10     8    21    16    25    15    10    10
     6    13     5     6     4    13    11    14    18    10    11     8
     5    14    15     6     7    12    27    24    24    10    21    14
    12    15    10     8     8     8    16    26    22    16    13     4
    11     8    18    13    12    15    26    37    24    17    26    18
    18    10    19     9    19    22    34    36    33    15    17    13
    39    38    36    27    40    58    83   107    93    71    53    36
    24    20    24    19    16    29    59    77    46    32    19    17
    10    32    14    17    30    26    34    54    34    33    14    18
    14    19     9     7    14    17    16    31    28    14     6    20
    12    17     8    12    12    19    18    22    25    16    10    21
    14    18    20    16    14    25    17    28    25    22    22    23
     6    16    14    13     5     7    15    16    12    13    12     4
    10    11    13     9    10    13    17    22    16    11     8    11
     3     4     5     4     9     4    12    14    16    12     6    11
     6    12     6    10    13    11    17    20    21    13    14    11
     7     6     4     8    16     8     7    14     8    11    10     6
     3    11     8     9    11    12    11    12    12     6     8     8
     4     2     5    14    11     7     7    13     5     5     8     2
     4     5     8     9    10     9    14     9     7    10     3     3
     4     6    12    17    29    16    18    13    12     9    11     3
     3     2    12    12    11    17     9     9     3     5     0     0
     2    12    25    13    33    26    16    13     9    15     6     5
     3     7    11    19    25    24    21    15     8     8     3     3
     9    18    29    41    40    29    30    15    27    16    12     3
     3
     4     9    46    45    56    60    79    60    43    33    10    11
    12    35    73    78   113   112   125    98    71    48    22     6
     6    31    76    77   116    89   109    93    66    41    21    14
    13    40    74    98   137   140   123    73    52    31    26    19
    26    71   118    96   146   158   203   125    62    63    34    13
    16    25    33    32    57    46    54    48    40    28    20    17
    18    24    29    28    44    33    31    47    38    34    30    23
    15    13    18    19    19    22    12    25    20    20    15    25
    17    27    29    35    21    29    29    31    34    35    43    23
    15    13    16    13    14    16    13    15    19    20    14    14
    21    18    31    25    17    14    20    23    18    26    15    33
    14    22    27    20    28    23    24    23    39    26    26    25
    28    18    26    25    10    34    26    27    22    32    35    29
    32    19    41    35    30    32    31    54    45    48    33    32
    25    16    32    19    25    32    18    35    34    43    44    27
    44    39    38    36    32    48    40    73    60    53    68    51
    51    18    44    23    43    55    52    75    73    53    59    50
   111    90    86    74    77   103   161   196   201   143   149   120
    61    35    50    54    42    69    78   110   121    71    61    57
    60    72    49    45    58    82   116   152   126   110    66    92
    43    39    33    44    44    53    83    93    92    70    58    53
    41    27    44    26    36    59    92   105    77    55    52    54
    54    62    53    32    48    80    99   161   106    79    70    79
    56    37    33    34    39    52    54    76    39    54    43    71
    56    41    36    22    49    57    62    72    56    44    37    73
    40    32    22    20    31    39    41    44    33    37    31    40
    51    48    40    32    22    37    55    80    62    48    48    56
    29    25    18    19    25    24    25    36    29    38    44    37
    28    57    13    29    34    35    31    50    40    29    34    45
    22    30    20    24    29    22    19    29    35    30    31    19
    15    12    28    30    40    27    19    35    25    29    27    25
    16    24    49    58    64    84    74    61    37    37    32    13
    10    23    34    56    67    59    63    41    28    23    17    14
     7    29    85    96   116   101   145    90    45    39    18     2
     8    40    61    63    80    82    77    82    44    37    20     3
    14    56   109    98   120   120   194   157   111    68    36    10
     4
     8    20    19    31    26    40    43    36    30    13    11    17
    10    23    60    66    91    86    81    81    51    17    13     9
     4    23    30    64   102    80    71    62    31    28    15     7
     7    28    27    40    85    68    68    74    35    17    16     8
    17    34    46    64    84    91    99    66    46    24    17    16
    13    18    19    15    29    37    24    22    20     5    14    17
    10    12    13    14    16    13    11    20    18     6    13    14
    10     7    13    12     4     5     6    11    12     9    12    16
     9    14    16    18    11    12    17     6    11     9     7    16
     7     9    14    15     5     8     2     4     5     6     8     9
     5     9    18    13     5     4    10     6     8    10     8     6
     6     9    18    14    10     7     8     8    15     8     8    13
    13    14    19    11    15     6    10    14    21    12    21    11
     9    14    28    20    25    20    11    14    22    16    17    13
    20    14    27    18    15    19     7    18    16    13    16    14
    34    29    48    39    25    27    23    27    40    26    45    39
    37    19    27    28    24    30    23    41    47    33    38    48
    73    56    54    42    69    74    68    91   136   119    90    69
    47    23    37    23    34    45    55    54    83    55    51    33
    49    40    35    41    35    68    67    87    89    83    70    48
    37    52    38    36    32    61    67    85    62    49    55    35
    27    34    35    26    42    72    82   104    65    56    51    49
    53    43    47    41    61    78   137   110   102    79    59    63
    36    23    31    29    35    42    54    79    43    38    33    36
    48    39    38    31    27    56    74    78    70    44    46    54
    42    30    28    18    35    35    52    48    26    33    33    52
    61    37    35    29    27    43    53    44    42    34    31    52
    23    17    16    10    12    21    27    27    17    24    16    19
    47    21    33    16    15    18    30    33    39    34    36    43
    20    26    28    15    15    19    19    28    23    15    27    28
    18    17    28    30    23    27    16    23    13    23    21    26
    21    21    30    45    43    34    41    54    27    25    29    22
     9    15    32    55    54    51    41    37    28    25    18    13
    12    35    58    82   109   119   117    85    40    33    25    13
     9    19    50    65    92    71    91    68    61    25    19     5
    30    43    71    87   109   118   160   143   103    55    40    16
     5
    24    44    70    67    61    51    47    42    33    35    28    20
    45    80   104   106   113    99    63    61    59    49    32    24
    34    44    42    82   100    57    46    38    46    23    15    10
    22    41    41    51    51    61    57    34    26    19    31    20
    43    53    53    66    77    80    50    45    36    20    38    25
    33    12    29    19    13    15     7     6     9     7    15    17
    13    23    23    26    10     9     9    14     8    11    17    23
     8    16    21    18     5    10     1     3     1     8    12    18
    11    15    25    38    10     6     4     7     7     8     8    18
     5     8    28    13    10     2     2     1     8    11     4     7
    12    10    32    38    13     4     7     5     3     7     5     9
    14     6    25    31    11    11    11     5     5     7    15    13
    15     7    26    39    15    14     0     8    10    15     8    10
    21    26    52    48    47    29    15    11    20    19    19    14
    22    10    23    28    32    19     7     8    17    17    24     8
    47    34    72    57    54    38    16    23    39    46    58    24
    48    34    49    45    37    30    19    21    51    45    44    51
   130    75    94    94   129   111    83   123   174   148   114   103
    84    66    63    76    68    95    98    71   119   123    77    73
   108    91    98    92    99   132   160   125   168   163   113   103
    65   113   111   100   101   125   148   113   137    91    94    65
    98    90    76   105   106   175   149   144   159   113    73    72
   136    80    79   107   145   213   235   201   154   172   117   150
    81    63    52    83    92   121   143   111    86    99    73    73
   142    73    59    67    96   132   130   106    90    90    88   118
    74    56    32    57    52    85    87    57    58    70    72    75
   122    73    61    67    88    87    95    90    96    69    86   100
    55    49    41    40    27    53    46    43    39    47    50    60
   103    70    81    56    47    51    47    60    55    61    77   119
    63    48    60    42    26    34    27    42    52    49    55    37
    66    45    69    45    30    29    35    47    66    65    63    51
    65    64    89   111    73    60    65    66    59    93    72    60
    37    35    96    98    92    69    67    63    49    47    50    24
    35    72   134   212   197   179   151   126   106    89    70    38
    38    75   125   190   182   140   140   127   115    70    56    38
    70   153   196   237   261   208   227   220   147   111   113    71
     6
    20    24    42    31    10    15     7     5     4    11    20     6
    17    31    44    33    25    13    11    11    12    12    24     5
    12    13    21    10    12     6     4     1     5     3     5     8
    10     7     6    10     7     5     2     7     3    11     8     8
    12    13    11    11    16     4     3     3     6     9    16    12
     6     6     9    10     6     3     2     1     4     4     5     4
     5     7     6    11     4     1     0     0     0     5     5     9
     2     0    11    11     3     2     0     0     2     7     0     0
     4     3    18    13     4     3     0     0     1     3     1     2
     0     0     4     5     1     0     0     1     0     4     0     1
     5     4    16    18     0     2     3     0     0     2     0     1
     3     0     4    12     2     3     0     0     0     0     1     1
     2     2     6     6     4     1     0     0     0     1     5     1
     4     1    15    13    22     8     2     1     1     1     1     2
     3     2     6     8     3     0     1     0     2     2     2     2
     5    18    20    15    16     9     3     3     5     8    16     6
     6     4    13    18    11    11     2     7    11    10     6     7
    28    33    34    28    43    36    23    23    30    54    26    25
    29    31    20    34    30    27    27    17    39    43    27    24
    60    46    49    59    54    53    39    47    72    83    59    43
    47    48    41    61    56    46    36    25    49    61    41    46
    37    46    48    50    64    68    49    38    35    61    35    27
    36    27    37    58    95    92    94    63    67    68    53    44
    23    33    25    39    40    41    39    28    26    27    36    27
    56    25    34    50    67    64    36    31    29    27    45    44
    34    13    15    15    28    29    16    15    22    22    16    26
    54    32    27    22    42    43    30    26    20    20    28    37
    34    13    13    20    23    11    16    12     8    13    12    16
    52    42    41    39    24    19    17    14    30    16    24    41
    27    19    25    20     9    10     5     8    12    18    14    17
    19    17    20    25     8     9     8    11    15    29    20    16
    34    35    55    64    25    22    14    29    22    25    32    30
    23    25    45    44    19    25    11    31    19    28    22    10
    34    48    84   129    76    68    43    50    36    64    38    23
    29    41    62    85    61    47    53    30    29    45    23    20
    32    62    97   141    93    53    64    46    56    47    54    32
     7
     3     2     5     5     0     1     1     2     0     1     2     4
     5     2     2     4     6     0     1     2     1     3     1     1
     1     0     1     4     0     0     0     0     1     3     2     0
     3     1     2     2     1     0     0     0     1     0     4     1
     0     1     1     0     1     2     0     0     1     1     4     3
     2     0     0     2     0     1     0     0     0     1     1     1
     1     2     2     1     0     0     0     0     0     1     0     1
     0     0     0     2     1     0     0     0     0     0     0     2
     0     1     5     7     0     0     0     0     0     0     0     0
     0     0     0     2     0     0     0     0     0     0     0     0
     0     3     4     2     0     0     0     0     0     0     0     0
     0     0     0     2     0     0     0     0     0     1     0     0
     0     0     0     0     0     0     0     0     0     0     1     0
     0     4     1     2     5     0     1     0     0     2     0     0
     0     0     2     1     0     0     0     0     0     0     1     0
     0     3     4     2     5     2     0     0     0     0     1     0
     0     0     1     0     0     1     0     0     0     1     0     0
     1     4     6     4     9     5     1     6     3    12     4     2
     4     1     3     2     8     4     6     3     3     3     2     2
    14     4    13    13    16     6    10     4    12    18    13     6
     6     7     8     5     6     4    10     3     5     5     9     4
    10    10     8     5    16     6     6     3    10    11     9     9
     9     6     8    13    31    16     5     7     8     9     3    14
     4     5     5     6    12     1     6     3     3     4     4     4
    11     5     4     6    20    17     8     5     8     7     3     9
     3     1     1     2    11     5     1     3     2     1     6     3
     7     4     2     2     9    10     2     1     3     7     2     5
     5     0     1     2     0     1     1     2     2     2     0     3
     6     9     5     9     4     6     4     3     3     3     3     5
     3     1     1     3     2     0     1     1     1     3     5     2
     3     5     7     5     0     1     1     1     2     3     1     2
     4     6     5     8     5     3     2     6     2    11     8     4
     4     8     5    11     1     2     0     1     2     3     5     6
    10    11    12    28     6     7     8     8     4    11     6     6
     7     9    10    16     9     3     4     6     5     9     5     7
     4    15    25    19    21    10     4     7     7     6     9     9
     8
     5     1     0     1     1     0     0     0     0     0     5     2
     5     2     8     5     1     0     2     1     2     1     3     4
     0     0     3     0     0     0     0     0     0     0     0     3
     2     0     0     1     0     0     0     0     1     0     0     1
     2     2     3     1     1     0     0     0     1     2     2     3
     0     1     0     0     0     0     0     0     0     0     0     3
     1     0     0     0     0     0     0     0     0     0     0     1
     0     0     1     0     0     0     0     0     0     0     0     4
     0     1     1     1     0     0     0     0     0     0     0     1
     0     0     0     1     0     0     0     1     0     0     0     0
     0     2     4     1     0     0     0     0     0     0     0     0
     1     0     0     2     0     0     0     0     0     0     0     0
     0     0     0     2     1     0     0     0     0     0     0     0
     0     2     3     5    10     0     0     0     0     0     0     0
     1     0     0     1     0     0     0     0     0     0     0     0
     1     2     3    15     4     1     0     0     1     0     3     0
     0     0     0     1     0     0     0     0     1     0     1     0
     3     3     7    20    18     2     0     1     4     7     3     3
     7     6     3     9     7     2     0     2     1     6     2     5
    22    11    29    32    27    25     3    10     7    16    13    14
     7    13    14    13    10    12     2     0     2     9     4     5
    11     5     9    14    14     6     3     4     6     7     4     8
    14     6    12    32    34    15     8    17    13    21    22     9
     5     3     5    11     6    10     3     3     2     1     2     4
    17     2     6    22    34    17     3     2     6     6    16     7
     3     1     2     1     1     2     0     0     2     3     2     1
     4     0     4     1     7     3     3     0     4    10     6     7
     2     1     0     0     1     1     0     0     1     0     0     1
     5     9     8     6     4     7     1     0     1     4     3     7
     5     1     1     6     0     0     0     0     1     1     3     5
     0     1     2     4     1     0     0     0     2     3     4     1
     5    11     6    19    10     8     3     3     1     8     3     6
     5     6     6     6     0     2     0     2     0     1     2     6
    19    19    16    32     8    11     5    13     1    18    15    16
     6     9     3     8     5     5     1     0     6     4     5     8
    17    18    11    37    27     7     2     5     4     5    10    14
     9
     0     0     0     0     0     0     0     0     0     0     0     0
     0     0     0     0     0     0     1     0     0     3     0     0
     0     0     0     0     0     0     0     0     0     0     0     1
     0     0     0     0     0     0     0     0     0     0     0     0
     0     1     0     0     0     0     0     0     0     2     0     0
     0     0     0     0     0     0     0     0     0     0     0     0
     0     0     0     0     0     0     0     0     0     0     0     0
     0     0     0     0     0     0     0     0     0     0     0     0
     0     0     0     0     0     0     0     0     0     0     0     0
     0     0     0     0     0     0     0     0     0     0     0     0
     0     0     0     0     0     0     0     0     0     0     0     0
     0     0     0     0     0     0     0     0     0     0     0     0
     0     0     0     0     0     0     0     0     0     0     0     0
     0     0     0     0     0     0     0     0     0     0     0     0
     0     0     0     0     0     0     0     0     0     0     0     0
     0     0     0     1     0     1     0     0     0     0     1     0
     0     0     0     0     0     0     0     0     0     0     0     0
     0     0     0     2     1     0     1     0     0     1     0     1
     0     0     0     0     1     0     0     0     0     0     1     0
     1     1     4     1     5     4     1     0     0     0     1     2
     0     1     1     3     2     0     0     0     2     0     0     0
     0     1     2     1     1     2     1     0     1     3     4     0
     1     1     0    11     5     2     0     0     1     1     3     3
     1     0     2     1     0     0     0     0     0     0     0     1
     2     0     1     2     2     0     0     1     1     0     0     1
     0     1     1     0     0     0     0     0     0     0     0     0
     0     0     0     0     1     0     0     0     0     1     0     0
     0     0     0     0     0     0     0     0     0     0     0     0
     0     0     1     0     0     0     0     0     0     0     0     0
     0     0     0     0     0     0     0     0     0     0     0     1
     0     0     0     0     0     0     0     0     0     0     1     0
     3     0     0     0     0     0     0     0     0     0     1     0
     0     1     1     0     0     0     0     0     0     0     0     0
     0     2     2     1     0     1     0     0     0     1     2     4
     0     0     0     0     1     1     0     0     0     2     1     0
     0     0     1     6     1     0     0     0     1     0     0     0
    10
     0     0     0     0     0     0     0     0     0     0     0     0
     0     0     2     1     0     0     1     0     0     1     0     0
     0     0     0     0     0     0     0     0     0     0     0     0
     0     0     0     0     0     0     0     0     0     0     0     0
     0     0     0     0     0     0     0     0     0     1     0     0
     0     0     0     0     0     0     0     0     0     0     0     0
     0     0     0     0     0     0     0     0     0     0     0     0
     0     0     0     0     0     0     0     0     0     0     0     0
     0     0     0     0     0     0     0     0     0     0     0     0
     0     0     0     0     0     0     0     0     0     0     0     0
     0     0     0     0     0     0     0     0     0     0     0     0
     0     0     0     0     0     0     0     0     0     0     0     0
     0     0     0     0     0     0     0     0     0     0     0     0
     0     0     0     0     0     0     0     0     0     0     0     0
     0     0     0     0     0     0     0     0     0     0     0     0
     0     0     0     1     0     0     0     0     0     0     0     0
     0     0     0     0     0     0     0     0     0     0     0     0
     0     0     0     0     0     1     1     0     0     0     0     0
     0     0     0     0     0     0     0     0     0     0     0     0
     2     1     1     1     1     1     0     0     0     0     0     0
     0     0     2     1     0     0     0     0     0     0     1     0
     2     1     1     0     1     0     0     0     0     0     0     0
     1     0     0     2     0     0     0     0     0     1     1     0
     0     0     0     0     0     0     0     0     1     1     0     0
     1     0     1     1     1     1     0     0     0     0     0     1
     0     0     1     0     0     0     0     0     0     0     0     0
     0     0     0     0     1     0     0     0     0     0     0     0
     0     0     0     0     0     0     0     0     0     0     0     0
     0     1     0     0     0     0     0     0     0     0     0     0
     0     0     0     0     0     0     0     0     0     0     0     0
     0     0     0     0     0     0     0     0     0     0     0     0
     0     0     0     0     0     0     0     0     0     0     3     0
     0     0     0     0     0     0     0     0     0     0     0     1
     5     0     2     0     0     0     0     1     0     1     0     1
     1     1     0     0     0     0     0     0     0     0     0     0
     1     0     2     0     0     0     0     0     0     0     1     0
    11
     0     0     0     0     0     0     0     0     0     0     0     0
     0     0     0     0     0     0     0     0     0     0     0     0
     0     0     0     0     0     0     0     0     0     0     0     0
     0     0     0     0     0     0     0     0     0     0     0     0
     0     0     0     0     0     0     0     0     0     0     0     0
     0     0     0     0     0     0     0     0     0     0     0     0
     0     0     0     0     0     0     0     0     0     0     0     0
     0     0     0     0     0     0     0     0     0     0     0     0
     0     0     1     0     0     0     0     0     0     0     0     0
     0     0     0     0     0     0     0     0     0     0     0     0
     0     0     0     0     0     0     0     0     0     0     0     0
     0     0     0     0     0     0     0     0     0     0     0     0
     0     0     0     0     0     0     0     0     0     0     0     0
     0     0     0     0     0     0     0     0     0     0     0     0
     0     0     0     0     0     0     0     0     0     0     0     0
     0     0     0     0     0     0     0     0     0     0     0     0
     0     0     0     0     0     0     0     0     0     0     0     0
     0     0     0     1     0     0     0     0     0     0     0     0
     0     0     0     0     0     0     0     0     0     0     0     0
     3     0     1     3     4     0     0     2     0     0     0     0
     0     0     0     1     0     0     0     0     0     0     0     0
     4     2     0     1     0     0     0     0     0     0     0     0
     0     0     0     5     1     0     0     0     0     2     1     1
     0     0     0     0     0     0     0     0     0     0     0     2
     1     0     0     0     0     0     0     0     0     0     2     0
     0     0     1     0     0     0     0     0     0     0     0     0
     0     0     1     0     0     0     0     0     0     0     0     0
     0     0     0     0     0     0     0     0     0     0     0     0
     1     0     0     0     0     0     0     1     0     0     0     0
     0     0     0     0     0     0     0     0     0     0     0     0
     0     0     0     0     0     0     0     0     0     0     1     0
     0     0     0     0     0     0     1     0     0     0     2     0
     0     0     0     0     0     0     0     0     0     0     0     0
     3     0     0     0     0     0     0     0     0     0     1     2
     1     1     0     0     0     0     0     0     0     0     2     0
     1     5     1     1     0     0     0     0     0     0     3     0
    12
     0     0     0     0     0     0     0     0     0     0     0     0
     0     0     0     0     0     0     0     0     0     0     0     0
     0     0     0     0     0     0     0     0     0     0     0     0
     0     0     0     0     0     0     0     0     0     0     0     0
     0     0     0     0     0     0     0     0     0     0     0     0
     0     0     0     0     0     0     0     0     0     0     0     0
     0     0     0     0     0     0     0     0     0     0     0     0
     0     0     0     0     0     0     0     0     0     0     0     0
     0     0     0     0     0     0     0     0     0     0     0     0
     0     0     0     0     0     0     0     0     0     0     0     0
     0     0     0     0     0     0     0     0     0     0     0     0
     0     0     0     0     0     0     0     0     0     0     0     0
     0     0     0     0     0     0     0     0     0     0     0     0
     0     0     0     0     0     0     0     0     0     0     0     0
     0     0     0     0     0     0     0     0     0     0     0     0
     0     0     0     0     0     0     0     0     0     0     0     0
     0     0     0     0     0     0     0     0     0     0     0     0
     0     0     0     0     0     0     0     0     0     0     0     0
     0     0     0     0     0     0     0     0     0     0     0     0
     0     0     0     3     2     1     0     0     0     0     1     0
     0     0     0     0     0     0     0     0     0     0     0     0
     0     0     0     1     0     0     0     0     0     0     1     0
     1     0     0     1     0     0     0     0     0     3     0     0
     0     0     0     0     0     0     0     0     0     0     0     0
     0     0     0     1     0     0     0     0     0     0     0     0
     0     0     0     0     0     0     0     0     0     0     0     0
     0     0     0     0     0     0     0     0     0     0     0     0
     0     0     0     0     0     0     0     0     0     0     0     0
     0     0     0     0     0     0     0     0     0     0     0     0
     0     0     0     0     0     0     0     0     0     0     0     0
     0     0     0     0     0     0     0     0     0     0     0     0
     0     0     0     0     0     0     0     0     0     0     1     0
     0     0     0     0     0     0     0     0     0     0     1     0
     0     0     0     0     0     0     0     0     0     0     0     0
     2     0     0     0     0     0     0     0     0     0     1     0
     1     0     0     0     0     0     0     0     0     0     0     0
    13
     0     0     0     0     0     0     0     0     0     0     0     0
     0     0     0     0     0     0     0     0     0     0     0     0
     0     0     0     0     0     0     0     0     0     0     0     0
     0     0     0     0     0     0     0     0     0     0     0     0
     0     0     0     0     0     0     0     0     0     0     0     0
     0     0     0     0     0     0     0     0     0     0     0     0
     0     0     0     0     0     0     0     0     0     0     0     0
     0     0     0     0     0     0     0     0     0     0     0     0
     0     0     0     0     0     0     0     0     0     0     0     0
     0     0     0     0     0     0     0     0     0     0     0     0
     0     0     0     0     0     0     0     0     0     0     0     0
     0     0     0     0     0     0     0     0     0     0     0     0
     0     0     0     0     0     0     0     0     0     0     0     0
     0     0     0     0     0     0     0     0     0     0     0     0
     0     0     0     0     0     0     0     0     0     0     0     0
     0     0     0     0     0     0     0     0     0     0     0     0
     0     0     0     0     0     0     0     0     0     0     0     0
     0     0     0     0     0     0     0     0     0     0     1     0
     0     0     0     0     0     0     0     0     0     0     0     0
     0     0     0     0     0     0     0     0     0     0     0     0
     0     0     0     0     0     0     0     0     0     0     0     0
     0     0     0     0     0     0     0     0     0     0     0     0
     0     0     0     0     0     0     0     0     0     0     0     0
     0     0     0     0     0     0     0     0     0     0     0     0
     0     0     0     0     0     0     0     0     0     0     0     0
     0     0     0     0     0     0     0     0     0     0     0     0
     0     0     1     0     0     0     0     0     0     0     0     0
     0     0     0     0     0     0     0     0     0     0     0     0
     0     0     0     0     0     0     0     0     0     0     0     0
     0     0     0     0     0     0     0     0     0     0     0     0
     0     0     0     0     0     0     0     0     0     0     0     0
     0     0     0     0     0     0     0     0     0     0     0     0
     0     0     0     0     0     0     0     0     0     0     0     0
     0     0     0     0     0     0     0     0     0     0     0     0
     0     0     0     0     0     0     0     0     0     0     0     0
     0     0     0     0     0     0     0     0     0     0     0     0
    14
     0     0     0     0     0     0     0     0     0     0     0     0
     0     0     0     0     0     0     0     0     0     0     0     0
     0     0     0     0     0     0     0     0     0     0     0     0
     0     0     0     0     0     0     0     0     0     0     0     0
     0     0     0     0     0     0     0     0     0     0     0     0
     0     0     0     0     0     0     0     0     0     0     0     0
     0     0     0     0     0     0     0     0     0     0     0     0
     0     0     0     0     0     0     0     0     0     0     0     0
     0     0     0     0     0     0     0     0     0     0     0     0
     0     0     0     0     0     0     0     0     0     0     0     0
     0     0     0     0     0     0     0     0     0     0     0     0
     0     0     0     0     0     0     0     0     0     0     0     0
     0     0     0     0     0     0     0     0     0     0     0     0
     0     0     0     0     0     0     0     0     0     0     0     0
     0     0     0     0     0     0     0     0     0     0     0     0
     0     0     0     0     0     0     0     0     0     0     0     0
     0     0     0     0     0     0     0     0     0     0     0     0
     0     0     0     0     0     0     0     0     0     0     0     0
     0     0     0     0     0     0     0     0     0     0     0     0
     0     0     0     0     0     0     0     0     0     0     0     0
     0     0     0     0     0     0     0     0     0     0     0     0
     0     0     0     0     0     0     0     0     0     0     0     0
     0     0     0     1     0     0     0     0     0     0     0     0
     0     0     0     0     0     0     0     0     0     0     0     0
     0     0     0     0     0     0     0     0     0     0     0     0
     0     0     0     0     0     0     0     0     0     0     0     0
     0     0     0     0     0     0     0     0     0     0     0     0
     0     0     0     0     0     0     0     0     0     0     0     0
     0     0     0     0     0     0     0     0     0     0     0     0
     0     0     0     0     0     0     0     0     0     0     0     0
     0     0     0     0     0     0     0     0     0     0     0     0
     0     0     0     0     0     0     0     0     0     0     0     0
     0     0     0     0     0     0     0     0     0     0     0     0
     0     1     0     0     0     0     0     0     0     0     0     0
     0     1     0     0     0     0     0     0     0     0     0     0
     0     0     0     0     0     0     0     0     0     0     0     0
