19
Mansfield, OH 14891
     0
      -7.900      -5.600       -.700       5.000      12.100      18.200
      21.100      20.000      15.600       8.800       1.700      -5.000
      -2.800      -1.200       3.200      10.000      16.700      21.700
      23.800      22.700      19.300      12.800       6.000      -1.200
       1.100       2.700       9.300      15.600      21.100      25.000
      27.200      25.600      22.700      17.700      11.100       2.700
      65.000      62.000      54.000      45.000      47.000      51.000
      52.000      55.000      54.000      50.000      58.000      68.000
      76.000      74.000      70.000      62.000      63.000      65.000
      64.000      68.000      68.000      64.000      72.000      78.000
      85.000      85.000      85.000      80.000      81.000      79.000
      79.000      84.000      83.000      82.000      85.000      89.000
       3.100       3.100       3.100       3.100       2.700       2.700
       2.400       2.400       2.400       2.700       3.100       3.100
       4.800       4.400       4.400       4.400       4.000       3.500
       3.100       3.100       3.100       4.000       4.400       4.400
       5.900       5.500       5.900       5.500       5.200       4.800
       4.000       4.000       4.400       4.800       5.500       5.500
     230.000     240.000     230.000     230.000     220.000     220.000
     230.000     230.000     210.000     210.000     220.000     230.000
     1
      -3.377      -1.146       4.446      10.479      16.655      21.519
      23.993      22.709      19.183      13.078       6.636      -1.036
      74.624      72.849      68.562      62.598      63.690      65.244
      65.515      69.003      68.295      65.087      70.688      77.328
     2
     2     5     5     2    11    13    28    28    13     6     6     6
     6    10    12    10    14    20    32    41    25    13     8     2
     3     5    14    15    17    18    24    38    12    12     4     7
     8     3    12     9    20    25    15    27    15    10     3     5
    10    22    13     9    20    23    35    41    23    19    10    10
     4     6     7    13    11     9    15    27    19     8     7     1
     4     9    12     8    13    24    16    18    20    13     6     9
     4     1    10     2    10    11    14    16    12     8     3     5
     6     7     6     7    15    13    20    22    18    23    12     5
     2     3     5     6    11     8     5     9    13     8     6     3
    11     8     9     6    11    11    18    22    14    21    13     8
     9    12     5    17     6    14    20    22    17    15    11     3
     8     7     6     9    16    18    24    18    16    17     2     4
     2    12     7    12    19    22    24    32    34    22    14     8
    10     4     8    10    19    13    26    19    23    14    12     8
     5    10     5    15    18    31    27    35    37    26    13    10
     6     5     8     9    16    20    32    36    30    18    11    12
    11    11     3    15    29    31    40    50    42    36     9     8
     3     7     5     8    15    18    30    30    15    14     7     4
    17     8     6    14    12    24    30    24    25    19     7     9
     5     7     7     5    14    27    24    35    13    10     7     5
     5     5     2     4     9    13    21    26    23     8     9     6
    16     7     7     5    12    29    40    30    24    24    15    17
     3     7     7     5    14    25    28    38    19    10    13     7
    27     4    17    17    13    29    47    45    24    18    18    15
     6     6    10     8    15    10    23    36    17     4     8     8
    27     5    12     8    13    25    29    49    21    17    18    21
     4     2     3     5     5     6    14    16    11    11     7     7
    14     2    10    13    11    21    23    35    17    12    20    13
     8     7     6     8    15    15    21    28    22    12     9     8
     7     5     6     4    18    12    13    11    16    17    16     5
    18    13     5    13     7    23    32    30    24    16     8    11
     8     7    14     9    11    13    23    22    17     7    13     4
    13    12    10     5    14    19    28    23    26    13     9     4
     6     4     9     2    11     6    13    24    16     6     4     4
    11    18     9    23    26    20    39    54    19    13    13    14
     3
    17    30    31    31    52    62    66    68    45    33    14    20
    17    38    44    41    83    62   100   126    70    36    24    24
    17    19    34    20    67    58    79    89    74    27    23    21
    31    27    38    42    68    59    63    92    53    42    20    28
    22    51    55    40    89    64    75    78    66    47    24    27
    13    22    32    41    33    48    55    67    46    40    12    20
    20    30    50    26    49    54    64    61    52    39    25    34
    10    25    27    19    25    28    42    52    41    30    18    15
    14    24    48    37    62    53    59    62    52    36    36    24
    15    17    18    19    29    18    33    33    35    25    10    14
    17    42    37    26    39    55    57    56    75    42    34    40
    18    26    38    30    45    42    56    66    49    46    37    29
    21    25    39    26    50    44    47    54    58    52    27    20
    25    43    26    45    71    69    61    73    77    47    41    31
    15    23    34    44    52    56    55    88    76    43    45    22
    41    33    31    48    86    95    83   107    86    79    55    44
    34    31    35    66    61    68    82   102   106    77    57    32
    38    35    27    55    58   106   115   117   142   110    40    43
    24    22    23    37    51    65    76    92    70    56    31    23
    61    28    29    32    68   120   141   126    97   103    45    35
    24    34    30    34    37    77    86    94    75    37    27    29
    26    24    31    23    54    70    94   101    65    60    33    34
    51    45    37    58    68   145   165   182   108   102    58    66
    41    34    36    39    73    97   128   127    87    55    39    37
    62    48    58    49    69   121   149   153   101    81    61    71
    29    41    26    37    47    50    93    80    62    50    50    41
    51    40    47    52    62    72   138   127    81    74    72    73
    30    38    43    33    52    55    82    80    55    32    24    39
    51    48    49    56    52    96   102   110    78    73    64    43
    29    47    38    27    51    75    70    73    54    53    52    39
    27    43    33    44    61    39    56    82    70    65    46    23
    43    49    44    38    61    56    74    94    49    54    35    50
    18    21    38    16    34    42    57    62    43    23    20    31
    37    28    34    41    58    59    85   104    56    48    36    25
    19    25    21    26    50    44    61    63    45    42     9    15
    24    49    53    48    78    75   108   107    78    60    36    27
     4
    14    14    28    33    34    44    36    47    30    24     8    13
     9    27    35    37    66    58    56    69    45    29    14     9
    16    16    24    34    40    36    43    35    34    19    11    16
    15    27    19    29    35    36    33    35    23    14     7    11
    17    27    40    26    45    34    33    28    18    22    16    11
    10    11    22    14    24    12    20    17    20    13    13    12
     9    16    25    19    25    32    24    25    38    14    16    17
    11     6    20    21    15    12    15    14    15    17     4    15
     9    22    29    30    33    16    22    16    25    16    29    11
    10    10    22    23    19    10    11    18    15    17    14     7
    17    25    31    16    37    18    26    16    47    32    29    16
    17    29    30    26    32    18    22    20    22    17    14    15
    17    21    20    29    29    15    12    13    24    24    14    17
    11    33    37    26    37    31    39    29    38    25    26    26
    12    12    31    39    30    41    43    27    53    33    22    28
    29    30    29    54    53    50    56    64    63    61    50    44
    29    27    35    40    51    66    36    52    76    70    36    47
    27    28    31    43    63    52    57    83    74    77    55    31
    25    22    19    29    29    59    48    54    55    47    32    26
    41    23    30    36    50    79    66   103    77    76    46    35
    30    27    19    28    40    71    57    72    59    58    41    38
    20    28    18    26    50    56    70    63    62    37    27    22
    53    56    35    33    61    98   103    87    77    80    41    40
    43    30    24    45    54    58   100    93    61    57    34    40
    67    55    41    37    61    89   117    97    75    63    61    69
    42    47    44    38    36    74    63    57    44    52    39    52
    29    36    49    42    46    47    72    70    52    54    61    49
    27    34    34    33    38    31    42    36    28    23    30    29
    31    34    48    44    37    48    70    80    42    49    51    45
    30    19    26    31    38    48    51    34    30    38    29    39
    21    31    30    26    37    45    35    40    37    26    37    21
    17    29    34    29    36    49    59    54    37    49    34    25
    17    19    25    20    39    27    22    41    26    26    15    20
    21    27    27    41    31    50    47    53    35    39    23     6
    20    21    18    26    41    26    32    48    29    34    15    16
    12    33    39    44    67    56    47    65    52    29    15    20
     5
     9    38    41    51    59    63    54    48    40    29    11    12
    27    45    57    53   106    74    64    81    65    25    16    10
    17    30    56    45    58    31    30    25    23    19    14    11
    14    28    46    36    55    46    28    22    30    20    15    11
    22    41    49    28    50    35    30    26    26    22    19    15
     7    24    32    22    17    17    16    16    19    12    12     6
    24    32    64    33    23    14    16    17    25    20    14     7
     9    11    42    19    12    17     9     8     9    14     4    11
    20    22    63    32    30    20    20    13    18    20    17    14
    12    12    21    15    20    14     8     9    16     9     8     6
    23    35    56    51    31    22    14    14    18    21    25    26
    25    28    18    39    46    12    11    14    17    14    26    19
    32    33    33    27    43    17    14    15    25    29    21    20
    23    51    69    34    48    27    18    18    35    39    35    43
    42    38    58    46    44    37    21    27    29    51    41    41
    68    41    75    82    70    51    43    55    68    90    84    75
    67    41    73    58    71    50    50    46    66    89    81    95
    97    68    98    83    82    87    73    99   103   133   101   101
    69    43    67    70    77    73    62    87    70    98    64    56
   100    99    75    82   121   123   110   146   118   110   103    74
    75    51    63    53    86   130   116   104   104    70    65    91
    73    64    53    51    66    89    94    94    95    71    79    75
   146   100    69    78   124   175   168   132   133   139    88   145
    71    82    52    85    86   139   119   122    96   112    80   106
   166   118    93   107   131   133   144   105    98   115    96   176
   100    66    84    81    70    61    74    60    75    83    78    95
    97    96   120   101    97    89    96    62    83   112    94   131
    81    71    57    65    46    41    64    44    46    73    71    50
    71    64    94   144    75    76    73    74    81    81    73    67
    62    61    54    75    80    49    57    51    62    54    58    46
    55    39    61    60    66    53    44    62    53    55    63    43
    42    47    60    90    61    51    51    52    55    68    43    31
    25    35    31    39    49    40    41    42    37    25    17    24
    38    49    42    78    79    57    47    69    56    61    16    25
    20    34    35    43    57    43    41    51    38    38    16    15
    23    50    76    87    88    65   107    97    51    55    31    22
     6
     6    29    32    38    48    22    16    13    17    10    15    14
     7    32    36    16    38    34    20    14    16    11     7     8
     5    25    35    24    25    14     7     6     5     8     8     1
     7    14    21    21    13     8     7     4     5     7     3     2
     5    19    19    20    15     9     6     5    10    11     6     7
    11    12    17    10     6     3     4     5     0    11     3     2
     7    15    22    15    17     8     3     2     4     0     4     1
     7     7    18     7     2     5     0     2     0     2     4     2
     4     3    14    20    12     1     3     0     3     4     0     7
     6     2    13    16    10     1     0     1     2     5     2     4
    15     7    32    23    18     5     2     1     1     3     4     7
    26    13    15    22    13     9     2     3     1     2    10     7
    15     9    24    23    21     4     1     2     3     6    14    24
    18    16    44    34    31     9     2     2     8    15    20    29
    24    23    57    34    17    12     3     1     8    30    40    28
    58    38    65    58    32    42     7    15    11    43    67    67
    87    40    66    50    45    30    12    18    30    76    73    90
    92    84    97   111    85    42    25    25    49    82    96    87
    83    61    74    76    57    65    39    44    39    63    84    90
   133   103    97   138   101    76    75    89    97   114   114   122
   100    65    79    77    87   110    62    57    58    83    81    84
   101    57    66    74    76    80    68    56    57    54   106    69
   125    86    95    92   111    90   101    76    81   135   114   100
   134    78    97    92    64    89    67    42    53    86    96    89
   152   103   124   120   109    76    67    42    54    76    94   129
   114    71    75    71    44    45    43    26    34    54    87    66
    74    68    98    97    56    43    30    24    33    49    77    77
    43    34    59    61    51    40    16    12    21    38    45    36
    50    70    72   100    53    47    28    27    33    51    74    70
    34    46    60    61    36    28    19    16    24    40    62    45
    44    34    55    68    28    24    24    17    25    38    51    41
    35    49    54    70    39    25    27    13    34    40    43    27
    18    25    33    37    28    15    12     8    16    28    20    13
    14    19    57    46    45    23    24    22    35    34    23    24
    12    18    30    38    43    28    18    16    17    14     6    11
     7    33    41    46    60    32    28    20    23    15    17    16
     7
     1     2    10    11    12     2     1     1     5     0     2     1
     1     2     8    11    13     4     1     2     1     4     2     0
     1     2     6     7     3     2     1     3     1     1     0     0
     1     3     7     7     0     0     0     0     0     1     1     1
     4     1     5     2     2     0     1     2     1     0     0     2
     2     2     3     3     0     0     0     0     0     0     0     0
     4     4     4     4     1     0     0     0     0     0     0     3
     0     1     1     1     0     0     1     0     0     0     0     0
     2     1     5     7     3     0     0     0     0     1     0     1
     1     0     2     4     1     0     0     0     0     1     1     0
     3     4     3     6     2     1     0     0     0     0     1     0
     4     1     4     8     3     0     1     1     1     0     2     4
     5     3     4     5     3     1     0     0     0     0     1     0
     2     1    10     3     2     2     0     1     0     0     8     4
     8     7    20     6     2     0     0     0     2     6    10    10
    14     8    20    23    10     8     0     1     2     8    10    13
    20    15    26    15    12    10     4     1     6    15    28    29
    27    26    24    22    29    10     2     1    12    26    33    25
    40    25    36    17    20    19     9     3    16    19    36    35
    53    40    41    40    40    19    10    12    24    30    35    53
    41    20    25    35    42    27    12     5    22    27    39    37
    33    26    21    45    24    21    19    12    22    20    37    27
    56    32    34    51    43    22    13    10    19    33    50    31
    72    28    38    26    18    13    10     7     9    27    41    35
    47    29    48    38    35    12    11     8    14    22    34    41
    44    25    28    32    12     9     8     3     7     7    26    26
    30    21    35    34    10     9     4     1     4    12    19    24
    16    12    25    17     8     3     2     0     6    15    14     7
    12    14    28    36    18     8     6     7     8    13    24    18
     8    11    24    17     4     3     3     2     2     6    16     9
     6     8    14    14     5     3     2     1     1    17    16     7
    14     6    16    19     2     5     4     1     3     8    11     7
     6     4     8    11     8     3     0     1     3     4     2    10
     3     7    10    14    10     9     2     2     6     7    13     3
     2     5     7     7     8     7     2     3     4     2     4     6
     1     7    12    12    14     9     1     3     3     2     3     5
     8
     1     3     8     6     1     0     0     0     1     0     0     0
     0     1     8     4     2     1     1     1     2     0     1     0
     1     3     7     4     0     0     0     0     2     1     1     0
     0     0     1     1     0     0     0     0     1     0     0     0
     0     3     2     1     0     0     0     0     0     0     0     0
     2     1     0     2     0     0     0     0     0     0     0     0
     0     1     1     1     1     0     0     0     0     0     0     1
     0     0     0     0     0     0     0     0     0     0     0     0
     0     0     2     1     0     0     0     0     0     0     0     1
     0     0     1     6     0     0     0     0     0     0     3     0
     0     0     1     3     0     0     0     0     0     0     1     0
     3     0     1     3     1     0     0     0     0     0     2     3
     2     3     4     1     2     0     0     0     0     0     4     2
     3     0     7     4     1     0     0     0     1     0     1     2
     9     2     6     3     1     0     0     0     0     1     2     2
     6     4    18    11     8     1     0     0     0     3    11     6
    12    13    19    17     6     2     0     1     2     7     7    25
    25    13    24    16    17     8     4     0     8     9    26    29
    24    22    35    32    23     8     4     0     7    25    27    28
    28    36    51    49    27    25     1     4    10    17    34    56
    24    26    44    32    24    12     7     1     8     9    40    42
    30    23    23    22    19    12     3     5     8    23    32    33
    74    31    31    47    23    19     6     2     7    19    35    24
    37    29    32    33    23    12     5     2     4    16    31    35
    45    36    50    39    22    11     7     2     5    12    28    38
    43    12    33    28     8     2     1     0     4     6    17    32
    17     4    27    22    11     7     0     1     2     6    10    15
     9     3    16    17     9     0     0     0     1     6     4     5
    10     8    12    19     4     2     1     1     1     5     3     7
    12     1     6    10     7     2     0     0     0     5    10     4
    12     7    14    10     7     2     1     0     0     4    16     9
     4     5    10     9     2     2     1     1     4     5     6     9
     3     4     7     6     1     1     1     0     0     4     2    11
     2     8     6     7    11     1     0     2     0     4     3     6
     0     5     2    11     9     3     0     0     0     0     1     3
     0     5    13    17    10     5     0     0     0     0     2     6
     9
     0     0     3     6     1     0     0     0     0     0     0     0
     0     0     2     1     0     0     0     0     0     0     0     0
     0     0     1     0     0     0     0     0     0     0     0     0
     0     0     0     0     0     0     0     0     0     0     0     0
     0     0     0     0     0     0     0     0     0     0     0     0
     0     0     0     0     0     0     0     0     0     0     0     0
     0     0     0     0     0     0     0     0     0     0     0     0
     0     0     0     0     0     0     0     0     0     0     0     0
     0     0     0     0     0     0     0     0     0     0     0     0
     0     0     0     1     0     0     0     0     0     0     0     0
     0     0     0     0     0     0     0     0     0     0     2     0
     0     0     1     1     0     0     0     0     0     0     0     0
     1     0     0     0     0     0     0     0     0     0     1     0
     0     0     1     1     1     0     0     0     0     0     0     0
     1     2     0     2     0     0     0     0     0     0     0     0
     1     0     1     5     0     0     0     0     0     0     4     0
     3     1     8     4     4     4     0     0     0     1     3     7
     3     4     6     7     1     0     0     0     0     1     5     7
     3     8    11     9     2     2     0     0     3     4     3     6
     8     6    16    11     4     1     0     0     2     0     6     4
     9     9    15    11     5     2     0     0     0     5     4    12
     7    12     9    12     4     0     1     0     2     4     2    13
    14     6     7     6     5     1     0     0     1     3     9     8
    18     8     3     8     3     2     1     0     1     5     6     2
    10     3    18    15     5     1     1     0     1     1     6     7
     6     5    12     6     3     0     0     0     0     0     4     9
     4     0     3     4     7     2     0     0     0     0     4     3
     2     0     3     1     0     0     0     0     0     1     0     0
     1     1     3     6     1     1     0     0     0     1     0     1
     3     2     2     0     0     1     0     0     0     0     4     0
     0     0     2     6     0     0     0     0     0     0     3     0
     1     0     0     2     2     0     0     0     0     1     1     0
     2     0     2     1     0     0     0     0     0     0     0     1
     0     2     0     3     0     1     0     0     0     0     0     1
     0     0     0     4     0     0     0     0     0     0     0     0
     0     0     3     1     5     0     0     1     0     0     0     1
    10
     0     0     1     2     0     0     0     0     0     0     0     0
     0     0     1     1     0     0     0     0     0     0     0     0
     0     0     0     0     0     0     0     0     0     0     0     0
     0     0     1     0     0     0     0     0     0     0     0     0
     0     0     0     0     0     0     0     0     0     0     0     0
     0     0     0     0     0     0     0     0     0     0     0     0
     0     0     0     0     0     0     0     0     0     0     0     0
     0     0     0     0     0     0     0     0     0     0     0     0
     0     0     0     1     0     0     0     0     0     0     0     0
     0     0     0     0     0     0     0     0     0     0     0     0
     0     0     0     0     0     0     0     0     0     0     1     0
     0     0     0     1     0     0     0     0     0     0     0     0
     0     0     0     1     0     0     0     0     0     0     0     0
     0     0     0     0     0     0     0     0     0     1     0     0
     1     0     2     1     0     0     0     0     0     0     0     1
     1     1     3     1     1     0     0     0     0     0     2     0
     0     1     7     2     0     0     0     0     0     0     6     2
     5     5     8     2     2     0     0     0     0     0     4     2
     2     6     5     6     2     1     0     0     0     0     2     9
     7     6     9     8     3     1     0     0     1     1     5     7
     3     3    17     4     4     1     0     0     1     2     3     9
     7     5     7     6     2     1     0     1     2     0     2     7
    16     4     3     6     5     0     0     0     0     3     2    10
    10     6    10     6     4     0     3     0     0     2     5     3
     9     6     3    16     0     0     0     0     1     3     4     5
     5     4     5     2     1     0     0     0     0     0     1     2
     2     0     5     1     2     0     0     0     0     0     1     1
     2     1     1     1     1     0     0     0     0     0     0     0
     1     0     2     3     2     0     1     0     0     0     0     0
     0     1     1     1     0     0     0     0     0     1     0     0
     0     2     1     2     0     0     0     0     0     0     0     0
     1     0     0     0     0     0     0     0     0     1     0     0
     0     1     1     1     0     0     0     0     0     0     0     0
     0     0     0     1     0     0     0     0     0     0     2     0
     0     2     0     1     0     0     0     0     0     0     0     1
     0     1     1     3     0     0     0     0     0     0     0     0
    11
     0     0     0     0     0     0     0     0     0     0     0     0
     0     0     0     0     0     0     0     0     0     0     0     0
     0     0     0     0     0     0     0     0     0     0     0     0
     0     0     0     0     0     0     0     0     0     0     0     0
     0     0     0     0     0     0     0     0     0     0     0     0
     0     0     0     0     0     0     0     0     0     0     0     0
     0     0     0     0     0     0     0     0     0     0     0     0
     0     0     0     0     0     0     0     0     0     0     0     0
     0     0     0     0     0     0     0     0     0     0     0     0
     0     0     0     0     0     0     0     0     0     0     0     0
     0     0     0     1     0     0     0     0     0     0     0     0
     0     0     0     0     0     0     0     0     0     0     0     0
     0     0     1     1     0     0     0     0     0     0     0     0
     0     0     0     0     0     0     0     0     0     0     0     0
     0     0     0     0     0     0     0     0     0     0     1     1
     0     1     1     1     0     0     0     0     0     0     2     0
     0     0     1     1     0     0     0     0     0     0     3     1
     1     0     8     0     2     0     0     0     0     0     3     7
     0     3     7     4     7     0     0     0     0     1     0     6
     2     3     3     4     5     0     0     0     0     1     4     7
     2     6    10     4     2     0     0     0     0     1     0     3
     4     4     9     3     0     0     0     0     0     0     1     2
     7    10     4     7     2     0     1     0     0     2     1     6
    12     6     6     6     0     0     1     0     0     0     2     4
     4     4     7    11     3     0     1     0     0     4     2     0
     4     0     4     4     0     0     0     0     0     0     2     5
     8     0     2     0     0     0     0     0     0     0     0     0
     2     0     2     1     0     0     0     0     0     0     0     0
     0     0     0     5     1     1     0     0     0     0     0     0
     1     0     1     3     1     0     0     0     0     0     0     0
     0     1     2     0     0     0     0     0     0     1     0     0
     1     0     3     0     0     0     0     0     0     0     0     0
     0     0     0     0     0     0     1     0     0     0     0     0
     0     0     0     1     0     0     0     0     0     0     0     0
     0     0     0     4     0     0     0     0     0     0     0     0
     0     0     0     2     0     0     0     0     0     0     0     0
    12
     0     0     0     0     0     0     0     0     0     0     0     0
     0     0     0     0     0     0     0     0     0     0     0     0
     0     0     0     0     0     0     0     0     0     0     0     0
     0     0     0     0     0     0     0     0     0     0     0     0
     0     0     0     0     0     0     0     0     0     0     0     0
     0     0     0     0     0     0     0     0     0     0     0     0
     0     0     0     0     0     0     0     0     0     0     0     0
     0     0     0     0     0     0     0     0     0     0     0     0
     0     0     0     0     0     0     0     0     0     0     0     0
     0     0     0     0     0     0     0     0     0     0     0     0
     0     0     0     0     0     0     0     0     0     0     0     0
     0     0     0     0     0     0     0     1     0     0     0     0
     0     0     0     0     0     0     0     0     0     0     0     0
     0     0     0     0     0     0     0     0     0     0     0     0
     0     0     0     0     0     0     0     0     0     0     0     0
     0     0     0     0     0     0     0     0     0     0     0     0
     0     0     0     0     0     0     0     0     0     0     0     0
     0     0     1     1     1     0     0     0     0     0     0     1
     0     7     3     3     1     0     0     0     0     0     0     1
     1     2     1     2     1     0     0     0     0     0     1     0
     0     0     2     2     3     0     0     0     0     0     0     2
     1     1     1     3     1     0     0     0     0     0     1     3
     4     2     0     4     1     0     0     0     0     0     0     4
     4     0     2     1     2     0     0     0     0     0     4     2
     2     1     1     1     0     0     0     0     0     0     1     1
     3     1     0     2     0     0     0     0     0     0     0     2
     0     0     0     0     0     0     0     0     0     0     1     0
     0     0     1     0     0     0     0     0     0     0     0     0
     0     0     0     1     0     0     0     0     0     0     0     0
     0     0     0     1     0     0     0     0     0     0     1     0
     0     0     0     0     0     0     0     0     0     0     0     0
     0     0     0     0     0     0     0     0     0     0     0     0
     0     0     1     0     0     0     0     1     0     0     0     0
     0     0     0     0     0     0     0     0     0     0     0     0
     0     0     0     0     0     0     0     0     0     0     0     0
     0     0     0     1     0     0     0     0     0     0     0     0
    13
     0     0     0     0     0     0     0     0     0     0     0     0
     0     0     0     0     0     0     0     0     0     0     0     0
     0     0     0     0     0     0     0     0     0     0     0     0
     0     0     0     0     0     0     0     0     0     0     0     0
     0     0     0     0     0     0     0     0     0     0     0     0
     0     0     0     0     0     0     0     0     0     0     0     0
     0     0     0     0     0     0     0     0     0     0     0     0
     0     0     0     0     0     0     0     0     0     0     0     0
     0     0     0     0     0     0     0     0     0     0     0     0
     0     0     0     0     0     0     0     0     0     0     0     0
     0     0     0     0     0     0     0     0     0     0     0     0
     0     0     0     0     0     0     0     0     0     0     0     0
     0     0     0     0     0     0     0     0     0     0     0     0
     0     0     0     0     0     0     0     0     0     0     0     0
     0     0     0     0     0     0     0     0     0     0     0     0
     0     0     0     0     0     0     0     0     0     0     0     0
     0     0     0     0     0     0     0     0     0     0     0     0
     0     0     0     0     0     0     0     0     0     0     1     0
     0     0     0     1     0     0     0     0     0     0     0     0
     0     0     0     0     0     0     0     0     0     0     0     0
     0     0     1     0     0     0     0     0     0     0     1     0
     0     0     0     1     0     0     0     0     0     0     0     2
     0     0     1     2     0     0     0     0     0     0     0     0
     1     0     0     0     0     0     0     0     0     0     0     0
     0     0     1     0     0     0     0     0     0     0     0     0
     0     0     0     0     0     0     0     0     0     0     0     0
     0     0     0     0     0     0     0     0     0     0     0     0
     0     0     0     0     0     0     0     0     0     0     0     0
     0     0     0     0     0     0     0     0     0     0     0     0
     0     0     0     0     0     0     0     0     0     0     0     0
     0     0     0     0     0     0     0     0     0     0     0     0
     0     0     0     0     0     0     0     0     0     0     0     0
     0     0     0     0     0     0     0     0     0     0     0     0
     0     0     0     0     0     0     0     0     0     0     0     0
     0     0     0     0     0     0     0     0     0     0     0     0
     0     0     0     0     0     0     0     0     0     0     0     0
    14
     0     0     0     0     0     0     0     0     0     0     0     0
     0     0     0     0     0     0     0     0     0     0     0     0
     0     0     0     0     0     0     0     0     0     0     0     0
     0     0     0     0     0     0     0     0     0     0     0     0
     0     0     0     0     0     0     0     0     0     0     0     0
     0     0     0     0     0     0     0     0     0     0     0     0
     0     0     0     0     0     0     0     0     0     0     0     0
     0     0     0     0     0     0     0     0     0     0     0     0
     0     0     0     0     0     0     0     0     0     0     0     0
     0     0     0     0     0     0     0     0     0     0     0     0
     0     0     0     0     0     0     0     0     0     0     0     0
     0     0     0     0     0     0     0     0     0     0     0     0
     0     0     0     0     0     0     0     0     0     0     0     0
     0     0     0     0     0     0     0     0     0     0     0     0
     0     0     0     0     0     0     0     0     0     0     0     0
     0     0     0     0     0     0     0     0     0     0     0     0
     0     0     0     0     0     0     0     0     0     0     0     0
     0     1     0     1     0     0     0     0     0     0     0     0
     0     0     0     0     0     0     0     0     0     0     0     0
     0     0     0     1     0     0     0     0     0     0     0     0
     0     0     0     0     0     0     0     0     0     0     0     1
     0     0     0     0     0     0     0     0     0     0     0     0
     0     0     1     0     0     0     0     0     0     0     0     1
     0     0     1     0     0     0     0     0     0     0     0     0
     0     1     0     0     0     0     0     0     0     0     0     0
     0     0     0     0     0     0     0     0     0     0     0     0
     1     0     0     0     0     0     0     0     0     0     0     0
     0     0     0     0     0     0     0     0     0     0     0     0
     0     0     0     0     0     0     0     0     0     0     0     0
     0     0     0     0     0     0     0     0     0     0     0     0
     0     0     0     0     0     0     0     0     0     0     0     0
     0     0     0     0     0     0     0     0     0     0     0     0
     0     0     0     0     0     0     0     0     0     0     0     0
     0     0     0     0     0     0     0     0     0     0     0     0
     0     0     0     0     0     0     0     0     0     0     0     0
     0     0     0     0     0     0     0     0     0     0     0     0
    15
     0     0     0     0     0     0     0     0     0     0     0     0
     0     0     0     0     0     0     0     0     0     0     0     0
     0     0     0     0     0     0     0     0     0     0     0     0
     0     0     0     0     0     0     0     0     0     0     0     0
     0     0     0     0     0     0     0     0     0     0     0     0
     0     0     0     0     0     0     0     0     0     0     0     0
     0     0     0     0     0     0     0     0     0     0     0     0
     0     0     0     0     0     0     0     0     0     0     0     0
     0     0     0     0     0     0     0     0     0     0     0     0
     0     0     0     0     0     0     0     0     0     0     0     0
     0     0     0     0     0     0     0     0     0     0     0     0
     0     0     0     0     0     0     0     0     0     0     0     0
     0     0     0     0     0     0     0     0     0     0     0     0
     0     0     0     0     0     0     0     0     0     0     0     0
     0     0     0     0     0     0     0     0     0     0     0     0
     0     0     0     0     0     0     0     0     0     0     0     0
     0     0     0     0     0     0     0     0     0     0     0     0
     0     0     0     0     0     0     0     0     0     0     0     0
     0     0     0     0     0     0     0     0     0     0     0     0
     0     0     0     0     0     0     0     0     0     0     0     0
     0     0     0     0     0     0     0     0     0     0     0     0
     0     0     0     0     0     0     0     0     0     0     0     1
     0     0     0     0     0     0     0     0     0     0     0     0
     0     0     0     0     0     0     0     0     0     0     0     0
     1     0     0     0     0     0     0     0     0     0     0     0
     0     0     0     0     0     0     0     0     0     0     0     0
     0     0     0     0     0     0     0     0     0     0     0     0
     0     0     0     0     0     0     0     0     0     0     0     0
     0     0     0     0     0     0     0     0     0     0     0     0
     0     0     0     0     0     0     0     0     0     0     0     0
     0     0     0     0     0     0     0     0     0     0     0     0
     0     0     0     0     0     0     0     0     0     0     0     0
     0     0     0     0     0     0     0     0     0     0     0     0
     0     0     0     0     0     0     0     0     0     0     0     0
     0     0     0     0     0     0     0     0     0     0     0     0
     0     0     0     0     0     0     0     0     0     0     0     0
    16
     0     0     0     0     0     0     0     0     0     0     0     0
     0     0     0     0     0     0     0     0     0     0     0     0
     0     0     0     0     0     0     0     0     0     0     0     0
     0     0     0     0     0     0     0     0     0     0     0     0
     0     0     0     0     0     0     0     0     0     0     0     0
     0     0     0     0     0     0     0     0     0     0     0     0
     0     0     0     0     0     0     0     0     0     0     0     0
     0     0     0     0     0     0     0     0     0     0     0     0
     0     0     0     0     0     0     0     0     0     0     0     0
     0     0     0     0     0     0     0     0     0     0     0     0
     0     0     0     0     0     0     0     0     0     0     0     0
     0     0     0     0     0     0     0     0     0     0     0     0
     0     0     0     0     0     0     0     0     0     0     0     0
     0     0     0     0     0     0     0     0     0     0     0     0
     0     0     0     0     0     0     0     0     0     0     0     0
     0     0     0     0     0     0     0     0     0     0     0     0
     0     0     0     0     0     0     0     0     0     0     0     0
     0     0     0     0     0     0     0     0     0     0     0     0
     0     0     0     0     0     0     0     0     0     0     0     0
     0     0     0     0     0     0     0     0     0     0     0     0
     0     0     0     0     0     0     0     0     0     0     0     0
     0     0     0     0     0     0     0     0     0     0     0     0
     0     0     0     0     0     0     0     0     0     0     0     0
     0     0     0     0     0     0     0     0     0     0     0     0
     0     0     0     0     0     0     0     0     0     0     0     0
     0     0     0     0     0     0     0     0     0     0     0     0
     0     0     0     0     0     0     0     0     0     0     0     0
     0     0     0     0     0     0     0     0     0     0     0     0
     0     0     0     0     0     0     0     0     0     0     0     0
     0     0     0     0     0     0     0     0     0     0     0     0
     0     0     0     0     0     0     0     0     0     0     0     0
     0     0     0     0     0     0     0     0     0     0     0     0
     0     0     0     0     0     0     0     0     0     0     0     0
     0     0     0     0     0     0     0     0     0     0     0     0
     0     0     0     0     0     0     0     0     0     0     0     0
     0     0     0     0     0     0     0     0     0     0     0     0
    17
     0     0     0     0     0     0     0     0     0     0     0     0
     0     0     0     0     0     0     0     0     0     0     0     0
     0     0     0     0     0     0     0     0     0     0     0     0
     0     0     0     0     0     0     0     0     0     0     0     0
     0     0     0     0     0     0     0     0     0     0     0     0
     0     0     0     0     0     0     0     0     0     0     0     0
     0     0     0     0     0     0     0     0     0     0     0     0
     0     0     0     0     0     0     0     0     0     0     0     0
     0     0     0     0     0     0     0     0     0     0     0     0
     0     0     0     0     0     0     0     0     0     0     0     0
     0     0     0     0     0     0     0     0     0     0     0     0
     0     0     0     0     0     0     0     0     0     0     0     0
     0     0     0     0     0     0     0     0     0     0     0     0
     0     0     0     0     0     0     0     0     0     0     0     0
     0     0     0     0     0     0     0     0     0     0     0     0
     0     0     0     0     0     0     0     0     0     0     0     0
     0     0     0     0     0     0     0     0     0     0     0     0
     0     0     0     0     0     0     0     0     0     0     0     0
     0     0     0     0     0     0     0     0     0     0     0     0
     0     0     0     0     0     0     0     0     0     0     0     0
     0     0     0     0     0     0     0     0     0     0     0     0
     0     0     0     0     0     0     0     0     0     0     0     0
     0     0     0     0     0     0     0     0     0     0     0     0
     0     0     0     0     0     0     0     0     0     0     0     0
     0     0     0     0     0     0     0     0     0     0     0     0
     0     0     0     0     0     0     0     0     0     0     0     0
     0     0     0     0     0     0     0     0     0     0     0     0
     0     0     0     0     0     0     0     0     0     0     0     0
     0     0     0     0     0     0     0     0     0     0     0     0
     0     0     0     0     0     0     0     0     0     0     0     0
     0     0     0     0     0     0     0     0     0     0     0     0
     0     0     0     0     0     0     0     0     0     0     0     0
     0     0     0     0     0     0     0     0     0     0     0     0
     0     0     0     0     0     0     0     0     0     0     0     0
     0     0     0     0     0     0     0     0     0     0     0     0
     0     0     0     0     0     0     0     0     0     0     0     0
    18
     0     0     0     0     0     0     0     0     0     0     0     0
     0     0     0     0     0     0     0     0     0     0     0     0
     0     0     0     0     0     0     0     0     0     0     0     0
     0     0     0     0     0     0     0     0     0     0     0     0
     0     0     0     0     0     0     0     0     0     0     0     0
     0     0     0     0     0     0     0     0     0     0     0     0
     0     0     0     0     0     0     0     0     0     0     0     0
     0     0     0     0     0     0     0     0     0     0     0     0
     0     0     0     0     0     0     0     0     0     0     0     0
     0     0     0     0     0     0     0     0     0     0     0     0
     0     0     0     0     0     0     0     0     0     0     0     0
     0     0     0     0     0     0     0     0     0     0     0     0
     0     0     0     0     0     0     0     0     0     0     0     0
     0     0     0     0     0     0     0     0     0     0     0     0
     0     0     0     0     0     0     0     0     0     0     0     0
     0     0     0     0     0     0     0     0     0     0     0     0
     0     0     0     0     0     0     0     0     0     0     0     0
     0     0     0     0     0     0     0     0     0     0     0     0
     0     0     0     0     0     0     0     0     0     0     0     0
     0     0     0     0     0     0     0     0     0     0     0     0
     0     0     0     0     0     0     0     0     0     0     0     0
     0     0     0     0     0     0     0     0     0     0     0     0
     0     0     0     0     0     0     0     0     0     0     0     0
     0     0     0     0     0     0     0     0     0     0     0     0
     0     0     0     0     0     0     0     0     0     0     0     0
     0     0     0     0     0     0     0     0     0     0     0     0
     0     0     0     0     0     0     0     0     0     0     0     0
     0     0     0     0     0     0     0     0     0     0     0     0
     0     0     0     0     0     0     0     0     0     0     0     0
     0     0     0     0     0     0     0     0     0     0     0     0
     0     0     0     0     0     0     0     0     0     0     0     0
     0     0     0     0     0     0     0     0     0     0     0     0
     0     0     0     0     0     0     0     0     0     0     0     0
     0     0     0     0     0     0     0     0     0     0     0     0
     0     0     0     0     0     0     0     0     0     0     0     0
     0     0     0     0     0     0     0     0     0     0     0     0
    19
     0     0     0     0     0     0     0     0     0     0     0     0
     0     0     0     0     0     0     0     0     0     0     0     0
     0     0     0     0     0     0     0     0     0     0     0     0
     0     0     0     0     0     0     0     0     0     0     0     0
     0     0     0     0     0     0     0     0     0     0     0     0
     0     0     0     0     0     0     0     0     0     0     0     0
     0     0     0     0     0     0     0     0     0     0     0     0
     0     0     0     0     0     0     0     0     0     0     0     0
     0     0     0     0     0     0     0     0     0     0     0     0
     0     0     0     0     0     0     0     0     0     0     0     0
     0     0     0     0     0     0     0     0     0     0     0     0
     0     0     0     0     0     0     0     0     0     0     0     0
     0     0     0     0     0     0     0     0     0     0     0     0
     0     0     0     0     0     0     0     0     0     0     0     0
     0     0     0     0     0     0     0     0     0     0     0     0
     0     0     0     0     0     0     0     0     0     0     0     0
     0     0     0     0     0     0     0     0     0     0     0     0
     0     0     0     0     0     0     0     0     0     0     0     0
     0     0     0     0     0     0     0     0     0     0     0     0
     0     0     0     0     0     0     1     0     0     0     0     0
     0     0     0     0     0     0     0     0     0     0     0     0
     0     0     1     0     0     0     0     0     0     0     0     0
     0     0     0     0     0     0     0     0     0     0     0     0
     0     0     0     0     0     0     0     0     0     0     0     0
     0     0     0     0     0     0     0     0     0     0     0     0
     0     0     0     0     0     0     0     0     0     0     0     0
     0     0     0     0     0     0     0     0     0     0     0     0
     0     0     0     0     0     0     0     0     0     0     0     0
     0     0     0     0     0     0     0     0     0     0     0     0
     0     0     0     0     0     0     0     0     0     0     0     0
     0     0     0     0     0     0     0     0     0     0     0     0
     0     0     0     0     0     0     0     0     0     0     0     0
     0     0     0     0     0     0     0     0     0     0     0     0
     0     0     0     0     0     0     0     0     0     0     0     0
     0     0     0     0     0     0     0     0     0     0     0     0
     0     0     0     0     0     0     0     0     0     0     0     0
    20
     0     0     0     0     0     0     0     0     0     0     0     0
     0     0     0     0     0     1     0     0     0     0     0     0
     0     0     0     0     0     0     0     0     0     0     0     0
     0     0     0     0     0     0     0     0     0     0     0     0
     0     0     0     0     0     0     0     0     0     0     0     0
     0     0     0     0     0     0     0     0     0     0     0     0
     0     0     0     0     0     0     0     0     0     0     0     0
     0     0     0     0     0     0     0     0     0     0     0     0
     0     0     0     0     0     0     0     0     0     0     0     0
     0     0     0     0     0     0     0     0     0     0     0     0
     0     0     0     0     0     0     0     0     0     0     0     0
     0     0     0     0     0     0     0     0     0     0     0     0
     0     0     0     0     0     0     0     0     0     0     0     0
     0     0     0     0     0     0     0     0     0     0     0     0
     0     0     0     0     0     0     0     0     0     0     0     0
     0     0     0     0     0     0     0     0     0     0     0     0
     0     0     0     0     0     0     0     0     0     0     0     0
     0     0     0     0     0     0     0     0     0     0     0     0
     0     0     0     0     0     0     0     0     0     0     0     0
     0     0     0     0     0     0     0     0     0     0     0     0
     0     0     0     0     0     0     0     0     0     0     0     0
     0     0     0     0     0     0     0     0     0     0     0     0
     0     0     0     0     0     0     0     0     0     0     0     0
     0     0     0     0     0     0     0     0     0     0     0     0
     0     0     0     0     0     0     0     0     0     0     0     0
     0     0     0     0     0     0     0     0     0     0     0     0
     0     0     0     0     0     0     0     0     0     0     0     0
     0     0     0     0     0     0     0     0     0     0     0     0
     0     0     0     0     0     0     0     0     0     0     0     0
     0     0     0     0     0     0     0     0     0     0     0     0
     0     0     0     0     0     0     0     0     0     0     0     0
     0     0     0     0     0     0     0     0     0     0     0     0
     0     0     0     0     0     0     0     0     0     0     0     0
     0     0     0     0     0     0     0     0     0     0     0     0
     0     0     0     0     0     0     0     0     0     0     0     0
     0     0     0     0     0     0     0     0     0     0     0     0
