19
Green Bay, WI 14898
     0
     -13.400     -10.000      -2.800       3.900      10.600      16.700
      20.000      18.800      13.300       7.100        .000      -9.400
      -7.200      -5.000        .600       7.800      15.000      20.600
      23.200      22.200      17.200      10.600       2.700      -4.500
      -2.300       -.700       3.900      12.100      19.300      24.300
      26.700      25.000      21.100      14.300       6.600       -.700
      61.000      60.000      57.000      46.000      46.000      49.000
      53.000      56.000      57.000      55.000      61.000      64.000
      71.000      71.000      69.000      61.000      60.000      62.000
      65.000      68.000      71.000      68.000      73.000      75.000
      82.000      83.000      82.000      78.000      75.000      76.000
      79.000      84.000      84.000      83.000      86.000      85.000
       2.700       2.700       2.700       2.700       2.700       2.400
       2.000       2.000       2.400       2.700       2.700       2.700
       4.000       4.000       4.000       4.000       3.500       3.100
       3.100       3.100       3.100       4.000       4.000       3.500
       5.200       5.200       5.200       5.500       4.800       4.400
       4.000       4.000       4.400       5.200       5.200       4.800
     260.000     240.000      30.000      30.000      60.000     240.000
     230.000     230.000     230.000     240.000     240.000     260.000
     1
      -8.071      -5.695        .630       8.366      15.283      20.501
      23.315      21.931      17.216      10.996       3.217      -5.328
      71.247      70.937      68.848      61.477      60.628      62.870
      65.900      68.927      70.475      68.130      72.725      74.247
     2
     5     8     2     3     7     7    10     9    23     6     7     5
     5    13     7    17    19    19    31    37    24    12    16     9
     9     9    15    25    36    22    34    40    27    23    15    14
     4     6     7    10    22    13    23    18    13     9     3     9
     9    23    27    21    30    42    45    46    32    32    18    18
     7    11    13    20    20    24    25    26    13    15     7     9
    12    16    22    17    29    36    43    30    24    18     6    14
    13     9     8     8    18    16    15    12    14     8     4     4
    12    13    36    25    50    61    61    46    30    28    18    20
     5     8    12    13    19    11    24    12    10     8     6     4
    10    13    11    17    28    36    39    40    34    15    12     8
     3     7    19    12    23    34    30    21    24     7     8     7
     7     1    10    14    25    26    28    20    20     8     6     3
    10     9    20    14    34    44    48    48    44    16    11    13
     8    11    21    19    36    31    29    48    24    12    12    11
     9     8    14    12    36    30    33    39    25    20    15     9
    11    10     2     6    22    17    38    19    22    10    11     9
    23    39    33    23    40    36    69    62    51    23    32    24
     9    21    17    10    20    19    38    39    24    11     7    12
    22    28    16     8    28    32    48    46    41    24    19    23
    31    48    23    25    47    53    78    59    64    40    33    30
    14    24     9    13    18    35    48    41    32    13    13    14
    18    36    45    17    26    47    79    90    56    34    45    23
    25    30     8    12    28    22    37    36    35    17    14    23
    28    21    22     9    24    41    52    68    42    25    28    26
    10    10    11    10    17    17    28    28    24    10    10    13
    42    42    22    23    36    47   107   102    61    34    34    36
     5    12     9     3     5    19    20    20    17     9     6    16
    13    16    15    10    15    33    46    51    21    13    15    25
     7     6    14     9    19    22    23    27    21     8    13    10
     9     4     6     7    12    14    22    20    20     5     8    10
    16    17    16    13    19    39    68    44    32    16    29    13
     9    14    13    14    24    27    45    51    25    19    17    10
    12    16    11    14    17    18    15    47    26    12     7    16
     3     6     5     6    16    21    20    18    16    11     7     4
    10    15    11    14    18    29    42    49    24     5    12     9
     3
    10    19    13    12    20    29    41    38    47    17    22    23
    22    28    36    43    56    60    67    66    51    42    41    21
    52    73    66   125   107    89   148   145    96    76    52    52
    33    49    58    61    71    53    95    59    39    38    26    30
    35    94   115    99   112   142   137   112    78    63    51    44
    16    46    70    76    86    79    82    62    47    38    19    22
    17    38    60    68   118    92    97    72    43    49    30    15
    14    17    29    38    52    40    37    37    28    18     9     9
    20    30    65    90   164   132   135    97    77    87    36    32
     4    14    24    32    53    66    33    51    29    22    15    10
    13    24    38    37   103    97    77    70    54    36    23    13
    12     8    29    53    65    64    75    46    53    23    17    10
     7    11    26    37    59    71    55    42    39    18    25     7
    12    17    36    45    93   105    98    74    65    34    33    14
    19    14    48    45   108   109   115   124    70    46    37    37
    18    17    33    19    64    63    85    70    58    44    36    22
    23    21    31    30    34    48    59    51    56    25    26    23
    46    46    65    53    72   101   126   117   114    87    63    48
    48    35    48    38    61    64    89    94    74    72    28    40
    57    64    77    54    70    98   109   129    98    84    68    79
   101   114    96    84   128   115   192   191   155    96    98    81
    45    68    33    32    48    68   110   101    63    57    34    47
    60    79    97    48    67   118   134   130   115    73    70   105
    61    57    47    38    53    72   110   101    69    50    37    52
    66    58    62    59    53   112   111   101    90    65    57    79
    34    33    38    28    53    69    77    90    65    46    35    68
   125   116   113    89    92   190   202   175   177   133    95   161
    37    37    29    31    23    67    58    58    38    50    34    41
    56    40    63    41    40    77    91   100    64    59    45    57
    22    35    35    31    32    58    59    71    57    35    39    39
    30    25    33    22    27    28    57    46    48    32    32    28
    33    19    44    58    34    64    94    69    61    51    31    44
    36    53    52    65    66    62   104    90    87    70    52    54
    28    38    49    41    48    41    67    58    56    45    37    42
    21    16    20    32    42    37    59    47    42    26    18    34
    24    24    32    54    39    48    73    85    68    41    43    43
     4
    10    10    17    16    21    19    17    26    36    10    13    11
    15    31    35    42    33    26    47    52    48    31    36    29
    63    71    55   105   101    77   105    89    60    48    42    45
    28    46    56    56    76    68    70    52    24    26    21    25
    20    66    78   116    92    97    74    51    49    38    25    24
     8    32    38    50    76    66    55    47    27    16    23    16
    16    16    34    42    62    52    41    49    21    23    10    12
     3    15    21    27    34    29    31    17    11    12     9     7
    12    30    42    72   102    84    65    65    44    39    21    19
     6     8    16    30    34    43    16    16    17    21     4     7
     8    10    23    32    50    45    49    33    24    20     5    10
    10     8    28    30    60    46    28    21    26    16    13     6
     4    10    26    35    30    42    30    23    18    26    22     4
    10     7    46    53    58    68    51    44    30    30    23    11
     7    18    41    57    67    87    67    60    59    39    20    17
    10     8    25    22    39    37    44    36    44    24    24    12
    15     9    20    23    33    40    34    39    35    31    18    12
    27    28    37    49    47    71    52    53    63    53    35    21
    27    36    27    28    42    33    46    51    49    42    33    16
    43    44    52    34    55    60    69    78    78    53    54    44
    81    96    60    74    86    98   129   122    98    86    97    78
    34    50    25    42    40    56    59    83    62    56    27    49
    61    53    59    33    57    73    71   112    79    59    51    66
    27    43    28    18    38    56    43    53    51    37    34    38
    62    66    40    24    37    54    75    58    43    40    36    51
    60    55    37    26    28    52    36    38    30    41    33    71
   133    91    82    55    85   125   121   106    97    81    69   145
    43    37    27    26    32    50    40    38    52    30    24    27
    48    46    50    34    39    60    64    49    56    51    44    57
    23    16    29    25    39    42    34    38    34    35    28    34
    19    22    29    30    17    27    30    25    25    20    30    27
    37    40    38    36    28    29    54    51    35    35    26    30
    38    30    48    50    41    48    37    39    70    55    51    47
    27    29    35    32    24    30    38    36    36    30    32    30
    10    14    27    16    22    22    34    18    33    33    36    19
    24    18    28    31    35    32    56    45    49    26    38    29
     5
     3    16    33    16    34    20    23    24    32    19    35    15
    32    45    63    67    48    39    37    49    72    43    45    39
    56   110   101   185   161   108   112    72    91    59    54    45
    33    83    91   129   148    63    59    55    37    25    35    27
    30    81   117   163   169   134    83    70    50    35    26    21
     9    14    52    87   100    53    42    39    20    24    26    20
     5    15    52    59    53    44    30    19    24    18    11    10
     7    12    28    29    27    15    15    17     9    11    10     5
    11    23    63    76    86    46    62    28    39    36    10    22
     9     2    27    26    41    16    23    12    12    20     6     6
    13    15    46    46    84    34    17    31    23    19     8    13
    12     7    33    47    54    45    15    19    17    21    19     5
     9     5    23    50    41    26    15    13    21    21    16     4
     8    13    54    54    61    56    42    28    27    27    27    14
    17    17    57    72    85    82    55    52    45    56    31    18
     9    10    46    54    67    42    42    35    54    48    26    14
    15     9    25    28    44    31    32    46    40    28    16    11
    27    34    46    48    71    61    64    73    74    66    42    30
    41    40    37    36    43    58    73    61    62    52    48    30
    65    54    53    66    91    92    98    82    98   100    55    63
   123   139   132    84   128   138   175   184   173   131   131   106
    77    61    53    41    59    67    84    82    83    72    42    81
    88    73    47    63    77    97   105   112   105   102    81    68
    53    54    52    34    34    75    50    64    51    57    42    61
   105    48    41    43    64    76    51    51    56    57    57    87
    71    54    46    34    35    58    52    38    38    41    48    80
   199   134   112    85   115   157   108   108   104   106   126   209
    82    31    59    44    43    44    36    46    50    63    51    74
   121    64    52    73    86    61    69    63    61    75    71   131
    63    39    51    47    39    48    45    60    54    66    52    51
    47    34    53    47    27    36    32    30    42    39    39    41
    55    51    71   102    41    50    56    57    41    49    49    51
    90    52    89   100    62    51    51    61    75    84    77    64
    37    48    63    61    41    31    45    35    42    57    44    51
    19    25    36    45    31    29    35    34    30    33    45    24
    20    49    39    59    54    37    44    46    71    52    60    22
     6
     7    15    27    17    10     7     5     8    11    18    26    17
    25    26    48    64    37    18    12    16    22    22    35    34
    42    76   107   134    88    50    40    25    32    29    50    37
    30    58    72   104    97    35    16    23    11    15    25    19
    13    46    59    66   107    43    25    24    18    22    12     7
     4    17    30    38    49    17    14     7     9     9    10     3
     4    13    32    33    26     8    13     4    13     3    11     8
     6     4    19    15     9     3     2     4     5     4     8     2
    11    12    40    45    23     8    14     3     6    10     2    13
     3     5    10    12     8     4     1     2     4     6     2     3
     6     4    13    21    16     7     4     1     6     6     5     8
     9     0     5    22    22    11     1     1     5     5     6     6
     6     0    17    20    19    16     2     2    13     6     8     2
     4     3    26    32    32    10    14     9    10    12    15     3
    13    11    30    36    35    33     8    29    26    36    14    10
     4    10    29    35    30    14    17    13    22    20     8     3
     6     2    23    15    21    14    11    15     7     6    14     7
    17     9    26    29    46    30    26    23    29    37    18    10
    24    24    26    19    25    38    34    26    27    49    20    15
    32    36    36    37    45    66    68    42    68    91    55    30
    88   104    95    98    81   120   126    89   126   100    71    74
    61    51    33    29    50    63    73    51    56    50    43    33
    69    31    28    41    74    80    76    59    57    72    49    55
    28    31    19    24    27    48    23    43    30    38    45    38
    53    21    21    40    31    36    20    28    29    34    36    47
    63    43    23    42    31    28    18    14    27    20    28    38
   136    76    92    87    60    78    44    32    60    72    86    95
    47    47    56    37    33    39    22    33    19    32    43    54
    75    53    58    63    58    57    41    32    37    61    66    88
    33    29    33    46    26    38    13    26    29    39    41    36
    23    20    38    40    28    25    13    15    17    29    29    23
    43    29    46    75    43    36    25    25    21    35    27    30
    56    48    62    77    43    43    22    22    39    57    39    34
    31    42    43    52    34    15    14    19    17    38    35    28
    10    35    26    23    23    17     6    12    13    19    23    15
    12    35    44    41    29    30    15    23    25    29    36    16
     7
     2     3     6     7     5     0     1     5     1     7     8     2
    10     5     8    17     9     4     3    10     5     6     6     4
    13    22    43    45    32    10     5     4     5     8     8    11
    13    16    30    35    36    10     3     3     1     2     5     8
    11    16    36    24    23     5     4     2     1     7     5     4
     5     3    10     9    12     2     1     2     1     1     5     1
     2     4    11    10     4     3     2     1     3     2     1     1
     0     0     7     3     1     0     0     0     2     0     3     0
     3     3    12    19     4     5     0     0     6     1     1     3
     0     0     2     6     0     1     1     0     1     2     1     0
     5     1     3     4     2     1     0     0     1     4     0     3
     3     0     2     5     2     0     0     1     0     0     3     2
     2     0     1    12     1     2     0     3     1     1     1     0
     0     0     5    16     7     1     1     0     4     4     4     0
     3     1     4     8     8    11     0     3     1     6     3     3
     5     3     6     8     9     0     2     0     3     4     6     2
     2     1     5     8     7     5     3     3     9     4     2     3
     8     6     9    13     4    11     5     8     6    15     9     6
     6     7    12     8    13    20    15     9    12    10     4     7
     6    22    12    32    32    32    24     8    27    29    12     9
    39    49    29    37    43    37    38    30    42    46    31    28
    26    11     4    12    20    19    19    11    16    22    27    15
    20     9    10    24    39    35    21    20    17    32    29    14
     9     9     5    11     9    14    12     7    10    16    15    15
     9     8     5    16    12    15     8     9     7    10    13    16
     6     2    11    11    12    12    11     4     2     8    14    13
    29    22    32    34    16    29     8    10    12    33    23    28
    20    11    14    14    16    14    10     4     3    14    20    22
    32    26    24    21    26    17    11    10    19    32    29    22
    10    11    13    17    11     8     4    10    10    14    17     4
    15    10    17    17    13     3     2     3     2    11    12     3
    15     6    19    15    22     9     8     5    13    28    12     9
    16    22    23    26    14     9     6     7     6    17    24    15
    11    14    17    17    10     5     2     2     1    18    15    17
     5    14    14    12     8     8     1     1     5     7     2     4
     6     7    12    17     6     7     2     3     3     4     6     9
     8
     2     4     7     3     2     2     2     1     0     1     2     7
     5     6    17    18     6     3     0     1     2     7     9     6
    13     7    51    38    26     4     2     2     2     1     7    10
     4     8    37    41    21     3     0     0     2     1     1     5
     9    23    26    28    30     7     0     0     1     1     2     2
     1     3     9    19     6     3     1     0     0     1     3     3
     0     0    15     5     3     5     0     0     3     0     0     3
     0     0     6     5     1     0     0     0     1     0     0     0
     3     1     6    15     2     0     2     0     5     1     0     3
     0     0     0     2     0     0     0     0     1     1     0     0
     1     0     0     2     0     0     0     0     0     0     0     2
     2     0     1     5     0     0     0     0     0     0     0     0
     1     0     1     5     3     1     0     0     0     0     2     0
     1     0     3     2    10     0     0     0     0     1     2     0
     2     0     1     5     4     3     1     0     0     6     2     1
     1     1     5     9    10     0     1     1     1     1     2     0
     4     1     1    10     1     3     1     2     0     2     1     2
     5     4     6     9    15     9     6     2     7     6     7     3
     9     6     8    18    12     6     8     4     7    11     7     6
     9    13    15    34    42    13    12     5    26    24    17    10
    12    45    33    51    37    25    19    14    32    50    34    32
    14    23    10    15    31    12     7     2     5    18     9    15
    16    10    12    28    38    27    10    16    36    29    19     7
     8     5     6     9     7    14     3     6     7    14    12    10
     8     0    12    24    18    12     9     8     6     7    10     8
     7     5     3     8     8    10     0     1    10     8     5     3
    20    24    17    21     9    16     3     3     4    14    23    14
    14     9    13    16    11     7     0     5     2    10    13     9
    36    21     8    23    30    14    13     4    19    20    20    25
    16     6    14    12    15     4     4     6     3    13    19     6
     4     5    10    11     5     1     3     1     0    14     8     4
    12    25    24    30    12    12     5     5     9    16    13     7
    18    21    21    14     5     9     0     0     1    13     7    13
     6    15    14    26    15     8     3     0     3    12     7     7
     7    10    12     9     0     3     0     0     1     6     5     9
     7    15    22    17     9     7     1     2     2     8    10     6
     9
     1     0     0     0     0     0     0     0     0     0     0     2
     1     0     4     3     1     0     0     0     0     1     2     1
     2     8     8     1     3     1     1     0     0     1     1     1
     2     3     5     5     1     0     0     1     0     1     1     2
     1     6     8     3     2     2     0     0     0     0     0     1
     1     0     4     0     0     0     0     0     0     0     2     0
     0     0     8     2     1     1     0     0     0     0     0     2
     1     0     1     0     0     0     0     0     0     0     0     0
     1     0     1     3     0     0     0     0     0     0     0     0
     1     0     0     0     0     0     0     0     0     0     0     0
     1     0     0     1     0     0     0     0     0     0     0     0
     0     0     0     0     0     0     0     0     0     0     1     0
     0     0     0     1     0     0     0     0     0     0     0     0
     0     0     0     1     1     0     1     0     0     0     0     0
     1     0     0     1     1     1     0     0     0     0     2     0
     0     0     0     1     1     0     0     0     0     0     0     0
     1     0     0     1     0     0     0     0     1     0     1     0
     3     1     0     3     4     1     0     0     0     1     0     0
     2     0     1     3     1     0     1     0     2     4     1     1
     3     2     5    11     1     1     3     1     5     4     3     2
     5     9     9    10     8     6     4     5     7     7    13     4
     4     3     3     3     4     0     1     1     1     3     8     3
     4     2     9    14    17     6     0     3     5     6    14     0
     1     2     5     3     3     4     0     0     1     2     3     2
     2     1     2     5     1     0     0     0     0     1     2     2
     2     1     0     1     1     2     0     0     1     0     2     0
     5     5     4     1     0     1     2     0     1     1     4     1
     1     1     2     3     2     3     0     0     0     1     3     1
     8     2     3     2     3     1     1     0     1     2     2     2
     0     2     1     3     0     0     0     0     0     1     3     0
     3     0     1     1     0     0     0     0     0     5     5     1
     5     5     5     2     0     3     0     1     0     2     1     0
     9     1     2     2     0     1     0     0     0     2     1     3
     2     0     2     1     4     0     0     0     0     1     2     1
     0     3     0     2     0     0     0     0     1     0     1     1
     0     0     1     1     1     2     0     0     0     1     1     0
    10
     0     0     0     0     0     0     0     0     0     0     1     0
     0     0     3     2     1     0     0     0     0     0     0     4
     0     3     3     5     3     0     1     0     0     0     1     1
     0     2     0     2     3     0     0     0     0     0     0     0
     1     2     1     0     0     0     0     0     0     0     1     0
     0     0     2     1     0     0     0     0     0     0     1     0
     0     0     0     0     0     0     0     0     0     0     0     0
     0     0     0     0     0     0     0     0     0     0     0     0
     0     0     0     0     0     0     0     0     0     0     0     0
     0     0     0     0     0     0     0     0     0     0     0     0
     0     0     0     0     0     0     0     0     0     0     0     0
     0     0     0     1     0     0     0     0     0     0     0     0
     0     0     0     0     0     0     0     0     0     0     0     0
     0     0     0     1     0     1     0     0     0     0     0     0
     0     0     0     1     0     1     0     0     0     0     0     0
     0     0     0     1     0     0     1     0     1     0     0     0
     0     0     0     1     0     0     0     0     0     0     0     0
     0     1     0     3     0     0     1     0     0     0     2     0
     0     0     0     1     1     1     0     1     0     5     0     0
     1     0     1     1     1     0     0     0     2     2     1     2
     1     1     8     5     8     6     1     1     1     2     2     1
     0     5     2     4     3     1     0     0     1     0     1     0
     1     1     2     9     3     1     1     0     4     1     9     0
     3     0     2     2     0     2     0     1     0     1     2     1
     0     0     0     3     0     1     0     0     2     0     1     0
     1     0     0     1     0     0     0     0     1     1     1     0
     4     1     3     1     1     0     1     0     0     1     2     0
     0     1     1     0     0     0     0     0     0     0     1     1
     4     0     4     0     2     2     1     0     1     1     1     0
     2     0     1     0     1     0     0     0     0     0     1     0
     0     0     0     2     0     1     1     0     0     0     1     0
     3     0     3     0     1     1     0     0     0     1     0     1
     0     1     3     0     0     0     0     0     0     0     0     1
     3     3     1     0     1     0     1     0     0     0     0     0
     0     0     0     0     0     0     0     0     1     2     0     0
     0     1     0     1     3     0     0     0     0     0     1     0
    11
     0     1     0     0     0     0     0     0     0     0     0     0
     0     0     0     0     0     0     0     0     0     0     0     0
     1     2     0     2     1     0     0     0     0     0     0     1
     1     2     0     0     2     0     0     0     0     0     0     0
     1     2     5     0     0     0     0     0     0     0     0     1
     0     0     1     0     0     0     0     0     0     0     0     1
     0     0     1     0     0     0     0     0     0     0     0     0
     0     0     1     0     0     0     0     0     0     0     0     0
     0     0     0     0     0     0     0     0     0     0     0     0
     0     0     0     0     0     0     0     0     0     0     0     0
     0     0     0     0     0     0     0     0     0     0     0     0
     0     0     0     0     0     0     0     0     0     0     0     0
     0     0     0     0     0     0     0     0     0     0     0     0
     0     0     0     0     0     0     0     0     0     0     0     0
     0     0     0     0     0     0     0     0     0     0     0     0
     0     0     0     1     0     0     0     0     0     0     0     0
     0     0     0     0     0     0     0     0     0     0     0     0
     1     0     0     1     0     0     0     0     0     1     0     0
     0     0     2     3     2     0     1     0     1     1     1     0
     1     0     5     0     1     0     0     0     0     0     0     0
     1     0     4     4     5     4     0     0     3     4     0     0
     1     4     1     0     4     0     0     0     2     2     0     1
     1     0     0     1     3     3     0     0     3     1     2     3
     0     0     2     3     0     4     0     0     1     0     1     0
     0     0     0     3     0     2     0     1     1     0     0     0
     0     0     0     3     0     0     0     0     0     1     0     0
     5     0     1     0     1     0     0     0     0     0     0     0
     0     0     0     1     0     0     0     0     0     0     0     2
     0     1     3     2     0     0     0     0     1     0     1     0
     1     0     0     0     0     0     0     0     0     0     1     0
     0     0     0     1     0     0     0     0     0     0     1     0
     2     0     0     0     0     0     0     0     0     0     0     0
     6     0     1     0     0     0     0     0     0     1     2     0
     0     0     0     0     0     0     0     0     1     0     1     0
     0     1     0     0     0     0     1     0     0     0     0     0
     1     0     0     0     0     0     0     0     0     0     0     1
    12
     0     0     0     0     0     0     0     0     0     0     0     0
     0     0     0     0     0     0     0     0     0     0     0     0
     0     1     0     1     1     0     0     0     0     0     0     0
     0     0     0     2     1     0     0     0     0     0     0     0
     0     1     0     0     0     1     0     0     0     0     0     1
     0     0     0     0     0     0     0     0     0     0     0     0
     0     0     0     0     0     0     0     0     0     0     0     0
     0     0     0     0     0     0     0     0     0     0     0     0
     0     0     0     1     0     0     0     0     0     0     0     0
     0     0     0     0     0     0     0     0     0     0     0     0
     0     0     0     0     0     0     0     0     0     0     0     0
     0     0     0     0     0     0     0     0     0     0     0     0
     0     0     0     0     0     0     0     0     0     0     0     0
     0     0     0     0     0     0     0     0     0     0     0     0
     0     0     0     0     0     0     0     0     0     0     0     0
     0     0     0     0     0     0     0     0     0     0     0     0
     0     0     0     0     0     0     0     0     0     0     0     0
     0     0     0     1     0     0     0     0     0     0     1     0
     0     0     0     1     0     0     0     0     0     0     0     0
     1     0     0     0     0     0     0     0     1     0     0     0
     0     0     2     0     0     0     0     0     0     0     0     0
     0     0     2     5     1     0     0     0     0     0     0     0
     0     0     2     3     0     0     0     0     0     2     1     0
     0     2     2     0     0     0     0     0     0     0     0     0
     0     1     0     1     0     0     0     0     0     0     0     0
     0     0     0     0     0     0     0     0     0     0     0     0
     1     0     4     0     0     0     0     0     0     0     0     0
     1     0     0     0     0     0     0     0     0     0     1     0
     0     0     1     0     0     0     0     0     0     0     0     0
     0     0     0     3     0     0     0     0     0     0     0     1
     0     0     0     0     0     0     0     0     0     0     1     0
     2     0     0     0     0     0     0     0     0     0     0     0
     2     0     0     0     0     0     0     0     0     0     1     0
     0     0     0     0     0     0     0     0     0     0     0     0
     1     0     0     0     0     0     0     0     0     0     0     0
     0     0     0     0     1     0     1     0     0     0     0     0
    13
     0     0     0     0     0     0     0     0     0     0     0     0
     0     0     0     0     0     0     0     0     0     0     0     0
     0     0     0     0     0     0     0     0     0     0     0     0
     0     0     0     0     0     0     0     0     0     0     0     0
     0     0     0     0     0     0     0     0     0     0     0     0
     0     0     0     0     0     0     0     0     0     0     0     0
     0     0     0     0     0     0     0     0     0     0     0     0
     0     0     0     0     0     0     0     0     0     0     0     0
     0     0     0     0     0     0     0     0     0     0     0     0
     0     0     0     0     0     0     0     0     0     0     0     0
     0     0     0     0     0     0     0     0     0     0     0     0
     0     0     0     0     0     0     0     0     0     0     0     0
     0     0     0     0     0     0     0     0     0     0     0     0
     0     0     0     0     0     0     0     0     0     0     0     0
     0     0     0     0     0     0     0     0     0     0     0     0
     0     0     0     0     0     0     0     0     0     0     0     0
     0     0     0     0     0     0     0     0     0     0     0     0
     0     0     0     0     0     0     0     0     0     0     0     0
     0     0     0     0     0     0     0     0     0     0     0     0
     0     0     0     1     0     0     0     0     0     0     0     0
     0     0     0     1     0     0     0     0     0     0     1     0
     0     0     0     0     0     0     0     0     0     1     0     0
     0     0     0     1     0     0     0     0     0     1     1     0
     0     0     1     0     0     0     0     0     0     0     0     0
     0     0     0     2     0     0     0     0     0     0     0     0
     0     0     0     0     0     0     0     0     0     0     0     0
     0     0     1     0     0     0     0     0     0     0     0     0
     0     0     0     0     0     0     0     0     0     0     0     0
     0     0     0     1     0     0     0     0     0     0     0     0
     0     0     0     2     0     0     0     0     0     0     0     0
     0     0     0     1     0     0     0     0     0     0     0     0
     1     0     0     1     0     0     0     0     0     0     0     0
     0     0     0     0     0     0     0     0     0     0     0     0
     0     0     0     0     0     0     0     0     0     0     1     0
     0     0     0     0     0     0     0     0     0     0     0     0
     0     0     0     0     0     0     0     0     0     0     0     0
    14
     0     0     0     0     0     0     0     0     0     0     0     0
     0     0     0     0     0     0     0     0     0     0     0     0
     0     0     0     0     0     0     0     0     0     0     0     0
     0     0     0     0     0     0     0     0     0     0     0     0
     0     0     0     0     0     0     0     0     0     0     0     0
     0     0     0     0     0     0     0     0     0     0     0     0
     0     0     0     0     0     0     0     0     0     0     0     0
     0     0     0     0     0     0     0     0     0     0     0     0
     0     0     0     0     0     0     0     0     0     0     0     0
     0     0     0     0     0     0     0     0     0     0     0     0
     0     0     0     0     0     0     0     0     0     0     0     0
     0     0     0     0     0     0     0     0     0     0     0     0
     0     0     0     0     0     0     0     0     0     0     0     0
     0     0     0     0     0     0     0     0     0     0     0     0
     0     0     0     0     0     0     0     0     0     0     0     0
     0     0     0     0     0     0     0     0     0     0     0     0
     0     0     0     0     0     0     0     0     0     0     0     0
     0     0     0     0     0     0     0     0     0     0     0     0
     0     0     0     0     0     0     0     0     0     0     0     0
     0     0     0     0     0     0     0     0     0     0     0     0
     1     0     0     1     0     0     0     0     0     0     0     0
     0     0     0     0     0     0     0     0     0     0     0     0
     0     0     0     0     0     0     0     0     0     2     0     0
     1     0     0     0     0     0     0     0     0     0     0     0
     0     0     0     0     0     0     0     0     0     0     0     0
     0     0     0     0     0     0     0     0     0     0     0     0
     0     0     0     0     0     0     0     0     0     0     0     0
     0     0     0     0     0     0     0     0     0     0     0     0
     0     0     0     0     0     0     0     0     0     0     0     0
     0     0     0     0     0     0     0     0     0     0     0     0
     0     0     0     0     0     0     0     0     0     0     0     0
     0     0     0     0     0     0     0     0     0     0     0     0
     0     0     0     0     0     0     0     0     0     0     0     0
     0     0     0     0     0     0     0     0     0     0     0     0
     0     0     0     0     0     0     0     0     0     0     0     0
     0     0     0     0     0     0     0     0     0     0     0     0
    15
     0     0     0     0     0     0     0     0     0     0     0     0
     0     0     0     0     0     0     0     0     0     0     0     0
     0     0     0     0     0     0     0     0     0     0     0     0
     0     0     0     0     0     0     0     0     0     0     0     0
     0     0     0     0     0     0     0     0     0     0     0     0
     0     0     0     0     0     0     0     0     0     0     0     0
     0     0     0     0     0     0     0     0     0     0     0     0
     0     0     0     0     0     0     0     0     0     0     0     0
     0     0     0     0     0     0     0     0     0     0     0     0
     0     0     0     0     0     0     0     0     0     0     0     0
     0     0     0     0     0     0     0     0     0     0     0     0
     0     0     0     0     0     0     0     0     0     0     0     0
     0     0     0     0     0     0     0     0     0     0     0     0
     0     0     0     0     0     0     0     0     0     0     0     0
     0     0     0     0     0     0     0     0     0     0     0     0
     0     0     0     0     0     0     0     0     0     0     0     0
     0     0     0     0     0     0     0     0     0     0     0     0
     0     0     0     0     0     0     0     0     0     0     0     0
     0     0     0     0     0     0     0     0     0     0     0     0
     0     0     0     0     0     0     0     0     0     0     0     0
     0     0     0     0     0     0     0     0     0     0     0     0
     0     0     0     2     0     0     0     0     0     0     0     0
     0     0     0     0     0     0     0     0     0     0     0     0
     0     0     0     0     0     0     0     0     0     0     0     0
     0     0     0     0     0     0     0     0     0     0     0     0
     0     0     0     0     0     0     0     0     0     0     0     0
     0     0     0     0     0     0     0     0     0     0     0     0
     0     0     0     0     0     0     0     0     0     0     0     0
     0     0     0     0     0     0     0     0     0     0     0     0
     0     0     0     0     0     0     0     0     0     0     0     0
     0     0     0     0     0     0     0     0     0     0     0     0
     0     0     0     0     0     0     0     0     0     0     0     0
     0     0     0     0     0     0     0     0     0     0     0     0
     0     0     0     0     0     0     0     0     0     0     0     0
     0     0     0     0     0     0     0     0     0     0     0     0
     0     0     0     0     0     0     0     0     0     0     0     0
    16
     0     0     0     0     0     0     0     0     0     0     0     0
     0     0     0     0     0     0     0     0     0     0     0     0
     0     0     0     0     0     0     0     0     0     0     0     0
     0     0     0     0     0     0     0     0     0     0     0     0
     0     0     0     0     0     0     0     0     0     0     0     0
     0     0     0     0     0     0     0     0     0     0     0     0
     0     0     0     0     0     0     0     0     0     0     0     0
     0     0     0     0     0     0     0     0     0     0     0     0
     0     0     0     0     0     0     0     0     0     0     0     0
     0     0     0     0     0     0     0     0     0     0     0     0
     0     0     0     0     0     0     0     0     0     0     0     0
     0     0     0     0     0     0     0     0     0     0     0     0
     0     0     0     0     0     0     0     0     0     0     0     0
     0     0     0     0     0     0     0     0     0     0     0     0
     0     0     0     0     0     0     0     0     0     0     0     0
     0     0     0     0     0     0     0     0     0     0     0     0
     0     0     0     0     0     0     0     0     0     0     0     0
     0     0     0     0     0     0     0     0     0     0     0     0
     0     0     0     0     0     0     0     0     0     0     0     0
     0     0     0     0     0     0     0     0     0     0     0     0
     0     0     0     1     0     0     0     0     0     0     0     0
     1     0     0     0     0     0     0     0     0     0     0     0
     0     1     0     0     0     0     0     0     0     0     0     0
     0     0     0     0     1     0     0     0     0     0     0     0
     0     0     0     0     0     0     0     0     0     0     0     0
     0     0     0     0     0     0     0     0     0     0     0     0
     0     0     0     1     0     1     0     0     0     0     0     0
     0     0     0     0     0     0     0     0     0     0     0     0
     0     0     0     0     0     0     0     0     0     0     0     0
     0     0     0     0     0     0     0     0     0     0     0     0
     0     0     0     0     0     0     0     0     0     0     0     0
     0     0     0     0     0     0     0     0     0     0     0     0
     0     0     0     0     0     0     0     0     0     0     0     0
     0     0     0     0     0     0     0     0     0     0     0     0
     0     0     0     0     0     0     0     0     0     0     0     0
     0     0     0     0     0     0     0     0     0     0     0     0
    17
     0     0     0     0     0     0     0     0     0     0     0     0
     0     0     0     0     0     0     0     0     0     0     0     0
     0     0     0     0     0     0     0     0     0     0     0     0
     0     0     0     0     0     0     0     0     0     0     0     0
     0     0     0     0     0     0     0     0     0     0     0     0
     0     0     0     0     0     0     0     0     0     0     0     0
     0     0     0     0     0     0     0     0     0     0     0     0
     0     0     0     0     0     0     0     0     0     0     0     0
     0     0     0     0     0     0     0     0     0     0     0     0
     0     0     0     0     0     0     0     0     0     0     0     0
     0     0     0     0     0     0     0     0     0     0     0     0
     0     0     0     0     0     0     0     0     0     0     0     0
     0     0     0     0     0     0     0     0     0     0     0     0
     0     0     0     0     0     0     0     0     0     0     0     0
     0     0     0     0     0     0     0     0     0     0     0     0
     0     0     0     0     0     0     0     0     0     0     0     0
     0     0     0     0     0     0     0     0     0     0     0     0
     0     0     0     0     0     0     0     0     0     0     0     0
     0     0     0     0     0     0     0     0     0     0     0     0
     0     0     0     0     0     0     0     0     0     0     0     0
     0     0     0     0     0     0     0     0     0     0     0     0
     0     0     0     0     0     0     0     0     0     0     0     0
     0     0     0     0     0     0     0     0     0     0     0     0
     0     0     0     0     0     0     0     0     0     0     0     0
     0     0     0     0     0     0     0     0     0     0     0     0
     0     0     0     0     0     0     0     0     0     0     0     0
     0     0     0     0     0     0     0     0     0     0     0     0
     0     0     0     0     0     0     0     0     0     0     0     0
     0     0     0     0     0     0     0     0     0     0     0     0
     0     0     0     0     0     0     0     0     0     0     0     0
     0     0     0     0     0     0     0     0     0     0     0     0
     0     0     0     0     0     0     0     0     0     0     0     0
     0     0     0     0     0     0     0     0     0     0     0     0
     0     0     0     0     0     0     0     0     0     0     0     0
     0     0     0     0     0     0     0     0     0     0     0     0
     0     0     0     0     0     0     0     0     0     0     0     0
    18
     0     0     0     0     0     0     0     0     0     0     0     0
     0     0     0     0     0     0     0     0     0     0     0     0
     0     0     0     0     0     0     0     0     0     0     0     0
     0     0     0     0     0     0     0     0     0     0     0     0
     0     0     0     0     0     0     0     0     0     0     0     0
     0     0     0     0     0     0     0     0     0     0     0     0
     0     0     0     0     0     0     0     0     0     0     0     0
     0     0     0     0     0     0     0     0     0     0     0     0
     0     0     0     0     0     0     0     0     0     0     0     0
     0     0     0     0     0     0     0     0     0     0     0     0
     0     0     0     0     0     0     0     0     0     0     0     0
     0     0     0     0     0     0     0     0     0     0     0     0
     0     0     0     0     0     0     0     0     0     0     0     0
     0     0     0     0     0     0     0     0     0     0     0     0
     0     0     0     0     0     0     0     0     0     0     0     0
     0     0     0     0     0     0     0     0     0     0     0     0
     0     0     0     0     0     0     0     0     0     0     0     0
     0     0     0     0     0     0     0     0     0     0     0     0
     0     0     0     0     0     0     0     0     0     0     0     0
     0     0     0     0     0     0     0     0     0     0     0     0
     0     0     0     0     0     1     0     0     0     0     0     0
     0     0     0     0     0     0     0     0     0     0     0     0
     0     0     0     0     0     0     0     0     0     0     0     0
     0     0     0     0     0     0     0     0     0     0     0     0
     0     0     0     0     0     0     0     0     0     0     0     0
     0     0     0     0     0     0     0     0     0     0     0     0
     0     0     0     0     0     0     0     0     0     0     0     0
     0     0     0     0     0     0     0     0     0     0     0     0
     0     0     0     0     0     0     0     0     0     0     0     0
     0     0     0     0     0     0     0     0     0     0     0     0
     0     0     0     0     0     0     0     0     0     0     0     0
     0     0     0     0     0     0     0     0     0     0     0     0
     0     0     0     0     0     0     0     0     0     0     0     0
     0     0     0     0     0     0     0     0     0     0     0     0
     0     0     0     0     0     0     0     0     0     0     0     0
     0     0     0     0     0     0     0     0     0     0     0     0
