15
Fargo, ND 14914
     0
     -18.900     -15.000      -6.100       2.700      11.100      16.700
      20.600      18.200      12.100       5.000      -5.000     -15.700
     -12.200      -8.400       -.700       7.800      16.100      20.600
      24.300      22.700      16.100       9.300       -.700      -9.400
      -5.600      -2.300       2.700      13.300      21.100      24.300
      27.700      26.700      21.100      14.300       4.400      -4.000
      63.000      65.000      63.000      42.000      35.000      45.000
      46.000      44.000      45.000      46.000      60.000      64.000
      72.000      74.000      74.000      60.000      53.000      60.000
      60.000      59.000      62.000      61.000      73.000      74.000
      82.000      82.000      83.000      77.000      74.000      77.000
      75.000      76.000      80.000      77.000      83.000      84.000
       3.100       2.700       3.100       3.100       3.100       2.700
       2.400       2.700       2.700       3.100       3.100       2.700
       4.400       4.400       4.400       4.800       4.400       4.000
       3.500       4.000       4.000       4.400       4.400       4.000
       5.900       5.900       6.300       6.300       5.900       5.500
       4.800       5.200       5.500       5.900       5.900       5.900
     330.000     340.000     350.000     350.000     150.000     170.000
     160.000     160.000     170.000     330.000     330.000     330.000
     1
     -12.508      -9.061      -1.420       8.243      16.054      20.647
      23.941      22.596      16.627       9.968       -.522      -9.859
      72.097      73.134      72.019      59.222      54.568      61.043
      60.666      60.063      61.999      61.460      70.699      73.563
     2
     7    12    18    14    17    20    41    26    22    14    14     7
    12    15    22    19    35    40    65    36    26    16    25    13
    15    12    17    13    14    31    38    22    10    16     3     6
     7    17    15    16    22    31    45    39    14    13     8     4
    15    15    25    20    27    62    60    40    24    21    15    11
    10    12    14    17    28    33    46    44    24    15    13     8
    10    11    11    14    41    27    36    40    16    10     9    15
    10    12     9    10    17    13    24    33    11     6     1     6
     3    13    15    17    28    28    39    39    19    16     9     8
     6     7    13     9    20    14    20    18    13     7     5     5
     8     5    16    17    22    29    39    34    20    21     9    12
    10    15    20    14    30    22    33    31    21    15     6     6
     4     5     3    18    17    24    13    25    14    10     6     6
    12    14    12    28    27    34    36    42    28    24    17     6
     8     3    11     6    16    16    26    17    14     8     4     9
    11    11    15    17    29    40    54    36    31    32    16    15
    14    12    14    10    23    31    32    44    26    19    11    11
    12    13    18    27    32    49    60    53    39    37    19    24
    14    13     9    12    13    24    33    13    14    10    13     8
     9    14    10    11    15    31    29    26    18    18    20    19
    14    16    11    15    17    20    14    16    19     5    10    11
    14    22     8    19    22    28    24    18    21    18    18    10
    16    13    13    18    19    25    36    30    15    28    24    23
    13    23    13    15    16    13    22    23    19    16     9    12
    21    12    13    19    17    27    33    22    25    22    14    20
    20    13    16     5    14    19    19    14    15    12    13    11
    16    16    13    10    18    29    34    23    22    19    17    17
    16    13    13     7    16    16    24    18    12    21    11    15
    26    17    15    15    13    26    27    28    19    18    26    20
    15    26    16    12    16    17    29    18    14    15     7    15
    23    29    12    16    23    22    29    20    26     8    17    21
    20    23    19    18    18    28    53    33    21    22    26    21
    12    20    26    10    18    19    27    20    19    14     6    12
    21    30    16    20    25    31    37    27    21    17    20    17
    11    26    15    15    22    23    32    30    28     7    11     7
    15    33    29    23    36    29    62    39    23    23    19    25
     3
    32    51    60    43    51    76    83    62    45    32    25    39
    32    57    61    66    79    95   131   112    72    54    38    33
    18    26    45    53    55    72    85    52    40    33    26    23
    17    31    35    53    71    79    84    66    48    30    36    19
    29    50    70    63    98   117   145   115    65    43    33    29
    23    23    43    52    81    67   134    77    58    34    34    18
    19    25    37    34    75    69    93    65    47    27    15    21
     4    12    26    23    65    45    69    44    16    22    19     5
    24    18    49    54    65    79    86    76    45    20    11    16
    10     8    25    28    51    56    52    44    23    17    11    17
    19    21    49    47   100    95    82    75    53    28     6    12
    34    23    60    50    84    93    95    80    43    34    19    26
    23    31    55    58    79    76    88    80    45    43    21    18
    29    25    66    60   106   123   120   107    52    62    41    47
    18    20    26    23    59    58    84    67    50    35    22    17
    51    36    46    72    94   103   133   121    83    74    68    59
    42    57    63    60    85    91   126   133    75    73    59    79
    74    77    93    88    92   129   160   129   120   112    85    97
    33    51    35    35    38    62    70    43    48    43    50    48
    58    54    44    34    56    88    96    75    54    43    57    53
    28    36    29    25    35    60    42    37    21    24    36    28
    34    49    35    27    24    60    57    45    46    43    33    46
    42    34    29    28    47    68    70    70    50    55    49    35
    32    25    27    23    37    71    53    50    34    31    34    36
    43    47    37    22    21    45    67    59    31    43    35    34
    34    28    31    22    21    65    31    34    32    34    23    32
    41    30    30    31    31    64    92    45    45    40    43    40
    37    28    23    20    29    47    53    37    25    36    24    31
    51    48    33    38    40    66    95    67    64    50    55    38
    39    38    41    33    34    71    75    53    50    40    36    34
    35    46    51    50    42    74    64    55    44    63    46    45
    46    63    53    60    52   111   145    69    73    80    73    57
    37    59    68    37    48    78    97    46    62    46    37    38
    51    76    78    73    76   105   106    79    50    59    48    56
    41    40    51    54    54    54    74    57    53    37    41    45
    50    74    69    78    82   104   143   108    78    56    62    52
     4
    36    36    61    51    40    35    64    59    44    27    17    21
    23    56    53    67    79    75    91    64    48    36    28    27
     7    18    35    38    46    47    44    38    39    19    11    12
    12    18    29    46    48    50    42    45    35    26    25     8
    14    18    34    56    65    53    56    51    48    31    29    13
     6    12    24    43    42    45    57    37    28    15    17    11
     5     8    34    32    45    21    44    32    42    16     9     9
     2     7    18    23    43    30    35    22    28     8     8     9
    12     8    24    24    58    45    47    39    28     6     6     8
     8     4    10    10    31    33    31    30    25     6     5     8
    13    10    26    24    58    46    58    46    36    10     8     7
    13    17    50    38    68    54    60    65    36    22    14    15
    17    21    48    52    60    60    79    59    54    26    24    17
    21    29    45    66    89    83   106   109    54    41    36    27
    24    35    44    31    56    72    62    66    40    38    43    33
    65    65    57    64    76   104   124   144    76    75    60    46
    57    65    65    52    61    87   110   105    74    87    55    54
    85    75    76    54    75    99   124   104    81    89    81    94
    28    36    44    29    27    39    42    43    34    39    38    38
    43    52    30    22    45    50    55    43    54    39    34    32
    25    27    13    19    26    37    36    18    28    25    31    20
    25    18    15    14    27    40    36    38    39    21    18    21
    33    29    13    19    23    39    47    38    40    33    33    26
    26    21    16    11    18    37    34    31    36    28    22    22
    35    25    18    10    17    50    21    44    30    28    26    31
    22    16    19    15    16    26    22    17    22    26    21    22
    32    17    17    20    20    39    39    34    37    31    30    34
    24    11    20    15    21    40    29    23    34    31    29    29
    34    37    27    29    29    55    65    51    50    38    37    41
    40    16    23    34    36    52    58    53    44    42    38    45
    36    37    32    35    31    48    63    43    70    43    33    43
    47    45    39    44    38    77    81    79    71    62    44    53
    34    45    48    41    30    64    58    49    58    26    37    46
    54    68    69    56    65    99    89    69    56    50    56    58
    41    43    48    36    40    52    76    47    36    35    37    21
    34    56    72    51    81    89    94    74    69    46    43    44
     5
    28    52    93    89    64    76    68    67    52    44    60    28
    34    81    86   128   116    91    69    76    89    47    59    36
    14    24    40    90    61    58    39    45    32    20    33    17
     6    18    28    78    61    52    41    39    32    23    21     6
    10    18    48    79    80    60    43    32    42    21    21     8
     7     5    23    59    74    42    27    32    28    22    13     4
     5    11    14    37    57    24    29    27    27    15     4    10
     2     3    20    26    37    31    21    29    16     9     3     7
     6    11    33    35    52    47    51    34    26     9    11     8
     8     6    22    37    48    23    24    30    11     4     4     3
    14    13    40    43    87    40    56    46    28     5    13     6
     8    15    34    59    79    62    70    57    39    13    23    14
    20    24    64    93    91    87    80    99    64    26    28    22
    47    49    94   109   129   171   185   159    96    75    64    28
    51    46    70    68   109   139   145   174   105    74    72    43
   131   114   127   112   166   205   230   258   198   194   130   115
   108   123   108    99   116   142   201   159   129   113    72    93
   128   128   140   100   110   162   175   181   145   159   126   130
    48    54    45    41    40    65    78    55    66    45    53    60
    64    48    38    42    58    65    67    56    63    72    62    49
    27    25    18    23    34    33    34    28    39    40    28    16
    38    30    20    27    31    50    37    24    40    52    28    13
    41    27    23    29    41    57    44    53    54    44    31    26
    20    28    18    22    28    47    23    29    25    40    28    22
    44    20    10    22    26    54    30    37    32    33    15    24
    28    26    16    16    18    50    35    26    31    28    16    22
    50    25    34    27    42    42    46    46    44    43    46    35
    36    25    22    20    36    48    28    41    38    34    38    49
    53    41    30    45    43    71    83    69    83    67    72    57
    68    38    48    44    42    91    78    63    55    62    53    54
    60    59    58    45    48    83    77    71    96    82    89    63
    75    83    80    88    92   115   130   117   115   103    71    86
    38    72    73    64    72    89    78    80    74    69    71    63
   106   107    97   115   115    96   133   108   113    96    95    93
    66    88    95    91    81    85   102    86    78    73    74    64
    75   108   123   145   152   122   148   133   116    76    75    74
     6
    23    43    57    73    77    53    45    29    44    36    45    13
    36    44    40   123   103    43    30    38    42    29    30    22
     6     8    25    57    45    26    12    10    10    13    10     6
     2     5    23    47    29    18     5     4     9     6     7     7
     4     2    25    57    40    31    13     8    10     4     6     5
     3     1     8    28    14    17     2    14     7     6     6     4
     2     2     7    29    27    12     9     6     7     6     3     4
     0     0     7    10    13    12     2     2     2     3     1     7
     0     1     8    23    31    21     6     9     4     2     6     2
     1     1     9    12    19    11     9    13     6     2     4     1
     2    11    15    30    41    23    18    10     3     6     2     3
     4     5    20    34    37    25    21    26    17     4    13     6
    10    10    33    69    56    48    53    61    25    14    14    15
    21    37    81   109   111   119   112   129    74    47    63    37
    48    45    71    87   104   130   146   160    98    96    88    47
    84   114   164   152   159   196   236   199   158   151   130    76
   101    98    90    78   116   142   134   102    85   114    63    74
    98    83   105    69   118   123   116   109   124    98    79   105
    34    33    32    33    34    40    49    52    44    41    40    28
    28    35    24    34    34    51    45    39    46    35    38    30
     9    10     9    12    27    21    15    20    23    22    19     6
     9    15    13    18    30    17    18    15    20    25    11     6
    16    10    12    19    30    30    17    20    32    27     8    13
     7     3    12    14    29    21    10    22    10    23     8     3
    12     9    13    23    26    34    14    10    20    29    13    11
    12    15     7    11    18    25    15     8    12    16    11    11
    27    12    24    32    27    44    31    32    24    22    15    14
    19    26    19    14    20    50    17    31    34    21    17    15
    49    32    34    36    41    59    33    53    47    52    33    41
    43    28    50    44    57    73    42    70    60    58    38    44
    53    25    44    51    52    80    61    66    70    80    67    42
    65    60    74    71    58    84   116    86    81    81    94    77
    63    60    74    60    55    83    77    60    58    83    63    68
   113    89   120   124   101   105    78    88    89   101    82    90
    74    99    88    94   109    77    70    76    65    53    55    52
    48    91   125   152   133    97    73    58    94    75    74    62
     7
    17    25    34    44    29    21     8    13    21    12    16    12
    18    24    21    45    37    16    10     8     9    12     9     5
     1     1     6    25    19    17     1     0     2     3     2     4
     3     1     7    14    17     3     1     1     1     3     0     1
     1     0     7    14     9     7     1     4     2     2     1     0
     0     0     8    14     5     1     1     0     1     1     1     0
     0     0     5    10     9     6     0     2     2     2     2     0
     0     0     2     6     2     5     2     1     5     2     0     0
     0     0     3     5     4     4     0     2     2     2     0     0
     0     1     3     6     6     5     0     0     4     1     1     1
     1     4     8     8    19     4     4     0     4     3     0     1
     0     0     3    16     7    13    10     3     4     1     0     1
     1     3    21    28    13    17    10     8     7     6     2     4
     9    20    37    53    47    43    33    36    29    23    20    14
    26    24    41    58    53    50    44    46    36    44    31    19
    39    63    80    90    77    82    71    59    83    64    51    59
    39    37    31    33    52    55    50    43    42    46    17    33
    34    38    41    50    44    46    50    40    49    49    34    31
     9    13    12    14    23    21    19    23    16    18     5    19
    12    11    12    12    22    14    15    19    18    18    12     7
     1     5     7    10    15     7     6     1    10     8     4     1
     1     2     5     9    13    17     8    10    10     5     0     1
     6     1     6     3    16     9     2     8     7    13     1     1
     2     3     2     2    10     3     5     4     8     9     1     3
     5     4     7     9    11    11     9     8     5     9     4     1
     4     7     9     5     6    13     7     6    11     4     1     2
     2    11     8    11    15    15    16    14    13    14     9     6
     7    11     6     8    13    22     9     7    10     7     5     8
    25    12    12    10    33    30    19    20    20    24    12    22
    31    17    21    26    14    44    22    31    23    31    27    25
    37     6    22    25    23    30    29    38    25    36    24    21
    33    29    38    29    45    53    30    36    45    64    50    45
    31    35    40    47    40    29    34    22    32    38    37    26
    60    51    74    85    63    35    44    35    29    55    57    46
    73    48    63    65    72    29    18    16    31    31    38    31
    33    54    86    80    62    30    17    19    31    43    40    34
     8
    12    21    35    48    42    13     6     4    19     9    23     8
    12    11    33    49    38    10     6     4    10    13    10     3
     2     1     4    12     7     2     0     2     0     1     3     1
     0     0     6    11     5     4     0     0     2     0     1     0
     1     0     9    16    17     3     2     2     1     0     0     0
     0     0     9     7     4     3     0     1     0     0     0     0
     0     0     4     4    13     5     1     2     3     1     0     0
     0     0     2     4     2     2     1     2     2     1     0     0
     0     0     7    10     3     3     2     7     3     2     0     0
     0     0     3     4     3     3     0     1     2     0     0     0
     0     1     3    11     9     9     1     0     2     0     0     0
     0     1     7    25     8     3     1     3     1     0     2     0
     3     2    16    28    18     9     2     1     5     6     2     2
    26    25    51    44    45    29    22    25    19    47    15    14
    31    39    69    69    59    48    37    61    29    60    43    31
    49    67    99    93    91    87    66    68    80    82    62    49
    43    24    35    46    80    51    47    37    55    39    19    25
    20    44    32    28    74    39    26    36    49    62    25    23
     2    13    12    18    33    29    16    12    21    13     3    10
     4     5    12    16    21    13    12    21    16    20     8     1
     1     5     3     7    10     9     4     8     3    12     1     0
     2     1     2    11    10     2     3    10     8    10     3     1
     3     0     2     7    12     5     2     7     6    11     1     0
     1     0     2     7    15     7     1     3     6     6     1     2
     1     0     3     8    15     8     3     0     8    13     4     1
     2     3     1     5     9    10     9     3     6     6     2     1
    13     4     5    20    19    18    14    13    15    17     9     8
    12     8    13    15    17    22     7    10    17     9    11     6
    27    15    26    26    32    19    14    21    38    28    20    20
    25    19    23    29    17    40    16    24    33    53    33    25
    20    20    26    30    34    50    13    35    19    58    43    29
    36    28    56    52    46    30    19    31    32    65    43    42
    40    31    33    54    43    24    21    13    33    71    43    27
    70    73   106   108    79    20    24    24    41    61    63    53
    68    74    78    97    56    18     9    19    27    47    35    48
    60    59   107   101    78    31    16    20    40    56    45    56
     9
     7     5    10     7    15     7     3     0     2     1     7     5
     1     1    11    13     7     3     0     0     1     0     2     0
     0     0     2     2     2     1     0     0     0     1     1     0
     0     0     1     2     2     0     0     0     0     0     0     0
     0     0     2     2     7     0     0     0     0     0     0     0
     0     0     6     1     1     0     0     0     0     0     0     0
     0     0     1     1     2     0     0     0     0     0     1     0
     0     0     0     0     0     0     0     0     0     0     0     0
     0     0     0     1     0     1     0     0     0     0     0     0
     0     0     2     0     1     0     0     0     0     0     0     0
     0     0     0     3     1     0     0     0     0     0     0     0
     0     0     2     2     0     0     0     0     0     0     0     1
     0     0     0     4     5     3     2     0     1     2     2     2
     7     8     9     5    15     7     1     1     9    11     3     2
    16    10    20    26    18    10    10    11    11    17     6     8
    12    25    31    18    25    13     8    15    17    17    18    21
     8     5     5     8    15     9     8    18    14     9     6     8
     1     8     7     7    18    10     8     2     8     5     1     3
     2     4     4     3     8     4     3     3     1     1     0     0
     2     3     2     3     3     6     2     6     2     3     0     0
     0     0     1     6     1     2     1     2     1     2     0     0
     0     0     0     3     4     1     1     0     0     0     0     0
     0     0     0     0     1     0     0     1     0     0     0     0
     0     0     0     0     5     1     0     1     2     1     1     0
     1     1     0     2     2     0     0     0     0     1     1     1
     0     0     0     3     2     7     1     1     2     1     1     0
     1     0     4     7     5     5     0     1     2     3     2     3
     2     1     2     7     3     3     5     8     3     4     4     1
     3     8     6     9     7     7     0     4    10    11     5     8
     6     7     6     3     4     5     1     5     6     8     5     7
     8     7    12     4     8    10     1     8     5    16    14     5
    15    20    21    19    14    12     5     5     8    27    12     6
    19    17    15    17    11     4     2     3     7    19     9     9
    27    22    36    22    22     7     1     3     9    20    17    23
    37    22    28    32    12     6     1     0     5     6     7    13
    31    18    37    34    27     7     2     6     7    12     6    11
    10
     1     6    12     7     3     1     0     0     0     2     3     4
     0     0    11     7     6     0     0     0     1     0     0     1
     0     0     1     2     0     0     0     0     0     0     0     0
     0     0     1     0     1     0     0     0     1     0     0     0
     0     0     1     0     0     0     0     0     1     0     0     0
     0     0     2     1     0     0     0     0     0     0     0     0
     0     0     0     0     1     0     0     0     1     0     0     0
     0     0     0     0     0     1     0     0     0     0     0     0
     0     0     0     2     0     0     1     0     1     0     0     0
     0     0     0     2     0     0     0     0     0     0     0     0
     0     0     0     2     1     0     0     0     0     0     0     0
     0     0     0     1     0     1     0     0     0     0     0     0
     0     0     2     3     0     1     1     0     0     2     0     0
     2     3     9     7    10     4     1     1     2    12     1     2
    10     8    18    12    16     7     4     2     2    12     5     7
     5    13    30    17    13    13     4     7     7    13     6    11
     0     2     3     6    13     3     5     6     2     3     4     0
     1     3     3     4    13     1     1     1     9     1     7     3
     0     2     3     5     5     2     2     4     1     2     0     0
     0     1     0     3     4     3     1     2     0     2     0     0
     0     1     0     2     0     2     0     0     0     0     0     0
     0     0     0     0     1     0     0     0     1     0     0     0
     1     0     0     1     3     1     0     1     1     1     0     0
     0     0     0     0     3     0     0     0     1     0     0     0
     0     0     0     3     1     1     1     0     0     2     0     0
     1     0     1     1     4     3     0     1     1     0     0     0
     0     1     2     6     7     4     2     3     0     1     1     0
     0     5     2     6     4     4     0     7     2     4     0     2
     3     7     4     5     2     3     0     3     4     3     8     2
     4     4     3     1     5     9     1     3     8     8    10     4
     3     9     5     4    13     6     5     3     4     8     9     2
    13    17    19    10     8     9     3     5     6    19    17    15
     8     9     8    21    11     4     0     1    10    11     6    10
    22    21    29    22    13     3     2     4     3     9     9    20
    22    14    25    17    13     1     0     0     3     5     8    21
    19    12    16    16    10    12     0     3     2     7     7     9
    11
     0     6    12     8     2     1     0     1     0     3     0     0
     0     0     5     3     3     2     0     0     3     0     0     0
     0     0     0     1     0     0     1     0     0     0     0     1
     0     0     0     0     0     0     0     0     0     0     0     0
     0     0     0     1     1     0     0     0     0     0     0     0
     0     0     1     0     0     0     0     0     1     0     0     0
     0     0     0     0     1     0     0     0     0     0     0     0
     0     0     0     0     0     1     1     0     0     0     0     0
     0     0     0     0     0     0     0     0     0     0     0     0
     0     0     0     0     0     0     0     0     0     0     0     0
     0     0     0     3     1     1     0     0     0     0     0     0
     0     0     0     0     0     0     0     0     0     0     0     0
     0     0     0     0     0     0     0     0     1     0     0     0
     3     1     8    11     7     4     0     0     0     8     1     0
     9     5    15    13    11     2     3     1     2    17     5     4
     0     9    12    25    12     3     3     1     4     9     6     9
     2     2     1    11     5     0     2     2     0     0     2     4
     0     5     2    11    11     0     0     1     5     3     0     3
     0     0     0     2     3     0     1     0     3     1     0     0
     0     1     0     2     0     1     0     2     0     1     0     0
     0     0     0     1     0     0     0     1     0     1     0     0
     0     0     0     1     0     3     0     0     1     2     0     0
     0     0     0     0     1     0     0     0     1     0     0     0
     0     0     0     0     2     0     0     0     0     0     0     0
     0     0     0     2     0     0     0     0     1     0     0     0
     0     0     0     0     0     1     0     2     3     0     0     0
     0     0     2     7     2     0     0     2     2     3     1     2
     1     0     5     4     0     1     0     1     0     1     1     0
     4     7     4     5     2     0     0     3     3     3     5     0
     4     5     2     1     5     5     0     0     7     4     4     1
     3     4     8     1     9     4     0     2     8     8    18     5
     6    16    12     7     9     7     1     2     2    17     8     8
     9    22    10    10     5     2     1     0     4    11     7    12
    24    19    26    27     9     0     0     0     6     8     3    18
    21    12    24    16     8     2     1     0     2     5    14     9
    15    13    17    33    10     2     0     0     2     5     9    12
    12
     1     1     3     1     2     0     0     0     0     0     0     0
     1     0     0     1     0     0     0     0     0     0     0     0
     0     0     0     0     0     0     0     0     0     0     0     0
     0     0     0     0     0     0     0     0     0     0     0     0
     0     0     0     0     0     1     0     0     0     0     0     0
     0     0     0     0     0     0     0     0     0     0     0     0
     0     0     0     0     0     0     0     0     0     0     0     0
     0     0     0     0     0     0     0     0     0     0     0     0
     0     0     0     0     0     0     0     0     0     0     0     0
     0     0     0     0     0     0     0     0     0     0     0     0
     0     0     0     0     0     0     0     0     0     0     0     0
     0     0     0     0     0     0     0     0     0     0     0     0
     0     0     0     0     0     0     0     0     0     0     0     0
     0     1     1     1     8     0     0     0     0     2     0     1
     2     0     5     1     6     1     0     0     0     5     0     0
     1     0     4     5     2     0     2     1     1     1     1     1
     2     0     1     3     3     0     0     1     0     0     0     1
     0     0     5     4     2     0     0     0     2     0     1     1
     0     0     0     3     0     1     0     0     2     0     0     0
     0     0     0     2     2     0     0     0     0     0     0     0
     0     0     0     0     2     0     0     0     0     0     0     0
     1     0     0     0     0     1     0     0     0     0     0     0
     0     0     0     0     0     0     0     0     0     0     0     0
     0     0     0     1     0     0     0     0     0     0     0     0
     0     0     0     1     0     0     0     0     0     0     0     0
     0     0     0     0     0     0     0     0     0     0     0     0
     0     0     1     2     0     0     0     0     0     1     0     0
     2     0     0     0     1     1     0     0     0     1     0     0
     0     2     2     3     0     0     0     0     0     2     3     0
     8     0     0     1     2     1     0     1     1     1     7     0
     1     1     2     2     3     1     1     0     2     1     1     0
     5     6     1     4     4     0     0     0     0     7     3     2
     8     4     4     5     4     0     0     0     4     2     3     3
    15     7    17    20     2     0     0     0     3     3     3     9
     5     3     9    22     1     0     0     0     0     0     3     5
     9     1    14    13     0     3     0     0     0     3     0     3
    13
     1     1     0     0     0     0     0     0     0     0     0     0
     0     0     0     0     0     0     0     0     0     0     0     0
     0     0     0     0     0     0     0     0     0     0     0     0
     0     0     0     0     0     0     0     0     0     0     0     0
     0     0     0     0     0     0     0     0     0     0     0     0
     0     0     0     0     0     0     0     0     0     0     0     0
     0     0     0     0     0     1     0     0     0     0     0     0
     0     0     0     0     0     0     0     0     0     0     0     0
     0     0     0     0     0     0     0     0     0     0     0     0
     0     0     0     0     0     0     0     0     0     0     0     0
     0     0     0     0     0     0     0     0     0     0     0     0
     0     0     0     0     0     0     0     0     0     0     0     0
     0     0     0     0     0     0     0     0     0     0     0     0
     0     0     0     0     1     1     0     0     0     0     0     0
     0     0     1     0     1     0     0     0     0     0     0     0
     0     0     0     0     1     0     0     0     0     1     0     0
     0     0     0     0     0     0     0     0     0     0     0     0
     0     0     0     1     0     0     0     0     0     0     0     0
     0     0     0     0     0     0     0     0     0     0     0     0
     0     0     0     0     0     0     0     0     0     0     0     0
     0     0     0     0     0     0     0     0     0     0     0     0
     0     0     0     0     0     0     0     0     0     0     0     0
     0     0     0     0     0     0     0     0     0     0     0     0
     0     0     0     0     0     0     0     0     0     0     0     0
     0     0     0     0     0     0     0     0     0     0     0     0
     0     0     0     0     0     0     0     0     0     0     0     0
     0     0     0     0     0     0     0     0     0     0     0     0
     0     0     0     0     0     0     0     0     0     0     0     0
     2     0     2     0     0     0     0     0     0     0     0     0
     0     0     0     2     0     0     0     0     0     0     0     0
     0     0     0     0     0     0     0     0     0     0     0     0
     4     0     0     2     1     0     0     0     1     1     1     1
     1     1     2     3     1     0     0     0     0     2     1     2
     2     0     3     2     0     0     0     0     0     0     0     2
     0     2     3     2     0     0     0     0     0     0     0     1
     4     0     1     9     0     0     0     0     0     1     1     0
    14
     0     0     0     0     0     0     0     0     0     0     0     0
     0     0     0     2     0     0     0     0     0     0     0     0
     0     0     0     0     0     0     0     0     0     0     0     0
     0     0     0     0     0     0     0     0     0     0     0     0
     0     0     0     0     0     0     0     0     0     0     0     0
     0     0     0     0     0     0     0     0     0     0     0     0
     0     0     0     0     0     0     0     0     0     0     0     0
     0     0     0     0     0     0     0     0     0     0     0     0
     0     0     0     0     0     0     0     0     0     0     0     0
     0     0     0     0     0     0     0     0     0     0     0     0
     0     0     0     0     0     0     0     0     0     0     0     0
     0     0     0     0     0     0     0     0     0     0     0     0
     0     0     0     0     0     0     0     0     0     0     0     0
     0     0     0     0     0     0     0     0     0     0     0     0
     0     0     0     0     0     0     0     0     0     0     0     0
     0     0     0     0     0     0     0     0     0     0     0     0
     0     0     0     0     0     0     0     0     0     0     0     0
     0     0     1     1     0     0     0     0     0     0     0     0
     0     0     0     0     0     0     0     0     0     0     0     0
     0     0     0     0     0     0     0     0     0     0     0     0
     0     0     0     0     0     0     0     0     0     0     0     0
     0     0     0     0     0     0     0     0     0     0     0     0
     0     0     0     0     0     0     0     0     0     0     0     0
     0     0     0     0     0     0     0     0     0     0     0     0
     0     0     0     0     0     0     0     0     0     0     0     0
     0     0     0     0     0     0     0     0     0     0     0     0
     0     0     0     0     0     0     0     0     0     0     0     0
     0     0     0     0     0     0     0     0     0     0     0     0
     2     0     1     1     0     0     0     0     0     1     0     0
     4     0     0     0     0     0     0     0     0     0     0     0
     3     0     0     2     0     0     0     0     0     0     0     0
     0     0     1     3     0     0     0     0     0     0     1     0
     1     1     1     3     0     0     0     0     0     1     0     0
     4     6     4     7     0     0     0     0     0     0     1     3
     1     3     1     1     0     0     0     0     1     0     5     0
     2     0     3     8     0     0     0     0     1     0     2     0
    15
     0     0     0     0     0     0     0     0     0     0     0     0
     0     0     0     0     0     0     0     0     0     0     0     0
     0     0     0     0     0     0     0     0     0     0     0     0
     0     0     0     0     0     0     0     0     0     0     0     0
     0     0     0     0     0     0     0     0     0     0     0     0
     0     0     0     0     0     0     0     0     0     0     0     0
     0     0     0     0     0     0     0     0     0     0     0     0
     0     0     0     0     0     0     0     0     0     0     0     0
     0     0     0     0     0     0     0     0     0     0     0     0
     0     0     0     0     0     0     0     0     0     0     0     0
     0     0     0     0     0     0     0     0     0     0     0     0
     0     0     0     0     0     0     0     0     0     0     0     0
     0     0     0     0     0     0     0     0     0     0     0     0
     0     0     0     0     0     0     0     0     0     0     0     0
     0     0     0     0     0     0     0     0     0     0     0     0
     0     0     0     0     0     0     0     0     0     0     0     0
     0     0     0     0     0     0     0     0     0     0     0     0
     0     0     0     0     0     0     0     0     0     0     0     0
     0     0     0     0     0     0     0     0     0     0     0     0
     0     0     1     0     0     0     0     0     0     0     0     0
     0     0     0     0     0     0     0     0     0     0     0     0
     0     0     0     0     0     0     0     0     0     0     0     0
     0     0     0     0     0     0     0     0     0     0     0     0
     0     0     0     0     0     0     0     0     0     0     0     0
     0     0     0     0     0     0     0     0     0     0     0     0
     0     0     0     0     0     0     0     0     0     0     0     0
     0     0     0     0     0     0     0     0     0     0     0     0
     0     0     0     0     0     0     0     0     0     0     0     0
     0     0     0     0     0     0     0     0     0     0     0     0
     1     0     0     0     0     0     0     0     0     0     0     0
     0     0     0     0     1     0     0     0     0     0     0     0
     0     0     0     0     0     0     0     0     0     0     1     0
     0     0     0     0     0     0     0     0     0     0     0     0
     1     0     1     5     0     0     0     0     0     0     0     0
     1     1     0     1     0     0     0     0     0     0     1     0
     1     0     0     0     0     0     0     0     0     0     0     0
    16
     0     0     0     0     0     0     0     0     0     0     0     0
     0     0     0     0     0     0     0     0     0     0     0     0
     0     0     0     0     0     0     0     0     0     0     0     0
     0     0     0     0     0     0     0     0     0     0     0     0
     0     0     0     0     0     0     0     0     0     0     0     0
     0     0     0     0     0     0     0     0     0     0     0     0
     0     0     0     0     0     0     0     0     0     0     0     0
     0     0     0     0     0     0     0     0     0     0     0     0
     0     0     0     0     0     0     0     0     0     0     0     0
     0     0     0     0     0     0     0     0     0     0     0     0
     0     0     0     0     0     0     0     0     0     0     0     0
     0     0     0     0     0     0     0     0     0     0     0     0
     0     0     0     0     0     0     0     0     0     0     0     0
     0     0     0     0     0     0     0     0     0     0     0     0
     0     0     0     0     0     0     0     0     0     0     0     0
     0     0     0     0     0     0     0     0     0     0     0     0
     0     0     0     0     0     0     0     0     0     0     0     0
     0     0     0     0     0     0     0     0     0     0     0     0
     0     0     0     0     0     0     0     0     0     0     0     0
     0     0     0     0     0     0     0     0     0     0     0     0
     0     0     0     0     0     0     0     0     0     0     0     0
     0     0     0     0     0     0     0     0     0     0     0     0
     0     0     0     0     0     0     0     0     0     0     0     0
     0     0     0     0     0     0     0     0     0     0     0     0
     0     0     0     0     0     0     0     0     0     0     0     0
     0     0     0     0     0     0     0     0     0     0     0     0
     0     0     0     0     0     0     1     0     0     0     0     0
     0     0     0     0     0     0     0     0     0     0     0     0
     0     0     0     1     0     0     0     0     0     0     0     0
     0     0     0     0     0     0     0     0     0     0     0     0
     1     0     0     3     0     0     0     0     0     0     0     0
     1     0     0     0     0     0     0     0     0     0     0     0
     0     0     0     0     0     0     0     0     0     0     0     0
     0     2     0     2     0     0     0     0     0     0     0     0
     0     1     0     0     0     0     0     0     0     0     1     0
     0     0     0     1     0     0     0     0     0     0     0     1
    17
     0     0     0     0     0     0     0     0     0     0     0     0
     0     0     0     0     0     0     0     0     0     0     0     0
     0     0     0     0     0     0     0     0     0     0     0     0
     0     0     0     0     0     0     0     0     0     0     0     0
     0     0     0     0     0     0     0     0     0     0     0     0
     0     0     0     0     0     0     0     0     0     0     0     0
     0     0     0     0     0     0     0     0     0     0     0     0
     0     0     0     0     0     0     0     0     0     0     0     0
     0     0     0     0     0     0     0     0     0     0     0     0
     0     0     0     0     0     0     0     0     0     0     0     0
     0     0     0     0     0     0     0     0     0     0     0     0
     0     0     0     0     0     0     0     0     0     0     0     0
     0     0     0     0     0     0     0     0     0     0     0     0
     0     0     0     0     0     0     0     0     0     0     0     0
     0     0     0     0     0     0     0     0     0     0     0     0
     0     0     0     0     0     0     0     0     0     0     0     0
     1     0     0     0     0     0     0     0     0     0     0     0
     0     0     0     0     0     0     0     0     0     0     0     0
     0     0     0     0     0     0     0     0     0     0     0     0
     0     0     0     0     0     0     0     0     0     0     1     0
     0     0     0     0     0     0     0     0     0     0     0     0
     0     0     0     0     0     0     0     0     0     0     0     0
     0     0     0     0     0     0     0     0     0     0     0     0
     0     0     0     0     0     0     0     0     0     0     0     0
     0     0     0     0     0     0     0     0     0     0     0     0
     0     0     0     0     0     0     0     0     0     0     0     0
     0     0     0     0     0     0     0     0     0     0     0     0
     0     0     0     0     0     0     0     0     0     0     0     0
     0     0     0     0     0     0     0     0     0     0     0     0
     0     0     0     0     0     0     1     0     0     0     0     0
     0     0     0     0     0     0     0     0     0     0     0     0
     0     0     0     0     0     0     0     0     0     0     0     0
     0     0     0     0     0     0     0     0     0     0     0     0
     0     1     0     0     0     0     0     0     0     0     0     0
     0     0     0     0     0     0     0     0     0     0     0     0
     0     0     0     0     0     0     0     0     0     0     0     0
    18
     0     0     0     0     0     0     0     0     0     0     0     0
     0     0     0     0     0     0     0     0     0     0     0     0
     0     0     0     0     0     0     0     0     0     0     0     0
     0     0     0     0     0     0     0     0     0     0     0     0
     0     0     0     0     0     0     0     0     0     0     0     0
     0     0     0     0     0     0     0     0     0     0     0     0
     0     0     0     0     0     0     0     0     0     0     0     0
     0     0     0     0     0     0     0     0     0     0     0     0
     0     0     0     0     0     0     0     0     0     0     0     0
     0     0     0     0     0     0     0     0     0     0     0     0
     0     0     0     0     0     0     0     0     0     0     0     0
     0     0     0     0     0     0     0     0     0     0     0     0
     0     0     0     0     0     0     0     0     0     0     0     0
     0     0     0     0     0     0     0     0     0     0     0     0
     0     0     0     0     0     0     0     0     0     0     0     0
     0     0     0     0     0     1     0     0     0     0     0     0
     0     0     0     0     0     0     0     0     0     0     0     0
     0     0     0     0     0     0     0     0     0     0     0     0
     0     0     0     0     0     0     0     0     0     0     0     0
     0     0     0     0     0     0     0     0     0     0     0     0
     0     0     0     0     0     0     0     0     0     0     0     0
     0     0     0     0     0     0     0     0     0     0     0     0
     0     0     0     0     0     0     0     0     0     0     0     0
     0     0     0     0     0     0     0     0     0     0     0     0
     0     0     0     0     0     0     0     0     0     0     0     0
     0     0     0     0     0     0     0     0     0     0     0     0
     0     0     0     0     0     0     0     0     0     0     0     0
     0     0     0     0     0     0     0     0     0     0     0     0
     0     0     0     0     0     0     0     0     0     0     0     0
     0     0     0     0     0     0     0     0     0     0     0     0
     0     0     0     1     0     0     0     0     0     0     0     0
     0     0     0     0     0     0     0     0     0     0     0     0
     0     0     0     0     0     0     0     0     0     0     0     0
     0     0     0     0     0     0     0     0     0     0     0     0
     0     0     0     0     0     0     0     0     0     0     0     0
     0     0     0     0     0     0     0     0     0     0     0     0
