16
Duluth, MN 14913
     0
     -17.800     -13.400      -5.600       1.100       7.800      12.800
      17.200      15.600      10.000       3.900      -4.500     -15.000
     -11.200      -7.900      -1.800       4.400      12.100      16.700
      20.600      18.800      13.300       7.800       -.700      -8.900
      -5.600      -2.800       1.700       9.300      16.700      21.100
      24.300      22.700      17.700      11.600       2.700      -4.000
      59.000      55.000      52.000      41.000      38.000      49.000
      51.000      55.000      54.000      50.000      60.000      64.000
      71.000      68.000      66.000      57.000      57.000      64.000
      64.000      69.000      71.000      65.000      72.000      75.000
      84.000      81.000      81.000      76.000      78.000      81.000
      80.000      84.000      86.000      82.000      85.000      85.000
       2.700       2.700       3.100       3.100       3.100       2.700
       2.400       2.400       2.700       2.700       2.700       2.700
       4.000       4.000       4.400       4.400       4.000       3.500
       3.100       3.100       3.500       4.000       4.000       4.000
       5.200       5.200       5.500       5.500       5.200       4.800
       4.400       4.400       4.800       5.200       5.200       5.200
     290.000     290.000     110.000     100.000     110.000     120.000
     280.000     280.000     280.000     280.000     290.000     290.000
     1
     -11.888      -8.496      -2.357       5.373      12.304      17.071
      20.775      19.167      13.914       8.223       -.615      -9.630
      70.613      67.371      66.158      58.688      58.255      64.652
      65.438      68.789      69.839      65.318      71.203      74.151
     2
    11     6    12     8     7    15    13    11    10    10     8     7
    12     9    10     9    17    14    20    16    11    17     4     3
     2     6     0     3     5    18    14    18     6     8     9     5
     4     3     4     6     8     7     9    14     7     5     5     2
     3     9     8     9    13     9    14    17    10    11     6     3
     3     4     5     3    15    14    24    11    12     3     7     4
     9     4     7    10    18    19    18    10    10    12     8     7
     4     8     2     6    16    12    11    11     3     6     6     3
     6     9    12    10    15    23    18    18    13    12     7     5
     4     9     7    13    22    24    17    13     6     7     6     1
     6    14    21    16    32    31    37    22    22    16    14    10
    12    17    22    13    21    32    24    36    19    12     9    10
     5    21    12    17    23    26    30    36    23    12     9     3
    14    14    27    16    32    33    40    35    23    12    17    17
     5    13    12    18    20    11    24    26    13    11     8     5
    14     9    19    12    17    23    34    27    22    22    20    19
     8    13     9    12    13    18    19    15    11    10    12     9
     6    15     8    12    25    15    30    32    19    17    16     8
     7     3     8     6     7    13    14    17     9     9     7     5
     9     6    10     9    15    11    20    17    21    11     8    12
     7     7    13     5    14    13     7    12     7    11     6     9
    14    14    13     7    17    16    20    19    10    10     9    14
    13     9    11    16    20    21    32    20    22    14    21    18
    11    15    16     8    22    30    23    34    32    12    15    14
    17    13    15     8    14    28    41    34    20     9    17    22
    11    10    11     6     6    21    32    23    18    16    13     9
     8    12    14     4    12    30    41    39    27    13    19    17
    10     6     9     4    10    14    22    20    16    12     8    12
    12    11    13     8    11    23    50    37    26    17    12    25
    17     9     9     8    23    25    46    33    20    19    15    20
    15    11    18     9    21    30    39    25    17    18     8    22
    14    15    14    24    16    19    39    49    31    26    22    21
     8    11     9    14    10    22    34    20    16    15     9    16
    17    15    14     8    22    35    49    35    23    22    23    20
     6    10    10     8    22    16    21    26    20    10     9    12
    17    17    18    12    25    27    45    25    22    19    10    30
     3
    38    40    27    30    35    28    44    21    37    23    32    13
    21    27    40    36    39    41    52    48    43    25    31    21
     6    14    23    27    23    24    33    24    31    14    17    15
    10    16    13    14    29    21    29    20    27    10    22     5
    11    11    20    26    24    33    27    43    30    22    20    14
    12    13    22    20    37    28    25    34    25    15    24     6
    11    31    25    23    51    53    51    41    30    38    29    13
     7    24    38    26    43    37    39    36    34    10    15     9
    23    19    46    58   104   128   100    90    63    54    26    25
    20    41    54    49   101    86   101    88    41    43    23    17
    25    48   124    90   187   175   201   148    81    90    60    30
    35    50    96    96   145   171   187   159    71    75    40    31
    28    43    66    71   122   125   129   147    80    65    50    36
    40    44    71    52   114   126   142   151    89    69    49    42
    28    34    56    40    50    90    62    80    47    40    30    27
    45    33    61    51    67   102   129   101    69    73    43    37
    26    31    33    20    41    52    64    88    44    45    26    31
    36    25    53    34    52    63    96   101    69    56    48    25
    30    26    14    19    19    25    62    52    42    41    25    18
    32    32    22    19    23    49    65   100    65    53    32    32
    29    30    23    21    23    37    45    57    42    39    22    35
    47    51    32    27    29    48    59    83    54    38    38    55
    59    58    35    44    45    87   103   108    67    63    61    57
    59    53    39    36    40    68    81    99    68    45    41    52
    62    62    50    36    36    71   103   119    87    65    44    58
    46    51    39    31    35    76    75    73    58    47    37    32
    65    64    49    48    48    90   119   115    62    63    53    89
    58    38    30    27    22    78   118    91    65    49    36    48
    67    65    55    39    56    99   150   148    98    63    69    94
    69    61    57    45    45   101   119   121   102    78    58    86
    58    63    62    45    55    92   143   118    83    58    57    93
    80    61    53    70    75    76   154   133    97    70    62    91
    46    38    45    45    56    70   106    88    68    52    42    43
    61    54    54    83    72    83   143    96    84    63    53    60
    46    70    46    45    42    43    72    61    60    23    40    42
    59    60    63    86    71    69    89    63    80    55    53    57
     4
    22    36    18    33    19    25    15    17    29    12    22    17
    15    12    31    30    20    23    18    18    24    19    19    14
     1     7    11    11    16    10     6     9     9     5    12     7
     2     7    11     9    16     7     8     4    10     8     8     3
     2    10     7    16    12    11     6     9    13    14    11     4
     4    12    17    17    26    11    18    14    16     8    13     3
    12    26    26    44    48    28    33    32    28    22    18    17
     6    23    27    36    86    41    46    46    38    20    15    18
    16    29    41   101   123   127    96   100    67    63    20    18
    14    26    61    72   116   103   106   114    63    61    32    19
    31    67   107   109   192   156   186   169   116    83    43    32
    20    48    85   104   178   178   125   137    89    82    35    38
    24    22    60    85   114   131   121   111    49    56    30    28
    32    24    38    55    99    86    83    84    75    52    35    49
    26    17    28    22    36    51    62    54    41    35    25    37
    34    21    34    43    57    71    68    61    54    59    28    44
    20    11    28    20    29    42    54    62    42    38    33    25
    34    17    35    20    43    64    80    62    57    52    35    24
    13    15     9    19    15    23    32    33    35    22    24    25
    30    23    23    28    31    52    54    64    69    56    40    31
    32    17    31    23    21    38    68    45    39    38    25    28
    36    34    36    29    39    28    55    56    65    36    38    38
    43    63    36    38    38    43    73    79    67    47    53    45
    45    41    30    19    34    63    68    75    53    58    40    41
    61    50    33    35    32    54    56    56    59    50    41    44
    39    39    33    30    23    60    53    38    35    28    32    43
    58    56    48    31    30    45    72    72    55    37    42    38
    42    43    30    19    30    50    76    54    49    34    48    41
    63    66    60    41    40    78   100   112    78    53    72    76
    49    45    50    46    36    59    82    70    74    58    45    69
    67    64    49    59    50    51   103    65    85    64    44    72
    61    67    45    50    65    72    91    81    83    68    50   110
    37    43    28    38    50    37    53    42    53    33    28    46
    42    72    43    51    53    45    57    58    62    47    56    54
    24    50    42    39    35    29    35    27    34    28    29    35
    34    47    51    55    38    36    30    38    44    27    29    31
     5
    14    25    35    58    30    15    13    12    28    25    38    21
    10    17    28    31    34    22    19    11    27    24    21     8
     2     5     9    20    14    12     6     8     7     9     9     7
     3     7    11    18     7     4     4     3    10     3    12     5
     1     9    18    23    14    15     4     9    18     8     8    16
     8    12    27    41    37    25    11    23    31     7    18    11
    15    31    75   117    93   100    44    61    59    39    28    21
    16    41    62   102   133    71    78    64    79    44    29    16
    42    67   129   222   300   209   155   169   106    99    53    28
    28    50   108   162   258   174   138   121    97    76    42    24
    43    66   153   240   295   303   199   181   140   128    62    42
    45    57    86   138   244   221   140   103   112    82    51    47
    27    35    76    74   129    92    75    51    58    69    43    32
    27    11    41    58    89    68    42    72    67    45    27    39
    14    12    25    23    43    38    34    45    32    34    26    12
    29    19    30    44    64    90    54    55    77    53    41    30
    21    22    28    25    30    39    52    57    55    48    32    23
    40    36    39    34    63    96   101    93    86   101    48    41
    26     8    12    33    26    38    55    63    50    43    30    26
    34    58    32    36    49    70   117   109    90    93    71    50
    29    33    33    31    36    54    82    67    62    56    49    27
    53    63    66    53    37    72    89    84    94    62    72    44
    69    85    53    58    67    77   100   102    98    96    89    76
    57    65    49    56    46    87    78    76    78    79    65    70
    86    72    45    56    79    93   103   107    97    62    52    70
    42    40    56    49    44    70    43    40    56    50    38    34
    87    82    74    56    64    91   109    97    79    62    62    58
    72    58    61    50    48    70    86    79    76    68    55    77
   170   113    94   102    74   122   146   119   114   103   109   149
   138   121    86    86    69   106   117   106   111    96   113   108
   120    98    84    77    80   101    85    95   102   113   116   121
   142   128    90   125   109    62   110    80   134   119   103   164
    68    87    58    79    79    66    63    56    63    69    60    67
    90   111    99   101    97    63    68    50    79    56    50    81
    25    61    60    46    60    41    36    19    33    45    39    33
    24    55    67   101    75    27    44    34    52    43    32    31
     6
     4     8    24    31    19    12     3     3     4     8    10     6
     3     8    27    27    16     8     1     3     8     9     6     6
     1     5     9     4    11     5     0     0     2     7     6     2
     2     0     2     4     6     0     0     2     1     3     2     2
     8     3    19    16    14    10     2     6     7     5     8     5
     7     4    15    68    25    16     8    14    10     5     9     7
     7    61   128   166   105    91    32    38    60    24    15    17
     7    29   113   133   154    69    41    50    65    43    36    19
    36    75   157   215   231   150    76    85    77    79    36    25
    34    48    88   114   141    80    41    45    54    40    35    24
    24    59    81   136   137    83    42    41    48    48    47    29
    26    17    35    62    70    49    25    22    33    28    30    30
    19    10    25    25    41    34     8    14    18    24    24    19
     4    10    28    15    19    23     4     6    13    12     9    15
     4     9     9     6    15     9     8    11    11    12     7     6
     4     9    26    16    17    26    14    20    30    16    10     8
     5     9    13    16    10    24    18    18    15    30    15     5
    18    16    25    33    38    36    46    42    37    49    32    19
     5    10     8    14    15    25    44    23    43    30    13    15
    33    27    31    40    52    34    66    61    60    66    45    38
    32    36    29    36    28    34    50    36    26    53    16    25
    30    54    42    44    46    41    68    31    46    52    36    33
    64    74    42    54    57    67    55    61    73    77    37    46
    31    61    32    47    59    53    36    58    42    36    32    35
    60    37    34    42    67    66    52    52    43    59    47    51
    25    24    33    17    40    42    41    37    43    36    32    24
    82    58    55    33    61    71    60    55    53    56    52    53
    72    43    49    42    41    63    46    64    59    34    47    47
   119    89    76    85    94    94    97    84    87    84    87   121
   119    82    87    72    66    76    73    44    52    74    78    87
   109    91    85    94    63    70    48    48    50    89    79    83
   154    96   105   126    96    79    70    51    59   102    85   158
    84    57    57    59    52    56    25    23    25    51    54    49
    70    51    68    78    70    25    29    29    25    46    52    55
    19    26    38    49    55    18    10     9    14    16    26    27
    16    22    35    46    44    24     8     7    11    18    29    18
     7
     3     5    10     8     2     1     0     0     1     1     0     4
     1     0     5     1     2     0     0     0     0     1     0     1
     1     0     1     0     0     0     0     0     0     0     0     1
     0     1     2     0     2     0     1     0     1     0     0     0
     0     0     4     7     3     3     0     1     0     1     0     0
     2     5     4    14     5     4     1     4     3     3     4     0
     1    14    52    76    45    28     7    12    10     7     3     9
     6    17    63    64    47    30    11    20    22    11     8     6
    11    24    76    67    83    48    17    13    21    17    21    10
    12    12    27    41    39    22     6     7    26    16     8    16
     9    14    28    23    39    21     6     4    22    14     6     9
     5     4     9    11     7     5     2     2     7     7     9     5
     3     2     2     0     3     2     0     0     5     3     2     4
     2     0     1     1     1     0     0     2     0     2     3     0
     0     0     1     3     0     0     0     1     2     1     1     0
     1     2     6     3     3     4     2     2     7     8     5     3
     4     2     3    12     0     4     3     3     4     6     0     2
     1     1     4     9     7    10    11     5    13    11     5     4
     2     0     1    11     3     4    10     6     9    13     0     6
     5     6     6    14    17    13    11     9    16    13     7    20
     0    14     7     7     7    10    13     6    15    16     7     3
     7    12    17    20    10    15    15    11    13    21     3    11
    11    18    16    13    22    18    16     7    16    25    16    11
    16    15    13    23    26    31     8    18     6    18     9    11
    31     9     8     9    24     9    17    10     9    17    16     9
    11    10    13    15    16    11     8    12    14    18    16    12
    25    14    14    20    18    21    19    14     8    27    21    13
    22    13    22    13    24    16    18    13    25    20    25    19
    41    33    47    38    37    41    21    18    16    21    30    39
    29    22    33    25    18    25    21    16    16    25    29    19
    45    19    28    21    20    14    13    10     6    28    18    29
    53    24    29    31    28    18     6     5     6    32    22    46
    24    13    20    22    19    14     0     2     8     9    11    15
    22    10    31    25     8     4     5     2     4    14    13    13
     9     6     9    10     8     1     0     0     3     6    14     5
     5     4    18    11     7     2     0     0     0     3     7     7
     8
     2     0    10     1     0     0     0     0     0     0     0     0
     0     0     3     2     0     1     0     0     0     0     1     2
     0     0     0     0     0     0     0     0     0     1     4     1
     0     1     1     0     0     1     0     0     0     1     1     0
     3     0     9     8     0     6     1     1     0     0     0     1
     2     5    11    16    13     7     0     2     1     1     4     0
     3    18    52    99    65    31     4    17     3     2     5     5
     9     7    60    77    48    29    12    13    13    12    18     6
    12    21    81    67    65    28    10     6    23    20    11     9
    13     3    22    14    16    11     5     2     8    15    15     6
     4     5     8    10     7     6     0     3    15     5     3     7
     6     1     3     1     2     0     1     1     3     5     0    11
     3     0     0     1     2     2     0     2     0     1     2     0
     1     0     1     0     0     0     0     1     1     0     1     0
     0     0     1     1     0     0     0     0     0     2     0     0
     0     1     7     2     1     1     0     1     1     2     2     0
     1     2     2     1     0     1     0     0     1     0     0     0
     1     1     5     8     4     2     5     3     3    10     3     0
     0     1     0     3     4     1     2     2     4     2     1     0
     8     6     9     8    19     9     2     1     3     8     9     2
     2     5     7     3     8     8     3     2     4    13     2     4
     7     5     6     9    12    14     5     0    14    11     1     8
     6    15     7    19    14    16     8     3     7    10     4     5
    12    11    15     7    19    12     2     8     7    14     1     7
    10    11    12    14    20    22     3     6     0    16    13     7
     6     6    12     7     9    10     4     2     8     8     8     6
    11    18    21    19    10    13    17     5    11    24    18     5
    11    18    16     8    13    21     6     9    12    13    11    10
    41    29    35    31    26    18    14     4    13    16    23    24
    25    14    29    16    12    15     3     4     5    16    17    21
    16    28    22    21    12    11     1     3     7    13    23     5
    38    22    37    40    22     6     2     2     4    20    36    16
    14     5     5    20     5     2     5     1     5     7    10     6
    16     6    13    18    12     3     1     0     2     7     9     6
     8     2     4    13     3     1     0     0     0     0     3     7
     0     0    11     5     7     1     0     1     0     1     0     3
     9
     0     1     0     0     0     0     0     0     0     0     0     0
     0     0     0     0     0     0     0     0     0     0     0     1
     0     0     0     0     0     0     0     0     0     0     0     0
     0     0     0     0     0     0     0     0     0     0     0     0
     0     0     2     0     1     0     0     0     0     0     0     0
     0     0     5     4     0     0     0     1     0     0     0     1
     2     4    15    15    12    11     0     3     0     1     1     1
     4     4    20    20    16     0     2     3     0     2     4     3
     2     4    20    25     7     4     2     0     4     3     6     0
     2     1     6     2     3     0     1     0     4     2     5     1
     0     0     0     2     1     1     1     0     0     0     2     6
     0     0     0     0     0     0     0     0     0     0     0     4
     0     0     0     1     0     0     0     0     0     0     0     0
     0     0     0     1     0     0     0     0     0     0     0     0
     0     0     0     0     0     0     0     0     0     0     1     0
     0     0     0     0     1     0     0     0     0     0     0     0
     0     0     0     0     0     0     0     0     0     0     0     0
     0     0     0     1     1     0     0     0     0     0     0     0
     0     0     0     1     0     2     0     1     1     2     0     0
     0     0     1     0     0     3     0     0     1     1     0     0
     0     0     2     1     4     1     0     0     1     2     0     1
     1     1     1     1     3     0     0     0     1     0     0     0
     1     5     1     4     6     3     0     0     3     0     0     0
     0     4     3     5     3     0     1     1     1     0     0     2
     1     1     2     3     4     1     0     1     2     4     4     3
     0     0     0     1     1     0     0     1     0     3     1     1
     2     2     1     2     2     3     1     1     3     6     1     5
     3     1     4     1     4     3     0     0     2     1     3     1
     6     3    11     5     4     2     0     0     0     8     6     3
     2     4     5     2     4     2     0     0     1     2     3     0
     4     3     3     5     4     0     0     0     0     0     3     0
     3     4     5     8    12     0     0     0     1     1     2     0
     2     2     1     3     0     0     0     0     0     1     4     3
     1     0     0     6     0     0     0     0     0     0     0     0
     1     0     0     2     1     0     0     0     0     0     0     0
     1     0     4     0     0     0     0     0     0     0     0     1
    10
     0     0     0     0     0     0     0     0     0     0     0     0
     0     0     0     0     0     0     0     0     0     0     0     0
     0     0     0     0     0     0     0     0     0     0     0     0
     0     0     0     0     0     0     0     0     0     0     0     0
     0     0     1     0     0     0     0     0     0     0     0     0
     0     0     6     4     0     0     0     1     0     1     0     0
     0     1     7    11     9     3     0     1     0     1     1     3
     1     1    14    25     4     0     0     3     1     3     2     3
     0     4    20     8     3     3     0     0     0     1     4     0
     1     1     6     2     0     0     0     0     0     1     1     1
     0     0     1     1     1     2     0     0     0     0     1     1
     0     0     0     0     0     0     0     0     1     0     0     0
     0     0     0     0     0     0     0     0     0     0     0     1
     0     0     1     0     0     0     0     0     0     0     0     0
     0     0     0     0     0     0     0     0     0     0     0     0
     0     0     0     0     0     0     0     0     0     0     0     0
     0     0     0     0     0     1     0     0     0     0     0     0
     0     0     0     0     0     0     0     1     0     0     0     0
     0     0     1     1     1     1     1     0     0     1     1     0
     0     0     0     1     0     1     0     1     0     0     1     0
     0     0     0     0     1     1     0     0     0     0     0     0
     0     0     0     3     4     1     0     0     0     1     2     0
     0     1     2     1     2     1     0     0     2     0     1     2
     0     0     3     0     4     2     0     0     0     0     2     1
     0     0     0     5     2     0     0     0     0     0     0     0
     0     1     0     2     2     0     0     0     2     1     0     0
     2     0     5     0     1     1     0     0     3     0     1     0
     0     1     2     0     0     1     1     0     2     1     2     2
     4     2     4     3     6     4     1     1     0     3     2     1
     1     0     1     1     0     2     0     0     0     2     0     0
     0     0     1     0     4     0     0     0     0     0     1     0
     9     7     6     9     4     0     0     0     0     0     0     0
     1     0     1     2     0     0     0     0     0     0     1     1
     0     0     2     3     1     0     0     0     0     0     0     3
     0     0     0     0     0     0     0     0     0     0     0     0
     0     0     0     1     0     0     0     0     0     0     0     0
    11
     0     0     0     0     0     0     0     0     0     0     0     0
     0     0     0     0     0     0     0     0     0     0     0     0
     0     0     0     0     0     0     0     0     0     0     0     0
     0     0     1     0     0     0     0     0     0     0     0     0
     0     0     5     1     0     0     0     0     0     0     0     0
     0     1     8     1     0     0     0     0     0     0     1     0
     3     2    15    12     3     2     0     0     0     0     3     1
     1     1    16    14     2     0     0     1     0     0     2     5
     1     2    13    13     4     1     1     0     2     0     3     1
     1     0     3     2     1     0     0     0     0     1     0     2
     0     0     0     0     0     0     0     0     0     0     0     1
     0     0     0     0     0     0     0     0     0     0     0     0
     0     0     0     0     0     0     0     0     0     0     0     0
     0     0     0     0     0     0     0     0     0     0     0     0
     0     0     0     0     0     0     0     0     0     0     0     0
     0     0     0     0     0     0     0     0     0     0     0     0
     0     0     0     0     0     0     0     0     0     0     0     0
     0     0     0     0     0     1     0     0     1     0     0     0
     0     0     0     0     1     0     0     0     0     0     0     1
     0     0     2     1     0     1     0     0     0     0     0     0
     0     0     0     0     4     0     0     0     0     0     0     0
     1     0     0     2     0     0     0     0     0     0     1     0
     0     1     0     5     1     1     0     0     0     1     2     0
     0     0     0     1     0     2     0     0     0     1     2     0
     0     3     0     6     2     2     1     0     1     0     0     1
     0     0     0     2     1     2     0     0     2     2     0     0
     1     2     4     3     1     0     0     0     1     3     0     0
     3     2     0     1     1     1     0     0     0     0     0     0
     2     6     4     3     1     3     1     0     0     0     0     0
     1     4     5     1     1     3     0     0     1     0     1     1
     1     1     0     1     1     0     0     0     0     0     0     0
     4     1     2     3     1     0     0     0     0     0     0     1
     0     0     0     0     0     0     0     0     0     0     0     1
     0     0     0     0     0     0     0     0     0     0     1     1
     0     0     0     0     0     0     0     0     0     0     0     0
     0     0     0     0     0     0     0     0     0     0     1     0
    12
     0     0     0     0     0     0     0     0     0     0     0     0
     0     0     0     0     0     0     0     0     0     0     0     0
     0     0     0     0     0     0     0     0     0     0     0     0
     0     0     0     0     0     0     0     0     0     0     0     0
     0     1     0     0     0     0     0     0     0     0     0     0
     0     3     5     0     0     0     0     0     0     0     0     0
     0     2     5     2     5     0     0     0     1     0     2     1
     0     1    14     3     1     0     0     0     0     0     1     0
     0     0    12     7     0     0     0     0     0     0     0     0
     0     0     0     0     0     0     0     0     0     1     0     0
     0     0     0     0     0     0     0     0     0     0     0     0
     0     0     0     0     0     0     0     0     0     0     0     0
     0     0     0     0     0     0     0     0     0     0     0     0
     0     0     0     0     0     0     0     0     0     0     0     0
     0     0     0     0     0     0     0     0     0     0     0     0
     0     0     0     0     0     0     0     0     0     0     0     0
     0     0     0     0     0     0     0     0     0     0     0     0
     0     0     1     1     0     0     0     0     0     0     0     0
     0     0     0     0     0     0     0     0     0     0     0     0
     0     0     0     0     3     0     0     0     0     0     0     0
     0     0     0     0     1     0     0     0     0     0     0     0
     0     0     0     0     1     0     0     0     0     0     1     0
     0     0     0     0     1     1     0     0     1     0     0     0
     0     0     0     0     2     1     0     0     1     0     0     0
     0     0     0     4     1     2     0     0     1     0     0     0
     0     0     0     1     0     0     0     0     2     0     0     0
     0     0     2     0     1     2     0     1     0     0     1     0
     4     0     1     0     0     0     0     0     0     0     0     0
     3     2     3     0     1     0     0     0     0     0     0     0
     0     0     2     0     0     0     0     0     0     0     0     0
     0     1     1     0     0     0     0     0     0     1     0     0
     0     0     1     0     1     0     0     0     0     0     0     0
     0     0     0     0     0     0     0     0     0     0     0     0
     0     0     0     0     0     0     0     0     0     0     0     1
     0     0     0     0     0     0     0     0     0     0     0     0
     0     0     0     0     0     0     0     0     0     0     0     0
    13
     0     0     0     0     0     0     0     0     0     0     0     0
     0     0     0     0     0     0     0     0     0     0     0     0
     0     0     0     0     0     0     0     0     0     0     0     0
     0     0     0     0     0     0     0     0     0     0     0     0
     0     0     1     0     0     0     0     0     0     0     0     0
     0     1     0     0     0     0     0     0     0     0     0     0
     0     0     0     0     1     0     0     0     0     0     0     0
     0     0     1     0     0     0     0     0     0     0     0     0
     0     0     0     1     0     0     0     0     0     0     0     0
     0     0     0     0     0     0     0     0     0     0     0     0
     0     0     0     0     0     0     0     0     0     0     0     0
     0     0     0     0     0     0     0     0     0     0     0     0
     0     0     0     0     0     0     0     0     0     0     0     0
     0     0     0     0     0     0     0     0     0     0     0     0
     0     0     0     0     0     0     0     0     0     0     0     0
     0     0     0     0     0     0     0     0     0     0     0     0
     0     0     1     0     0     0     0     0     0     0     0     0
     0     0     0     0     0     0     0     0     0     0     0     0
     0     0     0     0     0     0     0     0     0     0     0     0
     0     0     0     0     1     0     0     0     0     0     0     0
     0     0     0     0     0     0     0     0     0     0     0     0
     0     0     0     0     0     0     0     0     0     0     0     0
     0     0     0     0     0     0     0     0     0     0     0     0
     0     0     0     0     0     0     0     0     0     0     0     0
     0     0     0     0     0     0     0     0     0     0     0     0
     0     0     0     0     0     0     0     0     0     0     0     0
     0     0     0     0     0     0     0     0     0     0     0     0
     0     0     0     0     0     0     0     1     0     0     0     0
     0     0     0     0     0     0     0     0     0     0     0     0
     0     0     0     0     0     0     0     0     0     0     0     0
     0     0     0     0     0     0     0     0     0     0     0     0
     0     0     0     0     0     0     0     0     0     0     0     0
     0     0     0     0     0     0     0     0     0     0     0     0
     0     0     0     0     0     0     0     0     0     0     0     0
     0     0     0     0     0     0     0     0     0     0     0     0
     0     0     0     0     0     0     0     0     0     0     0     0
    14
     0     0     0     0     0     0     0     0     0     0     0     0
     0     0     0     0     0     0     0     0     0     0     0     0
     0     0     0     0     0     0     0     0     0     0     0     0
     0     0     0     0     0     0     0     0     0     0     0     0
     0     0     0     0     0     0     0     0     0     0     0     0
     0     0     1     0     0     0     0     0     0     0     0     0
     0     0     0     0     2     0     0     0     0     0     0     0
     0     0     0     1     0     0     0     0     0     0     0     0
     0     0     1     1     1     0     0     0     0     0     0     0
     0     0     0     0     0     0     0     0     0     0     0     0
     0     0     0     0     0     0     0     0     0     0     0     0
     0     0     0     0     0     0     0     0     0     0     0     0
     0     0     0     0     0     0     0     0     0     0     0     0
     0     0     0     0     0     0     0     0     0     0     0     0
     0     0     0     0     0     0     0     0     0     0     0     0
     0     0     0     0     0     0     0     0     0     0     0     0
     0     0     0     0     0     0     0     0     0     0     0     0
     0     0     0     0     0     0     0     0     0     0     0     0
     0     0     0     0     0     0     0     0     0     0     0     0
     0     0     0     0     2     0     0     0     0     0     0     0
     0     0     0     0     0     0     0     0     0     0     0     0
     0     0     0     0     0     0     0     0     0     0     0     0
     0     0     0     0     0     0     0     0     0     0     0     0
     0     0     0     0     0     0     0     0     0     0     1     0
     0     0     0     0     0     0     0     0     0     0     0     0
     0     0     0     0     0     0     0     0     0     0     0     0
     0     0     0     0     0     0     0     0     0     0     0     0
     0     0     0     0     0     0     0     0     0     0     0     0
     0     0     0     0     0     0     0     0     0     0     0     0
     0     0     0     0     0     0     0     0     0     0     0     0
     0     0     0     0     0     0     0     0     0     0     0     0
     0     0     0     0     0     0     0     0     0     0     0     0
     0     0     0     0     0     0     0     0     0     0     0     0
     0     0     0     0     0     0     0     0     0     0     0     0
     0     0     0     0     0     0     0     0     0     0     0     0
     0     0     0     0     0     0     0     0     0     0     0     0
    15
     0     0     0     0     0     0     0     0     0     0     0     0
     0     0     0     0     0     0     0     0     0     0     0     0
     0     0     0     0     0     0     0     0     0     0     0     0
     0     0     0     0     0     0     0     0     0     0     0     0
     0     0     0     0     0     0     0     0     0     0     0     0
     0     0     0     0     0     0     0     0     0     0     0     0
     0     0     0     0     0     0     0     0     0     0     0     0
     0     0     0     0     0     0     0     0     0     0     0     0
     0     0     1     0     0     0     0     0     0     0     0     0
     0     0     0     0     0     0     0     0     0     0     0     0
     0     0     0     0     0     0     0     0     0     0     0     0
     0     0     0     0     0     0     0     0     0     0     0     0
     0     0     0     0     0     0     0     0     0     0     0     0
     0     0     0     0     0     0     0     0     0     0     0     0
     0     0     0     0     0     0     0     0     0     0     0     0
     0     0     0     0     0     0     0     0     0     0     0     0
     0     0     0     0     0     0     0     0     0     0     0     0
     0     0     0     0     0     0     0     0     0     0     0     0
     0     0     0     0     0     0     0     0     0     0     0     0
     0     0     0     0     0     0     0     0     0     0     0     0
     0     0     0     0     0     0     0     0     0     0     0     0
     0     0     0     0     0     0     0     0     0     0     0     0
     0     0     0     0     0     0     0     0     0     0     0     0
     0     0     0     0     0     0     0     0     0     0     0     0
     0     0     0     0     0     0     0     0     0     0     0     0
     0     0     0     0     0     0     0     0     0     0     0     0
     0     0     0     0     0     0     0     0     0     0     0     0
     0     0     0     0     0     0     0     0     0     0     0     0
     0     0     0     0     0     0     0     0     0     0     0     0
     0     0     0     0     0     0     0     0     0     0     0     0
     0     0     0     0     0     0     0     0     0     0     0     0
     0     0     0     0     0     0     0     0     0     0     0     0
     0     0     0     0     0     0     0     0     0     0     0     0
     0     0     0     0     0     0     0     0     0     0     0     0
     0     0     0     0     0     0     0     0     0     0     0     0
     0     0     0     0     0     0     0     0     0     0     0     0
    16
     0     0     0     0     0     0     0     0     0     0     0     0
     0     0     0     0     0     0     0     0     0     0     0     0
     0     0     0     0     0     0     0     0     0     0     0     0
     0     0     0     0     0     0     0     0     0     0     0     0
     0     0     0     0     0     0     0     0     0     0     0     0
     0     0     0     0     0     0     0     0     0     0     0     0
     0     0     0     0     0     0     0     0     0     0     0     0
     0     0     0     0     0     0     0     0     0     0     0     0
     0     0     6     0     0     0     0     0     0     0     0     0
     0     0     0     0     0     0     0     0     0     0     0     0
     0     0     0     0     0     0     0     0     0     0     0     0
     0     0     0     0     0     0     0     0     0     0     0     0
     0     0     0     0     0     0     0     0     0     0     0     0
     0     0     0     0     0     0     0     0     0     0     0     0
     0     0     0     0     0     0     0     0     0     0     0     0
     0     0     0     0     0     0     0     0     0     0     0     0
     0     0     0     0     0     0     0     0     0     0     0     0
     0     0     0     0     0     0     0     0     0     0     0     0
     0     0     0     0     0     0     0     0     0     0     0     0
     0     0     0     0     0     0     0     0     0     0     0     0
     0     0     0     0     1     0     0     0     0     0     0     0
     0     0     0     0     0     0     0     0     0     0     0     0
     0     0     0     0     0     0     0     0     0     0     0     0
     0     0     0     0     0     0     0     0     0     0     0     0
     0     0     0     0     0     0     0     0     0     0     0     0
     0     0     0     0     0     0     0     0     0     0     0     0
     0     0     0     0     0     0     0     0     0     0     0     0
     0     0     0     0     0     0     0     0     0     0     0     0
     0     0     0     0     0     0     0     0     0     0     0     0
     0     0     0     0     0     0     0     0     0     0     0     0
     0     0     0     0     0     0     0     0     0     0     0     0
     0     0     0     0     0     0     0     0     0     0     0     0
     0     0     0     0     0     0     0     0     0     0     0     0
     0     0     0     0     0     0     0     0     0     0     0     0
     0     0     0     0     0     0     0     0     0     0     0     0
     0     0     0     0     0     0     0     0     0     0     0     0
    17
     0     0     0     0     0     0     0     0     0     0     0     0
     0     0     0     0     0     0     0     0     0     0     0     0
     0     0     0     0     0     0     0     0     0     0     0     0
     0     0     0     0     0     0     0     0     0     0     0     0
     0     0     0     0     0     0     0     0     0     0     0     0
     0     0     0     0     0     0     0     0     0     0     0     0
     0     0     0     0     0     0     0     0     0     0     0     0
     0     0     0     0     0     0     0     0     0     0     0     0
     0     0     0     0     0     0     0     0     0     0     0     0
     0     0     0     0     0     0     0     0     0     0     0     0
     1     0     0     0     0     0     0     0     0     0     0     0
     0     0     0     0     0     0     0     0     0     0     0     0
     0     0     0     0     0     0     0     0     0     0     0     0
     0     0     0     0     0     0     0     0     0     0     0     0
     0     0     0     0     0     0     0     0     0     0     0     0
     0     0     0     0     0     0     0     0     0     0     0     0
     0     0     0     0     0     0     0     0     0     0     0     0
     0     0     0     0     0     0     0     0     0     0     0     0
     0     0     0     0     0     0     0     0     0     0     0     0
     0     0     0     0     0     0     0     0     0     0     0     0
     0     0     0     0     0     0     0     0     0     0     0     0
     0     0     0     0     0     0     0     0     0     0     0     0
     0     0     0     0     0     0     0     0     0     0     0     0
     0     0     0     0     0     0     0     0     0     0     0     0
     0     0     0     0     0     0     0     0     0     0     0     0
     0     0     0     0     0     0     0     0     0     0     0     0
     0     0     0     0     0     0     0     0     0     0     0     0
     0     0     0     0     0     0     0     0     0     0     0     0
     0     0     0     0     0     0     0     0     0     0     0     0
     0     0     0     0     0     0     0     0     0     0     0     0
     0     0     0     0     0     0     0     0     0     0     0     0
     0     0     0     0     0     0     0     0     0     0     0     0
     0     0     0     0     0     0     0     0     0     0     0     0
     0     0     0     0     0     0     0     0     0     0     0     0
     0     0     0     0     0     0     0     0     0     0     0     0
     0     0     0     0     0     0     0     0     0     0     0     0
    18
     0     0     0     0     0     0     0     0     0     0     0     0
     0     0     0     0     0     0     0     0     0     0     0     0
     0     0     0     0     0     0     0     0     0     0     0     0
     0     0     0     0     0     0     0     0     0     0     0     0
     0     0     0     0     0     0     0     0     0     0     0     0
     0     0     0     0     0     0     0     0     0     0     0     0
     0     0     0     0     0     0     0     0     0     0     0     0
     0     0     0     0     0     0     0     0     0     0     0     0
     0     0     0     0     0     0     0     0     0     0     0     0
     0     0     0     0     0     0     0     0     0     0     0     0
     0     0     0     0     0     0     0     0     0     0     0     0
     0     0     0     0     0     0     0     0     0     0     0     0
     0     0     0     0     0     0     0     0     0     0     0     0
     0     0     0     0     0     0     0     0     0     0     0     0
     0     0     0     0     0     0     0     0     0     0     0     0
     0     0     0     0     0     0     0     0     0     0     0     0
     0     0     0     0     0     0     0     0     0     0     0     0
     0     0     0     0     0     0     0     0     0     0     0     0
     0     0     0     0     0     0     0     0     0     0     0     0
     0     0     0     0     0     0     0     0     0     0     0     0
     0     0     0     0     0     0     0     0     0     0     0     0
     0     0     0     0     0     0     0     0     0     0     0     0
     0     0     0     0     0     0     0     0     0     0     0     0
     0     0     0     0     0     0     0     0     0     0     0     0
     0     0     0     0     0     0     0     0     0     0     0     0
     0     0     0     0     0     0     0     0     0     0     0     0
     0     0     0     0     0     0     0     0     0     0     0     0
     0     0     0     0     0     0     0     0     0     0     0     0
     0     0     0     0     0     0     0     0     0     0     0     0
     0     0     0     0     0     0     0     0     0     0     0     0
     0     0     0     0     0     0     0     0     0     0     0     0
     0     0     0     0     0     0     0     0     0     0     0     0
     0     0     0     0     0     0     0     0     0     0     0     0
     0     0     0     0     0     0     0     0     0     0     0     0
     0     0     0     0     0     0     0     0     0     0     0     0
     0     0     0     0     0     0     0     0     0     0     0     0
    19
     0     0     0     0     0     0     0     0     0     0     0     0
     0     0     0     0     0     0     0     0     0     0     0     0
     0     0     0     0     0     0     0     0     0     0     0     0
     0     0     0     0     0     0     0     0     0     0     0     0
     0     0     0     0     0     0     0     0     0     0     0     0
     0     0     0     0     0     0     0     0     0     0     0     0
     0     0     0     0     0     0     0     0     0     0     0     0
     0     0     0     0     0     0     0     0     0     0     0     0
     0     0     0     0     0     0     0     0     0     0     0     0
     0     0     0     0     0     0     0     0     0     0     0     0
     0     0     0     0     0     0     0     0     0     0     0     0
     0     0     0     0     0     0     0     0     0     0     0     0
     0     0     0     0     0     0     0     0     0     0     0     0
     0     0     0     0     0     0     0     0     0     0     0     0
     0     0     0     0     0     0     0     0     0     0     0     0
     0     0     0     0     0     0     0     0     0     0     0     0
     0     0     0     0     0     0     0     0     0     0     0     0
     0     0     0     0     0     0     0     0     0     0     0     0
     0     0     0     0     0     0     0     0     0     0     0     0
     0     0     0     0     0     0     0     0     0     0     0     0
     0     0     0     0     0     0     0     0     0     0     0     0
     0     0     0     0     0     0     0     0     0     0     0     0
     0     0     0     0     0     0     0     0     0     0     0     0
     0     0     0     0     0     0     0     0     0     0     0     0
     0     0     0     0     0     0     0     0     0     0     0     0
     0     0     0     0     0     0     0     0     0     0     0     0
     0     0     0     0     0     0     0     0     0     0     0     0
     0     0     0     0     0     0     0     0     0     0     0     0
     0     0     0     0     1     0     0     0     0     0     0     0
     0     0     0     0     0     0     0     0     0     0     0     0
     0     0     0     0     0     0     0     0     0     0     0     0
     0     0     0     0     0     0     0     0     0     0     0     0
     0     0     0     0     0     0     0     0     0     0     0     0
     0     0     0     0     0     0     0     0     0     0     0     0
     0     0     0     0     0     0     0     0     0     0     0     0
     0     0     0     0     0     0     0     0     0     0     0     0
