22
Grand Island, NE 14935
     0
     -10.000      -6.700        .000       7.100      13.800      20.000
      22.700      21.100      15.600       9.300        .000      -6.700
      -2.800       -.700       4.400      12.100      18.200      23.800
      26.700      25.000      20.600      13.800       5.000      -1.800
       2.700       5.000      10.600      17.700      22.700      27.700
      30.600      28.800      25.600      18.800      10.600       3.200
      51.000      52.000      43.000      36.000      42.000      42.000
      44.000      46.000      41.000      35.000      43.000      52.000
      64.000      65.000      62.000      52.000      57.000      55.000
      57.000      59.000      56.000      50.000      60.000      67.000
      75.000      77.000      79.000      73.000      76.000      71.000
      72.000      75.000      75.000      71.000      78.000      78.000
       3.100       2.700       3.500       3.500       3.100       2.700
       2.700       2.700       2.700       2.700       3.100       2.700
       4.400       4.000       4.800       5.200       4.800       4.000
       4.000       3.500       4.000       4.400       4.400       4.000
       5.900       5.500       6.300       6.800       5.900       5.500
       4.800       4.800       5.500       5.500       5.900       5.500
     310.000     350.000     350.000     350.000     170.000     170.000
     170.000     170.000     170.000     190.000     340.000     330.000
     1
      -3.463       -.708       5.225      12.557      18.328      23.993
      26.573      25.116      20.447      14.154       5.228      -1.973
      62.831      63.940      60.461      54.490      58.635      56.717
      58.647      60.367      58.178      53.671      60.314      64.842
     2
     6     6    10    10    14    14    21     7    13    14     7     6
     6    13    12    11    17    23    30    22    12    13     8     7
     1     8     6    15    16    15    13    17    15    12     5     8
     5    13    10    12     9    14    21    24    15     6     9     7
     6    14    10    13    22    21    21    14    17     9    11    14
     7     7     8     9    18    14    14    13    10     6     5    15
     5    10     8    13    13    18    22    18    18    12     1    10
     4    11     7     7    11    16    17    20    10     5     6    11
    10     7     9    11    17    32    29    23    18     7    13    17
     5     8     2     4    19    11    10    14    10     7     3     8
     5     8    10    10    19    22    21    34    15     7     8    11
     9     6     3     4    10    27    18    15    16     9     8     7
     7     7     6    10     8    21    16    18    10     9     3     8
     7    11    11    23    23    26    33    27    12    23    13    11
     9     6     5    12     8    11    16    19    15    15     7     3
    10    18    12     8    14    19    34    29    16    24    14    17
     7     3     7    11    12    12    28    29    10    10     7     6
     4    17    20    11    19    35    29    24    16    23    16    13
     4     7     5     4     9     5     9    20     6    12    12     7
    12     8    11     6    12    13    18     8    11    16    11    11
     6     7     4     4     6     9    11     8     5     4     8     7
    11     8     8     9    10     7    21     8    11     9    18    10
     8    13    16    10    13    20    18    27    16    23    25    27
    27    13    15     3    19    16    15    16    10    19    16    20
    19    26    14     9    19    16    15    13    25    23    15    28
     5    12     4     6    11     9    16    13     9    15     6     6
    16    19    14    11    13    22    20    28    16    24    13    12
    10    10     3     8     7     9    10    15    12    10     8    10
    17    12    14     7    24    19    24    18     9    18    13    14
    13    17     6     6    11    11    16    17     8    15    11    13
    10    14     6     4    10    17     7     9    11     9    13    10
    16     9     4     9    11    21    18    12    11    22    13    18
     6     9     3     3    10     9    10     9     6     8    14    14
    13    12     8     6    12    22    21    29    11    10    10    15
     3     5     6    10    11     8     4    11     9    12    11    16
    11    12    14    18    30    22    25    22    22    26    11    14
     3
    22    26    31    38    47    55    56    47    49    34    26    28
    30    45    43    41    60    88   115    84    68    49    32    31
    16    29    29    23    45    51    68    80    60    39    26    16
    21    39    34    25    35    45    74    80    49    28    26    27
    23    56    37    50    71    67   124    98    76    52    26    39
    21    25    33    33    47    51    76    84    52    34    24    14
    14    22    25    27    50    64    81    95    49    29    17    19
    14    23    14    29    42    49    50    68    31    15    14    13
    15    28    37    31    54    78    92    92    51    23    27    20
    15    19    20    30    42    49    65    56    30    18    24    13
    17    41    36    37    58    69   107    80    67    28    21    18
    14    27    23    33    47    79    95    93    63    27    28    23
    25    29    27    28    41    73   101   108    57    36    33    26
    28    32    52    46    59    96   176   163    84    60    49    31
    25    25    29    29    33    78   101    94    65    41    30    32
    29    54    55    35    62    83   143   168    99    60    65    49
    35    41    32    37    51    68   110    97    68    57    60    43
    75    64    49    45    71    98   132   145   106   112    98    88
    25    33    33    25    24    31    55    47    41    43    36    33
    38    23    32    28    37    52    58    57    47    69    53    50
    26    24    18    19    27    27    31    36    27    27    38    27
    34    35    13    20    25    41    37    46    36    33    43    45
    59    51    42    35    36    49    73    72    35    56    63    78
    59    59    54    27    34    38    40    47    36    54    61    65
    85    64    42    35    33    46    52    64    40    71    61    75
    58    44    30    23    32    44    31    30    20    36    39    45
    72    70    39    47    58    66    40    43    41    66    52    89
    48    42    28    31    37    41    30    30    30    41    37    42
    64    53    48    38    40    49    46    47    31    64    44    67
    54    57    32    45    48    51    40    49    44    55    44    70
    41    30    39    27    37    23    30    41    38    49    50    34
    45    45    37    42    37    44    45    40    47    51    43    47
    34    30    21    23    28    23    24    32    36    33    33    26
    39    36    44    35    46    45    59    48    49    79    50    53
    25    19    18    29    36    38    38    51    44    43    38    41
    53    52    49    57    90    73    87    90    92    84    55    69
     4
    24    32    31    25    34    53    45    52    35    41    17    32
    26    46    35    42    52    56    74    74    58    54    27    41
    24    15    24    24    23    29    47    56    34    29    24    15
    23    33    22    24    27    36    55    48    35    22    18    15
    17    25    41    31    44    50    74    86    44    37    23    19
    13    13    30    20    43    33    59    39    40    17     7    15
     5    16    25    27    37    47    52    59    31    12    11     4
     6    11    21    20    23    29    43    42    24     6     4     6
     7    19    17    28    30    44    63    69    38     9    13     8
     6    13    16    21    22    33    38    37    16    11     4     9
     9    15    16    25    32    48    69    68    38    11    20     7
    15    19    16    22    38    30    72    70    43    25     8    14
    10    20    18    24    30    61    93    55    29    24    16    12
     9    24    33    45    65    90   116   134    56    42    18    18
    22    17    28    28    41    66    78   109    50    39    34    27
    26    36    46    40    61    84   139   133    96    65    58    50
    36    29    38    27    56    92   122   122    85    68    56    41
    68    69    61    65    79   111   127   167   130    80    74    80
    45    35    27    23    28    49    60    52    50    32    49    41
    44    20    28    32    27    49    72    70    58    57    52    59
    26    12    19    15    20    21    29    37    22    28    35    32
    26    33    27    22    26    30    40    40    29    21    29    37
    59    41    36    31    33    45    56    47    30    48    53    54
    52    26    24    22    25    42    21    35    24    29    34    58
    81    45    28    20    25    30    26    33    23    32    43    71
    61    43    23    22    18    19    18    25     6    22    28    53
    66    48    38    23    33    31    15    13    20    36    33    40
    59    32    25    22    23    23    15    10     6    25    30    47
    44    46    41    30    28    37    12    24    22    41    44    49
    35    45    29    26    31    29    23    21    21    37    36    37
    37    35    22    18    29    28    22    21    21    36    29    40
    41    45    41    35    38    32    22    27    43    34    43    48
    37    25    14    28    34    25    24    18    17    30    34    28
    54    50    34    33    43    39    44    33    45    46    40    50
    32    35    36    22    40    40    32    35    26    37    39    34
    57    63    47    58    63    58    65    77    73    68    48    46
     5
    50    45    66    49    71    59    51    64    56    70    48    50
    47    63    70    79    79    84   102    72    91    89    38    62
    19    50    38    42    56    43    70    46    43    44    27    28
    39    25    42    40    42    59    61    56    47    46    33    14
    37    41    57    55    71    84   102    75    61    32    32    30
    13    20    42    39    60    39    62    42    37    23    13     7
    12    16    27    44    59    71    48    44    25    14    10     3
     7    12    20    44    34    30    50    24    25     9    10     5
     8    12    43    42    56    68    73    36    42    15     6    13
     8     7    27    32    24    41    54    33    24     9     7     4
     5    23    26    55    60    69    71    60    40    20    10    11
    14    18    38    46    52    75    87    67    32    18    13     7
    13    22    27    46    64    91    74    87    45    26    16    12
    21    29    70    79   101   119   166   159    63    65    34    19
    23    38    45    59    87    97   115   155    72    63    28    28
    41    50    79    70   135   201   231   241   174    86    78    46
    47    58    71    65   111   155   199   178   125   101    61    60
    80    80   125   106   160   207   290   282   189   136   124   127
    49    43    61    58    79   123   123   118    93    77    83    68
    61    54    51    58    74   113   110   120   117    90   106    81
    45    33    35    30    43    54    71    65    62    54    39    47
    40    37    36    30    46    33    45    64    45    38    53    50
    58    72    43    42    31    49    55    61    46    61    81    88
    57    43    45    35    35    25    37    39    31    45    45    59
   100    56    38    31    26    33    24    29    33    35    48    86
    75    40    30    12    20    13    10     8    19    23    31    43
    89    52    43    40    38    20    23    15    17    33    40    56
    59    34    22    19    18    20     5     7    10    33    27    29
    80    51    36    35    35    33    18    15    23    37    50    64
    53    37    32    42    29    36    14    15    22    37    46    32
    49    50    37    36    38    34    12    18    24    42    50    56
    99    66    76    49    54    47    24    29    54    92    72    89
    57    57    53    44    46    29    20    18    45    51    61    54
    75    98    79    72    82    63    36    36    74    97    79    91
    62    64    55    56    78    49    45    38    77    79    66    59
    87   101   113   111   128   108    72    93   115   125   118    80
     6
    37    55    65    80    60    47    23    34    63    50    41    52
    42    41    66    76    63    52    45    43    71    59    44    49
    12    22    28    48    41    33    34    27    21    31    16    12
    18    21    46    52    32    23    26    26    32    25    14    24
    24    19    56    40    53    47    34    32    25    17    10    22
     7     5    14    28    25    26    14    23    11    10     3     4
     4     6    18    38    42    41    22    13    12     4     4     5
     2     5    21    31    23    15     8     7     5     3     7     2
     1    12    39    41    41    22    25    14    12     4     6     3
     1     5    16    32    18    21     8     6    17     3     3     0
     4     9    28    58    47    30    30    15    12    12     8     3
     9    20    28    43    49    33    24    18    18     9     7     5
    10     7    33    43    48    53    52    25    21    10     5     4
    23    13    40    82    87    94    75    74    32    29    22    14
    21    17    42    67    80    82    62    70    50    54    18    18
    29    47    66    87   158   183   171   153   119    83    51    34
    33    45    62    84   159   167   186   175   140    85    51    29
    74    61    88   112   192   223   271   272   234   149   119    58
    55    36    56    58   102   117   141   122   131    93    68    53
    51    61    48    62   111   103   122   124    95    98    67    61
    37    38    28    41    39    60    63    58    48    43    36    42
    40    38    38    28    37    28    40    42    49    41    20    28
    52    35    23    24    35    20    37    25    34    40    45    45
    36    26    28    18    19     9    18    12    11    22    16    35
    47    19    24    21    22    10    12     6    11    19    24    24
    22    23    16    17    12    11     5     2     5    19    12    13
    30    14    31    30    26    10     2     4    11    14    15    21
    13    12    21    19    12    10     3     7     9    12    13    16
    27    16    22    28    32    14     3     6    13    22    23    32
    45    39    26    32    37    21     5     4    14    31    29    23
    52    42    30    39    40    24     8     6    17    31    48    35
    94    67    96    63    52    49    11    21    36    59    79   120
    66    54    56    55    54    28     8    18    39    54    67    75
   116   112   119    98    83    51    17    32    66   114   108   115
    65    78    71    65    77    45    40    23    56    78    87    89
    91   115   126   134   113    81    65    50    92   109   132   107
     7
    19    30    46    37    35    20     6     8    35    16    22    27
    18    15    39    27    30    16    10     8    19    31    17    22
     8    11    21    24    12     3     5     2     3    22    13     6
     1     7    21    13    13     8     4     9     3     6     6    15
     5     8    28    16    22    10     6     6     5     6     4     4
     1     2     9     9     8     4     2     7     8     2     4     0
     0     2     8    21    11     3     5     4     3     2     1     0
     0     1     3     6     2     6     4     0     3     1     4     0
     1     3    14    20    16     8     1     0     5     0     0     1
     0     0     4    16     8     4     3     0     2     0     0     1
     1     3     6    27    18    10     9     4     2     1     1     2
     0     2    15    21    10    15     5     7     1     4     5     4
     2     3    16    16    26    18    14     4     2     3     4     0
     1     1    17    27    28    32    25    15    10     3     3     2
    12     4    13    28    34    29    24    12    13     8     3     5
    12    11    27    56    77    74    60    45    48    37    13    10
    17    12    25    62    90    81    65    53    71    41    29    17
    33    39    40    60   125   134   109   114   136    67    55    21
    20    22    27    37    47    71    62    57    61    47    31    21
    19    23    21    33    58    59    58    52    38    46    49    37
    11    14    28    22    24    19    22    11    16    29    15    17
    11     8     8    13     8     7    10     7    10    11     8     7
     8    15    12    15     9    10    13     4    10     6    12    10
     9    10     8     4     4     5     3     1     1     5     3     3
     8     8     9    12     6    10     0     2     3     2     6     2
     2     3    10    10     3     3     0     0     1     2     1     4
    10     6     8    18    16     5     0     4     3     1     4     6
     5     4     6    10     7     3     0     2     2     5     5     4
    11     7    12    21    13     5     0     1     2     8     9     7
    25     8     7    12    11     9     0     3     6    10    15    10
    22    12    17    29    17    11     2     2    12    22    31    21
    28    19    51    42    35    14    10    10    14    24    46    45
    48    33    42    40    26    18     3     4    20    38    40    37
    55    80    69    79    51    23     8    12    31    43    68    71
    39    49    67    37    33    22     7    11    24    39    58    51
    74    84    66    96    60    23    17    20    39    61    54    57
     8
    21    30    46    37    27    13     5     3    12    33    21    20
     6    15    33    20    26    11     6     4    10    19    17    19
     2     4    15    15     9     4     2     0     2     2    12    10
     0     6     8     7     8     2     5     0     1     2     6     1
     0     3    16    13    20     6     1     3     2     2     7     1
     0     0     2     8     2     2     0     4     0     1     5     1
     0     0     9    12     3     5     3     0     0     0     4     0
     0     1     2     3     2     0     0     1     0     0     0     0
     0     4    10    16    15     6     1     1     0     0     0     0
     0     2     5     8     5     4     0     0     1     1     0     1
     0     3     8    16    25     9     1     2     0     3     1     0
     1     1     5    16     4     6     3     0     1     3     0     2
     1     2    12    23    10     5     2     2     2     5     1     0
     2     2    14    29    26    16    10     8     5     3     0     2
     4     8    22    18    26    17     8     7     5    10     1     2
     5     8    21    53    67    72    17    18    35    18    10     8
    11    10    36    59    73    57    26    29    50    40    21     6
    27    15    47   101   126   119    57    62    84    52    25    12
    14    11    44    62    71    52    40    38    32    44    11    22
    16    13    26    47    76    39    39    34    23    26    19    28
     8     5    14    14    21    16     7     6    13    16     7     7
     4     3    17    10    14     2     3     3     3     5     2     8
     2     6    15     8     5     6     6     2     5     4     8     4
     2     3     6     4    11     2     0     1     0     2     4     2
     1     1     7     7     6     6     0     1     3     4     4     1
     2     1     2     7     4     5     0     1     0     2     0     3
     2     0     7     8     6     4     0     0     1     2     0     5
     3     0     9     7     4     7     0     1     2     1     3     3
     7     9    13    19    13     9     0     2     1     6     3     2
     6     7     9    20     7     7     1     3     4    18    10     4
    31    11    28    32    18     7     0     1     9    14    28    18
    51    34    74    68    26    15     6     9     9    38    54    63
    40    44    48    55    28    24     4     1    12    29    40    52
    88    69   122    97    35    23     3    11    19    35    60    86
    67    53    79    72    29    21     5     8    20    44    44    75
    65    83    92    96    44    24     9     9    32    49    55    48
     9
     4     5    11    12     7     1     1     0     4     6     9     5
     2     2     8     2    13     1     0     1     1     3     7     3
     0     0     2     5     3     0     0     0     1     2     4     2
     0     0     2     2     1     0     0     0     0     0     2     1
     0     1     5     4     2     1     1     0     0     0     0     0
     0     0     1     1     0     1     0     0     0     0     0     0
     0     1     3     2     3     1     1     0     0     0     0     0
     0     0     0     1     2     0     0     0     0     0     0     0
     0     0     3     1     1     1     1     1     0     0     0     0
     1     0     0     2     0     0     1     0     0     0     0     0
     0     0     0     2     4     3     0     0     0     0     0     0
     0     0     3    11     0     1     0     0     0     0     0     0
     0     0    10     7     2     0     0     0     0     0     0     0
     0     2    10     8     4     5     0     0     0     0     0     0
     1     0     3     5     3     6     0     0     0     0     0     0
     1     3    12    18    14    14     1     3     3     4     1     1
     0     2    10    19    22     8     8     1     5     8     3     3
     4     1    20    39    22    27     3    11    20    17     5     4
     0     4    13    20    13     9     2     6     7     9     5     5
     3     3     6    18    14     6     2     6     4    11     2     3
     2     0     3     6     7     7     2     0     1     1     0     1
     2     0     2     3     2     0     0     0     1     0     1     4
     0     1     6     0     1     1     1     0     0     0     0     1
     0     0     2     4     1     0     0     0     0     0     0     0
     0     1     2     3     1     0     0     0     0     0     2     0
     0     0     1     2     0     0     0     0     0     2     1     0
     0     0     2     3     2     2     0     0     0     1     0     1
     1     0     1     5     1     0     0     0     0     0     0     1
     3     1     1     4     6     3     0     1     0     2     1     1
     1     0     6     1     4     2     0     2     1     2     2     4
    13     2    11    16     0     1     0     1     1     2    14     6
    13     7    26    23     6     6     0     2     2    10    22    27
    18    13    16    14     2     5     1     0     4    10    14     7
    25    27    26    40     8     8     3     7     4     8    18    23
    17    26    25    30    10     7     0     2     2    17    10    15
    21    22    27    27    11     1     0     2     7    10    17    11
    10
     3     3     5     5     1     0     0     0     0     2     4     0
     4     1     3     3     6     1     0     0     1     2     6     0
     0     0     0     3     0     0     0     0     0     0     0     0
     0     1     1     1     0     0     0     0     0     1     0     0
     0     0     0     0     0     1     0     0     0     0     0     0
     0     1     0     1     0     0     0     0     0     0     1     0
     0     0     1     0     0     1     0     0     0     0     0     0
     0     0     0     3     0     1     0     0     0     0     0     0
     0     0     0     1     1     0     0     0     0     0     0     0
     0     0     0     0     0     1     0     0     0     0     0     0
     0     0     0     2     5     1     0     0     0     0     0     0
     0     0     1     2     0     0     0     1     0     0     0     0
     0     0     2     5     0     0     0     0     0     0     0     0
     0     0     3     6     2     1     1     0     1     0     0     0
     0     0     4     6     0     1     0     0     1     0     0     0
     0     1     5    14    12     5     0     0     0     2     1     1
     0     1     5    16    20    13     2     0     4     7     0     0
     0     2    19    19    24    17     2     2     8     4     6     0
     0     1    12    10    12     8     1     3     3     2     0     0
     0     0     5     6    13    10     1     1     5     2     0     1
     2     0     4     5     5     2     1     0     1     2     1     1
     1     0     2     0     0     1     0     1     1     0     0     1
     0     0     0     1     1     0     0     0     0     0     0     0
     0     0     2     1     2     1     0     0     0     0     0     1
     0     0     1     1     0     0     0     0     0     0     1     0
     0     0     1     1     0     1     0     0     0     0     0     0
     0     0     0     1     1     0     0     0     0     0     0     0
     1     0     3     0     5     1     0     0     0     0     0     1
     0     0     4     3     1     0     0     0     0     1     0     0
     1     3     4     8     5     2     0     0     2     0     2     2
     8     2     4     5     5     3     0     1     1     1     7     7
    16     8    14    26     3     1     0     0     0     7    15    17
    12     9    14    16     2     2     0     0     2     7    13    12
    23    17    19    30    11     2     1     1     1    10    25    19
    12    23    22    24     4     8     0     1     1     9    11    13
    12    19    17    26     2     1     0     0     3     3     9     5
    11
     2     0    14     4     1     0     0     0     2     1     2     2
     4     0     0     2     2     0     1     0     0     0     0     0
     0     0     0     1     0     0     0     0     0     1     0     0
     0     1     0     0     1     0     0     0     0     0     0     0
     0     2     0     0     0     0     0     0     0     0     0     0
     0     0     1     0     0     1     0     0     0     0     0     0
     0     0     3     0     0     0     0     0     0     0     0     0
     0     0     0     1     0     0     0     0     0     0     0     0
     0     0     0     0     0     0     0     0     0     0     0     0
     0     0     0     0     2     0     1     0     0     0     0     0
     0     0     0     0     0     0     0     0     0     0     0     0
     0     0     0     2     0     0     0     1     0     0     0     0
     0     0     2     4     0     0     0     1     0     0     0     0
     0     0     3     4     2     1     0     0     0     0     0     0
     0     0     1     0     3     1     0     0     0     0     0     0
     0     0     3    11     5     6     0     0     0     2     0     0
     0     1     5    11     8     4     0     0     1     1     2     0
     0     2     7    17    14    11     0     0     3     2     0     0
     0     0     1     4     8     6     0     1     2     3     0     0
     0     0     8     8     8     5     0     0     0     1     0     1
     0     0     5     1     4     1     0     0     1     0     0     0
     0     0     0     0     2     4     0     0     0     1     0     0
     0     0     4     0     1     0     0     0     0     0     0     0
     0     0     1     0     1     0     0     0     0     0     0     0
     0     0     4     1     0     0     0     0     0     0     0     0
     0     0     3     1     0     0     0     0     0     0     0     0
     0     0     0     4     2     1     0     0     0     0     0     0
     0     0     3     3     0     0     0     0     0     0     0     0
     0     0     4     5     1     3     0     0     0     0     0     0
     1     0     2     9     2     1     0     0     1     2     2     0
     8     1     3     4     3     0     0     0     1     3     5     4
    18     6    29    16     4     0     0     0     0     7     8    15
    10     8     8    13     1     0     0     0     0     5    13    12
    16    17    27    29     5     1     0     0     2     6    17    20
     7    15    29    12     1     1     0     0     0     4    14    11
    14     9    10    15     6     0     0     0     1     5     8     7
    12
     0     0     2     0     0     0     0     0     0     0     2     0
     0     0     0     2     0     0     0     0     0     1     1     0
     0     0     0     0     0     0     0     0     0     0     1     0
     0     0     0     0     0     0     0     0     0     0     1     0
     0     0     0     0     0     0     0     0     0     0     0     0
     0     0     0     0     0     0     0     0     0     0     0     0
     0     0     0     0     1     0     0     0     0     0     0     0
     0     0     0     0     0     0     0     0     0     0     0     0
     0     0     0     0     0     0     0     0     0     0     0     0
     0     0     0     0     0     0     0     0     0     0     0     0
     0     0     0     1     3     0     0     0     0     0     0     0
     0     0     0     0     0     0     0     0     0     0     0     0
     0     0     0     0     0     0     0     0     0     0     0     0
     0     0     0     1     0     0     0     0     0     0     0     0
     0     0     0     0     0     0     0     0     0     0     0     0
     0     0     1     1     4     1     0     0     0     0     0     0
     0     1     2     2     6     0     0     0     0     2     0     0
     0     0     4    10     3     4     0     0     1     0     0     0
     2     0     1     7     0     2     0     0     0     0     0     0
     0     0     1     1     0     0     0     0     0     0     0     0
     0     0     0     0     2     0     0     0     0     0     0     0
     0     0     2     0     0     0     0     0     0     0     0     0
     0     0     1     0     0     0     0     0     0     0     0     0
     0     0     1     0     0     0     0     0     0     0     0     0
     0     0     1     1     0     0     0     0     0     0     0     0
     0     0     1     1     0     0     0     0     0     0     0     0
     0     0     2     1     0     1     0     0     0     0     0     0
     0     0     1     1     1     1     1     0     0     0     0     0
     1     0     5     0     0     0     0     0     0     0     0     0
     1     0     4     4     0     0     0     0     0     0     0     0
     0     0     4     2     1     0     0     0     0     4     2     1
    13     2     9    10     2     1     0     0     0     5     1    14
     4     2     6     4     1     0     0     0     0     3     6     3
     2     6     5    10     1     0     0     0     0     0     8     2
     5    14     5     2     0     0     1     0     0     0     2     2
    10     3     4     2     1     0     0     0     1     1     2     0
    13
     0     0     1     0     0     0     0     0     0     0     0     0
     0     0     0     1     0     0     0     0     0     0     0     0
     0     0     0     0     0     0     0     0     0     0     0     0
     0     0     0     0     0     0     0     0     0     0     1     0
     0     0     0     0     0     0     0     0     0     0     1     0
     0     0     0     0     0     0     0     0     0     0     0     0
     0     0     0     0     0     0     0     0     0     0     0     0
     0     0     0     0     0     0     0     0     0     0     0     0
     0     0     0     0     0     0     0     0     0     0     0     0
     0     0     0     0     0     0     0     0     0     0     0     0
     0     0     0     0     1     0     0     0     0     0     0     0
     0     0     0     0     0     0     0     0     0     0     0     0
     0     0     0     0     0     0     0     0     0     0     0     0
     0     0     0     0     0     0     0     0     0     0     0     0
     0     0     0     0     0     0     0     0     0     0     0     0
     0     0     0     0     0     0     0     0     0     0     0     0
     0     0     0     2     0     0     0     0     0     0     0     0
     0     0     0     1     0     0     0     0     0     0     0     0
     0     0     0     0     0     1     0     0     0     0     0     0
     0     0     1     0     0     0     0     0     0     0     0     0
     0     0     0     0     0     0     0     0     0     0     0     0
     0     0     0     0     0     0     0     0     0     0     0     0
     0     0     0     0     0     0     0     0     0     0     0     0
     0     0     0     0     0     0     0     0     0     0     0     0
     0     0     1     0     0     0     0     0     0     0     0     0
     0     0     0     1     0     0     0     0     0     0     0     0
     0     0     1     0     0     0     0     0     0     0     0     0
     0     0     1     0     0     0     0     0     0     0     0     0
     0     0     1     0     0     0     0     0     0     0     0     0
     0     0     1     0     0     0     0     0     0     0     0     0
     1     0     0     3     0     0     0     0     0     1     0     1
     3     0     1     1     0     0     0     0     0     1     0     0
     1     1     3     2     0     0     0     0     0     0     1     0
     0     2     2     1     0     0     0     0     0     0     0     1
     0     4     2     0     0     0     0     0     0     0     1     1
     0     0     1     0     0     0     0     0     0     0     3     1
    14
     0     0     1     0     0     0     0     0     0     0     0     0
     0     0     0     0     0     0     0     0     0     0     0     0
     0     0     0     0     0     0     0     0     0     0     0     0
     0     0     0     0     0     0     0     0     0     0     0     0
     0     0     0     0     0     0     0     0     0     0     0     0
     0     0     0     0     0     0     0     0     0     0     0     0
     0     0     0     0     0     0     0     0     0     0     0     0
     0     0     0     0     0     0     0     0     0     0     0     0
     0     0     0     0     0     0     0     0     0     0     0     0
     0     0     0     0     0     0     0     0     0     0     0     0
     0     0     0     0     0     0     0     0     0     0     0     0
     0     0     0     0     0     0     0     0     0     0     0     0
     0     0     0     0     0     0     0     0     0     0     0     0
     0     0     0     0     0     0     0     0     0     0     0     0
     0     0     0     0     0     0     0     0     0     0     0     0
     0     0     0     1     1     0     0     0     0     0     0     0
     0     0     0     0     1     0     0     0     0     0     0     0
     0     0     0     2     0     0     0     0     0     0     0     0
     0     0     0     1     0     0     0     0     0     0     0     0
     0     0     0     1     0     0     0     0     0     0     0     0
     0     0     0     0     0     0     0     0     0     0     0     0
     0     0     1     0     0     0     0     0     0     0     0     0
     0     0     0     0     0     0     0     0     0     0     0     0
     0     0     0     0     0     0     0     0     0     0     0     0
     0     0     0     2     0     0     0     0     0     0     0     0
     0     0     0     1     0     0     0     0     0     0     0     0
     0     0     0     0     0     1     0     0     0     0     0     0
     0     0     1     0     0     0     0     0     0     0     0     0
     0     0     1     0     0     0     0     0     0     0     0     0
     0     0     0     2     0     0     0     0     0     0     0     0
     0     0     1     2     0     0     0     0     0     0     0     0
     3     0     1     2     1     0     0     0     0     0     0     4
     0     0     6     1     0     0     0     0     0     0     0     1
     1     1     3     0     0     0     1     0     0     1     2     0
     2     0     0     0     0     0     0     0     0     0     1     0
     0     0     0     1     0     0     0     0     0     0     0     0
    15
     0     0     0     0     0     0     0     0     0     0     0     0
     0     0     0     0     0     0     0     0     0     0     0     0
     0     0     0     0     0     0     0     0     0     0     0     0
     0     0     0     0     0     0     0     0     0     0     0     0
     0     0     0     0     0     0     0     0     0     0     0     0
     0     0     0     0     0     0     0     0     0     0     0     0
     0     0     0     0     0     0     0     0     0     0     0     0
     0     0     0     0     0     0     0     0     0     0     0     0
     0     0     0     0     0     0     0     0     0     0     0     0
     0     0     0     0     0     0     0     0     0     0     0     0
     0     0     0     0     0     0     0     0     0     0     0     0
     0     0     0     0     0     0     0     0     0     0     0     0
     0     0     0     0     0     0     0     0     0     0     0     0
     0     0     0     0     0     0     0     0     0     0     0     0
     0     0     0     0     0     0     0     0     0     0     0     0
     0     0     0     0     0     0     0     0     0     0     0     0
     0     0     0     0     0     0     0     0     0     0     0     0
     0     0     0     0     0     0     0     0     0     0     0     0
     0     0     0     0     0     0     0     0     0     0     0     0
     0     0     0     0     0     0     0     0     0     0     0     0
     0     0     0     0     0     0     0     0     0     0     0     0
     0     0     0     0     0     0     0     0     0     0     0     0
     0     0     0     0     0     0     0     0     0     0     0     0
     0     0     0     0     0     0     0     0     0     0     0     0
     0     0     0     0     0     0     0     0     0     0     0     0
     0     0     0     0     0     0     0     0     0     0     0     0
     0     0     0     0     0     0     0     0     0     0     0     0
     0     0     0     0     0     0     0     0     0     0     0     0
     0     0     0     0     0     0     0     0     0     0     0     0
     0     0     0     1     0     0     0     0     0     0     0     0
     0     0     0     0     0     0     0     0     0     0     0     0
     0     0     1     1     0     0     0     0     0     0     0     1
     0     0     0     0     0     0     0     0     0     0     0     0
     0     0     0     0     0     0     0     0     0     0     2     0
     0     1     0     0     0     0     0     0     0     0     1     0
     0     0     1     0     0     0     0     0     0     0     0     0
    16
     0     0     0     0     0     0     0     0     0     0     0     0
     0     0     0     0     0     0     0     0     0     0     0     0
     0     0     0     0     0     0     0     0     0     0     0     0
     0     0     0     0     0     0     0     0     0     0     0     0
     0     0     0     0     0     0     0     0     0     0     0     0
     0     0     0     0     0     0     0     0     0     0     0     0
     0     0     0     0     0     0     0     0     0     0     0     0
     0     0     0     0     0     0     0     0     0     0     0     0
     0     0     0     0     0     0     0     0     0     0     0     0
     0     0     0     0     0     0     0     0     0     0     0     0
     0     0     0     0     0     0     0     0     0     0     0     0
     0     0     0     0     0     0     0     0     0     0     0     0
     0     0     0     0     0     0     0     0     0     0     0     0
     0     0     0     0     0     0     0     0     0     0     0     0
     0     0     0     0     0     0     0     0     0     0     0     0
     0     0     0     0     0     0     0     0     0     0     0     0
     0     0     0     0     0     0     0     0     0     0     0     0
     0     0     0     1     0     0     0     0     0     0     0     0
     0     0     0     1     0     0     0     0     0     0     0     0
     0     0     0     0     0     0     0     0     0     0     0     0
     0     0     0     0     0     0     0     0     0     0     0     0
     0     0     0     0     0     0     0     0     0     0     0     0
     0     0     0     0     0     0     0     0     0     0     0     0
     0     0     0     0     0     0     0     1     0     0     0     0
     0     0     0     0     0     0     0     0     0     0     0     0
     0     0     0     0     0     0     0     0     0     0     0     0
     0     0     0     0     0     0     0     0     0     0     0     0
     0     0     0     0     0     0     0     0     0     0     0     0
     0     0     0     0     0     0     0     0     0     0     0     0
     0     0     0     0     1     0     0     0     0     0     0     0
     0     0     0     1     0     0     0     0     0     0     0     0
     0     0     1     2     1     0     0     0     0     0     0     1
     0     0     0     0     0     0     0     0     0     0     0     0
     0     0     1     0     0     0     0     0     0     0     2     0
     0     0     0     0     0     0     0     0     0     0     0     0
     0     0     0     0     0     0     0     0     0     0     0     0
    17
     0     0     0     0     0     0     0     0     0     0     0     0
     0     0     0     0     0     0     0     0     0     0     0     0
     0     0     0     0     0     0     0     0     0     0     0     0
     0     0     0     0     0     0     0     0     0     0     0     0
     0     0     0     0     0     0     0     0     0     0     0     0
     0     0     0     0     0     0     0     0     0     0     0     0
     0     0     0     0     0     0     0     0     0     0     0     0
     0     0     0     0     0     0     0     0     0     0     0     0
     0     0     0     0     0     0     0     0     0     0     0     0
     0     0     0     0     0     0     0     0     0     0     0     0
     0     0     0     0     0     0     0     0     0     0     0     0
     0     0     0     0     0     0     0     0     0     0     0     0
     0     0     0     0     0     0     0     0     0     0     0     0
     0     0     0     0     0     0     0     0     0     0     0     0
     0     0     0     0     0     0     0     0     0     0     0     0
     0     0     0     0     0     0     0     0     0     0     0     0
     0     0     0     0     0     0     0     0     0     0     0     0
     0     0     0     0     0     0     0     0     0     0     0     0
     0     0     0     0     0     0     0     0     0     0     0     0
     0     0     0     0     0     0     0     0     0     0     0     0
     0     0     0     0     0     0     0     0     0     0     0     0
     0     0     0     0     0     0     0     0     0     0     0     0
     0     0     0     0     0     0     0     0     0     0     0     0
     0     0     0     0     0     0     0     0     0     0     0     0
     0     0     0     0     0     0     0     0     0     0     0     0
     0     0     0     0     0     0     0     0     0     0     0     0
     0     0     0     0     0     0     0     0     0     0     0     0
     0     0     0     0     0     0     0     0     0     0     0     0
     0     0     0     0     0     0     0     0     0     0     0     0
     0     0     0     0     0     0     0     0     0     0     0     0
     0     0     0     0     0     0     0     0     0     0     0     0
     0     0     0     0     0     0     0     0     0     0     0     0
     0     0     0     0     0     0     0     0     0     0     0     0
     0     0     0     0     0     0     0     0     0     0     0     0
     0     0     0     0     0     0     0     0     0     0     0     0
     0     0     0     0     0     0     0     0     0     0     0     0
    18
     0     0     0     0     0     0     0     0     0     0     0     0
     0     0     0     0     0     0     0     0     0     0     0     0
     0     0     0     0     0     0     0     0     0     0     0     0
     0     0     0     0     0     0     0     0     0     0     0     0
     0     0     0     0     0     0     0     0     0     0     0     0
     0     0     0     0     0     0     0     0     0     0     0     0
     0     0     0     0     0     0     0     0     0     0     0     0
     0     0     0     0     0     0     0     0     0     0     0     0
     0     0     0     0     0     0     0     0     0     0     0     0
     0     0     0     0     0     0     0     0     0     0     0     0
     0     0     0     0     0     0     0     0     0     0     0     0
     0     0     0     0     0     0     0     0     0     0     0     0
     0     0     0     0     0     0     0     0     0     0     0     0
     0     0     0     0     0     0     0     0     0     0     0     0
     0     0     0     0     0     0     0     0     0     0     0     0
     0     0     0     0     0     0     0     0     0     0     0     0
     0     0     0     0     0     0     0     0     0     0     0     0
     0     0     0     0     0     0     0     0     0     0     0     0
     0     0     0     0     0     0     0     0     0     0     0     0
     0     0     0     0     0     0     0     0     0     0     0     0
     0     0     0     0     0     0     0     0     0     0     0     0
     0     0     0     0     0     0     0     0     0     0     0     0
     0     0     0     0     0     0     0     0     0     0     0     0
     0     0     0     0     0     0     0     0     0     0     0     0
     0     0     0     0     0     0     0     0     0     0     0     0
     0     0     0     0     0     0     0     0     0     0     0     0
     0     0     0     0     0     0     0     0     0     0     0     0
     0     0     0     0     0     0     0     0     0     0     0     0
     0     0     0     0     0     0     0     0     0     0     0     0
     0     0     0     0     0     0     0     0     0     0     0     0
     0     0     0     0     0     0     0     0     0     0     0     0
     0     0     0     0     0     0     0     0     0     0     0     0
     0     0     0     0     0     0     0     0     0     0     0     0
     0     0     0     0     0     0     0     0     0     0     0     0
     0     0     0     0     0     0     0     0     0     0     0     0
     0     0     0     0     0     0     0     0     0     0     0     0
    19
     0     0     0     0     0     0     0     0     0     0     0     0
     0     0     0     0     0     0     0     0     0     0     0     0
     0     0     0     0     0     0     0     0     0     0     0     0
     0     0     0     0     0     0     0     0     0     0     0     0
     0     0     0     0     0     0     0     0     0     0     0     0
     0     0     0     0     0     0     0     0     0     0     0     0
     0     0     0     0     0     0     0     0     0     0     0     0
     0     0     0     0     0     0     0     0     0     0     0     0
     0     0     0     0     0     0     0     0     0     0     0     0
     0     0     0     0     0     0     0     0     0     0     0     0
     0     0     0     0     0     0     0     0     0     0     0     0
     0     0     0     0     0     0     0     0     0     0     0     0
     0     0     0     0     0     0     0     0     0     0     0     0
     0     0     0     0     0     0     0     0     0     0     0     0
     0     0     0     0     0     0     0     0     0     0     0     0
     0     0     0     0     0     0     0     0     0     0     0     0
     0     0     0     0     0     0     0     0     0     0     0     0
     0     0     0     0     0     0     0     0     0     0     0     0
     0     0     0     0     0     0     0     0     0     0     0     0
     0     0     0     0     0     0     0     0     0     0     0     0
     0     0     0     0     0     0     0     0     0     0     0     0
     0     0     0     0     0     0     0     0     0     0     0     0
     0     0     0     0     0     0     0     0     0     0     0     0
     0     0     0     0     0     0     0     0     0     0     0     0
     0     0     0     0     0     0     0     0     0     0     0     0
     0     0     0     0     0     0     0     0     0     0     0     0
     0     0     0     0     0     0     0     0     0     0     0     0
     0     0     0     0     0     0     0     0     0     0     0     0
     0     0     0     0     0     0     0     0     0     0     0     0
     0     0     0     0     0     0     0     0     0     0     0     0
     0     0     0     0     0     0     0     0     0     0     0     0
     0     0     0     0     0     0     0     0     0     0     0     0
     0     0     0     0     0     0     0     0     0     0     0     0
     0     0     0     0     0     0     0     0     0     0     0     0
     0     0     1     0     0     0     0     0     0     0     0     0
     0     0     0     0     0     0     0     0     0     0     0     0
    20
     0     0     0     0     0     0     0     0     0     0     0     0
     0     0     0     0     0     0     0     0     0     0     0     0
     0     0     0     0     0     0     0     0     0     0     0     0
     0     0     0     0     0     0     0     0     0     0     0     0
     0     0     0     0     0     0     0     0     0     0     0     0
     0     0     0     0     0     0     0     0     0     0     0     0
     0     0     0     0     0     0     0     0     0     0     0     0
     0     0     0     0     0     0     0     0     0     0     0     0
     0     0     0     0     0     0     0     0     0     0     0     0
     0     0     0     0     0     0     0     0     0     0     0     0
     0     0     0     0     0     0     0     0     0     0     0     0
     0     0     0     0     0     0     0     0     0     0     0     0
     0     0     0     0     0     0     0     0     0     0     0     0
     0     0     0     0     0     0     0     0     0     0     0     0
     0     0     0     0     0     0     0     0     0     0     0     0
     0     0     0     0     0     0     0     0     0     0     0     0
     0     0     0     0     0     0     0     0     0     0     0     0
     0     0     0     0     0     0     0     0     0     0     0     0
     0     0     0     0     0     0     0     0     0     0     0     0
     0     0     0     0     0     0     0     0     0     0     0     0
     0     0     0     0     0     0     0     0     0     0     0     0
     0     0     0     0     0     0     0     0     0     0     0     0
     0     0     0     0     0     0     0     0     0     0     0     0
     0     0     0     0     0     0     0     0     0     0     0     0
     0     0     0     0     0     0     0     0     0     0     0     0
     0     0     0     0     0     0     0     0     0     0     0     0
     0     0     0     0     0     0     0     0     0     0     0     0
     0     0     0     0     0     0     0     0     0     0     0     0
     0     0     0     0     0     0     0     0     0     0     0     0
     0     0     0     0     0     0     0     0     0     0     0     0
     0     0     0     0     0     0     0     0     0     0     0     0
     0     0     0     0     0     0     0     0     0     0     0     0
     0     0     0     0     0     0     0     0     0     0     0     0
     0     0     1     0     0     0     0     0     0     0     0     0
     0     0     0     0     0     0     0     0     0     0     0     0
     0     0     0     0     0     0     0     0     0     0     0     0
