17
Norfolk, NE 14941
     0
     -11.200      -7.900       -.700       6.000      13.800      19.300
      22.700      21.100      15.600       8.800        .000      -8.900
      -4.000      -1.800       3.200      11.100      18.200      23.200
      26.700      25.000      20.000      13.800       4.400      -2.800
       1.700       3.200       8.800      17.200      22.700      27.700
      30.000      28.200      24.300      18.200      10.000       1.700
      52.000      53.000      45.000      33.000      38.000      41.000
      45.000      47.000      41.000      36.000      46.000      56.000
      64.000      66.000      63.000      51.000      55.000      55.000
      57.000      60.000      57.000      51.000      62.000      68.000
      75.000      77.000      79.000      74.000      75.000      72.000
      71.000      76.000      75.000      72.000      79.000      79.000
       3.100       3.100       3.500       3.500       3.100       2.700
       2.700       2.700       2.700       3.100       3.100       3.100
       4.400       4.400       5.200       5.200       4.800       4.000
       3.500       3.500       4.400       4.400       4.800       4.400
       6.300       5.900       6.800       7.200       6.300       5.500
       5.200       5.200       5.500       5.900       6.300       5.900
     320.000     330.000     330.000     340.000     170.000     170.000
     170.000     170.000     170.000     330.000     330.000     320.000
     1
      -4.658      -2.030       4.128      11.866      18.246      23.579
      26.346      24.710      19.914      13.681       4.662      -3.583
      63.017      64.946      61.667      53.724      56.040      56.905
      58.671      61.502      58.465      54.111      61.991      67.089
     2
     3     6     5     3     9     6    11     6     5     4     7     4
     2     8     5     7     9    18    14    12    14     6     5     6
     7     4     3     4     5     5     6     3     3     5     1     0
     2    10     5     5     8     8     9     7    12     5     4     4
     6     8     8     8    11    14    21    11    13    11     7     6
     5     9     3     4    13    15    12    13     9    10     6     4
     7    11     6     8    14    28    16    22    17     2    11     4
     2     7     2    13     8     9    12    16     6    10     5     6
    11    18     8    20    16    26    28    24    14     5    15    14
    10    12     4     8    17    11    14    22    11     4     7     7
    10    13    17    10    20    37    31    36    19    17     7     3
    11    10     7    17    19    16    21    29    19    18    14    16
     6     6     8     4    13    12    24    21    10     8     5     6
     9    14    22    12    19    33    27    34    18    13    15     8
     5     3     4     6     6    11    12    14    14     7     7     6
    12    15    10    10    15    19    23    26    12    13     6     7
     6     7     7     5     5     8    19     9    11     9     3    12
    18    13     8    10    12    18    28    35    16    15    12    23
     3     4     5     4     4     8     7     9     9     2     5     6
     7     9    13    10     6    10    14    17    14    11    15    17
    13     8     6     1     7     4     8     5     1     6     4     8
    13    12     7     4     9    12    13    18    13     4     3    11
    15    11     9     8     6    11    13    22    10    16    13    13
     7     8     7     7     8     9     9    11    13     9     9     5
    21    11     8     3    11    13     8    17    10     6    11    10
     8     3     2     3     8    12     6     8     4    13     7     8
    16    11     8    16    10    14    25    17    19    16    15    17
     6    14     5     8    14    17    15    18     4    14     6    10
    24    19    12    12    17    17    15    19    13    17     7    13
    11    14    12     9    16    12    17    14    24    10    13    11
     8     8     7    11     9    13    17    11     4     7    11     9
    15    16    14    17    18    23    27    16     9    15    16    11
     7     6     6     5     8    12    11     6     9     9     4     8
    18    14    11    12    17    21    25    31    21    11     9    10
     7    11     6     9     6    12    10     9     6    10     5     5
     8    12    11    16    12    16    21    16    18    14     5     8
     3
    16    15    21    18    20    28    28    24    28    25    17    14
    17    18    23    32    38    54    61    57    37    26    20    14
     7     8     7    18    23    16    30    15    23    12     9     9
    11    16    18    20    42    37    44    42    29    27    14     9
    17    15    26    34    56    68    69    56    46    28    19    19
    11    18    28    24    38    48    62    38    27    20    19     5
    14    24    21    27    49    51    71    64    36    19    31    15
     9    14    18    15    35    41    70    45    20    21    14     9
    12    38    23    32    65    75    82    95    57    24    13    15
    12    22    22    24    31    44    61    54    29    20    20    14
    28    37    31    35    60    92   115    82    57    34    24    18
    24    34    32    43    59    85    85    99    52    30    42    29
    27    30    31    19    47    65    85    75    43    31    42    14
    28    47    44    63    61   102   137   166    77    49    48    33
    20    22    23    15    25    39    64    52    40    40    22    17
    39    35    40    39    57    91   132   145    84    54    36    43
    27    25    23    18    30    45    64    72    37    36    24    13
    60    65    34    35    54    78   127   124    83    70    64    59
    29    35    20    24    27    38    57    62    42    33    27    36
    50    41    37    34    32    78    71    93    67    45    46    42
    25    20    17    15    25    20    36    44    25    37    17    22
    34    19    23    14    18    25    47    41    22    24    30    20
    50    27    26    20    21    35    45    41    33    21    24    35
    32    27    17    12    21    33    40    34    19    20    11    37
    35    18    19    14    13    23    28    40    22    19    22    26
    22    19    24     8    17    33    30    42    20    10    15    16
    51    36    41    21    32    43    39    49    31    42    28    35
    42    30    15    19    21    28    27    33    23    29    24    30
    50    41    48    31    29    48    44    38    42    54    31    59
    47    39    27    33    32    73    47    51    52    57    39    50
    35    24    21    22    32    38    39    41    31    37    20    30
    36    51    41    49    38    61    71    52    48    66    50    42
    41    16    13    20    34    35    35    27    21    33    27    16
    37    35    44    43    52    66    73    58    39    68    40    25
    21    25    23    24    38    44    32    34    26    34    21    17
    25    24    47    42    67    72    67    68    58    50    40    33
     4
    13    18    15    19    28    27    19    39    14    20    20     8
     7    22    26    23    27    48    36    27    27    26    19    15
    11     6     5    14    25    17    20    18    17    18    10     4
     9    15    12    28    30    28    38    25    20    15    13     8
    17    21    24    28    43    50    39    35    19    17    14    12
    12    12    24    27    26    42    48    32    21     8     8    11
    15    15    33    25    40    41    54    26    30     8     9     7
     9     6     9    19    24    38    27    30     7     8     7     2
    10    18    34    41    47    53    56    50    33     9    11    10
     5     8    11    23    23    33    40    30    27    13    14     7
    13    19    30    34    43    67    68    53    32    21    10     9
    12    19    21    22    52    59    42    58    27    26    26    12
    15    21    19    20    37    35    42    45    23    20    18    13
    22    36    45    31    70    76    90   100    48    45    39    35
    17    19    21    15    37    47    43    55    28    33    23     7
    25    35    40    45    59    72   111   127    65    50    46    35
    13    28    31    30    42    71    77    87    41    47    26    21
    46    46    36    43    59   116   146   135    97    77    65    43
    35    34    30    19    31    39    74    41    42    48    41    33
    50    39    36    30    44    64    90    74    65    54    42    66
    23    24    19    17    27    34    39    43    33    26    18    31
    50    15    17    15    15    27    45    30    23    23    16    37
    39    23    22    19    19    36    35    30    28    28    26    32
    29    14    10    13     8    21    27    27    19    18    19    28
    28    19    15    11    10    17    12    18     7    10    19    12
    19    12    15    12    11    17    11    14    14     6    15    21
    34    25    13    21    16    21    30    31    13    16    20    24
    33    31    16    20    20    21    16    20    14    22    19    24
    44    41    22    20    25    21    22    23    26    39    30    38
    50    30    15    29    25    40    14    28    25    39    32    42
    41    27    22    22    35    29    27    22    31    31    26    30
    49    54    35    36    40    41    37    35    48    49    46    47
    37    35    27    27    28    34    25    22    27    32    27    26
    46    59    35    33    52    64    51    59    55    70    44    40
    18    26    21    26    37    31    32    36    46    30    21    33
    30    38    30    39    52    59    66    49    57    38    35    24
     5
    14    29    24    43    43    34    45    33    32    36    22    24
    20    27    42    55    62    44    44    47    49    40    28    26
     6    20    24    30    29    20    21    19    25    20    21     6
    14    25    21    46    42    30    46    28    19    26    17    18
    18    16    42    51    43    43    44    27    27    19    21     8
    10     5    40    43    27    24    32    19    26    10     6     6
    11    21    28    44    47    31    48    22    26    11     6     6
     5    10    32    34    22    22    33    17    13     6    12     8
    11    23    55    51    69    52    41    48    22    12    10     8
     6    12    17    33    24    41    21    24    18     4    10     8
    11    14    37    47    56    63    47    46    34    25    18    13
    13    19    32    49    41    50    31    41    35    23    29    17
    21    23    37    26    39    41    50    42    25    31     9     8
    25    35    55    39    90    93    95   122    63    69    23    30
    17    30    36    32    60    64    53    76    34    35    21    23
    39    39    61    72   106   155   146   177   122    81    76    52
    27    37    46    57    79    99   137   107    71    58    47    36
    63    75    83    67   139   182   229   262   126    98   138    86
    32    37    45    33    57    79   127   140    99    52    66    34
    64    78    49    55    72   118   131   142   113   118    91    59
    27    23    27    38    36    37    78    73    55    48    39    35
    43    29    32    25    42    49    48    59    46    45    34    25
    34    21    29    18    22    59    32    41    28    47    27    25
    31    16    22    24    18    35    28    21    26    25    22    26
    24     5    13    18    20    14    14    15    15    25    18    12
    20    21    18    12    13    23     8    10    11    12    16    14
    47    27    20    10    18    32    10    14    18    16    30    27
    35    23    17    27    19    25    11    19    14    30    19    26
    69    45    30    43    30    30    20    14    24    39    53    54
    58    39    51    46    31    38    23    18    28    46    49    50
    66    45    37    26    34    40    15    25    48    42    37    52
   112    75    86    60    63    62    56    63    78    90    83    92
    48    44    52    44    55    42    25    53    42    57    52    75
    95   112    93    85    97    84    95   102    90   107    81    94
    45    51    48    49    87    73    44    59    49    51    53    53
    45    61    79    79    88   100    79    85   102    80    57    68
     6
    15    28    38    34    40    20    32    23    27    28    23    26
    12    15    36    33    42    26    23    19    20    23    10    18
     5     5    34    28    18    14     9     8    12    10    10     7
     3     4    23    21    21     9    17     3     9    11     7     8
     7    10    30    21    19    18    10     2    10     4     6     6
     2     7    18    22    15     9     8     5     6     2     4     2
     2     6    21    30    30    22    11     3     7     0     7     6
     1     6    18    23    18     8     8     4     7     1     4     3
     3     8    34    29    33    16     9     5     5     3     4     2
     3     2    28    20     8    22    10     6    12     2     6     5
     7     6    31    41    40    23    25    13    16     7     3     5
     5    14    33    31    27    27    10     6    17    12    11     7
     7    18    21    33    18    28    12    18    18    17    12     7
    17    25    33    53    65    57    52    50    50    37    13    15
    21     9    18    27    43    39    34    44    26    28    14    10
    33    42    48    63   104   110    99   111    88    53    49    31
    37    20    37    35    80    95    90    80    62    46    38    26
    57    75    79    93   138   161   186   192   151   104   109    61
    30    23    39    43    53    96   149   107    71    60    45    27
    51    57    59    64    93    80   127   138   104    91    68    46
    31    22    23    35    30    35    60    54    36    38    40    26
    35    30    19    27    32    30    35    35    26    44    25    23
    31    17    17    31    29    25    27    19    29    55    20    12
    15    23    12    14    18    25    13    12    19    20    17    16
    10     5    12     5    13     7     2     6     9     9    12    10
     7     4     5     9     9    11     3     3     6     6     5     4
    26    13    17    12    17     2     7     2     8    11    10     7
    24    11    19    14    14    15     3     1     5     9    12    16
    31    17    23    22    28    16     5     8    17    29    24    24
    48    22    22    26    32    17     4    11    14    20    36    36
    44    37    32    31    27    28    10    21    27    34    42    57
   111    99    68    88    81    53    20    35    69    69    80    95
    76    61    79    52    52    54    22    26    42    51    68    58
   111   102   131   123   106    77    60    64   100   108   111   126
    42    64    56    70    54    50    28    40    60    53    55    37
    52    56    66    89    72    63    57    59    94    70    68    54
     7
     1     9    14    21     8     6     4    10    11    20    11     9
     2    12    18    22    19     3     4     5     3     9     8     5
     2     2    12    11     5     6     2     3     5     4     2     3
     1     1    10    12     3     5     5     1     2     1     3     1
     0     2    10     5     4     7     4     1     0     0     0     0
     0     1     3    12     4     4     4     2     1     0     1     0
     0     2     3     8     9     5     1     0     0     0     3     0
     1     0     2     4     5     1     1     1     0     0     5     0
     0     3     9    11    11     4     2     0     1     2     2     1
     1     0    11     9     6     7     0     0     7     2     0     1
     2     2    15    24    16     4     4     2     2     3     2     1
     3     2    15    24     9     9     5     0     5     3     2     5
     1     3     7    20     7     4     3     3     3     4     2     1
     4    10    19    27    30    19    18    14    14    19     3     4
    10     2    12     8    15    18     9     7    13    14     4     4
    15    15    24    20    65    58    30    38    44    25    19    13
    15    12    18    19    31    31    32    26    30    32    12     9
    17    35    28    49    85    69    89    83   110    56    39    16
    19    15    29    13    47    47    63    76    44    32    21    23
    18    17    26    37    31    44    54    56    39    41    47    24
    15    16    14    13    20    13    21    26    18    17    12    11
    10    12     9    17    13    13    11    14     5    11    16    12
     5    10    10    13    19    11    14     3     8     9     5     6
     3     5     4     5     7     4     1     1     8     3     2     1
     5     4     5     9     5     1     1     3     4     6     5     0
     1     0     4     3     7     3     0     1     0     2     3     1
     6     1     4     8    13     2     0     0     1     5     0     3
     5     3     5    10     4     1     0     1     0     5     5     4
    14     7     4     6    11     4     1     2     7     9    14    12
    23     9    12    15    16    11     1     3    10    16    20     9
    30    28    22    22    20    20     4     3    12    22    21    21
    59    54    50    41    38    20     9    17    28    34    47    57
    39    41    41    45    31    21    11    13    15    33    29    38
    75    83    84    67    51    42    11    20    41    60    59    65
    30    40    46    48    33    27    13    11    18    40    27    29
    34    34    55    44    37    24    13    15    40    36    27    26
     8
     7    11    20    26    18     7     9     6     8    12    11     8
     1     4    17    16    15     9     6     4     1    10     9     4
     3     0     6     8     5     2     1     0     0     2     6     0
     1     1     4    12     2     2     1     2     0     2     4     1
     0     3     6    10     7     3     1     0     0     0     3     0
     0     1     2     9     7     1     1     0     0     1     0     0
     0     0     1     2     8     3     3     0     0     0     0     0
     0     0     1     6     5     0     0     0     0     0     3     0
     0     5     3    13    12     3     0     2     0     0     2     0
     0     3     5     9     5     3     1     1     0     0     1     0
     1     4     9    20    12     4     4     2     1     2     0     0
     0     2     6    15     5     3     1     0     1     2     3     1
     1     2     5    18     7     5     4     1     0     2     2     1
     4     3    23    32    26    22     8     8     5     5     5     7
     5     0    10    19    20    10     6     1    12     6     5     3
    11     7    35    42    62    76    41    29    34    32    11     6
    11    12    25    31    52    60    32    22    31    29    11     6
    27    33    53    98   120   119    61    80   100    53    42    25
    26    13    36    49    72    59    55    54    60    42    16    19
    22    23    42    65    57    60    63    52    45    51    29    25
    12     7    12    28    24    17    21    11    17    23     7     5
     2     9    13    16    17    10    17     9    10    15    11     7
     4     4     8    16     9     5     7     5     6    13     7     3
     2     3     9     4    11     2     3     0     2     2     4     2
     3     1     6     7     7     4     1     3     2     6     3     0
     1     0     4     4     3     4     1     0     1     1     2     4
     3     1     6    14    10     5     0     2     0     4     4     3
     4     1     6     8     4     4     0     3     1     5     2     5
    10     8    15    29    14     9     2     2     7    13     7     7
    19    10    17    24    12    11     4     3     8    27    19    17
    40    19    18    27    31    13     4     4    16    31    30    28
   102    88    78    85    51    30     6    14    34    58    82    97
    47    64    69    50    48    25    10     7    18    52    53    66
   125   129   134   129    62    27    13    29    43    87   101    87
    50    48    44    60    32    14    15    14    18    46    57    41
    55    63    54    60    46    12    12    10    31    41    46    32
     9
     3     5     3     8     6     0     0     0     3     2     4     0
     1     2     3     3     1     0     2     3     1     1     8     0
     0     0     2     0     0     0     0     0     0     0     1     0
     0     0     1     2     1     0     1     0     0     0     0     0
     1     0     1     2     0     0     0     0     0     0     0     0
     0     0     0     2     0     0     1     0     1     0     0     0
     0     0     0     1     1     0     1     0     0     0     0     0
     0     0     0     2     1     0     0     0     0     0     0     0
     0     0     0     2     3     0     0     0     0     0     0     0
     0     0     0     0     0     0     0     0     0     0     0     0
     0     0     2     3     1     0     0     0     0     0     0     0
     0     0     2     2     0     0     0     0     0     1     0     0
     0     0     2     3     0     1     1     0     0     1     0     0
     0     0     3    10     8     2     0     1     1     0     0     0
     0     1     0     6     3     1     1     0     2     1     0     1
     1     1    10     8    10    11     4     1     7     6     0     4
     4     3    10    10    12     4     4     4     4     3     0     1
     6     8    21    21    36    16     7    10    21    16    13     3
     2     2    13    16    17    10    12    10    15    12     4     9
     4     5    12    19    19    16    11     7    16     9     8     5
     3     1     4     4     7     7     3     2     7     4     1     4
     0     0     3     6     6     3     3     1     0     4     2     1
     0     1     2     2     3     3     2     0     1     0     0     2
     3     0     0     2     5     3     0     0     0     1     1     1
     0     0     0     2     1     1     0     0     2     0     0     0
     0     0     0     2     1     0     0     0     0     0     0     0
     0     0     2     5     4     0     0     0     0     0     0     2
     1     0     2     3     0     2     0     0     1     0     2     2
     2     2     6    10     5     3     0     1     2     2     6     3
     5     6     9     6     7     0     0     0     1     6     5     7
    22     6    11    16     8     6     1     0     5    13    11    11
    33    12    46    29    16    10     0     3     7    14    24    40
    23    14    31    20    14     3     2     4     4    22    26    30
    44    40    53    49    14    12     4     3     9    24    24    30
    13    20    22    24    12     3     1     1     6     7    19     5
    14    15    17    17    17     0     0     0     4     6    19     1
    10
     0     2     9     3     3     0     0     0     0     1     1     0
     0     1     2     1     4     0     1     0     1     0     5     0
     0     0     2     1     0     0     0     0     0     0     0     0
     1     0     0     0     0     1     0     0     0     0     0     0
     0     0     1     0     0     0     0     0     0     0     0     0
     0     0     0     1     0     0     0     0     0     0     0     0
     0     0     0     0     0     0     0     0     0     0     0     0
     0     0     0     2     0     0     0     0     0     0     0     0
     0     1     1     0     0     0     0     0     0     0     0     0
     0     0     0     0     0     0     0     0     0     0     0     0
     0     0     0     1     1     0     0     0     0     0     0     0
     0     0     1     1     1     0     0     0     0     0     0     0
     0     0     1     0     2     0     0     0     0     0     0     0
     0     0     0    10     3     1     0     0     0     2     0     0
     0     0     2     2     1     0     0     0     0     2     0     0
     0     0     8    14     8     0     0     2     3     1     0     0
     2     1     5     8     7     2     1     0     4     4     1     1
     4     1    13    15    21     9     5     4     9     9     6     4
     4     2     4    10    18     9     4     1     9     7     3     3
     4     3     3    15    15     4     3     1     3     7     4     2
     0     0     1     6     5     2     2     1     2     2     1     0
     0     2     3     2     5     2     0     1     1     2     0     1
     1     0     2     2     1     2     0     0     0     0     0     0
     1     0     0     0     2     1     0     0     0     0     0     0
     1     0     0     2     1     0     1     0     1     0     0     0
     0     0     1     2     0     0     0     0     0     0     0     0
     0     0     5     2     3     0     0     0     0     1     0     0
     0     0     1     4     1     1     0     0     0     0     0     1
     2     1     4     9     7     0     1     0     2     0     0     2
     4     1     2     4     0     3     1     1     5     3     4     4
    14     6    11     7     5     7     1     0     3     5    10     9
    25    13    30    20     6     5     2     1     1    11    32    41
    16    18    26    17     6     3     0     0     3    15    10     9
    42    26    35    42    13     4     0     1     1    14    23    19
     8    16    22     9     5     2     1     1     2    11    10     3
     8     5    11    16    12     2     1     1     7     3     4     1
    11
     0     0     1     3     0     0     0     0     0     2     1     0
     0     0     0     0     2     0     0     0     0     1     3     0
     0     0     0     0     1     0     0     0     0     0     0     0
     0     0     0     0     0     0     0     1     0     0     0     0
     0     0     2     0     0     0     0     0     0     0     0     0
     0     1     0     1     0     0     0     0     0     0     0     0
     0     0     0     0     0     0     0     0     0     0     0     0
     0     0     0     0     0     0     0     0     0     0     0     0
     0     0     0     1     0     0     0     0     0     0     0     0
     0     0     0     0     0     0     0     0     0     0     0     0
     0     0     1     0     0     0     0     0     0     0     0     0
     0     0     0     0     0     0     0     0     0     0     0     0
     0     0     1     1     0     0     0     0     0     0     0     0
     0     0     2     7     1     0     0     0     0     0     0     0
     0     0     0     0     1     0     0     0     0     2     0     1
     0     0     1     8     4     2     0     0     1     3     1     0
     0     0     2     3     4     2     1     0     1     0     1     0
     1     1    20    14    17     5     1     0    11     8     3     0
     1     0     6     9     7    11     1     4     5     5     0     1
     0     1     6    16    14     5     1     2     3     6     0     1
     0     0     0     0     4     3     0     1     2     3     0     0
     0     0     2     2     1     3     1     0     0     2     0     1
     0     0     1     1     1     0     0     0     0     0     0     0
     0     0     0     0     0     1     0     0     0     0     0     0
     0     0     0     2     1     1     0     0     0     0     0     1
     0     0     0     1     1     0     0     0     1     0     0     0
     0     0     2     2     1     0     0     0     1     0     0     0
     0     1     0     2     0     1     1     0     1     0     1     0
     1     1     3     2     1     0     0     0     0     0     2     4
     2     1     8     6     2     1     0     1     1     2     5     5
     4     3     9     8     4     2     0     0     4     5     3     7
    29     8    34    27     3     3     0     1     1    12    14    33
    21    10    11    23     4     3     0     1     0    12    18     9
    34    21    31    25     7     1     0     3     4     6    22    16
     5    10    15     4     3     3     0     0     2     4     7    10
     1     7    10     9     4     0     0     0     0     1     8     0
    12
     0     0     6     0     0     0     0     0     0     2     0     0
     0     0     1     0     1     0     0     0     0     0     0     0
     1     1     1     0     0     0     0     0     0     0     0     0
     0     0     0     0     0     0     0     0     0     0     0     0
     0     0     0     0     0     0     0     0     0     0     0     0
     0     0     0     1     1     0     0     0     0     0     0     0
     0     0     0     0     0     0     0     0     0     0     0     0
     0     0     0     0     0     0     0     0     0     0     0     0
     0     0     0     0     0     0     0     0     0     0     0     0
     0     0     0     0     0     0     0     0     0     0     0     0
     0     0     0     0     0     0     0     0     0     0     0     0
     0     0     0     0     0     0     0     0     0     0     0     0
     0     0     2     0     0     0     0     0     0     0     0     0
     0     0     1     1     0     0     0     0     0     0     0     0
     0     0     0     0     0     0     0     0     1     0     0     0
     0     0     3     1     3     0     0     0     0     0     0     0
     0     0     0     3     1     0     1     0     0     1     0     0
     0     1    10     6     7     2     0     1     0     2     2     0
     1     0     2     8     1     2     0     0     3     1     0     0
     1     0     2     1     6     2     0     1     1     4     1     1
     0     0     3     1     0     1     1     0     1     0     0     0
     0     0     0     1     0     1     0     0     0     0     0     1
     0     0     0     2     2     0     0     0     0     0     0     0
     0     0     2     1     2     0     0     0     0     0     0     1
     0     0     1     2     1     0     0     0     0     0     0     0
     0     0     0     0     0     0     0     0     0     0     0     0
     0     0     2     4     1     1     0     0     0     0     0     0
     0     0     1     1     1     1     0     0     0     0     0     0
     0     0     4     6     3     0     0     0     0     0     0     1
     0     0     5     6     0     1     0     0     2     1     1     1
     4     3     3     6     0     1     0     0     2     1     3     4
    18     5    28    29     2     0     0     1     0     8    11    19
    13     5    13     7     1     0     0     0     0     2    10     6
    16    23    15    11     4     1     0     0     1     5    13     9
     2     5     2     8     1     0     0     0     1     1     4     1
     1     1     2     3     3     0     0     0     0     1     3     4
    13
     0     0     2     0     0     0     0     0     0     0     0     0
     0     0     1     0     0     0     0     0     0     0     0     0
     0     0     0     0     0     0     1     0     0     0     0     0
     0     0     0     0     0     0     0     0     0     0     0     0
     0     0     0     0     0     0     0     0     0     0     0     0
     0     0     0     0     0     0     0     0     0     0     0     0
     0     0     0     0     0     0     0     0     0     0     0     0
     0     0     0     0     0     0     0     0     0     0     0     0
     0     0     0     0     0     0     0     0     0     0     0     0
     0     0     0     0     0     0     0     0     0     0     0     0
     0     0     0     0     0     0     0     0     0     0     0     0
     0     0     0     0     0     0     0     0     0     0     0     0
     0     0     0     0     0     0     0     0     0     0     0     0
     0     0     0     0     0     0     0     0     0     0     0     0
     0     0     0     0     0     0     0     0     0     0     0     0
     0     0     0     0     0     0     0     0     0     0     0     0
     0     0     0     0     0     0     0     0     0     0     0     0
     0     0     1     1     0     0     0     0     0     0     0     0
     0     0     2     1     0     0     0     0     1     2     0     0
     0     0     0     3     2     0     0     0     0     0     0     1
     0     0     0     0     1     0     0     0     0     0     0     0
     0     0     0     0     0     0     0     0     0     0     0     0
     0     0     0     0     0     0     0     0     0     0     0     0
     0     0     0     0     0     0     0     0     0     0     0     0
     0     0     1     0     0     0     0     0     0     0     0     0
     0     0     0     0     0     1     0     0     0     0     0     0
     0     0     0     0     0     0     0     0     0     0     0     0
     0     0     0     0     0     0     0     0     0     0     0     0
     0     0     0     6     0     0     0     0     0     0     0     0
     0     0     0     1     0     1     0     0     0     0     1     0
     2     0     3     2     0     0     0     0     2     0     0     0
     6     2     1     5     1     0     0     0     0     2     3     4
     1     0     3     2     1     0     0     0     0     0     2     0
     4     3     2     1     0     0     0     0     0     0     2     2
     0     4     1     1     0     0     0     0     0     1     1     0
     0     0     0     1     0     0     0     0     0     0     1     0
    14
     0     0     1     0     0     0     0     0     0     0     0     0
     0     0     0     0     0     0     0     0     0     0     0     0
     0     0     0     0     0     0     0     0     0     0     0     0
     0     0     1     0     0     0     0     0     0     0     0     0
     0     0     0     0     0     0     0     0     0     0     0     0
     0     0     0     0     0     0     0     0     0     0     0     0
     0     0     0     0     0     0     0     0     0     0     0     0
     0     0     0     0     0     0     0     0     0     0     0     0
     0     0     0     0     0     0     0     0     0     0     0     0
     0     0     0     0     0     0     0     0     0     0     0     0
     0     0     0     0     0     0     0     0     0     0     0     0
     0     0     0     0     0     0     0     0     0     0     0     0
     0     0     0     0     0     0     0     0     0     0     0     0
     0     0     0     0     0     0     0     0     0     0     0     0
     0     0     0     0     0     0     0     0     0     0     0     0
     0     0     0     0     0     0     0     0     0     0     0     0
     0     0     0     0     0     0     0     0     0     0     0     0
     0     0     1     0     0     1     0     0     0     0     0     0
     0     0     1     4     0     0     0     0     0     0     0     0
     0     0     0     0     0     0     0     0     0     0     0     0
     0     0     0     1     0     0     0     0     0     0     0     0
     0     0     0     1     0     0     0     0     0     0     0     0
     0     0     0     0     0     0     0     0     0     0     0     0
     0     0     2     0     0     0     0     0     0     0     0     0
     0     0     0     0     1     0     0     0     0     0     0     0
     0     0     0     0     1     0     0     0     0     0     0     0
     0     0     2     0     2     1     0     0     0     0     0     0
     0     0     1     0     0     0     0     0     0     0     0     1
     0     1     2     4     0     0     1     0     0     0     0     1
     1     0     1     3     0     0     0     0     0     0     0     0
     1     1     1     4     1     0     0     0     1     0     2     1
     4     2     3    10     2     0     0     0     1     2     2     7
     6     0     2     3     0     0     0     0     0     4     2     2
     1     3     3     1     0     1     0     0     0     0     1     3
     0     0     2     1     0     0     0     0     0     0     0     1
     0     0     1     0     0     0     0     0     0     0     0     0
    15
     0     0     0     0     0     0     0     0     0     0     0     0
     0     0     0     0     0     0     0     0     0     0     0     0
     0     0     0     0     0     0     0     0     0     0     0     0
     0     0     0     0     0     0     0     0     0     0     0     0
     0     0     0     0     0     0     0     0     0     0     0     0
     0     0     0     0     0     0     0     0     0     0     0     0
     0     0     0     0     0     0     0     0     0     0     0     0
     0     0     0     0     0     0     0     0     0     0     0     0
     0     0     0     0     0     0     0     0     0     0     0     0
     0     0     0     0     0     0     0     0     0     0     0     0
     0     0     0     0     0     0     0     0     0     0     0     0
     0     0     0     0     0     0     0     0     0     0     0     0
     0     0     0     0     0     0     0     0     0     0     0     0
     0     0     0     0     0     0     0     0     0     0     0     0
     0     0     0     0     0     0     0     0     0     0     0     0
     0     0     0     0     0     0     0     0     0     0     0     0
     0     0     0     1     0     0     0     0     0     0     0     0
     0     0     0     1     0     0     0     0     0     0     0     0
     0     0     0     0     0     0     0     0     0     0     0     0
     0     0     0     0     0     0     0     0     0     0     0     0
     0     0     0     0     0     0     0     0     0     0     0     0
     0     0     0     0     0     0     0     0     0     0     0     0
     0     0     0     0     0     0     0     0     0     0     0     0
     0     0     0     0     0     0     0     0     0     0     0     0
     0     0     0     0     0     0     0     0     0     0     0     0
     0     0     0     0     0     0     0     0     0     0     0     0
     0     0     1     0     0     0     0     0     0     0     0     0
     0     0     0     0     0     0     0     0     0     0     0     0
     0     0     0     0     0     0     0     0     0     0     0     0
     0     0     0     2     0     0     0     0     0     0     0     0
     0     0     0     1     1     0     0     0     0     0     0     0
     1     0     1     1     0     0     0     0     0     0     0     2
     2     0     2     0     0     0     0     0     0     0     0     0
     1     0     1     1     0     0     0     0     0     0     0     1
     1     0     0     0     0     0     0     0     0     0     1     1
     0     0     0     0     0     0     0     0     0     0     0     0
    16
     0     0     0     0     0     0     0     0     0     0     0     0
     0     0     0     0     0     0     0     0     0     0     0     0
     0     0     0     0     0     0     0     0     0     0     0     0
     0     0     0     0     0     0     0     0     0     0     0     0
     0     0     0     0     0     0     0     0     0     0     0     0
     0     0     0     0     0     0     0     0     0     0     0     0
     0     0     0     0     0     0     0     0     0     0     0     0
     0     0     0     0     0     0     0     0     0     0     0     0
     0     0     0     0     0     0     0     0     0     0     0     0
     0     0     0     0     0     0     0     0     0     0     0     0
     0     0     0     0     0     0     0     0     0     0     0     0
     0     0     0     0     0     0     0     0     0     0     0     0
     0     0     0     0     0     0     0     0     0     0     0     0
     0     0     0     0     0     0     0     0     0     0     0     0
     0     0     0     0     0     0     0     0     0     0     0     0
     0     0     0     0     0     0     0     0     0     0     0     0
     0     0     0     0     0     0     0     0     0     0     0     0
     0     0     0     0     0     0     0     0     0     0     0     0
     0     0     0     1     0     0     0     0     0     0     0     0
     0     0     0     0     0     0     0     0     0     0     0     0
     0     0     0     0     0     0     0     0     0     0     0     0
     0     0     0     0     0     0     0     0     0     0     0     0
     0     0     0     0     0     0     0     0     0     0     0     0
     0     0     1     0     0     0     0     0     0     0     0     0
     0     0     0     0     0     0     0     0     0     0     0     0
     0     0     0     0     0     0     0     0     0     0     0     0
     0     0     0     0     0     0     0     0     0     0     0     0
     0     0     0     0     0     0     0     0     0     0     0     0
     0     0     0     1     0     0     0     0     0     0     0     0
     0     0     0     2     0     0     0     0     0     0     0     0
     0     0     0     3     0     0     0     0     0     0     0     0
     0     0     0     0     0     0     0     0     0     0     0     3
     2     0     2     0     0     0     0     0     0     0     0     0
     0     0     1     0     0     0     0     0     0     1     2     0
     0     0     0     0     0     0     0     0     0     0     0     0
     0     0     0     0     0     0     0     0     0     0     1     0
    17
     0     0     0     0     0     0     0     0     0     0     0     0
     0     0     0     0     0     0     0     0     0     0     0     0
     0     0     0     0     0     0     0     0     0     0     0     0
     0     0     0     0     0     0     0     0     0     0     0     0
     0     0     0     0     0     0     0     0     0     0     0     0
     0     0     0     0     0     0     0     0     0     0     0     0
     0     0     0     0     0     0     0     0     0     0     0     0
     0     0     0     0     0     0     0     0     0     0     0     0
     0     0     0     0     0     0     0     0     0     0     0     0
     0     0     0     0     0     0     0     0     0     0     0     0
     0     0     0     0     0     0     0     0     0     0     0     0
     0     0     0     0     0     0     0     0     0     0     0     0
     0     0     0     0     0     0     0     0     0     0     0     0
     0     0     0     0     0     0     0     0     0     0     0     0
     0     0     0     0     0     0     0     0     0     0     0     0
     0     0     0     0     0     0     0     0     0     0     0     0
     0     0     0     0     0     0     0     0     0     0     0     0
     0     0     0     0     0     0     0     0     0     0     0     0
     0     0     0     0     0     0     0     0     0     0     0     0
     0     0     0     0     0     0     0     0     0     0     0     0
     0     0     0     0     0     0     0     0     0     0     0     0
     0     0     0     0     0     0     0     0     0     0     0     0
     0     0     0     0     0     0     0     0     0     0     0     0
     0     0     0     0     0     0     0     0     0     0     0     0
     0     0     0     0     0     0     0     0     0     0     0     0
     0     0     0     0     0     0     0     0     0     0     0     0
     0     0     0     0     0     0     0     0     0     0     0     0
     0     0     0     0     0     0     0     0     0     0     0     0
     0     0     0     0     0     0     0     0     0     0     0     0
     0     0     0     0     0     0     0     0     0     0     0     0
     0     0     0     1     0     0     0     0     0     0     0     0
     0     0     0     0     0     0     0     0     0     0     0     0
     0     0     0     0     0     0     0     0     0     0     0     0
     0     0     0     0     0     0     0     0     0     0     0     1
     0     0     0     0     0     0     0     0     0     0     0     0
     0     0     0     0     0     0     0     0     0     0     0     0
    18
     0     0     0     0     0     0     0     0     0     0     0     0
     0     0     0     0     0     0     0     0     0     0     0     0
     0     0     0     0     0     0     0     0     0     0     0     0
     0     0     0     0     0     0     0     0     0     0     0     0
     0     0     0     0     0     0     0     0     0     0     0     0
     0     0     0     0     0     0     0     0     0     0     0     0
     0     0     0     0     0     0     0     0     0     0     0     0
     0     0     0     0     0     0     0     0     0     0     0     0
     0     0     0     0     0     0     0     0     0     0     0     0
     0     0     0     0     0     0     0     0     0     0     0     0
     0     0     0     0     0     0     0     0     0     0     0     0
     0     0     0     0     0     0     0     0     0     0     0     0
     0     0     0     0     0     0     0     0     0     0     0     0
     0     0     0     0     0     0     0     0     0     0     0     0
     0     0     0     0     0     0     0     0     0     0     0     0
     0     0     0     0     0     0     0     0     0     0     0     0
     0     0     0     0     0     0     0     0     0     0     0     0
     0     0     0     0     0     0     0     0     0     0     0     0
     0     0     0     0     0     0     0     0     0     0     0     0
     0     0     0     0     0     0     0     0     0     0     0     0
     0     0     0     0     0     0     0     0     0     0     0     0
     0     0     0     0     0     0     0     0     0     0     0     0
     0     0     0     0     0     0     0     0     0     0     0     0
     0     0     0     0     0     0     0     0     0     0     0     0
     0     0     0     0     0     0     0     0     0     0     0     0
     0     0     0     0     0     0     0     0     0     0     0     0
     0     0     0     0     0     0     0     0     0     0     0     0
     0     0     0     0     0     0     0     0     0     0     0     0
     0     0     0     0     0     0     0     0     0     0     0     0
     0     0     0     0     0     0     0     0     0     0     0     0
     0     0     0     0     0     0     0     0     0     0     0     0
     0     0     0     0     0     0     0     0     0     0     0     0
     0     0     0     0     0     0     0     0     0     0     0     0
     0     0     0     0     0     0     0     0     0     0     0     0
     0     0     0     0     0     0     0     0     0     0     0     0
     0     0     0     0     0     0     0     0     0     0     0     0
    19
     0     0     0     0     0     0     0     0     0     0     0     0
     0     0     0     0     0     0     0     0     0     0     0     0
     0     0     0     0     0     0     0     0     0     0     0     0
     0     0     0     0     0     0     0     0     0     0     0     0
     0     0     0     0     0     0     0     0     0     0     0     0
     0     0     0     0     0     0     0     0     0     0     0     0
     0     0     0     0     0     0     0     0     0     0     0     0
     0     0     0     0     0     0     0     0     0     0     0     0
     0     0     0     0     0     0     0     0     0     0     0     0
     0     0     0     0     0     0     0     0     0     0     0     0
     0     0     0     0     0     0     0     0     0     0     0     0
     0     0     0     0     0     0     0     0     0     0     0     0
     0     0     0     0     0     0     0     0     0     0     0     0
     0     0     0     0     0     0     0     0     0     0     0     0
     0     0     0     0     0     0     0     0     0     0     0     0
     0     0     0     0     0     0     0     0     0     0     0     0
     0     0     0     0     0     0     0     0     0     0     0     0
     0     0     0     0     0     0     0     0     0     0     0     0
     0     0     0     0     0     0     0     0     0     0     0     0
     0     0     0     0     0     0     0     0     0     0     0     0
     0     0     0     0     0     0     0     0     0     0     0     0
     0     0     0     0     0     0     0     0     0     0     0     0
     0     0     0     0     0     0     0     0     0     0     0     0
     0     0     0     0     0     0     0     0     0     0     0     0
     0     0     0     0     0     0     0     0     0     0     0     0
     0     0     0     0     0     0     0     0     0     0     0     0
     0     0     0     0     0     0     0     0     0     0     0     0
     0     0     0     0     0     0     0     0     0     0     0     0
     0     0     0     0     0     0     0     0     0     0     0     0
     0     0     0     0     0     0     0     0     0     0     0     0
     0     0     0     0     0     0     0     0     0     0     0     0
     0     0     0     0     0     0     0     0     0     0     0     1
     0     0     0     0     0     0     0     0     0     0     0     0
     0     0     0     0     0     0     0     0     0     0     0     0
     0     0     0     0     0     0     0     0     0     0     0     0
     0     0     0     0     0     0     0     0     0     0     0     0
