17
El Paso, TX 23044
     0
       5.500       7.800      11.600      16.700      22.200      26.700
      26.700      25.000      22.200      17.200      10.000       6.000
      10.000      12.800      16.700      21.700      26.700      31.100
      30.600      29.300      26.700      22.200      15.000      10.600
      13.800      17.200      21.100      25.600      30.000      34.400
      33.900      32.700      30.000      25.600      19.300      14.300
      27.000      20.000      15.000      13.000      12.000      13.000
      24.000      27.000      28.000      24.000      24.000      26.000
      37.000      30.000      22.000      18.000      18.000      19.000
      34.000      38.000      40.000      34.000      34.000      39.000
      53.000      46.000      34.000      29.000      29.000      32.000
      49.000      54.000      57.000      49.000      52.000      57.000
       1.600       2.000       2.400       2.400       2.000       2.000
       2.000       1.600       1.600       1.600       1.600       1.600
       2.700       2.700       3.500       3.500       3.100       2.700
       2.400       2.400       2.400       2.400       2.400       2.400
       4.000       4.000       5.200       4.800       4.800       4.000
       3.500       3.100       3.100       3.100       4.000       4.000
     240.000     240.000     260.000     240.000     240.000     220.000
     150.000     150.000     140.000     210.000     240.000     240.000
     1
       9.521      12.289      16.278      20.709      25.666      30.393
      30.097      28.864      25.809      21.216      14.249      10.034
      41.844      35.576      27.337      23.714      23.258      25.043
      37.816      41.940      44.022      38.714      39.692      43.608
     2
    61    66    40    37    42    50    72    86    90    89    82   101
   109    82    54    66    63    67   103   111   130   139   135   163
    74    62    43    45    32    46    59    73    75    79    78    82
    75    64    41    39    36    52    76    73    88    63    72    82
    74    54    39    59    56    71   100   101   123   102    95    77
    56    50    20    35    36    45    68    65    66    61    56    60
    63    39    30    42    36    65    81    87    92    72    71    81
    36    40    25    32    27    43    45    49    58    43    40    40
    67    42    40    45    44    56    81   116    75    81    80    78
    31    34    32    36    37    49    50    70    50    37    49    42
    66    53    58    48    62    86    97   110   121    95    61    48
    59    53    49    44    60    78   121   105    91    64    67    52
    73    56    64    54    71    92   128   130   103    94    65    54
    78    59    83    71    91   128   175   178   155   129   104    84
    53    45    39    46    46    74    88    89    75    84    53    52
    60    57    64    64    65   110   139    93   111    96    76    63
    69    57    58    55    60    75    91   102   101    74    64    40
    89    91    81    88    93   137   178   155   164   136   114   124
    64    49    40    43    43    70    87    76    65    83    61    57
    67    56    56    48    54    80    70    64    70    76    66    81
    62    50    34    40    28    53    53    56    50    68    53    59
    50    43    49    30    40    50    58    54    67    61    72    59
    87    63    58    50    54    78    86   104    82    95    88    84
    57    51    32    35    53    64    57    65    75    55    55    60
    42    39    34    31    47    54    45    45    55    55    48    48
    37    30    29    21    34    35    22    39    51    35    31    28
    43    48    36    33    42    59    63    64    57    58    39    50
    18    25    21    26    40    40    32    34    36    37    29    32
    40    34    25    24    29    43    40    44    44    47    25    42
    19    33    27    29    23    49    24    37    30    36    32    36
    30    23    15    33    38    36    41    36    40    39    31    23
    54    36    19    29    28    41    31    38    35    49    26    37
    34    18    10    19    19    17    27    33    27    29    15    33
    43    44    22    27    29    43    47    44    43    49    34    53
    53    38    27    24    15    33    41    80    46    48    45    49
   112    77    36    54    54    64   104   124   107    93   113   134
     3
   109    98    64    74    47    45    80   138   121    98   138   134
   168   121    67    84    76    81   103   115   153   157   196   181
    96    75    52    56    44    50    94    62    73    79    98    81
    57    54    37    38    44    51    77    83    85    66    55    62
    81    46    48    54    49    62    97   110   115    63    79    80
    47    37    23    44    35    51    74    63    71    40    58    32
    37    42    31    38    41    53    75    92    83    62    51    41
    35    19    30    30    26    51    68    51    62    34    48    25
    41    38    55    40    59    95   131   123   141    90    50    54
    38    24    27    44    41    68    91    69    83    64    41    29
    51    54    42    56    75   113   124   116    90    77    60    40
    52    53    49    56    77   127   189   146   107    96    40    36
    44    54    74    65    99   130   181   119   124    94    59    47
    70    43    96   114   122   189   253   227   176   130    77    59
    49    56    66    67    77   127   168   150   134    90    62    36
    73    83    92   114   141   184   284   227   179   132    86    64
    87    74    84    94   106   141   174   167   143   108    78    57
   144   141   178   172   197   274   322   345   245   186   156   123
    77    81    85    85    80   103   124   123    98   101    56    83
    81    96    95   120   125   133   168   117    90   101    90    78
    72    74    73    70    72    91   103    98    73    83    76    71
    69    70    88    80    98   104   114    90    81   107    92    69
    99   108   131   135   160   166   142   155   121   127   121    87
    84    93    87    80   102   119    97    73    77   102   101    74
    53    90    88    98   131   116   101    71    79   104   103    72
    34    54    62    72    86    98    59    46    46    83    61    49
    57    79    84   100   105   142    96    78   100    88    90    46
    35    63    54    62    69    72    46    40    39    43    33    29
    47    53    60    72    93   103    52    53    75    64    61    43
    41    36    45    45    63    56    35    39    40    32    31    24
    22    17    39    44    42    50    35    36    42    28    23    25
    25    34    34    40    36    60    37    54    27    27    23    28
    20    23    15    21    26    25    26    27    16    16    16    25
    39    40    27    30    35    38    35    40    34    34    30    40
    51    58    22    33    29    45    58    73    73    61    47    61
   135    96    60    80    81    81   127   189   167   153   133   178
     4
    59    39    21    13    26    22    30    41    39    47    49    66
    83    61    43    41    15    26    44    46    47    48    70    60
    25    23    17    16    10    13    25    12    24    25    29    28
    14    15     9     7    12    19    23    15    34    18    13    15
    20    16    11    23    14    23    30    25    25    17    23    22
     7    13    12     8    12    12    30    31    20    14     6    13
    13     8    11    16    16    15    36    29    28    22    25    21
    20    12    15    11    21    19    35    20    25    14    12    11
    28    25    20    25    38    46    71    54    59    43    32    25
    13    16    15    25    17    32    54    34    31    40    17    18
    25    21    28    40    42    62    81    85    62    48    29    20
    20    14    22    33    37    65   106    66    56    37    15    18
    22    16    16    37    44    65   104    62    54    32    20    12
    24    30    41    38    58    79   135    98    72    32    18    15
    15    19    18    21    31    62    78    48    58    24    12    13
    28    29    39    50    56    86   119    98    69    41    22    17
    23    26    31    42    43    57    89    65    44    40    16    16
    51    39    70    83    72   114   153   144    84    47    43    44
    42    29    23    43    35    45    61    40    23    37    25    23
    39    52    50    47    52    67    69    59    36    40    31    34
    35    30    37    48    31    47    45    33    30    31    25    41
    41    42    48    58    61    51    55    46    32    51    33    35
    68    60    82    95   120    79    55    74    55    67    80    62
    54    69    86    73    83    77    41    30    34    61    45    50
    65    55   103    80   136    91    60    58    42    75    44    39
    34    43    70    85    87    58    33    26    21    58    54    35
    51    56    84    80   128   118    37    52    62    62    57    47
    27    46    51    54    53    66    22    18    23    28    32    21
    31    49    63    62    75    55    42    39    29    35    38    30
    23    26    34    37    51    39    12    16    18    17    30    14
    18    13    24    26    40    28     9    10    19    21    16    15
    10    13    20    22    19    14     7    15    12    14    20    16
     8    11     7    12    14     8     7     4     9     6     8    12
    13    11    12     9     6    10    13    17    14    11    14    16
    20    18    11    15     9    14    14    20    16    19    12    26
    72    43    21    26    26    20    44    64    63    52    42    66
     5
    43    34    26    29    19    25    28    28    29    31    41    47
    64    54    43    41    20    26    26    19    36    30    43    57
    19    20     8    14    13    10    15    14    13     8     9    20
     9     9    17    15    14    15    21    20    16    13     6    10
    11    16    15    20    20    13    29    30    29    20    16     8
     9    10     4     5     6    13    32    17    24    16     8    10
    12    14    14    15    22    27    33    38    31    25    26    10
    21    14     8    18    18    20    46    30    28    14     6    16
    34    25    32    42    41    74   115    60    89    51    46    17
    29    10    21    37    40    46    72    53    53    36    25    15
    34    20    50    59    64    85   127    82    64    64    35    20
    19    17    33    45    73    76   130    82    81    39    24    18
    13    14    26    34    53    87   110    53    56    29    16    15
     8    12    31    46    48    88   122    78    51    34    12    13
     5    10    10    27    34    62    68    60    31    19     9     7
    13    21    25    41    43    78    90    66    43    15    14    11
    11    11    20    20    24    52    55    32    31    22    13    11
    22    36    50    50    58    71   116    63    41    21    25    12
    11    18    21    23    25    29    35    13    11     8    16    13
    23    24    39    60    56    59    29    26    14    28    20    17
    20    26    39    60    54    37    15    15    12    21    26    24
    34    51    64    75    75    45    23    15    23    46    37    30
    71    78   134   150   154   109    57    33    48    69    63    73
    64    76   149   137   173    97    35    29    56    66    90    67
    80   112   182   215   274   180    38    33    49    95   112    76
    66    83   145   141   184   114    27    35    51    56    88    59
    87   123   214   219   236   168    47    48    54    76   122    68
    68    60   114   109   132    91    20    21    31    31    77    38
    58   101   149   138   131    98    31    29    32    55    79    56
    37    57    74    65    68    47    16     8    16    28    44    26
    13    26    39    43    37    28     5     6     9    16    14    14
    20    21    35    21    31    19     9    12     8    14    13    14
     7     4    11    25    12     6     2     6     8     7     8    13
    15    15    23    15     8    12     8     9     6    10    13    10
    17     9    11     9    12     5    12    10    19    15    14    21
    71    59    37    27    35    31    34    53    67    19    38    63
     6
    13    14     7     2     3    15    12     8     2     9     4     9
    15    16    19    12     7     8     8     8     9     4     5    16
     6     7     2     4     7     4     6     2     2     1     7     9
     3     4     4     1     1     6     8     4     5    12     2     2
     4     8     3     4     2     9    13     7     8    15     2     4
     4     1     0     2     5     2     6    12     7     6     4     5
     6     9     4    12    11    14    13    13     7     9    14     4
     3     7     3    11    16     6    16    12    19     8     9     1
    17    17    14    24    25    28    41    32    36    22    21     6
     8     6     5    11    24    30    30    19    14    17     9     8
    11     2    16    23    32    53    46    21    21    20     5     7
     5     3    12    17    25    34    24    23    19     8     9     2
     0     4     5     9    18    22    33    15    10     4     2     3
     2     3    12    11    21    28    38    14     9     2     6     2
     1     1     4     8    12    14    23    10     8     0     1     3
     0     4     6    12    12    24    24    14    11     8     2     1
     2     0     3     7     3     8    17     9     4     4     1     1
     2     4     8    10    17    14    21    15     7     2     3     3
     1     2     5     4     4     3     1     3     0     1     1     3
     6     5    22    23    17    12     6     3     4    14     6     7
    10     9    18    30    24     9     0     2     6     6     6    12
     9    22    27    34    46    14     1     3     5    14    20    13
    33    41    89    78    87    46     9     6    14    21    20    32
    33    49    89    88    80    44    14     4    11    11    34    32
    58    72   151   180   155   102     8    10    18    39    57    52
    39    48   102   114   108    63     9     7    14    23    52    44
    56    81   162   172   166    73     6     6    24    44    62    53
    32    50    99    98    77    39     7     8     4    12    45    24
    41    55   108   103    79    44    11    11    13    18    57    36
    17    24    59    40    24    18     4     2     5     7    25    23
    16    12    32    23    16     5     6     1     5     4    10    16
     8    15    22    20    12     6     1     2     4     4     5     7
     3     5     7    10     6     7     1     4     3     0     0     1
     4    12     8     5     1     2     1     4     3     1     3     5
     7    10     4     3     3     2     2     3     4     2     1     2
    13    16    17    17     6    16    10     8    13    12     8     8
     7
     1     2     3     0     3     4     2     1     1     1     0     1
     2     3     2     4     0     3     4     2     2     1     2     2
     0     1     0     1     1     0     2     3     0     1     0     1
     0     0     0     1     0     2     4     0     0     1     1     0
     0     0     0     2     2     1     3     2     2     3     0     0
     0     4     0     4     1     0     2     0     1     2     0     2
     4     4     2     7     3     3     5     4     5     1     1     6
     2     3     0     6     6     4     3     1     3     1     0     2
     3     3     6     7     6     4     8    13     3     4     3     0
     1     1     4     2    10     6     3     3     3     1     1     0
     6     2     3     9     3     5     4    10     6     2     3     0
     1     0     0     3     3     5     8     4     5     2     0     0
     0     0     0     0     4     5     6     1     4     1     1     0
     0     2     3     1     2     4     9     1     1     1     0     0
     0     0     1     1     3     1     2     1     1     1     0     0
     0     0     0     0     4     6     5     2     0     2     0     0
     0     0     0     1     4     4     2     0     1     0     0     0
     1     0     1     3     1     0     4     3     0     1     0     1
     1     2     2     2     4     4     0     2     0     0     1     0
     0     2     4     8     5     3     1     0     0     2     0     0
     2     1     7     6     5     1     0     1     1     1     4     4
     5     1     7    12    10     3     0     1     0     5     1     3
     6     2    25    25    27     6     1     0     3     4     7     7
    14     8    30    35    28    14     0     1     2     3     6     7
    20    31    54    71    62    23     0     1     6     6    10    24
    20    12    36    40    49    16     1     1     3     3     9     9
    20    37    56    43    50    18     0     1     0     6    15    23
    12    15    32    37    30     8     0     2     2     4    12     9
    17    30    50    46    26     9     0     2     0     1    16    12
     7    14    24    21     8     4     0     0     1     1    10     4
     6     6    10     4     9     2     0     0     1     2     4     3
     3     9     5     3     3     1     1     1     1     1     3     0
     0     1     2     3     0     0     0     0     0     0     0     1
     0     1     2     1     2     1     0     1     0     2     0     0
     0     0     2     0     0     0     1     2     0     0     0     0
     6     1     7     3     0     0     2     1     0     0     1     1
     8
     0     0     1     0     2     0     2     1     0     1     0     1
     0     0     1     0     2     6     5     1     0     0     1     5
     1     0     0     1     0     0     0     0     1     2     1     1
     0     1     0     1     1     2     2     3     0     2     0     0
     5     2     0     2     1     1     2     4     1     0     0     0
     1     1     0     1     1     2     1     0     3     1     0     1
     2     9     1     1     3     3     3     2     1     1     5     4
     3     2     0     5     2     1     1     1     1     1     1     2
     2     8     7     5     3    11     5     4     2     0     4     0
     2     2     2     1     4     5     4     1     5     2     1     0
     2     0     3     5     8     5     8     2     1     1     0     0
     0     0     2     1     3     4     6     4     5     0     0     0
     0     3     0     1     0     3     1     4     0     0     0     0
     0     0     1     1     1     7     4     2     1     0     0     0
     0     0     0     0     3     0     2     2     0     0     0     0
     0     0     0     2     5     3     5     1     0     0     0     0
     0     0     0     0     3     2     1     2     1     0     0     0
     0     0     2     0     1     3     4     2     0     1     0     0
     0     0     1     2     4     0     0     0     1     1     0     2
     1     0     9    14     5     4     1     1     1     0     3     0
     0     1     8     6     4     1     0     0     0     2     3     0
     0     3    15    14    10     1     3     1     1     2     6     1
     6    19    38    31    19     7     1     1     0     6     3     7
     8    12    28    32    36    13     0     2     1     2     9    15
    35    39    74    77    64    16     1     0     1     4    11    31
    16    24    61    70    42    13     1     0     2     6    17    16
    38    34    92    74    50    22     2     2     2     6    21    38
    23    24    52    46    19    11     0     2     0     0    16    17
    17    31    76    63    20     5     3     1     0     2    15    20
    12    16    31    19     9     1     0     2     1     1     3     9
     3     3    16     7     7     1     0     1     0     2     4     4
     4     5     6     7     4     2     1     0     0     1     2     0
     0     0     0     1     0     0     0     0     0     1     0     1
     1     2     1     2     1     0     1     0     0     0     0     0
     2     1     2     0     0     1     0     0     0     0     0     0
     4     6     1     0     2     2     5     0     0     0     0     0
     9
     0     0     0     0     0     0     1     0     0     0     0     0
     0     0     0     0     0     1     0     1     0     0     0     1
     0     0     0     0     0     1     0     0     0     0     0     0
     0     0     0     0     0     0     1     0     0     0     0     0
     0     0     0     1     0     0     0     0     0     0     0     0
     3     0     0     0     1     0     0     0     0     0     0     0
     1     3     1     0     0     0     0     0     2     1     0     0
     0     0     1     0     0     0     0     0     0     0     0     0
     0     0     2     0     0     2     0     0     1     0     0     0
     1     0     0     0     0     1     1     0     0     0     0     0
     0     0     0     1     1     1     0     1     0     0     0     0
     0     0     1     0     0     1     0     0     0     0     0     0
     0     0     0     0     0     0     1     0     0     0     0     0
     0     0     0     0     0     0     0     0     1     0     0     0
     0     0     1     0     0     1     0     0     1     0     0     0
     0     0     0     0     1     0     0     1     0     0     0     0
     0     0     0     0     0     0     0     0     0     0     0     0
     0     0     0     0     0     0     0     0     0     0     0     0
     0     0     0     0     0     0     0     0     0     0     0     0
     0     0     3     1     1     1     0     1     0     1     0     0
     0     0     4     5     0     0     0     0     0     0     0     0
     0     0     4     1     2     0     0     0     0     2     0     2
     2     5     5     7     2     2     0     0     0     0     1     1
     1     2    10     9     1     3     0     0     0     1     1     5
     9    10    29    20    13     2     0     0     0     4     4     6
     6     7    21     8    10     4     1     0     0     0     4     3
     7    12    22    27    10     1     0     0     0     0     2     8
     6    12    23     9     4     0     0     0     0     0     0     4
     3     6    28    13     2     1     0     1     0     0     8     7
     2     7    11     6     1     1     0     0     0     0     2     2
     0     0     3     1     1     1     1     0     0     0     0     0
     0     1     1     1     1     0     0     0     0     0     3     0
     0     0     0     0     1     0     0     0     0     0     0     0
     0     0     2     1     0     0     0     0     0     0     0     0
     0     0     0     0     0     0     0     0     0     0     0     0
     0     1     1     1     2     0     0     0     0     0     0     0
    10
     0     0     0     0     0     0     0     0     0     0     0     0
     0     1     0     0     0     1     0     0     0     1     0     0
     0     0     0     0     0     0     0     0     1     0     0     0
     0     0     0     0     1     1     1     0     0     0     0     0
     0     0     0     0     0     0     0     0     0     0     0     0
     1     0     0     0     0     1     1     0     0     0     0     0
     1     1     0     1     1     0     1     0     0     0     0     0
     0     0     2     0     0     0     0     0     0     0     0     0
     0     1     0     0     0     1     0     0     1     0     0     0
     0     0     0     0     0     0     1     0     0     0     0     0
     0     0     0     0     1     0     0     0     0     0     0     0
     0     0     0     0     0     0     1     0     0     0     0     0
     0     1     0     0     0     0     0     0     0     0     0     0
     0     0     0     0     1     1     0     0     0     0     0     0
     0     1     1     0     0     1     0     0     0     0     0     0
     0     0     0     0     1     0     0     0     0     0     0     0
     0     0     0     0     0     0     1     0     0     0     0     0
     0     0     1     0     0     0     0     0     0     0     0     0
     0     0     0     0     0     0     0     0     0     0     0     0
     0     0     2     2     0     0     1     0     0     0     0     1
     0     0     3     1     0     0     0     1     0     0     1     0
     0     0     3     1     0     1     0     0     0     0     0     0
     1     1     5     2     4     0     0     0     0     0     0     1
     0     2     7     3     4     0     0     0     0     0     0     0
     5     5    22    21    11     0     1     0     1     1     3     2
     6     4    14    15     3     3     0     0     0     0     0     4
     8    10    28    10     3     2     0     0     0     0     1     3
     6     4    14     7     3     2     0     0     0     1     0     6
     2     7    21    15     4     0     0     0     0     0     3     2
     0     3     9     5     0     1     0     0     0     0     0     1
     1     2     3     2     0     0     0     0     0     0     0     2
     0     0     0     0     0     0     0     0     0     0     0     0
     0     0     0     0     0     0     0     0     0     0     0     0
     0     1     0     0     1     0     0     1     0     0     0     0
     0     0     0     0     0     0     0     0     0     0     0     0
     0     0     0     0     0     1     0     0     0     1     0     0
    11
     0     0     0     0     0     0     0     0     0     0     0     0
     0     0     0     0     0     0     0     0     0     0     0     0
     0     0     0     0     0     0     0     0     0     0     0     0
     0     0     0     0     0     0     1     0     0     0     0     0
     0     0     0     0     0     0     1     0     0     0     0     0
     0     0     0     0     0     0     0     0     0     0     0     0
     0     0     0     0     0     1     0     0     0     0     0     0
     0     0     0     0     0     0     0     0     1     0     0     0
     0     1     0     0     1     1     0     0     1     0     0     0
     0     0     0     0     0     0     1     0     0     0     0     0
     0     0     0     0     0     0     0     0     0     0     0     0
     0     0     0     0     0     0     0     0     1     0     0     0
     0     0     0     0     0     0     0     0     0     0     0     0
     0     0     0     0     0     0     0     0     0     0     0     0
     0     0     2     0     0     0     0     0     0     0     0     0
     0     0     1     0     1     2     0     0     0     0     0     0
     0     0     1     0     1     0     0     0     0     0     0     0
     0     0     0     0     0     0     0     0     0     0     0     0
     0     0     0     0     0     0     0     0     0     0     0     0
     0     0     4     0     0     1     0     0     0     0     0     0
     0     0     2     1     0     0     1     0     0     0     0     0
     0     0     2     1     0     0     0     0     0     0     0     0
     1     0     6     5     1     0     0     0     0     0     0     1
     0     0     8     6     4     0     0     0     0     1     1     2
     7     4    13    20     8     0     0     0     0     1     2     2
     3     2    22    12     3     0     0     0     0     0     1     3
     6     7    22    17     6     2     0     0     0     0     1     8
     5     7    10    11     2     1     0     0     0     0     3     3
     3     6    18    14     0     0     0     0     0     0     2     8
     2     2     8     4     0     0     0     0     0     0     1     2
     1     0     3     1     1     0     0     0     0     0     0     2
     1     0     3     0     3     1     0     0     0     0     0     0
     0     0     0     0     0     0     0     0     0     0     0     0
     0     0     0     0     0     0     0     0     0     0     0     0
     0     0     0     0     0     1     0     0     0     0     0     0
     0     0     0     0     0     0     0     0     0     0     0     0
    12
     0     0     0     0     0     0     0     0     0     0     0     0
     0     0     0     0     0     0     0     0     0     0     0     0
     0     0     0     0     0     0     0     0     0     0     0     0
     0     0     0     0     0     0     0     0     0     0     0     0
     0     0     0     0     0     1     0     0     0     0     0     0
     0     0     0     0     0     1     0     0     0     0     0     0
     0     0     0     0     0     0     0     0     0     0     0     0
     0     0     0     0     0     0     0     0     0     0     0     0
     0     1     0     0     0     0     0     0     0     0     0     0
     0     0     0     0     0     0     0     0     0     0     0     0
     0     0     0     0     1     0     0     0     0     0     0     0
     0     0     0     0     0     0     0     0     0     0     0     0
     0     0     0     0     0     0     0     0     0     0     0     0
     0     0     0     0     0     0     0     0     0     0     0     0
     0     0     0     0     0     0     0     0     0     0     0     0
     0     0     0     0     0     0     0     0     0     0     0     0
     0     0     0     0     0     0     0     0     0     0     0     0
     0     0     0     0     0     0     0     0     0     0     0     0
     0     0     1     0     0     0     0     0     0     0     0     0
     0     0     0     0     0     0     0     0     0     0     0     0
     0     0     1     1     0     1     0     0     0     0     0     0
     0     0     1     0     0     0     0     0     0     0     0     0
     1     0     3     1     0     0     0     0     0     0     0     0
     2     3     0     2     1     0     0     0     0     0     1     1
     0     3    10    12     2     0     0     0     0     0     1     2
     0     2     7    11     3     0     0     0     0     0     0     2
     3     4    17     9     0     0     0     0     0     0     0     1
     2     4     8     5     0     0     0     0     0     0     1     0
     2     5     8     6     1     0     0     0     0     0     1     0
     4     1     4     4     0     0     0     0     0     0     0     1
     0     0     1     1     0     1     0     0     0     0     0     0
     0     0     2     0     0     0     0     0     0     0     0     0
     0     0     0     0     0     0     0     0     0     0     0     0
     0     0     0     0     0     0     0     0     0     0     0     0
     0     0     0     0     0     0     0     0     0     0     0     0
     0     0     0     0     0     0     0     0     0     0     0     0
    13
     0     0     0     0     0     0     0     0     0     0     0     0
     0     0     0     0     0     0     0     0     0     0     0     0
     0     0     0     0     0     0     0     0     0     0     0     0
     0     0     0     0     0     0     0     0     0     0     0     0
     0     0     0     0     0     0     0     0     0     0     0     0
     0     0     0     0     0     0     0     0     0     0     0     0
     0     0     0     0     0     0     0     0     0     0     0     0
     0     0     0     0     0     0     0     0     0     0     0     0
     0     0     0     0     0     0     0     0     0     0     0     0
     0     0     0     0     0     0     0     0     0     0     0     0
     0     0     0     0     0     0     0     0     0     0     0     0
     0     0     0     0     0     0     0     0     0     0     0     0
     0     0     0     0     0     0     1     0     0     0     0     0
     0     0     0     0     0     0     0     0     0     0     0     0
     0     0     0     0     0     0     0     0     0     0     0     0
     0     0     0     0     0     0     0     0     0     0     0     0
     0     0     0     0     0     0     0     0     0     0     0     0
     0     0     0     0     0     0     0     0     0     0     0     0
     0     0     0     0     0     0     0     0     0     0     0     0
     0     0     0     0     0     0     0     0     0     0     0     0
     0     0     0     0     0     0     0     0     0     0     0     0
     0     0     0     0     0     0     0     0     0     0     0     0
     0     0     0     2     0     0     0     0     0     0     0     0
     0     0     1     0     0     0     0     0     0     0     0     1
     0     0     0     1     0     0     0     0     0     0     0     0
     0     1     0     2     0     0     0     0     0     0     0     0
     1     0     2     3     1     0     0     0     0     0     0     2
     1     0     2     0     0     0     0     0     0     0     0     1
     0     0     1     1     0     0     0     0     0     0     0     0
     1     0     0     0     0     0     0     0     0     0     0     0
     0     0     0     0     0     0     0     0     0     0     0     0
     0     1     1     0     0     0     0     0     0     0     0     0
     0     0     0     0     0     0     0     0     0     0     0     0
     0     0     0     0     0     0     0     0     0     0     0     0
     0     0     0     0     0     0     0     0     0     0     0     0
     0     0     0     0     0     0     0     0     0     0     0     0
    14
     0     0     0     0     0     0     0     0     0     0     0     0
     0     0     0     0     0     0     0     0     0     0     0     0
     0     0     0     0     0     0     0     0     0     0     0     0
     0     0     0     0     0     0     0     0     0     0     0     0
     0     0     0     0     0     0     0     0     0     0     0     0
     0     0     0     0     0     0     0     0     0     0     0     0
     0     0     0     0     0     0     0     0     0     0     0     0
     0     0     0     0     0     0     0     0     0     0     0     0
     0     0     0     0     0     0     0     0     0     0     0     0
     0     0     0     0     0     0     0     0     0     0     0     0
     0     0     0     0     0     0     0     0     0     0     0     0
     0     0     0     0     0     0     0     0     0     0     0     0
     0     0     0     0     0     0     0     0     0     0     0     0
     0     0     0     0     0     0     0     0     0     0     0     0
     0     0     0     0     0     0     0     0     0     0     0     0
     0     0     0     0     0     0     0     0     0     0     0     0
     0     0     0     0     0     0     0     0     0     0     0     0
     0     0     0     0     0     0     0     0     0     0     0     0
     0     0     0     0     0     0     0     0     0     0     0     0
     0     0     0     0     0     0     0     0     0     0     0     0
     0     0     1     0     0     0     0     0     0     0     0     0
     0     0     0     0     0     0     0     0     0     0     0     0
     0     0     1     0     0     0     0     0     0     0     0     0
     0     0     1     0     0     0     0     0     0     0     1     1
     0     1     0     2     0     0     0     0     0     0     0     0
     0     1     1     1     0     0     0     0     0     0     0     0
     0     0     2     0     0     0     0     0     0     0     0     0
     0     0     1     0     0     0     0     0     0     0     1     0
     0     0     3     0     0     0     0     0     0     0     0     0
     0     1     0     1     0     0     0     0     0     0     0     0
     0     0     1     0     0     0     0     0     0     0     0     0
     0     1     0     0     0     0     0     0     0     0     0     0
     0     0     0     0     0     0     0     0     0     0     0     0
     0     0     0     0     0     0     0     0     0     0     0     0
     0     0     0     0     0     0     0     0     0     0     0     0
     0     0     0     0     0     0     0     0     0     0     0     0
    15
     0     0     0     0     0     0     0     0     0     0     0     0
     0     0     0     0     0     0     0     0     0     0     0     0
     0     0     0     0     0     0     0     0     0     0     0     0
     0     0     0     0     0     0     0     0     0     0     0     0
     0     0     0     0     0     0     0     0     0     0     0     0
     0     0     0     0     0     0     0     0     0     0     0     0
     0     0     0     0     0     0     0     0     0     0     0     0
     0     0     0     0     0     0     0     0     0     0     0     0
     0     0     0     0     0     0     0     0     0     0     0     0
     0     0     0     0     0     0     0     0     0     0     0     0
     0     0     0     0     0     0     0     0     0     0     0     0
     0     0     0     0     0     0     0     0     0     0     0     0
     0     0     0     0     0     0     0     0     0     0     0     0
     0     0     0     0     0     0     0     0     0     0     0     0
     0     0     0     0     0     0     0     0     0     0     0     0
     0     0     0     0     0     0     0     0     0     0     0     0
     0     0     0     0     0     0     0     0     0     0     0     0
     0     0     0     0     0     0     0     0     0     0     0     0
     0     0     0     0     0     0     0     0     0     0     0     0
     0     0     0     0     0     0     0     0     0     0     0     0
     0     0     0     0     0     0     0     0     0     0     0     0
     0     0     0     0     0     0     0     0     0     0     0     0
     0     0     0     1     0     0     0     0     0     0     0     0
     0     0     0     0     0     0     0     0     0     0     0     0
     1     1     0     1     0     0     0     0     0     0     0     1
     0     0     0     1     0     0     0     0     0     0     0     0
     0     0     0     1     0     0     0     0     0     0     0     1
     0     0     1     0     0     0     0     0     0     0     0     0
     0     0     0     0     0     0     0     0     0     0     0     0
     0     0     0     0     0     0     0     0     0     0     0     0
     0     0     0     0     0     0     0     0     0     0     0     0
     0     0     0     0     0     0     0     0     0     0     0     0
     0     0     0     0     0     0     0     0     0     0     0     0
     0     0     0     0     0     0     0     0     0     0     0     0
     0     0     0     0     0     0     0     0     0     0     0     0
     0     0     0     0     0     0     0     0     0     0     0     0
    16
     0     0     0     0     0     0     0     0     0     0     0     0
     0     0     0     0     0     0     0     0     0     0     0     0
     0     0     0     0     0     0     0     0     0     0     0     0
     0     0     0     0     0     0     0     0     0     0     0     0
     0     0     0     0     0     0     0     0     0     0     0     0
     0     0     0     0     0     0     0     0     0     0     0     0
     0     0     0     0     0     0     0     0     0     0     0     0
     0     0     0     0     0     0     0     0     0     0     0     0
     0     0     0     0     0     0     0     0     0     0     0     0
     0     0     0     0     0     0     0     0     0     0     0     0
     0     0     0     0     0     0     0     0     0     0     0     0
     0     0     0     0     0     0     0     0     0     0     0     0
     0     0     0     0     0     0     0     0     0     0     0     0
     0     0     0     0     0     0     0     0     0     0     0     0
     0     0     0     0     0     0     0     0     0     0     0     0
     0     0     0     0     0     0     0     0     0     0     0     0
     0     0     0     0     0     0     0     0     0     0     0     0
     0     0     0     0     0     0     0     0     0     0     0     0
     0     0     0     0     0     0     0     0     0     0     0     0
     0     0     0     0     0     0     0     0     0     0     0     0
     0     0     0     0     0     0     0     0     0     0     0     0
     0     0     0     0     0     0     0     0     0     0     0     0
     0     0     0     0     0     0     0     0     0     0     0     0
     0     0     0     0     0     0     0     0     0     0     0     0
     0     1     0     0     0     0     0     0     0     0     0     0
     0     0     0     0     0     0     0     0     0     0     0     0
     0     0     0     4     0     0     0     0     0     0     0     0
     0     0     0     0     0     0     0     0     0     0     0     0
     0     0     0     1     0     0     0     0     0     0     0     0
     0     0     0     0     0     0     0     0     0     0     0     0
     0     0     2     0     0     0     0     0     0     0     0     0
     0     0     0     0     0     0     0     0     0     0     0     0
     0     0     0     0     0     0     0     0     0     0     0     0
     0     0     0     0     0     0     0     0     0     0     0     0
     0     0     0     0     0     0     0     0     0     0     0     0
     0     0     0     0     0     0     0     0     0     0     0     0
    17
     0     0     0     0     0     0     0     0     0     0     0     0
     0     0     0     0     0     0     0     0     0     0     0     0
     0     0     0     0     0     0     0     0     0     0     0     0
     0     0     0     0     0     0     0     0     0     0     0     0
     0     0     0     0     0     0     0     0     0     0     0     0
     0     0     0     0     0     0     0     0     0     0     0     0
     0     0     0     0     0     0     0     0     0     0     0     0
     0     0     0     0     0     0     0     0     0     0     0     0
     0     0     0     0     0     0     0     0     0     0     0     0
     0     0     0     0     0     0     0     0     0     0     0     0
     0     0     0     0     0     0     0     0     0     0     0     0
     0     0     0     0     0     0     0     0     0     0     0     0
     0     0     0     0     0     0     0     0     0     0     0     0
     0     0     0     0     0     0     0     0     0     0     0     0
     0     0     0     0     0     0     0     0     0     0     0     0
     0     0     0     0     0     0     0     0     0     0     0     0
     0     0     0     0     0     0     0     0     0     0     0     0
     0     0     0     0     0     0     0     0     0     0     0     0
     0     0     0     0     0     0     0     0     0     0     0     0
     0     0     0     0     0     0     0     0     0     0     0     0
     0     0     0     0     0     0     0     0     0     0     0     0
     0     0     0     0     0     0     0     0     0     0     0     0
     0     0     0     0     0     0     0     0     0     0     0     0
     0     0     0     0     0     0     0     0     0     0     0     0
     0     0     0     0     0     0     0     0     0     0     0     0
     0     1     0     0     0     0     0     0     0     0     0     0
     0     0     0     0     0     0     0     0     0     0     0     0
     0     0     0     0     0     0     0     0     0     0     0     0
     0     0     0     0     0     0     0     0     0     0     0     0
     0     0     0     0     0     0     0     0     0     0     0     0
     0     0     0     0     0     0     0     0     0     0     0     0
     0     0     0     0     0     0     0     0     0     0     0     0
     0     0     0     0     0     0     0     0     0     0     0     0
     0     0     0     0     0     0     0     0     0     0     0     0
     0     0     0     0     0     0     0     0     0     0     0     0
     0     0     0     0     0     0     0     0     0     0     0     0
