18
Amarillo, TX 23047
     0
      -1.200        .000       5.500      11.100      15.600      20.600
      23.200      23.200      18.800      12.800       4.400      -1.200
       4.400       6.000      11.600      16.700      21.100      25.600
      28.200      27.700      23.200      17.700      10.600       5.000
      10.600      12.800      17.200      22.200      25.600      29.300
      31.700      31.100      27.700      22.700      16.100      10.600
      29.000      30.000      23.000      21.000      28.000      34.000
      32.000      34.000      35.000      29.000      29.000      33.000
      46.000      50.000      38.000      34.000      46.000      49.000
      45.000      47.000      49.000      43.000      45.000      50.000
      68.000      74.000      63.000      56.000      68.000      68.000
      62.000      63.000      69.000      65.000      69.000      72.000
       3.100       3.500       4.000       4.000       3.500       3.500
       3.500       3.100       3.100       3.100       3.100       3.100
       4.800       4.800       5.500       5.500       5.200       4.800
       4.800       4.400       4.800       4.800       4.800       4.800
       6.300       6.800       7.200       7.200       6.800       6.300
       5.900       5.500       5.900       5.900       6.300       6.300
     230.000     350.000     210.000     210.000     190.000     190.000
     190.000     190.000     200.000     210.000     220.000     230.000
     1
       4.267       6.170      11.286      16.619      20.667      25.127
      27.550      27.214      22.947      17.621      10.417       4.600
      49.377      52.386      43.948      39.898      48.318      51.540
      48.187      50.051      52.455      47.774      49.638      52.603
     2
     5     6     7     7     3     6     6     5     4     3     4     8
    10    10    12     5     4     5     5     7     8     6     7    11
     3     4     2     3     8     1     3     1     8     0     5     8
     8     3     5     3     2    11     3     4    11     6     7     6
     7     5     6     4     7     4     7    11    10     2     7    13
     2     3     2     1     4     3     6     8     6     9     3     6
     3     5     3     5     2     6     8     6    11     7     4     2
     4     0     3     2     4     3     6     5     4     2     2     7
     9     7     8     5    10    13     9     7    12    10     8     5
     4     1     3     2     6     5     5     8     8    11     2     1
     3     3     6     4     4     3     7     7     9     4     6     2
     5     7     5     2     4     7     4     6     6     6     2     4
     3     6     6     4     5     4     3     7     4     3     2     1
     4    10     7    12     6    13    20    20     9     7     9     4
     3    10     1     5     8     8     9    10     6     4     2     1
     6     7     5    13     7    11     8    12    10     7     8     8
     6     2     5     1     3     6     9     9    10     8     3     3
     7     4    10    13    15     9    16    19     6    16     9     8
     8     3     5     4     6     6    10     7    10     6     3     5
     9     8     6    10     9    12    13    11     9     8     8     9
     9     2     5     4     6     8    12     7    12     8    11    10
     6     4     5     2     6     6    12     8    12     3    13    13
    11     8    10     9    13     8    12    20    10    12    13    11
     4     3     4     3     8     4     9    10     6     8     6     2
     5     4     7     1     9     6     8     5    12     6     9    15
     7     3     5     3     2    11    13     8     6     7     9     5
    15    16     7    10    16     9    13    12     6     8    19    11
     7     3     6     3     5     4     6     6     2     7     3     7
    14     9     6     1     8     6    10     8    11    11    12    11
     7     3    11     8     7     7     6    11     9     7    15    10
    14     9     7     4     9    10     5    10     8     8     5    10
    12     8     9    11    11    12     9     5     9    13    15    14
     9     8     7     2     8     6     4     8    12     6     8     7
    11     8     8     4     4     7     6    13     9    11    12    11
    10     7     2     5     2     7     8     3     3     6     6     5
     9    11     3     8     6     6     7    14    11     5     8     6
     3
    29    22    24    17    19    21    20    19    12    17    18    14
    31    29    28    23    23    25    26    39    41    35    40    20
    26    20    15    18    17    27    17    24    15    19    23    26
    19    19    21    17    22    16    25    28    31    26    20    16
    17    23    29    20    22    20    33    42    30    23    18    25
    11    24    17    19    19    24    19    27    20    23    12    22
    15    26    20    23    26    32    37    26    39    30    14    22
    15    12    17    21    21    17    30    24    17    18    13     6
    19    27    22    29    25    32    31    47    40    32    15    20
     8    11    10    14    16    15    18    17    15    16     9     6
    12    26     9    14    29    22    35    31    25    20    11    16
    17    15    19    11    28    28    25    36    23    23    18    10
    10    15    21    11    26    20    29    42    20    15    15    11
     9    17    28    18    35    50    49    56    51    24    16    12
    12    17    17    14    28    36    35    51    27    20    12     8
    13    21    10    17    31    41    53    37    37    30    20    14
    20    17    12    12    23    34    36    38    26    18    18     9
    35    25    22    29    45    51    81    92    62    40    39    50
    20    24    22    18    31    36    58    47    25    37    25    36
    28    32    36    27    43    40    83    70    57    56    36    47
    41    22    33    19    41    33    56    69    51    41    46    36
    44    24    22    31    33    52    62    45    44    44    41    41
    45    35    35    33    29    40    67    79    44    66    48    55
    20    22    25    22    23    26    32    32    35    24    22    29
    39    34    20    19    29    26    42    42    40    37    30    46
    23    20    18    14    16    20    16    20    15    24    20    16
    21    19    15    20    41    28    34    39    32    29    31    54
    19    25     6    14    19    23    21    16    14    28    21    26
    35    40    21    30    28    24    30    23    31    26    40    49
    44    37    32    19    36    23    12    18    24    25    35    46
    56    36    32    29    32    30    19    19    29    43    50    54
    61    43    39    29    29    45    27    35    49    50    60    66
    36    30    29    21    31    29    18    19    25    38    24    27
    38    39    31    21    21    30    20    15    25    27    39    47
    29    18    18    23    23    24    15    13    17    28    14    33
    43    45    34    29    32    37    34    45    36    34    38    57
     4
    25    19    10    18    23    20    17    16    16    14    21    23
    40    26    26    26    27    25    18    20    30    37    29    30
    19    18    22    19    18    19    12    12    22    22    18    24
    25    15    13    22    27    19    17    22    27    23    15    18
     8    22    24    18    17    24    27    33    28    25    12    20
     9    24    10    16    23    23    19    23    16    16     8     9
    18    22    14    16    25    32    29    29    32    20    14    17
     7    20    10    15    25    23    22    12    23    12     6     8
    13    23    15    24    27    35    28    33    23    31     7    15
     7    13     7    20    21    17    13    17    14    14     2     6
    15    10     9    18    28    30    23    35    32    25     5    11
    14     6    10    15    24    34    30    23    17    16     9    15
    10     7     6    15    19    26    41    30    17     9     7    11
    21    19    18    20    36    60    45    66    36    27    16    17
    15    16    18    16    32    45    54    42    26    23    16    14
    19    15    21    27    22    79    75    64    47    34    24    19
    21    10    17    21    26    46    58    56    37    20    19    18
    28    31    32    35    58    76   114   115    81    46    44    40
    23    26    19    19    35    48    78    98    52    30    31    35
    35    42    15    41    48    68   108   109    71    62    41    46
    28    29    26    24    46    51    89    70    48    49    38    43
    34    38    21    35    38    35    73    72    50    47    51    64
    53    34    23    34    43    54    89    83    71    68    56    61
    33    12    10    25    25    21    30    31    30    28    31    19
    26    18    24    23    27    28    38    40    45    50    29    24
    17    12     9    19    16    14    16    22    14    20    19    20
    23    28    18    25    19    11    21    21    29    23    20    31
    15    15    10    13    17    11     5    18    11    18    19    10
    32    23    19    16    29    14    12    13    17    19    25    48
    31    32    22    13    18    12    14    14    11    26    29    26
    54    42    27    22    25    16     8    12    14    26    40    38
    57    49    43    41    36    25    22    23    25    42    44    53
    32    25    19    21    18    14    10    14    18    25    31    29
    37    29    34    29    31    15    20    19    22    29    28    33
    18    16    18    14    21    12    14    13    15    25    20    22
    47    40    36    22    30    19    19    23    25    34    35    57
     5
    38    40    51    33    52    33    22    28    38    47    39    71
    65    60    55    50    73    34    26    36    62    57    77    64
    35    46    29    34    44    34    35    21    49    47    31    39
    28    29    25    29    36    16    35    31    50    43    19    28
    27    34    22    26    49    31    34    39    47    27    22    31
    13    23    18    26    32    29    25    30    29    23    14    17
    15    38    19    41    41    38    36    35    41    28    13    18
     6    21    12    25    29    18    19    28    16    13    13    10
    12    27    21    30    61    43    31    34    20    28    13    11
     4    10    14    19    24    28    24    35    19    15     7    10
    17    11     9    28    44    36    30    49    23    11     6     8
    10    16    15    24    38    47    55    41    35    18    14     8
    23    13    11    29    31    59    47    52    33    19    15    11
    22    27    27    57    77   114   101    96    74    30    17    30
    24    21    24    28    59    94    79    69    38    39    19    17
    41    44    49    57    96   124   117   121    69    48    43    36
    38    30    39    33    50   119   103   112    78    62    32    37
    48    55    63    81   122   212   239   265   167   124    90    56
    45    46    49    47    72   125   176   174   124    73    52    60
    56    38    62    58   144   181   274   237   170   132    90    70
    46    38    63    43    83   153   174   141   139    87    57    63
    74    43    49    69    75    86   131   144   118   109    88    60
    83    66    58    92    79   107   163   167   141   116    95   100
    41    27    35    48    44    41    66    71    56    56    46    46
    59    37    51    50    65    59    61    73    74    82    53    59
    31    25    22    27    32    21    31    34    16    28    36    16
    29    37    40    30    38    34    38    35    34    30    51    45
    29    10    20    15    22    14    13    21    12    21    19    17
    37    43    54    34    43    27    18    17    12    20    48    48
    37    40    41    39    36    15    12    13     7    19    24    50
    74    68    44    34    32    12    13    11    16    48    37    54
    80    72    73    44    54    35    17    20    24    47    78    71
    42    51    39    27    33    11    11     9    11    37    39    42
    66    53    60    34    36    14    19    15    24    50    60    55
    45    40    31    27    35    12     8     8    15    34    34    65
    91    83    75    56    58    41    38    24    56    56    79   119
     6
    47    54    37    36    42    28    12     8    42    51    57    62
    63    69    74    48    45    30    18    23    40    62    56    74
    31    54    35    36    27    31    20    20    39    47    34    24
    25    23    36    31    28    24    14    17    16    30    23    26
    17    29    19    31    27    24    20    29    25    34    14    20
     6    12    13    18    24    28    17    13    32    12     4    11
     8    11    21    20    26    28    18    20    14    22     2     8
     2    15    11    15    14    12    13     6     4     9     3     1
     3    18    12    30    25    19    15    16    11    14     4     1
     2     2     7    13    18    10    12     6     4     5     0     2
     4     8     6    21    27    27    16    13     7     9     3     2
     7     7     9    23    34    33    24    11    18     9     9     3
     7    14    15    28    38    40    25    21    18    12     4     6
    23    22    28    57    90    99    62    51    37    44    17    21
    16    18    22    40    53    86    60    43    25    34    15     8
    26    22    37    64    88   138   105    70    63    54    39    25
    29    22    28    41    86    97   113    68    81    58    29    18
    50    46    65   103   121   216   258   213   148   111    66    57
    24    38    45    51    74   130   197   152   119    64    63    57
    58    43    75    79   117   184   283   222   196   129    84    72
    50    46    68    68    89   132   206   164   109    82    68    47
    51    37    70    72    80   125   146   111   108    89    68    52
    65    61    86    98    94    98   140   128   118   151    96    68
    46    45    61    54    51    54    45    41    62    57    45    35
    50    36    51    66    64    43    61    50    59    78    68    79
    29    18    22    37    19    17    19    17    15    32    22    26
    49    36    28    37    44    19    12    18    15    32    40    28
    25     9    16    21    19    11     1     5     6    17    13    15
    30    30    33    20    20    17     1     1     3    15    13    27
    12    24    20    12    15    10     3     2     0     6    17    23
    21    34    33    15    17    11     5     3     5    13    17    28
    36    38    41    45    43    10     3     6     8    23    26    42
    29    19    30    22    27     8     1     2     5    16    22    30
    45    41    48    36    34    14     3    10    16    28    43    53
    40    40    27    40    30    12     6     7    10    33    37    41
    83    94    70    69    45    32    10    21    30    77    91    86
     7
    32    27    32    22    22     8     2     3    14    26    38    48
    40    33    35    34    35    13     7     9    28    31    33    39
    17    17    25    21    14     5     7     9    12    23    15    27
     9    14    12    14    13    13     4     4    14    20     7    10
    10     7    10    12    14     9     6    12     9    10     8    11
     4     8     4     8     9     3     8     0     8     8     0     5
     5     8     7    19    12    10     7     1     5     7     1     4
     2     1     3     7     5     4     4     1     2     2     2     0
     3     4     4    11    11     3     2     3     4     9     0     2
     1     0     6     5     3     6     2     1     1     1     0     2
     0     4    11     2     7    12     4     4     4     3     0     2
     4     4     9     7    18    12     9     5     3     2     0     0
     4     7     9     6    27    16    11     2     6     2     2     1
     3     8    16    26    47    65    24    13    22    10     4     6
     5    14     9    14    29    45    30    12     4     7     7     2
    10    12    22    37    54    81    36    24    23    23    11     6
    14    12    26    34    41    56    73    33    31    24    18    10
    23    27    41    54    80   106   158   100   105    54    41    37
    15    21    45    32    53    95   108    89    82    44    26    25
    44    30    55    51    80    97   128   105   102    75    44    39
    20    30    42    33    61    84    94    68    78    54    47    32
    35    26    46    28    38    58    63    69    67    53    45    24
    62    29    75    63    53    60    60    47    62    63    50    34
    26    24    26    40    38    26    23    19    28    34    24    34
    31    19    38    30    29    18    14    18    19    28    44    33
    22    11    19    23    13    15     4     8     3    18    13     9
    22    29    14    32    25    10     3     5     4     9    17    20
     6     6     9    10    10     4     0     3     2     3     6    11
    11    16    16     8    11     4     1     1     1     1    11    10
     5     6     6     4     2     0     1     0     2     4     5    10
     6     3    10    11     8     1     1     0     0     2     6     5
    15    17    21    14    12     2     2     0     1     6     8    17
     9     9    15    18     3     4     1     3     0     3     6    16
    14    16    31    20    18     5     0     1     5     9    21    22
    22    22    21    23    14     8     1     1     7    13    35    17
    54    55    43    49    29    16     3     3    20    35    54    48
     8
    46    45    44    42    29    16     3     3    28    46    42    55
    57    54    50    53    51    12     8     4    27    44    39    58
    16    25    25    23    20    12     5     5    14    25    13    23
    10    21    12    17    10    12     9     7    15    16     2     7
    18    14    16    15    20    16     3     4    14     8     9    10
     4     5     2     4     9     9     3     2     3     1     2     1
     5     4     9     7    10     9     2     1     2     5     2     2
     1     1     5     6     5     4     2     1     0     4     0     0
     1     4     6     3    13     6     3     5     2     1     0     4
     0     1     1     3     7     5     2     1     0     0     0     2
     0     3     2     3     8     8     4     5     1     2     0     0
     2     3     6     6    14     9     5     2     4     3     1     1
     3     5    18    11    21    10     7     7     4     5     1     1
     6    22    33    40    51    47    19    13    13     5     0     5
    10     6    16    37    37    33    11    14     8    12     4     2
     6    21    39    55    67    91    41    25    31    19    14     8
     4    11    36    33    56    56    57    28    28    22    18     8
    20    36    83    76   144   149   156    97    85    60    37    28
    26    34    54    53    81    97   108    84    93    57    35    36
    46    44    69    76   114   120   157   108   110    63    49    60
    36    38    53    53    65    86    87    79    74    68    40    48
    43    26    58    63    64    50    41    38    54    47    56    33
    73    43    70    70    60    43    51    35    46    48    60    42
    37    24    31    38    27    32    25     5    20    40    25    25
    47    31    50    65    49    15    14     8    19    41    41    50
    23    21    19    27    21    12     6     3     2    16    25    18
    22    33    35    54    29    10     2     3     3    16    20    32
    16    12    14    16    15     2     0     1     1     6    16    16
    10    18    18    13    16     4     2     2     1     3    11    15
     6     7     2    13     6     0     0     1     0     2     3     8
     3     5     8     8     6     1     0     0     1     0     3     8
     9    12    17    15    18     1     2     0     0     1     7    10
     7    11    17    22    12     3     0     1     2     8     6     8
    28    39    34    27    18     7     0     2     6    21    31    21
    20    33    35    32    30    14     0     2     7    16    31    20
    73    82    63    61    38    15     3     6    32    52    82    84
     9
    14    18    14     9     8     6     0     2    11    13    15    19
    18    22    17    15    11     3     0     2     4    15     6    20
     9    10     7     5     7     1     1     0     4     4     6     7
     2     4     8     6     3     2     1     0     1     4     1     0
     3     2     4     2     5     1     2     0     3     2     1     2
     0     2     4     1     2     1     0     0     0     1     1     0
     2     2     0     2     2     1     1     0     0     0     1     1
     0     0     2     0     3     1     1     0     0     0     0     0
     0     0     0     0     1     4     2     0     1     1     0     0
     0     0     0     0     0     1     0     0     0     0     0     0
     1     0     1     0     3     2     0     0     0     0     0     0
     0     0     1     1     4     1     1     0     1     0     0     0
     0     1     8     5    10     0     3     0     0     0     0     0
     0     1     8     5    15     9     2     0     2     1     1     0
     0     2     4    11    11     7     5     1     0     1     0     0
     2     1    12    16    28    22     0     0     4     1     5     0
     0     4     7    16    17    19    14     2     6     7     2     2
     5    13    23    42    37    42    33    12    13    17     9     4
     7    15    18    27    23    28    22    15    18    11     3    14
    15    14    20    24    29    28    31    16    16    19    18    18
    11    13    15    15    18     6    16     8    11    12    13    12
    12    14     9    19    16     6     6     4     6    13     9    10
    16    13    27    31    19     6     9     3     5    14    13    10
    14    13    16    17    17     6     4     2     2     4     9    10
    14    17    18    31    19     7     1     1     2     7     8    13
     7     7    11    21     7     0     0     0     2     8     5     8
     9    13     9    17     7     2     0     1     1     3     9     5
     6     1     6     6     5     0     0     0     1     0     3     7
     2     7     7    11     5     0     1     0     0     2     2     6
     1     2     3     5     0     1     1     1     0     0     1     7
     0     0     1     6     1     0     0     0     0     0     1     2
     1     4     2     8     5     0     0     0     0     0     0     9
     4     4     3     8     1     0     0     0     0     0     5     2
    13    15    18    17     6     1     0     0     2     3    10    10
     6    12    19     6     8     0     0     0     3     6     8     5
    22    16    30    13    11     6     0     2     5    19    34    15
    10
     5    14     9     3     5     5     0     0     8     9     3    10
    20    20     9    18     6     2     0     0     3     4    11    15
     3     9     4     5     2     1     0     0     1     2     4     2
     0     0     5     4     1     0     2     1     1     2     1     0
     0     3     1     4     1     2     0     1     0     0     2     7
     0     0     2     1     0     1     1     0     0     0     0     1
     0     0     0     2     0     2     0     0     0     0     2     1
     0     0     1     0     1     1     0     0     0     0     0     0
     0     0     0     1     1     2     0     0     0     0     0     0
     0     0     1     0     0     0     0     0     0     0     0     0
     0     0     0     0     4     2     0     0     0     0     0     0
     0     0     3     0     0     2     0     0     0     0     0     0
     0     0     2     3     6     4     0     1     1     0     0     0
     0     3     3     7     5    13     2     0     1     0     0     0
     1     2     6     9     9     1     1     1     0     0     1     0
     3     0     6    11    17    20     2     7     2     2     1     0
     3     0     9    14    12     9     2     1     2     1     1     0
     0     6    12    30    26    21    23     4     4     7     8     2
     0     3    13    13    12    12     4     5     3     2     5     4
     9     9     7    22    11    10    14     4     6    16    15    12
     9     9     5     3     9     6     3     2     6     9     6     0
    11     6    10    10     5     2     0     1     2     2     5     6
     9    11    17    18    12     1     1     2     2     5     8     4
     6     6    10     8     6     3     0     1     3     4    11     5
     8     5    15    15    13     3     0     0     0     7     7     3
     8     6    17    13     9     1     1     0     0     1     2     4
     8    10    16    17     8     1     1     0     2     8     3     7
     2     1     6    15     4     1     0     0     0     2     1     5
     3     3     7     5     5     0     0     0     0     1     2     5
     0     0     0     1     2     0     0     0     0     0     1     1
     3     3     4     1     1     0     0     0     0     2     2     1
     2     0     4     1     6     0     0     0     0     2     0     4
     1     2     4     1     2     0     0     0     0     1     3     3
     6     7    23    10     1     0     0     0     1     4     7     7
     6     7    10     8    10     0     0     0     1     4     4     8
    25    28    22    17     5     0     0     0     7    15    13     7
    11
     7    10    23    12     6     1     0     0     5     4     8     9
    14    13    12     9     9     5     0     1     1     3    17     8
     4     4     1     2     1     2     1     1     1     2     1     0
     1     1     3     1     4     0     0     0     0     1     1     0
     0     2     2     2     0     4     2     0     0     0     1     0
     0     0     0     0     0     2     0     1     0     0     0     0
     0     0     1     2     1     0     0     0     0     0     0     0
     0     0     1     0     0     0     0     1     0     0     0     0
     0     0     0     0     0     0     0     0     0     0     0     0
     0     0     0     0     0     0     0     0     0     0     0     0
     0     1     0     1     3     1     0     1     0     0     0     0
     0     0     0     0     1     0     0     0     0     0     0     0
     0     1     1     0     2     0     0     1     0     0     0     0
     0     1     2     3     6     7     0     0     1     0     0     0
     0     0     6     5     3     4     0     0     0     0     0     0
     0     2     5     1    15     8     0     0     2     1     0     0
     1     0     9     6     7     5     1     0     0     1     0     0
     1     2    14    13    29    16     9     0     2     2     1     0
     0     4    10    12    10     6     2     2     0     2     3     2
     8     5    16     9    14     3     8     0     4     7    10     4
     6     2     8     9     4     2     2     1     3     4     5     3
     5     2     7     5     2     0     1     0     1     0     6     5
     6     9     8    22     6     1     0     0     1     2     4     4
     6     3     8     9     2     2     2     0     1     1     8     5
    11    12    31    27    17     1     0     0     0     6    12     9
    10     1    13    11     4     1     0     0     1     2     7     5
    14     5    25    22     6     0     0     0     0     3     9     2
     3     0     5     7     3     0     0     0     0     0     1     2
     5     4    13    12     2     0     1     0     0     1     3     3
     2     1     4     6     2     0     1     0     0     1     0     1
     1     1     2     6     1     0     0     0     0     1     0     2
     0     6     1     5     3     1     0     1     0     1     6     2
     1     5     6     5     3     0     0     0     1     1     5     4
     8     2    16     8     4     0     0     0     2     1     5     6
     6    10    14     7     4     2     0     0     1     2     5     5
    18    24    30    23     6     0     0     0     2     6    18     6
    12
     2     5    15     4     0     0     1     0     1     1     2     1
     1     1     6     4     0     0     0     0     0     0     6     0
     1     0     2     0     0     0     0     0     1     1     0     1
     1     0     0     0     0     0     0     0     0     0     0     0
     0     0     0     0     0     0     0     0     0     0     0     1
     0     0     0     0     0     0     1     0     0     0     0     0
     0     1     0     0     0     0     0     1     0     0     0     0
     0     0     0     0     0     0     0     0     0     0     0     0
     0     1     0     0     1     0     1     0     0     0     0     0
     0     0     0     0     0     0     0     0     0     0     0     0
     0     0     0     0     1     1     0     0     0     0     0     0
     0     0     0     0     1     0     0     0     1     0     0     0
     0     0     0     0     2     0     0     0     0     0     0     0
     0     0     0     0     3     4     0     0     0     0     0     0
     0     0     0     2     5     0     0     0     0     0     0     0
     0     1     0     0     8     6     0     0     0     0     0     0
     0     0     4     0     3     2     0     0     0     2     0     0
     0     1     4     2     7     1     4     0     0     0     0     0
     1     0     3     1     0     0     0     1     0     0     1     1
     2     2     7     4     6     1     0     0     0     0     1     0
     0     1     6     1     0     0     0     0     0     0     0     0
     0     0     2     1     2     0     0     0     0     0     3     2
     3     5     2    12     8     0     1     0     0     1     0     0
     2     3    11     4     1     1     0     0     1     0     1     4
     6     6    17    19     9     2     0     0     0     2     4     1
     3     4    14     9     5     1     0     0     0     1     8     3
     6     5    12    15     3     2     0     0     0     0     5     5
     4     0     4     6     2     0     0     0     0     0     1     1
     2     3     7     1     1     0     1     0     0     0     0     1
     1     1     3     1     0     0     0     0     0     0     0     0
     0     0     0     0     1     0     0     0     0     1     3     0
     0     1     4     2     1     0     0     0     0     0     0     2
     0     6     6     3     2     0     0     0     0     4     3     0
     5     6    14    10     1     0     0     0     0     0     3     2
     8     4    11     5     6     0     0     0     0     2     1     3
     7     8    10     7     2     0     0     0     1     4     7     4
    13
     0     0     1     0     0     0     0     0     0     0     0     0
     0     2     0     0     0     0     0     0     0     0     0     0
     0     0     0     0     0     0     0     0     0     0     0     0
     0     0     0     0     0     0     0     0     0     0     0     0
     0     0     0     0     0     0     0     0     0     0     0     0
     0     0     0     0     0     0     0     0     0     0     0     0
     0     0     0     0     0     0     0     0     0     0     0     0
     0     0     0     0     0     0     0     0     0     0     0     0
     0     0     0     0     0     0     0     0     0     0     0     0
     0     0     0     0     0     0     0     0     0     0     0     0
     0     0     0     0     0     1     0     0     0     0     0     0
     0     0     0     0     0     0     0     0     0     0     0     0
     0     0     1     0     0     0     0     0     0     0     0     0
     0     0     0     1     0     0     0     0     0     0     0     0
     0     0     1     0     0     0     0     0     0     0     0     0
     0     0     0     0     1     0     0     0     0     0     0     0
     0     0     0     0     0     0     0     0     0     0     0     0
     0     0     0     0     0     0     0     1     0     0     0     0
     0     0     1     0     0     0     0     0     0     0     0     0
     0     0     1     1     0     0     0     0     0     0     0     0
     0     0     0     1     0     0     0     0     0     0     0     0
     0     0     1     0     1     0     0     0     0     0     1     0
     0     3     1     3     2     0     0     0     0     0     0     0
     0     2     1     0     0     0     0     0     0     0     0     0
     1     3     4     3     2     0     0     0     0     0     0     0
     1     0     3     2     0     0     0     0     0     0     1     0
     0     2     5     5     1     0     0     0     0     0     1     2
     0     0     0     1     0     0     0     0     0     0     0     0
     0     0     1     0     0     0     0     0     0     0     0     1
     0     0     0     1     0     0     0     0     0     0     0     0
     0     0     1     0     1     0     0     0     0     0     0     0
     0     0     1     1     0     0     0     0     0     0     0     0
     0     1     0     1     0     0     0     0     0     0     1     0
     2     0     2     5     0     0     0     0     0     0     0     2
     0     2     2     2     0     0     0     0     0     0     0     0
     1     4     1     0     0     0     0     0     0     0     0     0
    14
     0     0     0     0     0     0     0     0     0     0     0     0
     0     2     0     1     0     0     0     0     0     0     2     0
     0     0     0     0     0     0     0     0     0     0     0     0
     0     0     0     0     0     0     0     0     0     0     0     0
     0     0     0     0     0     0     0     0     0     0     0     0
     0     0     0     1     0     0     0     0     0     0     0     0
     0     0     0     0     0     0     0     0     0     0     0     0
     0     0     0     0     0     0     0     0     0     0     0     0
     0     0     0     0     0     0     0     0     0     0     0     0
     0     0     0     0     0     0     0     0     0     0     0     0
     0     0     0     0     0     0     0     0     0     0     0     0
     0     0     0     0     0     0     0     0     0     0     0     0
     0     0     0     0     0     0     0     0     0     0     0     0
     0     0     1     0     0     0     0     0     0     0     0     0
     0     0     0     0     0     0     0     0     0     0     0     0
     0     0     0     0     3     0     0     0     0     1     0     0
     0     0     1     0     0     0     0     0     0     0     0     0
     0     0     0     0     2     0     0     0     0     0     0     0
     0     0     0     1     0     0     0     0     0     0     0     0
     0     0     0     2     0     1     0     0     0     0     0     0
     0     0     0     0     0     0     0     0     0     0     0     0
     0     0     1     0     0     0     0     0     0     0     0     1
     0     1     1     1     2     0     0     0     0     0     0     0
     0     0     1     1     0     0     0     0     0     0     1     0
     2     4     4     3     3     1     0     0     0     0     1     0
     0     0     1     1     0     0     0     0     0     0     1     2
     1     0     4     5     0     0     0     0     0     0     0     1
     0     0     1     1     0     0     0     0     0     0     1     0
     0     1     0     0     0     0     0     0     0     0     0     0
     0     0     2     1     0     0     0     0     0     0     0     0
     0     0     0     0     0     0     0     0     0     0     0     0
     0     1     2     0     0     0     0     0     0     0     0     0
     0     2     3     1     0     0     0     0     0     0     1     0
     6     2     2     0     0     0     0     0     0     0     1     0
     1     0     1     1     0     0     0     0     0     0     2     0
     3     5     3     2     2     0     0     0     0     0     0     0
    15
     0     1     0     0     0     0     0     0     0     0     0     0
     0     0     0     0     0     0     0     0     0     0     0     0
     0     0     0     0     0     0     0     0     0     0     0     0
     0     0     0     0     0     0     0     0     0     0     0     0
     0     0     0     0     0     0     0     0     0     0     0     0
     0     0     0     0     0     0     0     0     0     0     0     0
     0     0     0     0     0     0     0     0     0     0     0     0
     0     0     0     0     0     0     0     0     0     0     0     0
     0     0     0     0     0     0     0     0     0     0     0     0
     0     0     0     0     0     0     0     0     0     0     0     0
     0     0     0     0     0     0     0     0     0     0     0     0
     0     0     0     0     0     0     0     0     0     0     0     0
     0     0     0     0     0     0     0     0     0     0     0     0
     0     0     0     0     0     0     0     0     0     0     0     0
     0     0     0     0     0     0     1     0     0     0     0     0
     0     0     0     0     0     0     0     0     0     0     0     0
     0     0     0     1     0     0     0     0     0     0     0     0
     0     0     0     0     0     0     0     0     0     0     0     0
     0     0     0     0     0     0     0     0     0     0     0     0
     0     0     0     0     0     0     0     0     0     0     0     0
     0     0     0     0     0     0     0     0     0     0     0     0
     0     0     0     0     0     0     0     0     0     0     0     0
     0     0     0     0     0     0     0     0     0     0     0     0
     0     0     0     0     0     0     0     0     0     0     0     0
     0     0     3     1     0     0     0     0     0     0     0     0
     0     0     1     0     0     0     0     0     0     0     0     0
     0     1     2     1     0     0     0     0     0     0     0     0
     0     0     0     1     0     0     0     0     0     0     0     0
     0     0     0     0     0     0     0     0     0     0     0     0
     0     0     0     1     0     0     0     0     0     0     0     0
     0     0     1     0     0     0     0     0     0     0     1     0
     0     0     0     0     0     0     0     0     0     0     0     0
     0     1     1     0     0     0     0     0     0     1     1     0
     0     0     0     0     0     0     0     0     0     0     0     0
     0     1     0     0     0     0     0     0     0     0     0     0
     0     1     1     1     0     0     0     0     0     0     0     0
    16
     0     0     0     0     0     0     0     0     0     0     0     0
     0     1     0     0     0     0     0     1     0     0     0     0
     0     0     0     0     0     0     0     0     0     0     0     0
     0     0     0     0     0     0     0     0     0     0     0     0
     0     0     0     0     0     0     0     0     0     0     0     0
     0     0     0     0     0     0     0     0     0     0     0     0
     0     0     0     0     0     0     0     0     0     0     0     0
     0     0     0     0     0     0     0     0     0     0     0     0
     0     0     0     0     0     0     0     0     0     0     0     0
     0     0     0     0     0     0     0     0     0     0     0     0
     0     0     0     0     0     0     0     0     0     0     0     0
     0     0     0     0     0     0     0     0     0     0     0     0
     0     0     0     0     0     0     0     0     0     0     0     0
     0     0     0     0     0     0     0     0     0     0     0     0
     0     0     0     0     0     0     0     0     0     0     0     0
     0     0     0     0     0     0     0     0     0     0     0     0
     0     0     0     0     0     0     0     0     0     0     0     0
     0     0     0     0     1     1     0     0     0     0     0     0
     0     0     0     0     0     0     0     0     0     0     0     0
     0     0     0     0     0     0     0     0     0     0     0     0
     0     0     0     0     0     0     0     0     0     0     0     0
     0     0     0     0     0     0     0     0     0     0     0     0
     0     0     1     0     0     0     0     0     0     0     0     0
     0     0     0     0     0     0     0     0     0     0     0     0
     0     0     6     1     0     0     0     0     0     0     0     0
     0     0     1     0     1     0     0     0     0     0     1     0
     0     0     0     0     0     0     0     0     0     0     1     0
     0     0     0     1     0     0     0     0     0     0     0     0
     0     0     0     0     0     0     0     0     0     0     0     0
     0     0     0     0     0     0     0     0     0     0     0     0
     0     0     0     0     0     0     0     0     0     0     1     0
     0     0     0     0     0     0     0     0     0     0     0     0
     0     0     0     0     0     0     0     0     0     0     0     0
     0     0     1     0     0     0     0     0     0     0     0     0
     0     0     0     0     0     0     0     0     0     0     0     0
     0     0     1     1     0     0     0     0     0     0     0     0
    17
     0     0     0     0     0     0     0     0     0     0     0     0
     0     0     0     0     0     0     0     0     0     0     0     0
     0     0     0     0     0     0     0     0     0     0     0     0
     0     0     0     0     0     0     0     0     0     0     0     0
     0     0     0     0     0     0     0     0     0     0     0     0
     0     0     0     0     0     0     0     0     0     0     0     0
     0     0     0     0     0     0     0     0     0     0     0     0
     0     0     0     0     0     0     0     0     0     0     0     0
     0     0     0     0     0     0     0     0     0     0     0     0
     0     0     0     0     0     0     0     0     0     0     0     0
     0     0     0     0     0     0     0     0     0     0     0     0
     0     0     0     0     0     0     0     0     0     0     0     0
     0     0     0     0     0     0     0     0     0     0     0     0
     0     0     0     0     0     0     0     0     0     0     0     0
     0     0     0     0     0     0     0     0     0     0     0     0
     0     0     0     0     0     0     0     0     0     0     0     0
     0     0     0     0     0     0     0     0     0     0     0     0
     0     0     0     0     0     0     0     0     0     0     0     0
     0     0     0     0     0     0     0     0     0     0     0     0
     0     0     0     0     0     0     0     0     0     0     0     0
     0     0     0     0     0     0     0     0     0     0     0     0
     0     0     0     0     0     0     0     0     0     0     0     0
     0     0     0     0     0     0     0     0     0     0     0     0
     0     0     1     1     0     0     0     0     0     0     0     0
     0     0     0     0     0     0     0     0     0     0     0     0
     0     0     0     0     0     0     0     0     0     0     0     0
     0     0     0     0     0     0     0     0     0     0     0     0
     0     0     0     0     0     0     0     0     0     0     0     0
     0     0     0     0     0     0     0     0     0     0     0     0
     0     0     0     0     0     0     0     0     0     0     0     0
     0     0     0     0     0     0     0     0     0     0     0     0
     0     0     0     0     0     0     0     0     0     0     0     0
     0     0     0     0     0     0     0     0     0     0     0     0
     0     0     0     0     0     0     0     0     0     0     0     0
     0     0     0     0     0     0     0     0     0     0     0     0
     1     1     0     0     0     0     0     0     0     0     0     0
    18
     0     0     0     0     0     0     0     0     0     0     0     0
     0     0     0     0     0     0     0     0     0     0     0     0
     0     0     0     0     0     0     0     0     0     0     0     0
     0     0     0     0     0     0     0     0     0     0     0     0
     0     0     0     0     0     0     0     0     0     0     0     0
     0     0     0     0     0     0     0     0     0     0     0     0
     0     0     0     0     0     0     0     0     0     0     0     0
     0     0     0     0     0     0     0     0     0     0     0     0
     0     0     0     0     0     0     0     0     0     0     0     0
     0     0     0     0     0     0     0     0     0     0     0     0
     0     0     0     0     0     0     0     0     0     0     0     0
     0     0     0     0     0     0     0     0     0     0     0     0
     0     0     0     0     0     0     0     0     0     0     0     0
     0     0     0     0     0     0     0     0     0     0     0     0
     0     0     0     0     0     0     0     0     0     0     0     0
     0     0     0     0     0     0     0     0     0     0     0     0
     0     0     0     0     0     0     0     0     0     0     0     0
     0     0     0     0     0     0     0     0     0     0     0     0
     0     0     0     0     0     0     0     0     0     0     0     0
     0     0     0     0     0     0     0     0     0     0     0     0
     0     0     0     0     0     0     0     0     0     1     0     0
     0     0     0     0     0     0     0     0     0     0     0     0
     0     0     0     0     0     0     0     0     0     0     0     0
     0     0     1     0     0     0     0     0     0     0     0     0
     0     0     0     0     0     0     0     0     0     0     0     0
     0     0     0     0     0     0     0     0     0     0     0     0
     0     0     0     0     0     0     0     0     0     0     0     0
     0     0     0     0     0     0     0     0     0     0     0     0
     0     0     0     0     0     0     0     0     0     0     0     0
     0     0     0     0     0     0     0     0     0     0     0     0
     0     0     0     0     0     0     0     0     0     0     0     0
     0     0     0     0     0     0     0     0     0     0     0     0
     0     0     0     0     0     0     0     0     0     0     0     0
     0     0     0     0     0     0     0     0     0     0     0     0
     0     0     0     0     0     0     0     0     0     0     0     0
     0     0     0     0     0     0     0     0     0     0     0     0
    19
     0     0     0     0     0     0     0     0     0     0     0     0
     0     0     0     0     0     0     0     0     0     0     0     0
     0     0     0     0     0     0     0     0     0     0     0     0
     0     0     0     0     0     0     0     0     0     0     0     0
     0     0     0     0     0     0     0     0     0     0     0     0
     0     0     0     0     0     0     0     0     0     0     0     0
     0     0     0     0     0     0     0     0     0     0     0     0
     0     0     0     0     0     0     0     0     0     0     0     0
     0     0     0     0     0     0     0     0     0     0     0     0
     0     0     0     0     0     0     0     0     0     0     0     0
     0     0     0     0     0     0     0     0     0     0     0     0
     0     0     0     0     0     0     0     0     0     0     0     0
     0     0     0     0     0     0     0     0     0     0     0     0
     0     0     0     0     0     0     0     0     0     0     0     0
     0     0     0     0     0     0     0     0     0     0     0     0
     0     0     0     0     0     0     0     0     0     0     0     0
     0     0     0     0     0     0     0     0     0     0     0     0
     0     0     0     0     0     0     0     0     0     0     0     0
     0     0     0     0     0     0     0     0     0     0     0     0
     0     0     0     0     0     0     0     0     0     0     0     0
     0     0     0     0     0     0     0     0     0     0     0     0
     0     0     0     0     0     0     0     0     0     0     0     0
     0     0     0     0     0     0     0     0     0     0     0     0
     0     0     0     0     0     0     0     0     0     0     0     0
     0     0     0     0     0     0     0     0     0     0     0     0
     0     0     0     0     0     0     0     0     0     0     0     0
     0     0     0     0     0     0     0     0     0     0     0     0
     0     0     0     0     0     0     0     0     0     0     0     0
     0     0     0     0     0     0     0     0     0     0     0     0
     0     0     0     0     0     0     0     0     0     0     0     0
     0     0     0     0     0     0     0     0     0     0     0     0
     0     0     0     0     0     0     0     0     0     0     0     0
     0     0     0     0     0     0     0     0     0     0     0     0
     0     0     1     0     0     0     0     0     0     0     0     0
     0     0     0     0     0     0     0     0     0     0     0     0
     0     0     0     0     0     0     0     0     0     0     0     0
    20
     0     0     0     0     0     0     0     0     0     0     0     0
     0     0     0     0     0     0     0     0     0     0     0     0
     0     0     0     0     0     0     0     0     0     0     0     0
     0     0     0     0     0     0     0     0     0     0     0     0
     0     0     0     0     0     0     0     0     0     0     0     0
     0     0     0     0     0     0     0     0     0     0     0     0
     0     0     0     0     0     0     0     0     0     0     0     0
     0     0     0     0     0     0     0     0     0     0     0     0
     0     0     0     0     0     0     0     0     0     0     0     0
     0     0     0     0     0     0     0     0     0     0     0     0
     0     0     0     0     0     0     0     0     0     0     0     0
     0     0     0     0     0     0     0     0     0     0     0     0
     0     0     0     0     0     0     0     0     0     0     0     0
     0     0     0     0     0     0     0     0     0     0     0     0
     0     0     0     0     0     0     0     0     0     0     0     0
     0     0     0     0     0     0     0     0     0     0     0     0
     0     0     0     0     0     0     0     0     0     0     0     0
     0     0     0     0     0     0     0     0     0     0     0     0
     0     0     0     0     0     0     0     0     0     0     0     0
     0     0     0     0     0     0     0     0     0     0     0     0
     0     0     0     0     0     0     0     0     0     0     0     0
     0     0     0     0     0     0     0     0     0     0     0     0
     0     0     0     0     0     0     0     0     0     0     0     0
     0     0     0     0     0     0     0     0     0     0     0     0
     0     0     0     0     0     0     0     0     0     0     0     0
     0     0     0     0     0     0     0     0     0     0     0     0
     0     0     0     0     0     0     0     0     0     0     0     0
     0     0     0     0     0     0     0     0     0     0     0     0
     0     0     0     0     0     0     0     0     0     0     0     0
     0     0     0     0     0     0     0     0     0     0     0     0
     0     0     0     0     0     0     0     0     0     0     0     0
     0     0     0     0     0     0     0     0     0     0     0     0
     0     0     1     0     0     0     0     0     0     0     0     0
     0     0     1     0     0     0     0     0     0     0     0     0
     0     0     0     0     0     0     0     0     0     0     0     0
     0     0     0     0     0     0     0     0     0     0     0     0
