17
Lubbock, TX 23042
     0
        .000       2.200       7.800      13.800      17.700      21.700
      24.300      24.300      20.000      14.300       7.100        .600
       6.000       8.800      14.300      19.300      23.200      26.700
      28.800      28.800      24.300      19.300      12.800       7.100
      12.800      15.000      19.300      24.300      27.700      31.100
      32.200      31.700      28.200      23.800      18.200      12.800
      30.000      28.000      22.000      20.000      25.000      35.000
      34.000      37.000      38.000      32.000      29.000      33.000
      46.000      48.000      37.000      33.000      44.000      51.000
      47.000      48.000      54.000      47.000      45.000      51.000
      70.000      73.000      60.000      53.000      68.000      71.000
      64.000      64.000      73.000      70.000      69.000      76.000
       3.100       3.100       4.000       4.000       3.500       3.100
       3.100       2.700       2.700       3.100       3.100       3.100
       4.800       4.800       5.200       5.500       5.200       4.800
       4.000       4.000       4.000       4.000       4.400       4.400
       6.300       6.300       7.200       7.200       6.800       5.900
       5.200       4.800       5.200       5.500       5.900       5.900
     240.000     240.000     220.000     210.000     190.000     170.000
     170.000     170.000     180.000     200.000     230.000     240.000
     1
       5.997       8.646      13.640      18.936      22.847      26.316
      28.195      28.026      23.931      19.027      12.550       6.665
      50.428      51.247      42.467      39.081      47.080      52.682
      50.319      51.618      56.114      51.937      49.465      54.145
     2
     5     5     1     6     3     4     5     6     7     5     3     4
     6     6     1     1     6     3     5    13     5     3     9     8
     5     4     1     0     2     8    10     6     6     5     7     4
     7     0     1     7     3    10    14    12    11    11     3     5
     9     4     6     4     5     9     8     5    13    12    10     5
     6     7     4     5     6    11    18    19    30     5     7    13
     4     6     7     0     3    14    14    18    16     9     8    12
     3     5     3     3     4     5    14    19    11     9    11     9
     8     8     5     3     4     7    13    23    22    11     7     9
     1     2     6     1     5    11    11    16    15     5     5     0
     4     8     3     4     9     3    10     7     8    12     5     6
     6     2     1     2     9     5    16    14    15     7    11    11
     3     5     5     6     1     9    12    15     9     7     7     8
     6     3     3     6     7     8    19    16    10     6     6     5
     3     3     9     2     3     8     8    17    12     3     5     6
     6     4     4     6     7     5    21    18     7    10     3     3
     8     6     7     4     7    13    18    20    15    10     5     9
    13    17     8     9    13    13    27    17    31    18    19    18
     5     5     4     6     9     9    19    16    19    13     9    10
     5     3     9    10    12    16     6    13    14    13    10     5
     3     2     7     5     5     9     8    15    10     9     5     5
     3     4     5     3     1     7    12    17    14    15    11    11
    10     7    10     6     7    11    11    11     5    15    11    12
     8     8     6     5     9     7    15    14     6    12    13    12
    12     6     8     8     2     8    11    13     8    12    12    15
    17     8     4     5     4    10     5     8     5     8    11    11
    13    13     7     5     8     7    10    18    10    17     9    16
    11     6     4     4    10     6     6    14     8    10     7    21
     9     8     6     5     5     1     9    20    11    19    12    12
    22    11     4     2     9    10     9    16     8    10    17    24
    12     6     9     2     5     8     7    10    13    12     9    19
     8     5     3     7     3     7     6     5    10     6    11     9
     9     7     3     1     4     6     9     5     8    12     6     6
     1     3     3     4     3    10     4    10     8     5     2     3
     9     5     4     3     5     4     5     6     8    11     3     5
     9     7     8     6     9     4    15    12    10     9    13     9
     3
    16    17    16    10    19    10    17    11    15    12    18    20
    17    16    16    20    13    23    22    24    27    26    23    24
    19    18    18     9    17    11    13    13    37    18    15    28
    19    12    15    23    17    16    28    30    34    34    17    19
    29    34    20    19    31    36    44    54    69    31    29    34
    26    23    20    19    29    35    40    51    51    53    33    35
    24    25    17    18    32    32    43    65    58    45    36    28
    22    16    10    15    22    23    32    41    34    30    28     6
     9    18    22    12    35    46    48    88    65    47    24    20
    11    16    14     7    20    30    38    42    34    20    21    15
    27    14    20    22    22    45    57    63    60    29    25    27
    15    14    13    15    14    38    48    70    54    17    23    21
    21    16    14    16    31    46    48    69    46    28    31    19
    30    21    14    30    50    71    83   125    88    60    40    31
    17    20    14     9    24    30    66    67    45    31    23    17
    23    24    21    33    30    60   106   109   114    51    31    36
    28    20    23    28    34    69    88   108    86    47    36    33
    45    37    35    44    58    76   137   144   130   109    51    68
    32    29    17    24    38    55    88    76    66    40    36    35
    25    30    28    25    29    48    66    72    68    47    46    45
    22    20    14    14    17    32    41    43    31    46    35    28
    20    24    18    13    36    41    52    58    34    67    40    25
    43    36    14    35    38    40    64    71    65    64    37    55
    50    27    32    26    38    37    41    47    46    50    51    41
    58    40    26    26    36    24    47    55    36    45    60    72
    60    39    33    10    21    16    21    24    24    38    60    40
    92    58    29    22    31    38    37    47    46    68    55    84
    48    33    17    20    20     6    11    28    20    36    30    39
    54    31    27    16    36    22    22    25    28    41    52    71
    47    28    35    22    18    25    24    17    20    34    31    44
    29    19    20    17    21    21    15    12    15    30    26    35
    32    26    21    19    25    13    19     9    11    33    32    33
    23    12     7    11    23     9     3    13    11    16    20    28
    31    17    18    14    16    22    21    19    19    23    25    30
    19    21    19    13     9    20    15     8    12    19    21    17
    33    31    22    26    30    33    34    24    36    31    38    48
     4
    14    17    12     8     8     7    11     9    13    12    17    14
    24    18    23    19    18    13    16    23    20    33    18    23
     6    16     5     8    11     7     4     4    16    13    26    16
    18    18    15    10    22    13    11    22    26    22    18    25
    30    23    11    22    32    22    37    46    52    32    20    34
    26    28    17    20    35    30    29    35    42    27    23    27
    19    22    20    23    29    33    41    56    59    34    23    19
    10     8     7    14    23    22    30    22    36    20    12     7
    16    19    14    17    38    39    60    69    47    36    23    13
     5    12    10     8    30    20    33    35    16    23     6     7
    18    23    18    17    25    49    70    71    50    27    30    12
     9    13    14    10    35    37    45    47    23    20    14     9
    12    10    22    16    44    43    50    56    29    33    11    22
    20    21    25    28    41    58    82   126    69    46    38    32
    18     8    20    14    41    53    60    68    58    27    14    18
    27    25    30    28    53    78   116   135   121    47    29    36
    25    12    23    21    42    67   110   113    85    69    28    33
    54    30    44    30    66   110   155   152   140   117    81    57
    18    33    28    31    42    62    88    77    58    68    58    35
    24    17    27    30    36    48    69    84    69    62    45    42
    23    15    17    27    25    35    41    45    37    36    32    31
    28    22    14    31    26    36    41    46    40    41    39    34
    60    36    33    36    44    40    47    64    50    63    59    48
    46    36    31    27    35    30    38    34    41    35    41    32
    48    41    25    30    27    23    26    48    25    48    41    56
    36    24    23    15    23     5    12    10    19    29    30    37
    63    56    37    22    32    17    22    18    16    36    36    58
    34    23    22    14    17    11     6     5    15    16    19    32
    49    36    31    23    24    10    11     6    12    28    34    42
    25    33    24    23    13     8    13     7     7    13    23    21
    22    24    18    11    24     7     2     1     4    13    11    21
    24    27    20    18    21    16     7     8     2    20    18    38
    15    10    12     9     8     6     2     3     4    10    12     8
    22    20    17    19    10    10     9    11    11    20    27    21
    14    11    17    12     8     9     9     4    11    14    13    19
    33    40    26    25    22    20    16    23    25    31    33    25
     5
    24    32    23    17    21    15     9    12    14    28    26    27
    38    36    30    30    26    28    18    35    35    49    37    71
    27    31    21    23    42    21    17    24    28    31    17    31
    29    35    31    18    29    26    23    24    41    40    33    42
    44    50    39    44    41    57    40    51    80    44    35    46
    35    53    30    46    48    42    31    47    62    52    24    47
    39    58    22    40    48    43    49    58    57    38    33    32
    20    31    21    18    30    33    28    43    24    19    15    14
    40    41    44    42    58    57    51    59    51    27    22    17
    19    12    13    24    20    38    33    31    25    19    18     6
    25    29    19    25    59    77    58    69    59    32    29    13
    23    25    24    46    54    77    50    51    23    31    16    15
    22    14    32    52    66    87    76    53    39    37    17    18
    21    29    62    65    87   148   174   148   107    73    33    28
     7    27    32    41    61   107   126    94    81    41    14    12
    32    47    59    64    98   169   258   227   139   103    42    41
    28    35    60    56    80   141   214   192   166    85    39    29
    75    80   100    94   145   232   360   268   254   187   109    88
    39    43    62    63    99   143   196   153   150   117    78    58
    60    53    70    75   104   113   159   145   153   128   100    76
    57    39    59    52    67    94    88   113    84   100    69    55
    51    46    44    45    72    75    81    92    65    84    65    53
    92    77    77    70    98    76    90   105    67   104    70    94
    53    51    50    42    58    45    35    41    31    56    34    51
    83    48    46    57    48    37    26    31    29    70    64    82
    45    40    35    39    33    15     6    15    11    32    34    57
    70    66    52    44    50    31    23    12    23    45    40    72
    34    23    33    37    23    17     5     8     9    13    28    46
    47    37    44    33    38    21     8     7     7    32    44    60
    35    27    30    30    26    12     6     7    10    18    33    46
    34    20    33    26    25    15     3     4     1    28    25    34
    40    28    31    27    24    12     6     8    17    14    36    35
    32    17    24    29    18     5     3     3     6    12    24    26
    44    41    29    41    27    17     9    12    12    33    37    41
    31    23    29    24    20     8     6     4     9    18    26    30
    41    63    49    51    47    30    21    26    33    52    49    58
     6
    23    29    29    17    18     6     3     5    15    21    28    27
    38    53    29    36    34    27    13    21    40    34    26    49
    31    26    25    34    21     9    11    16    29    35    19    41
    33    44    35    26    33    17    14    14    35    35    24    33
    42    44    43    37    44    34    32    28    44    43    27    42
    24    33    22    35    39    33    17    20    32    41    10    29
    34    29    40    48    50    41    26    22    29    18     8    26
    10    24    14    27    24    20    14    13     9     8     5     6
    13    23    20    50    38    38    18    20    12    15     8    12
     7    11    11    16    26    24     9     8     8     4     3     4
     7    21    27    37    57    64    36    29    23     9    14     7
     6    12    22    32    35    49    22    12     7     6     9     1
     7    11    17    34    47    62    46    15    15     7    11     3
     8    19    34    53    89   132   104    77    50    37    16     2
    10    10    20    43    53    68    98    56    22    25     5     3
    29    15    52    60   123   158   194   139    99    89    24    25
    17    25    45    62    81   132   170   113   107    53    20     8
    55    37    82   113   195   258   294   204   171   138    70    49
    40    41    73    60   100   145   156   102   110   114    42    37
    68    39    77    94   101   143   127    98   111   106    75    68
    47    56    53    50    63    72    69    47    64    62    64    52
    56    46    52    45    53    52    58    59    35    59    77    62
    79    75    88    89    88    39    40    41    41    80    91    86
    47    41    54    51    44    37    21    12    24    28    39    53
    62    42    50    68    58    21    10     5    10    26    52    55
    28    27    27    40    31    13     5     4     7    15    25    31
    41    59    52    45    48    10     7     5     9    32    57    47
    20    24    31    21    24     4     1     1    10    13    23    25
    40    35    46    36    26     6     3     3     3    15    27    40
    22    14    28    28     9     5     1     2     1     8    12    30
    21    11    26    15    13     7     1     2     0    10    12    18
    17    24    26    24    16     4     4     0     3     8    23    23
    24    15     9    22    11     2     0     2     2     5    16    11
    52    37    37    15    21     7     5     3    10    21    32    29
    24    20    23    29    24     4     2     1     7    13    21    21
    49    49    49    43    44    12     9     4    26    43    59    50
     7
    12    17    15    14    14     3     2     2     8     8    15    17
    32    18    25    16    15     8     2     2    14    22    20    21
    17    10     9    21    24     9     3     5     8    16     9    25
    22    17    21    15    12    14     6     8     7    18    17    22
    19    26    21    24    24    19    10     7    12    13     7    14
    13     5    13    16    24    10     5     9     8    13     2     5
     6    14    15    25    24    15     9     4     6     7     2     6
     4     3     4     6     6     3     4     3     2     4     1     2
     2     8     5    19    16     7     3     5     5     3     1     3
     0     8     4     4    11     6     1     5     0     0     0     1
     1    11    11    13    14    16     9     7     2     3     1     1
     1     7     6    17    16    11     7     1     0     1     2     0
     5     8    11    14    22    19    14     3     3     1     1     0
     6     5    12    26    50    52    38    18    14    13     6     1
     4     5     7    14    41    25    28     8     8     6     1     1
     3     9    35    42    62    94    94    45    27    31    17     3
     4    12    18    36    39    65    57    34    33    12     8     5
    17    22    58    73    81   119   106    45    59    49    41    18
    19    27    36    43    41    58    52    29    32    42    24    22
    32    25    49    43    55    64    60    28    31    41    30    32
    29    15    27    35    28    14    11    14    15    27    30    19
    26    13    26    35    25    15    10    10    16    20    25    21
    29    37    43    48    39    23    17     4    22    27    32    38
    20    19    24    29    25     7     4     3     5    13    19    24
    28    30    25    26    27     6     1     3     3    13    23    18
    15     8    26    18    16     7     1     1     0     7    19    15
    24    23    27    34    20     4     0     0     4     8    21    21
    16    20    16    14    14     4     1     0     0     8    14    18
    20    19    28    19    13     2     0     0     2     8    14    17
    13     8     4    10    17     1     0     0     0     4     9    14
     4    13     6    13    15     3     0     0     0     3     6     9
    13    13    15    16     7     2     0     0     1     3     7     5
     7     8     5     8     3     0     0     1     0     5     5     9
    21    14    18    14    11     6     2     0     6     8    14     5
     9    13    11     9     7     1     3     1     2     9    15    16
    36    32    24    30    14    11     2     7    17    22    27    38
     8
    17    30    16    18    10     8     6     1     5    14    18    20
    32    35    24    32    27    11     2     7    20    22    32    33
    16    11    11    22    11     9     5     3     7    17    22    32
    16    25    22    21    22     9     3     5     3     9    11    16
    21    15    12    21    28    12     6     6     5    19    10    15
     6     8    11    15    11    21     6     2     3    11     3     8
     4    14    18    14    13    14     4     5     7    20     1     6
     6     6     7     6     7     2     1     3     1     4     1     1
     3     3     3    14    11    22     2     2     5     5     1     2
     0     3     5     4     4     3     2     2     1     0     0     0
     1     5     9    13    19    39     3     9     0     1     5     1
     0     2     6    14    14    13     1     1     3     0     0     1
     3     1     4     8    25    12     3     1     1     1     1     0
     0    10    12    24    41    40    19    11     4     8     4     0
     2     5    13    15    27    36    12     4     2     4     0     0
     8    13    35    50    80    92    52    22    12    18     7     6
     2    12    23    33    39    57    26    13    11    17     3     5
    23    19    78    71   133    98    79    23    39    36    24    16
    15    20    33    43    38    45    26     8    11    26    14    16
    25    23    56    56    62    52    29    12    22    24    29    25
    22    15    30    25    30    24    12     4    11    20    15    12
    27    19    24    33    22    16     7     3     9     8    11    14
    43    34    47    66    35    20     4     1     9    17    29    27
    29    15    34    37    30     9     4     2     4     8    33    12
    34    32    47    68    34     8     1     3     4    13    29    21
    23    17    17    22     9     4     0     0     2     7    20    17
    30    36    42    43    35     3     0     0     3    10    41    24
    19    22    22    24    25     3     0     0     0     3    23    14
    20    33    39    34    23     3     0     0     0     7    19    24
    14    12    18     6    12     2     0     1     0    11    19    14
     5     9    11    13    13     0     0     1     0     3     5     5
    16    25    18    11    13     1     2     0     2     1    11     8
    11    10    15     6     7     1     0     0     0     3     8    11
    29    17    29    25     8     3     1     2     4    10    13    13
    22    20    22    18    14     6     1     0     3     5     8    12
    72    57    40    43    25    14     2     3    24    28    31    40
     9
    10     8     9     3     4     3     1     0     1     5    10     5
     8    20    11     7    16     2     2     0     8     8    14    11
     8     3     6     6     5     7     1     1     1     2     3     7
    14     5     8     7     2     5     0     0     0     1     2     4
     6     7     4     3     6     4     1     1     0     3     2     4
     2     3     3     4     4     5     1     1     0     2     1     3
     0     2     4     5    11     7     0     1     0     2     0     1
     0     0     1     2     5     0     0     0     0     0     0     2
     0     1     1     4     6     2     1     2     1     0     1     2
     0     0     0     0     3     0     0     0     0     0     0     0
     0     0     1     3     7     6     0     1     1     0     0     0
     0     0     1     9     2     2     1     0     0     0     0     0
     0     0     4     1     1     3     0     1     1     0     0     0
     0     2     4     6    13    12     2     2     3     0     0     0
     1     2     3     6     3     8     2     1     0     1     0     0
     0     2    14    11    27    19     9     1     2     5     1     0
     1     5     8    14    11    16     1     0     1     4     1     1
     3     6    17    21    31    21    14     2     7    10     5     2
     5     6    12     8    11    11     2     2     2     5     2     2
     6     6    10    26     8    12     7     1     4     5     5     3
     6     1     4     6     5     3     0     0     3     4     3     4
     6     2     7     8     6     4     0     0     1     3     3     6
     9    12    24    18    12     5     1     1     1     2    11     6
    14     6     9    21    10     0     0     1     2     0     2     5
    14    16    23    26    15     0     0     0     2     7    11     4
     9     4    18    12     4     1     0     1     0     1     6     6
     7    12    17    17    12     2     0     0     0     1    21    16
    11     5     9     8     3     0     0     0     0     0    13    14
     9    11    14    11     7     0     0     0     0     1    13     7
     4     5    11     3     3     0     0     0     0     4     8     6
     3     2     7     3     3     0     0     0     0     2     5     0
     5     4     5     2     2     0     0     0     0     1     5     1
     4     5     5     4     6     0     0     0     1     0     1     4
    11     9    12     7     5     1     0     0     1     2     3     4
     9     8    10     7     1     1     0     0     0     4     7     2
    19    29    16    18     6     8     0     0     4     6    11    20
    10
     3     8     9     1     6     2     0     0     1     3     7     3
     9    11     3     8     6     3     4     0     3     2     9     6
     3     5     3     1     4     0     0     1     1     0     8     5
     2     3     2     2     2     1     0     0     0     2     2     1
     2     3     1     6     3     2     0     0     1     3     1     0
     1     5     1     4     1     1     0     0     1     3     0     0
     0     4     2     2     2     3     0     0     0     1     0     0
     0     0     1     0     4     1     0     0     0     0     0     0
     0     1     0     2     5     2     0     0     0     0     0     0
     0     1     0     1     2     1     0     0     0     0     0     0
     0     0     2     0     8     9     1     1     0     0     0     0
     0     0     1     2     1     4     0     0     0     0     0     0
     0     0     3     1     2     1     0     0     0     0     0     0
     0     1     4     8    13     7     0     0     0     1     0     0
     0     0     5     3    10     4     1     0     0     0     0     0
     1     2    12     8    22     8     5     2     1     0     1     0
     0     1     4     3     5     2     0     1     0     0     1     0
     1     7     4    22    13    11     2     0     3     2     1     3
     0     3     3     4     5     3     0     1     0     3     5     3
     3     4     2    16    10     5     2     0     4     4     1     1
     1     0     3     7     2     1     0     0     0     0     0     0
     1     1     5     4     3     1     1     0     0     0     0     2
     6     6    14    17    14     4     1     0     1     0     6     2
     4     4    19    18     7     0     0     0     0     1     6     5
    15     6    12    20    10     0     0     0     1     1     4     4
     9     4    12     8     7     0     0     1     0     2     2     7
    10    15    16     9     9     0     0     0     3     1    14     3
     1     4     9     3     5     0     0     0     0     0     6     4
     5     3    11    12     4     0     0     0     0     3     8     6
     5     4     7     2     3     0     0     0     0     2     2     1
     0     2     2     5     1     0     0     0     0     0     8     2
     1     1     2    10     2     0     0     0     0     0     1     3
     0     1     2     8     4     0     0     0     0     1     0     0
     5    10    12     8     6     0     0     1     1     2     3     7
     7     6     4     1     0     0     0     0     1     1     7     2
    15    13    20    14     8     3     0     2     5     2    11    17
    11
     6     4    10     3     3     0     0     0     1     2     5     4
     7     5     4     6     4     1     1     0     6     1    11     5
     5     4     4     4     1     0     0     0     0     0     4     6
     1     2     4     5     1     0     0     0     0     2     2     0
     7     2     3     2     4     5     1     0     0     2     1     3
     3     3     0     2     2     0     0     1     0     1     0     1
     0     0     2     3     1     7     0     1     0     1     0     1
     0     0     0     0     0     0     0     0     0     0     0     0
     0     0     0     1     3     3     0     0     0     0     1     0
     0     0     0     0     0     1     0     0     0     0     0     0
     0     1     1     0     1    10     1     0     0     0     0     0
     0     0     1     0     0     2     0     0     0     0     0     0
     0     1     3     5     1     0     0     0     0     0     0     0
     0     0     2     0     8     6     0     0     0     0     0     0
     0     0     0     2     4     5     0     0     0     0     0     0
     0     0     5     7    19    12     1     0     0     0     1     0
     0     2     3     3     5     5     0     0     0     0     0     0
     0     2    10     7    19    11     0     0     0     6     2     0
     0     0     3     1     2     2     0     0     0     1     0     0
     3     4     5     9     8     1     0     0     0     2     1     0
     0     1     1     2     0     0     0     0     0     0     0     2
     1     1     9     1     3     4     0     0     1     0     0     2
     0     2    19    21     9     2     0     0     1     2     3     5
     5     2    23     9     9     2     0     0     0     0     2     5
    16     9    10    23    15     0     0     0     2     4     8     5
     7     2    13    13     4     1     0     0     0     0     3     6
    20    15    29    22     9     1     0     0     0     0     8    12
     5     4    13     9     4     0     0     0     0     1     7    10
    17     9    15    10     3     0     0     0     0     2     6    10
     5     4     6     7     1     2     0     0     0     0     0     3
     0     3     3     1     1     0     0     0     0     2     3     4
     1     7     6     6     3     0     0     0     0     2     4     0
     0     6     4     7     7     0     0     0     0     2     1     1
     4     7    14    16     3     0     0     0     0     4     3     4
     9    10    11     6     1     2     0     0     0     1     2     3
    21    21    17    13     3     2     0     0     2     7     5    12
    12
     1     6     7     4     1     1     0     0     0     0     0     0
     4     4     5     6     1     1     0     0     0     1     4     1
     0     3     1     1     1     0     0     0     0     0     2     1
     1     1     2     0     0     0     0     0     0     1     0     0
     5     1     0     0     3     0     0     0     0     5     0     0
     0     0     0     1     2     0     0     0     0     0     0     0
     0     0     0     0     1     1     0     0     0     0     0     0
     0     0     0     0     0     0     0     0     0     0     0     1
     0     0     0     0     0     1     0     0     0     0     0     0
     0     0     0     0     0     0     0     0     0     0     0     0
     0     0     0     0     2     0     0     0     0     0     0     0
     0     0     0     0     0     0     0     0     0     0     0     0
     0     0     2     1     1     2     0     0     0     0     0     0
     0     0     0     0     3     3     0     0     0     0     0     0
     0     0     0     0     4     1     0     0     0     0     0     0
     0     0     2     0     9     2     1     0     0     0     0     0
     0     1     0     0     0     1     0     0     0     0     0     0
     2     0     5     1     8     0     0     0     1     0     1     0
     1     0     0     0     1     1     0     0     0     0     0     0
     0     0     5     0     2     0     0     0     0     1     0     0
     0     0     2     1     3     0     0     0     0     0     1     0
     0     0     3     2     3     2     0     0     0     0     0     0
     0     0    16    16     7     1     0     0     1     0     2     2
     2     2     8     4     1     0     0     0     0     0     0     3
     5     8    22    15     6     0     0     0     0     0     2     3
     7     3     4     8     4     0     0     0     0     0     4     1
     7    11    17    10     7     0     0     0     0     1     3     3
     5     1     4     2     7     0     0     0     0     0     2     3
     4     7    13     3     3     0     0     0     0     0     1     7
     5     3     5     7     1     1     0     0     0     1     2     2
     0     2     4     4     0     0     0     0     0     0     3     1
     0     2     4     3     2     0     0     0     0     0     0     1
     0     2     1     5     3     0     0     0     0     2     2     0
     4     4    10     8     0     0     0     0     0     0     1     0
     2     4    10     5     0     0     0     0     0     0     1     2
     4     5    10     2     0     0     0     0     0     2     4     5
    13
     0     2     0     0     0     0     0     0     0     0     0     0
     1     1     1     0     0     0     0     0     0     0     1     0
     0     0     1     0     0     0     0     0     0     0     0     1
     0     0     0     0     0     0     0     0     0     0     1     0
     0     0     0     1     1     0     0     0     0     0     0     0
     0     0     0     0     0     0     0     0     0     0     0     0
     0     0     0     0     0     0     0     0     0     0     0     0
     0     0     0     0     0     0     0     0     0     0     0     0
     0     0     0     0     0     0     0     0     0     0     0     0
     0     0     0     0     0     0     0     0     0     0     0     0
     0     0     0     0     0     0     0     0     0     0     0     0
     0     0     0     0     0     0     0     0     0     0     0     0
     0     0     0     0     0     0     0     0     0     0     0     0
     0     0     0     0     0     0     0     0     0     0     0     0
     0     0     0     0     0     0     0     0     0     0     0     0
     0     0     1     1     1     0     0     0     0     0     0     0
     0     0     0     0     0     0     0     0     0     0     0     0
     0     0     0     0     1     0     0     0     0     0     0     0
     0     1     0     0     0     0     0     0     0     0     0     0
     0     0     1     0     0     0     0     0     0     0     0     0
     0     0     0     0     0     0     0     0     0     0     1     0
     0     0     1     0     0     0     0     0     0     0     0     0
     0     1     5     2     1     0     0     0     0     0     0     0
     0     1     3     4     0     0     0     0     0     0     0     1
     2     0     8     4     1     0     0     0     0     0     0     0
     2     1     4     4     1     0     0     0     0     0     1     0
     1     2     5     6     3     0     0     0     1     0     2     1
     1     2     1     0     0     0     0     0     0     0     0     1
     0     2     0     2     0     0     0     0     0     0     0     2
     0     0     0     1     0     0     0     0     0     0     0     0
     0     0     2     2     0     0     0     0     0     0     1     0
     1     0     0     1     0     0     0     0     0     0     0     0
     1     1     3     2     1     0     0     0     0     0     0     0
     0     2     2     2     1     0     0     0     0     0     0     0
     0     5     0     0     0     0     0     0     0     0     0     1
     2     3     8     2     3     0     0     0     0     0     0     1
    14
     0     0     0     0     0     0     0     0     0     0     0     0
     0     1     0     0     1     0     0     0     0     0     1     1
     0     0     1     0     0     0     0     0     0     0     0     0
     0     0     0     1     0     0     0     0     0     0     1     0
     0     0     0     0     1     0     0     0     0     0     1     0
     0     0     0     1     1     0     0     0     0     0     0     0
     0     0     0     0     0     0     0     0     0     0     0     0
     0     0     0     0     0     0     0     0     0     0     0     0
     0     0     0     0     0     0     0     0     0     0     0     0
     0     0     0     0     0     0     0     0     0     0     0     0
     0     0     0     0     0     0     0     0     0     0     0     0
     0     0     0     0     0     0     0     0     0     0     0     0
     0     0     0     0     0     0     0     0     0     0     0     0
     0     0     0     0     1     0     0     0     0     0     0     0
     0     0     0     0     0     0     0     0     0     0     0     0
     0     0     0     0     1     1     0     0     0     0     0     0
     0     0     0     0     1     0     0     0     0     0     0     0
     0     0     1     1     0     0     0     0     0     0     0     0
     0     0     0     0     0     0     0     0     0     0     0     0
     0     0     0     0     1     0     0     0     0     0     0     0
     0     0     0     0     0     0     0     0     0     0     0     0
     0     0     0     1     1     0     0     0     0     0     1     0
     0     0     3     1     2     0     0     0     0     0     0     0
     0     0     2     4     0     0     0     0     0     0     0     0
     1     4     6     3     6     0     0     0     0     0     0     0
     1     1     0     2     0     0     0     0     0     0     1     1
     5     6     6     7     0     0     0     0     0     0     1     3
     2     1     1     2     2     0     0     0     0     0     0     0
     2     0     3     1     0     0     0     0     0     0     0     0
     1     1     1     2     0     0     0     0     0     0     0     0
     0     0     2     0     0     0     0     0     0     0     0     0
     0     0     2     2     0     0     0     0     0     0     0     0
     1     0     2     0     0     1     0     0     0     0     0     0
     2     1     3     3     0     0     0     0     0     2     0     0
     1     1     0     0     0     0     0     0     0     0     0     0
     1     1     2     2     1     1     0     0     0     0     1     0
    15
     0     1     0     0     0     0     0     0     0     0     0     0
     0     0     0     0     0     0     0     0     0     0     0     0
     0     0     0     0     0     0     0     0     0     0     0     0
     0     0     0     0     0     0     0     0     0     0     0     0
     0     0     0     0     0     0     0     0     0     0     0     0
     0     0     0     0     0     0     0     0     0     0     0     0
     0     0     0     0     0     0     0     0     0     0     0     0
     0     0     0     0     0     0     0     0     0     0     0     0
     0     0     0     0     0     1     0     0     0     0     0     0
     0     0     0     0     0     0     0     0     0     0     0     0
     0     0     0     0     0     0     0     0     0     0     0     0
     0     0     0     0     0     0     0     0     0     0     0     0
     0     0     0     0     0     0     0     0     0     0     0     0
     0     0     0     0     0     0     0     0     0     0     0     0
     0     0     0     0     0     0     0     0     0     0     0     0
     0     0     0     0     0     0     0     0     0     0     0     0
     0     0     0     0     0     0     0     0     0     0     0     0
     0     0     0     0     0     0     0     0     0     0     0     0
     0     0     0     0     0     0     0     0     0     0     0     0
     0     0     0     0     0     0     0     0     0     0     0     0
     0     0     0     0     0     0     0     0     0     0     0     0
     0     0     1     1     0     0     0     0     0     0     0     0
     0     0     1     1     0     0     0     0     0     0     0     0
     0     0     0     1     0     0     0     0     0     0     0     0
     0     2     2     2     1     0     0     0     0     0     0     0
     0     0     1     0     0     0     0     0     0     0     1     0
     1     0     5     4     0     0     0     0     0     0     2     0
     0     0     0     0     0     0     0     0     0     0     0     0
     0     1     0     0     0     0     0     0     0     0     0     0
     0     0     0     0     0     0     0     0     0     0     0     0
     0     0     0     1     0     0     0     0     0     0     0     0
     0     0     0     0     0     0     0     0     0     0     0     0
     0     0     0     0     0     0     0     0     0     0     0     0
     1     0     1     0     0     0     0     0     0     0     0     0
     0     0     0     0     0     0     0     0     0     0     0     0
     0     1     0     0     0     0     0     0     0     0     0     0
    16
     0     0     1     0     0     0     0     0     0     0     0     0
     0     0     0     0     0     0     0     0     0     0     0     0
     0     0     0     0     0     0     0     0     0     0     0     0
     0     0     0     0     0     0     0     0     0     0     0     0
     0     0     0     0     0     0     0     0     0     0     0     0
     0     0     0     0     0     0     0     0     0     0     0     0
     0     0     0     0     0     0     0     0     0     0     0     0
     0     0     0     0     0     0     0     0     0     0     0     0
     0     0     0     0     0     0     0     0     0     0     0     0
     0     0     0     0     0     0     0     0     0     0     0     0
     0     0     0     0     0     0     0     0     0     0     0     0
     0     0     0     0     0     0     0     0     0     0     0     0
     0     0     0     0     0     0     0     0     0     0     0     0
     0     0     0     0     0     0     0     0     0     0     0     0
     0     0     0     0     0     0     0     0     0     0     0     0
     0     0     0     0     0     0     0     0     0     0     0     0
     0     0     0     0     0     0     0     0     0     0     0     0
     0     0     0     0     0     0     0     0     0     0     0     0
     0     0     0     0     0     0     0     0     0     0     0     0
     0     0     0     0     0     0     0     0     0     0     0     0
     0     0     0     0     0     0     0     0     0     0     0     0
     0     0     1     0     0     0     0     0     0     0     0     0
     0     0     1     1     0     0     0     0     0     0     0     0
     0     0     0     1     0     0     0     0     0     0     0     1
     0     1     0     3     0     0     0     0     0     0     0     0
     1     0     1     0     0     0     0     0     0     0     2     0
     1     0     2     2     0     1     0     0     0     0     0     1
     1     0     1     2     0     0     0     0     0     0     0     0
     0     0     0     2     0     0     0     0     0     0     0     0
     0     0     0     0     0     0     0     0     0     0     0     0
     0     0     0     0     0     0     0     0     0     0     0     0
     0     0     0     0     1     0     0     0     0     0     0     0
     0     0     2     1     0     0     0     0     0     0     0     0
     0     0     2     0     0     0     0     0     0     0     0     0
     0     0     0     0     0     0     0     0     0     0     0     0
     0     3     0     0     0     0     0     0     0     0     0     0
    17
     0     0     0     0     0     0     0     0     0     0     0     0
     0     0     0     0     0     0     0     0     0     0     0     0
     0     0     0     0     0     0     0     0     0     0     0     0
     0     0     0     0     0     0     0     0     0     0     0     0
     0     0     0     0     0     0     0     0     0     0     0     0
     0     0     0     0     0     0     0     0     0     0     0     0
     0     0     0     0     0     0     0     0     0     0     0     0
     0     0     0     0     0     0     0     0     0     0     0     0
     0     0     0     0     0     0     0     0     0     0     0     0
     0     0     0     0     0     0     0     0     0     0     0     0
     0     0     0     0     0     0     0     0     0     0     0     0
     0     0     0     0     0     0     0     0     0     0     0     0
     0     0     0     0     0     0     0     0     0     0     0     0
     0     0     0     0     0     0     0     0     0     0     0     0
     0     0     0     0     0     0     0     0     0     0     0     0
     0     0     0     0     0     0     0     0     0     0     0     0
     0     0     0     0     0     0     0     0     0     0     0     0
     0     0     0     0     0     0     0     0     0     0     0     0
     0     0     0     0     0     0     0     0     0     0     0     0
     0     0     0     0     0     0     0     0     0     0     0     0
     0     0     0     0     0     0     0     0     0     0     0     0
     0     0     0     0     0     0     0     0     0     0     0     0
     0     0     0     0     0     0     0     0     0     0     0     0
     0     0     0     0     0     0     0     0     0     0     0     0
     0     1     0     1     0     0     0     0     0     0     0     0
     0     0     0     0     0     0     0     0     0     0     0     0
     0     0     1     0     0     0     0     0     0     0     0     0
     0     0     0     0     0     0     0     0     0     0     0     0
     0     0     0     1     0     0     0     0     0     0     0     0
     0     0     0     0     0     0     0     0     0     0     0     0
     0     0     0     0     0     0     0     0     0     0     0     0
     0     0     1     0     0     0     0     0     0     0     0     0
     0     0     0     0     0     0     0     0     0     0     0     0
     0     0     1     0     0     0     0     0     0     0     0     0
     0     0     0     0     0     0     0     0     0     0     0     0
     0     1     0     0     0     0     0     0     0     0     0     0
    18
     0     0     0     0     0     0     0     0     0     0     0     0
     0     0     0     0     0     0     0     0     0     0     0     0
     0     0     0     0     0     0     0     0     0     0     0     0
     0     0     0     0     0     0     0     0     0     0     0     0
     0     0     0     0     0     0     0     0     0     0     0     0
     0     0     0     0     0     0     0     0     0     0     0     0
     0     0     0     0     0     0     0     0     0     0     0     0
     0     0     0     0     0     0     0     0     0     0     0     0
     0     0     0     0     0     0     0     0     0     0     0     0
     0     0     0     0     0     0     0     0     0     0     0     0
     0     0     0     0     0     0     0     0     0     0     0     0
     0     0     0     0     0     0     0     0     0     0     0     0
     0     0     0     0     0     0     0     0     0     0     0     0
     0     0     0     0     0     0     0     0     0     0     0     0
     0     0     0     0     0     0     0     0     0     0     0     0
     0     0     0     0     0     0     0     0     0     0     0     0
     0     0     0     0     0     0     0     0     0     0     0     0
     0     0     0     0     0     0     0     0     0     0     0     0
     0     0     0     0     0     0     0     0     0     0     0     0
     0     0     0     0     0     0     0     0     1     0     0     0
     0     0     0     0     0     0     0     0     0     0     0     0
     0     0     0     0     0     0     0     0     0     0     0     0
     0     0     0     0     0     0     0     0     0     0     0     0
     0     0     0     0     0     0     0     0     0     0     0     0
     0     0     0     1     0     0     0     0     0     0     0     0
     0     0     0     0     0     0     0     0     0     0     0     0
     2     0     0     0     0     0     0     0     0     0     0     0
     0     0     0     0     0     0     0     0     0     0     0     0
     0     0     0     0     0     0     0     0     0     0     0     0
     0     0     0     0     0     0     0     0     0     0     0     0
     0     0     0     0     0     0     0     0     0     0     0     0
     0     0     0     0     0     0     0     0     0     0     0     0
     0     0     0     0     0     0     0     0     0     0     0     0
     0     0     0     0     0     0     0     0     0     0     0     0
     0     0     0     0     0     0     0     0     0     0     0     0
     0     0     0     1     0     0     0     0     0     0     0     0
    19
     0     0     0     0     0     0     0     0     0     0     0     0
     0     0     0     0     0     0     0     0     0     0     0     0
     0     0     0     0     0     0     0     0     0     0     0     0
     0     0     0     0     0     0     0     0     0     0     0     0
     0     0     0     0     0     1     0     0     0     0     0     0
     0     0     0     0     0     0     0     0     0     0     0     0
     0     0     0     0     0     0     0     0     0     0     0     0
     0     0     0     0     0     0     0     0     0     0     0     0
     0     0     0     0     0     0     0     0     0     0     0     0
     0     0     0     0     0     0     0     0     0     0     0     0
     0     0     0     0     0     0     0     0     0     0     0     0
     0     0     0     0     0     0     0     0     0     0     0     0
     0     0     0     0     0     0     0     0     0     0     0     0
     0     0     0     0     0     0     0     0     0     0     0     0
     0     0     0     0     0     0     0     0     0     0     0     0
     0     0     0     0     0     0     0     0     0     0     0     0
     0     0     0     0     0     0     0     0     0     0     0     0
     0     0     0     0     0     0     0     0     0     0     0     0
     0     0     0     0     0     0     0     0     0     0     0     0
     0     0     0     0     0     0     0     0     0     0     0     0
     0     0     0     0     0     0     0     0     0     0     0     0
     0     0     0     0     0     0     0     0     0     0     0     0
     0     0     0     0     0     0     0     0     0     0     0     0
     0     0     0     0     0     0     0     0     0     0     0     0
     0     0     0     0     0     0     0     0     0     0     0     0
     0     0     0     0     0     0     0     0     0     0     0     0
     1     0     1     0     0     0     0     0     0     0     0     0
     1     0     0     0     0     0     0     0     0     0     0     0
     0     0     0     0     0     0     0     0     0     0     0     0
     0     0     0     0     0     0     0     0     0     0     0     0
     0     0     0     0     0     0     0     0     0     0     0     0
     0     0     0     0     0     0     0     0     0     0     0     0
     0     0     0     0     0     0     0     0     0     0     0     0
     0     0     1     0     0     0     0     0     0     0     0     0
     0     0     0     0     0     0     0     0     0     0     0     0
     0     0     0     0     0     0     0     0     0     0     0     0
