15
Eagle, CO 23063
     0
      -6.700      -3.300        .600       5.000      10.600      16.700
      21.100      20.600      15.000       7.800        .000      -5.600
      -2.300       1.100       4.400      10.000      16.100      22.200
      25.600      24.300      20.600      13.300       3.900      -1.200
       1.700       5.000       8.800      15.600      21.100      26.100
      28.200      27.700      23.800      18.200       8.300       2.200
      55.000      48.000      37.000      25.000      22.000      21.000
      23.000      24.000      23.000      24.000      41.000      55.000
      65.000      60.000      51.000      38.000      33.000      29.000
      32.000      34.000      33.000      37.000      58.000      68.000
      77.000      74.000      66.000      56.000      52.000      46.000
      47.000      49.000      51.000      59.000      75.000      78.000
       2.000       2.000       2.400       2.400       2.400       2.000
       2.000       2.000       2.000       2.000       2.000       2.000
       2.700       2.700       3.500       4.000       4.000       3.100
       3.100       2.700       3.100       3.100       2.700       2.700
       4.000       4.000       4.800       5.500       5.200       4.800
       4.000       4.000       4.800       4.400       4.400       4.000
     260.000     260.000     250.000     260.000     260.000     260.000
     260.000     260.000     260.000     260.000     260.000     260.000
     1
      -3.383        .404       4.575      10.175      15.503      20.895
      24.292      23.560      19.045      12.748       3.945      -1.993
      65.582      60.575      52.541      42.188      38.821      35.710
      37.188      38.545      39.395      43.031      57.954      66.238
     2
     2     2     1     6     2     8    10     9    11     4     3     2
     0     2     5     4    11     9    15    11     5     7     4     1
     2     5     3     7    11     5    13    13     8     8     4     1
     1     3     5     4     3    12    20    18     7     5    10     5
     9     6    15    21    26    32    38    29    19    12    15    12
     7     6     6    15    10     8    10    13     7    12    14    12
    14    10    10    14    18    11    16    14     8    11    20     6
    10     9     9    11    14    10     7    11     6    11     9     8
    39    35    28    26    28    40    42    30    24    27    38    21
    16    18    13     7    10    22    17     8     8     8    16    18
    18    26    20    13    19    23    12    17    16    12    19    22
    20    12    11     7    11    17    17    13    16    16    20    11
     9    22    11     4    14    16    18     8     5    10    12     6
    27    16    22    18    17    14    20    22    15    12    15    14
    10    13     7     8     2     7     9     8    14     7    11     7
     7    10    12     6    11    11    11    11    13    10    11    14
     7     7     5     4     5     9     8     6     3     4     9    11
    10     9     7     6     8    14    20     6    11    17    12    14
     9     2     8     3     8     9     5    11     9     6     7    12
     6     4     8     6     6    10     9    14     6     8    12    11
     4    11     9    11     7    11     6     8    10     9    10    11
     5     7    14     6     7     9    11    10    10    12    14     9
    23    30    54    23    34    36    29    37    36    36    31    34
    26    18    15    12    24    13    24    32    19    29    26    22
    28    27    38    17    22    27    20    34    27    34    29    33
    23    18    16    14    21    19    16    21    12    21    20    28
    58    32    43    28    36    42    41    46    33    52    45    46
    30    19    13    13    24    19    25    22    23    18    15    23
    16    24    25    22    15    28    34    26    22    32    25    20
     9    10     8    12    13    17    29    25    14    14    20    13
    12    14     9    13    11    14    24    12    20    16    20     7
    17    16    14    16    21    46    59    39    16    32    23     5
     5     5     6     7     7     8    19    12     6     9     4     4
     2     9     7     7     7    12    20    14    10    15    10     5
     1     6     3     5     4     7    15    16    16     5     2     5
     9     6     7    10    11    28    23    24    17    12    13     3
     3
     3     2     6    15    10    24    20    19    14     7     2     2
     6     4     9    13    16    27    21    21    15     4     3     3
     7     3     9    10    12    12    31    21    11    12     2     5
     9     4     8    16    20    13    25    28    16    16     9     4
    17    17    21    35    45    57    73    73    35    33    21    14
    28    14    36    27    52    37    40    49    25    13    23    18
    41    45    40    32    49    62    63    39    34    20    42    37
    35    37    41    28    56    33    28    35    25    23    30    45
   108   105    92    62   103   105   118    84    77    61    71   105
    48    44    44    24    45    58    51    24    15    26    40    39
    37    60    27    28    46    53    52    36    22    25    36    39
    33    31    29    18    35    44    37    26    28    29    27    40
    14    20    37    15    26    16    27    23    23    17    19    19
    26    34    27    33    33    42    33    30    28    23    41    35
     9    12    16    13    23    24    18    10    16    12    10    17
    14     6    14    17    17    18    26    11    21    22    22    17
     7    12    17    16    22    21    10     6     8    14    16    16
    11    18    26    27    28    32    30    21    25    21    28    22
    10     9    22    12    21    11    16    16    15    14    20    10
    11    17    15    23    36    29    14    27    27    24    20    13
    15    24    25    19    45    47    29    24    24    25    15    23
    14    26    34    41    49    58    45    51    47    40    29     9
    44    54   115    99    87   132   116   126   121   105    50    49
    43    36    68    53    63    82    86   113    69    87    48    37
    58    71    77    62    94    87    91   114    98    84    51    52
    42    52    56    55    62    70    98    92    69    82    46    36
    87    74   122   106   118   107   151   154   109   123    76    78
    41    27    39    41    51    61    96    93    64    62    43    32
    44    39    51    65    63    73    90   112    80    64    50    49
    32    30    38    57    55    64    93    96    59    68    39    38
    26    21    34    33    47    54    77    69    39    35    35    28
    23    23    29    47    65    59    87    89    44    48    37    26
     8     9    21    20    30    32    46    40    26    15    10     6
    14     9    14    23    30    36    43    43    18    21     8     4
     9     6    10    19    29    23    45    32    23    15     8     7
     3     7    11    33    28    37    50    42    34    21     6     7
     4
     1     1     3     7     6     5     6     8     3     0     0     1
     0     1     2     4     1     3     7     5     2     2     2     0
     0     0     2     2     1     9     6     6     1     1     0     0
     0     1     3     6     8     7     8     5     3     3     3     1
     2     2    10    12    13    22    19    21    12     5     3     5
     3     6    10     6    14    12    18    15     6     3     0     3
     6    12    15    16    27    17    31    17    10     8     7     9
    16    14    11    11    22    19    19    11     5    10    11    10
    30    29    34    16    33    50    49    29    14    13    21    18
    12    12     9    10    11    14    12    12    10     4    11     6
     9     5     8     5    15    14    13    11    11     5     5     8
    12     7    10    11     6    13    14    10     6     6     2     5
     0     1     1     5     8     4     9     8     5     2     2     3
     5     5     4     5    12    16     5    11     6     3     5     5
     1     0     4     2     2     5     3     4     5     2     2     1
     1     0     3     4     8     2     4     3     1     3     3     0
     2     0     1     4     4     6     5     3     2     2     4     3
     0     1     7     6    15    10     8    11     6     2     1     2
     3     4     4     6    12    10     5     4     6     1     3     1
     1     4     8    14    16    13    14     7     8     6     9     4
     4     5     9    12    20    29    16    17    12     7     9     6
     4    17    25    14    30    26    29    18    18    30    16    12
    20    27    57    69    70    62    71    59    48    54    21    22
    18    29    33    27    43    52    62    46    48    37    23    20
    32    40    41    34    50    58    55    45    50    57    19    19
    19    27    35    40    39    45    48    36    33    46    33    27
    42    35    39    46    72    63    78    67    60    49    32    43
    24    26    21    18    35    38    39    33    35    22    29    20
    22    23    20    28    35    31    34    38    39    34    26    23
     8    18    20    24    35    23    29    37    19    14    22     8
    12     7    14    20    13    15    17    20    17    15    14     4
     6     6    11    22    22    16    31    23    22    15    10     2
     3     6     3     7    13    10    16    18    10     2     8     1
     2     3     5    11     9     5    20    12     5     8     2     1
     0     4     5     4     7     6     3     5     6     7     3     0
     2     2     6     9     9    11    10     9     4     3     2     0
     5
     4     1     6     1     2     4     9     3     5     2     3     1
     0     3     8    12     9     6     6     8     5     2     1     1
     0     2     7     5     5     3     4     5     3     1     0     0
     0     3     2     3     7     8     9     8    10     0     0     0
     3    12    13     8    13    16    27    18     7     2     1     3
     7     2     5     7    12    18    24    19     3     1     1     5
     5     9     5     8    19    28    28    37     8     1     3     3
    10     3     8    11    14    17    17    20     3     2     1     9
    16    14    17    17    49    47    58    57    13     2    11    15
     9     2     2    12    10     9    11    13     4     0     0     5
     1     1     2     9    12    10    13    12     5     3     2     4
     1     3     6     6    13    20    12     7     3     1     1     0
     2     1     2     1     7     7    10     6     4     0     0     1
     0     0     1     6    12    14    17     8     3     2     3     0
     0     1     2     6     6     3     4     4     1     0     0     0
     0     0     2     4     6     4     7     1     0     2     0     0
     0     1     2     2     8     4     2     1     2     1     0     0
     1     1     7    22    27    19    20    10    11     7     2     1
     5     0     7    11    15    10    10     7     5     9     5     0
     6    10    32    19    36    48    26    20    13    22     4     5
    12    16    36    36    49    56    35    32    24    29    14    14
    14    43    58    73    75    85    68    59    52    29    22    30
    52    90   202   239   180   191   168   138   165   119    76    50
    49    58    98   126   127   126   100    72   104    65    52    51
    59    97   135   137   128   116   112   106   102    97    52    47
    33    42   107    80    92    71    81    70    80    62    57    46
    71   104   144   158   189   151   136   112   143   100    85    86
    22    32    41    66    72    65    57    72    70    55    43    41
    33    40    47    62    63    66    78    56    68    62    53    26
    17    24    34    37    60    36    31    38    34    34    30    23
     7     4    17    39    29    29    28    32    33    13    25     7
    10    11    14    35    47    30    33    37    31    20    17     4
     1    11     4    11    18    14    23    20    10     6     4     0
     3     2     4    12     7    19    19    18     8     4     2     0
     0     7     4    10    17     7    16    12     6     4     2     2
     1     1    10     9    13    10    18     9     5     3     5     4
     6
     0     0     2     3     4     1     2     5     1     2     0     0
     0     3     6     0     4     3     0     3     1     0     0     0
     0     3     2     4     2     0     0     0     0     0     0     0
     0     0     0     3     2     0     2     0     0     0     0     0
     0     2     1     2     2     5     5     7     0     0     0     0
     0     0     0     2     2     4     6     3     1     0     0     0
     0     0     4     3     4     4    14     6     0     0     0     1
     0     0     0     6     3     6     1     6     1     1     0     1
     0     2     3     3     3    13    16    11     4     0     0     1
     0     0     1     1     5     7     2     2     2     1     0     1
     0     0     0     0     4     5     2     2     1     0     1     0
     0     0     0     0     4     3     6     6     1     1     0     0
     0     0     1     1     2     5     3     4     1     1     0     0
     0     1     2     2     2     4     1     2     2     0     0     0
     0     0     0     2     1     1     1     1     0     0     0     0
     0     0     0     1     4     0     2     3     0     0     0     0
     0     0     0     1     2     5     2     1     1     0     0     0
     1     1     0    15    25    11     2     5     3     3     1     0
     1     1     4     4    11    10     4     2     5     3     2     0
     4     8    23    17    25    24    19     9    12    14     5     2
    15    14    42    41    43    37    19    25    20    18     9     8
    10    17    52    59    64    54    26    32    45    25    18    11
    38    67   122   164   172   127    70    64    83    73    51    37
    30    24    78    95    73    75    33    42    54    46    44    30
    46    44    90   103   119    73    48    27    71    47    47    33
    21    18    55    69    54    40    35    27    56    29    29    22
    37    27    64    92   103    60    40    48    84    49    34    25
    14    15    16    47    43    30    24    18    37    27    21     8
    13    12    16    40    31    31    36    21    26    18    24    22
     4     5    13    22    23    23    10    17    17    15    17     8
     3     3    11    14    15    19    10    14    10     9     8     1
     4     2     7    15    22    12    12     6     9     3     7     5
     1     3     3     6     8     4     8    12     4     0     5     0
     2     2     2     1     6     4     8     4     1     1     2     0
     0     0     2     2     3     1     5     6     5     0     2     0
     2     4     4     4     2     4     4     3     1     2     1     1
     7
     0     0     1     0     0     0     0     0     0     0     0     0
     0     0     0     1     0     0     0     1     0     0     0     0
     0     1     0     0     0     0     0     0     0     0     0     0
     0     0     0     0     1     0     0     1     0     0     0     0
     0     0     0     1     0     0     2     2     0     0     0     0
     0     0     0     0     0     1     0     1     0     0     0     0
     0     0     0     1     0     1     1     2     0     0     0     0
     0     0     0     1     0     1     0     1     1     0     0     0
     0     0     0     0     1     4     1     0     0     0     0     0
     0     0     0     0     0     0     0     0     0     0     0     0
     0     0     0     0     1     1     0     1     1     0     0     0
     0     0     0     0     0     0     1     1     1     0     0     0
     2     0     0     0     0     0     0     0     0     0     0     0
     0     0     0     1     0     0     2     1     0     0     0     0
     0     0     0     0     0     0     0     1     0     0     0     0
     0     0     0     0     1     1     0     0     0     0     0     0
     0     1     0     0     0     0     1     0     0     0     0     0
     0     0     0     2     1     1     2     2     0     0     0     0
     1     0     2     3     1     3     2     2     2     0     1     0
     0     2     6     6     7    11     6     4     5     4     3     0
     2     3    10     6     9     7     7     3     3     4     1     0
     3     4    14    23    17    12     1     6     7     7     5     5
     5    15    41    57    41    32    17    23    20    13    13     4
     8     4    14    27    17    11     7     5    15     7    11     7
    10    13    18    17    29    16    10    10    18    17     9     7
     2     3     6    14    13     3     8     2     5     6     8     0
    11     8    14    20    25    18     8     7    15    16     9     7
     3     2     4    10     8     6     4     6    11     4     5     1
     2     2     3     5     8     5     9     1     2     6     7     1
     0     1     3     5     1     1     2     2     1     1     4     1
     0     0     3     1     4     1     1     0     1     2     3     0
     1     0     0     5     3     5     2     4     1     2     0     1
     0     0     0     2     0     1     1     2     0     0     0     0
     0     0     1     1     0     5     0     0     1     0     0     0
     0     0     0     0     0     0     1     0     1     0     0     0
     0     0     0     0     1     0     1     0     0     0     0     0
     8
     0     0     0     1     0     0     0     0     0     0     0     0
     0     0     0     1     1     1     1     1     0     0     0     0
     0     1     0     0     0     0     0     0     0     0     0     0
     0     0     0     1     1     0     0     1     0     0     0     0
     0     0     0     0     2     0     2     1     0     0     0     0
     0     0     0     0     0     0     0     0     0     0     0     0
     0     0     0     0     0     0     1     4     0     0     0     0
     0     1     0     0     0     0     1     0     0     0     0     0
     0     0     0     0     2     1     8     5     1     0     0     0
     0     0     0     0     0     0     1     0     0     0     0     0
     0     0     0     0     1     1     2     0     1     0     0     0
     0     0     0     1     0     2     0     0     0     0     0     0
     0     0     0     0     0     2     2     0     0     0     0     0
     0     0     0     0     2     3     2     1     2     0     0     0
     0     0     0     0     0     1     1     0     0     0     0     0
     0     0     0     0     2     0     1     0     0     0     0     1
     0     0     0     1     2     1     0     0     0     0     0     0
     0     1     2     4     2     5     2     2     1     0     0     0
     0     0     2     5     8     2     1     1     1     1     0     0
     1     4     4    13    12    13     7     5     6     7     5     1
     3     3    13    22    19    16     6    11     6     5     5     4
     9     4    19    28    22    27     9    12    17    10     7    10
    12    35    57    80    93    59    29    27    48    30    25    12
    17     7    18    49    34    26    10    17    17    21    10    10
     7     8    26    60    33    30     7     7    24    11    14     4
     7     2    17    12    19    10     6     3    13    11    12     5
    15     4    21    33    24    15     8    14    23    18     9     9
     3     1    12    13    18     5     8     6     9     2     4     2
     2     2     3     5    20     7     5     5     8     2     4     6
     1     2     3     6    12     3     7     4     1     4     1     1
     0     0     2     6     6     1     1     2     3     3     1     1
     1     0     2     0     4     3     1     2     2     0     2     0
     0     0     2     2     1     1     0     6     2     1     0     0
     0     0     0     2     1     3     5     1     4     0     0     1
     0     0     0     0     1     1     1     0     2     0     0     0
     0     0     0     0     1     0     2     1     1     1     1     0
     9
     0     0     0     0     0     0     0     0     0     0     0     0
     0     0     0     0     0     0     0     0     0     0     0     0
     0     0     0     0     0     0     0     0     0     0     0     0
     0     0     0     0     0     0     0     0     0     0     0     0
     0     0     0     0     1     0     0     1     0     0     0     0
     0     0     0     0     0     0     0     0     0     0     0     0
     0     0     0     0     0     0     0     0     0     0     0     0
     0     0     0     0     0     0     0     0     0     0     0     0
     0     0     0     0     0     0     0     0     0     0     0     0
     0     0     0     0     0     0     0     0     0     0     0     0
     0     0     0     0     0     0     0     1     0     0     0     0
     0     0     0     0     0     0     0     0     0     0     0     0
     0     0     0     0     0     0     0     0     0     0     0     0
     0     0     0     0     0     0     1     0     0     0     0     0
     0     0     0     0     0     0     0     0     0     0     0     0
     0     0     0     0     0     1     0     0     0     0     0     0
     0     0     0     0     0     0     0     0     0     0     0     0
     0     0     1     0     1     1     0     0     0     0     0     0
     0     0     2     0     1     0     0     0     0     0     0     0
     0     2     2     2     2     4     0     2     2     1     0     0
     0     0     0     2     1     2     0     1     2     0     0     0
     1     0     3     3     5     4     1     1     0     2     1     0
     0     1     5     6    16    11     0     2     6     3     1     1
     1     1     1     4     1     2     1     0     3     3     2     0
     1     1     1     3     1     2     1     2     3     1     2     1
     0     0     0     2     0     1     0     0     0     0     0     0
     1     0     1     1     4     3     2     0     6     0     1     0
     1     0     0     0     0     0     0     0     0     0     1     0
     1     1     0     2     0     1     2     2     1     2     1     0
     0     0     0     1     1     0     0     1     0     1     0     0
     0     0     0     1     0     1     0     0     0     0     0     0
     0     0     0     0     1     0     0     0     1     0     0     0
     0     0     0     0     0     0     0     0     0     0     0     0
     0     0     0     0     1     0     0     0     0     0     0     0
     0     0     0     0     0     0     0     0     0     0     0     0
     0     0     0     0     0     0     0     0     0     0     0     0
    10
     0     0     0     0     0     0     0     0     0     0     0     0
     0     0     0     0     0     0     0     0     0     0     0     0
     0     0     0     0     0     0     0     0     0     0     0     0
     0     0     0     0     0     0     0     0     0     0     0     0
     0     0     0     0     0     0     0     0     0     0     0     0
     0     0     0     0     0     0     0     0     0     0     0     0
     0     0     0     0     0     0     0     0     0     0     0     0
     0     0     0     0     0     0     0     1     0     0     0     0
     0     0     0     0     0     0     0     0     0     0     0     0
     0     0     0     0     0     0     0     0     0     0     0     0
     0     0     0     0     0     0     1     0     0     0     0     0
     0     0     0     0     0     0     0     0     0     0     0     0
     0     0     0     0     0     0     0     0     0     0     0     0
     0     0     0     0     0     0     0     0     0     0     0     0
     0     0     0     0     0     0     0     0     0     0     0     0
     0     0     0     0     0     0     0     0     0     0     0     0
     0     0     0     0     0     0     0     0     0     0     0     0
     0     0     0     0     1     1     0     0     0     0     0     0
     0     0     0     0     1     0     0     0     0     0     0     0
     0     0     1     2     0     0     1     0     0     0     0     0
     0     0     0     2     1     2     0     1     0     0     0     0
     1     0     1     1     5     2     0     0     1     0     0     0
     0     3     0     5     4     5     2     0     0     3     2     0
     0     0     0     1     1     1     0     0     1     0     1     0
     1     0     2     0     3     0     0     0     1     1     0     0
     0     0     0     1     1     0     0     0     0     0     0     0
     0     0     0     0     2     0     0     0     0     0     0     1
     0     0     0     1     3     0     0     0     0     0     0     0
     0     0     0     0     1     0     0     0     0     0     0     0
     0     0     0     1     0     0     0     0     0     1     0     0
     0     0     0     1     0     0     0     0     0     0     0     0
     0     0     0     0     0     0     0     2     0     0     0     0
     0     0     0     0     0     0     0     0     0     0     0     0
     0     0     0     0     0     0     0     0     0     0     0     0
     0     0     0     0     0     1     0     0     0     0     0     0
     0     0     0     0     0     0     0     0     0     0     0     0
    11
     0     0     0     0     0     0     0     0     0     0     0     0
     0     0     0     0     0     0     0     0     0     0     0     0
     0     0     0     0     0     0     0     0     0     0     0     0
     0     0     0     0     0     0     0     0     0     0     0     0
     0     0     0     0     0     0     0     0     0     0     0     0
     0     0     0     0     0     0     0     0     0     0     0     0
     0     0     0     0     0     0     0     0     0     0     0     0
     0     0     0     0     0     0     0     0     0     0     0     0
     0     0     0     0     0     0     0     0     0     0     0     0
     0     0     0     0     0     0     0     0     0     0     0     0
     0     0     0     0     0     0     0     0     0     0     0     0
     0     0     0     0     0     0     0     0     0     0     0     0
     0     0     0     0     0     0     0     0     0     0     0     0
     0     0     0     0     0     0     0     0     0     0     0     0
     0     0     0     0     0     0     0     0     1     0     0     0
     0     0     0     1     0     1     0     1     0     0     0     0
     0     0     0     0     0     0     0     0     0     0     0     0
     0     0     0     0     1     0     0     1     1     0     0     0
     0     0     1     2     0     0     1     0     0     0     0     0
     0     0     1     0     1     0     0     0     1     0     0     0
     0     0     0     2     2     2     0     0     1     0     2     1
     0     0     0     1     1     3     0     0     1     0     0     0
     3     2     7     9     7     2     3     3     4     0     1     0
     0     0     1     3     1     0     0     0     0     0     2     0
     0     0     0     1     4     1     1     0     1     0     1     0
     0     0     1     1     1     0     0     0     0     0     2     0
     1     1     2     0     1     0     0     1     0     0     0     0
     0     0     0     0     1     0     0     1     0     0     0     0
     1     0     0     0     2     0     0     0     0     0     1     0
     0     0     1     1     0     0     0     0     0     0     0     0
     0     0     0     0     2     0     0     0     0     0     0     0
     0     0     0     0     0     0     3     0     0     0     0     0
     0     0     0     0     0     0     0     0     0     0     0     0
     0     0     0     0     1     0     1     0     0     0     1     0
     0     0     0     0     0     0     0     0     0     0     0     0
     0     0     0     0     0     0     0     0     0     0     0     0
    12
     0     0     0     0     0     0     0     0     0     0     0     0
     0     0     0     0     0     0     0     0     0     0     0     0
     0     0     0     0     0     0     0     0     0     0     0     0
     0     0     0     0     0     0     0     0     0     0     0     0
     0     0     0     0     0     0     0     0     0     0     0     0
     0     0     0     0     0     0     0     0     0     0     0     0
     0     0     0     0     0     0     0     0     0     0     0     0
     0     0     0     0     0     0     0     0     0     0     0     0
     0     0     0     0     0     0     0     0     0     0     0     0
     0     0     0     0     0     0     0     0     0     0     0     0
     0     0     0     0     0     0     0     0     0     0     0     0
     0     0     0     0     0     0     0     0     0     0     0     0
     0     0     0     0     0     0     0     0     0     0     0     0
     0     0     0     0     0     0     0     0     0     0     0     0
     0     0     0     0     0     0     0     0     0     0     0     0
     0     0     0     0     0     0     0     0     0     0     0     0
     0     0     0     0     0     0     0     0     0     0     0     0
     0     0     0     2     0     0     0     0     0     0     0     0
     0     0     0     0     0     1     0     0     0     0     0     0
     0     0     0     1     0     0     0     0     0     0     1     0
     0     0     0     0     0     0     0     0     1     0     0     0
     0     0     0     0     0     2     0     0     0     0     0     0
     0     0     0     2     3     4     0     0     2     0     0     0
     0     0     0     0     0     0     0     0     0     0     0     1
     0     0     0     0     1     0     0     0     0     1     0     0
     0     0     0     0     0     0     0     1     0     0     0     0
     1     0     0     1     1     0     0     0     0     0     0     1
     0     0     0     0     0     1     0     0     0     0     0     0
     0     0     0     0     0     0     1     0     0     0     0     0
     0     0     0     0     0     0     0     0     0     0     0     0
     0     0     0     0     0     1     0     0     0     0     0     0
     0     0     0     0     0     0     0     0     0     0     0     0
     0     0     0     0     0     0     0     0     0     0     0     0
     0     0     0     0     0     0     0     0     0     0     0     0
     0     0     0     0     0     0     0     0     0     0     0     0
     0     0     0     0     0     0     0     0     0     0     0     0
    13
     0     0     0     0     0     0     0     0     0     0     0     0
     0     0     0     0     0     0     0     0     0     0     0     0
     0     0     0     0     0     0     0     0     0     0     0     0
     0     0     0     0     0     0     0     0     0     0     0     0
     0     0     0     0     0     0     0     0     0     0     0     0
     0     0     0     0     0     0     0     0     0     0     0     0
     0     0     0     0     0     0     0     0     0     0     0     0
     0     0     0     0     0     0     0     0     0     0     0     0
     0     0     0     0     0     0     0     0     0     0     0     0
     0     0     0     0     0     0     0     0     0     0     0     0
     0     0     0     0     0     0     0     0     0     0     0     0
     0     0     0     0     0     0     0     0     0     0     0     0
     0     0     0     0     0     0     0     0     0     0     0     0
     0     0     0     0     0     0     0     0     0     0     0     0
     0     0     0     0     0     0     0     0     0     0     0     0
     0     0     0     0     0     0     0     0     0     0     0     0
     0     0     0     0     0     0     0     0     0     0     0     0
     0     0     0     0     0     0     0     0     0     0     0     0
     0     0     0     0     0     0     0     0     0     0     0     0
     0     0     0     0     0     0     0     0     0     0     0     0
     0     0     0     0     0     0     0     0     0     0     0     0
     0     0     0     0     0     0     0     0     0     0     0     0
     0     0     0     0     0     0     0     0     0     0     0     0
     0     0     0     0     0     0     0     0     0     0     0     0
     0     0     0     0     0     0     0     0     0     0     0     0
     0     0     0     0     0     0     0     0     0     0     0     0
     0     0     0     0     0     0     0     0     0     0     0     0
     0     0     0     0     0     0     0     0     0     0     0     0
     0     0     0     0     0     0     0     0     0     0     0     0
     0     0     0     0     0     0     0     0     0     0     0     0
     0     0     0     0     0     0     0     0     0     0     0     0
     0     0     0     0     0     0     0     0     0     0     0     0
     0     0     0     0     0     0     0     0     0     0     0     0
     0     0     0     0     0     0     0     0     0     0     0     0
     0     0     0     0     0     0     0     0     0     0     0     0
     0     0     0     0     0     0     0     0     0     0     0     0
    14
     0     0     0     0     0     0     0     0     0     0     0     0
     0     0     0     0     0     0     0     0     0     0     0     0
     0     0     0     0     0     0     0     0     0     0     0     0
     0     0     0     0     0     0     0     0     0     0     0     0
     0     0     0     0     0     0     1     0     0     0     0     0
     0     0     0     0     0     0     0     0     0     0     0     0
     0     0     0     0     0     0     0     0     0     0     0     0
     0     0     0     0     0     0     0     0     0     0     0     0
     0     0     0     0     0     0     0     0     0     0     0     0
     0     0     0     0     0     0     0     0     0     0     0     0
     0     0     0     0     0     0     0     0     0     0     0     0
     0     0     0     0     0     0     0     0     0     0     0     0
     0     0     0     0     1     0     0     0     0     0     0     0
     0     0     0     0     0     0     0     0     0     0     0     0
     0     0     0     0     0     0     0     0     0     0     0     0
     0     0     0     0     0     0     0     0     0     0     0     0
     0     0     0     0     0     0     0     0     0     0     0     0
     0     0     0     0     0     0     0     0     0     0     0     0
     0     0     0     1     0     0     0     0     0     0     0     0
     0     0     0     0     0     0     0     0     0     0     0     0
     0     0     0     0     0     0     0     0     0     0     0     0
     0     0     0     0     0     0     0     1     0     0     0     0
     0     0     0     0     0     0     0     0     1     0     0     0
     0     0     0     0     0     0     0     0     0     0     0     0
     0     0     0     0     0     0     0     0     0     0     0     0
     0     0     0     0     0     0     0     0     0     0     0     0
     0     0     0     0     0     0     0     0     0     0     0     0
     0     0     0     0     0     0     0     0     0     0     0     0
     0     0     0     0     0     0     0     0     0     0     0     0
     0     0     0     0     0     0     0     0     0     0     0     0
     0     0     0     0     0     0     0     0     0     0     0     0
     0     0     0     0     0     0     0     0     0     0     0     0
     0     0     0     0     0     0     0     0     0     0     0     0
     0     0     0     0     0     0     0     0     0     0     0     0
     0     0     0     0     0     0     0     0     0     0     0     0
     0     0     0     0     0     0     0     0     0     0     0     0
    15
     0     0     0     0     0     0     0     0     0     0     0     0
     0     0     0     0     0     0     0     0     0     0     0     0
     0     0     0     0     0     0     0     0     0     0     0     0
     0     0     0     0     0     0     0     0     0     0     0     0
     0     0     0     0     0     0     0     0     0     0     0     0
     0     0     0     0     0     0     0     0     0     0     0     0
     0     0     0     0     0     0     0     0     0     0     0     0
     0     0     0     0     0     0     0     0     0     0     0     0
     0     0     0     0     0     0     0     0     0     0     0     0
     0     0     0     0     0     0     0     0     0     0     0     0
     0     0     0     0     0     0     0     0     0     0     0     0
     0     0     0     0     0     0     0     0     0     0     0     0
     0     0     0     0     0     0     0     0     0     0     0     0
     0     0     0     0     0     0     0     0     0     0     0     0
     0     0     0     0     0     0     0     0     0     0     0     0
     0     0     0     0     0     0     0     0     0     0     0     0
     0     0     0     0     0     0     0     0     0     0     0     0
     0     0     0     0     0     0     0     0     0     0     0     0
     0     0     0     0     0     0     0     0     0     0     0     0
     0     0     0     0     0     0     0     0     0     0     0     0
     0     0     0     0     0     0     0     0     0     0     0     0
     0     0     0     0     0     0     0     0     0     0     0     0
     0     0     0     0     0     0     0     0     0     0     0     0
     0     0     0     0     0     0     0     0     0     0     0     0
     0     0     0     0     0     0     0     0     0     0     0     0
     0     0     0     0     0     0     0     0     0     0     0     0
     0     0     0     1     0     0     0     0     0     0     0     0
     0     0     0     0     0     0     0     0     0     0     0     0
     0     0     0     0     0     0     0     0     0     0     0     0
     0     0     0     0     0     0     0     0     0     0     0     0
     0     0     0     0     0     0     0     0     0     0     0     0
     0     0     0     0     0     0     0     0     0     0     0     0
     0     0     0     0     0     0     0     0     0     0     0     0
     0     0     0     0     0     0     0     0     0     0     0     0
     0     0     0     0     0     0     0     0     0     0     0     0
     0     0     0     0     0     0     0     0     0     0     0     0
    16
     0     0     0     0     0     0     0     0     0     0     0     0
     0     0     0     0     0     0     0     0     0     0     0     0
     0     0     0     0     0     0     0     0     0     0     0     0
     0     0     0     0     0     0     0     0     0     0     0     0
     0     0     0     0     0     0     0     0     0     0     0     0
     0     0     0     0     0     0     0     0     0     0     0     0
     0     0     0     0     0     0     0     0     0     0     0     0
     0     0     0     0     0     0     0     0     0     0     0     0
     0     0     0     0     0     0     0     0     0     0     0     0
     0     0     0     0     0     0     0     0     0     0     0     0
     0     0     0     0     0     0     0     0     0     0     0     0
     0     0     0     0     0     0     0     0     0     0     0     0
     0     0     0     0     0     0     0     0     0     0     0     0
     0     0     0     0     0     0     0     0     0     0     0     0
     0     0     0     0     0     0     0     0     0     0     0     0
     0     0     0     0     0     0     0     0     0     0     0     0
     0     0     0     0     0     0     0     0     0     0     0     0
     0     0     0     0     0     0     0     0     0     0     0     0
     0     0     0     0     0     0     0     0     0     0     0     0
     0     0     0     0     0     0     0     0     0     0     0     0
     0     0     0     0     0     0     0     0     0     0     0     0
     0     0     0     0     0     0     0     0     0     0     0     0
     0     0     0     0     2     0     0     0     0     0     0     0
     0     0     0     0     0     0     0     0     0     0     0     0
     0     0     0     0     0     0     0     0     0     0     0     0
     0     0     0     0     0     0     0     0     0     0     0     0
     0     0     0     0     0     0     0     0     0     0     0     0
     0     0     0     0     0     0     0     0     0     0     0     0
     0     0     0     0     0     0     0     0     0     0     0     0
     0     0     0     0     0     0     0     0     0     0     0     0
     0     0     0     0     0     0     0     0     0     0     0     0
     0     0     0     0     0     0     0     0     0     0     0     0
     0     0     0     0     0     0     0     0     0     0     0     0
     0     0     0     0     0     0     0     0     0     0     0     0
     0     0     0     0     0     0     0     0     0     0     0     0
     0     0     0     0     0     0     0     0     0     0     0     0
    17
     0     0     0     0     0     0     0     0     0     0     0     0
     0     0     0     0     0     0     0     0     0     0     0     0
     0     0     0     0     0     0     0     0     0     0     0     0
     0     0     0     0     0     0     0     0     0     0     0     0
     0     0     0     0     0     0     0     0     0     0     0     0
     0     0     0     0     0     0     0     0     0     0     0     0
     0     0     0     0     0     0     0     0     0     0     0     0
     0     0     0     0     0     0     0     0     0     0     0     0
     0     0     0     0     0     0     0     0     0     0     0     0
     0     0     0     0     0     0     0     0     0     0     0     0
     0     0     0     0     0     0     0     0     0     0     0     0
     0     0     0     0     0     0     0     0     0     0     0     0
     0     0     0     0     0     0     0     0     0     0     0     0
     0     0     0     0     0     0     0     0     0     0     0     0
     0     0     0     0     0     0     0     0     0     0     0     0
     0     0     0     0     0     0     0     0     0     0     0     0
     0     0     0     0     0     0     0     0     0     0     0     0
     0     0     0     0     0     0     0     0     0     0     0     0
     0     0     0     0     0     0     0     0     0     0     0     0
     0     0     0     0     0     0     0     0     0     0     0     0
     0     0     0     0     0     0     0     0     0     0     0     0
     0     0     0     0     0     0     0     0     0     0     0     0
     0     0     0     0     0     0     0     0     0     0     0     0
     0     0     0     0     0     0     0     0     0     0     0     0
     0     0     0     0     0     0     0     0     0     0     0     0
     0     0     0     0     0     0     0     0     0     0     0     0
     0     0     0     0     0     0     0     0     0     0     0     0
     0     0     0     0     0     0     0     0     0     0     0     0
     0     0     0     0     0     0     0     0     0     0     0     0
     0     0     0     0     0     0     0     0     0     0     0     0
     0     0     0     0     0     0     0     0     0     0     0     0
     0     0     0     0     0     0     0     0     0     0     0     0
     0     0     0     0     0     0     0     0     0     0     0     0
     0     0     0     0     0     0     0     0     0     0     0     0
     0     0     0     0     0     0     0     0     0     0     0     0
     0     0     0     0     0     0     0     0     0     0     0     0
    18
     0     0     0     0     0     0     0     0     0     0     0     0
     0     0     0     0     0     0     0     0     0     0     0     0
     0     0     0     0     0     0     0     0     0     0     0     0
     0     0     0     0     0     0     0     0     0     0     0     0
     0     0     0     0     0     0     0     0     0     0     0     0
     0     0     0     0     0     0     0     0     0     0     0     0
     0     0     0     0     0     0     0     0     0     0     0     0
     0     0     0     0     0     0     0     0     0     0     0     0
     0     0     0     0     0     0     0     0     0     0     0     0
     0     0     0     0     0     0     0     0     0     0     0     0
     0     0     0     0     0     0     0     0     0     0     0     0
     0     0     0     0     0     0     0     0     0     0     0     0
     0     0     0     0     0     0     0     0     0     0     0     0
     0     0     0     0     0     0     0     0     0     0     0     0
     0     0     0     0     0     0     0     0     0     0     0     0
     0     0     0     0     0     0     0     0     0     0     0     0
     0     0     0     0     0     0     0     0     0     0     0     0
     0     0     0     0     0     0     0     0     0     0     0     0
     0     0     0     0     0     0     0     0     0     0     0     0
     0     0     0     0     0     0     0     0     0     0     0     0
     0     0     0     0     0     0     0     0     0     0     0     0
     0     0     0     0     0     0     0     0     0     0     0     0
     0     0     0     1     0     0     0     0     0     0     0     0
     0     0     0     0     0     0     0     0     0     0     0     0
     0     0     0     0     0     0     0     0     0     0     0     0
     0     0     0     0     0     0     0     0     0     0     0     0
     0     0     0     0     0     0     0     0     0     0     0     0
     0     0     0     0     0     0     0     0     0     0     0     0
     0     0     0     0     0     0     0     0     0     0     0     0
     0     0     0     0     0     0     0     0     0     0     0     0
     0     0     0     0     0     0     0     0     0     0     0     0
     0     0     0     0     0     0     0     0     0     0     0     0
     0     0     0     0     0     0     0     0     0     0     0     0
     0     0     0     0     0     0     0     0     0     0     0     0
     0     0     0     0     0     0     0     0     0     0     0     0
     0     0     0     0     0     0     0     0     0     0     0     0
