19
San Diego, CA 23188
     0
      13.800      13.800      14.300      15.600      16.700      17.700
      20.000      21.100      20.600      18.800      16.100      13.800
      15.600      16.100      16.100      17.200      17.700      19.300
      21.700      22.700      22.200      20.600      18.200      16.100
      17.700      18.200      18.200      18.800      19.300      21.100
      23.200      24.300      23.800      22.200      20.000      18.200
      40.000      45.000      54.000      55.000      61.000      64.000
      64.000      64.000      63.000      59.000      48.000      41.000
      59.000      63.000      63.000      63.000      67.000      71.000
      71.000      70.000      69.000      68.000      63.000      60.000
      72.000      73.000      72.000      72.000      75.000      78.000
      76.000      76.000      76.000      75.000      73.000      72.000
       2.000       2.000       2.400       2.400       2.400       2.400
       2.400       2.400       2.400       2.400       2.000       2.000
       2.700       3.100       3.100       3.100       3.100       3.100
       3.100       3.100       3.100       3.100       2.700       2.700
       3.500       4.000       4.400       4.400       4.000       4.000
       4.000       4.000       4.000       4.000       3.500       3.500
     290.000     290.000     280.000     280.000     260.000     260.000
     280.000     280.000     290.000     290.000     290.000     300.000
     1
      15.892      16.322      16.533      17.706      18.224      19.511
      21.957      22.827      22.503      21.014      18.299      15.958
      55.816      58.943      61.738      62.362      67.220      71.060
      70.656      70.230      68.735      64.750      59.622      56.817
     2
    21    17    15    13    14    14    17    19    23    26    20    11
    32    17    13    20    19    14    18    30    30    31    24    27
    14    11    13    11    15    15    20    19    12    21    15    18
    15    13    12    13    11    12    15    15    10    17    14    10
    33    20    23    20    16    12    15    14    19    23    21    29
    27    18    21    12    13    11    12    12    17    24    28    32
    47    36    31    29    20    11    10    15    13    34    33    40
    26    14     9     7     7     5     9     5     5    13    19    22
    38    42    26    28    13    13     8     6    13    17    28    45
    16    15    16     8    14     2     5     9    10    15    20    21
    29    24    32    20    15     8     6     4    11    19    28    33
    36    30    24    16    10     3     3     7     8    16    25    31
    24    19    18    10     9     5     2     3     9    13    22    29
    36    16    30    14    10     5     4     0    13    17    28    16
    20    10    12    16     8     7     7     7     8    13    10    26
    34    25    23    11    14    17    12     7    13    15    31    27
    33    12    11    16    13    17    15    10    15    18    24    25
    54    44    43    34    27    31    31    25    35    35    44    73
    39    24    17    16    11    14    20    14    17    21    25    38
    65    49    36    33    33    41    39    32    37    42    49    64
    30    33    23    14    25    23    19    21    21    22    36    38
    24    23    20     9    15    21    17    16    12    16    26    31
    74    44    43    31    32    37    52    33    32    36    50    58
    24    21    18    16    21    19    20    28    16    21    30    49
    73    35    29    24    36    37    41    44    31    33    39    58
    27    18    19    14    28    14    21    18    18    11    30    33
    55    44    24    17    21    28    34    24    22    35    34    59
    38    24    13    17    16    13    14    14    17    20    22    30
    57    39    35    39    49    39    38    47    35    60    53    81
    60    45    33    33    41    32    34    31    36    52    61    63
    66    43    34    33    26    30    34    41    43    43    69    76
    67    54    51    46    27    40    58    48    73    71    64    85
    38    34    31    41    19    29    29    24    28    40    35    53
    68    47    39    32    22    38    36    33    40    46    51    83
    44    32    28    17    20    17    25    23    40    34    39    58
    48    42    35    22    28    33    36    30    39    53    38    57
     3
    21    15    26    16    11    27    38    31    37    35    19    16
    24    19    20    21    32    44    47    49    47    35    25    26
    20    16    14    20    19    33    27    23    28    25    14    13
    11    16    12    12    14    11    14    14    13    16    14    12
    28    29    19    17    11    18    23    26    28    28    23    24
    22    12    14    11    19     6     8     6     9    21    12    14
    30    25    18    10    15     8     7     4     8    20    28    22
    12    14     6    10     7     5     0     5     5    15    19    10
    28    27    14    19    11     5     0     4    16    14    27    30
    22    15    26    16    12     4     0     0     8    13    22    22
    34    33    41    25    19     6     3     4    10    22    45    24
    28    34    29    31    18     7     3     3    12    12    35    34
    14    16    21    17    14     9     4     4     4    13    23    19
    31    23    29    20    21     8     6     7    12    24    28    29
    44    31    22    23    16     8    11     8    21    28    22    36
    59    54    52    42    41    45    30    25    31    46    57    54
    68    51    51    53    83    68    48    47    50    55    73    60
   120   126   111   108   155   158   158   153   113   115   135   111
    71    72    76    86   100   127   120   107    85    90    67    85
   105    93   123   156   210   196   235   173   143   105   130   109
    77    64    80    95   132   122   186   135    90    93    78    89
    66    57    89    78   135   138   145   116    95    92    85    66
   103    84   119   135   227   232   246   166   126   134   109    86
    60    59    60    84   151   130   127   127    79    75    74    65
    80    78   119    85   214   235   232   185   135   141    92    72
    35    20    50    62    86    93    64    83    50    60    47    43
    82    53    83    95   130   141   114   129   102    99    62    75
    83    62    63    82   129   104   121   149   101    80    79    63
   183   178   155   222   217   272   286   331   230   233   203   188
   211   173   159   171   209   218   280   315   264   239   183   232
   180   135   118   135   143   160   172   246   197   184   153   166
   195   135   101   147   131   175   166   190   202   179   166   216
    79    53    49    52    45    60    64    82    72    72    52    68
    67    78    48    71    48    64    81    76    80    79    60    64
    54    30    32    34    30    40    56    64    57    44    23    43
    51    41    32    40    36    53    81    69    76    45    37    61
     4
     2     6     5     1     2     4     1     1     1     5     2     5
     8     6     2     1     3     0     2     4     2     7     1     1
     5     1     3     1     1     0     0     0     2     2     2     4
     2     5     0     0     0     2     1     0     0     5     3     2
     8     5     1     3     0     2     1     0     1     5     5     6
     7     6     3     0     0     0     0     0     2     4     2     8
     6     2     2     0     0     0     0     0     2     2     6     6
     3     0     0     2     0     0     0     1     0     3     4     1
     4     4     0     2     1     0     0     0     2     5     4     5
     4     6     3     1     1     0     0     0     1     3     1     3
     5     4     6     5     3     1     0     0     1     5     6    15
    16    12     6     8     4     2     2     2     1    10    13    12
    16     7    10     9     5     0     0     0     2     4    11     7
    10    16    11     7     4     0     1     3     3     3    12     9
    15    14    11    16     6     8     5     0     5     6    14    15
    22    21    25    22    21    13    14     9    19    16    22    28
    22    27    25    32    31    39    42    31    32    41    26    37
    31    45    72    74   115   121   115    79    84    53    44    34
    29    26    42    60   104    90    87    48    58    38    23    20
    36    53    73   114   144   157   136   106    76    43    46    23
    32    34    60    72   122   122   105    86    66    48    28    22
    31    33    55    75   140   122   124    88    64    64    38    22
    50    45    82   116   212   202   166   158    89    73    40    30
    25    41    75    93   145   129   108   103    63    43    39    29
    35    60    81   111   176   170   132   100    92    77    37    28
    19    17    36    71    81    80    69    52    47    25    27    16
    34    40    79    87   122   104   105   130    74    70    46    32
    41    45    79   107   111   126   128   134   103    95    62    39
   129   153   197   230   234   277   328   359   228   207   166   123
   196   174   190   206   242   281   308   401   276   226   215   182
   153   153   156   151   132   165   240   214   181   185   165   166
   140   140   106   140   102   139   167   174   207   198   159   181
    47    43    29    39    34    30    32    45    38    49    40    42
    35    32    15    45    28    20    25    30    48    41    24    46
    14    16    11    19    11    10    12     8    16    17     7    12
     9     7     5    13     5     7     2     4     7    10     7    11
     5
     3     5     0     0     0     0     0     1     0     2     1     2
     5     0     1     2     0     0     0     1     1     3     3     0
     3     4     0     2     0     0     0     0     0     1     1     5
     4     0     1     0     0     0     0     0     0     2     0     6
     9     2     1     1     0     0     0     0     0     2     6    10
     4     1     1     1     0     0     0     0     0     5     0     9
     3     4     1     0     0     0     0     0     1     6     0     2
     1     1     1     1     0     0     0     0     2     2     1     3
     5     3     1     1     0     0     0     0     4     2     2     4
     2     6     2     0     0     0     0     0     1     1     2     0
     3     3     0     5     0     0     0     0     0     2     3     3
     9    14     6     3     1     0     0     0     0     1     7     3
     6     9     6     3     2     0     0     0     3     5     7     8
     8    10    11     8     3     0     0     0     1     3     4     8
    13     9     7     6     3     1     0     1     3     0    13    12
    22    13    10    10    19     9     3     8    12     7    24    22
    18    26    19    34    22    20    24    13    35     9    21    27
    26    49    56    68    81    82    81    46    56    26    35    27
    10    17    40    46    67    51    51    27    40    24    14     9
    12    22    54    82   100    95    53    53    43    37    21    15
    14    17    28    64    86    96    65    51    39    22    11    13
     9    19    40    62    95    89    76    68    47    27    22     9
    17    31    55   110   151   106    70    77    26    52    16    18
    14    30    67    67   134    74    41    47    45    42    15    13
     9    43    94   108   131    80    40    41    39    38    18    12
    12    19    55    51    64    49    16    25    31    28    11    10
    24    51   110   128   128    90    59    61    62    58    30    22
    43    53   104   150   147   129   139   145   132    98    47    29
   113   174   279   345   307   306   347   420   313   234   140    95
   157   225   280   339   290   334   426   448   431   333   241   174
   149   189   245   209   199   240   278   326   312   277   197   145
   114   131   149   181   138   147   175   192   178   199   145   114
    32    27    28    33    21    25    34    21    31    38    29    35
    24    29    21    29    13    12    16    15    20    26    27    28
     4     8     7    11     5     3     4     0     0     7     7    10
     5     5     4     7     1     0     0     3     5     6     7     1
     6
     1     1     2     1     0     0     0     0     0     1     0     1
     0     0     1     1     1     0     0     0     0     1     1     0
     3     1     1     1     0     0     0     0     0     0     0     0
     2     5     1     1     0     0     0     0     0     1     0     1
     4     0     1     0     0     0     0     0     2     2     2     2
     0     1     0     0     0     0     0     0     0     1     1     2
     1     1     2     0     0     0     0     0     2     3     1     0
     1     0     0     0     0     0     0     0     0     0     1     0
     0     2     0     1     0     0     0     0     1     1     0     1
     2     0     0     0     0     0     0     0     0     1     0     1
     1     2     0     0     0     0     0     0     1     1     2     0
     2     3     0     0     0     0     0     0     0     0     2     1
     3     7     3     0     0     0     0     0     0     0     2     2
     4     5     2     3     0     0     0     0     1     1     0     5
     3     7     6     1     1     1     0     0     2     0     2     6
     8     8     9     9     2     2     0     0     2     2    10    14
    21    24    10     4     9     3     1     2    10     3    13    17
    15    31    34    22    12    11     3     6     8     4    14    17
    10     7    14    23     5     9     2     2     7     6     1     6
     5    10    14    20    12    16     3     1     6     6     4     3
     2     8     9    13     1     6     1     3     4     2     0     2
     2     4    13     9    10     1     1     0     4     4     2     4
     0    12    10    17    12     4     0     0     4     7     2     5
     4     5    10    19    10     4     1     0     3     4     2     1
     5     3    19    17     9     2     0     1     2     5     3     3
     6    12    18    20    32     4     0     2     2     6     1     4
    10    15    31    41    42    10     5     3     9     8    11     5
    10    12    56    68    44    27    26    23    25    17     7     1
    23    37   111   136    95    85    63   104    69    51    18    17
    32    72   124   153    93   121   107   113   137   103    61    36
    42    58   100    96    78    49    60    70    85    77    60    33
    16    48    51    62    43    35    23    39    39    60    31     7
     8     7     9     8     5     7     4     4     6     7     4     8
     1     4     7     6     5     1     2     4     6     4     4     3
     2     0     0     1     1     0     0     0     0     2     0     3
     1     0     1     0     0     1     0     0     4     3     0     5
     7
     0     0     0     0     0     0     0     0     0     0     0     0
     0     0     0     0     0     0     0     0     0     1     0     0
     0     0     0     0     0     0     0     0     0     0     0     0
     0     2     1     0     0     0     0     0     0     0     0     2
     1     0     0     0     0     0     0     0     0     0     1     2
     0     0     0     0     0     0     0     0     1     0     0     0
     0     0     0     0     0     0     0     0     0     1     0     0
     0     0     0     0     0     0     0     0     0     0     0     1
     0     0     0     0     0     0     0     0     0     0     0     0
     0     0     0     0     0     0     0     0     0     0     0     0
     0     1     0     0     0     0     0     0     0     0     0     0
     0     2     0     0     0     0     0     0     0     0     0     0
     2     1     0     0     0     0     0     0     0     0     0     0
     0     2     0     0     0     0     0     0     0     0     0     2
     2     1     1     1     0     0     0     0     0     0     2     1
     9     3     7     0     0     0     0     0     1     0     3     7
    14     9    12     1     3     0     0     0     1     1     2     6
     5     6     3     3     1     1     0     2     3     2     6     4
     1     0     3     2     0     0     0     0     0     0     2     0
     0     1     3     2     0     4     0     0     0     0     0     1
     1     1     0     1     1     0     0     0     0     0     1     1
     1     1     1     1     0     0     0     0     0     0     0     0
     1     1     1     3     0     0     0     0     0     0     0     0
     1     0     3     1     1     0     0     0     0     0     0     0
     1     1     4     1     1     0     0     0     0     0     1     1
     1     1     2     1     2     0     0     0     0     0     1     0
     3     0     5     9     9     0     2     1     0     1     2     2
     4     0    13     7     7     1     0     1     1     1     0     2
     4     5    22    26     9     4     2     8     7     2     6     4
    13     6    20    22    11     1     9    10     7    17     7    12
     4    10    12    14    12     5     3     6     8     8     7     4
     4     4     7     7     5     1     0     0     4     3     8     3
     0     1     0     2     0     0     1     0     1     0     0     2
     0     2     0     2     1     0     0     0     0     2     1     0
     0     0     0     0     0     0     0     0     0     0     0     0
     1     0     0     0     0     0     0     0     0     0     0     4
     8
     0     0     0     1     0     0     0     0     0     0     0     0
     0     0     1     0     0     0     0     0     0     1     0     0
     1     1     0     0     0     0     0     0     0     0     1     0
     1     0     0     0     0     0     0     0     0     0     0     0
     2     0     2     1     0     0     0     0     0     0     0     0
     0     1     0     0     0     0     0     0     0     0     0     0
     0     0     0     0     0     0     0     0     0     0     1     0
     0     0     0     0     0     0     0     0     0     0     0     0
     0     0     0     0     0     0     0     0     0     0     0     0
     0     0     0     0     0     0     0     0     0     0     0     0
     0     0     0     0     0     0     0     0     0     0     0     0
     0     1     0     0     0     0     0     0     0     0     0     0
     0     1     1     0     0     0     0     0     0     0     0     0
     0     0     2     0     0     0     0     0     0     0     0     0
     5     0     1     2     0     0     0     0     0     0     2     2
     9     6     5     0     0     0     0     0     1     0     3     0
     7    12     9     2     0     0     0     1     0     0     5     1
     3    10     6     1     0     1     0     1     1     0     3     3
     1     0     1     0     0     0     0     0     0     0     1     1
     2     2     1     1     2     0     0     0     0     0     1     1
     1     0     2     0     0     0     0     0     0     0     1     0
     0     0     0     0     0     0     0     0     0     0     1     0
     0     2     0     0     0     0     0     0     0     0     0     0
     1     0     1     0     0     0     0     0     0     0     1     0
     4     1     1     3     0     0     0     0     0     0     0     0
     0     1     7     0     1     0     0     0     0     0     0     0
     3     1     4     6     0     0     0     0     0     1     0     2
     5     1     7     4     6     0     0     0     0     1     2     3
     8     2    15    12     2     0     0     0     0     1     3     4
     2     1     7     3     2     2     0     1     1     1     4     9
     6     1     1     5     5     0     1     1     3     1     0     3
     1     3     3     1     0     0     1     0     3     1     4     0
     0     1     0     0     0     0     0     0     0     1     0     4
     0     0     0     0     0     0     0     0     1     0     0     6
     0     0     0     0     0     0     0     0     0     1     0     0
     0     0     0     0     0     0     0     0     0     0     0     1
     9
     0     0     0     0     0     0     0     0     0     0     0     0
     0     0     0     0     0     0     0     0     0     0     0     0
     0     0     0     0     0     0     0     0     0     0     0     0
     0     0     0     0     0     0     0     0     0     0     0     0
     0     0     0     0     0     0     0     0     0     0     0     0
     0     0     0     0     0     0     0     0     0     0     0     0
     0     0     0     0     0     0     0     0     0     0     0     0
     0     0     0     0     0     0     0     0     0     0     0     0
     0     0     0     0     0     0     0     0     0     0     0     0
     0     0     0     0     0     0     0     0     0     0     0     0
     0     0     0     0     0     0     0     0     0     0     0     0
     0     0     0     0     0     0     0     0     0     0     0     0
     0     0     0     0     0     0     0     0     0     0     0     0
     0     0     0     0     0     0     0     0     0     0     0     0
     1     0     0     0     0     0     0     0     0     0     0     0
     2     0     2     0     0     0     0     0     0     0     1     1
     2     2     4     2     0     0     0     1     0     0     1     0
     1     1     0     0     0     0     0     0     0     0     1     0
     0     0     0     0     0     0     0     0     0     0     0     0
     2     0     0     0     0     0     0     0     0     0     0     0
     0     0     0     0     0     0     0     0     0     0     0     0
     0     0     0     0     0     0     0     0     0     0     0     0
     0     0     0     0     0     0     0     0     0     0     3     0
     0     1     0     0     0     0     0     0     0     0     0     0
     2     0     0     0     0     0     0     0     0     0     0     0
     1     0     0     0     0     0     0     0     0     0     0     0
     0     0     2     1     0     0     0     0     0     0     0     1
     2     0     3     0     1     0     0     0     0     0     1     0
     0     0     2     0     0     0     0     0     0     0     0     1
     1     0     1     1     0     0     0     0     0     1     1     3
     0     1     2     0     0     0     0     0     0     0     0     1
     0     0     0     1     1     0     0     0     1     0     0     0
     0     0     1     0     0     0     0     0     0     0     0     4
     0     0     0     0     0     0     0     0     0     0     0     0
     0     0     0     0     0     0     0     0     0     0     0     0
     0     0     0     0     0     0     0     0     0     0     0     0
    10
     0     0     0     0     0     0     0     0     0     0     0     0
     0     0     0     0     0     0     0     0     0     0     0     0
     0     0     0     0     0     0     0     0     0     0     0     0
     0     0     0     0     0     0     0     0     0     0     0     0
     0     0     0     0     0     0     0     0     0     0     0     0
     0     0     0     0     0     0     0     0     0     0     0     0
     0     0     0     0     0     0     0     0     0     0     0     0
     0     0     0     0     0     0     0     0     0     0     0     0
     0     0     0     0     0     0     0     0     0     0     0     0
     0     0     0     0     0     0     0     0     0     0     0     0
     0     0     0     0     0     0     0     0     0     0     0     0
     0     0     0     0     0     0     0     0     0     0     0     0
     0     0     0     0     0     0     0     0     0     0     0     0
     0     0     0     0     0     0     0     0     0     0     0     0
     0     0     2     0     0     0     0     0     0     0     0     0
     1     0     2     1     0     0     0     0     0     0     0     0
     3     0     3     0     1     0     0     0     1     0     0     0
     1     1     0     0     0     0     0     0     0     0     0     1
     0     0     0     0     0     0     0     0     0     0     0     0
     0     0     0     0     0     0     0     0     0     0     0     1
     0     0     0     0     0     0     0     0     0     0     1     0
     0     0     0     0     0     0     0     0     0     0     0     0
     1     0     0     0     0     0     0     0     0     0     0     0
     0     0     0     0     0     0     0     0     0     0     0     0
     1     0     0     0     0     0     0     0     0     0     0     0
     0     0     0     0     0     0     0     0     0     0     0     0
     0     1     0     0     0     0     0     0     0     0     0     0
     0     1     1     0     0     0     0     0     0     0     1     0
     1     0     1     0     0     0     0     0     0     0     0     1
     0     0     1     1     1     0     0     0     0     0     0     1
     0     0     0     0     0     0     0     0     0     0     0     2
     0     0     0     0     0     0     0     0     0     0     0     0
     0     0     0     0     0     0     0     0     0     0     0     0
     0     0     0     0     0     0     0     0     0     0     0     0
     0     0     0     0     0     0     0     0     0     0     0     0
     0     0     0     0     0     0     0     0     0     0     0     0
    11
     0     0     0     0     0     0     0     0     0     0     0     0
     0     0     0     0     0     0     0     0     0     0     0     0
     0     0     0     0     0     0     0     0     0     0     0     0
     0     0     0     0     0     0     0     0     0     0     0     0
     0     0     0     0     0     0     0     0     0     0     0     0
     0     0     0     0     0     0     0     0     0     0     0     0
     0     0     0     0     0     0     0     0     0     0     0     0
     0     0     0     0     0     0     0     0     0     0     0     0
     0     0     0     0     0     0     0     0     0     0     0     0
     0     0     0     0     0     0     0     0     0     0     0     0
     0     0     0     0     0     0     0     0     0     0     0     0
     0     0     0     0     0     0     0     0     0     0     0     0
     0     0     0     0     0     0     0     0     0     0     0     0
     0     0     0     0     0     0     0     0     0     0     0     0
     0     0     0     0     0     0     0     0     0     0     0     0
     0     0     4     1     0     0     0     0     0     0     1     1
     2     0     2     0     0     0     0     0     0     0     0     0
     0     0     0     0     0     0     0     0     0     0     0     0
     0     0     0     0     0     0     0     0     0     0     0     0
     0     0     0     0     0     0     0     0     0     0     0     0
     0     0     0     0     0     0     0     0     0     0     0     0
     0     0     0     0     0     0     0     0     0     0     0     0
     0     0     1     0     0     0     0     0     0     0     0     0
     0     0     0     0     0     0     0     0     0     0     0     0
     0     0     0     0     0     0     0     0     0     0     0     0
     0     0     0     0     0     0     0     0     0     0     0     0
     0     0     0     0     0     0     0     0     0     0     0     0
     0     0     0     1     0     0     0     0     0     0     1     0
     0     0     0     0     0     0     0     0     0     0     0     0
     0     0     0     0     0     0     0     0     0     0     0     1
     0     0     0     0     0     0     0     0     0     0     0     0
     0     0     0     0     0     0     0     0     0     0     0     1
     0     0     0     0     0     0     0     0     0     0     0     0
     0     0     0     0     0     0     0     0     0     0     0     0
     0     0     0     0     0     0     0     0     0     0     0     0
     0     0     0     0     0     0     0     0     0     0     0     0
    12
     0     0     0     0     0     0     0     0     0     0     0     0
     0     0     0     0     0     0     0     0     0     0     0     0
     0     0     0     0     0     0     0     0     0     0     0     0
     0     0     0     0     0     0     0     0     0     0     0     0
     0     0     0     0     0     0     0     0     0     0     0     0
     0     0     0     0     0     0     0     0     0     0     0     0
     0     0     0     0     0     0     0     0     0     0     0     0
     0     0     0     0     0     0     0     0     0     0     0     0
     0     0     0     0     0     0     0     0     0     0     0     0
     0     0     0     0     0     0     0     0     0     0     0     0
     0     0     0     0     0     0     0     0     0     0     0     0
     0     0     0     0     0     0     0     0     0     0     0     0
     0     0     0     0     0     0     0     0     0     0     0     0
     0     0     0     0     0     0     0     0     0     0     0     0
     0     0     0     0     0     0     0     0     0     0     0     0
     0     0     1     0     0     0     0     0     0     0     0     0
     0     0     0     0     0     0     0     0     0     0     0     0
     0     0     0     0     0     0     0     0     0     0     0     0
     0     0     0     0     0     0     0     0     0     0     0     0
     0     0     1     0     0     0     0     0     0     0     0     0
     0     0     0     0     0     0     0     0     0     0     0     0
     0     0     0     0     0     0     0     0     0     0     0     0
     0     0     0     0     0     0     0     0     0     0     0     0
     0     0     0     0     0     0     0     0     0     0     0     0
     0     0     0     0     0     0     0     0     0     0     0     0
     0     0     0     0     0     0     0     0     0     0     0     0
     0     0     0     0     0     0     0     0     0     0     0     0
     0     0     0     0     0     0     0     0     0     0     0     0
     0     0     0     0     0     0     0     0     0     0     0     0
     0     0     0     0     0     0     0     0     0     0     0     0
     0     0     0     0     0     0     0     0     0     0     0     0
     0     0     0     0     0     0     0     0     0     0     0     0
     0     0     0     0     0     0     0     0     0     0     0     0
     0     0     0     0     0     0     0     0     0     0     0     0
     0     0     0     0     0     0     0     0     0     0     0     0
     0     0     0     0     0     0     0     0     0     0     0     0
    13
     0     0     0     0     0     0     0     0     0     0     0     0
     0     0     0     0     0     0     0     0     0     0     0     0
     0     0     0     0     0     0     0     0     0     0     0     0
     0     0     0     0     0     0     0     0     0     0     0     0
     0     0     0     0     0     0     0     0     0     0     0     0
     0     0     0     0     0     0     0     0     0     0     0     0
     0     0     0     0     0     0     0     0     0     0     0     0
     0     0     0     0     0     0     0     0     0     0     0     0
     0     0     0     0     0     0     0     0     0     0     0     0
     0     0     0     0     0     0     0     0     0     0     0     0
     0     0     0     0     0     0     0     0     0     0     0     0
     0     0     0     0     0     0     0     0     0     0     0     0
     0     0     0     0     0     0     0     0     0     0     0     0
     0     0     0     0     0     0     0     0     0     0     0     0
     0     0     0     0     0     0     0     0     0     0     0     0
     0     0     0     0     0     0     0     0     0     0     0     0
     0     0     0     0     0     0     0     0     0     0     0     0
     0     0     0     0     0     0     0     0     0     0     0     0
     0     0     0     0     0     0     0     0     0     0     0     0
     0     0     0     0     0     0     0     0     0     0     0     0
     0     0     0     0     0     0     0     0     0     0     0     0
     0     0     0     0     0     0     0     0     0     0     0     0
     0     0     0     0     0     0     0     0     0     0     0     0
     0     0     0     0     0     0     0     0     0     0     0     0
     0     0     0     0     0     0     0     0     0     0     0     0
     0     0     0     0     0     0     0     0     0     0     0     0
     0     0     0     0     0     0     0     0     0     0     0     0
     0     0     0     0     0     0     0     0     0     0     0     0
     0     0     0     0     0     0     0     0     0     0     0     0
     0     0     0     0     0     0     0     0     0     0     0     0
     0     0     0     0     0     0     0     0     0     0     0     0
     0     0     0     0     0     0     0     0     0     0     0     0
     0     0     0     0     0     0     0     0     0     0     0     0
     0     0     0     0     0     0     0     0     0     0     0     0
     0     0     0     0     0     0     0     0     0     0     0     0
     0     0     0     0     0     0     0     0     0     0     0     0
    14
     0     0     0     0     0     0     0     0     0     0     0     0
     0     0     0     0     0     0     0     0     0     0     0     0
     0     0     0     0     0     0     0     0     0     0     0     0
     0     0     0     0     0     0     0     0     0     0     0     0
     0     0     0     0     0     0     0     0     0     0     0     0
     0     0     0     0     0     0     0     0     0     0     0     0
     0     0     0     0     0     0     0     0     0     0     0     0
     0     0     0     0     0     0     0     0     0     0     0     0
     0     0     0     0     0     0     0     0     0     0     0     0
     0     0     0     0     0     0     0     0     0     0     0     0
     0     0     0     0     0     0     0     0     0     0     0     0
     0     0     0     0     0     0     0     0     0     0     0     0
     0     0     0     0     0     0     0     0     0     0     0     0
     0     0     0     0     0     0     0     0     0     0     0     0
     0     0     0     0     0     0     0     0     0     0     0     0
     0     0     0     0     0     0     0     0     0     0     0     0
     0     0     0     0     0     0     0     0     0     0     0     0
     0     0     0     0     0     0     0     0     0     0     0     0
     0     0     0     0     0     0     0     0     0     0     0     0
     0     0     0     0     0     0     0     0     0     0     0     0
     0     0     0     0     0     0     0     0     0     0     0     0
     0     0     0     0     0     0     0     0     0     0     0     0
     0     0     0     0     0     0     0     0     0     0     0     0
     0     0     0     0     0     0     0     0     0     0     0     0
     0     0     0     0     0     0     0     0     0     0     0     0
     0     0     0     0     0     0     0     0     0     0     0     0
     0     0     0     0     0     0     0     0     0     0     0     0
     0     0     0     0     0     0     0     0     0     0     0     0
     0     0     0     0     0     0     0     0     0     0     0     0
     0     0     0     0     0     0     0     0     0     0     0     0
     0     0     0     0     0     0     0     0     0     0     0     0
     0     0     0     0     0     0     0     0     0     0     0     0
     0     0     0     0     0     0     0     0     0     0     0     0
     0     0     0     0     0     0     0     0     0     0     0     0
     0     0     0     0     0     0     0     0     0     0     0     0
     0     0     0     0     0     0     0     0     0     0     0     0
    15
     0     0     0     0     0     0     0     0     0     0     0     0
     0     0     0     0     0     0     0     0     0     0     0     0
     0     0     0     0     0     0     0     0     0     0     0     0
     0     0     0     0     0     0     0     0     0     0     0     0
     0     0     0     0     0     0     0     0     0     0     0     0
     0     0     0     0     0     0     0     0     0     0     0     0
     0     0     0     0     0     0     0     0     0     0     0     0
     0     0     0     0     0     0     0     0     0     0     0     0
     0     0     0     0     0     0     0     0     0     0     0     0
     0     0     0     0     0     0     0     0     0     0     0     0
     0     0     0     0     0     0     0     0     0     0     0     0
     0     0     0     0     0     0     0     0     0     0     0     0
     0     0     0     0     0     0     0     0     0     0     0     0
     0     0     0     0     0     0     0     0     0     0     0     0
     0     0     0     0     0     0     0     0     0     0     0     0
     0     0     0     0     0     0     0     0     0     0     0     0
     0     0     0     0     0     0     0     0     0     0     0     0
     0     0     0     0     0     0     0     0     0     0     0     0
     0     0     0     0     0     0     0     0     0     0     0     0
     0     0     0     0     0     0     0     0     0     0     0     0
     0     0     0     0     0     0     0     0     0     0     0     0
     0     0     0     0     0     0     0     0     0     0     0     0
     0     0     0     0     0     0     0     0     0     0     0     0
     0     0     0     0     0     0     0     0     0     0     0     0
     0     0     0     0     0     0     0     0     0     0     0     0
     0     0     0     0     0     0     0     0     0     0     0     0
     0     0     0     0     0     0     0     0     0     0     0     0
     0     0     0     0     0     0     0     0     0     0     0     0
     0     0     0     0     0     0     0     0     0     0     0     0
     0     0     0     0     0     0     0     0     0     0     0     0
     0     0     0     0     0     0     0     0     0     0     0     0
     0     0     0     0     0     0     0     0     0     0     0     0
     0     0     0     0     0     0     0     0     0     0     0     0
     0     0     0     0     0     0     0     0     0     0     0     0
     0     0     0     0     0     0     0     0     0     0     0     0
     0     0     0     0     0     0     0     0     0     0     0     0
    16
     0     0     0     0     0     0     0     0     0     0     0     0
     0     0     0     0     0     0     0     0     0     0     0     0
     0     0     0     0     0     0     0     0     0     0     0     0
     0     0     0     0     0     0     0     0     0     0     0     0
     0     0     0     0     0     0     0     0     0     0     0     0
     0     0     0     0     0     0     0     0     0     0     0     0
     0     0     0     0     0     0     0     0     0     0     0     0
     0     0     0     0     0     0     0     0     0     0     0     0
     0     0     0     0     0     0     0     0     0     0     0     0
     0     0     0     0     0     0     0     0     0     0     0     0
     0     0     0     0     0     0     0     0     0     0     0     0
     0     0     0     0     0     0     0     0     0     0     0     0
     0     0     0     0     0     0     0     0     0     0     0     0
     0     0     0     0     0     0     0     0     0     0     0     0
     0     0     0     0     0     0     0     0     0     0     0     0
     0     0     0     0     0     0     0     0     0     0     0     0
     0     0     0     0     0     0     0     0     0     0     0     0
     0     0     0     0     0     0     0     0     0     0     0     0
     0     0     0     0     0     0     0     0     0     0     0     0
     0     0     0     0     0     0     0     0     0     0     0     0
     0     0     0     0     0     0     0     0     0     0     0     0
     0     0     0     0     0     0     0     0     0     0     0     0
     0     0     0     0     0     0     0     0     0     0     0     0
     0     0     1     0     0     0     0     0     0     0     0     0
     0     0     0     0     0     0     0     0     0     0     0     0
     0     0     0     0     0     0     0     0     0     0     0     0
     0     0     0     0     0     0     0     0     0     0     0     0
     0     0     0     0     0     0     0     0     0     0     0     0
     0     0     0     0     0     0     0     0     0     0     0     0
     0     0     0     0     0     0     0     0     0     0     0     0
     0     0     0     0     0     0     0     0     0     0     0     0
     0     0     0     0     0     0     0     0     0     0     0     0
     0     0     0     0     0     0     0     0     0     0     0     0
     0     0     0     0     0     0     0     0     0     0     0     0
     0     0     0     0     0     0     0     0     0     0     0     0
     0     0     0     0     0     0     0     0     0     0     0     0
