18
Prescott, AZ 23184
     0
       1.700       3.900       5.500      10.600      16.100      22.200
      23.800      22.200      20.000      13.300       6.600       1.700
       6.000       8.300      10.600      15.600      20.600      26.700
      27.700      26.100      23.800      18.200      11.100       6.600
      10.600      12.800      15.600      20.000      24.300      29.300
      30.600      28.800      27.200      22.200      15.600      10.600
      31.000      25.000      21.000      17.000      15.000      12.000
      21.000      28.000      23.000      20.000      25.000      31.000
      46.000      39.000      34.000      25.000      22.000      17.000
      32.000      40.000      33.000      32.000      37.000      47.000
      68.000      61.000      56.000      39.000      32.000      26.000
      48.000      57.000      49.000      49.000      56.000      69.000
       2.000       2.000       2.400       2.400       2.400       2.400
       2.000       2.000       2.000       2.000       2.000       2.000
       2.400       3.100       3.500       4.000       4.000       3.500
       3.100       2.700       3.100       2.700       2.700       2.400
       4.000       4.400       5.200       5.200       5.200       4.800
       4.000       4.000       4.400       4.000       4.000       3.500
     350.000     200.000     210.000     210.000     210.000     210.000
     210.000     210.000     200.000     190.000     200.000     350.000
     1
       5.716       8.240      10.577      15.251      19.846      25.693
      27.103      25.562      23.177      17.713      10.926       6.093
      49.697      44.223      40.433      30.829      25.773      20.901
      36.036      43.487      37.991      36.926      41.996      49.999
     2
    65    35    34    28    25    22    29    28    28    48    50    54
    69    42    25    28    33    24    31    37    39    49    64    71
    46    31    26    24    24    12    24    41    35    42    42    50
    36    15    17    17    15    11    19    24    21    35    35    37
    24    26    13    10    13    13    31    28    37    32    32    40
    18    18    15     8    12    10    18    20    21    19    22    29
    25    16    18    13    15    15    23    20    28    30    16    30
    13     3     5     8     4     8     6    11    14    10     8    15
    18    13    21     8    12    11    18    22    15    19    12    18
    12     7     9     7     8     7    15    16     7     6    15    11
     8    20     9    19    12    14    32    22    33    17    18    25
     8     7    16    24    10    13    27    36    19    25    15    15
    13     5    14    14    20    15    23    35    18    23    19    14
    12    21    12    11    33    30    25    45    28    19    18    16
    11     9    11    13    13    20    31    35    26    22    11    10
    20    14    17    22    28    37    34    53    36    31    16    20
    16    17    17    17    34    26    48    63    42    41    33    23
    42    44    46    44    40    56    70   119    61    78    40    61
    35    29    41    31    46    32    67    61    54    72    38    47
    52    38    46    38    46    41    78    79    76    75    59    60
    31    38    35    21    30    39    45    60    62    61    32    42
    28    11    19    16    15    23    34    38    21    31    18    33
    29    20    17    26    18    32    37    56    35    24    28    35
    17    15    15    19    10    15    31    52    24    22    17    29
    23    15    24    15     5     7    29    36    21    21    18    29
    16     7     6    10    14     8    12    26     9    10    12    14
    31    18    21    16    22    13    16    33    26    26    32    36
    11    14    12     9     8     7    14    15     5     8    19    26
    35    22    18    17    21    19    25    16    28    26    23    43
    29    15    20    23    14    14    18    26    17    21    27    40
    24    22    21     9    15     8    11    17    14    24    21    26
    50    29    19    22    12    17    21    40    25    33    43    63
    33    19    20    18    15    19    25    25    20    30    31    41
    77    45    31    30    17    17    29    39    37    54    58   107
    44    33    25    24    19    23    22    30    21    47    46    83
    86    65    53    40    30    39    29    60    61    84    76    98
     3
    66    66    46    41    33    30    51    35    39    86    73    95
    72    74    56    71    50    50    50    66    52   106   100   103
    53    64    46    39    28    38    44    46    47    48    63    73
    38    32    36    28    24    29    32    35    30    36    43    44
    39    27    29    32    31    35    54    53    53    55    45    40
    24    27    24    26    21    31    31    35    32    45    33    23
    18    38    25    25    24    25    39    43    41    46    27    17
    10    19    17    16    16    15    14    18    11    20    20    16
    21    24    27    34    36    23    37    41    38    44    24    16
    26    23    12    26    33    28    30    41    39    36    16    23
    27    40    29    27    34    50    86    75    49    61    58    31
    46    33    46    41    50    38    55    59    57    55    52    42
    37    32    30    28    53    39    52    66    47    52    32    39
    38    47    49    33    54    57    57    80    55    69    40    32
    16    31    26    29    34    39    60    72    42    46    36    25
    30    35    48    40    67    61    86    89    74    86    64    31
    30    41    41    42    62    68    74    78    55    70    43    42
   116   124   153   107   166   147   193   220   152   152   119   123
    97   106   128    88   133   126   146   154   110   134   106   102
   111    99   105   124   184   177   193   216   169   174   121   127
    78    90    81    76   138   126   169   183    98    98    78    80
    56    39    36    52   101   135   126   121    77    47    64    45
    59    46    56    70   113   130   148   141   101    85    68    48
    36    28    33    39    78    79   111    93    49    42    29    39
    42    37    45    40    62    72    99    78    56    53    34    44
    20    12    23    23    30    43    53    41    24    20    21    28
    48    37    46    34    36    30    76    64    46    36    35    51
    35    22    18    27    18    20    27    36    28    25    15    33
    57    49    41    33    34    30    49    46    34    42    54    71
    63    54    41    43    40    32    55    47    33    42    53    67
    57    42    38    31    31    28    22    33    26    40    49    68
   135    84    70    43    28    46    44    58    47    50    78   124
   110    71    56    34    30    31    59    51    42    62    78   101
   198   145    78    71    60    40    60    78    76   112   135   207
   150   114    55    42    50    42    70    61    33    70    98   142
   211   130   108    87    64    55    67    80    94   139   144   166
     4
    10    12    12    16    10     9    10    11    14    15    21    20
     9    21    14     8    19     9    11    15     7    24     7    11
    12    19    16    17     9     9    11    14     8    13     8     6
    13    11    11    14     6    10    10     7     3     8     4     1
    12     5     5    10    15     5     9     8     5     7     6     2
     4     1     5     9     3     7     8     7    11     8     6     4
     6     5    11    14     8     8    13     6    10    18     7     2
     6     6     6     6     8    14     9    11     2    11     8     3
    10    13     8    15    19    10    22    22    25    27    18    12
    10    19    10    12    11     9    22    14    14    14     9    13
    19    24    21    23    20    27    35    43    35    33    28    20
    28    39    23    23    32    33    24    37    34    42    50    33
    19    28    22    20    25    26    22    27    34    35    28    26
    16    22    30    29    30    31    33    40    41    41    29    21
    11    11    15    15    23    21    19    24    35    30    21    12
    12    11    18     8    37    22    21    31    31    26    17     9
    16    13    15    28    35    19    25    22    31    18    19    11
    33    28    58    40    77    69    59    71    61    56    32    41
    38    39    38    45    54    92    67    74    45    43    46    28
    52    46    54    66   110   106    92   113    74    68    62    38
    39    40    37    64    91   101   102    98    58    48    45    28
    22    20    32    45    75    95    90    66    71    34    30    29
    26    35    47    64   113   134   128   106    68    55    42    30
    27    24    35    42    80    74    83    73    45    27    32    26
    20    24    34    33    58    77    81    58    48    25    24    17
    11    14    15    21    31    25    30    24    20    18    15    10
    16    10    22    24    29    42    33    34    18    19    18     4
     8    12     8    15    16    11    23    14     9    15    10     5
    19    16    26    18    22    30    28    25    13    16    22    27
    23    16    23    23    22    18    17    20     9    12    21    16
    22    21    18    24    16     7    11    21     5     3     8    23
    55    33    30    39    11    14    23    22    13    15    33    37
    44    34    32    23    19    14    12    21     5    17    26    21
    67    58    42    38    23    15    26    30    17    24    51    59
    36    30    33    27    19    14    19    15    18    23    32    48
    33    33    27    40    28    16    17    17    15    33    29    39
     5
    18    14    14    19    10     3    10     9     8    10     9     7
    16    17    16    16    10     9     9     8    10    10    19     2
    10    12     7    10    14    14    11     9     8    11    11    11
     6    12     5    11    13     4     7     5     4     8     5     4
     4     7     2    12     5     5    10    13     7     2    12     6
     4     5     6     5     5     6     4     5     6     9     6     3
     3     3     9    13    14     6     5    18    16     7     4     3
     3     6     3    10     6     4    10     4     8    14     9     2
     9    14    21    26    23    12    19    19    25    21    15     9
    10    13    16    19    18    22    12    15    24    20    12    19
    27    14    35    37    44    45    52    45    68    62    40    34
    38    26    29    42    56    49    33    29    56    36    30    33
    25    36    39    23    40    36    29    38    38    50    35    40
    18    43    43    32    36    49    34    40    66    51    32    38
    15    17    23    29    26    29    25    14    37    11    22    18
    16    25    30    34    40    43    22    40    53    40    27    15
    14    18    31    29    28    36    23    28    40    21    16    19
    53    59   109   111   140   136   104    88   118    83    54    51
    43    40    72    85   123   152   113    76    85    74    65    42
    42    55    96   138   222   215   164   169   163   124   100    33
    71    69   136   166   191   219   169   141   163   102   100    60
    43    57    90   135   183   194   139   120   112    71    48    33
    52    79   153   170   230   262   224   147   131    88    94    59
    26    74   114   121   158   163   134   115    86    52    51    44
    38    36    85    86    98   131   140    74    60    47    41    23
    12    18    45    42    48    51    53    49    33    29    23    10
    14    16    61    72    53    60    91    41    37    24    20    13
     7    14    24    30    29    22    27    22    16     7     3     6
    21    27    41    41    36    23    37    21    14    19    19    15
    16    31    27    27    38    15    30    18    15    15    16    18
    20    28    35    20    22    11    20     8    11    12    20    16
    38    47    49    33    29    14    24    22    14    19    37    26
    43    47    40    30    34    11    18    11    10    16    34    27
    56    69    51    49    29    24    13    25    15    20    40    37
    34    37    38    36    13    14    18    11     7    29    25    35
    26    46    40    35    20     6    24    13    17    33    18    21
     6
     5     8     8     4     1     3     8     6     1     9     6     2
     2    18     6     5     5     3     4     1     0     2    12     4
     3     2     3     5     3     0     3     2     2     4     1     3
     1     1     3     3     3     2     7     2     3     2     0     3
     5     0     3     2     4     3     3     3     5     1     6     1
     2     1     0     2     5     1     1     2     4     2     3     5
     1     0     4     8     4     0     4     3     3     0     4     2
     1     0     4     1     0     0     3     4     2     0     2     2
     0     1     1     4     5     3     8     5     3    10     3     3
     5     4     4     3     2     6     6     3     3     4     1     1
     4     6    22    14    22    20    11    15    25    26    14    11
     4     6    19    11    12    14     6     4    11     6     9     2
     8     5     8    13    13    15     7     9    14     8     8     8
     6    17    18    18    23    26    13    15    25    17    16     9
     2     6     5    23    15    24     4    13    11    11     8     6
     5    15    21    19    33    22     8     8    21    21    10     3
     7     6    14    17    15    24     4     2    14    11    13     5
    26    38    81    79   129    81    29    39    55    43    31    19
    17    22    52    69    87    59    35    32    53    20    34    13
    46    67   101    94   179   180    86    75    99    86    47    24
    24    32    88   117   106   128    85    44    87    50    44    24
    17    23    63    81   103   103    50    48    57    28    24    19
    28    44    80   145   159   162   104    56    59    39    36    36
    17    36    76    81    89    76    64    34    31    15    31    18
    13    26    54    70    53    77    60    24    38    17    17    14
     3     9    19    27    34    24    18     7    13     9     8     6
     7    10    20    35    37    28    30    12     4     5     3     4
     2     0    12    19    17    11     9     4     2     3     2     4
     5     7    16    25    29    11     7    10     4     1    16     1
     5     8    17    16     6    11     8     9     2     4     1     8
     7     9    18    13    13     4     4     1     2     1     6    11
    10    25    22    15    12     3     8     3     4     4    17     7
    17    29    23    13     4     0     3     2     1     8    11    11
    31    40    35    17     5     6     4     9     3    11    21    19
    15    29    25    15     7     1     5     3     6     9    17    13
     7    15    14    12     9     5     8     4     3     3     2     9
     7
     2     2     1     3     2     0     1     1     1     1     0     2
     5     1     3     0     0     0     0     1     0     0     2     0
     1     0     1     1     0     1     0     0     3     0     1     1
     1     3     1     0     0     0     1     0     1     0     1     2
     1     1     0     1     1     0     1     3     1     0     2     1
     1     0     1     0     0     1     0     0     1     1     1     0
     0     0     1     1     0     1     2     0     0     0     1     2
     0     0     0     0     1     0     0     0     1     0     0     0
     0     1     1     1     2     0     0     2     1     1     0     0
     0     1     0     1     3     0     0     0     0     0     0     0
     0     0     4     0     3     3     1     4     3     3     5     2
     2     1     4     3     1     2     1     0     1     2     1     2
     0     1     2     3     2     1     0     1     1     0     0     1
     2     6     5     6     8     3     2     0     1     2     3     2
     2     0     0     3     1     2     0     0     2     1     0     0
     1     1     3     4     6     2     1     2     7     3     2     0
     1     5     2     3     5     2     0     2     4     1     1     0
    11    14    26    24    27    16     3     9    11     6     4     1
     4     3    15    13    28    13     9     5     7     7     4     3
     7    17    34    41    52    57    12     7    15    20     6     7
     7    10    18    34    39    28    15    14    10     9     9     4
     3     5    13    22    27    32    11     8     5     8     6     0
     8    15    25    38    58    42    16     5     9    13     4     6
     2     3    14    22    31    21    10     6     2     6     7     7
     2    10    12    17    13    19    15     3     6     3     3     1
     2     0     6     8    10     7     2     1     2     1     1     0
     0     4     5    11     5     5     4     1     1     2     2     1
     0     1     3     3     2     1     1     0     1     0     0     0
     1     2     3     4     4     1     5     2     0     1     1     1
     0     2     4     3     2     0     2     0     0     1     1     0
     2     2     4     2     0     0     1     0     0     0     2     2
     1     7     4     7     3     0     2     0     0     1     0     4
     4     2    12     6     0     0     1     1     1     1     2     3
    10     9    10     9     0     0     1     1     0     1     8     4
     6     7     9     1     1     0     0     1     0     1     5     1
     6     9     5     4     0     0     1     1     0     1     4     4
     8
     1     3     4     0     2     1     2     0     0     1     1     2
     2     1     4     0     0     0     1     1     0     2     4     4
     2     0     0     1     0     2     0     0     0     0     0     1
     1     0     2     1     0     1     0     1     0     1     0     2
     4     1     2     1     0     0     2     1     0     0     2     1
     0     0     0     0     0     2     2     0     0     0     1     0
     1     1     0     0     2     2     0     3     0     0     2     1
     0     0     0     1     0     1     1     0     0     1     0     0
     1     0     3     1     0     0     0     2     0     1     0     0
     0     1     0     0     2     0     1     3     0     0     0     0
     0     0     0     1     1     1     1     1     2     1     0     0
     0     4     0     2     2     1     1     0     0     0     0     0
     1     0     1     1     5     1     0     0     0     0     0     3
     0     3     4     2    11     4     1     1     0     1     1     1
     1     1     1     3     3     5     1     0     1     0     0     2
     0     3     4     7     8     9     1     1     3     3     1     0
     0     3     5     9     4     2     1     2     0     1     0     1
     6     9    49    26    45    10     4     5     9    15    11     6
     6     9    19    23    32    19     5     4    14     9     5     4
    10    20    43    72   101    58    15    11    21    27     9    10
     8    11    20    41    44    34    10     3    18    20     5     5
     8     7    33    38    39    27    11     5     5     4     8     3
    11    15    40    48    44    30    12    10     6    10     2    12
     2     6    34    24    23    18     3     5     5     5     5     8
     0     5    22    17    23    10    13     2     6     1     2     3
     0     4     9     9     2     1     0     0     0     3     0     0
     0     1     4     7     4     1     4     0     3     0     0     0
     0     2     3     4     1     1     2     3     0     0     1     0
     0     4     6     4     3     0     4     0     1     0     1     1
     1     2     4     5     2     2     1     1     0     0     2     0
     1     5     2     1     1     0     1     0     0     1     1     0
     6    18    12     6     1     0     1     1     0     1     2     4
     4    10     4     8     1     0     2     0     0     1     3     4
     4    22    14     8     0     1     1     1     2     1     8     3
     8     7    16     4     0     2     5     3     0     0     5     5
     2    10     4     2     1     0     1     1     2     0     3     2
     9
     0     0     1     1     0     0     0     0     0     0     0     0
     0     0     0     0     0     0     0     0     0     0     1     0
     0     0     0     0     0     0     1     0     0     0     0     0
     1     0     0     0     0     0     0     0     0     0     0     0
     0     0     0     0     0     0     0     0     0     0     0     0
     0     0     0     0     0     1     0     1     0     0     1     0
     0     0     0     0     0     0     0     0     0     0     1     0
     0     0     0     0     0     0     0     0     0     0     0     0
     0     0     0     0     0     0     0     0     0     0     0     0
     0     0     0     0     0     0     0     0     0     0     0     0
     0     0     0     0     0     1     0     0     0     0     0     0
     0     0     0     0     0     0     0     0     0     0     0     0
     0     0     0     0     0     0     0     0     0     0     0     0
     0     0     0     0     1     0     1     0     0     0     0     0
     0     0     1     0     1     1     1     0     0     0     0     0
     0     4     0     1     0     2     0     0     0     0     0     0
     0     0     1     0     2     1     0     0     0     0     0     0
     1     1     2     2     7     2     0     0     0     0     0     0
     1     0     2     4     4     4     0     0     0     2     0     0
     1     1     8     8     9     3     1     0     0     3     0     4
     0     4     6     7     6     3     0     0     2     2     1     2
     0     1     5     7     6     5     1     0     1     2     3     0
     0     2     4     9     6     6     0     0     2     0     2     2
     0     2     4     7     0     1     0     1     0     0     0     0
     1     0     2     4     2     2     1     0     0     0     0     0
     0     0     2     0     1     1     1     0     0     0     0     0
     0     0     0     1     0     0     0     0     0     0     0     1
     0     0     0     0     0     0     0     0     0     0     0     0
     0     0     1     1     1     0     1     0     0     0     0     1
     0     0     1     1     0     1     0     0     0     1     0     0
     0     1     0     0     0     0     0     0     0     0     0     0
     3     2     0     1     0     0     1     0     0     0     0     0
     0     3     2     0     0     0     0     1     0     0     0     0
     0     2     3     1     0     0     0     0     0     0     0     1
     1     2     3     1     0     0     0     0     0     0     0     0
     0     4     3     0     1     0     0     0     0     0     0     0
    10
     0     0     0     0     0     0     0     0     0     0     0     0
     0     0     0     0     0     0     0     0     0     0     0     0
     1     0     0     0     0     0     0     0     0     0     0     0
     0     0     0     0     0     0     1     0     0     0     0     0
     0     0     0     0     0     0     1     0     0     0     1     0
     0     0     0     0     0     0     0     0     0     0     0     0
     0     0     0     0     0     0     0     0     0     0     0     0
     0     0     0     0     0     0     0     0     0     0     0     0
     0     0     0     0     0     1     0     0     0     0     0     0
     0     0     0     0     0     0     0     0     0     1     0     0
     0     0     0     0     0     0     0     0     0     0     0     0
     0     0     0     0     0     0     0     0     0     0     0     0
     0     0     0     0     0     0     0     0     0     0     0     0
     0     0     0     0     0     2     0     0     0     0     0     0
     0     0     0     0     1     0     0     0     0     0     0     0
     0     0     0     0     0     2     0     0     0     0     0     0
     0     0     0     0     0     0     0     0     0     0     0     0
     3     2     2     1     3     2     0     0     0     0     0     0
     0     0     1     6     3     2     0     0     0     0     3     0
     1     6     4    10    17     5     5     1     1     2     1     2
     3     2     8    10     7     2     0     0     0     0     0     2
     2     1     2    10     4     0     0     0     1     0     0     0
     1     1     7    11     5     4     4     1     1     0     2     1
     0     1     2     1     1     0     0     1     0     0     1     2
     0     0     3     3     1     1     1     0     0     0     1     0
     0     0     0     0     0     0     0     0     0     0     0     0
     0     0     1     0     0     0     0     0     0     0     0     0
     0     1     1     1     0     0     0     0     0     0     0     0
     0     0     1     0     0     0     0     0     0     0     0     0
     0     1     0     1     0     0     0     0     0     0     0     0
     0     0     0     1     0     0     0     0     0     0     0     0
     6     2     0     0     0     0     0     0     0     0     0     0
     0     0     0     1     1     0     0     0     0     0     1     0
     1     0     0     0     0     0     0     0     0     0     0     0
     0     2     1     0     0     0     0     0     0     0     0     0
     0     0     0     0     0     0     0     0     0     0     1     0
    11
     0     0     0     0     0     0     0     0     0     0     0     0
     1     0     0     0     0     0     0     0     0     0     0     0
     0     0     0     0     0     0     0     0     0     0     0     0
     0     0     0     0     0     0     0     0     0     0     0     0
     0     0     0     0     0     0     0     0     0     0     0     0
     0     0     0     0     0     0     0     0     0     0     0     0
     0     0     0     0     0     0     0     0     0     0     1     0
     0     0     0     0     0     0     0     0     0     0     0     0
     0     0     0     0     0     0     1     2     0     0     0     0
     0     0     0     0     0     0     0     0     0     0     0     0
     0     0     0     0     0     0     0     0     0     0     0     0
     0     0     0     0     0     0     0     0     0     0     0     0
     0     0     0     0     0     1     0     0     0     0     0     0
     0     0     0     0     0     0     0     0     0     0     0     0
     0     0     0     0     1     0     0     0     0     0     0     0
     0     0     0     1     1     1     0     0     0     0     0     0
     0     0     0     0     0     0     0     0     0     0     0     0
     1     0     2     1     2     0     0     0     0     0     2     0
     0     0     2     3     4     0     0     0     0     1     0     0
     4     1     2    24    17     9     0     0     1     1     0     3
     1     1     4     6     1     3     0     0     1     1     1     0
     0     0     3     5     1     3     1     0     0     0     0     1
     0     0    10    10     4     3     0     0     1     0     1     0
     0     0     2     1     0     0     0     0     0     0     0     1
     0     2     2     4     0     0     0     0     0     0     1     0
     0     1     0     2     0     0     0     0     0     0     0     0
     0     0     0     3     0     0     0     0     0     0     0     0
     0     0     0     0     0     0     0     0     0     0     0     0
     0     0     1     0     0     0     0     0     0     0     0     0
     0     1     0     0     0     0     0     0     1     0     0     0
     1     0     0     0     0     0     0     0     0     0     0     0
     0     1     1     0     0     0     1     0     0     0     0     0
     0     1     0     0     0     0     0     0     0     1     0     0
     0     2     0     1     0     0     0     0     0     0     0     0
     0     1     0     0     0     0     0     1     0     0     0     0
     0     0     0     0     0     0     1     2     0     0     0     0
    12
     0     0     0     0     0     0     0     0     0     0     0     0
     0     0     0     0     1     0     0     0     0     0     0     0
     0     0     0     0     0     1     1     0     0     0     0     0
     0     0     0     0     0     0     0     0     0     0     0     0
     0     0     0     0     0     0     0     0     0     0     0     0
     0     0     0     0     0     0     0     0     0     0     0     0
     0     0     0     0     0     0     0     0     0     0     0     0
     0     0     0     0     0     0     0     0     0     0     0     0
     0     0     0     0     0     0     0     0     0     0     0     0
     0     0     0     0     0     0     0     0     0     0     0     0
     0     0     0     0     0     0     0     0     0     0     0     0
     0     0     0     0     0     0     0     0     0     0     0     0
     0     0     0     0     0     0     0     0     0     0     0     0
     0     0     0     0     0     0     0     0     0     0     1     0
     0     0     0     0     0     0     0     0     0     0     0     0
     0     0     0     0     0     0     0     0     0     0     0     0
     0     0     0     0     0     0     0     0     0     0     0     0
     0     0     1     1     0     0     0     0     0     0     0     0
     0     0     0     1     0     0     0     0     0     0     0     0
     1     0     2     6     4     2     0     0     0     0     0     3
     1     0     0     1     2     1     0     0     0     0     1     0
     0     0     0     1     0     0     0     0     0     0     1     1
     0     0     3     0     0     0     0     0     0     0     0     2
     0     0     1     1     0     0     0     0     0     0     0     0
     0     0     0     0     0     0     0     0     0     0     0     0
     0     0     0     0     0     0     0     0     0     0     0     0
     0     0     0     0     0     0     0     0     0     0     0     0
     0     0     0     0     0     0     0     0     0     0     0     0
     0     0     0     0     0     0     0     0     0     0     0     0
     0     0     0     0     0     0     0     1     0     0     0     0
     0     0     1     0     0     0     0     0     0     0     0     0
     0     0     1     0     0     0     0     0     0     0     0     0
     0     0     1     0     0     0     0     0     0     0     0     0
     0     1     0     0     0     0     0     0     0     0     0     0
     0     0     0     1     0     0     0     0     0     0     0     0
     0     1     0     0     0     0     0     0     0     0     0     0
    13
     0     0     0     0     0     0     0     0     0     0     0     0
     0     0     0     0     0     0     0     0     0     0     0     0
     0     0     0     0     0     0     0     0     0     0     0     0
     0     0     0     0     0     0     0     0     0     0     0     0
     0     0     0     0     0     0     0     0     0     0     0     0
     0     0     0     0     0     0     0     0     0     0     0     0
     0     0     0     0     0     0     0     0     0     0     0     0
     0     0     0     0     0     0     0     0     0     0     0     0
     0     0     0     0     0     0     0     0     0     0     0     0
     0     0     0     0     0     0     0     0     0     0     0     0
     0     0     0     0     0     0     0     0     0     0     0     0
     0     0     0     0     0     0     0     0     0     0     0     0
     0     0     0     0     0     0     0     0     0     0     0     0
     0     0     0     0     0     0     0     0     0     0     0     0
     0     0     0     0     0     0     0     0     0     0     0     0
     0     0     0     0     0     0     0     0     0     0     0     0
     0     0     0     0     0     0     0     0     0     0     0     0
     0     0     0     0     0     0     0     0     0     0     0     0
     0     0     0     0     0     0     0     0     0     0     0     0
     0     0     0     0     0     0     0     0     0     0     0     1
     0     0     0     0     1     0     0     0     0     0     0     0
     0     0     0     0     0     0     0     0     0     0     0     0
     0     0     0     0     0     0     0     0     0     0     0     0
     0     0     0     0     0     0     0     0     0     0     0     0
     0     0     0     0     0     0     0     0     0     0     0     0
     0     0     0     0     0     0     0     0     0     0     0     0
     0     0     0     0     0     0     0     0     0     0     0     0
     0     0     0     0     0     0     0     0     0     0     0     0
     0     0     0     0     0     0     0     0     0     0     0     0
     0     0     0     0     0     0     0     0     0     0     0     0
     0     0     0     0     0     0     0     0     0     0     0     0
     0     0     0     0     0     0     0     0     0     0     0     0
     0     0     0     0     0     0     0     0     0     0     0     0
     0     0     0     0     0     0     0     0     0     0     0     0
     0     0     0     0     0     0     0     0     0     0     0     0
     0     0     0     0     0     0     0     0     0     0     0     0
    14
     0     0     0     0     0     0     0     0     0     0     0     0
     0     0     0     0     0     0     0     0     1     0     0     0
     0     0     0     0     0     0     0     0     0     0     0     0
     0     0     0     0     0     0     0     0     0     0     0     0
     0     0     0     0     0     0     0     0     0     0     0     0
     0     0     0     0     0     0     0     1     0     0     0     0
     0     0     0     0     0     0     0     0     0     0     0     0
     0     0     0     0     0     0     0     0     0     0     0     0
     0     0     0     0     0     0     0     0     0     0     0     0
     0     0     0     0     0     0     0     0     0     0     0     0
     0     0     0     0     0     0     0     0     0     0     0     0
     0     0     0     0     0     0     0     0     0     0     0     0
     0     0     0     0     0     0     0     0     0     0     0     0
     0     0     0     0     0     0     0     0     0     0     0     0
     0     0     0     0     0     0     0     0     0     0     0     0
     0     0     0     0     0     0     0     0     0     0     0     0
     0     0     0     0     0     0     0     0     0     0     0     0
     0     0     0     0     1     0     0     0     0     0     0     0
     0     0     0     0     0     0     0     0     0     0     0     0
     0     0     1     0     0     0     0     0     0     0     0     0
     0     0     0     0     0     1     0     0     0     0     2     0
     0     0     0     0     0     0     0     0     0     0     1     0
     0     0     0     0     0     0     0     0     0     0     0     0
     0     0     0     0     0     0     0     0     0     0     0     0
     0     0     0     0     0     0     0     0     0     0     0     0
     0     0     0     0     0     0     0     0     0     0     0     0
     0     0     0     0     0     0     0     0     0     0     0     0
     0     0     0     0     0     0     0     0     0     0     0     0
     0     0     0     0     0     0     0     0     0     0     0     0
     0     0     0     0     0     0     0     0     0     0     0     0
     0     0     0     0     0     0     0     0     0     0     0     0
     0     0     0     0     0     0     0     0     0     0     0     0
     0     0     0     0     0     0     0     0     0     0     0     0
     0     0     0     0     0     0     0     0     0     0     0     0
     0     0     0     0     0     0     0     0     0     0     0     0
     0     0     0     0     0     0     0     0     0     0     0     0
    15
     0     0     0     0     0     0     0     0     0     0     0     0
     0     0     0     0     0     0     0     0     0     0     0     0
     0     0     0     0     0     0     0     0     0     0     0     0
     0     0     0     0     0     0     1     0     0     0     0     0
     0     0     0     0     0     0     0     0     0     0     0     0
     0     0     0     0     0     0     0     0     0     0     0     0
     0     0     0     0     0     0     0     0     0     0     0     0
     0     0     0     0     0     0     0     0     0     0     0     0
     0     0     0     0     0     0     0     0     0     0     0     0
     0     0     0     0     0     0     0     0     0     0     0     0
     0     0     0     0     0     0     0     0     0     0     0     0
     0     0     0     0     0     0     0     0     0     0     0     0
     0     0     0     0     0     0     0     0     0     0     0     0
     0     0     0     0     0     0     0     0     0     0     0     0
     0     0     0     0     0     0     0     0     0     0     0     0
     0     0     0     0     0     0     0     0     0     0     0     0
     0     0     0     0     0     0     0     0     0     0     0     0
     0     0     0     0     0     0     0     0     0     0     0     0
     0     0     0     0     0     0     0     0     0     0     0     0
     0     0     0     0     0     0     0     0     0     0     0     0
     0     0     0     0     0     0     0     0     0     0     0     0
     0     0     0     0     0     0     0     0     0     0     0     0
     0     0     0     0     0     0     0     0     0     0     0     0
     0     0     0     0     0     0     0     0     0     0     0     0
     0     0     0     0     0     0     0     0     0     0     0     0
     0     0     0     0     0     0     0     0     0     0     0     0
     0     0     0     0     0     0     0     0     0     0     0     0
     0     0     0     0     0     0     0     0     0     0     0     0
     0     0     0     0     0     0     0     0     0     0     0     0
     0     0     0     0     0     0     0     0     0     0     0     0
     0     0     0     0     0     0     0     0     0     0     0     0
     0     0     0     0     0     0     0     0     0     0     0     0
     0     0     0     0     0     0     0     0     0     0     0     0
     0     0     0     0     0     0     0     0     0     0     0     0
     0     0     0     0     0     0     0     0     0     0     0     0
     0     0     0     0     0     0     0     0     0     0     0     0
    16
     0     0     0     0     0     0     0     0     0     0     0     0
     0     0     0     0     0     0     0     0     0     0     0     0
     0     0     0     0     0     0     0     0     0     0     0     0
     0     0     0     0     0     0     0     0     0     0     0     0
     0     0     0     0     0     0     0     0     0     0     0     0
     0     0     0     0     0     0     0     0     0     0     0     0
     0     0     0     0     0     0     0     0     0     0     0     0
     0     0     0     0     0     0     0     0     0     0     0     0
     0     0     0     0     0     0     0     0     0     0     0     0
     0     0     0     0     0     0     0     0     0     0     0     0
     0     0     0     0     0     0     0     0     0     0     0     0
     0     0     0     0     0     0     0     0     0     0     0     0
     0     0     0     0     0     0     0     0     0     0     0     0
     0     0     0     0     0     0     0     0     0     0     0     0
     0     0     0     0     0     0     0     0     0     0     0     0
     0     0     0     0     0     0     0     0     0     0     0     0
     0     0     0     0     0     0     0     0     0     0     0     0
     0     0     0     0     0     0     0     0     0     0     0     0
     0     0     0     0     0     1     0     0     0     0     0     0
     0     0     0     0     0     0     0     0     0     0     0     0
     0     0     0     0     0     0     0     0     0     0     0     0
     0     0     0     0     0     0     0     0     0     0     0     0
     0     0     0     0     0     0     0     0     0     0     0     0
     0     0     0     0     0     0     0     0     0     0     0     0
     0     0     0     0     0     0     0     0     0     0     0     0
     0     0     0     0     0     0     0     0     0     0     0     0
     0     0     0     0     0     0     0     0     0     0     0     0
     0     0     0     0     0     0     0     0     0     0     0     0
     0     0     0     0     0     0     0     0     0     0     0     0
     0     0     0     0     0     0     0     0     0     0     0     0
     0     0     0     0     0     0     0     0     0     0     0     0
     0     0     0     0     0     0     0     0     0     0     0     0
     0     0     0     0     0     0     0     0     0     0     0     0
     0     0     0     0     0     0     0     0     0     0     0     0
     0     0     0     0     0     0     0     0     0     0     0     0
     0     0     0     0     0     0     0     0     0     0     0     0
