14
Reno, NV 23185
     0
       -.700       2.200       4.400       7.800      12.100      17.700
      23.200      22.700      16.700      10.600       3.200        .000
       3.200       6.600       8.800      12.800      17.200      23.200
      27.700      27.200      22.200      16.100       7.800       3.900
       7.100      11.100      13.300      17.700      22.200      27.200
      31.100      30.600      27.200      21.100      12.100       8.300
      43.000      34.000      28.000      22.000      21.000      18.000
      16.000      16.000      17.000      22.000      36.000      44.000
      56.000      47.000      39.000      32.000      30.000      25.000
      21.000      22.000      25.000      33.000      50.000      56.000
      72.000      64.000      54.000      47.000      45.000      39.000
      32.000      33.000      39.000      47.000      66.000      72.000
       1.600       1.600       2.000       2.000       2.000       2.000
       1.600       1.600       1.600       1.600       1.600       1.600
       2.000       2.400       3.100       3.100       3.100       3.100
       2.700       2.700       2.400       2.000       2.000       2.000
       3.500       4.000       5.200       5.200       5.200       5.200
       5.200       4.800       4.000       4.000       4.000       4.000
     170.000     170.000     320.000     300.000     300.000     280.000
     280.000     280.000      60.000      60.000     150.000     170.000
     1
       3.283       6.433       8.897      12.752      17.019      22.369
      26.469      25.983      21.388      15.706       7.832       3.884
      57.291      49.604      42.714      36.470      34.933      30.734
      26.400      27.099      31.394      37.413      51.704      58.239
     2
    40    28    37    22    36    30    31    20    30    29    27    26
    66    47    54    62    56    78    82    95    76    78    58    44
    43    34    33    32    34    30    46    41    39    34    33    26
    41    35    26    35    45    38    43    56    42    54    46    42
    94    67    57    74    80    93   104   100    81   107    98    81
    63    59    33    48    56    57    72    64    66    75    64    53
   103    89    59    58    86    76   107    82    91    91    82    73
    51    41    28    33    49    43    53    64    51    42    49    49
    58    64    72    59    78    94   110   109   112   102    74    68
    28    37    38    39    44    48    58    57    38    66    62    41
    69    78    56    59    65    98   115    85    71    90    78    82
    81    70    80    63    66    79   108    81    97    89    83    89
    67    63    54    56    65    66    65    76    70    83    64    64
   102    79    48    68    71    94   125   112    97   114   100   105
    66    52    47    46    56    61    74    99    80    64    70    78
    94    82    69    62    70    92   113    75    97    96    81    89
    47    53    46    51    49    58    82    69    62    76    58    73
   104    95    83    82   105   102   127   104   113   111    93   118
    74    37    34    31    48    55    60    53    55    49    54    57
    64    51    51    49    56    57    66    45    55    45    63    74
    32    43    26    33    29    36    48    41    28    36    40    29
    35    43    24    31    30    40    58    37    34    41    26    29
    78    51    44    51    54    61    67    54    55    66    73    64
    44    35    41    33    29    48    61    41    40    37    33    26
    47    35    40    33    48    41    51    38    39    46    35    38
    13    20    18    19    26    44    24    26    22    22    21    11
    32    32    34    32    40    45    34    53    35    50    31    23
    10    20    16    20    26    22    36    16    16    20    16    15
    29    39    38    31    31    34    42    33    27    36    35    38
    15    19    25    31    31    36    36    31    24    36    27    24
    15    22    34    26    26    32    29    32    31    26    23    14
    35    36    47    41    29    38    32    47    47    51    40    38
    17    24    13    26     8    12    14    17    22    17    27    29
    27    41    30    35    46    37    44    38    27    39    35    29
    16    29    20    15    13    14    21    18    21    27    16    14
    51    61    62    66    73    83    54    78    71    80    64    68
     3
    25    32    41    49    62    47    45    46    50    28    36    23
    45    51    68    78    74    90    73    89   101    64    47    49
    36    32    50    60    74    58    43    60    59    40    32    35
    47    47    54    71    66    65    51    84    69    49    35    43
    66    59    91   102   118   102   109   115   137    98    64    74
    55    52    55    67    86    84    55    85    82    79    55    37
    66    59    74    61    79    91    90    96   115    98    55    54
    33    47    38    42    62    76    50    69    78    85    46    33
    47    51    54    77    87    98    92    88   106   113    63    51
    25    38    37    44    50    64    51    46    62    60    28    21
    28    37    59    56    79    68    68    71    69    50    42    45
    28    28    47    49    73    58    57    56    56    52    41    24
    30    37    42    50    53    61    57    41    48    23    38    27
    26    42    52    47    52    63    68    48    56    49    43    19
    30    26    37    23    36    38    41    25    37    29    28    25
    41    36    44    51    54    54    61    54    41    30    48    33
    42    28    32    36    34    36    56    47    30    17    26    28
    71    53    69    63    76    67    82    73    65    41    44    51
    47    33    38    34    32    39    42    40    28    21    23    26
    40    30    36    46    37    44    47    35    40    26    36    31
    24    32    27    26    30    28    30    44    18     9    27    13
    19    20    39    25    30    42    40    45    17    25    30    24
    21    36    42    46    39    51    44    46    44    29    41    31
    18    12    28    37    36    39    42    42    34    25    26    21
    20    16    31    33    35    45    49    44    35    19    26     9
     9    15    24    26    28    38    24    37    25    15    10     8
    18    22    50    43    44    41    67    48    46    31    23    19
    13    19    20    32    28    30    39    29    25    13    14     8
    12    21    47    49    53    46    77    62    50    33    23    18
    14    27    34    32    32    33    56    47    29    24    16    14
    17    18    28    38    33    29    38    44    22    31    17    14
    16    33    56    48    64    62    60    53    34    26    31    26
    10    13    38    33    35    35    32    22    31    25    17    14
    26    27    46    46    56    47    41    54    48    29    31    15
    13    11    33    30    21    18    20    21    22    22    14    15
    43    51    83    82   108    95    81    80    90    74    46    46
     4
    13    15    31    33    28    14    15    16    22    16    20    15
    15    16    36    45    41    45    19    24    30    26    15    17
    17    12    30    25    38    31    11    15    22    19     9    10
    21    14    25    26    45    22    13    14    33    24    28    17
    16    20    20    39    31    25    14    21    41    22    20    18
    10    16    22    31    25    25    13    18    37    16    14     5
     8    14    17    38    27    25    10    26    37    35    14    12
     8    13    17    25    23    27     8    15    29    35    17     9
    21    29    26    34    35    25    19    15    49    58    19    21
     6     9    12    20    15    16     8    10    27    32    19     9
    11    17    13    20    24    16    18    10    22    29    13    13
     5    10    10    15    20    18    17    10    21    12     7     6
     4     8     6    14    12    12    11     8     7     4     1     4
     5     8    18    10    11    10    11     7    10     8     6     8
     3     8     9     8    13    10    13     5     6     3     7     2
    13     4    12    16     7    12    10     8    10     6     7     7
     3     4    12     7     9    11    13     7    10     4     8     5
    10    12    20    29    31    24    18    19    19    17    14     7
     7     9    13    12    11     9     6    21     8     7    10     5
    13    10    16    16    16    20    15    13    12    15    10     8
     6     1     5    13    19    11    16     8    10     9     8     5
     5     4    11    13    16    13    12    15    10     7     3     5
     9    17    14    16    15    18    17    22    14     7     7     2
     6     4    17    17    21    23    17    17     9     6     6     2
     3    11    11    16    14    25    21    22    14     8     6     1
     3     5    15    15    13    13    12    21     6     6     5     5
     4    14    26    25    31    38    30    40    17    12    10    10
     4    12    18    14    21    20    29    25    25    15     8     6
    12    15    51    55    49    68    61    63    32    25    12     7
    11    20    33    38    39    29    38    30    25    16    24    12
    10     9    21    29    28    24    31    20    10     9    10     7
    10    21    35    37    38    31    36    27    17    13    23     6
    12    10    15    27    24    17    23    17    17     6    14     7
     8    13    43    35    39    35    17    22    13    21    14    10
     9     9    23    19    13    14    12    10    10     7    12     4
    25    36    42    37    41    40    28    27    23    23    15    20
     5
    10    23    25    32    41    17    13    15    17    19    17    15
    20    26    47    36    47    37    18    19    30    28    25    11
     9    14    24    28    36    31    16    21     9    25    13    18
    12    15    24    40    31    24    15     7    17    19     9    13
    14     9    29    32    20    24    12    12    21    23     8    12
     3     8    14    23    20    16     2     7    21    16     3     8
     6    15    21    24    18    16     5     5    17    30     6     4
     4    24    13    22    13     7     3     2    17    22    13     4
    22    33    33    23    23    12    10     8    34    38    25    14
     4     9    13    13     9     5     5     3    23    20    10     2
     8    12    15    21     7    13     7     5     9    15    12     7
     8    15    15     5     9     9     5     6    12     8     2     1
     1     5     5     7     6     4     1     6     7     3     1     4
     2     8    10     9     8     9     5     6    11     6     5     4
     2     8     5     7     5     3     5    10     1     0     4     4
     9    21    17    17    22    11    14    12     7     9     9    10
    11     8    26    13     8     8    10     4     6     4     3     8
    12    32    28    38    39    32    36    30    19    23    27    20
    16    14    17    18    18    12    14    20     4    11    15    10
     9    29    29    32    34    22    17    24    22    24    14    10
     8    10    18    20    18    17    22    16    11    11     7     7
     4    12    14    14    27    25    16    23    11     9     4     5
     8    13    26    32    34    33    38    45    28    20     9     6
     9     9    13    28    23    15    21    35    18    13    15     5
     8     5    23    27    38    39    26    32    20    10    14    10
     9    10    31    31    42    35    38    27    34    14     8    12
    19    15    63    70    88    94   116   120    59    45    32    18
    11    18    41    62    78    85   106    95    56    35    30    21
    26    42   116   119   147   144   234   185   104    63    56    22
    20    18    50    72    86    65   102    97    48    29    46    19
    13    13    35    52    52    52    58    39    31    20    31    22
    13    18    51    51    81    61    59    48    30    19    23    22
     8    17    30    30    44    31    23    15     5    14    15    17
    21    24    44    41    54    43    21    20    24    20    16    21
     7    14    32    24    31    24     6    11    14    12    13    13
    20    34    70    72    77    46    13    18    25    40    28    26
     6
    11    11    16    19    17    11     4     5     9     3     4     5
    14    16    20    21    16    11     5     3    11    13     8    13
     3     4    16    10    19     8     3     2     6     6     8     5
     4     4    11    15     8    10     1     0     5     7     3     8
     1     6     6    11     8     7     0     5     6     6     5     4
     0     1     2     7     2     5     1     2     0     3     2     2
     0     2     0     6     1     2     0     0     0     1     4     2
     1     3     4     4     3     1     0     3     2     1     2     0
     6     9     5     6     0     2     4     1     5     2     3     1
     0     2     1     8     1     1     1     0     2     4     3     1
     1     3     2     8     2     3     3     0     5     2     1     1
     0     1     3     4     1     2     0     3     3     2     0     3
     0     2     2     1     1     0     2     0     1     2     2     1
     3     5     5     1     2     3     2     1     2     3     0     2
     2     7     6     3     3     1     5     1     1     1     7     4
     5    21    18    10    14     5     3     5     4     9     7     8
     4    11    10     7    12    10     4     7     7     7    10     3
    15    33    41    34    41    26    20    19    11    22    32    14
    17    13    24    26    18    18    19    20    12     9    14    14
     9    27    30    31    43    32    27    35    18    19    11    15
     9    11    19    18    26    20    22    20    12    13     7     6
     9     7    22    35    21    30    14    28    18     9     7    11
     4     7    12    33    20    26    31    20    27    19     6    12
     3     3     8    35    27    31    27    21    12     9     7    10
     4    10    24    45    49    45    34    31    26    10    14     3
    10     8    25    45    48    37    51    37    21    12    14     7
    19    22    66    99   124   126   104   102    50    25    24    18
    13    16    48    87   129   118   160   133    50    32    29    18
    18    45    99   139   202   219   282   199   107    34    30    24
    26    21    77    93   118   112   141   117    77    30    38    17
    12    12    27    51    49    42    54    47    35    17    17    10
     7    18    38    39    41    34    26    20    19    10     5     8
     3     6    23    19    12    15    24    10    12     6     7    12
     7    21    32    26    35    25    17     6     8    10     6     6
     7    16    16    22    28     9     7    10     9     5     8     4
    17    21    39    32    34    16     3     7     7    16    10    15
     7
     1     2     7    10     5     1     1     0     1     1     1     2
     2     2     4     4     3     0     1     1     2     3     0     2
     2     2     0     6     3     2     0     0     3     1     1     1
     3     6     2     2     2     0     0     0     1     1     0     1
     0     0     1     2     1     2     0     0     1     1     1     0
     0     1     0     0     0     0     0     0     0     0     0     0
     1     0     0     2     0     0     0     0     0     0     0     0
     0     1     0     0     0     0     0     0     0     0     0     0
     0     1     0     0     0     1     0     1     1     0     0     1
     0     0     0     0     0     0     0     1     0     0     1     0
     0     0     1     1     0     0     0     1     0     0     0     0
     0     0     1     0     1     0     1     0     1     0     0     0
     0     0     2     0     1     0     1     0     1     0     0     1
     0     0     1     0     1     0     0     1     0     1     1     3
     1     4     5     1     1     2     0     1     0     0     2     3
     3    13     7     3     5     1     2     2     4     7     7     5
     1     7     6     5     5     7     1     4     2     2     5     2
    11    15    17    16    14    11    11    12     4     8    18     5
     6    10    20    10    11    13     5     9     3     6     8     8
     3     8    14    20    17    21    11    11     9     5     9     6
     1     2     7     5    15     5    13     8     6     6     6     1
     5     6     5     5    13    12     9    15    10     3     2     4
     5     4     7    10    11    14    12     6     7     6     3     2
     2     1     6    12    17     7    10     9    12     0     4     1
     2     3    12    14    24    14    11     6     4     5     4     3
     6     5    11    22    32    19    24    18    16     7     3     5
     4     6    32    31    52    47    50    36    20    15     9     6
     4     7    30    44    68    83    79    61    27    13    12     5
     8    10    54    61    77    91   126    76    40    13    14    11
     5     9    25    25    59    79    78    49    28    11     9     5
     2     3    13    20    10    17    24    21     4     5     5     4
     2     4    12     8    11     7     6     6     5     2     6     3
     1     1     9     8    10     3     7     1     2     1     2     2
     2     4     7     6     2     6     2     2     2     2     0     0
     0     3     8    10     2     4     0     0     0     0     2     0
     4     6     9     8    10     4     2     2     3     1     1     3
     8
     0     0     2     4     0     0     1     0     4     0     1     2
     1     0     0     2     0     1     2     0     1     0     1     1
     0     0     2     2     1     0     0     0     0     0     2     4
     0     0     1     1     0     2     0     1     0     0     1     1
     1     0     0     1     0     0     1     0     1     0     0     1
     0     0     0     1     0     1     0     0     0     0     0     2
     0     0     0     0     0     0     0     0     0     0     0     0
     0     0     0     0     0     0     0     0     0     0     1     1
     0     0     0     0     0     0     0     0     0     0     0     0
     0     0     0     0     0     0     0     0     0     0     0     0
     0     1     0     0     0     1     0     0     1     0     1     0
     0     0     1     0     2     0     0     0     1     0     1     1
     1     0     0     1     0     1     0     0     0     0     2     0
     0     6     5     3     2     0     0     0     0     3     2     0
     5     4     6     4     1     2     1     3     0     0     5     3
     7    16    14     9    12     3     0     2     0    10    12     5
     6     7    20     6     6     3     3     2     2     2     6     4
    19    19    29    30    23    15    12     6     4    18    27    17
    12    17    19    19    11    11     4     6    13     8    14    15
    17    14    29    20    22    11     5     7    16    12    18     8
     1     3     8    10    12     6     8     7     6    11     9     7
     2    10    10     9     8    12    11     7    10     3     1     8
     0     5     7    18     8    13    10    10    14     4     5     3
     5     1     5     7    17    11     8    10     7     3     3     7
     3     4    10    14    15    18    10    11     3     3     6     5
     3     1    15    23    22    20    19     6     7     3     9     6
     4     9    32    24    45    47    31    27    19     6    11     6
     5    11    27    38    56    59    72    34    19     9    10    11
    12    15    34    53    62    87   109    60    31    16     5     7
     4    15    22    46    64    63    62    29    19     4    10    13
     1     7     6    16    15    10    23    11     5     3     4     5
     1     3     7     7    10     1     7     3     3     0     3     5
     0     0     5     3     5     3     2     1     2     2     1     5
     0     1     8     7     7     3     2     1     0     3     1     1
     2     1     5     3     4     1     0     2     1     0     1     1
     2     7     6     9     4     2     0     1     2     5     1     2
     9
     0     0     0     0     0     0     0     0     0     0     0     0
     0     0     0     0     0     0     0     0     0     0     0     0
     0     0     0     0     0     0     1     0     0     0     0     0
     0     0     0     0     0     0     0     0     0     0     0     1
     0     0     0     0     0     0     0     0     0     0     0     0
     0     0     0     0     0     0     0     0     0     0     0     2
     0     0     0     0     0     0     0     0     0     0     0     0
     0     0     0     0     0     0     0     0     0     0     0     0
     0     0     0     0     0     0     0     0     0     0     0     0
     0     0     0     0     0     0     0     0     0     0     0     0
     0     0     0     0     0     1     0     0     0     0     0     0
     0     0     0     0     0     0     0     0     0     0     0     0
     0     0     2     0     0     0     0     0     0     0     1     0
     0     1     0     0     0     0     0     0     0     1     0     5
     0     0     2     0     2     1     0     0     0     0     2     0
     3     1     5     6     2     0     1     0     0     2     9     0
     2     4     3     2     3     3     0     0     0     0     4     2
     1    11     8     5     8     3     0     0     3     7     7     8
     1     5     8     4     3     5     0     0     2     2     4     0
     2     5     8    11     3     2     4     2     1     5     6     3
     2     1     3     7     0     0     2     1     1     1     4     0
     0     2     1     7     4     1     2     2     2     1     1     1
     0     0     3     2     5     3     2     3     3     1     0     0
     0     1     2     4     2     1     2     0     6     1     1     2
     1     2     0     2     4     4     0     3     1     1     0     2
     1     2     4     3     7     4     4     2     1     1     1     1
     1     2     8     6    10     9     2     5     2     2     0     2
     0     2     8    19    11    20     4     2     1     1     0     5
     2     1    13    14    17    15     6     6     4     2     4     3
     3     1     4     9    12     4    15     4     4     2     3     0
     0     1     3     2     1     2     1     2     1     0     0     1
     0     0     2     0     2     2     0     0     0     0     0     1
     0     0     1     1     0     1     0     0     0     0     0     1
     0     0     0     0     1     0     0     0     0     0     0     1
     0     1     1     3     0     0     0     0     0     0     0     0
     0     0     2     1     0     0     0     0     1     0     0     0
    10
     1     0     0     0     0     0     0     0     0     0     0     0
     0     0     0     0     0     0     0     0     0     0     0     0
     0     0     0     0     0     0     0     0     0     0     0     0
     0     0     0     0     0     0     0     0     0     0     0     0
     0     0     0     0     0     0     0     0     0     0     0     0
     0     0     0     0     0     0     0     0     0     0     0     0
     0     0     0     0     0     0     0     0     0     0     0     0
     0     0     0     0     0     0     0     0     0     0     0     0
     0     0     0     0     0     0     0     0     0     0     0     0
     0     0     0     0     0     0     0     0     0     0     0     0
     0     0     0     0     0     0     0     0     0     0     0     0
     0     0     0     0     0     0     0     0     0     0     0     0
     0     0     0     1     0     0     0     0     0     0     0     0
     2     1     0     0     0     0     1     0     0     0     0     0
     0     0     3     1     0     0     0     0     0     0     3     0
     2     1     5     3     0     0     1     0     0     1     3     3
     4     0     4     0     0     1     0     1     1     1     3     1
     5     5     8     5     2     6     2     0     1     4     6     2
     1     4     3     2     1     3     3     0     0     3     3     3
     0     1     4     5     3     0     0     1     0     2     3     2
     1     3     3     3     0     0     2     1     2     1     2     3
     1     2     4     1     2     3     0     0     0     1     3     0
     0     2     4     3     4     0     1     1     0     1     0     1
     0     0     1     3     0     2     0     0     0     0     1     1
     1     0     3     2     1     2     0     1     3     0     0     1
     1     1     3     1     1     3     0     0     0     1     0     0
     0     0     1     4     5     7     1     0     1     0     3     2
     0     1     5     4     2     5     4     2     0     0     0     1
     1     0     3     5     3     3     2     1     3     0     0     1
     1     0     4     3     6     1     0     0     1     0     1     0
     0     1     3     0     3     1     1     0     0     0     1     0
     0     0     0     1     1     1     0     0     0     0     2     0
     0     0     0     0     1     0     0     0     0     0     0     0
     0     0     1     0     0     0     0     0     0     0     0     0
     0     0     0     1     1     0     0     0     0     0     0     0
     0     1     1     0     0     0     0     0     0     0     0     0
    11
     0     0     0     0     0     0     0     0     0     0     0     0
     0     0     0     0     0     0     0     0     0     0     0     0
     0     0     0     0     0     0     0     0     0     0     0     0
     0     0     0     0     0     0     0     0     0     1     0     0
     0     0     0     0     0     0     0     0     0     0     0     0
     0     0     0     0     0     0     0     0     0     0     0     0
     0     0     0     0     0     0     0     0     0     0     0     0
     0     0     0     0     0     0     0     0     0     0     0     0
     0     0     0     0     0     0     0     0     0     0     0     0
     0     0     0     0     0     0     0     0     0     0     0     0
     0     0     0     0     0     0     0     0     0     0     0     0
     0     0     0     0     0     0     0     0     0     0     0     0
     0     0     0     0     0     0     0     0     0     0     0     1
     2     4     1     2     0     1     0     0     0     0     2     1
     1     1     6     1     0     0     0     0     0     0     0     1
     2     3     9     0     0     0     0     0     0     0     2     2
     4     2     8     2     2     0     2     0     0     1     7     4
     4     9    13     5     1     3     1     1     1     2     4     5
     5     4     7     5     1     1     1     0     2     4     2     3
     3     2     6     7     1     0     1     0     1     0     7     4
     0     2     3     2     2     0     0     2     0     1     5     1
     4     2     1     5     3     0     1     3     1     0     1     2
     2     3     4     3     1     0     1     0     1     0     2     0
     3     3     7     5     1     2     0     1     0     0     1     0
     1     2     3     3     2     1     2     0     1     1     0     1
     1     2     3     4     1     2     0     0     1     0     0     0
     1     2     1     2     2     1     0     0     0     1     0     0
     0     2     1     4     2     0     1     1     1     1     0     3
     1     0     0     2     2     0     1     1     0     0     0     0
     0     1     2     2     3     0     0     0     0     0     0     0
     0     0     1     0     0     0     1     0     1     0     1     1
     0     0     0     0     0     0     0     0     0     0     0     0
     0     0     0     1     0     0     0     0     0     0     0     0
     0     0     0     1     0     0     0     0     0     0     0     0
     0     0     0     0     0     0     0     0     0     0     0     0
     0     0     0     0     0     0     0     0     0     0     0     0
    12
     0     0     0     0     0     0     0     0     0     0     0     0
     0     0     0     0     0     0     0     0     0     0     0     0
     0     0     0     0     0     0     0     0     0     0     0     0
     0     0     0     0     0     0     0     0     0     0     0     0
     0     0     0     0     0     0     0     0     0     0     0     0
     0     0     0     0     0     0     0     0     0     0     0     0
     0     0     0     0     0     0     0     0     0     0     0     0
     0     0     0     0     0     0     0     0     0     0     0     0
     0     0     0     0     0     0     0     0     0     0     0     0
     0     0     0     0     0     0     0     0     0     0     0     0
     0     0     0     0     0     0     0     0     0     0     0     0
     0     0     0     0     0     0     0     0     0     0     1     0
     0     0     0     0     0     0     0     0     0     0     1     1
     1     0     0     0     0     0     0     0     0     0     1     1
     1     2     0     0     0     0     0     0     0     0     2     1
     2     2     2     0     0     0     0     0     0     0     1     3
     3     2     2     0     1     0     0     0     0     0     0     1
     8     1     8     1     2     0     2     0     1     7     3     5
     0     2     6     0     2     0     0     0     0     2     0     4
     1     2     2     3     0     1     0     0     0     0     0     2
     1     1     4     2     0     0     0     0     0     2     1     2
     1     2     2     6     0     0     0     0     0     0     0     3
     1     1     1     2     2     0     0     0     0     0     0     0
     1     0     0     3     0     0     0     0     0     2     0     0
     0     0     4     2     0     1     0     0     0     1     0     0
     0     0     0     1     0     0     0     0     1     0     1     1
     0     0     1     0     0     0     0     0     0     0     1     0
     0     1     1     2     1     0     0     0     0     1     0     1
     0     0     1     0     0     1     0     0     0     0     0     0
     0     0     1     0     0     0     0     0     0     0     0     0
     0     0     0     0     0     0     0     0     0     0     0     1
     0     0     1     0     0     0     0     0     0     0     0     0
     0     0     0     1     0     0     0     0     0     0     0     0
     0     0     1     0     0     0     0     0     0     0     0     0
     0     0     1     0     0     0     0     0     0     0     0     0
     0     0     0     0     0     0     0     0     0     0     0     0
    13
     0     0     0     0     0     0     0     0     0     0     0     0
     0     0     0     0     0     0     0     0     0     0     0     0
     0     0     0     0     0     0     0     0     0     0     0     0
     0     0     0     0     0     0     0     0     0     0     0     0
     0     0     0     0     0     0     0     0     0     0     0     0
     0     0     0     0     0     0     0     0     0     0     0     0
     0     0     0     0     0     0     0     0     0     0     0     0
     0     0     0     0     0     0     0     0     0     0     0     0
     0     0     0     0     0     0     0     0     0     0     0     0
     0     0     0     0     0     0     0     0     0     0     0     0
     0     0     0     0     0     0     0     0     0     0     0     0
     0     0     0     0     0     0     0     0     0     0     0     0
     0     0     0     0     0     0     0     0     0     0     0     0
     0     0     0     0     0     0     0     0     0     0     1     0
     0     0     0     0     0     0     0     0     0     0     0     0
     1     0     2     0     0     0     0     0     0     0     0     0
     1     1     1     0     0     0     0     0     0     0     1     1
     1     2     1     0     0     0     0     0     0     0     0     1
     0     2     1     0     0     0     0     0     0     1     2     0
     0     0     0     0     0     0     0     0     0     0     0     0
     0     0     0     0     0     0     0     0     0     1     0     1
     0     0     0     3     0     1     0     0     0     0     0     0
     0     0     1     3     0     0     0     0     0     0     0     0
     0     0     0     1     0     0     0     0     0     0     0     0
     0     0     0     1     0     0     0     0     0     0     0     0
     0     0     0     0     1     0     0     0     0     0     0     0
     0     0     1     1     0     0     0     0     0     0     0     0
     0     0     0     0     1     0     0     0     0     0     0     0
     0     0     0     0     0     0     0     0     0     0     0     0
     0     0     0     0     0     0     0     0     0     0     0     0
     0     0     0     0     0     0     0     0     0     0     0     0
     0     0     0     0     0     0     0     0     0     0     0     0
     0     0     0     0     0     0     0     0     0     0     0     0
     0     0     0     0     0     0     0     0     0     0     0     0
     0     0     0     0     0     0     0     0     0     0     0     0
     0     0     0     0     0     0     0     0     0     0     0     0
    14
     0     0     0     0     0     0     0     0     0     0     0     0
     0     0     0     0     0     1     0     0     0     0     0     0
     0     0     0     0     0     0     0     0     0     0     0     0
     0     0     0     0     0     0     0     0     0     0     0     0
     0     0     0     0     0     0     0     0     0     0     0     0
     0     0     0     0     0     0     0     0     0     0     0     0
     0     0     0     0     0     0     0     0     0     0     0     0
     0     0     0     0     0     0     0     0     0     0     0     0
     0     0     0     0     0     0     0     0     0     0     0     0
     0     0     0     0     0     0     0     0     0     0     0     0
     0     0     0     0     0     0     0     0     0     0     0     0
     0     0     0     0     0     0     0     0     0     0     0     0
     0     0     0     0     0     0     0     0     0     0     0     0
     0     0     0     0     0     0     0     0     0     0     0     0
     0     0     0     0     0     0     0     0     0     0     0     2
     0     1     1     0     0     0     0     0     0     0     0     0
     0     0     0     0     0     0     0     0     0     0     0     2
     0     0     3     0     0     0     0     0     0     0     1     2
     0     0     2     1     0     0     0     0     0     0     1     1
     0     0     0     0     0     0     0     0     0     0     1     0
     0     0     0     0     0     0     0     0     0     0     1     1
     0     0     0     1     0     0     0     0     0     0     0     1
     0     0     1     0     0     0     0     0     0     1     1     0
     0     0     0     2     0     0     0     0     0     0     0     0
     1     1     1     0     0     0     1     0     0     0     0     0
     0     1     0     1     0     0     0     0     0     0     0     0
     0     0     0     0     0     0     0     0     0     0     0     0
     0     0     0     0     0     0     0     0     0     0     0     0
     0     0     0     0     0     0     0     0     0     0     0     0
     0     0     0     0     0     0     0     0     0     0     0     0
     0     0     0     0     0     0     0     0     0     0     0     0
     0     0     0     0     0     0     0     0     0     0     0     0
     0     0     0     0     0     0     0     0     0     0     0     0
     0     0     0     0     0     0     0     0     0     0     0     0
     0     0     0     0     0     0     0     0     0     0     0     0
     0     0     0     0     0     0     0     0     0     0     0     0
    15
     0     0     0     0     0     0     0     0     0     0     0     0
     0     0     0     0     0     0     0     0     0     0     0     0
     0     0     0     0     0     0     0     0     0     0     0     0
     0     0     0     0     0     0     0     0     0     0     0     0
     0     0     0     0     0     0     0     0     0     0     0     0
     0     0     0     0     0     0     0     0     0     0     0     0
     0     0     0     0     0     0     0     0     0     0     0     0
     0     0     0     0     0     0     0     0     0     0     0     0
     0     0     0     0     0     0     0     0     0     0     0     0
     0     0     0     0     0     0     0     0     0     0     0     0
     0     0     0     0     0     0     0     0     0     0     0     0
     0     0     0     0     0     0     0     0     0     0     0     0
     0     0     0     0     0     0     0     0     0     0     0     0
     0     0     0     0     0     0     0     0     0     0     0     0
     0     0     0     0     0     0     0     0     0     0     0     0
     0     0     0     0     0     0     0     0     0     0     0     0
     0     0     0     0     0     0     0     0     0     0     0     0
     0     0     0     0     0     0     0     0     0     0     0     1
     0     0     0     0     0     0     0     0     0     0     1     0
     0     0     0     0     0     0     0     0     0     0     1     0
     0     0     0     0     0     0     0     0     0     1     1     0
     0     0     0     0     0     0     0     0     0     0     0     0
     0     0     0     0     0     0     0     0     0     0     0     1
     0     0     0     0     0     0     0     0     0     0     0     0
     0     0     0     0     0     0     0     0     0     0     0     0
     0     0     0     0     0     0     0     0     0     0     0     1
     0     0     0     0     0     0     0     0     0     0     0     0
     0     0     0     0     0     0     0     0     0     0     0     0
     0     0     0     0     0     0     0     0     0     0     0     0
     0     0     0     0     0     0     0     0     0     0     0     0
     0     0     0     0     0     0     0     0     0     0     0     0
     0     0     0     0     0     0     0     0     0     0     0     0
     0     0     0     0     0     0     0     0     0     0     0     0
     0     0     0     0     0     0     0     0     0     0     0     0
     0     0     0     0     0     0     0     0     0     0     0     0
     0     0     0     0     0     0     0     0     0     0     0     0
    16
     0     0     0     0     0     0     0     0     0     0     0     0
     0     0     0     0     0     0     0     0     0     0     0     0
     0     0     0     0     0     0     0     0     0     0     0     0
     0     0     0     0     0     0     0     0     0     0     0     0
     0     0     0     0     0     0     0     0     0     0     0     0
     0     0     0     0     0     0     0     0     0     0     0     0
     0     0     0     0     0     0     0     0     0     0     0     0
     0     0     0     0     0     0     0     0     0     0     0     0
     0     0     0     0     0     0     0     0     0     0     0     0
     0     0     0     0     0     0     0     0     0     0     0     0
     0     0     0     0     0     0     0     0     0     0     0     0
     0     0     0     0     0     0     0     0     0     0     0     0
     0     0     0     0     0     0     0     0     0     0     0     0
     0     0     0     0     0     0     0     0     0     0     0     0
     0     0     0     0     0     0     0     0     0     0     0     0
     0     0     0     0     0     0     0     0     0     0     0     0
     0     0     0     0     0     0     0     0     0     0     0     0
     0     0     0     0     0     0     0     0     0     0     0     0
     0     1     0     0     0     0     0     0     0     0     1     0
     0     0     0     0     0     0     0     0     0     0     0     0
     0     0     0     0     0     0     0     0     0     0     0     0
     0     0     0     0     0     0     0     0     0     0     0     0
     0     0     0     0     0     0     0     0     0     0     0     0
     0     0     0     0     0     0     0     0     0     0     0     0
     0     0     0     0     0     0     0     0     0     0     0     0
     0     0     0     0     0     0     0     0     0     0     0     0
     0     0     0     0     0     0     0     0     0     0     0     0
     0     0     0     0     0     0     0     0     0     0     0     0
     0     0     0     0     0     0     0     0     0     0     0     0
     0     0     0     0     0     0     0     0     0     0     0     0
     0     0     0     0     0     0     0     0     0     0     0     0
     0     0     0     0     0     0     0     0     0     0     0     0
     0     0     0     0     0     0     0     0     0     0     0     0
     0     0     0     0     0     0     0     0     0     0     0     0
     0     0     0     0     0     0     0     0     0     0     0     0
     0     0     0     0     0     0     0     0     0     0     0     0
    17
     0     0     0     0     0     0     0     0     0     0     0     0
     0     0     0     0     0     0     0     0     0     0     0     0
     0     0     0     0     0     0     0     0     0     0     0     0
     0     0     0     0     0     0     0     0     0     0     0     0
     0     0     0     0     0     0     0     0     0     0     0     0
     0     0     0     0     0     0     0     0     0     0     0     0
     0     0     0     0     0     0     0     0     0     0     0     0
     0     0     0     0     0     0     0     0     0     0     0     0
     0     0     0     0     0     0     0     0     0     0     0     0
     0     0     0     0     0     0     0     0     0     0     0     0
     0     0     0     0     0     0     0     0     0     0     0     0
     0     0     0     0     0     0     0     0     0     0     0     0
     0     0     0     0     0     0     0     0     0     0     0     0
     0     0     0     0     0     0     0     0     0     0     0     0
     0     0     0     0     0     0     0     0     0     0     0     0
     0     0     0     0     0     0     0     0     0     0     0     0
     0     0     0     0     0     0     0     0     0     0     0     0
     0     0     0     0     0     0     0     0     0     0     0     1
     0     0     0     0     0     0     0     0     0     0     0     0
     0     0     0     0     0     0     0     0     0     0     0     1
     0     0     0     0     0     0     0     0     0     0     0     1
     0     0     0     0     0     0     0     0     0     0     0     0
     0     0     0     0     0     0     0     0     0     0     0     0
     0     0     0     0     0     0     0     0     0     0     0     0
     0     0     0     0     0     0     0     0     0     0     0     0
     0     0     0     0     0     0     0     0     0     0     0     0
     0     0     0     0     0     0     0     0     0     0     0     0
     0     0     0     0     0     0     0     0     0     0     0     0
     0     0     0     0     0     0     0     0     0     0     0     0
     0     0     0     0     0     0     0     0     0     0     0     0
     0     0     0     0     0     0     0     0     0     0     0     0
     0     0     0     0     0     0     0     0     0     0     0     0
     0     0     0     0     0     0     0     0     0     0     0     0
     0     0     0     0     0     0     0     0     0     0     0     0
     0     0     0     0     0     0     0     0     0     0     0     0
     0     0     0     0     0     0     0     0     0     0     0     0
    18
     0     0     0     0     0     0     0     0     0     0     0     0
     0     0     0     0     0     0     0     0     0     0     0     0
     0     0     0     0     0     0     0     0     0     0     0     0
     0     0     0     0     0     0     0     0     0     0     0     0
     0     0     0     0     0     0     0     0     0     0     0     0
     0     0     0     0     0     0     0     0     0     0     0     0
     0     0     0     0     0     0     0     0     0     0     0     0
     0     0     0     0     0     0     0     0     0     0     0     0
     0     0     0     0     0     0     0     0     0     0     0     0
     0     0     0     0     0     0     0     0     0     0     0     0
     0     0     0     0     0     0     0     0     0     0     0     0
     0     0     0     0     0     0     0     0     0     0     0     0
     0     0     0     0     0     0     0     0     0     0     0     0
     0     0     0     0     0     0     0     0     0     0     0     0
     0     0     0     0     0     0     0     0     0     0     0     0
     0     0     0     0     0     0     0     0     0     0     0     0
     0     0     0     0     0     0     0     0     0     0     0     0
     0     0     0     0     0     0     0     0     0     0     0     0
     0     0     0     0     0     0     0     0     0     0     0     0
     0     0     0     0     0     0     0     0     0     0     0     0
     0     0     0     0     0     0     0     0     0     0     0     0
     0     0     0     0     0     0     0     0     0     0     0     0
     0     0     0     0     0     0     0     0     0     0     0     0
     0     0     0     0     0     0     0     0     0     0     0     0
     0     0     0     0     0     0     0     0     0     0     0     0
     0     0     0     0     0     0     0     0     0     0     0     0
     0     0     0     0     0     0     0     0     0     0     0     0
     0     0     0     0     0     0     0     0     0     0     0     0
     0     0     0     0     0     0     0     0     0     0     0     0
     0     0     0     0     0     0     0     0     0     0     0     0
     0     0     0     0     0     0     0     0     0     0     0     0
     0     0     0     0     0     0     0     0     0     0     0     0
     0     0     0     0     0     0     0     0     0     0     0     0
     0     0     0     0     0     0     0     0     0     0     0     0
     0     0     0     0     0     0     0     0     0     0     0     0
     0     0     0     0     0     0     0     0     0     0     0     0
    19
     0     0     0     0     0     0     0     0     0     0     0     0
     0     0     0     0     0     0     0     0     0     0     0     0
     0     0     0     0     0     0     0     0     0     0     0     0
     0     0     0     0     0     0     0     0     0     0     0     0
     0     0     0     0     0     0     0     0     0     0     0     0
     0     0     0     0     0     0     0     0     0     0     0     0
     0     0     0     0     0     0     0     0     0     0     0     0
     0     0     0     0     0     0     0     0     0     0     0     0
     0     0     0     0     0     0     0     0     0     0     0     0
     0     0     0     0     0     0     0     0     0     0     0     0
     0     0     0     0     0     0     0     0     0     0     0     0
     0     0     0     0     0     0     0     0     0     0     0     0
     0     0     0     0     0     0     0     0     0     0     0     0
     0     0     0     0     0     1     0     0     0     0     0     0
     0     0     0     0     0     0     0     0     0     0     0     0
     0     0     0     0     0     0     0     0     0     0     0     0
     0     0     0     0     0     0     0     0     0     0     0     0
     0     0     0     0     0     0     0     0     0     0     0     0
     0     0     0     0     0     0     0     0     0     0     0     0
     0     0     0     0     0     0     0     0     0     0     0     0
     0     0     0     0     0     0     0     0     0     0     0     0
     0     0     0     0     0     0     0     0     0     0     0     0
     0     0     0     0     0     0     0     0     1     0     0     0
     0     0     0     0     0     0     0     0     0     0     0     0
     0     1     0     0     0     0     0     0     0     0     0     0
     0     0     0     0     0     0     0     0     0     0     0     0
     0     0     0     0     0     0     0     0     0     0     0     0
     0     0     0     0     0     0     0     0     0     0     0     0
     0     0     0     0     0     0     0     0     0     0     0     0
     0     0     0     0     0     0     0     0     0     0     0     0
     0     0     0     0     0     0     0     0     0     0     0     0
     0     0     0     0     0     0     0     0     0     0     0     0
     0     0     0     0     0     0     0     0     0     0     0     0
     0     0     0     0     0     0     0     0     0     0     0     0
     0     0     0     0     0     0     0     0     0     0     0     0
     0     0     0     0     0     0     0     0     0     0     0     0
    20
     0     0     0     0     0     0     0     0     0     0     0     0
     0     0     0     0     0     0     0     0     0     0     0     0
     0     0     0     0     0     0     0     0     0     0     0     0
     0     0     0     0     0     0     0     0     0     0     0     0
     0     0     0     0     0     0     0     0     0     0     0     0
     0     0     0     0     0     0     0     0     0     0     0     0
     0     0     0     0     0     0     0     0     0     0     0     0
     0     0     0     0     0     0     0     0     0     0     0     0
     0     0     0     0     0     0     0     0     0     0     0     0
     0     0     0     0     0     0     0     0     0     0     0     0
     0     0     0     0     0     0     0     0     0     0     0     0
     0     0     0     0     0     0     0     0     0     0     0     0
     0     0     0     0     0     0     0     0     0     0     0     0
     0     0     0     0     0     0     0     0     0     0     0     0
     0     0     0     0     0     0     0     0     0     0     0     0
     0     0     0     0     0     0     0     0     0     0     0     0
     0     0     0     0     0     0     0     0     0     0     0     0
     0     0     0     0     0     0     0     0     0     0     0     0
     0     0     0     0     0     0     0     0     0     0     0     0
     0     0     0     0     0     0     0     0     0     0     0     0
     0     0     0     0     0     0     0     0     0     0     0     0
     0     0     0     0     1     0     0     0     0     0     0     0
     0     0     0     0     0     0     0     0     0     0     0     0
     0     0     0     0     0     0     0     0     0     0     0     0
     0     0     0     0     0     0     0     0     0     0     0     0
     0     0     0     0     0     0     0     0     0     0     0     0
     0     0     0     0     0     0     0     0     0     0     0     0
     0     0     0     0     0     0     0     0     0     0     0     0
     0     0     0     0     0     0     0     0     0     0     0     0
     0     0     0     0     0     0     0     0     0     0     0     0
     0     0     0     0     0     0     0     0     0     0     0     0
     0     0     0     0     0     0     0     0     0     0     0     0
     0     0     0     0     0     0     0     0     0     0     0     0
     0     0     0     0     0     0     0     0     0     0     0     0
     0     0     0     0     0     0     0     0     0     0     0     0
     0     0     0     0     0     0     0     0     0     0     0     0
