20
Sacramento, CA 23232
     0
       6.000      10.000      11.100      12.800      16.100      19.300
      21.700      21.700      19.300      16.700      11.100       6.600
       9.300      12.800      13.800      16.700      20.600      24.300
      27.200      26.700      24.300      20.600      13.800       9.300
      12.100      15.600      16.700      21.100      25.000      29.300
      32.200      31.100      28.800      24.300      17.200      12.100
      66.000      53.000      51.000      40.000      34.000      31.000
      30.000      31.000      30.000      34.000      52.000      64.000
      82.000      69.000      66.000      55.000      48.000      44.000
      41.000      42.000      43.000      49.000      69.000      80.000
      93.000      83.000      80.000      72.000      64.000      59.000
      55.000      57.000      60.000      67.000      84.000      90.000
       1.600       2.000       2.000       2.400       2.400       2.400
       2.400       2.400       2.000       1.600       1.600       1.600
       2.400       2.700       3.100       3.100       3.100       3.500
       3.100       3.100       2.700       2.400       2.400       2.400
       3.500       4.000       4.400       4.800       4.800       4.800
       4.000       4.000       4.000       3.500       4.000       4.000
     160.000     170.000     190.000     200.000     210.000     210.000
     210.000     210.000     210.000     320.000     330.000     330.000
     1
       9.183      12.480      13.936      17.084      20.798      24.383
      26.637      26.282      24.376      20.642      13.954       9.414
      77.177      67.730      64.615      56.113      49.727      46.258
      44.121      45.741      46.704      51.442      67.045      75.851
     2
    22    17     6    14     9    13     5     7    15    25    29    27
    31    20    22    19    10    18    16    16    23    36    40    42
    12    12     8    13     6     5     6     4    14    20    16    13
    15    17    15    10    10    11    13     4    20    23    20    14
    25    16    18    23    15    12     6     6     9    19    12    27
    27    12    12    18    11     8     2     2    12    19    15    18
    27    12     9    16     9     9     3     9    14    20    11    14
    15    18     8    12     4     7     3     3     4    10    17     9
    44    31    27    21    17     8    10     4    12    20    28    29
    30    12    22    12     8     5     5     3    11    11    16    26
    47    29    32    27    17    11    11     5    13    26    26    44
    55    32    43    28    18    16    19    17    25    42    48    31
    35    23    20    20    18    24    17    22    25    30    25    44
    89    65   101    70    56    51    44    53    50    44    66    88
    45    37    40    25    25    25    30    22    27    33    36    29
    71    73    55    59    46    43    56    50    52    56    65    65
    45    23    36    22    33    24    48    34    52    34    34    35
   107    83    77    92    85    85   112   112    96   119    85    69
    18    15    45    26    39    26    49    48    39    28    26    26
    44    42    47    59    48    51    80   119   103    48    52    37
    22    26    37    30    28    20    38    44    32    37    20    32
    27    30    49    35    40    47    40    52    33    43    32    22
    38    45    65    59    62    50    78    67    73    44    46    38
    27    31    38    41    36    24    34    44    48    36    33    27
    28    40    49    32    38    31    38    66    50    28    36    22
    20    15    23    23    29    27    16    21    29    37    22    15
    36    38    48    24    30    33    33    42    32    44    37    31
    21    24    23    22    16    20    21    17    32    37    31    20
    40    39    44    29    31    33    37    36    59    68    45    41
    39    49    32    17    25    32    28    26    47    69    54    46
    33    33    19    24    18    17    20    12    26    53    52    33
    78    65    44    45    33    51    56    43    73   115    77    66
    43    30    22    21    21    17    20    24    42    67    47    25
    64    38    34    38    25    33    41    31    69   102    77    71
    33    19    14    19    14    15    15    12    31    51    42    43
    61    40    37    24    29    26    26    26    49   101    42    64
     3
    30    24    25    15     6    16     5    12    19    22    22    20
    32    20    17    26    17    20    11     5    20    19    13    19
    11     9    10     7     6     4     1     2     6    18    11    16
    15    10    12     7     7     5     2     2     6    16     9    10
    16    10     9     3     9     4     1     1     6    18    14     9
    11    14     6     9     4     0     1     0     8     8     5    11
     7     9     4     5     5     4     2     3     6     3     5    12
    15    10     7     9     3     5     0     4     5     4     9    10
    25    18    16    18     3     3     4     3     4    12    14    15
    26    17    24    19     3     3     2     3     4     8    17    14
    30    30    27    21    11     4     3     1    10     7    34    27
    71    49    60    50    23    21    20    12    22    20    56    67
    57    47    61    47    24    24    14    20    19    24    40    33
   136   124   129    89    65    63    61    48    66    65   104   111
    82    54    63    51    43    53    51    37    44    42    61    80
   126    87   135   102    86    96    81    96    74    71   118    95
    71    65    87    76    95    83   118    87    78    49    51    49
    96   123   194   162   226   230   318   263   185   136   104    87
    35    34   101    80   121   121   229   192   130    61    43    25
    34    52   121   179   195   217   340   312   214   134    57    25
    22    62    88   123   114   141   219   217   147    94    34    15
    42    34    86   138   126   149   228   201   145    92    34    28
    33    60   117   138   165   148   192   229   140    93    49    12
    17    36    59    86    92    83   135   142   107    70    24    18
    11    25    67    74    64    64   104   108    75    51    29     9
    12    33    45    39    37    44    71    78    68    45    18    14
    24    38    55    57    77    61    63    92    79    34    14    21
    19    34    41    45    52    46    59    72    55    37    27    17
    38    71    85    66    82    62   102    94    72    50    32    41
    61    90    69    48    87    68    62    69    82    80    82    50
    51    72    75    75    80    81    49    47    78    90    70    65
   128   117   108   117   144   122    91   121   145   142   144   133
    85    89    76    61    63    69    36    44    85   117    88   100
   117    78    90    92   104   102    64    69   179   183   140   149
    63    52    43    26    53    37    24    30    82    93    90    64
    68    48    35    37    43    43    29    29    73    83    65    71
     4
     4     5     5    10     5     4     1     2     3     4     2     4
     6     3     8     2     4     3     1     2     2     3     2     3
     1     2     0     4     3     4     0     0     0     1     2     3
     3     0     3     1     0     0     0     1     1     1     2     0
     3     0     2     4     0     0     0     0     0     0     2     2
     2     1     1     1     0     2     0     0     0     0     1     0
     1     0     3     0     0     0     0     0     0     0     0     0
     3     1     0     3     1     0     0     1     2     0     1     2
     1     2     7     6     0     1     0     0     0     0     3     5
     3     2     5     2     2     2     1     0     3     1     3     2
     7    10     5     4     2     0     0     1     0     2     7     7
    14    16    14    10     6     3     1     1     3     1    20    16
    13    22    24     6     3     1     1     1     2     8    12    18
    44    50    59    36    13    12     8     6     6    29    41    51
    35    32    49    26    19    12     7     9     9    13    36    30
    48    52    85    38    32    30    18    27    10    25    54    36
    24    29    46    32    29    43    39    28    24    23    21    32
    33    50    86    98    90   132   164   149    75    49    30    28
    16    14    40    62    96   123   163   182    85    37    19    13
    17    32    69   100   200   229   342   280   135    53    31    13
     6    19    66    86   155   178   246   260   135    54    14     8
     9    22    74   122   172   170   224   218   114    52    22     7
     7    16    80    88   145   137   184   169   117    52    16     3
     2     9    27    53    51    44    59    49    53    18     9     3
     3     5    22    33    29    32    39    38    23    10     2     1
     4     5    10    11    23    15    20    26    19    11     4     2
     5     5    13    18    16    19    29    25    11     9     4     4
     6    11    13    16    18    26    11    18    15     7     7     6
     4    15    26    28    49    50    24    18    18     8    10     4
    12    27    37    44    55    39    36    29    30    18     6    21
    20    29    32    44    65    39    24    17    25    28    15    30
    53    64    75    76    94    66    38    26    47    75    62    54
    37    41    56    44    53    40    17    18    48    47    42    42
    57    53    66    76    71    61    30    11    70    88    61    55
    19    26    23    25    46    28     7    14    39    34    27    31
    18    27    21    15    23    15     6     8    20    25    25    22
     5
     2     0     5     6    10     3     0     0     3     1     5     3
     1     2     3     1     0     2     0     1     0     4     1     1
     1     1     1     2     0     0     0     0     0     0     1     0
     1     1     0     0     1     0     0     0     1     0     0     1
     0     0     0     2     2     0     0     0     1     1     2     1
     0     0     1     0     0     0     0     0     0     0     0     0
     0     1     2     0     0     0     0     0     1     1     0     0
     1     0     1     1     0     0     0     0     1     0     0     1
     2     3     3     1     1     0     0     0     0     0     2     1
     2     0     0     3     0     0     0     0     1     1     5     1
     6     5     3     4     1     0     0     0     1     0     5     2
    20     8    24    12     3     3     0     0     3     5    16    10
    24     9    17    10     3     0     0     1     6     5    16    20
    63    64    65    39    11     7     1     2     7    16    66    83
    34    44    44    20     9     2     4     3    10    17    45    56
    80    84    88    48    22    13    11    21    19    34    71    71
    21    36    29    28    34    31    35    21    11    14    19    28
    23    46    80    95   116   157   144   123    46    39    41    35
    13    25    49    60   119   176   199   140    72    26    18    13
    18    36    96   165   347   429   530   422   190    91    36    13
    16    26    84   178   318   382   431   367   183    71    27    13
    22    30   120   199   310   392   429   367   186    79    20    11
     8    23   102   175   319   257   287   258   158    67    15    10
     6    10    23    63    66    61    57    58    39    24     9     2
     2     7    25    30    27    22    20    26    24     7     2     3
     2     2     7    11    12    14     6     4     5     3     3     1
     3     1     5     6     7     5    10     6     4     2     5     6
     1     2    12    12    14    11     4     3     6     4     2     2
     5    14    14    35    24    24     8     9     8     7     4     3
    12    12    36    43    59    29    12     8     7    13     8    10
    14    26    31    60    61    42    13     5    15    20    18    14
    42    87   111   146   111    77    28    24    46    54    55    38
    37    63    88    97    84    67    19    17    57    55    40    43
    55    76    93   112    97    81    19    13    73    78    95    56
    24    18    35    42    51    36     5    12    36    29    26    21
    16    16    15    28    18    17     9     8    17    25    20    20
     6
     1     0     2     1     1     0     0     0     2     1     0     0
     0     0     2     3     0     0     0     0     1     2     0     0
     0     1     0     1     0     0     0     0     0     0     2     1
     0     0     0     0     0     1     0     0     0     0     0     0
     0     0     0     1     0     0     0     0     0     0     0     1
     0     0     0     0     0     0     0     0     0     0     0     0
     0     0     0     0     0     0     0     0     0     1     0     0
     0     0     0     0     0     0     0     0     0     0     0     0
     0     0     1     0     0     0     0     0     0     0     0     0
     0     0     0     0     1     0     0     0     0     0     1     0
     1     1     0     0     1     0     0     0     0     0     1     2
     6     3     4     3     1     0     0     0     1     1     6     7
     9     8     7     5     3     0     0     0     1     2    13     4
    28    30    37    17     5     0     0     2     3     4    34    40
    24    30    22     8     2     1     0     0     4     4    19    21
    35    49    32    17     0     1     2     0     2     8    41    40
    14    10    13     2     4     5     6     3     6     5    11    16
     8    21    17    17    39    35    37    19     9    10    16     9
     3     6    12    28    54    60    56    49    17     7     6     2
     5    17    41    80   147   213   163   134    85    19     9    12
    10    18    39    60   193   257   186   137    85    14     8     6
     5    23    67   112   194   235   144   157    94    38     8    12
     1     8    60    96   181   184   123   101    84    35     6     7
     4     8    19    21    37    21     7    14    12     7     4     3
     0     2    13    15    18    11     3     3     5     2     4     1
     1     0     2     1     6     1     0     1     0     0     1     0
     1     0     6     8     4     2     1     0     1     0     0     3
     1     3     5     6     3     0     0     0     1     0     0     0
     3     4    10     8     4     4     0     0     0     3     0     2
     6     8     9    12    15     6     0     0     2     2     1     6
     8    10    24    28    28    14     1     1    13     6     6    11
    16    41    88    81    54    32     3     6    19    30    36    25
    26    50    53    76    50    36     7     6    41    38    35    30
    53    78    83   114    75    48     4     5    48    48    51    41
    14    20    29    29    27    17     3     2    17    17    13    11
     6     7    12     9     4     4     1     0     8     6    10    11
     7
     0     0     0     0     0     0     0     0     0     1     0     1
     0     0     0     3     0     0     0     0     0     0     1     0
     0     0     0     0     0     0     0     0     0     0     0     0
     0     0     0     0     0     0     0     0     0     0     0     0
     0     0     0     0     0     0     0     0     0     0     0     0
     0     0     0     0     0     0     0     0     0     0     0     1
     0     0     0     0     0     0     0     0     0     0     0     0
     0     0     0     0     0     0     0     0     0     0     0     0
     0     0     0     0     0     0     0     0     0     0     0     0
     0     0     0     0     0     0     0     0     0     0     0     0
     0     0     0     0     0     0     0     0     0     0     0     0
     0     0     0     0     0     0     0     0     0     0     0     3
     1     2     1     0     1     0     0     0     1     0     0     2
     3    11     9     9     1     0     0     0     0     1    13     8
     9    12     7     0     0     0     0     0     0     0     5     9
    14    16     8     1     0     0     0     0     1     3     9    10
     2     3     2     1     0     0     2     0     0     0     3     2
     4     4     8     2     2     2     0     0     1     1     3     0
     3     1     6     1     4     9     6     4     0     0     1     1
     2     5     3    25    23    25    16    15    18     5     0     1
     1     3     6    11    27    43    37    18    15     5     5     0
     1     6    12    22    40    50    30    23    15     8     4     5
     1     4    14    16    29    48    27    21    18    15     1     0
     0     3     2     6     7     7     3     1     1     3     1     0
     0     2     4     4     3     0     0     2     0     0     0     0
     2     0     0     0     2     1     0     0     1     0     1     2
     0     0     1     3     0     0     0     0     0     0     0     0
     0     0     0     2     0     1     0     0     0     0     0     0
     0     1     3     2     0     1     0     0     0     0     0     0
     0     1     3     2     0     0     0     0     1     0     1     0
     0     3     8    10     6     2     1     0     1     1     3     1
     6    14    29    26    13    11     1     1    12    10     7     4
    11    25    28    26    14    14     0     0     7    13     6    12
    16    35    33    42    15     8     1     1    14    31    21    21
     2     5    11    10     6     2     1     0     5     2     7     2
     0     2     4     6     3     1     0     0     2     3     0     1
     8
     0     0     0     0     0     1     0     0     0     0     0     0
     0     0     0     0     0     0     0     0     0     0     0     1
     0     0     0     0     0     0     0     0     0     0     0     1
     0     0     0     0     0     0     0     0     0     0     0     0
     0     0     0     0     0     0     0     0     0     0     0     0
     0     0     0     0     0     0     0     0     0     0     0     0
     0     0     0     0     0     0     0     0     0     0     0     0
     0     0     0     0     0     0     0     0     0     0     0     0
     0     0     0     0     0     0     0     0     0     0     0     0
     0     0     0     0     0     1     0     0     0     0     0     0
     0     0     0     0     0     0     0     0     0     0     0     0
     0     1     2     0     0     0     0     0     0     0     0     0
     3     3     1     1     0     0     0     0     0     0     2     2
    12    14    14     2     0     0     0     0     0     1     8     9
    15    12    10     1     0     0     0     0     0     0     5    20
    16    18    13     4     0     0     0     0     0     7     7     6
     1     3     2     0     0     0     0     0     0     1     2     3
     4     3     3     0     0     0     0     0     1     1     1     1
     2     0     2     6     6     5     4     6     0     0     0     0
     0     7     6     9    15     9     7     6     6     3     2     2
     3     1    10     9    11    16     6    12     5     2     2     1
     0     1    20    17    20    21    24    21     6     2     2     1
     1     4     4     7    24    28    12     7    13     7     0     0
     2     1     1     3     5     3     0     0     0     1     0     1
     0     0     2     6     2     0     0     0     0     0     0     0
     0     0     0     0     0     0     0     0     1     0     0     0
     0     0     3     0     0     0     0     0     0     0     0     1
     0     0     0     0     0     0     0     0     0     0     0     0
     0     1     3     1     1     1     0     0     0     0     1     0
     0     2     8     4     0     0     0     0     0     3     2     0
     3     0    15    11     2     4     0     0     5     1     2     2
     5    23    29    24     5    10     0     1     4     8    16    10
    20    33    36    19    12     6     0     1     7    21     9    20
    34    48    44    29    12     8     0     0    17    33    23    28
     6    10    11    11     3     6     1     0     4     7     4    13
     0     2     2     2     0     1     0     0     3    10     1     3
     9
     0     0     0     0     0     1     0     0     0     0     0     0
     0     0     0     0     0     1     0     0     0     0     0     0
     0     0     0     0     0     0     0     0     0     0     0     0
     0     0     0     0     0     0     0     0     0     0     0     0
     0     0     0     0     0     0     0     0     0     0     0     0
     0     0     0     0     0     0     0     0     0     0     0     0
     0     0     0     0     0     0     0     0     0     0     0     0
     0     0     0     0     0     0     0     0     0     0     0     0
     0     0     0     0     0     0     0     0     0     0     0     0
     0     0     0     0     0     0     0     0     0     0     0     0
     0     0     0     0     0     0     0     0     0     0     0     0
     0     1     0     0     0     0     0     0     0     0     0     0
     3     0     1     0     0     0     0     0     0     1     1     0
     1     1     3     1     0     0     0     0     0     2     0     5
     1     2     2     3     0     0     0     0     0     0     1     3
     2     4     3     0     0     0     0     0     0     0     0     0
     0     0     1     0     0     0     0     0     0     0     0     0
     0     0     0     1     0     0     0     0     0     0     0     1
     0     0     0     0     0     1     0     0     0     0     1     0
     0     1     0     5     2     2     0     0     0     2     0     1
     0     0     0     2     1     4     3     1     1     1     0     0
     1     0     2     2     1     0     0     2     1     0     0     0
     0     0     1     2     1     1     0     0     0     0     0     0
     0     0     0     0     0     0     0     0     0     0     0     0
     0     0     0     0     1     0     0     0     0     0     0     0
     0     0     0     0     0     0     0     0     0     0     0     0
     0     0     0     0     0     0     0     0     0     0     0     0
     0     0     0     0     0     0     0     0     0     0     0     0
     0     0     0     1     0     0     0     0     0     0     0     0
     0     0     1     0     0     0     0     0     0     0     0     0
     0     0     1     2     0     0     0     0     0     1     0     0
     1     4     5     3     1     2     0     0     1     3     1     1
     3     8     9     5     0     2     0     0     0     0     0     7
     7    10     3     9     0     4     0     0     5     5     1     7
     0     0     0     2     0     1     0     0     3     1     3     2
     1     1     1     0     0     0     0     0     0     2     0     2
    10
     0     0     0     0     0     0     0     0     0     0     0     0
     0     0     0     0     0     0     0     0     0     0     0     0
     0     0     0     0     0     0     0     0     0     0     0     1
     0     0     0     0     0     0     0     0     0     0     0     0
     0     0     0     0     0     0     0     0     0     0     0     0
     0     0     0     0     0     0     0     0     0     0     0     0
     0     0     0     0     0     0     0     0     0     0     0     0
     0     0     0     0     0     0     0     0     0     0     0     0
     0     0     0     0     0     0     0     0     0     0     0     0
     0     0     0     0     0     0     0     0     0     0     0     0
     0     0     0     0     0     0     0     0     0     0     0     0
     0     0     0     0     0     0     0     0     0     0     0     0
     0     0     1     0     0     0     0     0     0     0     0     0
     2     2     6     0     0     0     0     0     0     0     1     0
     1     2     2     0     0     0     0     0     0     0     0     1
     4     2     3     1     0     0     0     0     0     0     0     1
     0     1     0     0     0     0     0     0     0     0     0     0
     0     0     0     0     0     0     0     0     0     0     0     0
     0     0     0     0     0     0     0     0     0     0     0     0
     0     0     3     0     0     0     0     0     0     1     0     0
     1     1     1     0     0     0     3     0     0     0     0     1
     0     1     2     3     1     2     0     0     0     0     0     2
     0     0     4     0     0     0     0     0     0     1     0     0
     0     0     0     1     0     0     0     0     0     0     0     0
     0     0     0     0     0     0     0     0     0     0     0     0
     0     0     0     0     0     0     0     0     0     0     0     0
     0     0     0     0     0     0     0     0     0     0     0     0
     0     0     0     0     0     0     0     0     0     0     0     0
     0     0     0     0     0     0     0     0     0     0     0     0
     0     0     0     0     0     0     0     0     0     0     0     0
     1     0     1     0     0     0     0     0     0     0     1     0
     0     0     4     2     2     2     0     0     0     0     0     1
     2     6     4     1     0     0     0     0     0     2     2     0
     0     3     5     2     0     2     0     0     6     8     1     4
     1     1     0     1     0     0     0     0     0     0     0     0
     0     0     1     0     0     0     0     0     1     0     0     0
    11
     0     0     0     0     0     0     0     0     0     0     0     0
     0     0     0     0     0     0     0     0     0     0     0     1
     0     0     0     0     0     0     0     0     0     0     0     1
     0     0     0     0     0     0     0     0     0     0     0     0
     0     0     0     0     0     0     0     0     0     0     0     0
     0     0     0     0     0     0     0     0     0     0     0     0
     0     0     0     0     0     0     0     0     0     0     0     0
     0     0     0     0     0     0     0     0     0     0     0     0
     0     0     0     0     0     0     0     0     0     0     0     0
     0     0     0     0     0     0     0     0     0     0     0     0
     0     0     0     0     0     0     0     0     0     0     0     0
     0     0     0     0     0     0     0     0     0     0     0     0
     2     0     0     0     0     0     0     0     0     0     0     0
     2     1     1     0     0     0     0     0     0     2     0     5
     0     1     2     0     0     0     0     0     0     0     0     0
     0     1     1     0     0     0     0     0     0     0     0     2
     0     0     0     0     0     0     0     0     0     0     0     0
     0     0     0     0     0     0     0     1     0     0     0     0
     0     0     0     0     0     0     0     0     0     0     0     0
     0     0     0     0     1     0     0     0     0     0     0     0
     0     0     0     0     0     0     0     1     0     0     0     0
     1     0     0     2     0     0     0     0     0     0     0     0
     0     0     0     1     0     0     0     0     0     0     0     0
     0     0     0     0     0     0     0     0     0     0     0     0
     0     0     0     0     0     0     0     0     0     0     0     0
     0     0     0     1     0     0     0     0     0     0     0     0
     0     0     0     0     0     0     0     0     0     0     0     0
     0     0     0     0     0     0     0     0     0     0     0     0
     0     0     0     0     0     0     0     0     0     0     0     0
     0     0     0     0     0     0     0     0     0     0     0     0
     0     0     0     0     0     0     0     0     0     0     0     0
     0     0     5     1     0     0     0     0     0     0     2     0
     1     7     4     0     0     0     0     0     0     2     0     0
     5     3     3     2     0     1     0     0     6     0     1     3
     0     0     0     0     0     0     0     0     1     0     0     0
     0     0     1     0     0     0     0     0     0     2     0     0
    12
     0     0     0     0     0     0     0     0     0     0     0     0
     0     0     0     0     0     0     0     0     0     0     0     0
     0     0     0     0     0     0     0     0     0     0     0     0
     0     0     0     0     0     0     0     0     0     0     0     0
     0     0     0     0     0     0     0     0     0     0     0     0
     0     0     0     0     0     0     0     0     0     0     0     0
     0     0     0     0     0     0     0     0     0     0     0     0
     0     0     0     0     0     0     0     0     0     0     0     0
     0     0     0     0     0     0     0     0     0     0     0     0
     0     0     0     0     0     0     0     0     0     0     0     0
     0     0     0     0     0     0     0     0     0     0     0     0
     1     0     0     0     0     0     0     0     0     0     0     0
     0     0     0     0     0     0     0     0     0     0     0     0
     0     1     1     0     0     0     0     0     0     0     0     0
     0     0     0     0     0     0     0     0     0     0     0     1
     1     0     0     0     0     0     0     0     0     0     0     1
     0     0     0     0     0     0     0     0     0     0     0     0
     0     0     0     0     0     0     0     0     0     0     0     0
     0     0     0     0     0     0     0     0     0     0     0     0
     0     0     0     0     0     0     0     0     0     0     0     0
     0     0     0     0     0     0     0     0     0     0     0     0
     0     0     0     0     0     0     0     0     0     0     0     0
     0     0     0     0     0     0     0     0     0     0     0     0
     0     0     0     0     0     0     0     0     0     0     0     0
     0     0     0     0     0     0     0     0     0     0     0     0
     0     0     0     0     0     0     0     0     0     0     0     0
     0     0     0     0     0     0     0     0     0     0     0     0
     0     0     0     0     0     0     0     0     0     0     0     0
     0     0     0     0     0     0     0     0     0     0     0     0
     0     0     0     0     0     0     0     0     0     0     0     0
     0     0     1     0     0     0     0     0     0     0     0     0
     0     0     2     0     0     0     0     0     0     0     0     0
     0     0     0     0     0     0     0     0     1     0     0     0
     0     0     0     0     0     0     0     0     1     0     0     0
     0     0     0     0     0     0     0     0     0     0     0     0
     0     0     0     0     0     0     0     0     0     1     0     0
    13
     0     0     0     0     0     0     0     0     0     0     0     0
     0     0     0     0     0     0     0     0     0     0     0     0
     0     0     0     0     0     0     0     0     0     0     0     0
     0     0     0     0     0     0     0     0     0     0     0     0
     0     0     0     0     0     0     0     0     0     0     0     0
     0     0     0     0     0     0     0     0     0     0     0     0
     0     0     0     0     0     0     0     0     0     0     0     0
     0     0     0     0     0     0     0     0     0     0     0     0
     0     0     0     0     0     0     0     0     0     0     0     0
     0     0     0     0     0     0     0     0     0     0     0     0
     0     0     0     0     0     0     0     0     0     0     0     0
     0     0     0     0     0     0     0     0     0     0     0     0
     0     0     0     0     0     0     0     0     0     0     0     0
     0     0     0     0     0     0     0     0     0     0     0     0
     0     0     0     0     0     0     0     0     0     0     0     0
     0     0     0     0     0     0     0     0     0     0     0     0
     0     0     0     0     0     0     0     0     0     0     0     0
     0     0     0     0     0     0     0     0     0     0     0     0
     0     0     0     0     0     0     0     0     0     0     0     0
     0     0     0     0     0     0     0     0     0     0     0     0
     0     0     0     0     0     0     0     0     0     0     0     0
     0     0     0     0     0     0     0     0     0     0     0     0
     0     0     0     0     0     0     0     0     0     0     0     0
     0     0     0     0     0     0     0     0     0     0     0     0
     0     0     0     0     0     0     0     0     0     0     0     0
     0     0     0     0     0     0     0     0     0     0     0     0
     0     0     0     0     0     0     0     0     0     0     0     0
     0     0     0     0     0     0     0     0     0     0     0     0
     0     0     0     0     0     0     0     0     0     0     0     0
     0     0     0     0     0     0     0     0     0     0     0     0
     0     0     0     0     0     0     0     0     0     0     0     0
     0     0     0     0     0     0     0     0     0     0     0     0
     0     0     0     0     0     0     0     0     0     0     0     0
     0     0     1     0     0     0     0     0     0     0     0     0
     0     0     0     0     0     0     0     0     0     0     0     0
     0     0     0     0     0     0     0     0     0     0     0     0
    14
     0     0     0     0     0     0     0     0     0     0     0     0
     0     0     0     0     0     0     0     0     0     0     0     0
     0     0     0     0     0     0     0     0     0     0     0     0
     0     0     0     0     0     0     0     0     0     0     0     0
     0     0     0     0     0     0     0     0     0     0     0     0
     0     0     0     0     0     0     0     0     0     0     0     0
     0     0     0     0     0     0     0     0     0     0     0     0
     0     0     0     0     0     0     0     0     0     0     0     0
     0     0     0     0     0     0     0     0     0     0     0     0
     0     0     0     0     0     0     0     0     0     0     0     0
     0     0     0     0     0     0     0     0     0     0     0     0
     0     0     0     0     0     0     0     0     0     0     0     0
     0     0     0     0     0     0     0     0     0     0     0     0
     0     0     0     0     0     0     0     0     0     0     0     0
     0     0     0     0     0     0     0     0     0     0     0     0
     0     0     0     0     0     0     0     0     0     0     0     0
     0     0     0     0     0     0     0     0     0     0     0     0
     0     0     0     0     0     0     0     0     0     0     0     0
     0     0     0     0     0     0     0     0     0     0     0     0
     0     0     0     0     0     0     0     0     0     0     0     0
     0     0     0     0     0     0     0     0     0     0     0     0
     0     0     0     0     0     0     0     0     0     0     0     0
     0     0     0     0     0     0     0     0     0     0     0     0
     0     0     0     0     0     0     0     0     0     0     0     0
     0     0     0     0     0     0     0     0     0     0     0     0
     0     0     0     0     0     0     0     1     0     0     0     0
     0     0     0     0     0     0     0     0     0     0     0     0
     0     0     0     0     0     0     0     0     0     0     0     0
     0     0     0     0     0     0     0     0     0     0     0     0
     0     0     0     0     0     0     0     0     0     0     0     0
     0     0     0     0     0     0     0     0     0     0     0     0
     0     0     0     0     0     0     0     0     0     0     0     0
     0     0     0     0     1     0     0     0     0     0     0     0
     0     0     0     0     0     0     0     0     0     0     0     0
     0     0     0     0     0     0     0     0     0     0     0     0
     0     0     0     0     0     0     0     0     0     0     0     0
