21
Santa Maria, CA 23273
     0
      11.600      11.600      11.600      12.100      13.300      13.800
      15.600      16.100      15.600      15.600      13.300      11.600
      14.300      14.300      13.800      15.000      15.600      17.200
      18.800      19.300      18.800      18.200      16.100      14.300
      16.700      17.200      16.100      17.700      17.700      19.300
      21.100      21.700      21.700      21.700      18.800      17.200
      41.000      47.000      55.000      52.000      56.000      57.000
      57.000      58.000      57.000      48.000      44.000      40.000
      59.000      64.000      68.000      65.000      65.000      66.000
      65.000      66.000      66.000      63.000      62.000      57.000
      74.000      78.000      80.000      78.000      78.000      80.000
      80.000      81.000      81.000      77.000      78.000      74.000
       1.600       2.000       2.400       2.400       2.400       2.400
       2.400       2.000       2.000       2.000       2.000       1.600
       2.700       3.100       4.000       4.000       4.000       3.500
       3.100       3.100       3.100       3.100       3.100       2.700
       4.000       4.800       5.500       5.500       5.500       4.800
       4.400       4.400       4.400       4.400       4.400       4.000
     300.000     300.000     300.000     300.000     300.000     300.000
     300.000     300.000     300.000     300.000     310.000     310.000
     1
      14.296      14.140      13.921      15.181      15.734      17.004
      18.491      18.946      19.068      18.632      15.681      14.436
      57.754      62.222      66.736      64.475      66.401      67.904
      67.844      68.718      67.432      61.571      60.076      56.503
     2
    22     5    13    10    11    16    16    17    11    19    24    18
    42    27    22    17    16    24    13    21    27    28    32    42
    24    13     6    13     7    11    15    11    17    26    25    22
    30    25    22    22     8    14    13    28    22    50    33    54
    30    22    17    15     6    14    13    16    23    29    33    29
    27    31    25    19    18    14     8    26    13    37    37    42
    48    25    27    19     5    11    15    20    22    26    33    45
    21    24    22    16     5     5     6    13    16    26    37    47
    63    43    49    26    16    13     9    16    31    45    69    50
    32    29    30    23    10    13     2    22    32    36    54    32
    44    36    37    30    19    20    18    30    37    54    55    51
    35    53    66    40    29    27    16    22    50    73    74    71
    28    49    26    21     9    10    18    16    29    40    48    22
    52    50    44    38    20    21    23    18    51    44    62    38
    28    28    39    23    12    18    10    21    20    28    38    34
    40    23    32    39    19    23    23    41    47    30    44    31
    17    20    14    17    14    16    22    15    19    22    16    11
    33    31    33    39    39    23    34    39    42    26    37    23
    20    16    16    14     5    15    29    18    18    13    11     7
    19    29    32    23    20    26    30    32    29    20    16    32
    16    12    10    13     7     8    21    19    14    12    11    16
    14    19    15    18    17    29    30    24    21    15    13    17
    36    37    29    27    31    50    41    46    30    29    31    36
    27    27    32    41    30    40    42    50    47    31    19    31
    43    37    37    33    38    48    48    63    33    33    25    47
    30    34    40    35    43    40    43    50    41    28    20    26
    59    40    49    43    53    71    58    81    55    56    37    42
    22    16    41    40    38    49    62    43    45    33    33    41
    80    52    64    71    59    83    89    99    88    57    58    60
    65    31    59    49    76    72    89    92   102    64    51    56
    36    24    36    33    45    59    66    70    81    43    27    48
    65    34    45    54    90    67    86    94    93    64    59    61
    26    28    26    25    34    23    25    24    51    27    26    18
    38    44    19    25    34    40    58    55    62    49    38    32
    19    14    15    29    29    28    27    23    20    25    26    34
    46    28    32    34    29    33    26    30    44    49    39    44
     3
    12    10    10    18     6     7     5     4    14    18     6    15
    24    23    14    14     9     9    12    14    18    25    16    30
    10    10    11    10     8     3    11     3    11    10    13     8
    10    12    12    11    10     3     5    10    10    19    21     8
    22    18    17     9     8     6     7     4     9    17    15    20
    24    11    15     5     3     2     5     8     7    19    21    12
    27    31    25    12     3     3     7     7    11    16    24    30
    19    17    17     3     4     3     2     5     5    17    28    13
    38    41    27    20     9     2     8    16    16    32    43    37
    17    31    12    15     4     1     2     4    14    23    39    11
    27    28    30    25     5     6    10     6    13    22    38    30
    22    50    40    24     4     6     8     6    17    41    46    35
    14    20    31    17    10     7     5     8     7    19    38    23
    28    33    34    23    10     7    10    12    20    23    44    26
    16    25    28    20     8     3     7     7     9    13    18     8
    24    29    29    21     7    16    11    15    30    21    29    22
    12    10    27    14     7    10    11    10    12    11    11    17
    27    22    33    21    21    33    31    24    15    14    26    18
    10     9    13     6     4    10    18    16    12     9    10    15
    21    21    24    24    15    27    29    15    15    17    24    13
    11     6    14     9     9     6     4     8     5     8     4    10
    10    17    10    23    15    22    17    15    20    12    19    11
    25    44    31    28    38    49    39    31    21    28    24    24
    27    25    23    25    50    26    51    39    30    38    26    29
    47    50    39    51    43    74    48    53    41    35    38    35
    26    28    44    41    40    47    52    48    44    20    24    24
    82    86    76    71    77   114    85    71    84    74    45    61
    68    60    58    62    79    90   120    97    83    56    61    54
   208   167   139   202   215   280   326   318   277   200   163   224
   179   126   146   177   242   307   376   405   301   198   171   200
   133   102   125   133   200   241   298   312   234   178   126   134
   145   120   118   149   213   256   281   340   303   199   182   168
    50    49    50    48    53    77    90    85    73    64    51    51
    54    58    38    55    71    77   114    94    85    82    77    54
    24    17    25    27    27    27    31    26    33    33    29    13
    29    17    24    24    12    30    27    25    23    40    35    36
     4
    13     2     5     2     0     1     1     0     1     2    12     8
    14    12     6     5     2     1     0     1     2     3    12    15
     5     6     6     1     2     1     1     0     0     1     5    10
     9     5     3     2     0     0     1     0     6     5     6    11
     6     7     5     2     0     1     0     1     0     3     6     6
     4     0     0     3     0     1     0     0     0     1     5     3
     4     6     0     1     1     0     0     1     1     2     1     2
     2     1     0     0     0     1     0     1     1     0     2     1
     4     3     2     2     0     1     0     0     1     1     1     3
     4     1     3     0     0     0     0     1     1     1     3     2
     4     5     3     1     2     0     0     0     2     0     4     4
     4     7     7     6     0     0     1     0     1     0     4     7
     3    11     6     3     0     1     0     0     2     1     5     7
     8    15    19     8     2     0     0     0     1     4     7     9
     9    13     8     5     0     1     1     0     4     2     4     7
    13    22     9    14     4     2     2     3     8     5    17    18
    16     5     6     8     1     4     2     3     1    10    13     3
    19    21    17     7     1     6     6     6     5    10    11    13
     7     9     9     8     1     3     3     0     0     3     6     2
     7    15     5    12     1     4     0     0     4     2     8    10
     6     6     5     3     0     3     2     0     2     3     5     4
     7     6    12    11     8     4     6     1     2     4     2     2
    12    10    25    16    12    15    10     2     8    11    13    11
    19    13    18    24    17    13    10    10    13    15    18     9
    15    23    26    27    21    27    18    11    17    21    21    14
     5     9    20    17    17    14    15    14    15     7     9     5
    31    24    37    34    44    47    38    30    23    10    14    18
    26    16    39    55    56    45    50    48    49    19    23    15
    95   123   146   178   196   257   286   253   188   158   123   130
   134   115   164   151   226   269   371   351   212   203   170   128
    79    94   102   137   192   232   296   320   201   186   119    83
    80    73    99    93   170   201   334   292   204   164   141    87
    31    24    27    31    31    59    61    70    39    39    22    27
    22    26    23    31    24    33    36    38    30    37    33    25
    11    18     4     8     6     7     4     4     8     6    15    11
    15    16    11     6     3     5     6     8     3    10    22    19
     5
    20    23     9     9     3     0     0     0     2     6    20    20
    21    24    17    12     4     3     0     0     2    13    39    36
    15    22     7     6     2     2     2     0     1    11    20    32
    21    18     5     5     3     0     4     0     3     9    14    17
     9    13     9     4     1     0     0     0     0    10    12    11
     2     2     0     0     1     1     0     0     1     1     1     6
     0     3     0     1     0     0     0     2     0     0     0     0
     2     0     1     0     0     0     0     0     0     0     0     4
     3     1     0     0     0     1     0     0     0     1     0     1
     0     2     3     1     0     0     0     0     0     0     1     2
     6     4     3     3     2     0     0     0     0     0     3     2
     8     3     7     3     0     0     0     0     0     0     8     6
     9     7     3     5     0     1     0     0     1     2     6     6
    22    25    17     8     2     2     0     0     2     1    17    30
    13    15    15     9     0     1     0     0     1     0    13    20
    23    34    33    16     2     2     0     1     3    10    31    20
    10    13    20    17     1     4     0     0     4     9     9    19
    20    30    17     8     2     2     0     1     4    11    15    18
    12    19    13    11     1     1     0     4     2     3     7    10
     9     5    18    11     1     5     0     0     2     8     7    14
     5     2     0     3     1     3     4     0     3     3     2     2
     3     9     5    12     7     7     1     3     4     8     5     3
    12     9    22    23    13    13     6     3     9    13     7     8
    15    34    23    19    22    21    10     8    20    26    14    10
    17    21    26    28    28    30    22    18    24    19    13    14
     3    10    13    23    11    13     8     7    15     5     8     8
    19    29    37    55    39    43    17     9    19    12     6    11
    25    37    52    57    80    84    65    45    36    24    23    21
   106   150   253   294   373   398   366   346   288   240   166   126
   163   174   291   352   408   447   511   486   315   284   223   148
   108   131   165   180   284   313   427   441   328   228   162   111
    51    96   108   143   204   276   393   362   283   226   123    81
    20    22    26    28    28    42    51    29    44    31    25    27
    21    26    23    22    17    17    33    23    23    24    27    25
    23    19    13    13     3     5     4     1     5    11    19    19
    26    54    22    17     4     2     3     0     1    12    27    35
     6
    17    13    13    11     1     0     2     0     1     9    25    22
    22    32    26    16     3     0     1     0     3    23    34    46
    24    24    15     6     5     2     0     0     2    13    17    23
     9    24    17     3     4     2     0     0     3     2    14    15
     5    10     5     2     0     0     0     1     1     4     5    10
     2     2     0     0     0     0     0     0     0     0     1     2
     0     1     0     0     0     0     0     0     0     0     0     3
     0     0     0     0     0     0     0     0     0     0     0     0
     0     0     0     0     0     0     0     0     0     0     0     0
     0     0     0     1     0     0     0     0     0     0     0     0
     3     2     0     3     0     0     0     0     0     1     0     1
     4     4     2     2     0     0     0     0     0     1     1     2
     6    10     6     7     0     0     0     0     0     0     3     9
    18    25    10     5     1     0     0     0     1     0     8    12
    11    12     8     5     1     0     0     0     0     1    16    11
    22    24    36     5     1     0     0     0     2     2    23    23
    11     6    15     6     0     1     0     0     2    16    11     6
    13    13    19     7     0     4     0     0     1     4    16     4
     2     4     2     3     1     2     0     0     0     2     5     1
     6     3     6     4     3     3     0     0     1     5     4     3
     2     1     1     2     2     1     0     0     1     0     0     0
     1     8     2     2     0     0     1     0     1     3     0     1
     3     2    17     7     9     4     0     0     3     5     2     1
     5     7    11    12    12     8     0     0     4     6     9     0
     3     4    19    17    14    17     3     1    11    12     5     2
     2     3     6     6     6     2     0     3     2     1     2     1
     3    30    44    34    36    19     3     4     7     5     3     2
    11    12    42    46    65    39    12    12    23    16    11     6
    52    96   269   305   395   315   174   175   175   147    80    67
    84   145   271   307   348   306   234   213   204   167   155    64
    57    70   138   140   158   213   176   168   150   135    77    45
    21    28    54    89    72   127   135   134   105    64    57    36
    10    13    10    18     7    10    16    10    13    13     9     6
    15    10     9     9     6     3     5     3    11     1    14     9
     7     6    13     2     0     0     0     0     1     3    12     7
    19    22    15    15     0     0     2     0     1    15    23    20
     7
    13     3     5     3     3     0     0     0     0     1     7     5
     9    13    12    11     1     0     0     0     1     9     9    13
     7     4    11     6     0     0     0     0     2     3     7    11
     5     4     5     5     1     0     0     0     0     4     3     8
     0     1     0     5     0     0     0     0     2     1     2     1
     0     0     0     1     0     0     0     0     1     1     0     0
     0     1     0     0     0     0     0     0     0     0     0     0
     0     1     0     0     0     0     0     0     0     0     0     0
     0     0     0     0     0     0     0     0     0     0     0     0
     0     0     0     0     0     0     0     0     0     0     0     0
     1     0     0     1     0     0     0     0     0     0     0     0
     0     0     0     0     0     0     0     0     0     0     4     2
     3     2     0     0     0     0     0     0     0     0     1     1
    12     5     7     0     0     0     0     0     0     0     3     5
     3     6     3     2     0     0     0     0     0     0     0     3
     8     2    11     0     0     1     0     0     0     0     4     5
     4     2     7     1     0     0     0     0     0     5     3     1
     4     1     2     0     1     1     0     0     0     5     2     6
     1     1     3     3     0     2     0     0     0     2     2     2
     0     1     0     1     0     0     0     0     1     1     2     0
     1     0     3     0     1     0     0     0     0     0     1     0
     0     0     0     0     0     0     0     0     0     0     0     0
     1     1     1     1     5     0     1     0     1     0     1     0
     0     1     1     1     3     0     0     0     1     1     1     0
     0     1     7     7     4     1     0     0     1     1     1     2
     0     1     1     1     2     2     0     0     0     0     0     1
     0     8    15    14    20     5     0     0     2     0     0     2
     1     8    20    19    25    12     5     3     8     4     3     1
    21    34   149   183   221   140    70    47    62    75    39    17
    31    42   115   165   169   121    45    49    50    76    44    18
    10    21    58    54    66    59    26    36    35    22    19    10
     3    15    15    20    21    25    13    15    15    10    11     3
     0     2     1     2     0     1     0     1     0     1     2     3
     1     0     1     0     1     0     1     0     1     1     1     2
     4     1     3     0     0     0     0     0     1     0     2     1
     8     8     4     1     0     0     0     0     0     0     3     2
     8
     7     2     4     1     0     0     0     0     0     0     1     3
     8    16    17     2     1     0     0     0     0     4     5    10
     4     5     4     4     2     1     0     0     1     1     4     5
     5     1     6     3     0     0     0     0     0     4     2     3
     1     3     0     1     0     0     0     0     0     1     0     2
     0     0     0     0     0     0     0     0     0     0     0     2
     0     0     0     0     0     0     0     0     0     1     1     0
     0     0     0     0     0     0     0     0     0     0     0     0
     0     0     0     0     0     0     0     0     0     0     0     0
     0     0     0     0     0     0     0     0     0     0     1     0
     1     0     0     0     0     0     0     0     0     1     1     0
     2     2     1     1     0     0     0     0     0     0     1     1
     0     2     1     1     0     0     0     0     0     0     1     4
     5     6     7     3     0     0     0     0     0     0     5     6
     4     4     3     0     0     0     0     0     0     0     3     7
     7     7     6     2     0     0     0     0     0     2     7    12
     2     4     1     0     0     0     0     0     0     0     0     4
     2     2     3     0     0     0     0     0     0     0     0     3
     0     1     1     0     0     0     0     0     0     0     0     0
     0     0     1     0     0     0     0     0     0     0     0     0
     1     0     0     0     0     0     0     0     0     0     0     0
     0     0     0     0     0     0     0     0     0     0     0     1
     2     2     3     3     1     0     0     0     0     0     0     1
     1     0     0     0     0     0     1     0     0     0     0     0
     0     0     5     2     1     0     0     0     0     0     1     0
     0     0     1     0     1     0     0     0     0     0     0     0
     0     8    17    17    31    15     1     0     1     1     1     0
     0     2    13    20    33    17     1     1     3     0     3     0
     4    39   165   222   268   165    64    33    47    51    26     7
     6    35   120   153   185    96    43    48    49    68    33    13
    10    19    46    51    55    35    18    19    13    20    13     6
     2     4     5    13    21    11     8     7    11     9     5     7
     1     2     2     0     0     1     1     1     0     1     0     0
     1     1     0     0     1     0     0     0     0     1     0     0
     1     0     2     0     1     0     0     0     0     0     1     1
     2     1     5     2     1     0     0     0     0     1     1     3
     9
     0     0     1     0     0     0     0     0     0     0     0     0
     2     1     1     1     0     0     0     0     0     0     2     0
     1     0     0     0     0     0     0     0     0     1     0     0
     0     1     0     0     0     0     0     0     0     0     0     2
     0     0     0     1     0     0     0     0     0     0     0     0
     0     0     0     0     0     0     0     0     0     0     0     0
     0     0     0     0     0     0     0     0     0     0     0     0
     0     0     0     0     0     0     0     0     0     0     0     0
     0     2     0     0     0     0     0     0     0     0     0     0
     0     0     0     0     0     0     0     0     0     0     0     0
     0     0     0     0     0     0     0     0     0     0     0     2
     0     0     1     0     0     0     0     0     0     0     0     0
     1     1     0     0     0     0     0     0     0     0     0     0
     0     1     2     0     0     0     0     0     0     0     0     1
     0     1     0     0     0     0     0     0     0     0     0     2
     0     1     1     0     0     0     0     0     0     0     2     3
     0     0     0     0     0     0     0     0     0     0     0     1
     0     0     0     0     0     0     0     0     0     0     0     0
     0     0     0     0     0     0     0     0     0     0     0     0
     0     0     0     0     0     0     0     0     0     0     0     0
     0     0     0     0     0     0     0     0     0     0     0     0
     0     0     0     0     0     0     0     0     0     0     0     0
     0     0     0     0     1     0     0     0     0     0     0     0
     0     0     0     0     0     0     0     0     0     0     0     0
     0     0     0     0     0     0     0     0     0     0     0     0
     0     0     0     0     0     0     0     0     0     0     1     0
     0     0     4     7     4     0     0     0     0     0     0     1
     0     1     1     3     7     2     0     1     1     1     0     0
     0     5    45    48    72    44    18     4     1     4     4     0
     0     5    20    27    37    19     7     8    10     4     3     0
     0     0     7    10     8     4     0     6     1     2     2     0
     1     1     2     5     3     1     2     0     0     0     0     3
     0     0     0     0     0     0     0     0     0     0     0     0
     0     0     0     1     0     0     0     0     0     0     0     0
     0     0     0     0     0     0     0     0     0     0     0     0
     0     0     0     0     1     0     0     0     0     0     1     0
    10
     0     0     0     0     0     0     0     0     0     0     0     0
     0     1     0     0     0     0     0     0     0     0     0     0
     1     1     0     0     0     0     0     0     0     0     0     0
     0     1     0     0     0     0     0     0     0     1     0     0
     0     0     0     0     0     0     0     0     0     0     0     0
     0     0     0     0     0     0     0     0     0     0     0     0
     0     0     0     0     0     0     0     0     0     0     0     0
     0     0     0     0     0     0     0     0     0     0     0     0
     0     0     0     0     0     0     0     0     0     0     0     0
     0     0     0     0     0     0     0     0     0     0     0     0
     1     0     0     0     0     0     0     0     0     0     0     0
     0     0     0     0     0     0     0     0     0     0     0     0
     0     0     0     0     0     0     0     0     0     0     0     1
     3     2     2     0     0     0     0     0     0     0     0     2
     1     0     0     0     0     0     0     0     0     0     1     0
     1     1     0     0     0     0     0     0     0     0     2     1
     0     0     0     0     0     0     0     0     0     0     0     0
     0     1     0     0     0     0     0     0     0     0     0     0
     0     0     0     0     0     0     0     0     0     0     0     0
     0     0     0     0     0     0     0     0     0     0     0     0
     0     0     0     0     0     0     0     0     0     0     0     0
     0     0     0     0     0     0     0     0     0     0     0     1
     0     0     0     0     0     0     0     0     0     0     0     0
     0     0     0     0     0     0     0     0     0     0     0     0
     0     0     0     0     0     0     0     0     0     0     0     0
     0     0     0     0     0     0     0     0     0     0     0     0
     0     0     2     6     1     1     0     0     0     0     0     0
     0     1     1     3     1     1     0     0     0     0     0     0
     0     0    21    26    52    10     7     0     0     2     2     1
     0     5    11    28    27    13     1     3     1     0     0     0
     0     1     4     8     6     3     1     0     4     1     0     0
     0     0     1     1     1     2     0     0     0     0     1     0
     0     0     0     0     0     0     0     0     0     0     0     0
     0     0     0     0     0     0     0     0     0     0     0     0
     0     0     0     0     0     0     0     0     0     0     0     0
     0     0     0     0     0     0     0     0     0     0     0     0
    11
     0     0     0     0     0     0     0     0     0     0     0     1
     0     0     0     0     0     0     0     0     0     0     0     0
     1     0     0     0     0     0     0     0     0     0     0     1
     0     0     0     0     0     0     0     0     0     0     0     0
     0     0     0     0     0     0     0     0     0     0     0     0
     0     0     0     0     0     0     0     0     0     0     0     0
     0     0     0     0     0     0     0     0     0     0     0     0
     0     0     0     0     0     0     0     0     0     0     0     0
     0     0     0     0     0     0     0     0     0     0     0     0
     0     0     0     0     0     0     0     0     0     0     0     0
     0     0     0     0     0     0     0     0     0     0     2     0
     0     1     0     0     0     0     0     0     0     0     0     0
     0     1     1     0     0     0     0     0     0     0     0     3
     0     0     0     0     0     0     0     0     0     0     1     2
     0     3     0     0     0     0     0     0     0     0     0     0
     0     1     2     0     0     0     0     0     0     0     1     0
     0     0     0     0     0     0     0     0     0     0     0     0
     0     0     0     0     0     0     0     0     0     0     0     0
     0     0     0     0     0     0     0     0     0     0     0     0
     0     0     0     0     0     0     0     0     0     0     0     0
     0     0     0     0     0     0     0     0     0     0     0     0
     0     0     0     0     0     0     0     0     0     0     0     0
     0     0     1     0     0     0     0     0     0     0     0     1
     0     0     0     0     0     0     0     0     0     0     0     0
     0     0     0     0     0     0     0     0     0     0     0     0
     0     0     0     0     0     0     0     0     0     0     0     0
     0     0     2     1     3     0     0     0     0     0     0     0
     0     0     0     0     0     0     0     0     0     0     0     0
     0     0     8    18    25     8     3     1     0     1     0     0
     1     6     5    17    18     5     0     1     0     0     0     0
     0     0     5     2     4     1     0     0     0     0     0     1
     0     1     1     1     3     3     0     0     0     0     0     0
     0     0     0     0     0     0     0     0     0     0     0     0
     0     0     0     0     0     0     0     0     0     0     0     0
     0     0     0     0     0     0     0     0     0     0     0     0
     0     0     0     0     0     0     0     0     0     0     0     0
    12
     0     0     0     0     0     0     0     0     0     0     0     0
     0     0     0     0     0     0     0     0     0     0     0     0
     0     0     0     0     0     0     0     0     0     0     0     0
     0     0     0     0     0     0     0     0     0     0     0     0
     0     0     0     0     0     0     0     0     0     0     0     0
     0     0     0     0     0     0     0     0     0     0     0     0
     0     0     0     0     0     0     0     0     0     0     0     0
     0     0     0     0     0     0     0     0     0     0     0     0
     0     0     0     0     0     0     0     0     0     0     0     0
     0     0     0     0     0     0     0     0     0     0     0     0
     0     0     0     0     0     0     0     0     0     0     0     0
     0     0     0     0     0     0     0     0     0     0     0     0
     0     0     0     0     0     0     0     0     0     0     0     0
     0     0     3     0     0     0     0     0     0     0     2     0
     0     0     0     0     0     0     0     0     0     0     0     0
     0     0     0     0     0     0     0     0     0     0     0     0
     0     0     0     0     0     0     0     0     0     0     0     0
     0     0     0     0     0     0     0     0     0     0     0     0
     0     0     0     0     0     0     0     0     0     0     0     0
     0     0     0     0     0     0     0     0     0     0     0     0
     0     0     0     0     0     0     0     0     0     0     0     0
     0     0     0     0     0     0     0     0     0     0     0     0
     0     0     0     0     0     0     0     0     0     0     0     0
     0     0     0     0     0     0     0     0     0     0     0     0
     0     0     0     0     0     0     0     0     0     0     0     0
     0     0     0     0     0     0     0     0     0     0     0     0
     0     0     0     0     1     0     0     0     0     0     0     0
     0     0     0     0     0     0     0     0     0     0     0     0
     0     0     5     1    15     0     0     0     0     0     0     0
     0     0     0     3     3     1     0     0     0     0     0     0
     0     0     0     1     0     0     0     0     0     0     0     0
     0     0     1     1     1     0     0     0     0     0     0     0
     0     0     0     0     0     0     0     0     0     0     0     0
     0     0     0     0     0     0     0     0     0     0     0     0
     0     0     0     0     0     0     0     0     0     0     0     0
     0     0     0     0     0     0     0     0     0     0     0     0
    13
     0     0     0     0     0     0     0     0     0     0     0     0
     0     0     0     0     0     0     0     0     0     0     0     0
     0     0     0     0     0     0     0     0     0     0     0     0
     0     0     0     0     0     0     0     0     0     0     0     0
     0     0     0     0     0     0     0     0     0     0     0     0
     0     0     0     0     0     0     0     0     0     0     0     0
     0     0     0     0     0     0     0     0     0     0     0     0
     0     0     0     0     0     0     0     0     0     0     0     0
     0     0     0     0     0     0     0     0     0     0     0     0
     0     0     0     0     0     0     0     0     0     0     0     0
     0     0     0     0     0     0     0     0     0     0     0     0
     0     0     0     0     0     0     0     0     0     0     0     0
     0     0     0     0     0     0     0     0     0     0     0     0
     0     0     1     0     0     0     0     0     0     0     0     0
     0     0     0     0     0     0     0     0     0     0     0     0
     0     0     0     0     0     0     0     0     0     0     0     0
     0     0     0     0     0     0     0     0     0     0     0     0
     0     0     0     0     0     0     0     0     0     0     0     0
     0     0     0     0     0     0     0     0     0     0     0     0
     0     0     0     0     0     0     0     0     0     0     0     0
     0     0     0     0     0     0     0     0     0     0     0     0
     0     0     0     1     0     0     0     0     0     0     0     0
     0     0     0     0     0     0     0     0     0     0     0     0
     0     0     0     0     0     0     0     0     0     0     0     0
     0     0     0     0     0     0     0     0     0     0     0     0
     0     0     0     0     0     0     0     0     0     0     0     0
     0     0     0     0     0     0     0     0     0     0     0     0
     0     0     0     0     0     0     0     0     0     0     0     0
     0     0     1     1     1     1     0     0     0     0     0     0
     0     0     0     0     0     0     0     0     0     0     0     0
     0     0     0     0     0     0     0     0     0     0     0     0
     0     0     0     0     0     0     0     0     0     0     0     0
     0     0     0     0     0     0     0     0     0     0     0     0
     0     0     0     0     0     0     0     0     0     0     0     0
     0     0     0     0     0     0     0     0     0     0     0     0
     0     0     0     0     0     0     0     0     0     0     0     0
    14
     0     0     0     0     0     0     0     0     0     0     0     0
     0     0     0     0     0     0     0     0     0     0     0     0
     0     0     0     0     0     0     0     0     0     0     0     0
     0     0     0     0     0     0     0     0     0     0     0     0
     0     0     0     0     0     0     0     0     0     0     0     0
     0     0     0     0     0     0     0     0     0     0     0     0
     0     0     0     0     0     0     0     0     0     0     0     0
     0     0     0     0     0     0     0     0     0     0     0     0
     0     0     0     0     0     0     0     0     0     0     0     0
     0     0     0     0     0     0     0     0     0     0     0     0
     0     0     0     0     0     0     0     0     0     0     0     0
     0     0     0     0     0     0     0     0     0     0     0     0
     0     0     0     0     0     0     0     0     0     0     0     0
     0     0     1     0     0     0     0     0     0     0     0     0
     0     0     0     0     0     0     0     0     0     0     0     0
     0     0     0     0     0     0     0     0     0     0     0     0
     0     0     0     0     0     0     0     0     0     0     0     0
     0     0     0     0     0     0     0     0     0     0     0     0
     0     0     0     0     0     0     0     0     0     0     0     0
     0     0     0     0     0     0     0     0     0     0     0     0
     0     0     0     0     0     0     0     0     0     0     0     0
     0     0     0     0     0     0     0     0     0     0     0     0
     0     0     0     0     0     0     0     0     0     0     0     0
     0     0     0     0     0     0     0     0     0     0     0     0
     0     0     0     0     0     0     0     0     0     0     0     0
     0     0     0     0     0     0     0     0     0     0     0     0
     0     0     0     0     0     0     0     0     0     0     0     0
     0     0     0     0     0     0     0     0     0     0     0     0
     0     0     0     0     0     0     0     0     0     0     0     0
     0     0     0     0     0     0     0     0     0     0     0     0
     0     0     0     0     0     0     0     0     0     0     0     0
     0     0     0     0     0     0     0     0     0     0     0     0
     0     0     0     0     0     0     0     0     0     0     0     0
     0     0     0     0     0     0     0     0     0     0     0     0
     0     0     0     0     0     0     0     0     0     0     0     0
     0     0     0     0     0     0     0     0     0     0     0     0
    15
     0     0     0     0     0     0     0     0     0     0     0     0
     0     0     0     0     0     0     0     0     0     0     0     0
     0     0     0     0     0     0     0     0     0     0     0     0
     0     0     0     0     0     0     0     0     0     0     0     0
     0     0     0     0     0     0     0     0     0     0     0     0
     0     0     0     0     0     0     0     0     0     0     0     0
     0     0     0     0     0     0     0     0     0     0     0     0
     0     0     0     0     0     0     0     0     0     0     0     0
     0     0     0     0     0     0     0     0     0     0     0     0
     0     0     0     0     0     0     0     0     0     0     0     0
     0     0     0     0     0     0     0     0     0     0     0     0
     0     0     0     0     0     0     0     0     0     0     0     0
     0     0     0     0     0     0     0     0     0     0     0     0
     0     0     0     0     0     0     0     0     0     0     0     0
     0     0     0     0     0     0     0     0     0     0     0     0
     0     0     0     0     0     0     0     0     0     0     0     0
     0     0     0     0     0     0     0     0     0     0     0     0
     0     0     0     0     0     0     0     0     0     0     0     0
     0     0     0     0     0     0     0     0     0     0     0     0
     0     0     0     0     0     0     0     0     0     0     0     0
     0     0     0     0     0     0     0     0     0     0     0     0
     0     0     0     0     0     0     0     0     0     0     0     0
     0     0     0     0     0     0     0     0     0     0     0     0
     0     0     0     0     0     0     0     0     0     0     0     0
     0     0     0     0     0     0     0     0     0     0     0     0
     0     0     0     0     0     0     0     0     0     0     0     0
     0     0     0     0     0     0     0     0     0     0     0     0
     0     0     0     0     0     0     0     0     0     0     0     0
     0     0     0     0     0     0     0     0     0     0     0     0
     0     0     0     0     0     0     0     0     0     0     0     0
     0     0     0     0     0     0     0     0     0     0     0     0
     0     0     0     0     0     0     0     0     0     0     0     0
     0     0     0     0     0     0     0     0     0     0     0     0
     0     0     0     0     0     0     0     0     0     0     0     0
     0     0     0     0     0     0     0     0     0     0     0     0
     0     0     0     0     0     0     0     0     0     0     0     0
    16
     0     0     0     0     0     0     0     0     0     0     0     0
     0     0     0     0     0     0     0     0     0     0     0     0
     0     0     0     0     0     0     0     0     0     0     0     0
     0     0     0     0     0     0     0     0     0     0     0     0
     0     0     0     0     0     0     0     0     0     0     0     0
     0     0     0     0     0     0     0     0     0     0     0     0
     0     0     0     0     0     0     0     0     0     0     0     0
     0     0     0     0     0     0     0     0     0     0     0     0
     0     0     0     0     0     0     0     0     0     0     0     0
     0     0     0     0     0     0     0     0     0     0     0     0
     0     0     0     0     0     0     0     0     0     0     0     0
     0     0     0     0     0     0     0     0     0     0     0     0
     0     0     0     0     0     0     0     0     0     0     0     0
     0     0     0     0     0     0     0     0     0     0     0     0
     0     0     0     0     0     0     0     0     0     0     0     0
     0     0     0     0     0     0     0     0     0     0     0     0
     0     0     0     0     0     0     0     0     0     0     0     0
     0     0     0     0     0     0     0     0     0     0     0     0
     0     0     0     0     0     0     0     0     0     0     0     0
     0     0     0     0     0     0     0     0     0     0     0     0
     0     0     0     0     0     0     0     0     0     0     0     0
     0     0     0     0     0     0     0     0     0     0     0     0
     0     0     0     0     0     0     0     0     0     0     0     0
     0     0     0     0     0     0     0     0     0     0     0     0
     0     0     0     0     0     0     0     0     0     0     0     0
     0     0     0     0     0     0     0     0     0     0     0     0
     0     0     0     0     0     0     0     0     0     0     0     0
     0     0     0     0     0     0     0     0     0     0     0     0
     0     0     0     0     0     0     0     0     0     0     0     0
     0     0     0     0     0     0     0     0     0     0     0     0
     0     0     0     0     0     0     0     0     0     0     0     0
     0     0     0     0     0     0     0     0     0     0     0     0
     0     0     0     0     0     0     0     0     0     0     0     0
     0     0     0     0     0     0     0     0     0     0     0     0
     0     0     0     0     0     0     0     0     0     0     0     0
     0     0     0     0     0     0     0     0     0     0     0     0
    17
     0     0     0     0     0     0     0     0     0     0     0     0
     0     0     0     0     0     0     0     0     0     0     0     0
     0     0     0     0     0     0     0     0     0     0     0     0
     0     0     0     0     0     0     0     0     0     0     0     0
     0     0     0     0     0     0     0     0     0     0     0     0
     0     0     0     0     0     0     0     0     0     0     0     0
     0     0     0     0     0     0     0     0     0     0     0     0
     0     0     0     0     0     0     0     0     0     0     0     0
     0     0     0     0     0     0     0     0     0     0     0     0
     0     0     0     0     0     0     0     0     0     0     0     0
     0     0     0     0     0     0     0     0     0     0     0     0
     0     0     0     0     0     0     0     0     0     0     0     0
     0     0     0     0     0     0     0     0     0     0     0     0
     0     0     0     0     0     0     0     0     0     0     0     0
     0     0     0     0     0     0     0     0     0     0     0     0
     0     0     0     0     0     0     0     0     0     0     0     0
     0     0     0     0     0     0     0     0     0     0     0     0
     0     0     0     0     0     0     0     0     0     0     0     0
     0     0     0     0     0     0     0     0     0     0     0     0
     0     0     0     0     0     1     0     0     0     0     0     0
     0     0     0     0     0     0     0     0     0     0     0     0
     0     0     0     0     0     0     0     0     0     0     0     0
     0     0     0     0     0     0     0     0     0     0     0     0
     0     0     0     0     0     0     0     0     0     0     0     0
     0     0     0     0     0     0     0     0     0     0     0     0
     0     0     0     0     0     0     0     0     0     0     0     0
     0     0     0     0     0     0     0     0     0     0     0     0
     0     0     0     0     0     0     0     0     0     0     0     0
     0     0     0     0     0     0     0     0     0     0     0     0
     0     0     0     0     0     0     0     0     0     0     0     0
     0     0     0     0     0     0     0     0     0     0     0     0
     0     0     0     0     0     0     0     0     0     0     0     0
     0     0     0     0     0     0     0     0     0     0     0     0
     0     0     0     0     0     0     0     0     0     0     0     0
     0     0     0     0     0     0     0     0     0     0     0     0
     0     0     0     0     0     0     0     0     0     0     0     0
