18
Sheridan, WY 24029
     0
      -9.400      -5.000       -.700       3.900       9.300      15.000
      20.000      20.600      12.100       6.000      -1.800      -7.900
      -1.800        .600       3.900       8.800      13.800      20.000
      25.000      25.000      17.700      11.600       3.200      -2.300
       3.200       5.000       8.800      15.000      18.800      24.300
      28.800      29.300      23.200      17.200       8.300       2.700
      51.000      48.000      38.000      31.000      36.000      35.000
      27.000      24.000      27.000      31.000      43.000      51.000
      62.000      60.000      55.000      47.000      52.000      49.000
      38.000      33.000      39.000      44.000      60.000      63.000
      74.000      74.000      72.000      70.000      71.000      67.000
      55.000      48.000      61.000      64.000      75.000      75.000
       2.000       2.000       2.000       2.000       2.000       2.000
       2.000       2.000       2.000       2.000       1.600       1.600
       2.400       2.700       3.100       3.100       3.100       2.700
       2.700       2.700       2.700       2.700       2.400       2.400
       4.000       4.400       5.200       5.500       4.800       4.000
       3.500       4.000       4.000       4.400       4.000       4.000
     310.000     310.000     320.000     320.000     320.000     320.000
     320.000     330.000     330.000     320.000     320.000     310.000
     1
      -3.310       -.522       4.064       9.548      14.165      19.830
      24.249      24.560      17.734      11.752       3.024      -2.996
      62.234      60.765      55.283      50.700      53.992      51.285
      42.169      37.488      44.873      48.049      58.445      62.386
     2
    33    38    31    29    41    49    46    57    41    38    46    31
    36    30    46    48    60    45    81    90    69    73    49    26
    25    26    28    27    40    33    41    56    45    49    44    22
    36    23    17    36    34    37    60    51    64    41    37    23
    33    20    32    51    50    56    81    94    84    61    60    43
    21    21    27    29    38    35    52    50    45    53    30    18
    26    31    31    39    53    44    77    68    57    57    30    26
    17    12    25    28    41    35    29    49    36    35    22    13
    27    27    35    41    52    52    61    78    65    50    28    26
    13    21    26    23    41    42    38    35    29    29    21    21
    28    29    39    43    55    70    67    63    57    54    44    38
    41    36    43    50    33    68    72    49    53    53    46    27
    36    36    47    31    52    71    79    58    48    44    37    32
    48    34    46    55    74    69    69    69    68    47    53    54
    41    28    29    35    45    48    46    38    41    47    36    40
    44    43    41    43    49    56    59    59    51    44    43    61
    53    50    41    23    36    33    50    39    52    37    33    51
    79    72    69    36    81    66    83    65    66    63    64    79
    53    32    27    13    28    41    36    18    23    20    34    30
    51    41    38    22    31    37    40    32    24    33    33    45
    40    24    21     9    34    30    23    13    14    22    23    31
    27    12    22     8    21    20    25    17    15    27    18    31
    32    26    25    18    24    33    42    23    15    21    30    36
    28    35    18    12    23    34    25    19    17    11    20    37
    29    31    19    35    16    23    25    24    16    25    28    41
    14    25    17     9    15    22    17    16    18    17    21    30
    34    42    19    41    41    34    31    25    29    25    25    31
    24    21    19    13    36    17    21    19     7    21    19    26
    29    39    24    24    37    68    38    38    41    33    47    44
    22    29    24    30    31    35    39    31    26    36    39    37
    40    37    28    31    37    37    28    49    44    32    45    57
    62    44    38    46    58    58    61    55    39    49    74    82
    47    38    23    22    31    40    41    38    38    42    40    46
    58    59    42    41    56    63    67    52    57    62    78    77
    42    45    39    33    31    44    45    38    40    57    58    49
    78    70    62    63    84    82    84    79   100    81    66    75
     3
    31    40    40    52    54    57   105   100    75    56    56    39
    30    34    46    65    65    90   103   116    84    72    46    31
    18    27    39    52    62    56    68   102    84    58    18    11
    21    20    34    36    56    53    89    86    80    46    28    17
    21    20    66    63    91    75   105   113    87    58    31    19
    13    32    38    42    63    56    65    71    49    37    25    16
    18    19    44    47    75   101    91    90    53    47    18    19
    15    12    27    53    49    59    64    66    51    26    21    12
    18    37    53    70   105   120   101   121    59    52    30    12
    17    19    21    35    48    65    66    66    37    33    21     8
    22    25    43    42    74   105   100    74    45    50    37    23
    22    30    32    65    73    94    94    70    61    54    29    27
    27    35    50    57    87   115   100    98    52    61    46    34
    45    52    62    75    83   117   135    96    70    56    68    46
    33    22    39    44    55    56    79    64    52    51    43    49
    60    59    46    48    66    80    96    77    56    49    50    74
    55    73    59    43    58    81    77    70    52    49    46    53
   155   118    90    64    88   110   122   119    74    71    96   147
    88    73    55    30    56    64    72    64    46    35    64    78
    85    59    42    27    60    68    68    54    38    39    65    77
    51    51    26    13    27    52    62    39    21    25    33    57
    35    42    23    14    30    53    56    32    30    27    34    40
    45    41    40    25    42    49    61    44    30    31    47    48
    56    30    34    30    35    61    62    49    38    37    35    44
    43    51    34    40    60    64    74    49    42    38    39    48
    43    52    32    25    61    45    68    50    40    46    52    44
    71    70    66    59    84   101   118    77    52    66    69    64
    49    41    46    42    78    75    88    54    33    50    49    54
   102    74    69    67   118   131   117    81    91   102    73    91
    91    77    81    64    97   107   117    90    98    78    86    76
    80    72    60    76   110   114   110   113    96    96    92    88
   108   108    94    90   126   129   156   111   113   130   102   116
    90    76    76    55    88   101    91    93    93    84    75    80
    92    92    98    81   117   134   128   125   131   114   121    95
    79    73    69    78    71    80   110   105    97    85    86    78
    98    92    93   121   170   147   187   213   186   154   122    88
     4
     4     3    13    20    18    28    37    31    29    19     7     7
    11     5    15    19    21    23    36    51    37    14     2     8
     3     6    14     5    16    14    26    20    20     8     3     3
     4     7    10    15    15    21    20    20    17     9     2     1
     0     4    18    24    22    24    24    31    20     6     3     3
     4     3    10     5    14    21    22    21    12    14     7     0
     0     4     5    14    29    14    21    23    24     5     5     4
     1     3     7    20    18     9    29    20     9     3     0     2
     2     5    21    30    40    47    51    51    25    23     7     3
     5     2    15    19    33    27    28    21    10    14     8     1
     7    15    22    27    56    37    52    29    27    14    16     9
     4    20    18    28    43    55    50    43    21    29    15     4
     9    14    20    27    41    49    52    27    23    29    26     4
    12    25    22    32    39    54    54    53    34    27    27    10
     8    13    14    25    23    12    29    26    11    16     9     7
    17    23    12    19    22    27    29    22    15    18    17    19
    11    12     8     8    24    14    32    24    10    11     6    13
    34    18    22    18    30    30    38    41    14    21    26    29
    24    14     6    16    17    12    24    21     6     4    12    16
    22    17    16     9    14    14    22    18     5     5     9    16
    13    13     6     7    20     9    13    12     2     5     6    14
     9    12     6    11    12    14    10    14    11     5     9    10
     9     7     9    11    23    24    22    11     9    10    12     8
    13    12    13    23    16    17    27    11    10     9     9     6
    23    13    21    15    18    22    15    19    19    18     9    23
    10    17    29    13    26    22    20    27    20    16    14    25
    38    37    52    42    58    49    60    45    43    28    34    35
    19    17    20    21    33    46    36    26    33    17    26    41
    45    51    42    41    61    58    64    50    60    42    57    36
    40    42    44    36    63    70    59    69    49    50    51    49
    40    35    62    46    67    75    75    79    70    54    48    40
    38    52    68    69    90    80    85    65    71    71    62    45
    25    33    49    45    56    48    58    44    49    36    41    30
    33    40    41    45    67    62    61    65    54    47    35    31
    27    26    41    27    37    41    42    44    41    24    21    27
    16    20    43    43    42    51    84    65    64    41    32    33
     5
     4     7    10    13    10    13    10    11    12     5     2     1
     3     5    13    16     7    15    26    11     8     6     3     0
     1     3     9    12     6     3     8    12     6     1     2     3
     1     1     4     9     4     7     7    12     8     3     1     0
     2     1     5    10    11     8     7    15     5     3     2     0
     0     0     7    10     7     8     4     9     3     1     2     0
     0     3     4    13    12     9    15     9     2     4     1     0
     1     0     6     4    13    17     8     8     8     2     0     0
     2     7    22    32    38    51    46    22    17     9     4     3
     0     4    12    28    35    33    28    16    15     8     6     3
     7    17    37    35    74    60    51    39    25    18    14     6
     4    12    35    45    57    52    51    37    26    32    26     6
     8    11    26    32    49    43    44    32    21    29    21     3
     7    12    52    47    57    50    44    47    36    28    21     6
     8     8    18    13    19    22    22    23     9    13     9     0
     4     7    12    10    17    22    18    17     9    12    13     3
     3     2     5    10    18     8    16    28     8     7     3     2
     7     7    11    17    17    12    26    17    12     5     5     6
     1     4     5    11    11     9    14     9     4     1     2     1
     2     3     7     7    10    13     9    17     5     3     2     4
     2     0     5     5    17     5    12    10     6     3     4     2
     4     3     2     2    16    16    12    12     7     6     4     6
     1     6    17    18    19    15    14    17     6     9     8     6
    12     8     9    11    22    15     7     9     7     7     3    11
    15     3    13    20    23    22    18    24     8    12     8    10
    12    11    16    11    20    16    11    13     8    14     9    13
    39    36    41    26    42    49    38    37    28    25    35    26
    17    21    26    32    43    52    23    33    15    23    18    33
    50    47    53    72   101    90    91    62    40    47    51    88
    59    58    94    97   115   101    77    64    86    62    63    81
    74    78   111   113   132   113    99    71    98    85    72    89
    86    95   127   122   143   133   109    99   124   125   100    60
    32    41    61    62    76    72    62    60    72    58    36    26
    33    33    53    61    59    57    70    73    48    49    39    35
    22    21    27    30    41    36    30    34    34    35    12    12
    17    18    30    43    44    32    48    53    28    22    17    23
     6
     0     2     0     4     1     6     2     2     0     3     0     3
     1     2     0     4     1     1     8     5     2     0     0     1
     0     2     0     1     3     1     2     3     0     0     0     1
     0     1     1     1     2     0     0     1     2     0     0     0
     0     0     0     2     2     2     1     2     2     0     0     0
     0     0     2     1     2     0     1     3     1     1     0     0
     0     0     0     2     3     3     2     2     0     0     1     1
     0     0     4     1     0     1     3     3     0     1     0     0
     0     1     8     9    19    13    11     7     3     1     1     0
     0     1     5    11    16     6     7     6     4     1     3     0
     4     2    15    20    32    32    25    10    14    19     2     0
     3     3    26    39    40    28    19    10    16    15     4     0
     5     3    27    30    46    26    18    23    16    21     5     2
     2     4    24    27    49    29    24    17    15    14    13     1
     1     6     6     7    11    12     8    14     6     4     4     2
     3     1     6     7     6     7     7     9     2     2     3     2
     1     1     2     4     3     5     6     4     3     1     0     0
     2     0     2     6    14     2    12     5     8     2     1     0
     0     1     0     3     7     4     3     2     0     0     1     2
     1     0     3     4     4     4     3     4     1     0     1     1
     0     1     6     2     7     2     3     2     6     2     1     0
     6     1     2     0     5     3     5     4     3     3     2     3
     5     3     8     4    10     8    11     3     5     7     3     1
     7     1     3     7     6     5     1     9     9    14     1     9
    13     7    12    14     9     6     6    14     7     4     6     7
     8    11     8    10    16     3     2     2     2    10     6     9
    18    13    17    17    18    16    10    12     7    12     7    13
    11     7    12     6    13    13    12     7     9    12     7    13
    25    38    36    50    57    41    44    39    38    32    21    44
    39    58    76   100   100    66    57    33    56    53    50    58
    61    88   120   150   142   109    84    75    98   101    70    59
    82    76   144   142   171   104    79    76   131   135    81    76
    31    46    78    70    80    59    56    50    74    73    45    35
    29    27    51    52    42    42    31    41    43    62    19    16
     1    15    21    18    25    13    12    15    19    10     7     4
    10     5    17     9    12    10    10    13    11     6     6     2
     7
     1     1     0     1     0     0     1     1     0     0     1     0
     0     0     1     0     0     0     2     0     0     0     0     1
     0     0     0     0     0     0     0     0     1     0     0     0
     0     0     0     0     0     0     0     0     0     0     0     0
     0     0     0     0     0     0     0     0     0     0     0     0
     0     0     0     1     0     0     0     0     0     0     0     0
     0     0     0     0     0     0     0     0     0     0     0     0
     0     0     0     0     0     0     0     0     0     0     0     0
     0     0     0     0     0     0     1     2     0     0     0     0
     0     0     1     5     1     1     2     1     0     1     0     1
     0     0     8     3    10     4     1     3     4     2     0     0
     0     0     5     6    12     4     1     7     1     3     0     0
     0     0     5    10    13    11     3     2     1     7     1     0
     0     0     6    12    22     9     6     5     6     3     3     1
     1     0     0     7     8     0     4     3     1     1     0     0
     0     0     3     3     5     0     2     1     3     3     2     0
     0     0     0     0     2     2     1     0     0     0     1     0
     0     0     0     0     2     2     2     3     3     0     0     0
     0     0     0     0     3     1     0     1     0     0     1     0
     0     0     3     2     2     3     1     0     1     0     0     0
     0     0     0     0     1     0     0     0     0     0     0     0
     1     0     1     1     5     0     0     1     0     0     0     0
     2     1     2    10     2     1     2     1     5     1     2     2
     2     1     3     2     2     2     0     3     0     3     1     8
     2     1     7     6     2     3     1     3     6     3     2     4
     8     2     1     1     1     1     0     2     3     2     5     4
     5     7     5     7     8     2     1     6     4     3    12     5
     5     6     1     5     6     4     7     2     2     5     4     4
    16    20    12    18    24    15    12    18    12    10    15    17
    28    22    40    51    42    22    22    21    30    30    29    16
    39    35    88    82    67    40    21    28    35    53    46    30
    41    40    93    90    68    44    26    30    58    69    47    45
    18    27    57    30    42    15    10    18    27    35    18    22
     7    11    28    26    22     9     9    11    14    24     8     4
     0     4     7     7     7     6     3    11     4     9     2     3
     2     2     1     4     2     1     3     2     1     5     1     1
     8
     0     0     0     0     0     1     1     0     0     0     0     0
     0     0     0     0     0     0     1     0     0     0     0     0
     0     0     0     0     0     0     0     0     0     0     0     0
     0     0     0     0     0     0     0     0     0     0     0     0
     0     0     0     0     0     0     0     0     0     0     0     0
     0     0     0     0     0     0     0     0     0     0     0     0
     1     0     0     1     0     0     0     0     0     0     0     0
     0     0     0     0     0     0     0     0     0     0     0     0
     0     0     2     1     2     1     0     0     0     0     0     0
     0     0     0     2     1     0     1     0     0     0     0     0
     0     0     2     6    11     2     2     0     1     0     2     0
     0     0     1     8     6     2     0     2     1     1     0     0
     0     0     0    15    14     9     3     1     3     0     0     0
     1     0     8     9    21     9     3     5     4     7     2     0
     0     0     1     4     7     1     3     0     2     1     0     0
     0     0     0     4     2     1     1     2     1     1     0     0
     0     0     0     0     1     2     0     1     1     1     0     0
     0     0     1     3     0     1     5     0     0     0     0     0
     0     0     0     3     0     0     0     1     0     0     0     0
     1     0     0     0     1     2     1     2     1     0     4     1
     1     0     0     2     3     1     2     2     4     0     1     0
     0     0     1     0     2     0     6     1     1     1     1     2
     6     4     2     7     6     4     3     6     1     1     1     1
     2     0     3     2     2     3     2     0     2     4     1     6
     3     4     6     7     4     1     0     4     3     5     9     7
     7     4     6     3     5     1     1     0     0     0     6     3
     8     7     4     1     7     5     1     1     3     2     3     4
     8     4     6     7    16     0     2     4     3     2     4     5
    16    20    30    48    33    15    16    20    12    18    17    20
    35    44    37    71    49    24    12    17    22    41    29    29
    41    40    93    89    76    36    20    34    38    52    45    50
    69    68   117   135    94    30    28    30    59    47    34    53
    19    24    34    45    26     7     7    20    21    22    18    18
    16    17    19    27    23    12     2     9    14    15     7    10
     3     2     4     5     3     3     1     3     5     6     1     0
     2     1     0     3     1     0     3     0     0     1     1     2
     9
     0     0     0     0     0     0     0     0     0     0     0     0
     1     0     0     0     0     0     0     0     0     0     0     0
     0     0     0     0     0     0     0     0     0     0     0     0
     0     0     0     0     0     0     0     0     0     0     0     0
     0     0     0     0     0     0     0     0     0     0     0     0
     0     0     0     0     0     0     0     0     0     0     0     0
     0     0     0     0     0     0     0     0     0     0     0     0
     0     0     0     0     0     0     0     0     0     0     0     0
     0     0     0     0     0     0     0     0     0     0     0     0
     0     0     0     0     0     0     0     0     0     0     0     0
     0     0     0     0     3     0     0     0     0     0     0     0
     0     0     0     0     2     0     0     1     0     0     0     0
     0     0     0     5     6     0     0     0     0     0     1     0
     0     0     2     2     7     1     0     1     0     3     0     0
     0     0     1     2     0     0     0     0     0     0     0     0
     0     0     0     1     0     0     0     0     0     0     0     0
     0     0     0     0     0     0     0     0     1     0     0     0
     0     0     0     0     0     0     1     0     0     0     0     0
     0     0     0     0     1     0     0     0     0     0     0     0
     1     0     0     0     0     0     1     0     0     0     0     0
     0     0     0     0     0     0     0     0     0     0     1     0
     0     0     0     1     0     1     0     0     0     0     0     0
     0     0     1     0     0     1     0     0     2     0     0     1
     3     2     1     1     0     0     0     0     1     0     0     1
     3     2     0     1     1     0     1     0     0     1     2     3
     5     1     1     0     0     0     0     0     0     0     0     1
     2     3     1     0     1     0     1     1     0     1     0     3
     3     2     1     0     3     1     1     0     0     0     1     0
     4    11    11    11     8     1     4     3     8     3     6     8
    13     6    19    17     8     4     5     2     6     5     9    12
    11    20    20    30    13     9     6     4     5     8    11    16
    23    18    33    39    21    12     8    11    10    15    16    15
     6     2     8     7     2     4     0     3     4     5     4     5
     4     4     7     9     0     1     2     2     5     2     2     2
     1     0     2     1     0     0     0     0     0     1     0     0
     0     0     1     0     0     0     0     0     1     0     0     0
    10
     0     0     1     0     0     0     0     0     0     0     0     0
     0     0     0     0     0     0     0     0     0     0     0     0
     0     0     0     0     0     0     0     0     0     0     0     0
     0     0     0     0     0     0     0     0     0     0     0     0
     0     0     0     0     0     0     0     0     0     0     0     0
     0     0     0     0     0     0     0     0     0     0     0     0
     0     0     0     0     0     0     0     0     0     0     0     0
     0     0     0     0     0     0     0     0     0     0     0     0
     0     0     0     0     0     0     0     0     0     0     0     0
     0     0     0     0     0     0     0     0     0     0     0     0
     0     0     1     1     0     0     0     0     0     0     0     0
     0     0     0     1     0     0     1     0     0     0     0     0
     0     0     0     2     1     0     0     0     0     0     0     0
     0     0     2     0     3     0     0     0     0     0     0     0
     0     0     1     0     0     0     1     0     0     0     0     0
     0     0     0     0     0     0     1     0     0     0     0     0
     0     0     0     0     0     0     0     0     0     0     0     0
     0     0     0     0     1     0     1     0     0     0     0     0
     1     0     0     0     0     0     0     0     0     0     0     0
     0     0     0     0     0     0     0     0     0     0     0     0
     0     0     0     0     0     0     0     0     0     0     0     0
     1     0     0     0     1     0     0     0     0     0     0     0
     1     0     0     0     0     0     0     0     0     0     0     3
     2     0     0     0     1     0     0     1     0     0     0     2
     1     1     1     3     3     3     0     0     0     1     1     1
     0     0     0     1     1     0     0     0     1     0     0     1
     0     1     0     1     0     0     0     0     0     0     2     2
     0     0     0     1     0     0     0     0     0     0     0     0
     7     5     6     9     9     1     1     6     1     3     2     7
     9     3    15    15     9     3     4     2     3     1     4     9
    10     7    31    25    10     3     3     4     7     5    10     9
     8    10    20    23    16     4     1     5     9     7     8    11
     5     3     8     6     6     2     0     0     2     8     2     1
     3     2     8     6     3     0     0     0     3     4     1     0
     1     0     0     0     0     0     0     0     0     2     0     0
     0     0     0     0     0     0     0     0     0     0     0     0
    11
     0     0     0     0     0     0     0     0     0     0     0     0
     0     0     0     0     0     0     0     0     0     0     0     0
     0     0     0     0     0     0     0     0     0     0     0     0
     0     0     0     0     0     0     0     0     0     0     0     0
     0     0     0     0     0     0     0     0     0     0     0     0
     0     0     0     0     0     0     0     0     0     0     0     0
     0     0     0     0     0     0     0     0     0     0     0     0
     0     0     0     0     0     0     0     0     0     0     0     0
     0     0     0     0     0     0     0     0     0     0     0     0
     0     0     0     0     0     0     0     0     0     0     0     0
     0     0     0     0     0     0     0     0     0     0     0     0
     0     0     0     0     1     0     0     0     0     0     0     0
     0     0     0     1     1     0     0     0     0     0     0     0
     0     0     0     1     2     0     0     0     0     0     0     0
     0     0     0     0     0     0     0     0     0     0     0     0
     0     0     0     0     0     0     0     0     0     0     0     0
     0     0     0     0     0     0     0     0     0     0     0     0
     0     0     0     0     0     0     0     0     0     0     0     0
     0     0     0     0     0     0     0     0     0     0     0     0
     0     0     0     0     0     0     0     0     0     0     0     0
     0     0     0     0     0     0     0     0     1     0     1     0
     0     0     1     0     0     1     0     1     0     0     1     1
     1     1     0     1     0     0     1     0     1     0     0     1
     3     0     0     1     0     0     1     0     0     0     0     2
     1     1     0     1     5     0     0     0     0     0     0     2
     1     0     0     0     3     0     0     0     1     0     0     0
     1     0     0     1     1     0     0     0     0     0     1     0
     3     0     0     1     2     1     0     0     0     0     1     0
     2     3     5    15     9     0     0     1     4     0     3    12
    14     6    11    18     8     6     4     3     5     4     2     7
     8     8    24    28    10     8     6     7     3     6    10     6
     4     9    13    36    10     4     3     7     9    11     6    12
     2     5     6     3     3     0     2     1     2     0     3     3
     0     1     2     3     0     1     0     1     1     0     0     1
     0     0     1     1     0     0     0     0     0     0     0     0
     0     0     0     0     0     1     0     0     0     0     0     0
    12
     0     0     0     0     0     0     0     0     0     0     0     0
     0     0     0     0     0     0     0     0     0     0     0     0
     0     0     0     0     0     0     0     0     0     0     0     0
     0     0     0     0     0     0     0     0     0     0     0     0
     0     0     0     0     0     0     0     0     0     0     0     0
     0     0     0     0     0     0     0     0     0     0     0     0
     0     0     0     0     0     0     0     0     0     0     0     0
     0     0     0     0     0     0     0     0     0     0     0     0
     0     0     0     0     0     0     0     0     0     0     0     0
     0     0     0     0     0     0     0     0     0     0     0     0
     0     0     0     0     0     0     0     0     0     0     0     0
     0     0     0     0     0     0     0     0     0     0     0     0
     0     0     0     0     0     0     0     0     0     0     0     0
     0     0     0     0     0     0     0     0     0     0     0     0
     0     0     0     0     0     0     0     0     0     0     0     0
     0     0     0     0     0     0     0     0     0     0     0     0
     0     0     0     0     0     0     0     0     0     0     0     0
     0     0     0     0     0     0     0     0     0     0     0     0
     0     0     0     0     0     0     0     0     0     0     0     0
     0     0     0     0     0     0     0     1     0     0     0     0
     0     0     0     0     0     0     0     0     0     0     0     0
     0     0     1     2     0     0     0     0     0     0     0     0
     1     4     2     1     0     2     0     0     0     0     0     2
     2     0     0     0     0     0     1     0     1     0     0     2
     1     1     1     0     2     1     0     1     0     0     2     1
     0     0     0     0     0     0     0     0     1     0     2     0
     0     0     0     0     0     0     1     0     0     0     3     0
     0     0     0     0     0     0     0     0     0     0     1     1
     1     1     1     3     1     4     3     0     3     1     1     0
     6     2    10     8     3     3     2     4     2     5     1     3
     8     2    11    13     3     0     1     1     0     5     2     5
     7     8     6    17     4     2     2     1     4     7     5    11
     0     1     1     3     0     0     1     1     0     0     0     1
     0     0     0     2     0     0     0     0     1     1     0     0
     0     0     0     0     0     0     0     0     0     0     0     0
     0     0     0     0     0     0     0     0     0     0     0     0
    13
     0     0     0     0     0     0     0     0     0     0     0     0
     0     0     0     0     0     0     0     0     0     0     0     0
     0     0     0     0     0     0     0     0     0     0     0     0
     0     0     0     0     0     0     0     0     0     0     0     0
     0     0     0     0     0     0     0     0     0     0     0     0
     0     0     0     0     0     0     0     0     0     0     0     0
     0     0     0     0     0     0     0     0     0     0     0     0
     0     0     0     0     0     0     0     0     0     0     0     0
     0     0     0     0     0     0     0     0     0     0     0     0
     0     0     0     0     0     0     0     0     0     0     0     0
     0     0     0     0     0     0     0     0     0     0     0     0
     0     0     0     0     0     0     0     0     0     0     0     0
     0     0     0     0     0     0     0     0     0     0     0     0
     0     0     0     0     0     0     0     0     0     0     0     0
     0     0     0     0     0     0     0     0     0     0     0     0
     0     0     0     0     0     0     0     0     0     0     0     0
     0     0     0     0     0     0     0     0     0     0     0     0
     0     0     0     0     0     0     0     0     0     0     0     0
     0     0     0     0     0     0     0     0     0     0     0     0
     0     0     0     0     0     0     0     0     0     0     0     0
     0     0     0     0     0     0     0     0     0     0     0     0
     0     0     0     1     0     0     0     0     0     0     0     0
     0     0     0     1     0     0     0     0     0     0     0     1
     0     1     0     0     0     0     0     0     0     0     1     0
     0     0     0     0     0     0     0     0     0     0     0     0
     1     1     0     0     0     0     0     0     0     0     0     0
     1     0     0     0     0     0     0     0     0     0     0     0
     0     0     0     0     0     0     0     0     0     0     0     0
     0     0     0     2     1     0     1     0     0     0     0     0
     1     0     0     1     1     0     0     1     0     0     0     0
     1     1     1     0     1     0     0     1     0     2     0     0
     4     3     0     4     0     0     0     0     0     0     0     2
     0     0     0     0     0     0     1     0     0     0     0     0
     0     0     0     1     0     0     0     0     0     0     0     0
     0     0     0     0     1     0     0     0     0     0     0     0
     0     0     0     0     0     0     0     0     0     0     0     0
    14
     0     0     0     0     0     0     0     0     0     0     0     0
     0     0     0     0     0     0     0     0     0     0     0     0
     0     0     0     0     0     0     0     0     0     0     0     0
     0     0     0     0     0     0     0     0     0     0     0     0
     0     0     0     0     0     0     0     0     0     0     0     0
     0     0     0     0     0     0     0     0     0     0     0     0
     0     0     0     0     0     0     0     0     0     0     0     0
     0     0     0     0     0     0     0     0     0     0     0     0
     0     0     0     0     0     0     0     0     0     0     0     0
     0     0     0     0     0     0     0     0     0     0     0     0
     0     0     0     0     0     0     0     0     0     0     0     0
     0     0     0     0     0     0     0     0     0     0     0     0
     0     0     0     0     0     0     0     0     0     0     0     0
     0     0     0     0     0     0     0     0     0     0     0     0
     0     0     0     0     0     0     0     0     0     0     0     0
     0     0     0     0     0     0     0     0     0     0     0     0
     0     0     0     0     0     0     0     0     0     0     0     0
     0     0     0     0     0     0     0     0     0     0     0     0
     0     0     0     0     0     0     0     0     0     0     0     0
     0     0     0     0     0     0     0     0     0     0     1     0
     0     0     0     0     0     0     0     0     0     0     0     0
     0     0     0     1     0     0     0     0     0     0     0     0
     0     1     1     0     0     0     0     0     0     0     0     1
     0     0     0     0     0     0     0     0     0     0     0     0
     0     0     0     2     0     0     0     0     0     0     0     1
     0     0     0     0     0     0     0     0     0     0     0     1
     1     0     0     0     0     0     0     0     0     0     0     0
     0     0     1     0     0     0     0     0     0     0     0     0
     0     2     0     1     1     0     1     0     1     0     0     0
     0     0     1     1     0     0     0     1     0     0     0     0
     1     0     2     0     0     0     0     0     1     1     0     0
     0     5     1     1     0     0     1     1     2     0     0     2
     0     0     0     1     1     0     1     0     0     1     0     0
     0     0     0     0     0     0     0     0     0     0     0     0
     0     0     0     0     0     0     0     0     0     0     0     0
     0     0     0     0     0     0     0     0     0     0     0     0
    15
     0     0     0     0     0     0     0     0     0     0     0     0
     0     0     0     0     0     0     0     0     0     0     0     0
     0     0     0     0     0     0     0     0     0     0     0     0
     0     0     0     0     0     0     0     0     0     0     0     0
     0     0     0     0     0     0     0     0     0     0     0     0
     0     0     0     0     0     0     0     0     0     0     0     0
     0     0     0     0     0     0     0     0     0     0     0     0
     0     0     0     0     0     0     0     0     0     0     0     0
     0     0     0     0     0     0     0     0     0     0     0     0
     0     0     0     0     0     0     0     0     0     0     0     0
     0     0     0     0     0     0     0     0     0     0     0     0
     0     0     0     0     0     0     0     0     0     0     0     0
     0     0     0     0     0     0     0     0     0     0     0     0
     0     0     0     0     0     0     0     0     0     0     0     0
     0     0     0     0     0     0     0     0     0     0     0     0
     0     0     0     0     0     0     0     0     0     0     0     0
     0     0     0     0     0     0     0     0     0     0     0     0
     0     0     0     0     0     0     0     0     0     0     0     0
     0     0     0     0     0     0     0     0     0     0     0     0
     0     0     0     0     0     0     0     0     0     0     0     0
     0     0     0     0     0     0     0     0     0     0     0     0
     0     0     0     0     0     0     0     0     0     0     0     1
     0     0     0     0     0     0     0     0     0     0     0     0
     0     0     0     0     0     0     0     0     0     0     0     0
     0     0     0     0     0     0     0     0     0     0     0     0
     1     0     0     0     0     0     0     0     0     0     0     1
     0     0     0     0     0     1     0     0     0     0     0     0
     0     0     0     0     0     0     0     0     0     0     0     0
     1     0     1     1     0     0     0     0     0     0     0     0
     0     0     1     1     1     0     0     0     0     0     0     0
     0     0     1     0     0     0     0     0     0     0     0     0
     0     0     0     0     0     0     0     0     1     0     0     0
     0     0     0     0     0     0     0     0     0     0     0     0
     0     0     0     0     0     0     0     0     0     0     0     0
     0     0     0     0     0     0     0     0     0     0     0     0
     0     0     0     0     0     0     0     0     0     0     0     0
    16
     0     0     0     0     0     0     0     0     0     0     0     0
     0     0     0     0     0     0     0     0     0     0     0     0
     0     0     0     0     0     0     0     0     0     0     0     0
     0     0     0     0     0     0     0     0     0     0     0     0
     0     0     0     0     0     0     0     0     0     0     0     0
     0     0     0     0     0     0     0     0     0     0     0     0
     0     0     0     0     0     0     0     0     0     0     0     0
     0     0     0     0     0     0     0     0     0     0     0     0
     0     0     0     0     0     0     0     0     0     0     0     0
     0     0     0     0     0     0     0     0     0     0     0     0
     0     0     0     0     0     0     0     0     0     0     0     0
     0     0     0     0     0     0     0     0     0     0     0     0
     0     0     0     0     0     0     0     0     0     0     0     0
     0     0     0     0     0     0     0     0     0     0     0     0
     0     0     0     0     0     0     0     0     0     0     0     0
     0     0     0     0     0     0     0     0     0     0     0     0
     0     0     0     0     0     0     0     0     0     0     0     0
     0     0     0     0     0     0     0     0     0     0     0     0
     0     0     0     0     0     0     0     0     0     0     0     0
     0     0     0     0     0     0     0     0     0     0     0     0
     0     0     0     0     0     0     0     0     0     0     0     0
     0     0     0     0     0     0     0     0     0     0     0     0
     0     0     1     0     0     0     0     0     0     0     0     0
     1     1     0     0     0     0     0     0     0     0     0     0
     1     1     0     0     0     0     0     0     0     0     2     0
     0     0     0     0     1     0     0     0     0     0     0     0
     0     0     0     0     0     0     0     0     0     0     0     0
     0     0     0     0     0     0     0     0     0     0     0     0
     1     0     1     0     1     0     0     0     0     0     0     1
     0     0     2     0     0     0     0     0     0     0     0     1
     1     0     0     0     1     0     0     0     0     0     0     0
     0     2     0     0     0     1     0     0     0     0     0     1
     0     0     0     2     0     0     0     0     0     0     0     0
     0     0     0     0     0     0     0     0     0     0     0     0
     0     0     0     0     0     0     0     0     0     0     0     0
     0     0     0     0     0     0     0     0     0     0     0     0
    17
     0     0     0     0     0     0     0     0     0     0     0     0
     0     0     0     0     0     0     0     0     0     0     0     0
     0     0     0     0     0     0     0     0     0     0     0     0
     0     0     0     0     0     0     0     0     0     0     0     0
     0     0     0     0     0     0     0     0     0     0     0     0
     0     0     0     0     0     0     0     0     0     0     0     0
     0     0     0     0     0     0     0     0     0     0     0     0
     0     0     0     0     0     0     0     0     0     0     0     0
     0     0     0     0     0     0     0     0     0     0     0     0
     0     0     0     0     0     0     0     1     0     0     0     0
     0     0     0     0     0     0     0     0     0     0     0     0
     0     0     0     0     0     0     0     0     0     0     0     0
     0     0     0     0     0     0     0     0     0     0     0     0
     0     0     0     0     0     0     0     0     0     0     0     0
     0     0     0     0     0     0     0     0     0     0     0     0
     0     0     0     0     0     0     0     0     0     0     0     0
     0     0     0     0     0     0     0     0     0     0     0     0
     0     0     0     0     0     0     0     0     0     0     0     0
     0     0     0     0     0     0     0     0     0     0     0     0
     0     0     0     0     0     0     0     0     0     0     0     0
     0     0     0     0     0     0     0     0     0     0     0     0
     0     0     0     0     0     0     0     0     0     0     0     0
     0     0     0     0     0     0     0     0     0     0     0     0
     0     0     0     0     0     0     0     0     0     0     0     0
     0     0     0     0     0     0     0     0     0     0     0     0
     0     0     0     0     0     0     0     0     0     0     0     0
     0     0     0     0     0     0     0     0     0     0     0     0
     0     0     0     0     0     0     0     0     0     0     0     0
     0     0     0     0     0     0     0     0     0     0     0     0
     0     0     0     0     0     0     0     0     0     0     0     0
     0     0     0     0     0     0     0     0     0     0     0     0
     0     1     0     0     0     0     0     0     0     0     0     0
     0     0     0     0     0     0     0     0     0     0     0     0
     0     0     0     0     0     0     0     0     0     0     0     0
     0     0     0     0     0     0     0     0     0     0     0     0
     0     0     0     0     0     0     0     0     0     0     0     0
