16
Lander, WY 24021
     0
      -9.400      -5.600       -.700       3.900       9.300      15.000
      20.000      19.300      12.800       6.000      -2.800      -8.400
      -4.000        .000       3.200       8.800      13.800      20.000
      25.000      23.800      18.200      11.600       2.200      -3.300
       1.700       4.400       8.300      14.300      18.200      25.000
      28.200      27.700      23.200      16.700       7.800       1.700
      47.000      44.000      33.000      26.000      27.000      24.000
      21.000      21.000      23.000      28.000      39.000      47.000
      60.000      57.000      48.000      40.000      40.000      37.000
      32.000      31.000      34.000      40.000      55.000      60.000
      73.000      70.000      65.000      61.000      60.000      53.000
      45.000      45.000      51.000      57.000      70.000      72.000
       1.600       1.600       2.000       2.000       2.000       2.000
       2.000       2.000       1.600       1.600       1.600       1.600
       2.000       2.000       2.400       2.700       2.700       2.700
       2.400       2.400       2.400       2.000       2.000       2.000
       3.100       3.100       4.000       4.000       4.000       4.000
       4.000       3.500       3.500       3.100       3.100       3.100
     280.000     110.000     260.000     280.000     280.000     280.000
     280.000     280.000      10.000      80.000     110.000     130.000
     1
      -4.605      -1.029       3.602       9.047      13.888      19.756
      24.153      23.324      17.579      11.128       1.998      -3.650
      59.808      56.618      49.863      45.000      44.553      40.129
      35.082      34.724      39.355      44.096      54.877      59.391
     2
    29    28    24    27    30    46    52    40    52    46    27    35
    54    36    56    43    69    62    76    79    72    81    52    34
    36    33    33    36    42    37    41    39    48    56    35    33
    46    56    51    28    48    61    58    77    68    71    45    39
    72   101    71    66    80   102    72    81    94   130    93    78
    34    36    63    38    63    59    52    65    54    58    52    44
    18    38    41    34    34    45    37    33    55    55    41    31
    18    24    27    32    39    47    28    35    32    38    21    21
    40    62    56    65    74    58    52    61    77    72    50    47
    27    45    42    41    50    56    44    44    43    45    42    37
    42    60    65    49    74    63    44    55    50    83    59    55
    81    93    83    73    80    72    75    73    79    93    76    59
    64    46    49    60    44    56    50    40    50    59    56    47
    99    99    98    91    84   101    67    71    83    92   103    78
    40    35    54    47    39    36    38    39    41    34    44    52
    65    69    63    58    46    67    56    62    53    51    59    69
    47    36    40    39    36    28    37    28    25    35    42    26
    60    65    48    57    51    52    43    51    52    65    61    61
    30    29    21    17    28    28    24    19    19    25    26    23
    33    41    38    31    38    26    30    31    15    24    19    26
    30    19    12    22    22    25    23    17    16    15    17    20
    25    29    25    21    23    31    20    19    15    20    17    26
    52    46    59    37    32    34    33    30    35    35    34    31
    40    32    53    43    49    37    40    31    34    42    37    55
    29    39    47    44    41    44    38    34    34    30    40    30
    42    35    32    24    35    33    33    26    33    21    27    32
    58    51    34    40    53    43    43    48    38    45    44    49
    33    29    33    23    28    48    40    26    27    25    38    34
    35    34    59    44    52    60    64    57    48    64    44    57
    43    39    36    34    50    47    83    56    59    42    45    61
    50    31    34    27    47    47    50    52    64    39    31    37
    67    50    53    48    87    83   118    92    90    59    63    70
    32    29    29    28    34    36    52    62    55    40    32    32
    53    35    39    55    59    80   115    87    82    64    64    42
    24    31    26    31    43    57    51    73    66    46    41    42
    56    73    61    61    83   115   133   122   117    85    74    76
     3
    34    15    47    46    65    77    97    82    87    56    47    33
    64    52    74    75   120   134   149   166   137    96    55    41
    32    46    50    55    90    89   111    77   117    71    47    24
    55    59    84    80   118   140   131   142   161   114    74    46
    69   107   128   113   191   161   164   159   176   172    76    73
    31    71    83    94   150    94    92   105   125   103    56    44
    24    34    68    76   109    94    82    74   101    98    50    39
    25    36    62    75    86    83    77    68    48    58    35    17
    53    81    93   118   144   141   101   107   105   106    54    47
    33    63    75    83   104    93    65    70    60    84    55    48
    95   101   131   137   146   138   121   111   120   115   109    90
   151   191   183   159   188   158   173   164   119   157   157   151
   129   135   126   113   141    90    93   106    77   105   119   113
   163   187   191   143   110   177   164   137   105   164   145   153
    71    75    72    59    70    62    67    48    46    51    62    79
    64    72    78   111    79    80    79    68    49    57    79    93
    32    41    42    48    44    49    48    39    20    29    24    43
    74    83    75    80    54    74    62    58    42    54    62    62
    28    29    38    46    37    31    29    30    13    27    22    30
    35    25    52    43    48    43    49    33    33    45    29    28
    29    26    32    51    44    26    32    25    23    31    31    27
    53    55    80    67    76    72    73    70    42    52    56    43
    98    61   130   103   108   110   110   116    72    80    84    85
    88    80   104   117   120   144   147   148   100    93    80    95
    91    48    85    99   121   120   130   100    97    69    51    80
    49    42    64    61    79   103    77    54    47    25    47    36
    69    58    73    81    87   112   123    87    65    60    58    74
    37    30    60    60    73    85    85    60    59    39    42    43
    54    43    85    85   107   115   127   122    88    47    53    55
    51    55    63    73    89   140   125   102    83    53    49    49
    37    28    50    63    87    96   114   108    71    49    52    47
    62    47    88    98   126   160   189   174   131    74    66    51
    32    18    57    48    73    81   133   118    87    56    42    27
    58    48    65   105   132   144   174   210   127    69    56    43
    33    39    42    55    86    99   122   107    96    54    31    38
    69    62    93   138   173   203   234   248   183   115   100    57
     4
     4     5    11    20    21    26    19    21    13    10     5     4
     6     6    17    29    37    49    34    32    30    15    15    11
     2    10    11    16    26    20    25    29    22    12    11     3
    14    13    18    31    44    32    37    35    33    35     7    15
     9    13    35    42    43    45    46    56    46    35    12    11
    12    13    25    33    51    26    37    26    25    20    19     6
     5    13    20    23    39    24    16    19    15    16     7     4
     2     7    14    21    27    18    24    11    13    14     4     8
     3    10    22    26    29    25    17    18    18    23     6     6
    10     6    14    18    24    15    13    14    10    14    13     6
    17    17    31    27    30    25    29    16    14    32    15    16
    33    54    42    49    50    32    38    32    26    23    45    46
    31    25    37    36    37    31    26    26    20    27    27    24
    33    43    45    34    30    41    25    31    22    31    32    30
     8    11    16    13    17    13    14     6     7    13    18     9
    18    18    17    12    12    14    25    10     6     8     2    13
     9     8    14     8    10    15     9     5     3     1     5     5
     5     9    17     7    13    10    11    13     7     5    11    11
     4     0     3    11    14    16     6     8     5     3     2     7
     3     5     8    11    15    13    17    21    17     3     1     2
     6     7    18    18    19    13    14    13     9    21     7     5
    24    20    33    30    37    45    47    43    41    28    19    14
    34    32    55    60    78    96   100    74    59    43    33    32
    31    36    49    44    73   102   124    81    51    47    43    30
    14    19    27    44    56    57    72    65    35    26    23    16
    13     8    10    20    25    45    35    23    17    11     9     7
     8     5    20    19    36    25    49    29    14    11    12     6
     6     7    14    19    25    33    29    25    14     8     8     4
     6     9    28    27    51    50    35    34    17     7     7     7
    16    12    13    30    43    41    40    29    16    21     8     5
     9     7    16    29    41    33    29    25    20    10    10     9
    12    17    33    37    44    47    53    40    29    20    17    14
    12     5    10    21    34    29    31    22    14    13     9    11
    13     7    21    26    33    38    48    40    43    19    11     7
     3     8    15    22    29    30    35    27    14    11    14     6
    12     6    20    39    42    48    50    38    24    17     5    12
     5
     4     0    11    10    10    19     7     5     9     8     2     1
     2     6    15    23    34    28    29    25    17    21     8     6
     3     7     9    21    14    15    23    15    10    11    11     6
    10    10    13    27    31    19    29    35    24    23    10     7
    12    22    32    41    45    38    34    41    38    29     7    12
     3    11    16    23    31    21    21    14    18    20     2     9
     3     9    17    25    25    12    13     8    16     9     2     7
     6     6    11    18    10    10     6     3     8     3     5     5
    10    11    15    17    30    14    11    12    11     9     4     6
     9     6    10    10    13    11     4     5     4    11     5     6
    10     7    15    17    15     9     8     7    14    10    15    10
    21    29    45    32    25    30    25    29    15    19    22    18
    18    10    22    19    24    20    19    15     8    18    17    27
    19    22    43    32    30    21    29    21    14    23    23    26
     9     6    13    15     9    14    10     4     3     7     5     9
     7     6    21    20    12     8    14     7     3     3    10    10
     3     3     6     8    19     9     6    10     5     4     2     3
     6     4     8    17    19    17    20    16    15     8     3     6
     3     1     8    10    14    13    10    15     6     2     3     3
     2     5    11    17    28    26    24    20    12     5     6     5
     4     8    17    22    32    23    28    25    21    18     5     2
    14    18    26    47    68    65    66    63    62    23    10    15
    22    15    58    75    86   109   120   115    65    36    37    26
    33    22    43    66   110   146   162   144    71    42    39    31
    15    19    47    61    79    80   107    77    46    28    25    17
    12    12    28    25    37    46    41    28    45    20    12    11
    25    19    48    56    90    73    79    59    46    37    21    22
    16    13    19    38    40    40    47    44    31    18    13    11
     8    11    26    47    76    58    67    47    39    18    10    12
    10    10    30    35    40    49    53    32    26    18    13    15
    17    11    31    45    33    31    43    24    18    14    15    19
    18    24    54    65    80    63    49    51    36    21    20    17
     9     8    28    27    22    28    33    20    12    13     9     7
    11    15    30    38    47    51    42    40    30    22    17     9
     7     5    17    24    25    12    12    15     9     7     3     9
     4    19    25    32    37    36    29    28    24    16     7    10
     6
     0     0     7     5     3     2     3     8     1     0     0     0
     2     4     5     6    12     8     6     5     6     4     2     5
     3     3     5     9     9     4     3     9     4     0     1     2
     1     5     6    17    17     5     3     4     5     7     6     2
     1     7     6    11    15     9    11     5    13     8     3     2
     7     1     7    12    10     6     3     6     3     2     2     3
     1     2     7    15     4     2     4     2     5     2     1     2
     1     1     5     2     0     3     0     2     0     1     2     2
     1     1     1     5     3     0     0     0     3     1     1     2
     0     0     3     1     1     1     1     0     1     0     0     1
     0     2     1     2     2     1     0     1     0     1     0     0
     4     1     4     3     7     3     4     2     6     3     1     2
     2     3     4    11    12     5     6     5     2     2     2     3
     2     1     6    12     7    11     4     4     3     1     4     4
     4     1     9     2     7     2     7     3     0     2     0     1
     1     2     8     5    10     5     6     6     2     1     2     3
     0     0     3     6    11    11     8     7     2     2     1     1
     1     1     7    18    18    11     5    10     8     6     0     0
     2     2     6     4    13    15     8     9     7     5     0     1
     0     1     4    19    22    22    14     9     9    10     0     5
     6     5     9    17    21    19    23    21     8     5     5     2
     6     4    26    30    40    46    49    41    27    14     7     6
    10    10    23    43    47    69    68    49    39    21     8     5
    10     8    32    54    60    69    59    53    52    22     5    15
     6    19    26    51    37    65    55    45    45    35    11    11
     7     9    26    35    28    36    38    38    42    22    18     9
    18    11    36    51    54    62    49    48    46    30    18    15
    14    11    26    37    32    41    29    25    23    14    16    12
    17    10    35    25    59    44    38    39    29    20    18     7
    11    10    17    29    23    29    23    20    15     3    13    14
     5     4    23    25    13    18    19    14     2     6     7     9
     7    11    27    23    34    27    24    18    17    10    10    12
     6     5    10    15    18    18    12    13     5     8     9     6
     8    14    18    13    22    16    16    20     1    13    10     9
     4     4    11     6     7    13     4     6     2     4     0     0
     6     6    16    17    19    12    11    11     8     5     2     7
     7
     0     1     0     4     0     1     0     1     0     0     0     0
     0     1     3     0     4     0     0     4     1     0     0     1
     0     0     1     1     2     1     1     2     0     0     0     0
     0     0     1     0     0     1     1     2     1     1     1     2
     0     3     4     5     3     1     3     2     3     2     1     0
     0     1     1     2     2     0     0     0     0     0     1     0
     1     2     1     0     2     1     0     0     1     2     0     0
     0     0     1     0     0     0     0     0     0     0     0     1
     0     0     0     1     1     0     0     0     0     0     0     0
     0     0     0     0     0     0     0     0     0     0     0     0
     0     0     0     0     1     1     0     0     0     0     0     0
     0     0     2     0     1     0     1     0     0     0     0     1
     1     1     0     2     2     0     1     0     2     0     0     0
     0     0     2     0     4     7     4     0     0     0     1     1
     0     0     2     1     4     1     0     2     0     0     1     0
     0     0     0     2     7     2     2     0     0     1     1     0
     1     0     3     2     9     3     3     1     1     1     1     0
     0     1     2     9    12     5     5     2     0     1     0     1
     0     0     1     8    12     3     6     1     2     1     0     0
     2     0     1     3    10     8     8     4     4     1     0     1
     0     2     5     7    14    12     9     7     6     0     0     1
     3     3    10     9    15    16    17    12     7     5     3     7
     6     5    11    19    18    18    21    23    12     8     3     2
     5     4    14    19    25    30    13    10    17     9     6     4
     2     6    14    17    21    19    15    14    14     9    11     2
     5     1    13    16    18    14    15    14     8    11     4     3
     8     4    19    20    12    23    15    10    12     5    10     7
     6     6     5    17    13    11     7     7    11     5     6     5
     4     5    10    10    24    20    13    11    14     5     3     5
     3     1    11     7     9     6     4    11     1     4     5     6
     3     6     5     9     9     5     6     1     3     6     4     2
     3     6     5    19     7     4     8     6     2     3     8     4
     2     2     3    12     4     5     6     2     1     1     0     0
     1     4     4    11    10     6     9     6     2     4     3     4
     1     2     0     6     8     2     4     6     0     1     1     0
     1     3     2     4     1     2     2     1     1     0     1     2
     8
     0     0     1     2     0     0     1     1     0     0     1     0
     1     0     2     2     1     3     1     0     0     1     0     2
     0     0     0     1     1     1     0     0     1     0     0     0
     1     1     1     1     4     3     1     2     1     0     1     0
     0     1     2    12     3     0     0     0     3     2     0     0
     0     2     3     0     2     0     0     0     0     0     0     0
     1     0     0     2     2     0     1     1     0     0     1     0
     0     0     0     1     0     0     0     0     0     0     0     0
     0     0     0     0     1     0     0     1     0     0     0     1
     0     0     0     0     0     0     0     0     0     0     0     0
     0     0     1     1     0     0     0     0     0     0     0     0
     0     0     0     0     0     0     0     0     0     0     0     0
     0     0     0     0     2     1     4     1     1     0     0     0
     0     0     0     4     3     2     2     2     1     0     0     2
     0     0     0     0     2     0     3     0     0     0     0     0
     0     1     0     2     8     1     1     0     2     3     0     0
     1     0     2     6     4     5     4     0     2     0     0     1
     0     1     2     9    18    11     8     5     4     4     0     0
     2     0     1     5    20     5     4     4     2     0     0     1
     2     1     3    14    20     8    10     8     4     0     2     1
     2     1     7    11    12     9     7     3     4     0     3     1
     7     5    12    13    27    20    16    16    14     3     3     3
     7     8    25    29    32    20    14    23    14    10     3     5
    14     6    25    25    36    23    12    15    13     7     3    14
     3    16    17    18    30    20    18    11     9     9     9     4
     5     7    10    18    16    17     6    13    13     7     8    12
     7    11    23    33    28    22    13     9    12    13    12    13
     6     4    13    16    15    13     6     5     6    10     7     7
     7     9    14    22    25    13     9    16     7    10     9    10
     5     4     4     9     3     8     7     7     4     6    12     8
     4     1     3     4     6     1     5     5     2     3     5     2
     9    12     7    13     9     8    11    13     4     4     8    13
     5     4     3    11     0     3     2     2     0     1     3     3
     7     3     7     9     5     1     6     5     0     1     1    11
     0     2     4     2     2     3     2     0     0     0     0     0
     0     3     6     9     1     0     1     3     4     2     3     3
     9
     0     0     0     0     0     0     0     0     0     0     0     0
     0     0     0     0     0     0     0     0     0     0     0     0
     0     0     0     0     0     0     0     0     0     0     0     0
     0     0     0     0     0     0     0     1     0     0     0     1
     1     1     0     0     0     0     1     0     0     0     0     0
     0     0     0     1     0     0     0     0     0     1     0     0
     0     0     0     0     0     0     0     0     0     0     0     0
     0     0     0     0     0     0     0     0     0     0     0     0
     0     0     0     0     0     0     0     0     0     0     0     0
     0     0     0     0     0     0     0     0     0     0     0     0
     0     0     0     0     0     0     0     0     0     0     0     0
     0     0     0     0     0     0     0     0     0     0     0     0
     0     0     0     0     0     0     0     0     0     0     0     0
     0     0     0     0     1     0     1     0     0     0     0     0
     0     0     0     0     4     0     0     0     0     0     0     0
     0     0     0     1     2     0     0     1     0     0     0     0
     0     0     1     0     3     0     1     2     0     0     0     0
     0     0     1     4     7     1     2     0     1     0     0     0
     0     0     2     2     5     0     1     0     0     0     0     0
     1     0     0     2     2     0     1     1     1     1     0     0
     0     0     1     3     2     1     3     2     4     1     0     0
     5     5     1     5     8     3     5     2     3     1     1     3
     3     3     2     4     6     6     4     6     2     1     0     0
     3     2     5     2     6     5     5     4     3     2     3     4
     2     0     2     4     1     4     3     2     2     4     2     1
     0     2     5     4     4     2     1     2     3     0     0     3
     5     0     3     6     8     4     0     4     1     2     4     2
     3     1     5     2     8     3     0     2     2     0     2     0
     4     5     2     1     6     3     3     1     2     3     1     2
     2     0     1     2     3     0     0     2     2     0     1     3
     0     1     0     0     4     0     0     4     1     0     3     1
     4     1     2     1     1     1     1     1     0     0     3     0
     2     1     2     3     1     1     2     0     0     0     1     1
     1     2     0     2     4     1     2     0     0     0     0     0
     2     0     0     1     0     0     1     0     0     0     0     0
     0     2     0     1     1     0     0     0     0     1     0     1
    10
     0     0     0     0     0     0     0     0     0     0     0     0
     0     0     0     1     0     0     0     0     0     0     0     1
     0     0     2     0     0     0     0     0     0     0     0     0
     0     0     0     0     0     0     0     0     1     0     0     0
     0     0     0     0     0     0     0     0     0     0     0     0
     0     0     0     0     1     0     0     0     0     0     0     0
     0     0     0     0     0     0     0     0     0     0     0     0
     0     0     0     0     0     0     0     0     0     0     0     0
     0     0     0     0     0     0     0     0     0     0     0     0
     0     0     0     0     0     0     0     0     0     0     0     0
     0     0     0     0     0     0     0     0     0     0     0     0
     0     0     0     0     0     0     0     0     0     0     0     0
     0     0     0     0     0     0     0     0     0     0     0     0
     0     0     0     0     0     0     1     0     0     0     0     0
     0     0     0     0     0     0     0     0     0     0     0     0
     0     0     0     0     2     0     0     0     0     0     0     0
     0     0     0     0     2     0     1     0     0     0     0     0
     0     0     2     1     1     0     2     0     0     1     0     0
     1     0     0     1     3     2     0     0     0     1     0     0
     0     1     2     0     1     0     1     0     0     1     0     0
     0     1     2     0     2     1     1     0     0     0     1     0
     0     1     4     2     0     1     1     0     1     0     1     0
     3     0     4     4     7     4     2     1     5     1     1     2
     5     3     6     4     5     1     1     3     2     0     1     2
     1     0     3     4     2     2     3     4     3     0     2     2
     3     1     4     2     3     1     1     1     0     0     1     1
     1     0     2     1     2     1     1     4     3     0     4     0
     1     0     4     1     0     0     1     2     3     0     0     1
     1     1     3     2     4     1     1     2     3     2     2     2
     1     1     0     1     3     3     0     0     0     0     0     2
     1     2     0     0     2     0     0     0     0     0     0     1
     2     0     0     2     1     5     0     0     0     0     1     0
     0     0     1     2     1     0     0     0     0     0     1     1
     0     0     0     0     2     0     0     0     0     0     0     0
     0     0     1     1     0     0     0     0     0     0     0     0
     0     0     2     0     0     0     0     0     0     0     0     0
    11
     0     0     0     0     0     0     0     0     0     0     0     0
     0     0     0     0     0     0     0     0     0     0     0     0
     0     0     0     0     0     0     0     0     0     0     0     0
     0     0     0     0     0     0     0     0     0     0     0     0
     0     0     0     0     2     0     0     0     0     0     0     0
     0     0     0     0     0     0     0     0     0     0     0     0
     0     0     0     0     0     0     0     0     0     0     0     0
     0     0     0     0     0     0     0     0     0     0     0     0
     0     0     0     0     0     0     0     0     0     0     0     0
     0     0     0     0     0     0     0     0     0     0     0     0
     0     0     0     0     0     0     0     0     0     0     0     0
     0     0     0     0     0     0     0     0     0     0     0     0
     0     0     0     0     0     0     0     0     0     0     0     0
     0     0     0     0     0     0     0     0     0     0     0     0
     0     0     0     0     0     0     0     0     0     0     0     0
     0     0     0     0     2     0     0     0     0     0     0     0
     0     0     1     0     4     0     0     0     0     0     0     0
     0     0     0     2     1     0     1     0     2     0     0     0
     0     0     2     1     2     0     2     0     0     0     0     0
     0     0     2     2     2     1     0     0     0     0     0     0
     0     0     1     2     2     1     0     1     1     1     1     0
     1     2     1     1     5     2     3     1     0     1     1     1
     0     2     6    11     5     7     3     4     0     0     2     2
     4     1     5     2     7     3     2     2     6     0     1     4
     3     3     4     4     6     8     1     0     0     2     5     1
     2     4     2     5     3     0     0     3     2     0     0     1
     2     0     3     3     6     5     0     1     0     1     4     2
     2     3     2     5     2     3     0     0     1     1     0     6
     3     1     1     4     2     1     1     1     0     1     2     6
     2     1     0     0     2     1     1     2     0     2     1     2
     0     0     0     2     0     0     1     1     0     0     0     0
     0     1     0     1     0     0     1     1     0     0     1     1
     0     0     0     0     0     0     0     0     0     0     0     0
     1     0     0     4     0     1     1     0     0     0     0     0
     0     0     1     0     0     0     0     0     0     0     0     0
     0     0     0     2     0     0     0     0     0     0     0     0
    12
     0     0     0     0     0     0     0     0     0     0     0     0
     0     0     0     0     0     0     0     0     0     0     0     0
     0     0     0     0     0     0     0     0     0     0     0     0
     0     0     0     0     0     0     0     0     0     0     0     0
     0     0     0     0     0     0     0     0     0     0     0     0
     0     0     0     0     0     0     0     0     0     0     0     0
     0     0     0     0     0     0     0     0     0     0     0     0
     0     0     0     0     0     0     0     0     0     0     0     0
     0     0     0     0     0     0     0     0     0     0     0     0
     0     0     0     0     0     0     0     0     0     0     0     0
     0     0     0     0     0     0     0     0     0     0     0     0
     0     0     0     0     0     0     0     0     0     0     0     0
     1     0     0     0     0     0     0     0     0     0     1     0
     0     0     0     0     0     0     0     0     0     0     0     0
     0     0     0     0     0     0     0     0     0     0     0     0
     0     0     0     0     0     0     0     0     0     0     0     0
     0     0     0     0     1     0     0     0     0     0     0     0
     0     0     0     1     1     1     0     1     0     0     0     0
     0     0     1     2     0     0     0     0     0     0     0     0
     0     0     0     1     1     0     0     0     0     0     0     0
     0     1     0     1     0     0     0     0     0     0     0     0
     1     0     0     1     4     0     0     1     0     0     1     0
     1     3     6     3     3     2     0     1     1     1     1     3
     7     0     5     4     0     2     1     2     0     0     2     4
     2     1     2     3     2     0     3     1     1     0     2     2
     3     1     1     1     1     2     2     1     0     0     1     1
     1     0     2     2     2     0     0     1     2     0     2     5
     2     0     1     2     1     0     0     0     0     0     0     0
     1     0     0     2     1     0     0     3     0     0     1     6
     1     0     0     0     0     0     1     0     0     1     0     0
     1     1     0     0     0     0     0     0     0     0     0     0
     0     0     0     2     0     0     1     0     0     0     0     0
     0     0     0     0     0     0     0     0     0     1     0     0
     0     1     0     4     1     0     0     0     0     1     0     0
     0     1     0     0     0     0     0     0     0     1     0     0
     0     0     0     1     0     0     0     0     0     0     0     1
    13
     0     0     0     0     0     0     0     0     0     0     0     0
     0     0     0     0     0     0     0     0     0     0     0     0
     0     0     0     0     0     0     0     0     0     0     0     0
     0     0     0     0     0     0     0     0     0     0     0     0
     0     0     0     0     0     0     0     0     0     0     0     0
     0     0     0     0     0     0     0     0     0     0     0     0
     0     0     0     0     0     0     0     0     0     0     0     0
     0     0     0     0     0     0     0     0     0     0     0     0
     0     0     0     0     0     0     0     0     0     0     0     0
     0     0     0     0     0     0     0     0     0     0     0     0
     0     0     0     0     0     0     0     0     0     0     0     0
     0     0     0     0     0     0     0     0     0     0     0     0
     0     0     0     0     0     0     0     0     0     0     0     0
     0     0     0     0     0     0     0     0     0     0     0     0
     0     0     0     0     0     0     0     0     0     0     0     0
     0     0     0     0     0     0     0     0     0     0     0     0
     0     0     0     0     0     0     0     0     0     0     0     0
     0     0     0     0     0     1     0     0     0     0     0     0
     0     0     0     0     0     0     0     0     0     0     0     0
     0     0     0     0     0     0     0     0     0     0     0     0
     0     2     0     0     1     0     0     0     0     0     0     0
     0     0     0     0     1     0     0     0     0     0     2     0
     2     0     0     0     2     0     0     0     0     0     1     0
     1     1     1     0     0     0     0     0     0     0     0     0
     3     1     0     1     1     0     1     0     0     0     0     0
     1     0     0     0     0     0     0     1     0     0     1     1
     0     0     0     0     0     0     0     0     0     0     0     0
     0     0     0     0     0     0     0     0     0     0     0     0
     1     0     0     0     0     0     0     0     0     0     0     1
     0     0     0     0     0     0     0     0     0     0     0     0
     0     0     0     0     0     0     0     0     0     0     0     0
     0     0     0     1     0     0     0     0     0     0     0     0
     0     0     0     1     0     0     0     0     0     0     0     0
     0     0     0     0     0     0     0     0     0     0     0     0
     0     0     0     0     0     0     0     0     0     0     0     0
     0     0     0     0     0     0     0     0     0     0     0     0
    14
     0     0     0     0     0     0     0     0     0     0     0     0
     0     0     0     0     0     0     0     0     0     0     0     0
     0     0     0     0     0     0     0     0     0     0     0     0
     0     0     0     0     0     0     0     0     0     0     0     0
     0     0     0     0     0     0     0     0     0     0     0     0
     0     0     0     0     0     0     0     0     0     0     0     0
     0     0     0     0     0     0     0     0     0     0     0     0
     0     0     0     0     0     0     0     0     0     0     0     0
     0     0     0     0     0     0     0     0     0     0     0     0
     0     0     0     0     0     0     0     0     0     0     0     0
     0     0     0     0     0     0     0     0     0     0     0     0
     0     0     0     0     0     0     0     0     0     0     0     0
     0     0     0     0     0     0     0     0     0     0     0     0
     0     0     0     0     0     0     0     0     0     0     0     0
     0     0     0     0     0     0     0     0     0     0     0     0
     0     0     0     0     0     0     0     0     0     0     0     0
     0     0     0     0     0     0     0     0     0     0     0     0
     0     0     0     0     1     0     0     0     0     0     0     0
     0     0     0     0     0     0     0     0     0     0     0     0
     0     0     1     1     0     0     1     0     0     0     0     0
     0     0     0     0     0     0     0     0     0     0     0     0
     0     0     0     0     1     1     0     0     0     0     0     0
     1     0     0     0     1     0     0     0     1     0     0     0
     3     0     1     2     1     0     0     0     0     0     0     2
     2     0     1     0     0     2     0     0     0     0     0     0
     4     0     1     0     0     0     0     0     0     0     1     0
     3     0     0     1     0     0     0     0     0     0     0     0
     0     0     0     0     0     0     0     0     0     1     0     0
     0     0     0     0     0     0     0     0     0     0     0     0
     0     0     0     0     0     0     1     0     0     0     0     1
     0     0     0     0     0     0     0     0     0     0     0     0
     0     0     0     0     0     0     0     0     0     0     0     0
     0     0     0     0     0     0     0     0     0     0     0     0
     0     0     0     0     0     0     0     0     0     0     0     0
     0     0     0     0     0     0     0     0     0     0     0     0
     0     0     0     0     0     0     0     0     0     0     0     0
    15
     0     0     0     0     0     0     0     0     0     0     0     0
     0     0     0     0     0     0     0     0     0     0     0     0
     0     0     0     0     0     0     0     0     0     0     0     0
     0     0     0     0     0     0     0     0     0     0     0     0
     0     0     0     0     0     0     0     0     0     0     0     0
     0     0     0     0     0     0     0     0     0     0     0     0
     0     0     0     0     0     0     0     0     0     0     0     0
     0     0     0     0     0     0     0     0     0     0     0     0
     0     0     0     0     0     0     0     0     0     0     0     0
     0     0     0     0     0     0     0     0     0     0     0     0
     0     0     0     0     0     0     0     0     0     0     0     0
     0     0     0     0     0     0     0     0     0     0     0     0
     0     0     0     0     0     0     0     0     0     0     0     0
     0     0     0     0     0     0     0     0     0     0     0     0
     0     0     0     0     0     0     0     0     0     0     0     0
     0     0     0     0     0     0     0     0     0     0     0     0
     0     0     0     0     0     0     0     0     0     0     0     0
     0     0     0     0     0     0     0     0     0     0     0     0
     0     0     0     0     0     0     0     0     0     0     0     0
     0     0     0     0     0     0     0     0     0     0     0     0
     0     0     0     0     1     0     0     1     0     0     0     0
     0     0     0     0     0     0     0     0     0     0     0     0
     0     0     0     0     1     0     0     0     0     0     0     0
     1     0     0     0     0     0     0     0     0     0     0     0
     0     0     0     0     0     0     1     0     0     0     0     0
     0     0     0     0     0     0     0     0     0     0     0     0
     0     0     0     0     0     0     0     0     0     0     0     1
     0     0     0     0     0     0     0     0     0     0     0     0
     0     0     0     0     0     0     0     0     0     0     0     0
     0     0     0     0     0     0     0     0     0     0     0     0
     0     0     0     0     0     0     0     0     0     0     0     0
     0     0     0     0     0     0     0     0     0     0     0     0
     0     0     0     0     0     0     0     0     0     0     0     0
     0     0     0     0     0     0     0     0     0     0     0     0
     0     0     0     0     0     0     0     0     0     0     0     0
     0     0     0     0     0     0     0     0     0     0     0     0
    16
     0     0     0     0     0     0     0     0     0     0     0     0
     0     0     0     0     0     0     0     0     0     0     0     0
     0     0     0     0     0     0     0     0     0     0     0     0
     0     0     0     0     0     0     0     0     0     0     0     0
     0     0     0     0     0     0     0     0     0     0     0     0
     0     0     0     0     0     0     0     0     0     0     0     0
     0     0     0     0     0     0     0     0     0     0     0     0
     0     0     0     0     0     0     0     0     0     0     0     0
     0     0     0     0     0     0     0     0     0     0     0     0
     0     0     0     0     0     0     0     0     0     0     0     0
     0     0     0     0     0     0     0     0     0     0     0     0
     0     0     0     0     0     0     0     0     0     0     0     0
     0     0     0     0     0     0     0     0     0     0     0     0
     0     0     0     0     0     0     0     0     0     0     0     0
     0     0     0     0     0     0     0     0     0     0     0     0
     0     0     0     0     0     0     0     0     0     0     0     0
     0     0     0     0     0     0     0     0     0     0     0     0
     0     0     0     0     0     0     0     0     0     0     0     0
     0     0     0     0     0     0     0     0     0     0     0     0
     0     0     0     0     0     0     0     0     0     1     0     0
     0     0     0     0     0     0     0     0     0     0     0     0
     0     0     0     0     1     0     0     0     0     0     0     0
     1     0     0     0     1     0     0     0     0     0     0     0
     5     0     0     0     0     0     0     0     0     0     1     0
     1     0     0     0     0     0     0     0     0     0     0     0
     2     0     0     0     0     0     1     0     0     0     0     0
     0     0     0     1     1     0     0     0     0     0     0     0
     0     0     0     0     0     0     0     0     0     0     0     0
     0     0     0     0     0     0     0     0     0     0     0     0
     0     0     0     0     0     0     0     0     0     0     0     0
     0     0     0     0     0     0     0     0     0     0     0     0
     0     0     0     0     0     0     0     0     0     0     0     0
     0     0     0     0     0     0     0     0     0     0     0     0
     0     0     0     0     0     0     0     0     0     0     0     0
     0     0     0     0     0     0     0     0     0     0     0     0
     0     0     0     0     0     0     0     0     0     0     0     0
    17
     0     0     0     0     0     0     0     0     0     0     0     0
     0     0     0     0     0     0     0     0     0     0     0     0
     0     0     0     0     0     0     0     0     0     0     0     0
     0     0     0     0     0     0     0     0     0     0     0     0
     0     0     0     0     0     0     0     0     0     0     0     0
     0     0     0     0     0     0     0     0     0     0     0     0
     0     0     0     0     0     0     0     0     0     0     0     0
     0     0     0     0     0     0     0     0     0     0     0     0
     0     0     0     0     0     0     0     0     0     0     0     0
     0     0     0     0     0     0     0     0     0     0     0     0
     0     0     0     0     0     0     0     0     0     0     0     0
     0     0     0     0     0     0     0     0     0     0     0     0
     0     0     0     0     0     0     0     0     0     0     0     0
     0     0     0     0     0     0     0     0     0     0     0     0
     0     0     0     0     0     0     0     0     0     0     0     0
     0     0     0     0     0     0     0     0     0     0     0     0
     0     0     0     0     0     0     0     0     0     0     0     0
     0     0     0     0     0     0     0     0     0     0     0     0
     0     0     0     0     0     0     0     0     0     0     0     0
     0     0     0     0     0     0     0     0     0     0     0     0
     0     0     0     0     0     0     0     0     0     0     0     0
     0     0     0     0     0     0     0     0     0     0     0     0
     0     0     0     0     0     0     0     0     0     0     0     0
     0     0     0     0     0     0     0     0     0     0     0     0
     0     0     0     0     0     0     0     0     0     0     0     0
     0     0     0     0     0     0     0     0     0     0     0     0
     0     0     0     0     0     0     0     0     0     0     0     0
     1     0     0     0     0     0     0     0     0     0     0     0
     0     0     0     0     0     0     0     0     0     0     0     0
     0     0     0     0     0     0     0     0     0     0     0     0
     0     0     0     0     0     0     0     0     0     0     0     0
     0     0     0     0     0     0     0     0     0     0     0     0
     0     0     0     0     0     0     0     0     0     0     0     0
     0     0     0     0     0     0     0     0     0     0     0     0
     0     0     0     0     0     0     0     0     0     0     0     0
     0     0     0     0     0     0     0     0     0     0     0     0
    18
     0     0     0     0     0     0     0     0     0     0     0     0
     0     0     0     0     0     0     0     0     0     0     0     0
     0     0     0     0     0     0     0     0     0     0     0     0
     0     0     0     0     0     0     0     0     0     0     0     0
     0     0     0     0     0     0     0     0     0     0     0     0
     0     0     0     0     0     0     0     0     0     0     0     0
     0     0     0     0     0     0     0     0     0     0     0     0
     0     0     0     0     0     0     0     0     0     0     0     0
     0     0     0     0     0     0     0     0     0     0     0     0
     0     0     0     0     0     0     0     0     0     0     0     0
     0     0     0     0     0     0     0     0     0     0     0     0
     0     0     0     0     0     0     0     0     0     0     0     0
     0     0     0     0     0     0     0     0     0     0     0     0
     0     0     0     0     0     0     0     0     0     0     0     0
     0     0     0     0     0     0     0     0     0     0     0     0
     0     0     0     0     0     0     0     0     0     0     0     0
     0     0     0     0     0     0     0     0     0     0     0     0
     0     0     0     0     0     0     0     0     0     0     0     0
     0     0     0     0     0     0     0     0     0     0     0     0
     0     0     0     0     0     0     0     0     0     0     0     0
     0     0     0     0     0     0     0     0     0     0     0     0
     0     0     0     0     0     0     0     0     0     0     0     0
     0     0     0     0     0     0     0     0     0     0     0     0
     0     0     0     1     0     0     0     0     0     0     0     0
     0     0     1     0     0     0     0     0     0     0     0     0
     0     0     0     0     0     0     0     0     0     0     0     0
     0     0     0     0     0     0     0     0     0     0     0     0
     0     0     0     0     0     0     0     0     0     0     0     0
     0     0     0     0     0     0     0     0     0     0     0     0
     0     0     0     0     0     0     0     0     0     0     0     0
     0     0     0     0     0     0     0     0     0     0     0     0
     0     0     0     0     0     0     0     0     0     0     0     0
     0     0     0     0     0     0     0     0     0     0     0     0
     0     0     0     0     0     0     0     0     0     0     0     0
     0     0     0     0     0     0     0     0     0     0     0     0
     0     0     0     0     0     0     0     0     0     0     0     0
    19
     0     0     0     0     0     0     0     0     0     0     0     0
     0     0     0     0     0     0     0     0     0     0     0     0
     0     0     0     0     0     0     0     0     0     0     0     0
     0     0     0     0     0     0     0     0     0     0     0     0
     0     0     0     0     0     0     0     0     0     0     0     0
     0     0     0     0     0     0     0     0     0     0     0     0
     0     0     0     0     0     0     0     0     0     0     0     0
     0     0     0     0     0     0     0     0     0     0     0     0
     0     0     0     0     0     0     0     0     0     0     0     0
     0     0     0     0     0     0     0     0     0     0     0     0
     0     0     0     0     0     0     0     0     0     0     0     0
     0     0     0     0     0     0     0     0     0     0     0     0
     0     0     0     0     0     0     0     0     0     0     0     0
     0     0     0     0     0     0     0     0     0     0     0     0
     0     0     0     0     0     0     0     0     0     0     0     0
     0     0     0     0     0     0     0     0     0     0     0     0
     0     0     0     0     0     0     0     0     0     0     0     0
     0     0     0     0     0     0     0     0     0     0     0     0
     0     0     0     0     0     0     0     0     0     0     0     0
     0     0     0     0     0     0     0     0     0     0     0     0
     0     0     0     0     0     0     0     0     0     0     0     0
     0     0     0     0     0     0     0     0     0     0     0     0
     0     0     0     0     0     0     0     0     0     0     0     0
     0     0     0     0     0     0     0     0     0     0     0     0
     0     0     0     0     0     0     0     0     0     0     0     0
     0     0     0     0     0     0     0     0     0     0     0     0
     0     0     0     0     0     0     0     0     0     0     0     0
     0     0     0     0     0     0     0     0     0     0     0     0
     0     0     0     0     0     0     0     0     0     0     0     0
     0     0     0     0     0     0     0     0     0     0     0     0
     0     0     0     0     0     0     0     0     0     0     0     0
     0     0     0     0     0     0     0     0     0     0     0     0
     0     0     0     0     0     0     0     0     0     0     0     0
     0     0     0     0     0     1     0     0     0     0     0     0
     0     0     0     0     0     0     0     0     0     0     0     0
     0     0     0     0     0     0     0     0     0     0     0     0
    20
     0     0     0     0     0     0     0     0     0     0     0     0
     0     0     0     0     0     0     0     0     0     0     0     0
     0     0     0     0     0     0     0     0     0     0     0     0
     0     0     0     0     0     0     0     0     0     0     0     0
     0     0     0     0     0     0     0     0     0     0     0     0
     0     0     0     0     0     0     0     0     0     0     0     0
     0     0     0     0     0     0     0     0     0     0     0     0
     0     0     0     0     0     0     0     0     0     0     0     0
     0     0     0     0     0     0     0     0     0     0     0     0
     0     0     0     0     0     0     0     0     0     0     0     0
     0     0     0     0     0     0     0     0     0     0     0     0
     0     0     0     0     0     0     0     0     0     0     0     0
     0     0     0     0     0     0     0     0     0     0     0     0
     0     0     0     0     0     0     0     0     0     0     0     0
     0     0     0     0     0     0     0     0     0     0     0     0
     0     0     0     0     0     0     0     0     0     0     0     0
     0     0     0     0     0     0     0     0     0     0     0     0
     0     0     0     0     0     0     0     0     0     0     0     0
     0     0     0     0     0     0     0     0     0     0     0     0
     0     0     0     0     0     0     0     0     0     0     0     0
     0     0     0     0     0     0     0     0     0     0     0     0
     0     0     0     0     1     0     0     0     0     0     0     0
     0     0     0     0     0     0     0     0     0     0     0     0
     0     0     0     0     0     0     0     0     0     0     0     0
     0     0     0     0     0     0     0     0     0     0     0     1
     0     0     0     0     0     0     0     0     0     0     0     0
     0     0     0     0     0     0     0     0     0     0     0     0
     0     0     0     0     0     0     0     0     0     0     0     0
     0     0     0     0     0     0     0     0     0     0     0     0
     0     0     0     0     0     0     0     0     0     0     0     0
     0     0     0     0     0     0     0     0     0     0     0     0
     0     0     0     0     0     0     0     0     0     0     0     0
     0     0     0     0     0     0     0     0     0     0     0     0
     0     0     0     0     0     0     0     0     0     0     0     0
     0     0     0     0     0     0     0     0     0     0     0     0
     0     0     0     0     0     0     0     0     0     0     0     0
