16
Pierre, SD 24025
     0
     -13.400      -9.400      -2.300       5.000      12.100      17.700
      22.200      21.100      14.300       7.800      -1.800     -10.700
      -4.500      -2.300       2.700      10.000      16.700      22.200
      26.700      26.100      19.300      12.800       2.700      -4.000
       1.100       2.700       7.800      15.600      21.100      26.700
      31.100      30.600      25.000      17.700       8.300       1.100
      56.000      54.000      48.000      34.000      38.000      42.000
      35.000      33.000      31.000      35.000      46.000      57.000
      66.000      68.000      65.000      52.000      55.000      56.000
      49.000      46.000      46.000      48.000      63.000      68.000
      76.000      78.000      79.000      73.000      75.000      72.000
      66.000      64.000      66.000      67.000      78.000      78.000
       2.700       2.700       3.100       3.100       3.100       2.700
       2.700       2.700       3.100       2.700       2.700       2.700
       4.400       4.000       4.800       4.800       4.800       4.000
       4.000       4.000       4.400       4.400       4.000       4.000
       5.900       5.900       6.300       6.800       5.900       5.500
       5.200       5.500       5.900       5.900       5.900       5.900
     290.000     300.000     320.000     330.000     120.000     120.000
     130.000     130.000     320.000     300.000     300.000     290.000
     1
      -5.885      -3.061       2.853      10.590      16.821      22.483
      26.628      25.830      19.723      12.814       3.025      -4.799
      65.396      65.746      62.563      53.395      56.450      56.700
      51.317      49.234      49.830      51.405      61.490      66.776
     2
     8     7     7    10    11     6    10    11     5     6     9     7
     8     9     8     8     7    13    19    15    13     9     9    11
     6     5     4    11     7     6    22    12     5     3     7    10
     6     9     9     6     9    13    20    10     6     9    10     9
    12    10    15     8    16    22    23    29    16    11    14    11
     8    13     5     5    10    12    16    12     9    11    12     5
    14    20     6     5    21    19    27    19    10     9    16    14
     5     8    13     5    16    12    13    15     9     8    14    12
    14    17    14    15    15    26    20    25    20    12    19    11
    13    10     8    11    14    18    25    27    10    15    19    17
    12    17    14    11    14    32    32    30    13    13    28    10
    18    10    18    10     8    11    17    20    17     7    16    19
    13     9     4     4     8    10    14    11     8    12    15    10
    18    17    14    11    12    28    21    29    18    23    15    17
    12     7     6     8    14    12     9    11     9    15     9     6
    19     6    13    10    12    14    18    14    20    15    13    14
    14     9     6    12    10    18    11    16    11    12    11    13
    20    15     9    15     7    24    27    25    23    21    17    18
    11     8    10     8    15     6    20    10    12    10     7    12
    17    18     9     7    12    17    16    14    12    11    23    10
    13     8     4    11     8    11     9     8    13     8    15    16
    15    11     8     8    11    19    11    16    10    10    15    11
    24    20    17    18    11    40    25    27    23    41    33    28
    20    20     9    14    11    16    22    18    21    12     9    18
    17    13     7    14    19    20    23    17    10    16    19    14
    12     9     7     9     7    14    11    11     8     6     7     6
    12    10    10     6     7    13    15    13    15    23     9    12
     6    11     3    10    14    12    11     5    11     6    15     4
    13     9     8    12     8    18    15    13    19    14    19    15
    10    10     7     6    12    11     9     7    10    10     5     7
    10    11     7     6     5    15    15     9     8    12     5    10
     7    13     7     6     8    19     8    18    15    19    10    11
     8     6     6     7    10    10     9     7     3     9    10    13
     3    12     8     8     9     9    21    14    10     4     7    11
     9     8    10     7     5    17     8     8    10     8    11     7
     4     9    11    17    22    16    31    19    18    13    15    13
     3
    23    13    14    31    19    33    48    30    22    16    30    15
    26    18    28    23    24    42    54    49    27    15    32    24
    10     7    22    22    27    38    42    33    20    12    13    15
    16    20    25    24    36    35    39    33    22    14    22    15
    20    21    30    33    47    48    75    50    25    23    29    28
    13    17    23    20    27    42    46    44    25    17    22    19
    32    25    34    27    56    69    71    57    41    26    35    32
    19    26    17    32    42    38    63    36    22    26    22    29
    23    41    36    40    61    80    73    61    48    29    32    42
    27    25    38    37    44    41    77    55    27    28    33    27
    37    65    51    52    81    87   130    87    65    58    55    57
    45    40    52    59    62    92   101    92    59    52    41    40
    39    51    38    41    51    57    79    74    49    48    33    37
    33    47    65    37    81    81    84   105    52    66    61    34
    25    23    19    18    46    30    56    44    34    27    29    24
    26    26    25    25    43    62    56    48    44    46    36    32
    29    17    26    22    23    37    40    28    39    29    19    19
    18    27    24    25    40    42    56    40    32    41    33    26
    13    21    18    15    17    34    42    16    22    16    27    30
    34    31    22    20    29    29    31    34    23    37    38    40
    33    26    19    25    25    22    32    26    24    37    29    38
    50    37    28    19    19    38    27    24    32    41    30    45
    67    67    35    36    50    55    59    46    45    92    68    81
    43    31    29    18    25    45    44    34    34    69    68    50
    72    48    50    30    38    52    34    50    50    63    66    55
    40    28    26    20    21    36    23    33    22    34    36    33
    35    38    32    23    36    65    35    29    29    57    41    46
    26    28    28    22    30    37    38    28    22    28    34    24
    44    59    33    49    42    69    71    52    30    49    41    41
    25    22    31    28    54    52    47    30    35    31    30    34
    24    37    26    30    34    62    60    30    37    36    32    21
    35    42    39    50    53    54    71    41    55    51    38    39
    29    32    35    26    21    45    42    40    46    29    27    21
    21    29    29    24    46    50    81    49    48    38    39    32
    24    28    22    26    41    47    67    52    45    29    22    25
    28    35    30    35    48    76    87    67    55    37    40    27
     4
    12     8    15    22    18    22    30    33    26    11    11    14
    18    18    14    21    27    31    41    30    14    11    30     7
     6    16    19    15    15    27    25    19    16    11    13     6
    12     5    15    24    16    15    25    19    14    12    10     9
    16    15    10    20    20    30    39    33    24    20    20    12
    17    10    18    14    15    35    23    27    13     8    13    12
    18    25    30    24    43    45    56    43    31    10    14    14
    11    12    15    20    21    29    35    26    21    11    18    15
    24    19    34    18    36    51    69    55    34    23    19    18
    18    24    24    13    31    41    58    33    26    12    23    10
    29    40    56    40    61    78    91    88    45    42    38    37
    25    45    42    48    73    86   115    94    40    39    37    29
    27    34    35    41    52    64    88    62    36    48    33    27
    25    25    27    37    55    73    80    78    50    43    44    25
    10    14    20    18    25    27    46    35    23    19    22    12
    15    20    13    30    25    40    49    47    34    28    20    15
     3     8    10    14    24    26    34    21    19    11    12     2
     7     6    19    14    21    36    25    35    23    20    10     8
     7     7     9    10     4    13    22    19    14     8    13     4
     4    11    14     6    22    19    22    24    12    27    18     8
     8    14     7     7     7    16    17    13     9    18     8     9
    17    17     9    10    22    16     8    16    22    20    23    19
    45    38    20    26    26    21    26    37    30    41    33    48
    32    28    28    22    21    28    20    22    22    32    46    33
    53    31    30    26    16    32    19    30    17    48    45    48
    28    22    22     9    24    16    13    17    19    20    29    24
    34    33    25    13    18    38    18    24    22    37    30    34
    22    28    24    25    23    36    23    26    14    24    27    25
    35    37    29    38    39    46    40    21    32    40    29    26
    31    26    21    30    43    39    31    27    35    26    28    22
    27    32    42    35    35    49    38    31    28    27    27    18
    56    34    25    39    35    68    41    62    57    48    44    31
    22    24    28    24    34    36    42    25    45    21    27    26
    30    27    24    34    25    33    57    44    48    35    31    25
    16    22    28    28    30    35    44    43    65    34    19    22
    16    30    31    37    36    51    57    34    61    22    32    13
     5
    10    13    35    31    35    24    39    29    20    15    17    21
    17    19    37    40    42    45    48    39    28    15    26    11
     9     9    21    32    34    29    27    21    27     9    14    16
    11    23    17    29    38    34    33    27    31    12    19     7
    33    23    36    46    51    59    61    35    37    24    31    14
    17    12    27    30    33    31    37    33    31    11    19    15
    37    34    30    56    63    64    91    64    50    15    26    27
    14    23    25    37    29    50    52    46    31    10    17    20
    25    34    42    51    61    66    98    62    58    18    22    25
    34    47    35    42    52    70    66    74    33    37    33    17
    56    88   100    90   148   142   199   191   107    54    64    47
    45    78   101    82   108   155   190   144    73    84    76    35
    56    62    68    53    84   129   148   142    65    78    62    45
    31    50    65    75   110   163   182   171   103    83    60    37
     4    16    24    20    38    79    95   100    28    41    29    15
     7    17    31    55    55    80    89   121    76    33    36    12
     3     8    26    19    45    41    63    55    40    19    19     4
     3     9    26    31    37    47    53    51    24    18    10     3
     3    10     8    12    22    30    39    33    13    16     3     0
     5     9    13    25    14    21    28    37    24    23    21     4
     7    12     6    11    19    11    16    27     8     8     2     6
    12    19    10    18    21    21    21    15    17    16    16    15
    62    47    27    31    31    30    21    26    24    56    44    32
    49    36    22    24    29    17    20    17    19    32    31    40
    82    56    32    47    42    40    18    20    38    59    43    74
    42    37    31    21    28    15    10    18    19    30    27    42
    84    47    40    27    31    34    21    26    28    55    40    66
    48    54    30    27    40    53    36    29    30    36    43    29
    72    78    73    62    94    83    52    70    67    71    62    66
    65    53    48    66    81    81    53    61    63    67    72    64
    62    71    60    75    91   114    62    61    81    66    63    42
    90    82    90    86    83   101    81    92    90   116    98    67
    52    43    53    54    73    61    63    70    74    65    72    43
    48    52    69    78    81    74   101    78    82    85    70    61
    21    36    61    65    59    57    65    71    79    55    50    45
    27    42    49    65    70    64    61    92    86    36    30    25
     6
     4    16    25    45    22    18    13    25    12    20    16    15
     6    18    29    40    43    19    30    32    24    20    14    12
     6     7    13    27    19    23    18    22    12     8    10     8
     4    10    21    29    25    18    20    13    16     9     6    11
    17    17    22    52    39    31    45    21    24     5     4     9
    10    18    11    33    21    35    34    17    18     6    22     4
    16    24    25    39    56    40    55    34    19    13     6     8
    15    17    14    29    19    28    26    19    23     8     7     6
    13    37    36    27    44    26    56    37    34    13     6    13
    23    17    32    47    41    46    56    42    35    14    19    16
    33    50    90   102   143   151   123   128    84    50    54    34
    31    49    86    80   117   112   118   129    72    51    43    28
    27    35    57    68   107   123   118   125    91    80    35    36
    29    30    72    70   111   123   143   150   117    89    56    25
    10    12    34    35    62    78    94    91    50    60    27     9
     6     7    32    54    66    79   107   110    75    51    20     4
     3     4    17    23    38    50    77    75    34    23    16     4
     1     8    20    20    47    37    61    50    22    16    11     2
     1     1     6    10    12    17    24    23    14     9     2     0
     5     3    13    11    15    15    16    25    12     6     8     1
     1     6    10     6     7     9    10    15     3     5     1     2
     2     6     5     6    12     8     7    10    14     7     3     2
    26    18     9    13    17    13     9     5    11    10     5    11
    19    17    12    11    14    10     2    11     9    13     4     8
    58    25    10    14    20    20     9    12    18    26    10    28
    32    12    17    15    21    13     3    16    14    15    21    25
    53    25    22    22    26    26     8    20    16    39    22    34
    55    20    19    34    35    38    11    17    28    41    28    27
    96    75    83    93    83    68    50    53    68    92    64    65
    65    71    71    72    55    81    43    50    54    69    56    60
    76    82    73    53    76    63    45    55    59   104    92    63
    84    89    92   121   139    71    69    72   107   115   115    81
    46    51    58    67    82    55    65    48    72    76    49    44
    67    66    81    83    93    71    66    50    71    78    69    46
    27    24    50    55    61    45    52    50    60    51    41    30
    29    42    52    74    72    45    40    46    70    33    40    25
     7
     1     7     9     6     7     2     5     6     6     3     1     1
     0     8    10    11    14     7     4     1     7     1     2     2
     0     5     9     8     6     2     4     4     8     2     7     5
     2     3     9    14     8     7     8    10     5     1     1     3
     3     3     5    23    10     8     8     8     3     5     2     3
     2     4     5     9     7     7     6     4     5     1     2     4
     3    11     8    15    29     6    19    10     2     1     5     7
     0     3    12     5     8     7     6     5     6     1     3     3
     6     8    10     9    16    13    10    10     3     4     1     4
    12     6    11    12    12    16    15    16     2     2     1     3
    11    11    35    47    31    48    30    26    18    17     8     6
     7     6    31    30    27    38    28    30    25    12    18     7
     7    10    18    29    41    23    29    34    30    17    21     9
     6     5    25    27    32    39    36    43    24    39    13     9
     2     5    15    17    33    28    34    33    23    25    12     5
     2     2    16    18    30    27    41    41    19    22     6     2
     1     2     6     8    13    23    26    16    23    16     4     0
     0     1     5    12    14     6    14    20     8     4     0     1
     0     1     2     0     8     4    10     4     5     4     1     0
     0     0     0     0     1     2     3     0    10     0     1     0
     0     1     0     4     6     3     0     2     4     0     0     0
     0     1     1     5     3     1     0     3     3     0     1     1
    11     2     6     3     5     4     2     1     4     6     2     2
     5     4     1     3     6     2     0     2     0     3     1     3
    10     3     5     0     3     5     3     2     0     5     4     5
     6     3     4     2     6     8     1     2     0     4     3     6
    19     4    10     8     3     5     1     7     8    13     8     4
    16    13     2    11     6     7     2     7     8    10    11    17
    33    27    40    41    26    20    17     8    17    30    29    30
    48    34    31    37    21    26    14    19    16    33    27    29
    29    31    24    25    40    36    15    16    27    35    32    31
    38    45    40    49    44    30    23    30    48    46    44    44
    23    27    34    36    30    19    16    10    25    22    26    20
    18    34    39    47    30    19    16    19    29    32    25    27
    18    15    19    25    22    12    10    14    14    11    15     5
    11    20    23    23    16    18    15    10    15     8    14     6
     8
     3     7     6    14     6     2     6     2     6     2     4     4
     2     7    12    15    25     3     8     5     4     2     2     3
     0     4     7     9     5     3     4     3     5     5    10     1
     0     4     9    22     5     2     3     5     3     2     6     5
     5     6     6    20    15     8    12     8     8     1     3     3
     4     2     9    23     8     2     3     5     1     2     5     1
     3    10     4    15    32     7    18     9     4     1     4     0
     1     1    12     7     5     6     3     4     3     0     5     2
     4    14    17    14    14    12    10    10     5     0     1     2
    15     1    15    24    24    10    17    20     7     4     3     4
    20    15    58    72    60    24    27    22    29     6    14     8
    17    18    19    52    40    29    29    23    30    10    16     8
    11     8    19    29    55    22    23    24    27    12    21    16
    14     9    34    50    54    52    44    49    58    33    14    11
    14     7    16    22    43    26    26    35    18    35     5     4
     2     1    22    32    44    37    42    43    44    26     6     1
     0     0     6    10    38    19    25    22    25    11     1     4
     0     2     9     7    20    11    14    15    12     7     1     0
     0     2     0     4     7     4     4     7    13     2     1     1
     0     0     1     1     2     0     2     4     4     2     4     1
     0     3     0     4     5     4     6     1     3     3     0     0
     0     2     1     1     4     0     1     2     2     0     0     0
     5     5     4     5     4     4     1     4     4     1     4     1
     2     3     0     2     4     0     1     2     4     3     0     0
    17     2     6     4     3     7     0     0     6     5     4     4
     6     3     3     4     7     2     1     0     0     3     5     9
    21    10     9    17    15     6     3     9    10    15     5    12
    19     8    26    19    17    16     4     9    19    22    12    14
    70    49    59    51    51    25    20    21    66    51    49    59
    56    61    38    51    30    32    10    27    40    52    41    59
    75    65    79    61    51    41    20    23    42    61    73    56
    73    71   103    92    77    49    34    30    52    73    65   113
    52    36    68    67    44    24    15     7    31    51    29    44
    44    44    78    70    34    29    16    20    23    47    33    35
    16    11    27    41    36    21    15    18    18    13    18    15
     9    17    28    40    36    14     5    14    17    12    12     8
     9
     0     0     8     0     1     1     1     1     1     0     0     0
     1     1     1     2     7     1     0     2     1     0     1     0
     0     0     1     2     0     0     0     0     1     0     0     1
     0     0     1     5     1     0     1     2     0     0     0     0
     0     1     2     2     3     0     2     1     1     0     0     0
     0     0     1     3     4     1     1     0     0     0     0     0
     0     0     6     1     7     1     3     1     1     0     1     1
     0     0     0     2     6     1     0     1     1     0     0     0
     0     0     1     1     7     2     1     1     1     0     1     0
     1     0     5     0     2     1     0     1     1     0     0     0
     2     2     3     7     5     0     0     6     0     4     1     4
     3     2     3    10     5     1     5     2     5     4     2     2
     3     5     4     5     4     1     2     2     1     5     5     3
     0     1     9    15     7     7     4     3     4     4     2     0
     0     2     5     6     9     2     2     7     3     8     0     0
     0     0     9     8     7     6     5     4     2     3     0     0
     0     0     4     2     2     0     3     2     4     0     0     1
     0     0     2     1     0     0     0     3     2     0     0     0
     0     0     0     1     2     0     1     2     1     0     0     0
     0     0     0     0     0     0     0     2     0     2     0     0
     0     0     0     0     0     0     0     1     0     0     0     0
     0     0     0     0     1     0     0     0     0     0     0     0
     1     0     0     0     0     0     0     1     1     0     1     1
     0     0     0     0     2     0     0     1     0     0     0     1
     2     0     0     3     0     2     0     0     0     1     0     0
     1     0     1     1     1     0     0     0     0     0     0     2
     0     0     2     1     3     0     0     0     0     1     2     2
     4     3     5     3     6     3     0     0     5     2     4     7
    13     8    12    18     8     2     1     4    11    13    15    11
    18    18    11    11    14     5     1     2    12     7    10    13
    29    15    19    24    11    12     1     6     7    20    16    17
    21    20    39    28    22     6     8     4    12    24    22    28
    10     6     9    12    12     3     1     0     4    10    12    10
    11     6    16    24     8     3     2     2     4    17     9     5
     1     3    11    10     5     1     2     2     2     6     2     1
     1     3     7     4     6     1     1     2     3     1     2     0
    10
     0     0     0     1     0     0     1     0     0     0     0     0
     1     0     0     1     0     0     1     0     0     2     0     0
     0     0     1     1     1     1     0     0     0     0     0     0
     1     0     1     2     0     0     0     0     0     0     0     0
     0     4     1     1     5     0     5     0     0     0     0     0
     0     0     4     0     2     0     0     0     0     0     3     0
     0     1     2     1     2     3     3     0     0     0     0     0
     0     0     2     0     0     1     1     0     0     0     0     0
     2     0     4     2     1     0     0     0     0     0     0     0
     0     0     1     1     0     2     0     0     0     1     1     0
     0     1     3     6     7     1     2     0     1     0     0     0
     0     3     1     1     0     1     1     1     1     1     2     2
     1     4     2     7     2     0     0     1     0     0     3     0
     0     3     3     9     9     7     1     4     1     2     3     0
     0     0     3     2     6     0     1     3     3     3     1     1
     1     1     4     3     8     1     2     0     0     4     1     0
     0     0     2     1     7     0     0     0     1     0     0     0
     0     0     0     1     5     0     0     0     0     0     0     0
     0     0     0     0     1     0     0     0     0     0     0     0
     0     0     0     0     0     0     0     0     0     0     0     0
     0     0     0     0     0     0     0     0     0     0     1     0
     0     0     0     1     0     0     0     1     0     0     0     0
     0     0     1     0     0     0     0     1     0     1     0     0
     0     0     0     0     0     1     0     0     0     0     0     0
     1     0     2     1     0     2     0     0     0     0     0     0
     0     0     1     1     0     2     0     0     1     0     0     1
     1     0     1     0     4     0     0     1     1     0     1     1
     0     1     3     1     4     1     0     3     5     1     2     1
    14     6    16    11     7     3     2     1    10     5     8    14
    18     4    13    15     9     2     0     4     7     7    12     7
    20    13    14    17    11     4     2     4     3    15    21    12
    24    18    23    25    10     8     2     3     4    14    18    10
    13     7    12    12    15     3     3     1     5     8     5    10
     8     4     5    14     4     1     2     2     4     7     3     7
     3     3    10     5     3     2     0     2     1     8     2     0
     2     3     2     3    10     1     0     0     1     4     0     1
    11
     0     0     1     0     0     0     0     0     0     0     0     0
     1     0     3     3     5     0     2     0     0     0     0     0
     0     0     2     2     0     0     0     1     0     0     0     0
     0     0     1     5     1     0     0     1     0     0     0     0
     0     1     2     3     4     0     0     0     0     0     0     0
     0     0     8     0     4     1     0     0     0     0     0     0
     0     3     0     1     2     0     0     2     0     0     0     0
     0     0     0     0     2     1     0     0     0     0     0     0
     0     0     0     0     1     0     2     0     0     0     0     0
     0     0     0     3     0     0     0     0     0     0     0     0
     0     0     0     4     5     2     1     2     2     0     0     1
     1     0     3     5     1     0     0     0     0     0     0     0
     0     0     1     1     0     1     0     0     0     0     0     0
     0     1     3     2     5     3     0     0     0     1     0     0
     0     0     0     4     5     1     0     0     0     3     0     0
     0     0     3     1     6     2     2     1     1     0     0     0
     0     0     2     3     4     2     0     0     2     0     0     0
     0     0     2     0     2     2     0     0     0     1     0     0
     0     0     0     1     0     1     1     0     0     0     0     0
     0     0     0     0     0     1     0     0     0     0     2     0
     0     0     0     0     0     0     0     0     0     0     0     0
     0     1     0     0     0     0     0     1     0     0     0     0
     0     0     0     1     0     0     0     0     0     0     0     0
     0     0     1     0     0     0     0     0     0     0     0     0
     0     0     2     3     0     1     0     0     0     0     0     0
     0     0     0     1     4     0     0     0     2     0     0     0
     0     0     4     0     3     1     0     1     4     1     0     2
     2     1     2     0     8     1     2     2     5     2     6     5
     7     9    25    16     9     2     1     1     7    18    14     7
    15     7     8     8    10     5     0     1     4     9    11    10
    15     7    21    20     8     9     1     1     4    13    14    15
    14    17    28    26    12     5     2     3    11    14    17    16
    17     8    12     9     3     4     0     0     3     4     3     9
    10     6    17    15     9     1     3     0     1     6     5     4
     2     2     2     0     2     1     0     3     1     3     1     1
     1     0     4     7     2     0     1     2     0     1     0     0
    12
     0     1     3     0     0     0     0     0     0     0     0     0
     0     0     0     0     5     0     0     0     0     0     0     0
     0     0     0     0     0     0     0     0     0     0     0     0
     0     0     0     0     0     0     0     1     0     0     0     0
     0     0     0     3     3     0     1     0     0     0     0     0
     0     0     1     0     3     0     0     0     0     0     0     0
     0     1     0     0     1     0     2     0     1     0     0     0
     0     0     0     0     0     0     0     0     0     0     0     0
     0     0     0     0     1     0     1     1     0     0     0     0
     0     0     0     1     0     0     0     0     0     0     0     0
     0     0     0     2     0     0     0     0     0     0     0     0
     1     0     0     1     2     0     0     0     0     0     0     0
     0     0     1     0     1     0     0     0     0     0     0     0
     0     0     0     1     0     1     0     0     0     0     0     0
     0     0     0     0     1     0     0     0     0     1     0     0
     0     0     2     0     0     0     0     0     0     1     0     0
     0     0     4     0     1     0     0     0     0     2     0     0
     0     0     0     0     0     0     0     0     0     0     0     0
     0     0     0     0     0     0     0     0     0     0     0     0
     0     0     0     1     0     0     1     0     0     0     0     0
     0     0     0     0     0     0     0     0     0     0     0     0
     0     0     0     0     0     1     0     0     0     0     1     0
     0     0     0     0     0     0     0     1     0     0     1     0
     0     0     0     0     0     1     0     0     0     0     0     0
     0     0     1     2     0     1     0     0     0     0     0     0
     0     0     0     1     1     0     0     0     0     1     0     0
     2     1     0     0     3     1     0     0     0     2     0     0
     4     0     4     1     6     2     0     0     0     1     1     0
    13     7    14     6     5     1     1     0     4     2     6    12
     7     4    16     4     2     0     1     0     2     3     3    10
     6     6     8    10     8     5     1     0     0    13     3     5
    24     8    19    21     2     1     0     1     5     7     7    18
     6     4     0     3     0     1     0     0     1     1     5     3
     6     4     3    13     2     1     0     1     0     5     5     1
     1     0     1     5     0     0     0     1     0     1     1     1
     1     0     2     0     0     0     0     0     0     1     0     0
    13
     0     0     0     0     0     0     0     0     0     0     0     0
     0     0     0     0     2     0     0     0     0     0     0     0
     0     0     0     0     0     0     0     0     0     0     0     0
     0     0     0     0     0     0     0     0     0     0     0     0
     0     0     0     0     0     0     0     0     0     0     0     0
     0     0     0     0     0     0     0     0     0     0     0     0
     0     0     0     0     0     0     0     0     0     0     0     0
     0     0     0     0     0     0     0     0     0     0     0     0
     0     0     0     0     0     0     0     0     0     0     0     0
     0     0     0     0     0     0     0     0     0     0     0     0
     0     0     0     0     0     0     0     0     0     0     0     0
     0     0     0     0     0     0     0     0     0     0     0     0
     0     0     0     0     0     0     0     0     0     0     0     0
     0     0     0     0     0     0     1     0     0     0     1     0
     0     0     0     0     0     0     0     0     0     1     0     0
     0     0     0     0     0     0     0     0     0     0     0     0
     0     0     0     0     0     0     0     0     0     0     0     0
     0     0     0     0     0     0     0     0     0     0     0     0
     0     0     0     0     0     0     0     0     0     0     0     0
     0     0     0     0     0     0     0     0     0     0     0     0
     0     0     0     0     0     0     0     0     0     0     0     0
     0     0     0     1     0     0     0     0     0     0     0     0
     0     0     0     0     0     0     0     0     0     0     0     0
     0     0     0     0     0     0     0     0     0     0     0     0
     0     0     0     0     0     0     0     0     0     0     0     0
     0     0     0     0     0     0     0     0     0     0     0     0
     0     0     0     0     0     0     0     0     0     0     1     0
     0     0     1     0     1     0     0     0     0     0     0     0
     1     0     0     1     1     0     0     0     1     1     0     2
     1     0     2     0     0     0     0     0     0     0     0     1
     2     0     3     1     0     0     0     0     0     3     0     0
     1     1     1     4     0     0     0     0     0     1     2     2
     0     0     0     3     0     0     0     0     0     0     0     0
     0     1     0     3     0     0     0     0     0     0     1     0
     0     1     2     1     0     0     1     0     0     1     0     0
     0     0     0     0     0     0     0     0     0     0     0     0
    14
     0     0     0     0     0     0     0     0     0     0     0     0
     0     0     0     0     2     0     1     0     0     0     0     0
     0     0     0     0     0     0     0     0     0     0     0     0
     0     0     0     0     0     0     0     0     0     0     0     0
     0     0     0     0     0     0     0     0     0     0     0     0
     0     0     0     0     0     0     0     0     0     0     0     0
     0     0     0     0     0     0     0     0     0     0     0     0
     0     0     0     0     0     0     0     0     0     0     0     0
     0     0     0     0     0     0     1     0     0     0     0     0
     0     0     0     0     0     0     0     0     0     0     0     0
     0     0     0     0     0     0     0     0     0     0     0     0
     0     0     0     0     0     0     0     0     0     0     0     0
     0     0     0     0     0     0     0     0     0     0     0     0
     0     0     0     0     0     0     0     0     0     0     0     0
     0     0     0     0     0     0     0     0     0     0     0     0
     0     0     0     0     0     0     0     0     0     0     0     0
     0     0     0     0     0     0     0     0     0     0     0     0
     0     0     0     0     0     0     0     0     0     0     0     0
     0     0     0     0     0     0     0     0     0     0     0     0
     0     1     0     0     0     0     0     0     0     0     0     0
     0     0     0     0     0     0     0     0     0     0     0     0
     0     0     0     0     0     0     0     0     0     0     0     0
     0     0     0     0     0     0     0     0     0     0     0     0
     0     0     0     0     0     0     0     0     0     0     0     0
     0     0     0     0     0     0     0     0     0     0     0     0
     0     0     0     0     1     0     0     0     0     0     0     1
     1     0     0     0     0     0     0     0     0     0     0     0
     0     0     2     0     0     0     0     1     0     0     0     0
     4     3     4     2     1     0     0     0     0     1     0     4
     1     0     7     0     0     0     0     0     0     0     0     1
     3     2     1     2     0     0     0     0     1     0     0     3
     3     1     7    11     1     0     0     0     1     0     2     3
     1     2     0     1     0     0     0     0     0     0     0     0
     1     1     0     6     1     0     0     0     0     0     0     0
     0     1     0     1     0     0     0     0     0     0     0     0
     0     0     0     1     2     0     0     0     0     0     0     0
    15
     0     0     0     0     0     0     0     0     0     0     0     0
     0     0     0     0     0     0     0     0     0     0     0     0
     0     0     0     0     0     0     0     0     0     0     0     0
     0     0     0     0     0     0     0     0     0     0     0     0
     0     0     0     0     0     0     0     0     0     0     0     0
     0     0     0     0     0     0     0     0     0     0     0     0
     0     0     0     0     0     0     0     0     0     0     0     0
     0     0     0     0     0     0     0     0     0     0     0     0
     0     0     0     0     0     0     0     0     0     0     0     0
     0     0     0     0     0     0     0     0     0     0     0     0
     0     0     0     0     0     0     0     0     0     0     0     0
     0     0     0     0     0     0     0     0     0     0     0     0
     0     0     0     0     0     0     0     0     0     0     0     0
     0     0     0     0     0     0     0     0     0     0     0     0
     0     0     0     0     0     0     0     0     0     0     0     0
     0     0     0     0     0     0     0     0     0     0     0     0
     0     0     0     0     0     0     0     0     0     0     0     0
     0     0     0     0     0     0     0     0     0     0     0     0
     0     0     0     0     0     0     0     0     0     0     0     0
     0     0     0     0     0     0     0     0     0     0     0     0
     0     0     0     0     0     0     0     0     0     0     0     0
     0     0     0     0     0     0     0     0     0     0     0     0
     0     0     0     0     0     0     0     0     0     0     0     0
     0     0     0     0     0     0     0     0     0     0     0     0
     0     0     0     0     0     0     0     0     0     0     0     0
     0     0     0     0     0     0     0     0     0     0     0     0
     0     0     0     0     1     0     0     0     0     0     0     0
     0     0     0     0     0     0     0     0     0     0     0     0
     1     0     0     0     0     0     0     0     0     0     2     1
     1     0     1     0     0     0     0     0     0     0     0     1
     0     0     0     0     0     0     0     0     0     0     0     0
     0     0     1     0     0     0     0     0     0     0     0     0
     0     0     0     0     0     0     0     0     0     0     0     0
     0     0     0     1     0     0     0     0     0     0     0     0
     0     0     0     0     0     0     0     0     0     0     0     0
     0     0     0     0     0     0     0     0     0     0     0     0
    16
     0     0     0     0     0     0     0     0     0     0     0     0
     0     0     0     0     0     0     0     0     0     0     0     0
     0     0     0     0     0     0     0     0     0     0     0     0
     0     0     0     0     0     0     0     0     0     0     0     0
     0     0     0     0     0     0     0     0     0     0     0     0
     0     0     0     0     0     0     0     0     0     0     0     0
     0     0     0     0     0     0     0     0     0     0     1     0
     0     0     0     0     0     0     0     0     0     0     0     0
     0     0     0     0     0     0     0     0     0     0     0     0
     0     0     0     0     0     0     0     0     0     0     0     0
     0     0     0     0     0     0     0     0     0     0     0     0
     0     0     0     0     0     0     0     0     0     0     0     0
     0     0     0     0     0     0     0     0     0     0     0     0
     0     0     0     0     0     0     0     0     0     0     0     0
     0     0     0     0     0     0     0     0     0     0     0     0
     0     0     0     0     0     0     0     0     0     0     0     0
     0     0     0     0     0     0     0     0     0     0     0     0
     0     0     0     0     0     0     0     0     0     0     0     0
     0     0     0     0     0     0     0     0     0     0     0     0
     0     0     0     0     0     0     0     0     0     0     0     0
     0     0     0     0     0     0     0     0     0     0     0     0
     0     0     0     0     0     0     0     0     0     0     0     0
     0     0     0     0     0     0     0     0     0     0     0     0
     0     0     0     0     0     0     0     0     0     0     0     0
     0     0     0     0     0     0     0     0     0     0     0     0
     0     0     0     0     0     0     0     0     0     0     0     0
     0     0     0     0     1     0     0     0     0     0     0     0
     0     0     0     0     0     0     0     0     0     0     0     0
     1     0     0     2     0     0     0     0     0     0     1     0
     1     0     1     0     0     0     0     0     0     0     1     0
     1     0     0     5     0     0     0     0     0     0     0     0
     0     2     3     3     0     0     0     0     0     0     0     0
     0     0     0     1     0     0     0     0     0     0     0     0
     0     0     0     1     0     0     0     0     0     0     0     0
     0     0     0     0     0     0     0     0     0     0     0     0
     0     0     0     0     0     0     0     0     0     0     0     0
    17
     0     0     0     0     0     0     0     0     1     0     0     0
     0     0     0     0     0     0     0     0     0     0     0     0
     0     0     0     0     0     0     0     0     0     0     0     0
     0     0     0     0     0     0     0     0     0     0     0     0
     0     0     0     0     0     0     0     0     0     0     0     0
     0     0     0     0     0     0     0     0     0     0     0     0
     0     0     0     0     0     0     0     0     0     0     0     0
     0     0     0     0     0     0     0     0     0     0     0     0
     0     0     0     0     0     0     0     0     0     0     0     0
     0     0     0     0     0     0     0     0     0     0     0     0
     0     0     0     0     0     0     0     0     0     0     0     0
     0     0     0     0     0     0     0     0     0     0     0     0
     0     0     0     0     0     0     0     0     0     0     0     0
     0     0     0     0     0     0     0     0     0     0     0     0
     0     0     0     0     0     0     0     0     0     0     0     0
     0     0     0     0     0     0     0     0     0     0     0     0
     0     0     0     0     0     0     0     0     0     0     0     0
     0     0     0     0     0     0     0     0     0     0     0     0
     0     0     0     0     0     0     0     0     0     0     0     0
     0     0     0     0     0     0     0     0     0     0     0     0
     0     0     0     0     0     0     0     0     0     0     0     0
     0     0     0     0     0     0     0     0     0     0     0     0
     0     0     0     0     0     0     0     0     0     0     0     0
     0     0     0     0     0     0     0     0     0     0     0     0
     0     0     0     0     0     0     0     0     0     0     0     0
     0     0     0     0     0     0     0     0     0     0     0     0
     0     0     0     0     0     0     0     0     0     0     0     0
     0     0     0     0     0     0     0     0     0     0     0     0
     0     0     0     1     0     0     0     0     0     0     0     0
     0     0     0     0     0     0     0     0     0     0     0     0
     0     0     1     0     0     0     0     0     0     0     0     0
     0     0     0     0     0     0     0     0     0     0     0     0
     0     0     0     0     0     0     0     0     0     0     0     0
     0     0     0     0     0     0     0     0     0     0     0     0
     0     0     0     0     0     0     0     0     0     0     0     0
     0     0     0     0     0     0     0     0     0     0     0     0
    18
     0     0     0     0     0     0     0     0     0     0     0     0
     0     0     0     0     0     0     0     0     0     0     0     0
     0     0     0     0     0     0     0     0     0     0     0     0
     0     0     0     0     0     0     0     0     0     0     0     0
     0     0     0     0     0     0     0     0     0     0     0     0
     0     0     0     0     0     0     0     0     0     0     0     0
     0     0     0     0     0     0     0     0     0     0     0     0
     0     0     0     0     0     0     0     0     0     0     0     0
     0     0     0     0     0     0     0     0     0     0     0     0
     0     0     0     0     0     0     0     0     0     0     0     0
     0     0     0     0     0     0     0     0     0     0     0     0
     0     0     0     0     0     0     0     0     0     0     0     0
     0     0     0     0     0     0     0     0     0     0     0     0
     0     0     0     0     0     0     0     0     0     0     0     0
     0     0     0     0     0     0     0     0     0     0     0     0
     0     0     0     0     0     0     0     0     0     0     0     0
     0     0     0     0     0     0     0     0     0     0     0     0
     0     0     0     0     0     0     0     0     0     0     0     0
     0     0     0     0     0     0     0     0     0     0     0     0
     0     0     0     0     0     0     0     0     0     0     0     0
     0     0     0     0     0     0     0     0     0     0     0     0
     0     0     0     0     0     0     0     0     0     0     0     0
     0     0     0     0     0     0     0     0     0     0     0     0
     0     0     0     0     0     0     0     0     0     0     0     0
     0     0     0     0     0     0     0     0     0     0     0     0
     0     0     0     0     0     0     0     0     0     0     0     0
     0     0     0     0     0     0     0     0     0     0     0     0
     0     0     0     0     0     0     0     0     0     0     0     0
     0     0     0     1     0     0     0     0     0     0     0     0
     0     0     0     0     0     0     0     0     0     0     0     0
     0     0     0     0     0     0     0     0     0     0     0     0
     0     0     0     1     0     0     0     0     0     0     0     0
     0     0     0     0     0     0     0     0     0     0     0     0
     0     0     0     0     0     0     0     0     0     0     0     0
     0     0     0     0     0     0     0     0     0     0     0     0
     0     0     0     0     0     0     0     0     0     0     0     0
    19
     0     0     0     0     0     0     0     0     0     0     0     0
     0     0     0     0     0     0     0     0     0     0     0     0
     0     0     0     0     0     0     0     0     0     0     0     0
     0     0     0     1     0     0     0     0     0     0     0     0
     0     0     0     0     0     0     1     0     0     0     0     0
     0     0     0     0     0     0     0     0     0     0     0     0
     0     0     0     0     0     0     0     0     0     0     0     0
     0     0     0     0     0     0     0     0     0     0     0     0
     0     0     0     0     0     0     0     0     0     0     0     0
     0     0     0     0     0     0     0     0     0     0     0     0
     0     0     0     0     0     0     0     0     0     0     0     0
     0     0     0     0     0     0     0     0     0     0     0     0
     0     0     0     0     0     0     0     0     0     0     0     0
     0     0     0     0     0     0     0     0     0     0     0     0
     0     0     0     0     0     0     0     0     0     0     0     0
     0     0     0     0     0     0     0     0     0     0     0     0
     0     0     0     0     0     0     0     0     0     0     0     0
     0     0     0     0     0     0     0     0     0     0     0     0
     0     0     0     0     0     0     0     0     0     0     0     0
     0     0     0     0     0     0     0     0     0     0     0     0
     0     0     0     0     0     0     0     0     0     0     0     0
     0     0     0     0     0     0     0     0     0     0     0     0
     0     0     0     0     0     0     0     0     0     0     0     0
     0     0     0     0     0     0     0     0     0     0     0     0
     0     0     0     0     0     0     0     0     0     0     0     0
     0     0     0     0     0     0     0     0     0     0     0     0
     0     0     0     0     0     0     0     0     0     0     0     0
     0     0     0     0     0     0     0     0     0     0     0     0
     0     0     0     1     0     0     0     0     0     0     0     0
     0     0     0     0     0     0     0     0     0     0     0     0
     0     0     0     0     0     0     0     0     0     0     0     0
     0     0     0     0     0     0     0     0     0     0     0     0
     0     0     0     0     0     0     0     0     0     0     0     0
     0     0     0     0     0     0     0     0     0     0     0     0
     0     0     0     0     0     0     0     0     0     0     0     0
     0     0     0     0     0     0     0     0     0     0     0     0
