18
Billings, MT 24033
     0
      -9.400      -5.600       -.700       3.900       9.300      15.000
      18.800      18.800      11.100       6.600      -1.200      -7.900
       -.700       1.700       3.900       8.800      13.800      19.300
      24.300      23.800      16.700      11.100       3.900      -1.200
       4.400       6.000       8.800      14.300      18.800      24.300
      28.200      28.200      22.200      16.700       8.800       3.900
      45.000      40.000      35.000      29.000      32.000      31.000
      26.000      25.000      29.000      31.000      38.000      44.000
      55.000      54.000      52.000      44.000      48.000      46.000
      38.000      35.000      43.000      44.000      53.000      57.000
      67.000      68.000      70.000      67.000      69.000      65.000
      55.000      51.000      62.000      63.000      71.000      72.000
       3.100       2.700       2.700       2.700       2.400       2.400
       2.400       2.400       2.400       2.700       2.700       3.100
       5.200       4.400       4.000       4.000       3.500       3.100
       3.100       3.100       3.100       4.000       4.000       4.800
       6.800       5.900       5.500       5.500       4.800       4.400
       4.000       4.000       4.400       5.200       5.500       6.300
     240.000     240.000     260.000     260.000     260.000     240.000
     220.000     220.000     230.000     240.000     240.000     240.000
     1
      -2.896       -.051       3.784       9.434      14.305      19.870
      23.891      23.744      16.819      11.319       3.232      -2.514
      56.175      54.627      53.319      48.535      51.275      48.909
      41.953      39.496      46.940      47.823      55.093      57.798
     2
    18    25    27    11    22    21    23    19    15    12    17    18
    25    25    35    21    34    23    32    26    34    16    24    14
    19    14    22    11    22    23    17    25    18    14    21    14
    29    14    18    11    15    32    25    25    16    20    10    18
    29    38    49    30    39    29    31    27    31    40    25    27
    10    17    25    10    24    21    22    28    19    20    13    12
    10    18    29    27    25    24    28    24    21    15    26    22
     6    14    15    12    11    18    22    21    10    12     8    17
     9     8    20    15    23    26    21    30    24    24    13    12
    10     9     5     5    11     7    12    10     7    10     3     5
     4     6    10    10    10    23    16    12    20    12    11     2
     6     3    10    19    21    14    19    18    10    12     5     5
     1     7    10    10    13    22    20    23    13     5     7     3
     6    10    13    17    14    30    23    22    28    24     9     6
     4     4     5    16    12    29    20    20    24    16    14     5
     5     7    15    17    19    24    34    24    22    19    16     6
     4     9    14    17    16    33    23    22    20    17    12     7
    22    18    24    24    44    48    45    39    35    29    17    24
     6    15    16    15    19    36    29    24    24    18    15    14
    21    16    24    28    34    31    26    34    27    18    19    22
    12     9    24    14    20    19    37    26    11    19    16    14
    11    13    27    20    20    22    34    19    25    23    28    13
     8    14    24    23    27    44    47    46    35    19    18    15
     9     6    17    13    16    25    14    16    18    11    11     8
     7     6    22    12    12    15    26    27    20     9    10     3
     4     6    11     6     5    17     8    13     8     4     4     2
     3     5    14     9    14    15    14     9     7     6     7     3
     4     1     5     2     9    16    14     8     7     8     6     9
     3     6     9    12    21    14    14    11    12     5     9    11
     2     6    12     7    10     7    19     7    13     3     5     4
     3     8     9     8    12    16    12    10     7     8     7     3
     4     3    11    11    17    22    20    15    13     7    11     9
     4     6     4     6    12    10    15    10    13     7     9     8
     7    13    14     9    17    15    18    11     8    11     8    10
     7    15    22    15    13    20    19    13    10    17    16    10
    16    19    32    22    39    33    35    30    18    23    18    25
     3
    40    40    56    44    43    48    76    44    52    44    42    43
    68    53    79    81   115    89   100    97    82    62    64    51
    71    44    68    55    57    70    79    77    54    52    53    43
    42    50    63    56    81    75    97   120    85    55    74    49
    67    66    97    93   132   121   157   174   125   108    64    55
    29    52    65    60    87   100   131   144    90    56    46    28
    29    35    69    72    88   125   131   146   111    80    36    35
    11    19    33    54    54    54    80    68    47    26    23    10
    13    33    36    65    85    97   119    90    70    48    24    14
    10    19    17    25    36    40    44    41    31    23     3     9
     6    15    30    49    51    59    56    54    47    33    16     4
     5     9    23    29    56    57    66    62    32    17     6     4
     3     6    21    34    27    61    60    52    26    19     7     5
    11    17    29    53    51    89   112    67    58    29    20    13
    10    10    20    35    61    50    65    57    43    26    18    16
     7    15    36    50    60    83   108   111    56    47    34    18
    15    20    26    42    52    64    84    92    45    26    17    22
    28    47    52    70   103   142   139   169   124    72    56    33
    19    49    40    62    75    71   138   109    83    57    62    43
    45    76    89    77   134   152   198   214   144   100    86    54
    47    61    82    65   114   156   184   152   150   133    73    57
    58    66    71    79   125   173   202   176   155   124    89    62
    42    62   100    91   152   220   244   199   169   130    91    73
    22    44    65    49    69   118   102    81    61    54    44    29
    20    23    60    54    81    95    91    83    68    49    44    31
     5    11    21    24    30    40    27    27    30    15    11    12
     4    18    20    31    48    55    33    40    24    16    17    11
     7     8    16    15    39    38    24    14    11    10     9     4
     8    14    21    29    53    56    53    33    29    24    16    15
     8    11    21    24    44    38    42    24    23    29    11    18
     5    14    28    33    53    39    50    43    31    18    20    15
     8    19    33    34    60    69    57    38    29    32    16    19
     9    11    27    25    39    50    36    36    28    16    13     9
    21     9    31    39    51    50    60    43    36    24    18    19
    16    19    38    32    51    54    49    41    38    26    22    20
    45    41    65    58   115   100   118    81    79    71    43    40
     4
    24    16    27    39    50    43    44    36    41    32    26    14
    30    30    57    50    63    59    71    65    54    42    24    25
    29    26    45    46    53    59    76    52    46    30    29    22
    46    32    49    49    66    81    94   111    74    36    41    24
    38    44    62    70   109   100   131   160    84    46    42    29
    14    19    40    36    52    55    95    90    55    22    16    16
    13    21    30    28    70    60    93   103    46    45    18    13
     7     5    14    21    39    44    57    49    31    15     3     1
     7     9    15    38    63    68    59    48    23    14     8     7
     1     2     7    26    24    34    28    25    19     8     3     1
     3     5    11    25    38    35    42    41    15    13     1     1
     0     2     4    15    22    25    29    19    11     8     1     0
     2     3     8    18    19    19    26    20     6     4     1     1
     5     2    16    22    33    38    33    22    15     9     1     0
     4     4    10    14    23    23    20    13     5     4     2     1
     2     6    10    19    29    25    33    26    11     9     5     1
     7     3     7    17    13    18    24    16     9     6     4     4
     6    12    20    20    43    47    49    34    37    19    11    13
    10    22    21    27    36    40    36    51    35    33    31    27
    36    41    58    58    68    87    97    95    82    59    55    51
    46    61    56    69    89   106   108   125   123   119    73    80
    59    72    95    82   111   118   169   147   126   115    89    80
    80    82   130    94   123   171   192   186   164   163   116    80
    26    47    43    58    51    87    84    69    58    72    57    51
    21    38    44    52    61    70    81    68    57    62    61    38
     8     7     9    11    21    14    15    16    14    11    15     7
     8     6    19    16    27    31    15    23    13    16    18     9
     5     9    16    10    21    20    15     5    14    10    15    11
     9    15    19    22    39    36    34    25    24    24    20    11
    12     9    24    16    40    40    37    23    15    26     9    16
     8    12    16    29    35    38    33    31    22    34    20    14
     7    18    19    45    34    39    39    29    29    19    17    10
     6     5    20    20    33    29    24    19    31    17    10     7
     7    13    18    33    39    42    41    27    19    20     8    11
    12    10    14    18    44    31    27    23    16    19     8     6
    14    10    45    55    55    62    56    35    47    34    18    14
     5
    15    19    30    33    60    31    43    40    39    30    22    10
    35    23    51    68    88    58    87    60    67    46    43    21
    24    22    48    58    67    45    79    68    69    30    41    20
    24    47    62    85    90    93   108   125    73    27    28    41
    51    55    80   112   148   130   148   142    91    55    31    32
    16    27    26    58    57    63    86    64    41    20     9     8
    14    31    34    36    80    69    90   106    41    28    13     9
     1     1    15    24    45    44    31    30    18    11     2     5
     5     1     7    40    66    70    63    44    24    11     4     4
     1     2     7    18    36    29    28    17     8     5     0     3
     0     2     9    31    48    57    45    29    11    10     1     6
     1     0     5    23    34    51    27    15     8     1     0     1
     0     0     2     8    22    22    11    11     2     3     0     0
     1     3     8    14    34    41    37    18     5     5     1     1
     2     1     4     5     7    12     8    11     2     1     1     0
     1     1     3    12    22    17    23     7     2     3     0     0
     0     0     2     3    13    12     3     7     2     3     0     3
     4     3    16    14    19    16    20    11     2     4     5     5
    13    11    14    13    14     9    15    11    10    16    10    21
    28    28    39    48    39    38    36    39    41    52    39    40
    50   104    83    89    88    72    77    77   101   111    89    93
   126   152   115   118   112   140   153   139   173   236   142   168
   233   203   229   153   158   193   180   215   225   305   274   208
   125   140   107    78    98    86    94    73    86   137   150   130
    78    94    81    89    72    95    67   102    88   119    98    96
    14    13    23    26    21    24     9     8    21    22    40    30
    13    34    27    54    52    46    22    21    24    25    28    22
    20    15    26    34    41    30    13    20    20    29    24    22
    37    39    54    60    58    70    32    29    31    54    36    31
    23    22    31    57    61    40    29    25    34    36    23    33
    21    34    41    38    64    68    48    36    46    35    36    27
    14    34    55    78    86    62    52    45    40    48    27    25
    11    19    29    41    54    39    35    38    35    32    14    15
    18    15    54    56    53    61    49    47    42    24    22    19
     6    11    22    26    50    32    38    30    29    18    15     4
    12    20    56    56    81    65    75    47    54    33    26    21
     6
     5    11    23    34    29    19    15    14    24    11    11     7
    19    15    40    57    51    32    34    27    38    20    24    19
    19    13    33    36    28    15    31    32    27    16    17     3
    18    19    38    29    41    30    38    44    29    15     6    17
    30    22    35    59    91    40    51    51    28    16    14    22
     4     5     8    19    19    12    15    17    12     7     2     5
     8    14    11    24    32    23    25    17    13    10     5    10
     2     0     3    11     9    11     9     3     5     1     2     0
     2     0     6    13    20    32    11     3     4     3     0     1
     1     0     4    11    13    10    14     4     3     1     0     0
     0     0     3    12    32    26    12    10     5     2     0     0
     0     0     3    15    25    22     6     4     0     1     0     0
     0     0     1     9    12     5     6     2     0     1     0     0
     0     0     4     4    10    22    14     4     4     1     0     1
     0     0     1     5     3     4     2     1     0     0     0     0
     0     0     1     3     4     5    11     2     1     0     0     0
     0     0     2     3     5     1     2     1     0     2     0     0
     1     0     1     3     4     6     4     2     0     3     0     1
     5     1     4     6     6     3     4     2     5     0     1     4
    13     8    18     9    11     5     6     6     9     9     5     8
    55    37    34    25    14    10     8     6    14    46    29    52
   118    98    67    46    40    31    35    31    57   136   107   150
   261   192   155    86    64    61    52    42   113   247   241   268
   218   172    88    58    50    40    30    32    49   125   154   188
   130   117    87    73    44    34    28    43    70   118   134   151
    20    22    15    19    18    23    13    16    16    24    21    20
    36    33    33    31    46    44    16    15    26    27    23    27
    35    37    24    35    37    41    17    15    18    17    36    28
    36    39    59    79    65    56    19    32    33    34    47    43
    25    38    51    58    58    53    21    22    22    32    21    24
    29    34    41    54    65    54    24    32    45    46    22    27
    22    41    58    64    75    68    38    42    35    47    26    29
     8    18    23    31    43    42    34    30    28    18    13     3
    12    20    49    40    43    38    38    33    34    29     8    16
    10     6    13    21    38    22    18    10    17     9     5     7
     9    11    27    68    37    30    37    35    21    26    14     4
     7
     2     0     9    15     6     2     5     9     4     4     6     2
     8     8     6    24    14     8    14     8    13     7     8     4
     1     4    10    10    12     5    10     6    12     2     1     1
     7     5     3    17    10     3     3     8     5     2     3     9
     8     3    14    19     9     8     7    11     6     3     4     3
     0     2     2     7     2     4     5     1     2     1     0     1
     1     4     3     4     4     6     3     2     0     1     0     1
     0     0     0     3     0     2     0     0     0     0     0     0
     0     0     2     2     8     4     2     0     0     0     0     0
     0     0     1     2     2     4     3     0     1     0     0     0
     0     0     1     1     7     5     7     3     0     0     0     0
     0     0     0     2     1     4     1     1     0     0     0     0
     0     0     0     1     0     2     0     0     0     0     0     0
     0     0     0     1     3     4     5     1     1     0     0     0
     0     0     0     0     1     0     1     0     0     0     0     0
     0     0     0     0     0     2     1     0     0     0     0     0
     0     0     0     1     0     0     0     1     0     0     0     0
     0     0     1     0     1     2     1     0     1     0     0     0
     2     3     0     1     3     0     0     1     2     1     0     0
     7     4     2     4     2     0     2     1     1     2     0     3
    20    18     6     5     4     2     0     2     3     9     9    14
    60    49    25     9     3     5     2     1     1    48    42    63
   161   108    70    28    12    11     5     5    29    86   103   136
   122    94    37    19    10     8     1     3    15    34    72    94
   117    55    45    25    11    12     5     7    14    36    68    87
    18    13     8    14    14     5     2     5     5    10    10     8
    19    16    23    21    26    11     8     3    11    13    14    14
    16    23    23    19    30    17     6     8    12     9    12    14
    21    22    28    39    31    25    14    12    18    23    30    26
    19    20    23    28    16    22    11    14    15    17    12    11
    10    19    20    42    24    22     9    15    15    30    17     8
    14    28    27    49    27    32    10    23    15    38    10    13
     8    11    20    21    20    11     7     8     9    10     6     9
     6    16    27    19    18     9    21    19    14     9     8     4
     1     1    10    11    12     2     4     4     5     3     4     0
     5     5     9    21    13    11    16    10    11     8     7     2
     8
     2     0     5     9     9     2     5     6     4     3     2     5
     9     9    16    23    15     3     6     6    11     4     4     1
     4     1     2     6     1     2     2     1     1     2     0     2
     5     0     3     6     3     4     4     5     2     0     2     5
     6     1    12    13     7     6    10     1     4     0     1     8
     3     0     0     0     0     0     1     0     1     0     0     2
     0     1     0     2     5     0     0     1     0     1     0     2
     0     0     0     0     2     0     0     0     0     0     0     0
     0     0     0     5     3     3     2     0     0     0     0     0
     0     0     0     2     3     1     0     1     0     0     0     0
     0     0     0     8     6     2     2     0     0     0     0     0
     0     0     0     2     0     2     0     0     0     0     0     0
     0     0     0     0     0     4     0     0     0     0     0     0
     0     0     1     0     1     2     1     1     0     0     0     0
     0     0     0     0     0     0     0     0     0     0     0     0
     0     0     0     0     4     0     1     0     0     0     0     0
     0     0     0     0     0     0     0     0     0     0     0     0
     0     0     1     0     0     1     0     0     0     1     0     0
     1     0     0     0     1     0     0     0     1     1     0     0
     5     4     1     5     3     0     2     0     1     1     1     0
    12    11     8     4     4     0     0     0     0     5     5    13
    61    39    22     3     4     2     1     1     0    15    34    50
   179   109    43    21     7     4     3     1     8    34    83   134
   117   108    26    11     5     2     1     1     8    24    61   114
   122    74    44    30    12     4     1     6     8    28    74   120
    23    11    10    10    15     7     2     3    10     9    11    16
    24    28    23    27    24    13    12     5     7    15    21    17
    31    22    27    20    24    12     7     8     9    20    14    22
    38    28    64    31    32    27     9    28    22    27    27    42
    22    21    25    19    19    12    11     9    11    13    25    25
    27    21    35    44    40    22    11    22    21    24    25    17
    14    32    33    59    38    19    15    24    28    23    19    29
     7    13    11    22    18     9     6    11    13    12    11     2
    12    18    17    24    33     8    17     6    17    12    14    12
     1     0     6    15     5     5     7     5     7     7     1     0
     6     4    15    28    14     5    11    10     5    10     4     1
     9
     0     0     2     2     2     1     1     0     0     1     0     1
     1     1     3     4     0     2     2     0     3     4     0     3
     1     0     2     1     0     1     0     1     0     0     0     0
     0     0     1     1     1     0     0     1     0     0     0     0
     1     0     0     0     0     0     1     0     0     0     0     1
     0     0     0     0     0     0     0     0     0     0     0     1
     0     0     0     0     0     0     0     0     0     0     0     0
     0     0     0     0     0     0     0     0     0     0     0     0
     0     0     0     2     0     0     0     0     0     0     0     0
     0     0     0     0     0     0     0     0     0     0     0     0
     0     0     0     1     0     1     0     0     0     0     0     0
     0     0     0     0     0     0     0     0     0     0     0     0
     0     0     0     0     0     0     0     0     0     0     0     0
     0     0     0     1     0     0     0     0     0     0     0     0
     0     0     0     0     0     0     0     0     0     0     0     0
     0     0     0     0     0     0     0     0     0     0     0     0
     0     0     0     0     0     0     0     0     0     0     0     0
     0     0     0     0     0     0     0     0     0     0     0     0
     0     0     0     0     0     0     0     0     0     1     0     0
     2     1     2     0     1     0     0     0     0     0     0     0
     8     1     0     0     0     0     0     0     0     1     1     7
    11    11     4     1     0     0     0     0     0     0     7    16
    31    20     7     4     1     0     1     0     0     2    12    50
    28     7     4     1     2     0     0     0     0     8     6    21
    46    11     6     7     3     1     0     1     1     5    27    18
     3     2     9     4     6     1     1     0     1     3     7     2
     8     7     7     7    11    10     1     1     2     6     6     4
     8     7    11     4     9     2     4     1     0     7     4    11
     7     4    13    15    16     7     1     5     7     4     9     9
     9     4     4     9     8     4     0     5     1     4     4     2
     4     5     7    18     6     3     6     1     3     0     3     6
     5     8    13    15    12     7     3     7     6     8     4     8
     4     2     2     2     1     1     0     2     2     1     4     1
     2     5     6     4     4     2     6     2     3     3     1     1
     1     0     2     1     3     1     0     0     1     3     0     0
     1     3     1     7     0     2     1     1     0     4     0     0
    10
     0     0     0     0     1     0     0     0     1     0     0     0
     0     0     1     1     1     0     2     1     0     0     0     0
     0     1     0     0     0     0     0     0     0     0     0     0
     1     0     0     0     0     0     0     0     0     0     0     0
     0     0     0     0     1     0     0     0     2     0     0     0
     0     0     0     0     0     0     0     0     0     0     0     0
     0     0     0     0     0     0     0     1     0     0     0     0
     0     0     0     0     0     0     0     0     0     0     0     0
     0     0     0     0     0     1     0     0     0     0     0     0
     0     0     0     0     0     0     0     0     0     0     0     0
     0     0     0     1     0     0     0     0     0     0     0     0
     0     0     0     0     0     0     0     0     0     0     0     0
     0     0     0     0     0     0     0     0     0     0     0     0
     0     0     0     0     0     0     0     0     0     0     0     0
     0     0     0     0     0     0     0     0     0     0     0     0
     0     0     0     0     0     0     0     0     0     0     0     0
     0     0     0     0     0     0     0     0     0     0     0     0
     0     0     0     0     0     0     0     0     0     0     0     0
     0     0     0     0     0     0     0     0     0     0     0     0
     0     0     1     0     0     1     0     1     0     0     0     0
     6     0     0     0     0     0     0     0     0     0     0     4
     9     3     1     1     1     2     1     0     0     0     1    16
    19    10     2     2     0     0     0     1     0     1     6    14
    19     9     2     1     1     1     0     0     1     0     8    13
    24     6     0     4     2     1     0     0     4     1    14    10
     2     3     2     1     7     0     0     0     1     2     2     1
     8     8     7     7     8     4     0     2     3     4     6     4
     5     2     8     4     4     2     3     2     1     5     3     7
     5     3     7     7     7     7     1     3     2     7     1    11
     1     2     3     4     3     3     2     3     1     5     1     5
    10     3    10     6     4     3     0     2     3     4     4     6
     2    10     4    10     7     1     1     1     3     6     4     2
     2     1     4     1     3     2     1     1     0     1     0     0
     1     5     3     3     5     0     1     0     3     0     3     1
     0     0     1     1     1     0     1     1     0     0     0     0
     0     0     0     4     1     0     0     1     1     1     0     0
    11
     0     0     1     0     1     0     1     0     0     0     0     0
     0     0     2     0     0     0     1     1     1     0     0     0
     0     0     1     0     0     0     0     0     0     0     0     0
     0     0     0     0     0     0     0     0     0     0     0     0
     1     0     0     0     0     0     0     0     0     0     0     0
     0     0     0     0     0     0     0     0     0     0     0     1
     0     0     0     0     0     0     0     0     0     0     0     0
     0     0     0     0     0     0     0     0     0     0     0     0
     0     0     0     0     0     0     0     0     0     0     0     0
     0     0     0     0     0     0     0     0     0     0     0     0
     0     0     0     1     0     0     0     0     0     0     0     0
     0     0     0     0     0     0     0     0     0     0     0     0
     0     0     0     0     0     0     0     0     0     0     0     0
     0     0     0     0     0     0     0     0     0     0     0     0
     0     0     0     0     0     0     0     0     0     0     0     0
     0     0     0     0     0     0     0     0     0     0     0     0
     0     0     0     0     0     0     0     0     0     0     0     0
     0     0     0     0     0     0     0     0     0     0     0     0
     0     0     0     0     0     0     0     0     0     0     0     0
     0     0     0     0     0     0     0     0     0     0     0     0
     3     0     0     0     0     0     0     0     0     0     1     0
     4     0     0     0     0     0     0     0     0     0     0     4
    12     4     0     0     0     0     0     0     0     1     0    12
     5     6     0     1     0     0     0     0     0     0     0     3
    24     2     3     2     1     1     0     1     1     2     6    13
     2     1     3     2     4     1     0     0     2     1     6     1
    10     3     6     5     2     3     2     0     1     4     3     9
     3     5     2     1     4     4     2     1     1     0     0     2
     6     4     8    11     4     6     1     3     6     3     4     7
     4     3    10     3     2     0     1     3     0     2     2     5
     8     3     6     6     2     2     3     3     3     0     3     3
     9     4     7    10     4     5     5     1     4     6     3    12
     1     2     2     1     2     1     0     1     1     1     0     0
     3     4     2     6     3     1     1     2     2     0     1     3
     2     0     0     0     0     0     0     1     0     0     0     0
     0     1     2     0     0     0     0     2     0     0     1     0
    12
     0     0     0     0     0     0     1     0     0     0     0     0
     0     0     0     0     0     0     0     0     0     0     0     0
     0     0     0     0     0     0     0     0     0     0     0     0
     0     0     0     0     0     0     0     0     0     0     0     0
     0     0     0     0     0     0     0     0     0     0     0     0
     0     0     0     0     0     0     0     0     0     0     0     0
     0     0     0     0     0     0     0     0     0     0     0     0
     0     0     0     0     0     0     0     0     0     0     0     0
     0     0     0     0     0     0     0     0     0     0     0     0
     0     0     0     0     0     0     0     0     0     0     0     0
     0     0     0     0     0     0     0     0     0     0     0     0
     0     0     0     0     0     0     0     0     0     0     0     0
     0     0     0     0     0     0     0     0     0     0     0     0
     0     0     0     0     0     0     0     0     0     0     0     0
     0     0     0     0     0     0     0     0     0     0     0     0
     0     0     0     0     0     0     0     0     0     0     0     0
     0     0     0     0     0     0     0     0     0     0     0     0
     0     0     0     0     0     0     0     0     0     0     0     0
     0     0     0     0     0     0     0     0     0     0     0     0
     0     0     0     0     0     0     0     0     0     0     0     0
     2     0     0     0     0     0     0     1     0     0     0     0
     2     0     1     0     0     0     0     0     0     0     0     0
     4     2     0     0     0     0     0     0     0     0     0     0
     3     1     0     3     0     0     1     1     0     0     0     0
    15     0     0     1     0     0     0     0     2     0     2     1
     1     2     2     0     5     0     0     1     1     0     3     0
     2     1     3     3     3     2     2     0     0     1     2     2
     0     2     0     2     5     0     2     0     2     2     0     1
     2     3     2     9     3     2     0     1     2     1     2     3
     0     2     1     1     0     0     2     2     0     3     1     2
     2     0     9     5     2     2     1     3     4     2     3     2
     1     0     5     8     1     1     0     1     1     7     3     2
     0     1     0     2     2     1     0     0     1     0     0     0
     0     2     0     2     4     0     1     0     1     0     1     5
     0     0     0     0     0     0     0     0     0     0     0     0
     0     0     0     1     0     0     0     1     0     0     0     0
    13
     0     0     0     0     0     0     0     0     0     0     0     0
     0     0     0     0     0     0     0     0     0     0     0     0
     0     0     0     0     0     0     0     0     0     0     0     0
     0     0     0     0     0     0     0     0     0     0     0     0
     0     0     0     0     0     0     0     0     0     0     0     0
     0     0     0     0     0     0     0     0     0     0     0     0
     0     0     0     0     0     0     0     0     0     0     0     0
     0     0     0     0     0     0     0     0     0     0     0     0
     0     0     0     0     0     0     0     0     0     0     0     0
     0     0     0     0     0     0     0     0     0     0     0     0
     0     0     0     0     0     0     0     0     0     0     0     0
     0     0     0     0     0     0     0     0     0     0     0     0
     0     0     0     0     0     0     0     0     0     0     0     0
     0     0     0     0     0     0     0     0     0     0     0     0
     0     0     0     0     0     0     0     0     0     0     0     0
     0     0     0     0     0     0     0     0     0     0     0     0
     0     0     0     0     0     0     0     0     0     0     0     0
     0     0     0     0     0     0     0     0     0     0     0     0
     0     0     0     0     0     0     0     0     0     0     0     0
     0     0     0     0     0     0     0     0     0     0     0     0
     0     0     0     0     0     0     0     0     0     0     0     0
     0     0     0     0     0     0     0     0     0     0     0     0
     0     0     0     0     0     0     0     0     0     0     0     0
     0     0     0     0     0     0     0     0     0     0     0     0
     3     0     0     0     0     0     0     0     0     0     0     0
     0     0     0     0     0     0     0     0     0     0     0     0
     1     1     0     0     0     0     0     0     0     0     0     1
     0     1     0     0     2     0     0     0     0     0     0     0
     0     0     0     1     0     0     0     0     0     2     1     1
     0     0     0     0     0     0     0     0     0     0     0     1
     0     1     1     1     0     1     0     0     0     1     0     1
     0     1     0     0     0     0     0     0     0     1     1     1
     0     0     0     0     0     0     0     0     0     0     0     0
     0     0     0     0     1     0     0     0     0     0     0     1
     0     0     0     0     0     0     0     0     0     0     0     0
     0     0     0     0     0     0     0     0     0     0     0     0
    14
     0     0     0     0     0     0     0     0     0     0     0     0
     0     0     0     0     0     0     0     0     0     0     0     0
     0     0     0     0     0     0     0     0     0     0     0     0
     0     0     0     0     0     0     0     0     0     0     0     0
     0     0     0     0     0     0     0     0     0     0     0     0
     0     0     0     0     0     0     0     0     0     0     0     0
     0     0     0     0     0     0     0     0     0     0     0     0
     0     0     0     0     0     0     0     0     0     0     0     0
     0     0     0     0     0     0     0     0     0     0     0     0
     0     0     0     0     0     0     0     0     0     0     0     0
     0     0     0     0     0     0     0     0     0     0     0     0
     0     0     0     0     0     0     0     0     0     0     0     0
     0     0     0     0     0     0     0     0     0     0     0     0
     0     0     0     0     0     0     0     0     0     0     0     0
     0     0     0     0     0     0     0     0     0     0     0     0
     0     0     0     0     0     0     0     0     0     0     0     0
     0     0     0     0     0     0     0     0     0     0     0     0
     0     0     0     0     0     0     0     0     0     0     0     0
     0     0     0     0     0     0     0     0     0     0     0     0
     0     0     0     0     0     0     0     0     0     0     0     0
     0     0     0     0     0     0     0     0     0     0     0     0
     0     0     0     0     0     0     0     0     0     0     0     0
     0     0     0     0     0     0     0     0     0     0     0     0
     0     0     0     0     0     0     0     0     0     0     0     0
     5     0     0     0     0     0     0     0     0     0     0     0
     0     0     0     0     0     0     0     0     0     0     1     1
     1     1     0     0     0     0     0     0     0     0     0     2
     0     0     0     0     0     0     0     0     0     0     0     1
     0     0     0     1     1     0     0     0     0     1     0     2
     0     0     1     0     0     0     1     0     0     0     1     0
     0     0     1     0     0     0     0     0     0     0     1     0
     0     0     0     0     2     0     0     1     1     0     0     1
     0     0     0     0     1     0     0     0     0     0     0     0
     0     0     0     1     0     0     0     0     0     0     0     2
     0     0     0     0     1     0     0     0     0     0     0     0
     0     0     0     0     0     0     0     0     0     0     0     0
    15
     1     0     0     0     0     0     0     0     0     0     0     0
     0     0     0     0     0     0     0     0     0     0     0     0
     0     0     0     0     0     0     0     0     0     0     0     0
     0     0     0     0     0     0     0     0     0     0     0     0
     0     0     0     0     0     0     0     0     0     0     0     0
     0     0     0     0     0     0     0     0     0     0     0     0
     0     0     0     0     0     0     0     0     0     0     0     0
     0     0     0     0     0     0     0     0     0     0     0     0
     0     0     0     0     0     0     0     0     0     0     0     0
     0     0     0     0     0     0     0     0     0     0     0     0
     0     0     0     0     0     0     0     0     0     0     0     0
     0     0     0     0     0     0     0     0     0     0     0     0
     0     0     0     0     0     0     0     0     0     0     0     0
     0     0     0     0     0     0     0     0     0     0     0     0
     0     0     0     0     0     0     0     0     0     0     0     0
     0     0     0     0     0     0     0     0     0     0     0     0
     0     0     0     0     0     0     0     0     0     0     0     0
     0     0     0     0     0     0     0     0     0     0     0     0
     0     0     0     0     0     0     0     0     0     0     0     0
     0     0     0     0     0     0     0     0     0     0     0     0
     0     0     0     0     0     0     0     0     0     0     0     0
     0     0     0     0     0     0     0     0     0     0     0     0
     1     0     0     0     0     0     0     0     0     0     0     0
     0     0     0     0     0     0     0     0     0     0     0     0
     0     0     0     0     0     0     0     0     0     0     0     0
     0     0     0     0     0     0     0     0     0     0     0     0
     0     0     0     0     0     0     0     0     0     0     0     0
     0     1     0     0     0     0     0     0     0     0     0     1
     0     1     0     0     0     0     0     0     0     0     0     1
     0     0     0     0     0     0     0     0     0     0     0     0
     1     0     0     0     0     0     0     0     0     0     0     0
     0     0     0     0     0     0     0     0     0     0     0     0
     0     0     0     0     1     0     0     0     0     0     0     0
     1     0     0     0     0     0     0     0     0     0     0     0
     0     0     0     0     0     0     0     0     0     0     0     0
     0     0     0     0     0     0     0     0     0     0     0     0
    16
     0     0     0     0     0     0     0     0     0     0     0     0
     0     0     0     0     0     0     0     0     0     0     0     0
     0     0     0     0     0     0     0     0     0     0     0     0
     0     0     0     0     0     0     0     0     0     0     0     0
     0     0     0     0     0     0     0     0     0     0     0     0
     0     0     0     0     0     0     0     0     0     0     0     0
     0     0     0     0     0     0     0     0     0     0     0     0
     0     0     0     0     0     0     0     0     0     0     0     0
     0     0     0     0     0     0     0     0     0     0     0     0
     0     0     0     0     0     0     0     0     0     0     0     0
     0     0     0     0     0     0     0     0     0     0     0     0
     0     0     0     0     0     0     0     0     0     0     0     0
     0     0     0     0     0     0     0     0     0     0     0     0
     0     0     0     0     0     0     0     0     0     0     0     0
     0     0     0     0     0     0     0     0     0     0     0     0
     0     0     0     0     0     0     0     0     0     0     0     0
     0     0     0     0     0     0     0     0     0     0     0     0
     0     0     0     0     0     0     0     0     0     0     0     0
     0     0     0     0     0     0     0     0     0     0     0     0
     0     0     0     0     0     0     0     0     0     0     0     0
     0     0     0     0     0     0     0     0     0     0     0     0
     0     0     0     0     0     0     0     0     0     0     0     0
     0     0     0     0     0     0     0     0     0     0     0     0
     0     0     0     0     0     0     0     0     0     0     0     0
     0     0     0     0     0     0     0     0     0     0     0     0
     0     0     0     0     0     0     0     0     0     0     0     0
     0     0     0     0     0     0     0     0     0     0     0     0
     0     2     0     0     0     0     0     0     0     0     0     0
     0     0     0     0     0     0     0     0     0     0     1     1
     0     0     0     0     0     0     0     0     0     0     0     1
     0     0     0     1     0     0     0     0     1     0     0     0
     0     0     0     0     0     0     0     0     0     0     0     0
     0     0     0     0     0     0     0     0     0     0     0     0
     0     0     0     0     0     0     0     0     0     0     0     0
     0     0     0     0     0     0     0     0     0     0     0     0
     0     0     0     0     0     0     0     0     0     0     0     0
    17
     0     0     0     0     0     0     0     0     0     0     0     0
     0     0     0     0     0     0     0     0     0     0     0     0
     0     0     0     0     0     0     0     0     0     0     0     0
     0     0     0     0     0     0     0     0     0     0     0     0
     0     0     0     0     0     0     0     0     0     0     0     0
     0     0     0     0     0     0     0     0     0     0     0     0
     0     0     0     0     0     0     0     0     0     0     0     0
     0     0     0     0     0     0     0     0     0     0     0     0
     0     0     0     0     0     0     0     0     0     0     0     0
     0     0     0     0     0     0     0     0     0     0     0     0
     0     0     0     0     0     0     0     0     0     0     0     0
     0     0     0     0     0     0     0     0     0     0     0     0
     0     0     0     0     0     0     0     0     0     0     0     0
     0     0     0     0     0     0     0     0     0     0     0     0
     0     0     0     0     0     0     0     0     0     0     0     0
     0     0     0     0     0     0     0     0     0     0     0     0
     0     0     0     0     0     0     0     0     0     0     0     0
     0     0     0     0     0     0     0     0     0     0     0     0
     0     0     0     0     0     0     0     0     0     0     0     0
     0     0     0     0     0     0     0     0     0     0     0     0
     0     0     0     0     0     0     0     0     0     0     0     0
     0     0     0     0     0     0     0     0     0     0     0     0
     0     0     0     0     0     0     0     0     0     0     0     0
     0     0     0     0     0     0     0     0     0     0     0     0
     0     0     0     0     0     0     0     0     0     0     0     0
     0     0     0     0     0     0     0     0     0     0     0     0
     0     0     0     0     0     0     0     0     0     0     0     0
     0     0     0     0     0     0     0     0     0     0     0     0
     0     1     0     0     0     0     0     0     0     0     0     0
     0     0     0     0     0     0     0     0     0     0     0     0
     0     0     0     0     0     0     0     0     0     0     0     0
     0     0     0     0     0     0     0     0     0     0     0     0
     0     0     0     0     0     0     0     0     0     0     0     0
     0     0     0     0     1     0     0     0     0     0     0     0
     0     0     0     0     0     0     0     0     0     0     0     0
     0     0     0     0     0     0     0     0     0     0     0     0
    18
     0     0     0     0     0     0     0     0     0     0     0     0
     0     0     0     0     0     0     0     0     0     0     0     0
     0     0     0     0     0     0     0     0     0     0     0     0
     0     0     0     0     0     0     0     0     0     0     0     0
     0     0     0     0     0     0     0     0     0     0     0     0
     0     0     0     0     0     0     0     0     0     0     0     0
     0     0     0     0     0     0     0     0     0     0     0     0
     0     0     0     0     0     0     0     0     0     0     0     0
     0     0     0     0     0     0     0     0     0     0     0     0
     0     0     0     0     0     0     0     0     0     0     0     0
     0     0     0     0     0     0     0     0     0     0     0     0
     0     0     0     0     0     0     0     0     0     0     0     0
     0     0     0     0     0     0     0     0     0     0     0     0
     0     0     0     0     0     0     0     0     0     0     0     0
     0     0     0     0     0     0     0     0     0     0     0     0
     0     0     0     0     0     0     0     0     0     0     0     0
     0     0     0     0     0     0     0     0     0     0     0     0
     0     0     0     0     0     0     0     0     0     0     0     0
     0     0     0     0     0     0     0     0     0     0     0     0
     0     0     0     0     0     0     0     0     0     0     0     0
     0     0     0     0     0     0     0     0     0     0     0     0
     0     0     0     0     0     0     0     0     0     0     0     0
     0     0     0     0     0     0     0     0     0     0     0     0
     0     0     0     0     0     0     0     0     0     0     0     0
     0     0     0     0     0     0     0     0     0     0     0     0
     0     0     0     0     0     0     0     0     0     0     0     0
     0     0     0     0     0     0     0     0     0     0     0     0
     0     0     0     0     0     0     0     0     0     0     0     0
     0     0     0     0     0     0     0     0     0     0     0     0
     0     0     0     0     0     0     0     0     0     0     0     0
     0     0     0     1     0     0     0     0     0     0     0     0
     0     0     0     0     0     0     0     0     0     0     0     0
     0     0     0     0     0     0     0     0     0     0     0     0
     0     0     0     0     0     0     0     0     0     0     0     0
     0     0     0     0     0     0     0     0     0     0     0     0
     0     0     0     0     0     0     0     0     0     0     0     0
