20
Miles City, MT 24037
     0
     -13.900      -9.400      -1.800       4.400      10.000      16.700
      21.100      20.000      11.600       6.000      -2.800     -11.200
      -5.000      -1.800       3.200       9.300      15.000      21.100
      26.100      25.000      17.200      10.600       2.200      -4.000
       1.100       3.900       8.800      15.000      20.000      26.100
      30.600      30.000      22.700      16.100       7.100       1.100
      60.000      57.000      45.000      31.000      33.000      32.000
      26.000      25.000      31.000      36.000      49.000      62.000
      70.000      68.000      63.000      48.000      50.000      45.000
      36.000      36.000      44.000      51.000      66.000      72.000
      78.000      78.000      76.000      70.000      72.000      63.000
      53.000      52.000      64.000      69.000      79.000      80.000
       2.400       2.400       2.700       3.100       2.700       2.700
       2.400       2.400       2.400       2.400       2.400       2.400
       3.500       3.500       4.000       4.000       4.000       4.000
       3.500       3.100       3.500       3.500       3.100       3.100
       4.800       4.800       5.500       5.900       5.500       5.200
       4.800       4.800       5.200       5.200       4.800       4.800
     290.000     290.000     310.000     310.000     310.000     310.000
     110.000     100.000     310.000     290.000     290.000     290.000
     1
      -6.644      -2.854       3.109       9.912      15.394      21.526
      25.766      24.948      17.121      11.023       1.980      -5.546
      68.417      66.624      60.532      51.279      52.999      48.716
      40.814      40.061      48.364      53.103      63.901      69.964
     2
    10     2     9     3     3    17    11    12     6     6     5     3
     7     6     8     3     7    10    14    13    11    10     3     8
     9    10    13     8    19     7     5    14     9     0    14    12
     8     7     7     9     8    11     7    15     7     5     6    19
     9     9    10     5    13    18    17    21    11     6     9    12
     8     6    11     3     7     8    17     8     6     8     3    13
     6    15     9     8    11    11    19    12    10    12     7     9
     2     7     9     7     5    10     6     9    10     5     5     9
     6     3    12     9    15    19    24    19    13    11     7    11
     5     4     4     2     3     6    10    12     5     6     7     6
     6     7     9    10    10     8    20    18     8    11    10     5
     8     6     9     5    11    15    27    19     9    11     8     8
    12    10    17    15    12    10    19    26    24    11    13    13
    29    22    14    22    25    36    28    36    28    41    27    26
    11    14    12     8    12    24    21    29    16    17    21    20
    25    19    13    22    21    20    24    30    24    25    32    32
    19    19     7     9    13    15    19    17    20    15    11    22
    30    25    18     9    15    26    24    27    30    34    29    34
    14    21    19    16    21    16    18    15    11    15    12    14
    20    19    14     8    12    23     8     8    20     9    18    19
     9    16    10    10     7    14     8     9    12    16    16    18
    10     9     8    13    10     7    11    12    13    10     8     6
    25    19    20    10    11    20    14    14    14    23    20    14
    10     8     8     8     8    12     8     5     7     7     6     9
     5    11     9    11     9    17     7    16    11    16    10     9
     8     5    11    11     7    14    11    10     7    12     6    11
    10     9     9     9    10     8    11    13     4     9    13    13
     4    10     5     5    11     7     8     7    11     5    13     8
    12    10     7    10    11    10     7    10     7    18    10     9
    12    15     9     4     8     8    17     3     8     7     6    13
    14     8    11     8    11    15    10     9    11     6     9     5
    10     9     7    15    19    12    13    13     9    11    12     6
     5     8     6     3     5    12    17     8     4     6     6     7
     7     5     7     6     6    10    11    11     9     9     4    11
     3    11    10     5     6    12     7    11     9    10     3     3
     8     4     3     4    10    12    13     9     6    11     7     9
     3
    26    33    41    30    40    55    65    56    23    27    29    27
    45    73    59    51    78    83    90    80    58    40    27    51
    52    46    47    39    55    64    67    70    42    39    45    49
    42    67    51    45    58    80    96    94    51    43    37    50
    44    65    74    82    71    85   129   145    83    49    41    72
    23    32    66    46    62    60    85    79    49    32    29    29
    33    41    59    49   101    80   136   111    57    40    22    36
    15    20    44    19    48    39    82    90    39    25    11    19
    16    22    55    47    87    79   131   131    50    43    21    26
    11    11    24    22    57    46    68    77    49    33    16    12
    24    37    51    44    68    86    89   102    64    42    46    32
    23    20    52    50    71    77   123   130    72    56    44    20
    44    42    71    58    98   114   130   129    75    68    78    57
   154   107   134   109   163   186   238   204   162   158   139   177
   130   141   108    89   102   126   158   128   113   162   160   131
   183   141   112    98   119   161   146   173   159   156   179   178
   127   107    70    53    77    89    83    74    77   103   122   148
   150   125    76    74    89   128    94    91   123   132   166   144
    84    64    59    45    41    74    66    43    59    65    67    79
    77    62    62    51    50    57    68    65    84    79    71   111
    41    44    27    29    52    56    50    54    53    61    59    57
    56    59    29    35    34    58    53    56    49    61    57    53
    73    53    77    44    55    89    81    64    97    86    63    83
    44    53    45    33    48    45    69    36    43    54    50    46
    61    57    59    51    49    69    53    58    63    87    80    67
    39    49    31    31    42    46    68    46    57    45    53    36
    49    74    57    54    80    73    68    63    69    67    71    61
    37    49    36    44    55    64    54    32    49    47    53    43
    61    82    55    55    75    76    95    61    63    72    61    74
    53    42    58    46    72    76    80    58    78    59    55    59
    43    53    44    61    57    64    73    72    93    39    53    76
    50    65    71    68    76   110   129   101    71    59    54    52
    29    35    39    48    53    57    56    64    47    44    36    24
    25    31    41    41    46    48    65    50    56    37    34    28
    22    18    28    39    41    48    57    43    29    29    18    26
    30    43    34    49    57    75    61    73    51    38    35    29
     4
    20    20    16    25    35    41    38    27    16    13     8    21
    38    46    49    42    42    40    66    60    29    17    26    27
    34    35    37    32    47    26    46    47    34    17    24    34
    36    32    32    31    32    46    54    65    39    17    19    30
    34    42    33    57    68    44    91    94    38    21    22    25
    19    15    29    23    39    39    57    52    32    13     4    15
    11    12    18    34    55    52    64    71    29     7    15     7
     3    10    21    20    30    21    45    60    23    16     4     4
     4     8    28    24    67    42    62    71    23    18     8     4
     3     3    13    19    31    25    33    49    22    10     5     2
     7    14    20    21    42    49    57    48    23     9    24     5
    12    14    25    26    41    47    75    57    30    23    17     8
    13    15    29    39    39    48    71    83    44    31    30    12
    53    65   101    93   108   107   121    96    82    64    88    61
    63    73    73    71    79    72    88    79    68    80   104    89
   134    88    69    63    85    95   101    71    85    82   106   111
    79    42    34    29    45    47    45    46    43    55    61    71
    47    30    29    36    31    36    39    40    35    48    60    43
    19    13    23     9    24    19    26    16    16    27    22    18
    28    20    26    17    26    19    30    23    30    26    18    21
     9     7    14    13    17    19    20    13    16    20     8    16
     7    11    12    14    24    23    25    17    21    20    22    15
    56    37    34    43    32    46    26    30    28    36    30    45
    29    37    27    20    30    28    33    22    31    40    36    31
    49    61    39    27    43    54    42    41    48    60    54    50
    24    32    25    42    40    37    33    32    30    38    29    46
    55    54    30    42    61    55    50    37    49    51    47    31
    53    39    23    43    33    33    46    38    34    32    44    40
    46    40    32    41    61    55    53    47    40    51    57    44
    42    35    34    38    45    56    65    38    35    44    39    48
    30    33    21    35    49    65    62    43    48    39    42    54
    36    42    62    49    78    75    76    67    56    49    44    49
    21    25    34    34    39    42    62    51    29    32    29    31
    25    16    36    24    43    37    54    66    39    31    20    18
     7    20    19    20    37    33    28    41    26    23    13     9
    21    13    36    29    30    39    46    37    41    31    20    22
     5
    24    13    39    47    56    41    44    44    40    26    10    15
    45    34    43    72    87    58    69    72    35    26    26    22
    48    48    30    43    51    37    58    48    33    21    22    28
    44    44    44    61    70    49    74    52    26    28    40    49
    41    44    62    83   112    85   131   105    59    27    23    36
    14    14    43    45    57    45    90    76    33    11    12    16
    11    24    38    50    85    59   110    99    52    22    15     6
     2     8    33    39    55    42    61    47    23    12     8     2
     4     5    31    40   103    58    66    56    28    12    12     1
     3    10    24    25    32    26    34    40    31     7    11     3
     2    10    18    38    64    52    70    60    40    18    13     8
    13     6    38    61    59    43    41    60    49    21    12    10
    20    15    63    63    79    86    65    91    51    29    30    12
    48    72   125    90   163   165   151    97   116    83    82    32
    59    64    86    77   107   112    95    77    63    73    70    70
    76    67    71    84    87   118    90    59    73    84    79    96
    50    25    38    34    52    50    41    35    25    50    51    54
    26    16    35    34    38    44    30    29    23    33    29    25
    12     7    10    14    25    18    14    10     6    12     8     5
    13     6    13    34    20    19    19    15    13    10    12    11
     6     2    10    14    13    21    21    12     9     6    10     9
     6    17    10    14    21    18    14     5    11    16    12     6
    26    41    43    41    30    42    32    30    37    57    23    42
    34    35    41    25    33    44    40    21    27    50    30    28
    81    89    68    85    89    80    56    60    55    97    70    48
    60    55    53    39    46    60    47    36    51    73    50    56
    80    70    87    74    78    98    72    68    90    91    71    74
    48    54    68    58    53    67    46    58    50    56    45    44
    71    98    65   100   110   121    69    87   101    87    73    78
    67    56    51    82    71    92    70    85    89    87    50    77
    51    57    67    79   111   106    88    73    88    85    64    74
    87    83   176   130   134   152   152   128   126   102   105    97
    40    48    85    53    97   100    88    79    90    58    45    49
    42    59   100    84    99    98    98    69    81    53    35    36
    25    38    56    45    69    61    88    55    55    35    26    30
    26    22    47    80    66    85    81    68    56    36    16    14
     6
    11    16    14    34    28    27    32    28    23    10     4     6
    21    11    16    47    47    18    47    19    26    22     9    12
    13    12    15    30    36    15    24    27    24    15    18    19
    20    19    17    48    33    18    40    30    23    15    16    18
    29    20    33    52    58    43    55    55    38    22    14    29
     7    10    29    27    40    27    41    42    21     2     5     9
     0     5    13    31    34    25    44    33    15     2     7     2
     2     5    12    22    15    12    23    18     8     1     4     0
     0     2    10    22    29    23    35    21     9     2     6     0
     0     0    11    17    20    12    23    12     3     2     2     0
     0     3    15    27    28    21    24    13    12     1     2     3
     5     3    12    22    31    25    13    12    17     3     8     1
     7    11    40    55    74    46    36    27    25    13    16     3
    12    21    72    69   145    91    78    80    50    32    27    13
    10     8    36    54    94    63    62    46    33    31    18     8
    10     5    26    45    68    64    39    35    12    32    17    11
     6     3    11    20    25    19    15    20    10    11     5    12
     3     2     8    13    15    14    11     8     4    11     4     3
     1     2     8    10    10     7     3     2     4     5     1     2
     4     3     8     7     9     7     2     4     1    13    13     2
     0     1     2     1     1     6     1     3     3     6     3     1
     5     4    10     2    11     7     7     4     2     2     2     2
    10    14    18    20    19    21     8     5    12    17    10    16
    22    18    18    19    17    17    14    13    16    17     5    11
    55    44    42    54    64    50    22    20    27    43    28    25
    51    35    25    38    39    41    24    28    25    41    30    26
    79    52    69    72    78    71    43    51    48    61    40    45
    32    39    39    63    67    41    33    23    38    45    27    38
    69    77    73    85    98    85    55    60    67    91    68    69
    44    54    65    66    79    98    40    57    60    56    60    47
    71    60    91    91    97   108    65    58    86    73    53    72
    79    90   135   133   132   104   135   115   136    95    72    89
    49    56   105    89    87    78    67    57    91    64    55    41
    49    55    99    71    82    86    72    76    70    50    33    28
    10    18    45    52    58    49    63    47    42    32    14    14
    16    15    41    53    52    37    46    44    44    29     8    11
     7
     4     4     7     8     8     4     6     5     6     4     6     2
     3     2     6     8     4     5    16     5     5     5     0     2
     3     3     1    10     9     3     8     5     7     4     4     2
     7     2     3    11     6     6     7     7     8     9     5     5
     2     3     7    13     5     6    13     9     4     7     4     4
     4     0     5     6     6     3     5     3     6     5     0     2
     3     2     2     4     6     5     9     8     4     1     0     0
     0     0     1     5     2     4     5     3     1     1     2     0
     0     0     1     5     5     3     2     3     1     0     0     0
     0     0     1     5     7     1     0     1     2     0     0     0
     0     0     0     6     4     3     2     2     3     0     1     0
     1     0     5    11    10     8     1     3     6     0     1     1
     2     3    12    21    15    12     8     4    13     2     1     1
     4     4    14    32    31    20    14    16    15     6     5     1
     2     1     5    17    36    10     8    15     6     6     5     1
     1     2     9    10    25    15     9     8     3     5     4     0
     2     1     1     3     5     8     1     4     0     2     3     1
     0     0     0     2     1     4     1     1     2     1     0     0
     0     0     0     0     1     2     1     2     0     0     0     0
     0     1     0     0     2     0     2     0     1     1     0     0
     1     0     3     0     2     0     0     0     0     0     0     0
     0     0     1     2     3     1     1     0     1     0     0     0
     3     4     5     3     2     0     1     1     2     3     3     5
     2     1     3     6     8     1     2     1     4     2     1     3
    15    10    12     9    18    10     2     3     3    10     8     6
    15    15    13     6    14    12     5    11     4     6     6    12
    18    10     9    14    15    11     9     6    10    12     9    10
    10     7    14    18    14    22     7     9    11    13    18    14
    15    11    26    22    26    22    19    21    21    17    15    20
    29    11    23    29    35    42    12     9    31    20    28    14
    17    23    30    30    37    39    13    27    28    34    24    22
    30    38    38    62    39    30    29    26    44    44    25    25
    24    19    29    38    42    34    23    26    40    37    19    15
    12    14    23    30    28    27    15    18    27    25    12    13
     3    10    15    29    22    21    19    15    13    11     4    10
     3     4    14    18    12    13     9    11    11     7     4     5
     8
     3     1     7    14     8     4     7     2    12     2     1     2
     0     0    12     8     6     2    14    10    14     7     1     3
     0     2     2    12     6     8     5     6     2     0     0     4
     3     3     5     7     6     5     7     8     2     7     2     6
     2     6     5     9    11    10    23     9     6     9     2     1
     1     3     8    13     6     7     9    11     5    12     2     3
     6     0     2     9     8     2     5     3     1     0     1     1
     1     0     1     3     8     2     1     2     0     0     0     0
     0     0     2     8    10     2     2     1     0     1     0     0
     0     0     1     2     6     0     2     2     0     0     1     0
     0     0     1     4     8     2     2     0     0     1     0     0
     1     0     2    21     6     5     1     2     4     0     0     0
     1     2     9    29    16    11     6     6     6     0     0     0
     0     8    10    41    38    19    16     6     8     1     4     0
     2     2     7    20    26    15     5     6     3     1     1     0
     0     1     5    10    17    14     3     4     2     2     3     0
     0     0     1     4     9     4     3     2     0     0     1     0
     0     0     2     2     5     7     2     0     0     0     0     0
     0     0     0     0     1     3     1     0     0     4     0     0
     0     1     0     2     1     1     0     0     0     1     0     0
     0     0     0     0     2     0     1     0     0     0     0     0
     1     0     0     0     5     2     0     2     0     0     0     0
     1     1     3     6     5     7     2     1     1     1     0     5
     3     5     4     2    10     4     3     7     0     4     0     2
    10    11    10    18    13    10     4     5     9     2     6    17
    18    17    11     9    15    11     7     7     7     9     9     8
    46    22    30    31    35    24     9    15    20    22    19    41
    16    24    20    23    32    22    16    10    20    17    10    18
    39    30    36    47    69    34    17    30    27    27    20    30
    43    41    55    65    66    39    20    34    36    39    34    35
    46    36    60    77    65    60    24    32    44    50    42    47
    59    70    85   104    86    58    26    62    91    72    48    57
    28    53    54    59    61    48    34    34    50    34    34    17
    38    28    60    76    41    36    34    32    38    37    23    17
    11     8    24    35    27    29    12    14    14    23     5    10
    13     4    15    23    19    12    14    18    18    12     6     8
     9
     0     0     2     5     1     0     1     1     0     0     1     0
     0     0     0     0     0     0     3     3     2     1     0     0
     0     0     0     2     0     0     3     0     1     0     0     0
     0     0     1     2     0     0     2     3     0     0     0     0
     0     0     0     3     4     0     3     0     0     4     0     0
     0     0     0     0     0     0     1     1     0     1     0     0
     0     0     0     1     2     0     0     0     0     0     0     0
     0     0     0     0     0     0     0     0     0     0     0     0
     0     0     0     0     0     1     0     0     0     0     0     0
     0     0     1     0     1     0     0     0     0     0     0     0
     0     0     0     2     0     0     0     0     0     0     0     0
     0     0     0     1     2     0     0     0     1     0     0     0
     0     0     0     3     2     0     0     0     0     0     0     0
     1     0     2     4     2     0     1     2     1     0     0     0
     0     1     0     6     0     1     0     2     0     0     0     0
     0     0     1     0     5     0     0     0     0     0     0     0
     0     0     0     0     0     0     0     0     0     0     0     0
     0     0     0     0     0     1     0     0     0     0     0     0
     0     0     0     0     0     0     0     1     0     0     0     0
     0     0     0     0     0     0     0     0     1     0     0     0
     0     0     1     0     0     0     0     0     0     0     0     0
     0     0     0     0     0     0     1     0     0     0     0     0
     0     0     0     1     0     1     0     0     0     1     0     1
     1     0     0     0     1     0     0     1     0     1     0     0
     3     0     1     0     1     2     0     0     0     2     1     2
     2     1     4     1     3     1     0     0     3     1     1     3
     5     2     5     3     4     2     0     2     1     4     2     4
     2     6     2     5     3     2     2     4     1     2     2     3
     4     4    11     3     8     5     2     2     7     1     5     5
     8     4     7    13    12     3     4     5    12     8     4     4
     9     7    23    17    18     7     3     8     8    13     8     5
     9     8    18    20    11     8     1    11    12    22    14    10
     6     7    14     6    12     6    11     4     8    13     3     4
     4     8     8    14     8     6     5     3     6    11    10     3
     4     1     5     7     4     0     0     1     3     3     0     0
     2     1     2     4     5     0     3     3     4     1     0     2
    10
     1     0     1     1     0     0     1     1     1     0     0     0
     0     0     1     1     0     0     2     0     0     0     0     0
     1     0     0     1     0     1     1     1     0     0     0     0
     0     0     0     0     0     0     1     0     0     1     0     0
     0     0     1     0     0     0     0     1     0     0     0     0
     0     0     0     1     0     0     1     0     0     0     0     0
     0     0     0     0     0     0     1     0     0     0     0     0
     0     0     0     0     1     0     2     0     0     0     0     0
     0     0     0     0     0     0     0     0     0     0     0     0
     0     0     0     2     0     0     0     0     0     0     0     0
     0     0     0     0     0     0     0     0     0     0     0     0
     0     0     1     1     1     0     0     0     0     0     0     0
     0     0     1     1     2     0     0     0     0     0     0     0
     0     0     0     1     1     0     0     2     0     0     0     0
     0     0     0     0     1     1     0     1     0     0     0     0
     0     0     0     1     1     0     0     0     1     0     0     0
     0     0     0     1     0     1     0     0     0     0     0     0
     0     0     0     0     1     0     0     0     0     0     0     0
     0     0     0     0     0     0     0     0     0     0     0     0
     0     0     0     0     0     0     0     0     0     0     0     0
     0     0     0     0     0     0     0     0     0     0     1     0
     0     0     0     0     0     0     0     0     0     0     0     0
     0     0     1     0     0     0     0     0     0     0     0     0
     1     0     0     1     0     0     0     1     1     0     0     0
     0     0     0     0     1     0     0     1     1     0     0     0
     1     0     1     2     5     0     0     1     2     0     0     0
     3     2     1     1     5     1     1     3     0     1     1     2
     1     1     0     4     5     2     2     1     2     0     0     1
     5     1     5     7     3     5     1     4     6     3     2     3
     2     3    13    14    14    10     4     6     5     5     1     7
     1     5     9    20     7     6     2     2     7     6     2     4
     5     3    13    16    13     1     1     3     6    11     5     5
     4     4     3    11     7     6     2     3     5    11     6     3
     1     2     6    13     4     0     5     0     4     2     0     2
     1     1     6     2     2     2     1     0     1     3     0     1
     1     1     2     0     3     0     1     0     0     0     0     0
    11
     1     0     2     2     0     1     0     1     0     0     0     0
     0     0     1     0     0     1     0     1     0     0     0     0
     0     0     1     1     0     2     0     0     0     0     0     0
     0     0     0     0     0     0     0     0     0     2     0     0
     0     0     0     0     2     0     0     0     0     1     0     0
     1     0     0     0     1     0     0     0     0     0     0     0
     0     0     0     1     0     0     0     0     0     1     0     0
     0     0     0     0     0     0     0     0     0     0     0     0
     0     0     0     0     1     0     0     0     0     0     0     0
     0     0     0     0     0     0     0     0     0     0     0     0
     0     0     0     0     0     0     0     0     0     0     0     0
     0     0     0     1     1     0     0     0     0     0     0     0
     0     1     1     0     0     0     0     0     0     0     0     0
     0     0     0     1     1     2     0     0     0     0     0     0
     0     1     0     1     0     0     0     0     0     0     0     0
     0     0     0     0     1     0     0     0     0     0     0     0
     0     0     1     2     0     0     0     0     0     0     0     0
     0     0     0     0     0     0     0     0     0     0     0     0
     0     0     0     0     0     0     0     0     0     0     0     0
     0     1     0     0     0     0     0     0     0     0     0     0
     0     0     0     0     0     0     0     0     0     0     0     0
     0     0     0     0     1     0     0     0     0     0     0     0
     4     0     0     1     1     0     0     0     0     0     0     0
     1     0     1     0     1     0     0     0     0     0     0     1
     2     3     1     2     3     0     0     0     2     1     0     3
     2     1     1     1     6     0     0     0     0     0     2     0
     5     4     4     9     6     4     2     0     5     6     0     6
     0     6     5     3     9     4     0     2     1     0     3     2
     1     4     4    12     9     7     0     8     9     7     3     6
     4     3    22    11    18    11     3     7     2     8     6     3
    13     8    25    18    19     7     7     4     5     6    12     9
    14    16    21    35    12     4     5    14    10    28     6    12
     7    12    17     9     9     7     3     2     3    10     4     1
     1     7     5     5     4     6     1     4     3     3     3     0
     2     1     2     3     2     0     0     0     1     4     0     1
     2     0     0     0     3     0     0     0     0     1     0     0
    12
     0     0     0     1     0     0     0     0     0     0     0     0
     0     0     0     0     0     0     0     0     0     0     0     0
     0     0     0     0     0     2     0     0     0     0     0     0
     0     0     0     0     0     0     1     0     0     0     0     0
     0     0     0     0     2     0     0     0     0     0     0     0
     0     0     0     0     0     0     0     0     0     0     0     0
     0     0     0     0     0     0     0     1     0     0     0     0
     0     0     0     0     0     0     0     0     0     0     0     0
     0     0     0     0     0     0     0     0     0     0     0     0
     0     0     0     0     0     0     0     0     0     0     0     0
     0     0     0     0     0     0     0     0     0     0     0     0
     0     0     0     0     0     0     0     0     0     0     0     0
     0     0     0     0     0     0     0     0     0     0     0     0
     0     0     0     0     0     0     0     0     0     0     1     0
     0     0     0     0     0     0     0     0     0     0     0     0
     0     0     0     0     1     0     0     0     0     0     0     0
     0     0     0     1     0     0     0     0     0     0     0     0
     0     0     0     0     0     0     0     0     0     0     0     0
     0     0     0     0     0     0     0     0     0     0     0     0
     0     0     0     0     0     0     0     0     0     0     0     0
     0     0     0     0     0     0     0     0     0     0     0     0
     1     0     0     0     0     0     0     0     0     0     0     0
     0     0     0     3     0     0     1     0     0     0     0     1
     0     0     1     0     3     0     1     1     0     0     0     0
     0     1     0     1     2     0     0     0     1     0     0     0
     0     2     1     1     4     0     0     1     1     0     0     0
     0     5     3     1     3     7     1     1     3     1     0     2
     0     4     1     2     3     2     1     0     0     0     0     0
     1     2     2     1     3     0     2     2     1     1     2     2
     1     0     8     3     4     3     1     2     0     4     1     3
     1     6     9     2     5     5     2     3     0     2     5     4
     6     4     2    19     5     3     4     3     3    13     3     5
     2     2     4     1     0     3     2     0     1     4     3     4
     1     1     4     6     1     1     1     1     2     2     1     0
     1     1     0     0     2     0     1     0     1     0     1     0
     2     0     0     0     0     0     1     0     1     0     0     0
    13
     0     0     0     0     0     0     0     0     0     0     0     0
     0     0     0     0     0     0     0     0     0     0     0     0
     0     0     0     0     0     0     0     0     0     0     0     0
     0     0     0     0     0     0     0     0     0     0     0     0
     0     0     0     0     0     0     0     0     0     0     0     0
     0     0     0     0     0     0     0     0     0     0     0     0
     0     0     0     0     0     0     0     0     0     0     0     0
     0     0     0     0     0     0     0     0     0     0     0     0
     0     0     0     0     0     0     0     0     0     0     0     0
     0     0     0     0     0     0     0     0     0     0     0     0
     0     0     0     0     0     0     0     0     0     0     0     0
     0     0     0     0     0     0     0     0     0     0     0     0
     0     0     0     0     0     0     0     0     0     0     0     0
     0     0     0     0     0     0     0     0     0     0     0     0
     0     0     0     0     0     0     0     0     0     0     0     0
     0     0     0     0     0     0     0     0     0     0     0     0
     0     0     0     0     0     0     0     0     0     0     0     0
     0     0     0     0     0     0     0     0     0     0     0     0
     0     0     0     0     0     0     0     0     0     0     0     0
     0     0     0     0     0     0     0     0     0     0     0     0
     0     0     0     0     0     0     0     0     0     0     0     0
     0     0     0     0     0     0     0     0     0     0     0     0
     0     0     0     0     0     0     0     0     0     0     0     0
     0     0     0     0     0     0     0     0     0     0     0     0
     0     0     0     0     0     0     1     0     0     0     0     0
     0     0     0     0     0     0     0     0     0     0     0     0
     0     0     0     0     0     0     0     0     0     0     0     0
     0     0     0     0     0     1     0     0     0     0     0     0
     0     0     0     0     1     1     0     0     0     0     0     0
     0     0     1     1     1     1     0     1     0     0     0     0
     0     1     0     0     0     0     0     0     0     0     0     2
     0     1     0     1     1     0     1     1     0     1     0     1
     0     0     0     1     0     0     0     0     1     0     0     1
     0     0     0     1     0     0     1     0     0     0     0     0
     0     0     0     0     0     0     0     0     0     0     0     0
     0     0     0     0     0     0     0     0     0     0     0     0
    14
     0     0     0     0     0     0     0     0     0     0     0     0
     0     0     0     0     0     0     0     0     0     0     0     0
     0     0     0     0     0     0     0     0     0     0     0     0
     0     0     0     0     0     0     0     0     0     0     0     0
     0     0     0     0     0     0     0     0     0     0     0     0
     0     0     0     0     0     0     0     0     0     0     0     0
     0     0     0     0     0     0     0     0     0     0     0     0
     0     0     0     0     0     0     0     0     0     0     0     0
     0     0     0     0     0     0     0     0     0     0     0     0
     0     0     0     0     0     0     0     0     0     0     0     0
     0     0     0     0     0     0     0     0     0     0     0     0
     0     0     0     0     0     0     0     0     0     0     0     0
     0     0     0     0     0     0     0     0     0     0     0     0
     0     0     0     0     0     0     0     0     0     0     0     0
     0     0     0     0     0     0     0     0     0     0     0     0
     0     0     0     0     0     0     0     0     0     0     0     0
     0     0     0     0     0     0     0     0     0     0     0     0
     0     0     0     0     0     1     0     0     0     0     0     0
     0     0     0     0     0     0     0     0     0     0     0     0
     0     0     0     0     0     0     0     0     0     0     0     0
     0     0     0     0     0     0     0     0     0     0     0     0
     0     0     0     0     0     0     0     0     0     0     0     0
     0     0     0     0     0     0     0     0     0     0     0     0
     0     0     0     0     0     0     0     0     0     0     0     0
     0     0     0     0     0     0     0     0     0     0     0     0
     0     0     0     0     0     0     0     0     0     0     0     0
     0     1     0     0     1     0     0     0     1     0     0     0
     0     0     0     0     0     0     1     0     1     0     0     0
     0     3     0     0     0     0     1     0     0     0     0     0
     0     0     0     0     0     0     1     1     0     0     0     0
     1     0     3     0     0     0     1     1     1     1     1     0
     3     1     1     9     1     1     1     0     1     1     0     1
     0     0     0     3     0     0     1     0     1     2     1     1
     0     0     0     0     0     0     0     0     0     0     0     0
     0     0     0     2     0     0     1     0     0     0     0     0
     0     0     0     0     0     0     0     0     0     0     0     0
    15
     0     0     0     0     0     0     0     0     0     0     0     0
     0     0     0     0     0     0     0     0     0     0     0     0
     0     0     0     0     0     0     0     0     0     0     0     0
     0     0     0     0     0     0     0     0     0     0     0     0
     0     0     0     0     0     0     0     0     0     0     0     0
     0     0     0     0     0     0     0     0     0     0     0     0
     0     0     0     0     0     0     0     0     0     0     0     0
     0     0     0     0     0     0     0     0     0     0     0     0
     0     0     0     0     0     1     0     0     0     0     0     0
     0     0     0     0     0     0     0     0     0     0     0     0
     0     0     0     0     0     0     0     0     0     0     0     0
     0     0     0     0     0     0     0     0     0     0     0     0
     0     0     0     0     0     0     0     0     0     0     0     0
     0     0     0     0     0     0     0     0     0     0     0     0
     0     0     0     0     0     0     0     0     0     0     0     0
     0     0     0     0     0     0     0     0     0     0     0     0
     0     0     0     0     0     0     0     0     0     0     0     0
     0     0     0     0     0     0     0     0     0     0     0     0
     0     0     0     0     0     0     0     0     0     0     0     0
     0     0     0     0     0     0     0     0     0     0     0     0
     0     0     0     0     0     0     0     0     0     0     0     0
     0     0     0     0     0     0     0     0     0     0     0     0
     0     0     0     0     0     0     0     0     0     0     0     0
     0     0     0     0     0     0     0     0     0     0     0     0
     0     0     0     0     0     0     0     0     0     0     0     0
     0     0     0     0     0     0     0     0     0     0     0     0
     0     0     0     0     0     0     0     0     0     0     0     0
     0     0     0     0     0     0     0     0     0     0     0     0
     0     0     0     0     0     0     0     0     0     0     0     0
     0     0     0     1     0     0     0     0     0     0     0     0
     0     0     0     0     0     0     0     0     0     0     0     0
     0     0     0     0     0     0     0     0     0     0     0     0
     0     0     0     0     0     0     0     0     0     0     0     0
     0     0     0     0     0     0     0     0     0     0     0     0
     0     0     0     0     0     0     0     0     0     0     0     0
     0     0     0     0     0     0     0     0     0     0     0     0
    16
     0     0     0     0     0     0     0     0     0     0     0     0
     0     0     0     0     0     0     0     0     0     0     0     0
     0     0     0     0     0     0     0     0     0     0     0     0
     0     0     0     0     0     0     0     0     0     0     0     0
     0     0     0     0     0     0     0     0     0     0     0     0
     0     0     0     0     0     0     0     0     0     0     0     0
     0     0     0     0     0     0     0     0     0     0     0     0
     0     0     0     0     0     0     0     0     0     0     0     0
     0     0     0     0     0     0     0     0     0     0     0     0
     0     0     0     0     0     0     0     0     0     0     0     0
     0     0     0     0     0     0     0     0     0     0     0     0
     0     0     0     0     0     0     0     0     0     0     0     0
     0     0     0     0     0     0     0     0     0     0     0     0
     0     0     0     0     0     0     0     0     0     0     0     0
     0     0     0     0     0     0     0     0     0     0     0     0
     0     0     0     0     0     0     0     0     0     0     0     0
     0     0     0     0     0     0     0     0     0     0     0     0
     0     0     0     0     0     0     0     0     0     0     0     0
     0     0     0     0     0     0     0     0     0     0     0     0
     0     0     0     0     0     0     0     0     0     0     0     0
     0     0     0     0     0     0     0     0     0     0     0     0
     0     0     0     0     0     0     0     0     0     0     0     0
     0     0     0     0     0     0     0     0     0     0     0     0
     0     0     0     0     0     0     0     0     0     0     0     0
     0     0     0     0     0     0     0     0     0     0     0     0
     0     0     0     0     0     0     0     0     0     0     0     0
     0     0     0     0     0     0     0     0     0     0     0     0
     0     2     0     0     0     0     0     0     1     0     0     0
     0     1     0     0     0     0     0     0     0     0     0     0
     0     0     0     0     1     0     0     0     1     0     0     0
     0     0     1     0     0     0     0     0     0     0     0     0
     1     0     0     0     0     0     1     1     0     0     0     0
     0     0     0     0     1     0     0     0     0     0     0     0
     0     0     0     0     0     0     0     0     1     0     0     0
     0     0     0     0     0     0     1     0     0     0     0     0
     0     0     0     0     0     0     0     1     0     0     0     0
    17
     0     0     0     0     0     0     0     0     0     0     0     0
     0     0     0     0     0     0     0     0     0     0     0     0
     0     0     0     0     0     0     0     0     0     0     0     0
     0     0     0     0     0     0     0     0     0     0     0     0
     0     0     0     0     0     0     0     0     0     0     0     0
     0     0     0     0     0     0     0     0     0     0     0     0
     0     0     0     0     0     0     0     0     0     0     0     0
     0     0     0     0     0     0     0     0     0     0     0     0
     0     0     0     0     0     0     0     0     0     0     0     0
     0     0     0     0     0     0     0     0     0     0     0     0
     0     0     0     0     0     0     0     0     0     0     0     0
     0     0     0     0     0     0     0     0     0     0     0     0
     0     0     0     0     0     0     0     0     0     0     0     0
     0     0     0     0     0     0     0     0     0     0     0     0
     0     0     0     0     0     0     0     0     0     0     0     0
     0     0     0     0     0     0     0     0     0     0     0     0
     0     0     0     0     0     0     0     0     0     0     0     0
     0     0     0     0     0     0     0     0     0     0     0     0
     0     0     0     0     0     0     0     0     0     0     0     0
     0     0     0     0     0     0     0     0     0     0     0     0
     0     0     0     0     0     0     0     0     0     0     0     0
     0     0     0     0     0     0     0     0     0     0     0     0
     0     0     0     0     0     0     0     0     0     0     0     0
     0     0     0     0     0     0     0     0     0     0     0     0
     0     0     0     0     0     0     0     0     0     0     0     0
     0     0     0     0     0     0     0     0     0     0     0     0
     0     0     0     0     0     0     0     0     0     0     0     0
     0     0     0     0     0     0     0     0     0     0     0     0
     0     0     0     0     0     0     0     0     0     0     0     0
     0     0     0     0     0     0     0     0     0     0     0     0
     0     0     0     0     0     0     0     0     0     0     0     0
     0     0     0     0     0     0     0     0     0     0     0     0
     0     0     0     0     0     0     0     0     0     0     0     1
     0     0     0     0     0     0     0     0     0     0     0     0
     0     0     0     0     0     0     0     0     0     0     0     0
     0     0     0     0     0     0     0     0     0     0     0     0
    18
     0     0     0     0     0     0     0     0     0     0     0     0
     0     0     0     0     0     0     0     0     0     0     0     0
     0     0     0     0     0     0     0     0     0     0     0     0
     0     0     0     0     0     0     0     0     0     0     0     0
     0     0     0     0     0     0     0     0     0     0     0     0
     0     0     0     0     0     0     0     0     0     0     0     0
     0     0     0     0     0     0     0     0     0     0     0     0
     0     0     0     0     0     0     0     0     0     0     0     0
     0     0     0     0     0     0     0     0     0     0     0     0
     0     0     0     0     0     0     0     0     0     0     0     0
     0     0     0     0     0     0     0     0     0     0     0     0
     0     0     0     0     0     0     0     0     0     0     0     0
     0     0     0     0     0     0     0     0     0     0     0     0
     0     0     0     0     0     0     0     0     0     0     0     0
     0     0     0     0     0     0     0     0     0     0     0     0
     0     0     0     0     0     0     0     0     0     0     0     0
     0     0     0     0     0     0     0     0     0     0     0     0
     0     0     0     0     0     0     0     0     0     0     0     0
     0     0     0     0     0     0     0     0     0     0     0     0
     0     0     0     0     0     0     0     0     0     0     0     0
     0     0     0     0     0     0     0     0     0     0     0     0
     0     0     0     0     0     0     0     0     0     0     0     0
     0     0     0     0     0     0     0     0     0     0     0     0
     0     0     0     0     0     0     0     0     0     0     0     0
     0     0     0     0     0     0     0     0     0     0     0     0
     0     0     0     0     0     0     0     0     0     0     0     0
     0     0     0     0     0     0     0     0     0     0     0     0
     0     0     0     0     0     0     0     0     0     0     0     0
     0     0     0     0     0     0     0     0     0     0     0     0
     0     0     0     0     0     0     0     0     0     0     0     0
     0     0     0     0     0     0     0     0     0     0     0     0
     0     0     0     0     0     0     0     0     0     0     0     0
     0     0     0     0     0     0     0     0     0     0     0     0
     0     0     0     0     0     0     0     0     0     0     0     0
     0     0     0     0     0     0     0     0     0     0     0     0
     0     0     0     0     0     0     0     0     1     0     0     0
    19
     0     0     0     0     0     0     0     0     0     0     0     0
     0     0     0     0     0     0     0     0     0     0     0     0
     0     0     0     0     0     0     0     0     0     0     0     0
     0     0     0     0     0     0     0     0     0     0     0     0
     0     0     0     0     0     0     0     0     0     0     0     0
     0     0     0     0     0     0     0     0     0     0     0     0
     0     0     0     0     0     0     0     0     0     0     0     0
     0     0     0     0     0     0     0     0     0     0     0     0
     0     0     0     0     0     0     0     0     0     0     0     0
     0     0     0     0     0     0     0     0     0     0     0     0
     0     0     0     0     0     0     0     0     0     0     0     0
     0     0     0     0     0     0     0     0     0     0     0     0
     0     0     0     0     0     0     0     0     0     0     0     0
     0     0     0     0     0     0     0     0     0     0     0     0
     0     0     0     0     0     0     0     0     0     0     0     0
     0     0     0     0     0     0     0     0     0     0     0     0
     0     0     0     0     0     0     0     0     0     0     0     0
     0     0     0     0     0     0     0     0     0     0     0     0
     0     0     0     0     0     0     0     0     0     0     0     0
     0     0     0     0     0     0     0     0     0     0     0     0
     0     0     0     0     0     0     0     0     0     0     0     0
     0     0     0     0     0     0     0     0     0     0     0     0
     0     0     0     0     0     0     0     0     0     0     0     0
     0     0     0     0     0     0     0     0     0     0     0     0
     0     0     0     0     0     0     0     0     0     0     0     0
     0     0     0     0     0     0     0     0     0     0     0     0
     0     0     0     0     0     0     0     0     0     0     0     0
     0     0     0     0     0     0     0     0     0     0     0     0
     0     0     0     0     0     0     0     0     0     0     0     0
     0     0     0     0     0     0     0     0     0     0     0     0
     0     1     0     0     0     0     0     0     0     0     0     0
     0     0     0     0     0     0     0     0     0     0     0     0
     0     0     0     0     0     0     0     0     0     0     0     0
     0     0     0     0     0     0     0     0     0     0     0     0
     0     0     0     0     0     0     0     0     0     0     0     0
     0     0     0     0     0     0     0     0     0     0     0     0
    20
     0     0     0     0     0     0     0     0     0     0     0     0
     0     0     0     0     0     0     0     0     0     0     0     0
     0     0     0     0     0     0     0     0     0     0     0     0
     0     0     0     0     0     0     0     0     0     0     0     0
     0     0     0     0     0     0     0     0     0     0     0     0
     0     0     0     0     0     0     0     0     0     0     0     0
     0     0     0     0     0     0     0     0     0     0     0     0
     0     0     0     0     0     0     0     0     0     0     0     0
     0     0     0     0     0     0     0     0     0     0     0     0
     0     0     0     0     0     0     0     0     0     0     0     0
     0     0     0     0     0     0     0     0     0     0     0     0
     0     0     0     0     0     0     0     0     0     0     0     0
     0     0     0     0     0     0     0     0     0     0     0     0
     0     0     0     0     0     0     0     0     0     0     0     0
     0     0     0     0     0     0     0     0     0     0     0     0
     0     0     0     0     0     0     0     0     0     0     0     0
     0     0     0     0     0     0     0     0     0     0     0     0
     0     0     0     0     0     0     0     0     0     0     0     0
     0     0     0     0     0     0     0     0     0     0     0     0
     0     0     0     0     0     0     0     0     0     0     0     0
     0     0     1     0     0     0     0     0     0     0     0     0
     0     0     0     0     0     0     0     0     0     0     0     0
     0     0     0     0     0     0     0     0     0     0     0     0
     0     0     0     0     0     0     0     0     0     0     0     0
     0     0     0     0     0     0     0     0     0     0     0     0
     0     0     0     0     0     0     0     0     0     0     0     0
     0     0     0     0     0     1     0     0     0     0     0     0
     0     0     0     0     0     0     0     0     0     0     0     0
     0     0     0     0     0     0     0     0     0     0     0     0
     0     0     0     0     0     0     0     0     0     0     0     0
     0     0     0     0     0     0     0     0     0     0     0     0
     0     0     0     0     0     0     0     0     0     1     0     0
     0     0     0     0     0     0     0     0     0     0     0     0
     0     0     0     0     0     0     0     0     0     0     0     0
     0     0     0     0     0     0     0     0     0     0     0     0
     0     0     0     0     0     0     0     0     0     0     0     0
