20
Rapid City, SD 24090
     0
      -9.400      -6.700      -1.200       4.400      10.600      16.100
      20.600      20.600      13.300       7.100      -1.200      -8.400
      -1.200        .600       3.200       9.300      15.000      20.600
      25.000      25.000      18.800      12.800       3.900      -1.800
       4.400       6.000       9.300      15.000      20.000      25.000
      28.800      29.300      24.300      17.700      10.000       3.900
      46.000      44.000      39.000      30.000      37.000      40.000
      34.000      29.000      28.000      28.000      37.000      47.000
      59.000      60.000      58.000      46.000      53.000      55.000
      48.000      42.000      41.000      42.000      54.000      62.000
      72.000      75.000      75.000      69.000      74.000      71.000
      64.000      58.000      61.000      62.000      73.000      75.000
       2.400       2.400       2.700       3.100       3.100       2.700
       2.400       2.400       2.700       2.700       2.400       2.000
       3.500       4.000       4.800       4.800       4.400       4.000
       3.500       3.500       4.000       4.000       3.500       3.500
       6.300       6.300       7.200       7.200       6.300       5.500
       5.200       5.200       5.900       6.300       5.500       5.900
     340.000     350.000     350.000     350.000     350.000     350.000
     140.000     150.000     350.000     340.000     340.000     340.000
     1
      -2.716       -.403       3.839      10.098      15.206      20.706
      24.782      24.646      18.712      12.657       3.953      -2.382
      58.520      58.905      57.176      50.157      55.440      55.846
      49.752      45.147      45.989      46.321      55.150      60.119
     2
    17     6    11     6     4    16     6    16     8    15    20    16
    22    11    13    11    14    17    33    19    17    17    13    19
    24    22    17     5    16    24    23    17    12    17    29    29
    18    18    18    16     9    17    17    21    17     8    15    21
    37    26    15    16    20    24    30    16    23    16    23    40
    29    22    18    12    12    15    18    15    14    10    19    29
    39    31    19    13     8    29    33    23    19    18    30    28
    28    17     7     4    10     9    24    11    13    13    23    23
    61    46    34    19    39    26    29    44    21    26    44    60
    37    23    27    11    17    23    16    22    22    20    25    36
    46    43    38    34    32    40    37    35    29    27    48    60
    58    35    34    14    28    28    41    41    30    32    49    61
    34    24    15     6    36    22    39    26    18    21    37    45
    51    37    32    29    41    47    47    29    37    43    49    52
    38    29    18    20    16    21    29    26    24    19    29    38
    27    26    24    30    22    27    37    45    33    30    21    45
    19    17     9     8    11    18    27    15    16    14    18    23
    36    35    18    27    23    35    40    58    29    37    43    27
    18    16     8     8    16    14    16    16    16    14    18    15
    25    20    19    15    14    23    18    31    16    13    20    22
     9    19    14     7     9    24    23    14     9    15    15    14
    18    16     6     6    13    11    16    12     9    15     9    17
    19    22    18    10    18    20    24    28    21    21    22    23
    11    16     9    14    10    13    24    20    10    15    20    17
    12    22     9     6    29    26    26    21    26    18    28    28
    10    14     8     5     8    15    14    15     9    13    12    20
    28    22    16    14    14    23    27    23    21    28    27    30
    15    10    12    12     7     9    17    11     9    12    13    11
    13    17    16     9    19    16    35    22    18    25    24    40
    17    18     8     9    14    23    29    27    13    19    25    21
    27    10    11     6    15    17    20    14    12    12    26    20
    20    27    23    12    11    44    25    35    16     9    18    26
    20    15    11    17     9    10    16    20     9     9    16    21
    14    21    13     8    13    24    25    17    11    20    18    16
    16    11     9     7     8    16    14    11    10    12    20    22
    25    21    18    18    21    37    35    20    19    20    30    28
     3
    33    37    18    20    44    50    46    38    30    32    35    33
    31    49    27    35    50    72    72    61    55    43    43    26
    19    24    30    48    52    75    50    45    49    25    41    28
    16    27    34    31    46    54    50    40    50    36    28    18
    39    44    44    58    68    80    87    61    49    44    36    30
    28    26    37    26    60    64    68    43    40    20    27    25
    34    37    43    41    55    70    84    69    43    38    36    33
    17    16    25    15    33    37    36    25    23    22    28    19
    69    51    61    43    64    97   104    80    56    43    47    69
    47    23    42    21    32    49    43    47    21    34    30    38
    86    57    67    40    63    85   102    72    55    53    83    82
    83    89    81    46    79    77    73    61    65    45    77    70
    87    53    49    53    68    63    86    74    52    68    81    76
   110   102   108    88    98   136   189   127   133    93   123   113
    64    73    65    38    75    81   112   107    67    81    74    57
    74    71    66    46    52    91   103   116    87    70    73    65
    35    31    22    21    33    48    45    64    24    29    36    25
    56    47    49    39    44    67    88    91    76    49    51    43
    26    15    22    21    24    30    42    58    23    30    13    31
    31    11    12    26    27    50    40    63    41    34    29    31
    19    19    12    13    15    25    25    32    12    21    16    14
    11    22    12    14    23    26    22    24    19    27    23    15
    29    16    21    26    31    39    42    59    30    33    20    29
    14    15    10    11    22    22    25    26    27    18    19    11
    21    14    11    19    32    25    32    43    23    27    19    16
    10    10    10    10    17    23    19    14    19    22    13    27
    35    32    31    24    37    34    45    47    47    50    30    39
    29    18    15    15    14    42    23    26    13    27    26    18
    40    34    34    29    38    71    81    62    60    61    47    43
    38    44    43    40    59    57    93    61    52    47    64    51
    33    26    21    31    49    75    63    59    32    38    38    44
    32    34    27    37    56    81    76    80    57    49    45    49
    23    28    18    29    35    46    81    41    31    36    33    30
    44    42    40    43    38    78   100    78    38    37    45    43
    28    27    21    19    33    64    64    40    39    34    42    27
    48    48    49    43    71    97   111    82    65    68    62    52
     4
    21    18    18    23    40    42    34    46    35    29    27    14
    25    34    35    37    50    61    71    47    35    35    22    22
    18    18    21    34    42    46    44    34    28    30    24    17
    10    10    25    15    34    34    41    41    28    22    13    12
    15    19    36    40    55    45    60    57    37    24    22    14
     3    16    18    19    30    35    47    33    29    19     7     7
     7    15    24    38    42    37    60    45    25    24    14    10
     6     5    21    16    31    33    25    29    20     8     4     4
    12    15    23    36    45    62    59    44    24    13    19     7
    12    19    20    20    21    23    35    32    19    16    10    10
    27    32    53    33    43    65    70    59    39    32    42    31
    35    31    50    22    42    71    66    59    46    32    45    37
    39    43    47    33    53    49    80    71    45    51    34    31
    47    68    58    57    82   110   121   111    95    72    91    50
    24    36    50    36    53    61    74    77    55    54    39    24
    39    33    36    45    59    78    72    96    62    67    49    31
    13    23    14    26    23    47    33    37    18    23    17    17
    29    19    31    49    38    42    49    69    29    25    29    24
    12     6    10    13    16    21    20    22    16    12    10    12
     6    13     9    10    12    18    24    14    18    16    14    11
     6     5     3     7    11     5    13    14     4     6    10     6
     5     5     2     3     7     5    11     9     3     2     4     8
     5     7    18     4    12     8     8    11    13    15     7     8
     7     3     1     2     1     8     3     5     4     7     5     4
     6     4     7     5     7    10    11    13     8     6     5     6
     6     2     2     4     3     5     6     8     6     7     3     2
     8     6    14    15    19    13    12    15    16    11     5     5
     2     5     7     8    14    15    13    11    13     9    10     1
    17    16    18    19    30    37    32    26    13    22    14    18
    20    20    15    19    34    40    38    36    40    26    32    15
    18    16    14    12    37    44    29    22    25    28    20    21
    23    20    22    38    41    46    46    42    24    29    39    25
    23    11    16    24    41    46    46    47    37    36    30    16
    35    32    38    37    43    73    80    71    47    42    58    33
    27    34    25    27    46    61    62    58    37    46    32    33
    43    55    39    53    84   113    90    72    71    55    56    54
     5
    26    54    44    54    74    77    70    65    58    51    44    24
    35    32    57    75    91    66    71    72    73    49    35    27
    11    31    33    36    48    43    45    40    31    16    28    26
    15    20    37    38    36    34    34    34    33    12    14    11
    13    24    29    41    47    71    42    33    34    15     7     8
     5     7    21    27    32    22    30    28    28    13     2     4
     5     8    24    41    30    50    28    30    28     8     6     2
     4     8    14    17    21    16    24    12    10     4     0     4
    15     6    24    44    50    38    52    55    21    12     4     3
     7     8    14    25    37    42    41    36    19     6     2     8
    15    31    53    44    80    54    69    52    54    15    15    30
    19    28    69    67    75    63   103    78    64    41    34    23
    41    35    61    47    65    72    85    73    59    43    40    32
    53    71   105    92   115   119   128    99   107    99    67    38
    37    38    61    47    73    83   115   107    81    69    39    31
    42    50    61    69    86   112   119   128    94    73    46    42
    29    24    26    40    52    55    76    77    39    44    31    17
    15    30    35    36    77    83   105   111    58    41    49    22
    21    10    17    19    26    29    24    37    24    17    10    12
     2     5     7    16    22    17    25    28    16    19    14     8
     1     3     7     5    17     8    16    18    14     7    12     5
     3     2     0    10     8     5     3     6    10     4     2     3
     4     3     8     6     7     8     6     6     6     9     7     3
     4     5     3    10     4    10     8    12     3     9     7     3
     3     3     6    10    13     8    10     7    12    12     6     5
     4     3     3     4    10     5     7     8     4     5     2     4
    16     9    13     7    22    12    12    10     8    12     9     8
     9    10     4     5     9    14     7     7     6    10     7    10
    13    16    15    13    16    16    20    15    11    19    17    18
    16    11    15    19    31    31    19    23    18    18    22    14
    21    17    17    22    29    40    50    24    19    21    30    17
    35    22    32    36    58    63    47    47    41    46    41    33
    33    31    40    37    70    71    72    98    64    48    63    52
    72    48    64    67   108    94   140   112   118    78    80    59
    52    55    42    75    84    67    89   100    68    71    73    63
    96   121    84   138   144   151   170   135   149   111    86    96
     6
    18    18    52    43    44    31    46    42    36    27    17    22
    14    24    42    34    49    41    29    37    29    24    15    21
     4    10    14    27    22    28    21    21    20     5    13     7
     0     5    10    23     8     9    17     6    12     4     3     4
     6    15     6    14    18    26    21    13    11     7     3     3
     0     2     5     8    10     4    14     4     2     3     1     3
     1     2    10     7    19    10    12     9     2     5     0     0
     0     1     6     4     8     3     6     1     2     0     0     0
     3     3     5    19    40    12    22     6     6     3     0     2
     1     1    13    12    20     8    16     9     7     3     0     0
     2     5    17    24    59    28    28    19    17     2     0     8
     7    13    33    42    43    38    46    46    23    14     8     5
    16    15    28    28    51    50    54    38    25     9     9     8
    24    28    58    76   105    88    65    69    66    35    24    16
    19    27    58    70    79    82    69    52    72    40    22    27
    27    32    58    65   114   101   114   106    89    73    45    18
    14    14    19    48    53    61    73    70    38    38    33    13
    11    26    37    54    80    79   107    88    52    48    33    17
     2     6    13    17    25    30    34    35    19    16     7     6
     6     0     6    10    14    14    20    25    14    15     3     4
     0     2     1     8     7     6     6     9     4     7     6     2
     3     2     2     2     9     4     2     9     6     5     2     1
     5     0     5     8     8    10     3     5     4    11     3     3
     5     1     8    10     5     1     4     5     5     6     4     2
     5     2     3     7    17     2     1     6     7    12     8     5
     7     2     2     3     8     6     1     6     2     1     1     1
     7     6     4     6     9     8     2     2     5     8     2     4
     3     1     3     7    13    10     3     5     4     2     6     3
    10     5     5    12    10     8     7    15     7    14    12     9
     8     9     8    12    17     6     8    15     7    12    17    12
    11    14    12    18    19    12    16    13    19    17    17    10
    35    24    34    38    53    54    40    48    33    41    51    64
    56    60    57    60    89    76    76    71    63    60    57    71
    78    64    92   106   132   115   112   106   141   118    89    74
    48    64    56    61    96    86    85    81    91    87    63    69
    85    96   108   127   130   128   103    90   122   113    74   100
     7
    10    18    26    17    16    16    15    14    15    10     9    14
     2     8    16     9    18     8     9     7     8    10     3     6
     1     1     9    13     7     7     4     3     3     1     1     3
     1     2     4     5     8     2     4     4     0     1     0     3
     0     2     2     5     8     7     5     1     1     0     0     2
     1     0     3     5     0     2     3     2     1     0     0     2
     0     0     0     2    11     2     2     0     0     1     0     0
     0     0     1     4     3     1     0     2     0     0     0     0
     0     0     3     5    12     3     2     6     1     0     0     0
     0     0     2     4     4     8     6     3     0     0     0     1
     0     1     6     3    25     6    11     6     0     1     1     1
     4     2     7     5    20    15    13     5     5     3     1     2
     6     3    17    14    16    11    10     8     6     2     1     1
     3    11    12    22    33    26    24    18    22     7     9     1
     9    11    20    30    41    29    22    21    27    18    13     7
     8    18    20    45    60    50    38    48    60    22    10     9
     5     6    11    33    36    32    40    37    34    27    12     4
     4    13    17    47    57    60    44    60    28    32    18     5
     1     2     9    20    14    18    16    23    11    13     3     4
     0     1     7    11     8     4     9    10     6     9     3     1
     0     1     1     3     2     2     2     3     3     6     0     0
     1     0     2     2     2     3     0     1     5     4     0     0
     0     0     0     5     5     4     0     3     9     7     4     0
     3     1     1     2     4     1     1     2     5     1     0     3
     3     2     6     6     6     6     1     1     4     2     1     2
     1     0     3     2     1     2     0     2     1     1     0     1
     0     3     1     5     7     2     0     2     1     2     3     2
     3     2     1     1     2     1     0     2     1     4     1     2
     5     1     5     2    16     1     2     3     4     4     5     4
     6     1     5     4     4     3     7     4     4     7     9     5
    11     8     6    10     7    10     7     6     4    13    10     9
    21    24    21    29    31    28    21    17    23    26    41    23
    35    42    37    48    53    45    29    36    41    55    27    40
    58    55    77    65    80    76    64    60    74    82    71    60
    45    45    48    51    66    61    49    39    44    50    37    53
    32    61    75    52    64    57    48    55    51    64    56    56
     8
    14    20    24    16    10     6     9     6    10     8     3    12
     9     6     7    17    18     3    13     8     6     3     2     5
     1     1     3     7     4     5     2     3     0     0     0     0
     2     3     2     2     2     2     3     2     0     0     0     1
     0     1     0     1     8     2     4     3     0     1     0     0
     0     0     0     3     3     1     1     1     0     0     0     1
     0     0     0     4     7     1     3     0     0     0     0     0
     0     0     1     1     4     0     0     0     1     0     0     0
     0     0     2     3    12     1     3     2     0     0     0     0
     0     0     1     2     5     4     1     1     0     0     0     0
     0     0     5     7    14     4     8     2     0     1     0     1
     1     0     4     7    14     3    12     0     4     0     0     1
     7     3     4     9     8    11     4     2     6     3     2     1
     3    10    10    20    25     7     5     5    16     6     4     4
     2     6    21    28    10    22    13    10    15    10     6     1
     5    10    25    42    48    43    20    34    45    28     9     4
     7    11    13    43    48    31    35    30    33    33     9     1
    10     8    42    55    67    57    49    52    44    40    12    11
     2    12    20    15    24    21    16    22    11    13     2     2
     1     3    14    11     4     8     4     3     3     1     1     1
     2     0     1     4     4     1     1     1     4     4     3     2
     0     0     8     4     5     0     4     1     6     3     2     1
     3     0     8     8     9     3     0     1     4     3     1     3
     3     0     6     7     5     4     1     1     7     4     2     4
     6     2     4     1     3     5     1     2     9     6     2     9
     3     0     1     6     5     1     0     1     2     2     1     2
     5     1     3     0     4     4     1     6    12     7     2     6
     7     5     2     1     2     1     2     3     1     5     1     2
     7     6    10     7    14     2     1     1     5    11    10     8
    10     5    13     9    16     6     4     3     8     8    10     7
    13    11    11    23    20    11     7    10    21    25    15    12
    42    54    48    70    65    32    15    24    47    53    49    56
    76    69    89    97    84    69    56    46    64    94    77    64
   111   107   140   130   142   104    94    67   109   139   111   110
    51    78   105    78    82    64    41    52    76    93    50    63
    73    88   110   109    74    48    54    58    47    69    49    71
     9
     1     7     2     2     0     1     0     1     2     2     0     8
     1     4     1     2     6     4     2     1     0     0     0     0
     0     0     0     2     3     0     0     1     1     0     0     0
     0     0     0     0     0     0     0     0     0     0     0     0
     0     0     0     0     1     1     0     0     0     0     0     0
     0     0     0     0     0     0     0     0     0     0     0     0
     0     0     0     0     3     1     3     0     0     0     0     0
     0     0     0     1     0     0     1     1     0     0     0     0
     0     0     0     1     1     2     0     1     0     0     0     0
     0     0     0     0     0     0     0     0     0     0     0     0
     0     0     0     1     0     2     1     0     0     0     0     0
     0     0     1     5     1     0     1     0     1     0     0     0
     0     0     1     5     3     1     2     0     0     0     0     0
     1     1     0     6     0     1     1     0     0     0     0     0
     1     3     2     4     6     1     0     0     1     0     0     1
     1     3     3    13     8     4     1     7     4     3     2     5
     0     2     8    14    18     4     0    11     6     7     3     1
     0     1    18    17    26    12     3     6    14    15     3     3
     1     0     3     4     7     2     5     3     3     4     0     1
     0     4     1     2     2     0     0     3     0     1     0     0
     0     0     0     1     1     0     1     0     0     0     0     0
     0     0     0     2     2     0     0     0     2     1     1     0
     1     0     1     1     2     0     0     1     0     0     2     2
     0     0     1     0     0     0     0     0     1     0     0     0
     0     0     2     1     2     0     0     0     2     0     0     0
     1     0     0     1     1     1     0     0     0     0     1     0
     1     1     1     1     1     2     1     0     0     2     2     0
     1     0     3     0     1     2     0     0     0     0     0     0
     5     2     2     3     1     2     0     0     2     5     3     1
     5     1     3     4     8     4     2     0     1     1     3     1
     6     4     5    11     5     3     1     2     4     4     6     9
    28    19    24    34    38    16     4     5    16    34    22    17
    30    45    68    38    45    22    18    17    26    38    45    18
    38    38    65    66    53    29    16    25    38    55    53    50
    27    37    43    34    23    15    14    19    23    15    22    30
    19    27    39    29    18    11     7     9    10     6    15    18
    10
     5     3     2     0     0     0     1     0     2     1     1     1
     1     1     3     1     1     0     1     0     0     0     0     0
     0     0     0     0     0     0     1     1     0     0     0     0
     0     0     0     0     1     0     0     0     0     0     0     1
     0     0     0     0     0     0     0     0     0     0     0     0
     0     0     0     0     0     0     1     0     0     0     0     0
     0     0     0     0     0     0     0     0     0     0     0     0
     0     0     0     0     0     0     0     0     0     0     0     0
     0     0     0     0     0     0     1     0     0     0     0     0
     0     0     0     2     1     1     0     0     0     0     0     0
     0     0     0     1     0     0     0     0     1     0     0     0
     0     0     0     1     1     0     0     0     0     0     0     0
     0     0     0     1     1     1     0     0     0     1     0     0
     0     0     0     1     0     1     0     0     0     0     0     0
     1     0     1     4     2     1     1     0     1     0     0     2
     0     0     2     5     6     2     2     3     0     1     0     0
     0     4     1     4     5     2     2     0     3     2     0     1
     0     1     6     9    11     6     0     1     4     6     0     5
     0     1     1     4     6     0     1     2     1     0     0     0
     0     0     1     5     1     0     0     0     0     1     0     0
     0     0     0     1     4     0     0     0     0     0     0     0
     0     0     1     0     2     0     0     0     1     0     0     0
     1     0     3     1     0     0     0     0     2     0     3     0
     0     1     0     0     0     0     0     0     6     0     0     2
     0     0     1     2     2     1     0     2     1     0     0     1
     0     0     1     0     1     1     0     0     1     0     0     0
     1     0     2     3     1     1     0     0     0     1     2     3
     0     0     1     0     0     3     0     2     0     0     0     0
     4     2     4     2     1     1     0     1     1     2     0     3
     3     3     2     2     5     2     1     0     3     4     2     1
     5     7     7     9     8     3     1     2     5     8     5     8
    25    30    16    40    28    10     5     5    18    29    16    30
    37    38    42    39    50    19    14    14    27    36    31    20
    39    38    55    71    35    32    13    18    44    41    32    35
    12    27    30    21    13    20    12     8    21    19    22    27
    19    18    20    22    11     5     6     6     5     7     5    11
    11
     1     0     0     1     0     1     0     0     2     1     0     0
     1     1     1     3     2     0     1     0     0     0     0     0
     0     0     0     1     0     0     1     0     0     0     0     0
     0     0     0     0     0     0     0     0     0     0     0     0
     0     0     0     1     0     0     0     0     0     0     0     0
     0     0     0     0     0     0     0     1     0     0     0     0
     0     0     0     0     0     0     0     1     0     0     0     0
     0     0     0     0     0     0     0     0     0     0     0     0
     0     0     0     0     0     0     0     0     0     0     0     0
     0     0     0     0     0     0     0     0     0     0     0     0
     0     0     0     3     2     0     1     0     0     0     0     0
     0     0     0     1     0     0     0     1     0     0     0     0
     0     0     0     0     0     1     0     2     0     0     0     0
     0     0     0     0     0     0     0     0     0     0     0     0
     1     0     1     0     0     1     0     0     0     1     0     1
     0     0     1     2     6     1     0     0     1     1     0     1
     0     0     0     6     3     5     2     0     0     0     0     1
     0     0     8     4     4     1     0     0     3     1     1     0
     0     0     0     2     4     0     0     0     1     1     0     0
     0     0     1     1     1     0     1     0     0     0     0     0
     0     0     0     0     5     0     0     0     0     0     0     0
     0     0     0     0     0     0     1     0     1     0     0     0
     0     0     1     0     1     0     1     1     2     0     0     0
     2     0     1     0     0     0     1     0     3     1     0     0
     0     0     0     2     1     3     1     0     2     0     1     1
     2     0     0     0     0     0     0     0     0     0     0     2
     2     1     1     4     0     1     0     0     0     0     0     0
     2     0     2     2     0     1     0     4     0     0     0     1
     0     4     2     3     4     0     0     0     1     3     1     1
     6     0     6     3     4     1     0     2     2     1     2     2
     6     5     9    12     6     4     0     0     4     8     1     8
    25    25    29    52    27    15     7     6     6    30    21    29
    57    57    49    59    53    24     9    15    33    44    24    36
    50    55    77    79    33    29    15    12    32    45    45    33
    18    11    41    29    14    12     5     4    10    14    14    19
    11    18    12    10     6     1     1     1     5     1     7    15
    12
     0     0     0     0     0     0     1     0     0     0     0     0
     0     0     0     0     0     0     0     1     0     0     0     0
     0     0     0     0     0     0     0     0     0     0     0     0
     0     0     0     0     0     0     0     0     0     0     0     0
     0     0     0     0     1     0     0     0     0     0     0     0
     0     0     0     0     0     0     0     0     0     0     0     0
     0     0     0     0     1     0     0     0     0     0     0     0
     0     0     0     0     0     0     0     0     0     0     0     0
     0     0     0     0     0     1     1     0     0     0     0     0
     0     0     0     0     0     0     0     0     0     0     0     0
     0     0     0     0     0     0     0     0     0     0     0     0
     0     0     0     0     0     0     0     0     0     0     0     0
     0     0     0     0     0     0     0     0     0     0     0     0
     0     0     0     0     0     0     1     0     0     0     0     0
     0     0     0     2     1     0     0     1     0     0     0     0
     0     1     0     1     2     0     0     0     0     0     0     0
     0     0     0     0     0     0     0     0     0     0     0     0
     0     0     0     1     1     1     1     0     0     0     0     0
     0     0     0     1     3     1     0     0     0     0     0     0
     0     0     0     0     1     1     0     0     0     0     0     0
     0     0     0     0     1     0     0     0     0     0     0     0
     0     0     0     0     0     0     0     0     0     0     0     0
     0     0     0     0     0     0     0     0     1     0     0     0
     0     0     0     0     0     0     0     1     0     0     1     0
     2     0     0     2     0     0     0     2     0     0     0     0
     0     1     0     0     0     0     0     1     0     0     0     0
     0     2     0     1     0     0     0     1     0     0     0     0
     1     0     0     0     0     1     0     0     0     0     0     0
     2     1     0     2     0     0     0     1     2     1     1     1
     2     0     3     5     6     0     0     1     3     1     2     0
     5     5     8     6     7     4     0     0     1     1     2     9
    17    14    30    29    16     7     2     2    12    22    13    27
    39    31    40    45    32    10     7     6    18    37    23    25
    38    35    46    46    22    11     6     6    16    39    15    28
    14     7    18    17    15     3     2     2     2     4     4    16
    13     1     4     3     3     0     1     1     0     2     1     3
    13
     0     0     0     0     0     0     0     0     0     0     0     0
     0     0     0     0     0     0     0     0     0     0     0     0
     0     0     0     0     0     0     0     0     0     0     0     0
     0     0     0     0     0     0     0     0     0     0     0     0
     0     0     0     0     0     0     0     0     0     0     0     0
     0     0     0     0     0     0     0     0     0     0     0     0
     0     0     0     0     0     0     0     0     0     0     0     0
     0     0     0     0     0     0     0     0     0     0     0     0
     0     0     0     0     0     0     0     0     0     0     0     0
     0     0     0     0     0     0     0     0     0     0     0     0
     0     0     0     0     0     0     0     0     0     0     0     0
     0     0     0     0     0     0     0     0     0     0     0     0
     0     0     0     0     0     0     0     0     0     0     0     0
     0     0     0     0     0     0     0     0     0     0     0     0
     0     0     0     0     0     0     0     0     0     0     0     0
     0     0     0     1     0     0     0     0     0     0     0     0
     0     0     0     0     0     0     0     0     0     0     0     0
     0     0     0     0     0     0     0     0     0     0     0     0
     0     0     0     0     0     0     0     0     0     0     0     0
     0     0     0     0     0     0     0     0     0     0     0     0
     0     0     0     0     0     0     0     0     0     0     0     0
     0     0     0     0     0     0     0     0     0     0     0     0
     0     0     1     0     0     1     0     0     0     0     0     0
     0     0     0     0     0     0     0     0     0     0     0     0
     0     0     0     1     0     0     0     0     0     0     0     0
     0     0     1     0     0     0     0     0     0     0     0     1
     0     0     0     0     0     0     0     0     0     0     0     1
     0     0     0     0     0     0     0     1     0     0     0     0
     2     1     0     0     0     0     0     0     0     0     0     0
     1     0     0     1     0     0     0     1     0     0     0     0
     0     2     2     3     2     0     0     1     0     1     0     1
    11     6     6     7     2     2     0     0     1     6     2    15
    11     7    16    18     4     2     3     2     6    12     5     6
     7    10    11    15     5     4     0     2     1     5     6    13
     1     3     1     2     2     0     0     0     0     0     0     5
     0     0     0     1     0     0     0     0     0     0     0     2
    14
     0     0     0     0     0     0     0     0     0     0     0     0
     0     0     0     0     0     0     0     0     0     0     0     0
     0     0     0     0     0     0     0     0     0     0     0     0
     0     0     0     0     0     0     0     0     0     0     0     0
     0     0     0     0     0     0     0     0     0     0     0     0
     0     0     0     0     0     0     0     0     0     0     0     0
     0     0     0     0     0     0     0     0     0     0     0     0
     0     0     0     0     0     0     0     0     0     0     0     0
     0     0     0     0     0     0     0     0     0     0     0     0
     0     0     0     0     0     0     0     0     0     0     0     0
     0     0     0     0     0     0     0     0     0     0     0     0
     0     0     0     0     0     0     0     0     0     0     0     0
     0     0     0     0     0     0     0     0     0     0     0     0
     0     0     0     0     0     0     0     0     0     0     0     0
     0     0     0     0     0     0     0     0     0     0     0     0
     0     0     0     0     0     0     0     0     0     0     0     0
     0     0     0     0     0     0     0     0     0     0     1     0
     0     0     0     0     0     0     0     0     0     0     0     0
     0     0     0     0     0     0     0     0     0     0     0     0
     0     0     0     0     0     0     0     0     0     0     0     0
     0     0     0     0     0     0     0     0     0     0     0     0
     0     0     0     0     0     0     0     0     0     0     0     0
     0     0     1     0     0     0     1     0     0     0     0     0
     0     0     1     0     0     0     0     0     0     0     0     0
     2     1     0     3     0     0     0     0     0     0     0     0
     1     0     0     0     0     0     0     0     0     0     0     0
     2     1     0     0     0     0     0     0     0     0     0     1
     0     0     0     0     0     0     0     0     0     0     0     0
     0     0     1     2     0     0     0     0     0     0     0     0
     0     0     0     1     0     0     0     0     1     0     0     0
     0     1     3     6     0     0     0     3     0     2     0     4
    12     6    13    15     5     2     0     0     2     1     3    13
     9    12    16    33     7     2     0     3     3     9     9     9
     9     6    19     9     6     0     0     1     0     6     6     7
     1     4     4     6     0     1     2     0     0     2     0     3
     2     0     3     1     0     0     0     0     0     0     0     0
    15
     0     0     0     0     0     0     0     0     0     0     0     0
     0     0     0     0     0     0     0     0     0     0     0     0
     0     0     0     0     0     0     0     0     0     0     0     0
     0     0     0     0     0     0     0     0     0     0     0     0
     0     0     0     0     0     0     0     0     0     0     0     0
     0     0     0     0     0     0     0     0     0     0     0     0
     0     0     0     0     0     0     0     0     0     0     0     0
     0     0     0     0     0     0     0     0     0     0     0     0
     0     0     0     0     0     0     0     0     0     0     0     0
     0     0     0     0     0     0     0     0     0     0     0     0
     0     0     0     0     0     0     0     0     0     0     0     0
     0     0     0     0     0     0     0     0     0     0     0     0
     0     0     0     0     0     0     0     0     0     0     0     0
     0     0     0     0     0     0     0     0     0     0     0     0
     0     0     0     0     0     0     0     0     0     0     0     0
     0     0     0     0     0     0     0     0     0     0     0     0
     0     0     0     0     0     0     0     0     0     0     0     0
     0     0     0     0     0     0     0     0     0     0     0     0
     0     0     0     0     0     0     0     0     0     0     0     0
     0     0     0     0     0     0     0     0     0     0     0     0
     0     0     0     0     0     0     0     0     0     0     0     0
     0     0     0     0     0     0     0     0     0     0     0     0
     0     0     0     0     0     0     0     0     0     0     0     0
     0     0     0     0     0     0     0     0     0     0     0     0
     2     0     0     0     0     0     0     1     0     0     0     0
     0     0     0     0     0     0     0     0     0     0     0     0
     0     0     0     3     0     0     0     0     0     0     0     0
     0     0     0     0     0     0     0     0     0     0     0     0
     0     0     0     1     0     0     0     0     0     0     0     0
     0     0     0     0     0     0     0     0     0     0     0     0
     0     0     0     3     0     0     0     0     0     0     0     0
     6     0     4     8     0     0     0     0     1     1     5     2
     5     4     7    12     0     0     0     0     3     1     3     3
     4     0     7     3     4     1     0     0     0     6     1     1
     0     2     0     1     1     0     0     0     0     0     0     1
     0     0     0     0     0     0     0     0     0     0     0     0
    16
     0     0     0     0     0     0     0     0     0     0     0     0
     0     0     0     0     0     0     0     0     0     0     0     0
     0     0     0     0     0     0     0     0     0     0     0     0
     0     0     0     0     0     0     0     0     0     0     0     0
     0     0     0     0     0     0     0     0     0     0     0     0
     0     0     0     0     0     0     0     0     0     0     0     0
     0     0     0     0     0     0     0     0     0     0     0     0
     0     0     0     0     0     0     0     0     0     0     0     0
     0     0     0     0     0     0     0     0     0     0     0     0
     0     0     0     0     0     0     0     0     0     0     0     0
     0     0     0     0     0     0     0     0     0     0     0     1
     0     0     0     0     0     0     0     0     0     0     0     0
     0     0     0     0     0     0     0     0     0     0     0     0
     0     0     0     0     0     0     0     0     0     0     0     0
     0     0     0     0     0     0     0     0     0     0     0     0
     0     0     0     0     0     0     0     0     0     0     0     0
     0     0     0     0     0     0     0     0     0     0     0     0
     0     0     0     0     0     0     0     0     0     0     0     0
     0     0     0     0     0     0     0     0     0     0     0     0
     0     0     0     0     0     0     0     0     0     0     0     0
     0     0     0     0     0     0     0     0     0     0     0     0
     0     0     0     0     1     0     0     0     0     0     0     0
     0     0     0     0     0     0     0     0     0     0     0     0
     0     0     0     0     0     0     0     0     0     0     0     0
     0     0     0     0     0     0     0     0     0     0     0     0
     3     0     0     0     0     0     0     0     0     0     0     0
     0     0     0     0     0     0     0     0     0     0     0     0
     0     0     0     0     0     0     0     0     0     0     0     0
     0     1     0     0     0     1     0     0     0     0     0     0
     0     0     1     0     0     0     0     1     0     0     0     0
     0     0     0     4     1     0     0     0     1     0     0     0
     4     3     9     6     0     0     0     0     0     1     1     1
     5     1    12     8     2     0     0     0     1     2     3     6
     6     4     9     2     1     0     0     0     1     3     0     1
     2     0     2     3     0     0     0     0     0     1     0     0
     0     0     0     0     0     0     0     0     0     0     0     0
    17
     0     0     0     0     0     0     0     0     0     0     0     0
     0     0     0     0     0     0     0     0     0     0     0     0
     0     0     0     0     0     0     0     0     0     0     0     0
     0     0     0     0     0     0     0     0     0     0     0     0
     0     0     0     0     0     0     0     0     0     0     0     0
     0     0     0     0     0     0     0     0     0     0     0     0
     0     0     0     0     0     0     0     0     0     0     0     0
     0     0     0     0     0     0     0     0     0     0     0     0
     0     0     0     0     0     0     0     0     0     0     0     0
     0     0     0     0     0     0     0     0     0     0     0     0
     0     0     0     0     0     0     0     0     0     0     0     0
     0     0     0     0     0     0     0     0     0     0     0     0
     0     0     0     0     0     0     0     0     0     0     0     0
     0     0     0     0     0     0     0     0     0     0     0     0
     0     0     0     0     0     0     0     0     0     0     0     0
     0     0     0     0     0     0     0     0     0     0     0     0
     0     0     0     0     0     0     0     0     0     0     0     0
     0     0     0     0     0     0     0     0     0     0     0     0
     0     0     0     0     0     0     0     0     0     0     0     0
     0     0     0     0     0     0     0     0     0     0     0     0
     0     0     0     0     0     0     0     0     0     0     0     0
     0     0     0     0     0     0     0     0     0     0     0     0
     0     0     0     0     0     0     0     0     0     0     0     0
     0     0     0     0     0     0     0     0     0     0     0     0
     0     0     0     0     0     0     0     0     0     0     0     0
     0     0     0     0     0     0     0     0     0     0     0     0
     0     0     0     0     0     0     0     0     0     0     0     0
     0     0     0     0     0     0     0     0     0     0     0     0
     0     0     0     0     0     0     0     0     0     0     0     0
     0     0     0     0     0     0     0     0     0     0     0     0
     0     0     0     0     1     0     0     0     0     0     0     0
     2     0     1     1     0     0     0     0     0     0     0     0
     0     0     3     6     0     0     0     0     0     0     0     0
     0     1     1     0     0     0     0     0     0     0     0     0
     0     0     0     0     0     0     0     0     0     0     0     0
     0     0     0     0     0     0     0     0     0     0     0     0
    18
     0     0     0     0     0     0     0     0     0     0     0     0
     0     0     0     0     0     0     0     0     0     0     0     0
     0     0     0     0     0     0     0     0     0     0     0     0
     0     0     0     0     0     0     0     0     0     0     0     0
     0     0     0     0     0     0     0     0     0     0     0     0
     0     0     0     0     0     0     0     0     0     0     0     0
     0     0     0     0     0     0     0     0     0     0     0     0
     0     0     0     0     0     0     0     0     0     0     0     0
     0     0     0     0     0     0     0     0     0     0     0     0
     0     0     0     0     0     0     0     0     0     0     0     0
     0     0     0     0     0     0     0     0     0     0     0     0
     0     0     0     0     0     0     0     0     0     0     0     0
     0     0     0     0     0     0     0     0     0     0     0     0
     0     0     0     0     0     0     0     0     0     0     0     0
     0     0     0     0     0     0     0     0     0     0     0     0
     0     0     0     0     0     0     0     0     0     0     0     0
     0     0     0     0     0     0     0     0     0     0     0     0
     0     0     0     0     0     0     0     0     0     0     0     0
     0     0     0     0     0     0     0     0     0     0     0     0
     0     0     0     0     0     0     0     0     0     0     0     0
     0     0     0     0     0     0     0     0     0     0     0     0
     0     0     0     0     0     0     0     0     0     0     0     0
     0     0     0     0     0     0     0     0     0     0     0     0
     0     0     0     0     0     0     0     0     0     0     0     0
     0     0     0     0     0     0     0     0     0     0     0     0
     0     0     0     0     0     0     0     0     0     0     0     0
     0     0     0     0     0     0     0     0     0     0     0     0
     0     0     0     0     0     0     0     0     0     0     0     0
     1     0     0     0     0     0     0     0     0     0     0     0
     0     0     0     0     0     0     0     0     0     0     0     0
     0     0     0     0     1     0     0     0     1     0     0     0
     0     0     3     1     0     0     0     0     0     0     0     0
     0     0     5     0     0     0     0     0     0     0     0     0
     1     0     2     0     0     0     0     0     0     0     0     0
     1     0     0     0     0     0     0     0     0     0     0     0
     0     0     0     0     0     0     0     0     0     0     0     0
    19
     0     0     0     0     0     0     0     0     0     0     0     0
     0     0     0     0     0     0     0     0     0     0     0     0
     0     0     0     0     0     0     0     0     0     0     0     0
     0     0     0     0     0     0     0     0     0     0     0     0
     0     0     0     0     0     0     0     0     0     0     0     0
     0     0     0     0     0     0     0     0     0     0     0     0
     0     0     0     0     0     0     0     0     0     0     0     0
     0     0     0     0     0     0     0     0     0     0     0     0
     0     0     0     0     0     0     0     0     0     0     0     0
     0     0     0     0     0     0     0     0     0     0     0     0
     0     0     0     0     0     0     0     0     0     0     0     0
     0     0     0     0     0     0     0     0     0     0     0     0
     0     0     0     0     0     0     0     0     0     0     0     0
     0     0     0     0     0     0     0     0     0     0     0     0
     0     0     0     0     0     0     0     0     0     0     0     0
     0     0     0     0     0     0     0     0     0     0     0     0
     0     0     0     0     0     0     0     0     0     0     0     0
     0     0     0     0     0     0     0     0     0     0     0     0
     0     0     0     0     0     0     0     0     0     0     0     0
     0     0     0     0     0     0     0     0     0     0     0     0
     0     0     0     0     0     0     0     0     0     0     0     0
     0     0     0     0     0     0     0     0     0     0     0     0
     0     0     0     0     0     1     0     0     0     0     0     0
     1     0     0     0     0     0     0     0     0     0     0     0
     0     0     0     0     0     0     0     0     0     0     0     0
     0     0     0     0     0     0     0     0     0     0     0     0
     0     0     0     0     0     0     0     0     0     0     0     0
     0     0     0     0     0     0     0     0     0     0     0     0
     0     0     0     0     0     0     0     0     0     0     0     0
     0     0     0     0     0     0     0     0     0     0     0     0
     0     0     2     0     0     0     0     0     0     0     0     0
     0     0     1     2     0     0     0     0     0     0     0     0
     0     0     4     0     0     0     0     0     1     0     0     0
     1     0     2     0     0     0     0     0     0     0     0     0
     0     0     0     0     0     0     0     0     0     0     0     0
     0     0     0     0     0     0     0     0     0     0     0     0
    20
     0     1     0     0     0     0     0     0     0     0     0     0
     0     0     0     0     0     0     0     0     0     0     0     0
     0     0     0     0     0     0     0     0     0     0     0     0
     0     0     0     0     0     0     0     0     0     0     0     0
     0     0     0     0     0     0     0     0     0     0     0     0
     0     0     0     0     0     0     0     0     0     0     0     0
     0     0     0     0     0     0     0     0     0     0     0     0
     0     0     0     0     0     0     0     0     0     0     0     0
     0     0     0     0     0     0     0     0     0     0     0     0
     0     0     0     0     0     0     0     0     0     0     0     0
     0     0     0     0     0     0     0     0     0     0     0     0
     0     0     0     0     0     0     0     0     0     0     0     0
     0     0     0     0     0     0     0     0     0     0     0     0
     0     0     0     0     0     0     0     0     0     0     0     0
     0     0     0     0     0     0     0     0     0     0     0     0
     0     0     0     0     0     0     0     0     0     0     0     0
     0     0     0     0     0     0     0     0     0     0     0     0
     0     0     0     0     0     0     0     0     0     0     0     0
     0     0     0     0     0     0     0     0     0     0     0     0
     0     0     0     0     0     0     0     0     0     0     0     0
     0     0     0     0     0     0     0     0     0     0     0     0
     0     0     0     0     0     0     0     0     0     0     0     0
     0     0     0     0     0     0     0     0     0     0     0     0
     0     0     0     0     0     0     0     0     0     0     0     0
     0     0     0     0     0     0     0     0     0     0     0     0
     0     0     0     0     0     0     0     0     0     0     0     0
     0     0     0     0     0     0     0     0     0     0     0     0
     0     0     0     0     0     0     0     0     0     0     0     0
     0     0     0     0     0     0     0     0     0     0     0     0
     0     0     0     1     0     0     0     0     0     0     0     0
     0     0     0     0     0     0     0     0     0     0     0     0
     0     0     0     1     0     0     0     0     0     0     0     0
     0     0     0     0     0     0     0     0     0     0     0     0
     0     0     0     0     0     0     0     0     0     0     0     0
     0     0     0     0     0     0     0     0     0     0     0     0
     0     0     0     0     0     0     0     0     0     0     0     0
