21
Great Falls, MT 24143
     0
     -10.700      -6.700      -1.200       3.900       8.800      13.800
      18.200      17.200      10.600       6.600      -1.200      -8.900
       -.700       1.700       3.900       8.800      13.300      18.200
      22.700      22.200      16.100      11.600       4.400       -.700
       5.000       6.600       8.300      13.800      17.700      23.200
      27.200      27.200      21.700      16.100       8.800       5.000
      46.000      42.000      37.000      30.000      31.000      31.000
      25.000      24.000      28.000      30.000      38.000      46.000
      59.000      57.000      54.000      42.000      45.000      44.000
      37.000      35.000      41.000      41.000      50.000      60.000
      70.000      71.000      73.000      63.000      68.000      62.000
      53.000      52.000      62.000      59.000      69.000      71.000
       2.700       2.700       2.700       2.700       2.400       2.400
       2.400       2.400       2.400       2.700       3.100       3.100
       5.200       4.800       4.400       4.400       3.500       3.500
       3.100       3.100       3.500       4.400       4.800       5.200
       7.600       7.200       6.300       5.900       5.500       4.800
       4.400       4.400       5.200       6.300       7.200       7.600
     230.000     230.000     240.000     240.000     250.000     240.000
     260.000     250.000     240.000     240.000     230.000     230.000
     1
      -3.211       -.548       3.073       9.007      13.539      18.683
      22.496      22.129      16.105      11.307       3.068      -2.783
      58.506      56.988      54.931      47.255      49.684      47.467
      40.709      40.261      46.475      46.277      53.484      58.842
     2
    16    16    17    17    20    14    25    21    20    10    12     4
    24    16    29    21    26    28    41    37    19    17    12    16
    14    19    18    16    19    22    29    27    18    14     8     9
     9    15    28    20    23    24    30    39    24    14    12    16
    25    23    22    38    45    40    52    44    28    20    10    20
    11    24    16    15    30    21    35    25    17    15    13    20
     7    15    18    20    33    27    40    34    29    16     8    14
     9    14    16    15    18    18    19    26     7    12     9    12
    11    17    26    27    35    44    36    43    26    17    21    15
    20    17    11    16    17    33    28    31    19    10     2    14
    14    23    23    26    36    29    34    36    22    15    21    15
    13    12    14    19    25    19    22    26    18    14    13    14
    13    13    13    12    20    24    21    16    18    13    12    18
    14    12    21    23    41    35    27    22    16    11     7     5
     7     5    14     7    19    12    17    21     9    12    10     7
     4    12    12    13    23    24    22    32    13    17     8     7
     3     4     7    11    20    15    18    18    15    14     5     2
     7    14    19    29    36    45    41    31    24    17     8    10
     8    11     8    14    20    20    27    22    19    11    11     5
    13    10    15    21    32    47    40    37    21    15    15    15
     6    11    24     8    26    25    31    33    21    15     5     9
    20    16    21    13    26    29    35    36    20    17    13    12
    29    24    29    28    45    51    77    55    34    25    29    22
    19    31    18    10    44    46    54    40    35    18    22    15
    25    33    29    21    37    41    54    33    33    24    19    13
    20    27    21    21    30    26    34    27    21    12    14    13
    26    18    13    27    40    54    54    47    31    28    16    18
    13    11    29    17    30    22    32    23    19    12    10     7
    18    16    20    24    35    33    48    29    24    26     9    19
    14    14    17     7    32    34    27    22    20    16     9    11
    12     9    20    19    20    21    21    15    23    15    10    14
    11    28    12    15    34    43    40    29    26    13    10    15
    22     7    20    15    30    24    17    32    19     8    10    12
    26    19    31    28    41    24    40    42    31    22    21    14
    15     7    28    12    26    18    23    37    20    13    18    20
    24    18    33    22    43    39    43    54    47    14    18    24
     3
    15    25    36    24    59    42    71    56    44    29    27    10
    33    26    40    48    62    72    87   101    65    35    22    38
    24    25    51    36    48    52    82    67    65    27    19    22
    33    40    66    56    69    69    90   111    70    29    33    25
    53    75    88    62   104    81   160   153   115    44    41    59
    38    40    49    61    54    90   131   140    87    58    26    26
    28    43    52    50    87    99   138   150   119    57    37    31
    21    26    34    34    58    58    94    66    65    28    21    17
    25    34    64    57    84    76   115   115    56    51    26    25
    19    34    54    50    59    64    83    74    38    23    29    21
    21    42    65    52    74    93   101    76    61    39    20    47
    25    20    37    45    67    57    68    57    51    21    29    29
    19    14    20    27    39    66    65    46    28    16    10     8
    14    23    34    35    51    65    64    43    31    24    15     9
     4    11     9    15    19    38    38    22    19     8     8     8
     4     9    16    19    31    44    57    38    21    18     7     4
     7    12    18    27    35    41    29    24    17    16     9     4
     9    13    39    66    74    80    90    61    56    32    27     8
    13    22    37    52    57    73    76    42    44    27    25    14
    27    40    58    86    83    93   105   108    71    56    40    32
    35    34    38    48    70    96    78    98    67    50    36    25
    47    59    55    61    98   125   131   114    96    70    51    32
    80    69    93   101   157   187   248   218   136   118    82    61
    65    59    82    78   136   161   190   167   114    85    74    58
    49    48    76    69   132   126   151   147    86    77    54    50
    23    28    37    39    65   105   108    79    64    45    25    30
    35    35    47    53    68   116   121   119    72    47    38    34
    17    28    38    37    58    72    84    74    58    26    26    13
    14    27    41    54    74   123   104    90    62    40    31    17
    18    31    32    46    75    91    80    80    57    32    33    21
    22    21    29    39    68    77    74    60    47    36    30    18
    34    32    59    48    91    93   130   112    74    44    36    32
    40    37    50    40    69    64    98    74    46    22    39    19
    34    53    60    51    76   104   108   104    77    46    36    39
    38    28    39    45    60    64    73    73    62    31    37    23
    35    50    80    65    87    85    89   113    72    45    35    41
     4
     5    21    15    14    25    16    38    26    28     7     9    13
     9    29    29    18    49    21    51    46    33    27     9    12
     9     9    23    38    42    34    44    52    28    22     8    13
    12    21    38    30    42    37    49    37    34    22    13    13
    22    45    38    55    89    67    90    85    45    40    19    19
    19    22    37    37    49    57    80    66    54    30    18    15
    14    18    29    35    54    51    98   100    68    33    21    16
     6     9    20    18    25    48    56    47    15    18     6     5
     9    15    31    36    34    55    75    54    29    11    15    12
     8    15    27    22    22    34    48    31    19     6     6    11
    12    19    29    23    28    46    42    24     8     7     9    17
     3    10    18    21    19    49    33    29    10     4     9     3
     0     5     4     6    11    27    11    17     6     5     2     1
     1     1     3    15    18    36    26    11     3     4     1     0
     3     2     0    10     6     6    15     8     2     2     5     1
     0     4     6    13    17    33     5    11     6     5     3     0
     1     1     8    12    20    11    12     8     6     4     5     0
     8    18    21    21    35    48    40    30    22    16    13     9
     8    12    19    30    32    56    32    30    32    19     8    10
    20    25    45    55    71    67    48    57    64    57    39    29
    32    36    53    48    60    95    86    56    50    70    46    31
    48    55    71    84    95   117   121    90   101   100    61    47
    69    96   100   113   143   176   176   133   135   129    99    67
    45    52    53    87    93   111   128    94    81    88    44    38
    38    33    46    69    88   102    88    96    67    43    30    33
    12    17    24    30    66    59    58    44    37    27    16    19
    16    16    25    37    70    80    59    60    41    27    19    12
    14    12    14    30    40    47    55    43    32    22    15    11
    11    19    23    33    45    62    68    62    40    19    23    13
    10    19    27    28    49    47    80    57    42    20    17    11
    12    18    24    46    45    51    54    55    32    25    20    17
    17    14    30    34    48    54    72    55    60    27    20    12
    19    18    37    30    39    39    43    46    29    19    20    28
    23    31    39    26    54    53    69    48    38    24    23    28
    17    21    35    35    34    25    44    49    24     9    14    22
    19    36    40    36    39    37    46    45    40    18    15    19
     5
     6    19    17    21    20    14    17    28    22    11    11    13
    17    22    22    43    47    37    40    44    26    15    12     5
    11    12    15    33    41    36    30    25    17    22    12     6
    10    16    18    44    41    38    40    45    29    14    10     3
    19    32    39    76   107    76    94    60    48    26    22     9
    13    11    15    45    60    43    85    48    25    14     5    11
    16    16    27    43    89    76    82    46    36    17     4     9
     1     6     8    23    29    44    38    37    12     5     2     6
     2     8    11    23    35    49    51    28     8     6     5     3
     3    11     9    12    17    32    29    16     0     2     1     2
     4    10     8    15    24    28    20    11     2     2     5     3
     3     2     3    14    14    14    15    16     3     3     0     2
     1     2     5     5    12    17    14     4     3     0     0     0
     0     0     3     6    19    18    14     8     2     0     1     0
     0     2     0     5     9    10    16     1     0     0     0     0
     0     0     4     6    10    13     6     7     5     2     1     1
     1     1     7     6    15    10    11     7     6     3     2     1
     1    17    29    21    37    50    35    22    28    14    19     7
     5    26    29    41    28    33    24    32    16    26    23     9
    33    65    87    69    69    85    68    73    85   101    96    47
    77    91    94   109    84   130    99    80    97   149   106    82
    93   124   137   138   131   162   145   123   147   179   152   111
   177   185   220   223   191   273   240   183   260   250   208   176
    90    72   127   130   137   161   123   131   121   131   112    91
    53    46    80   125    88   142   106    85    86    86    58    55
    15    23    36    63    70    87    54    54    50    46    24    15
    16    23    53    90    73    88    78    74    52    35    23    19
     4    11    24    33    52    65    50    57    40    21    17     5
    12    27    42    69    82    83    81    81    46    21    16    10
    20    15    31    47    60    79    77    81    45    30    15    14
    10     9    29    50    46    52    66    65    46    22    13    21
    24    27    68    54    77    75    90    75    40    31    24    36
    26    20    51    51    60    45    44    27    48    24    26    34
    26    27    59    55    64    57    48    54    54    44    25    32
    10    16    26    45    39    32    34    34    29    32    15    25
    24    34    48    62    48    51    48    36    37    25    15    23
     6
     1     7     9     9    16     6     7    11     6     8     3     1
     5     2    17    15    20     8    11     9     2     3     5     2
     0     4    10    17    16     9    13     6     6     1     1     0
     7     6     9    26    27    12     9     9    10     2     2     2
     7     5    20    30    28    21    14    15    17     6     6     3
     2     6     3    30    25    17    15     6    14     1     3     3
     1     3     1    18    34    18    12    17     6     1     2     0
     0     0     1     2     2    12     4     7     1     0     0     0
     0     1     2     8    17     7     7     2     1     2     0     1
     0     0     3     5     6     9    10     5     1     0     1     0
     0     0     1     7    12     5     5     4     3     1     2     0
     0     0     4     6     6     4     6     4     1     0     1     0
     0     0     0     2     9     3     4     2     0     0     0     0
     0     0     0     2     5     7     4     1     0     0     0     0
     0     1     0     0     6     3     6     1     0     0     0     0
     0     0     0     1     1     2     8     2     1     1     1     1
     0     0     5     3     5     2     5     0     4     1     0     1
     0     0    12    20    15    10    12    15     9    13     7     5
     7    15    19    25    23    24    10    15    11    15    22    13
    35    59    67    70    35    38    27    34    40    81    70    36
    85    99   107    70    55    42    43    52    67    87    91    83
   142   149   167   105   102    97    99    77   141   200   167   132
   205   232   210   187   161   210   159   110   197   364   242   209
    98    96   101   148   134   155   101    79   115   146   115    95
    40    55    89   131    91   106    92    64    89   107    74    44
    19    30    29    71    74    65    59    51    57    39    27    19
    16    29    34    71    74    74    66    57    44    41    22    11
     8    11    18    31    50    39    39    29    33    14    10     8
    11    17    20    41    52    43    58    44    23    19    11    10
     7     7    14    32    38    27    38    37    23    18     5     7
     6     9    21    21    38    32    30    23    20    16     9     7
    10    12    38    37    57    41    46    40    32    27    12    20
    19    17    33    52    38    17    19    22    34    27    11    24
    25    23    28    52    46    30    18    27    37    28    19    24
     9    15    16    28    28    17    14    18    18    11     7    11
     7    12    17    33    31    10    13    22    17    12     8     3
     7
     1     0     2     0     4     6     0     2     1     1     2     0
     2     0     5     4     5     2     4     1     1     0     1     0
     0     1     7     6     2     4     4     1     2     2     0     0
     0     2     2     9     9     4     2     0     0     0     0     0
     1     2     3    12     9     6     3     0     4     0     1     0
     0     5     1     3     9     0     4     0     2     0     0     0
     0     1     0     6     6     5     4     0     2     0     0     0
     0     0     0     1     4     3     1     0     0     0     0     0
     0     0     0     1     5     5     2     0     1     0     0     0
     0     0     0     4     2     2     3     2     1     0     0     0
     0     0     0     2     5     2     1     0     0     0     0     0
     0     0     0     2     2     3     2     1     0     0     0     0
     0     0     0     0     4     0     0     0     0     0     0     0
     0     0     0     0     0     2     0     1     0     0     0     0
     0     0     0     0     1     0     0     1     0     0     0     0
     1     0     0     0     3     1     1     0     0     0     0     0
     0     1     0     4     0     1     1     2     0     0     1     0
     0     4    10     5     3     3     3     4     3     4     2     1
     3     2     6    12     5     6     8     5     5     8     9     6
    16    21    27    30    19     9     6     9    20    26    41    26
    47    51    51    39    17    13    10    22    32    49    50    32
    92   119    93    60    41    53    46    44    58   103    99   100
   130   148   139    99    74   103    59    52    92   191   191   136
    63    48    63   103    94    82    43    50    66    79    69    60
    32    24    55    60    52    77    49    28    43    52    42    33
    11    20    25    46    30    38    35    28    24    24    18     8
     6     9    19    24    45    47    31    36    27    26     5     9
     5     9     5    27    29    20    19    20     9    14     6     4
     8    16    10    23    14    18    17    20    16     8     7     1
     3     6     2     8    18     4    16     6     4     3     0     0
     3     2    10    15    12     9    13     9    10     3     3     0
    13     7    17    13    20    11     8    11    17     5     1     9
     6     4    17    17    14     9     7    10    10    14     3    10
    10     6    28    19    18     6     5     6     9     6     7     4
     2     3    12    12     7     1     7     3     4     4     4     5
     1     6     5    13     5     4     4     0     7     4     1     1
     8
     1     2     0     3     2     0     1     1     0     1     1     1
     3     0     3     4     2     0     1     2     1     1     0     0
     1     0     1     1     5     1     3     1     0     0     0     0
     0     0     1     6     3     2     2     1     0     0     0     0
     2     0     1    16     4     5     0     0     1     0     0     0
     0     2     1     2     6     2     1     1     1     0     0     0
     0     0     0     7     4     0     1     2     1     0     0     0
     0     0     0     0     1     0     1     1     0     0     0     0
     0     0     0     2     5     1     0     2     0     0     0     0
     0     0     0     2     3     2     0     0     0     0     0     0
     0     0     0     3     5     2     2     1     1     0     0     0
     0     0     0     4     2     3     4     0     0     0     0     0
     0     0     0     1     0     0     0     0     0     0     0     0
     0     0     1     0     1     0     2     1     0     0     0     0
     0     0     0     0     0     0     0     0     0     0     0     0
     0     0     1     0     1     1     1     0     0     0     0     0
     0     0     0     2     1     1     1     1     0     0     0     0
     1     1     9    17     1     7     5     6     4     1     7     2
     2     4     8     6     6     3     2     3     4     9     9     4
    31    31    39    26     8    12     5     8    27    25    50    31
    74    60    38    27    26    14    11     9    20    38    53    54
   162   186   117    73    38    36    26    30    55   131   166   171
   328   269   190   173    99    92    63    52   115   242   281   251
    94    97   118   122   111    85    54    61   103   123   137    96
    61    64   104   108    83    69    57    51    67    76    77    51
    16    26    50    64    70    53    41    36    23    34    34    14
    19    36    52    62    57    50    36    38    33    35    23    11
     8     9    20    28    33    19    23    16    20    10    10     7
     8    15    13    28    20    18    21    18    11     7     3     3
     5     4     9    20    17     7    13     7    13     2     2     0
     7     0     9    20    20    10     4     8     4     2     6     1
     6    10    15    23    23    14     9     4    14     8     6     9
    11     7    18    22    15    10     5     3     7     4     8    10
    14     3    22    23    14     7     4     6    20     6     4     8
     4     5    15    12    17     5     3     4     7     2     3     1
     0     5     5    13     5     1     4     3    11     0     2     0
     9
     0     0     1     1     0     0     1     0     0     1     0     0
     0     0     0     1     1     0     0     0     0     1     0     0
     0     0     0     1     0     0     1     0     0     0     1     0
     0     0     0     0     0     0     0     0     0     0     0     0
     0     0     0     0     0     0     0     0     0     0     0     0
     0     0     0     0     0     0     0     0     0     0     0     0
     0     0     0     0     0     0     0     0     0     0     0     0
     0     0     0     0     0     0     0     0     0     0     0     0
     0     0     0     2     0     0     0     0     0     0     0     0
     0     0     0     0     0     1     0     0     0     0     0     0
     0     0     0     2     1     0     0     0     0     0     0     0
     0     0     0     0     2     0     1     0     0     0     0     0
     0     0     0     0     0     0     0     0     0     0     0     0
     0     0     0     0     0     0     0     0     0     0     0     0
     0     0     0     0     0     0     0     0     0     0     0     0
     0     0     0     0     0     0     0     1     0     0     0     0
     0     0     0     0     0     0     0     0     0     0     0     0
     0     2     2     3     3     1     1     1     0     2     2     1
     2     1     1     4     2     2     0     0     0     1     1     2
     2     1     6     4     0     0     0     3     2     9     9    15
    22    28     6    12     4     3     1     1     5    10    14    18
    71    65    38    19    11     9     4    13    16    49    62    75
   129    88    77    38    34    22    17    18    29    89    97   121
    33    46    46    37    37    24    16    15    23    49    56    49
    20    20    37    28    18    17    20    24    16    34    29    14
    10    10    13    21    16    16    15    11    10    16    16    10
     6    11    20    19    22     9     5    11     7    19    12     5
     5     5     8     8    11     4     4     8     4     4     3     2
     4     4     3    11     6     1     3     3     5     7     3     1
     0     0     2     1     2     0     0     2     0     2     1     1
     0     0     8     3     3     2     1     0     2     1     0     1
     2     0     6     8     1     1     2     3     0     3     4     1
     0     3     5     6     2     3     1     2     1     0     0     2
     2     1     4     0     4     0     0     0     2     1     1     1
     0     2     6     1     3     0     1     3     0     0     0     1
     0     0     0     3     4     1     1     1     0     0     0     0
    10
     0     0     1     0     0     0     0     0     0     0     0     0
     0     0     0     0     1     0     1     0     0     0     0     0
     0     0     0     0     0     0     0     0     0     0     0     0
     0     0     0     1     0     0     0     0     0     0     0     0
     0     0     0     0     0     0     0     0     0     0     0     0
     0     0     0     1     0     0     0     0     0     0     0     0
     0     0     0     1     0     0     0     0     0     0     0     0
     0     0     0     0     0     0     0     0     0     0     0     0
     0     0     0     2     0     0     0     0     0     0     0     0
     0     0     0     0     2     1     0     0     0     0     0     0
     0     0     0     1     0     0     0     0     0     0     0     0
     0     0     0     0     0     0     1     0     0     0     0     0
     0     0     0     0     0     0     0     0     0     0     0     0
     0     0     0     0     0     0     2     0     0     0     0     0
     0     0     0     0     0     0     0     1     0     0     0     0
     0     0     0     0     0     0     0     0     0     0     0     0
     0     0     0     0     0     0     0     0     0     0     0     0
     0     1     0     1     0     0     0     1     0     0     1     0
     1     0     1     0     0     0     0     0     1     1     0     0
     5     6     3     1     1     0     0     0     2     4     6     5
    14    16     5     5     2     2     2     0     4     6    13    17
    77    51    26    12    13     7     8     6    13    28    55    69
    98    83    38    37    18    22     6    12    20    57    87   130
    36    34    38    36    31    18    14    12    21    33    37    37
    17    19    27    34    22    19    13    11    13    26    18    10
     6    11    11    16    18     9     5     9     6     9     7     6
     6     6    12    14    18     9     4     9     3     9    13     8
     2     1    10     6    14     5     0     3     2     4     2     4
     1     4     4     2     4     1     2     5     0     4     3     2
     0     1     2     3     1     2     2     1     0     1     1     0
     0     1     2     7     2     0     2     0     2     1     0     0
     1     1     2     4     2     1     3     1     2     0     0     1
     0     2     2     1     4     0     0     0     2     0     1     0
     1     0     2     6     4     2     0     1     3     0     0     1
     0     0     0     0     3     0     0     0     0     0     0     2
     1     0     0     1     0     0     0     0     0     0     0     0
    11
     0     0     0     0     0     0     0     0     0     0     0     0
     0     0     0     0     2     0     1     0     0     0     0     0
     0     0     0     0     0     0     0     0     0     0     0     0
     0     0     0     0     0     0     0     0     0     0     0     0
     0     0     0     0     0     0     0     0     0     0     0     0
     0     0     0     0     0     0     0     0     0     0     0     0
     0     0     0     0     0     0     0     0     0     0     0     0
     0     0     0     0     0     0     0     0     0     0     0     0
     0     0     0     1     0     0     0     0     0     0     0     0
     0     0     0     0     0     0     0     0     0     0     0     0
     0     0     0     0     1     0     0     0     0     0     0     0
     0     0     0     0     0     0     0     0     0     0     0     0
     0     0     0     0     0     0     0     0     0     0     0     0
     0     0     0     0     0     0     1     0     0     0     0     0
     0     0     0     0     0     0     0     0     0     0     0     0
     0     0     0     0     1     0     0     0     0     0     0     0
     0     0     0     0     0     0     0     0     0     0     0     0
     0     0     0     0     0     0     0     0     0     0     1     0
     1     1     1     0     0     0     2     0     0     3     0     1
     2     4     2     1     0     0     0     0     0     0     2     5
    14    12     3     1     3     4     1     3     1     4    13    23
    60    55    19    11     8     5     6     5     3    36    50    69
   106    94    34    36    13     9     2     9    20    67    82   110
    49    19    43    38    30    16    12    15    22    40    37    36
    16    15    28    22    20    18    10    13    18    31    26    27
     7     9    21    22    17     7     7     6     9    14     9     2
     6     2    18    16    16     4     2     9    12    10    14     6
     2     4     5     5     4     3     1     5     0     7     2     2
     3     3     6     1     7     6     0     3     2     2     2     1
     0     2     1     0     1     0     1     4     0     0     0     0
     0     0     2     2     1     0     0     0     0     0     0     0
     1     1     2     4     1     1     1     1     3     1     0     4
     0     2     3     4     2     1     0     1     0     0     2     0
     2     1     1     3     2     0     0     0     0     1     2     1
     1     1     0     0     4     0     0     1     0     0     0     0
     0     0     0     0     0     0     0     1     0     0     2     0
    12
     0     0     0     0     0     0     0     0     1     0     0     0
     0     0     0     0     0     0     0     0     0     0     0     0
     0     0     0     0     0     0     0     0     0     0     0     0
     0     0     0     0     0     0     0     0     0     0     0     0
     0     0     0     0     0     0     0     0     0     0     0     0
     0     0     0     0     0     0     0     0     0     0     0     0
     0     0     0     0     0     0     0     0     0     0     0     0
     0     0     0     0     0     0     1     0     0     0     0     0
     0     0     0     0     0     0     0     0     0     0     0     0
     0     0     0     0     0     0     0     0     0     0     0     0
     0     0     0     0     0     0     0     0     0     0     0     0
     0     0     0     0     0     0     0     0     0     0     0     0
     0     0     1     0     0     0     0     0     0     0     0     0
     0     0     0     0     0     0     0     0     0     0     0     0
     0     0     0     0     0     0     0     0     0     0     0     0
     0     0     0     0     0     0     0     0     0     0     0     0
     0     0     0     0     0     0     0     0     0     0     0     0
     0     0     0     0     0     0     0     0     0     0     0     0
     1     2     0     0     0     0     0     1     0     0     0     0
     1     1     2     0     0     0     0     0     0     0     0     3
    10     5     2     1     0     0     0     0     0     1     3     7
    42    12     4     3     2     1     0     0     3     2    20    40
    69    40    21    17     6     4     3     4     2    17    24    54
    26    18    14    20    10    14     2     4     3    12    15    23
    10    12    16    17    16     8     7     6     7    20    12    11
     6     2     5    13     6     1     1     4     3     6     5     8
     7     7    11     8     5     3     2     4     3     7     5     8
     3     2     3     2     3     3     0     1     0     0     4     1
     0     0     3     0     6     0     1     0     0     0     1     0
     0     0     1     2     3     0     0     0     0     1     0     0
     0     0     0     0     1     0     0     0     0     0     0     0
     0     0     1     1     0     3     0     0     0     0     0     1
     0     0     0     3     1     0     0     0     1     0     0     0
     0     1     1     0     2     0     0     0     0     0     1     0
     0     0     0     1     0     0     0     0     0     0     0     0
     0     0     0     0     0     0     0     0     0     0     0     0
    13
     0     0     0     0     0     0     0     0     0     0     0     0
     0     0     0     0     0     0     0     0     0     0     0     0
     0     0     0     0     0     0     0     0     0     0     0     0
     0     0     0     0     0     0     0     0     0     0     0     0
     0     0     0     0     0     0     0     0     0     0     0     0
     0     0     0     0     0     0     0     0     0     0     0     0
     0     0     0     0     0     0     0     0     0     0     0     0
     0     0     0     0     0     0     0     0     0     0     0     0
     0     0     0     0     0     0     0     0     0     0     0     0
     0     0     0     0     0     0     0     0     0     0     0     0
     0     0     0     0     0     0     0     0     0     0     0     0
     0     0     0     0     0     0     0     0     0     0     0     0
     0     0     0     0     0     0     0     0     0     0     0     0
     0     0     0     0     0     0     0     0     0     0     0     0
     0     0     0     0     0     0     0     0     0     0     0     0
     0     0     0     0     0     0     0     0     0     0     0     0
     0     0     0     0     0     0     0     0     0     0     0     0
     0     0     0     0     0     0     0     0     0     0     0     0
     0     0     0     0     0     0     0     0     0     0     0     1
     0     0     0     0     0     0     0     0     0     0     0     1
     1     0     0     0     0     0     0     0     0     1     1     2
     6     2     4     0     0     0     0     0     1     0     3     6
    11     4     4     2     0     0     0     0     2     3     8    13
     4     7     2     1     1     1     0     1     2     1     6     5
     3     2     0     4     5     3     0     0     3     4     3     4
     0     1     3     2     1     1     0     2     0     1     1     5
     1     0     1     0     1     1     0     0     1     0     2     0
     0     0     0     1     0     1     0     0     1     0     0     0
     0     0     0     0     0     0     0     0     0     1     0     0
     0     0     0     0     0     0     1     0     0     0     0     0
     0     0     0     0     0     0     0     0     0     0     0     0
     0     0     0     1     0     0     0     0     0     0     0     0
     0     0     1     0     0     0     0     0     0     0     0     0
     0     0     0     0     0     0     0     0     0     0     0     0
     0     0     0     0     0     0     0     0     0     0     0     0
     1     0     0     0     0     0     0     0     0     0     0     0
    14
     0     0     1     0     0     0     0     0     0     0     0     0
     0     0     0     0     0     0     0     0     0     0     0     0
     0     0     0     0     0     0     0     0     0     0     0     0
     0     0     0     0     0     0     0     0     0     0     0     0
     0     0     0     0     0     0     0     0     0     0     0     0
     0     0     0     0     0     0     0     0     0     0     0     0
     0     0     0     0     0     0     0     0     0     0     0     0
     0     0     0     0     0     0     0     0     0     0     0     0
     0     0     0     0     0     0     0     0     0     0     0     0
     0     0     0     0     0     0     0     0     0     0     0     0
     0     0     0     0     0     0     0     0     0     0     0     0
     0     0     0     0     0     0     0     0     0     0     0     0
     0     0     0     0     0     0     0     0     0     0     0     0
     0     0     0     0     0     0     0     0     0     0     0     0
     0     0     0     0     0     0     0     0     0     0     0     0
     0     0     0     0     0     0     0     0     0     0     0     0
     0     0     0     0     0     0     0     0     0     0     0     0
     0     0     0     0     0     0     0     0     0     0     0     0
     0     0     0     0     0     0     1     0     0     0     0     0
     0     0     0     0     0     0     0     1     0     0     0     1
     1     0     2     0     0     0     0     0     0     0     0     4
    10     3     0     1     1     0     0     0     0     2     6    12
    12     6     4     2     0     1     0     1     1     2     7    11
     7     2     4     0     1     1     0     2     2     0     5     8
     1     3     2     3     1     0     3     0     3     4     2     6
     0     1     0     1     3     0     0     0     0     1     3     2
     0     0     0     0     1     0     0     0     0     1     1     0
     0     0     0     1     0     1     0     0     0     0     0     1
     0     0     0     0     0     0     1     0     0     0     0     0
     0     0     0     0     0     0     0     0     0     0     0     0
     0     0     0     0     0     0     0     0     1     0     0     0
     0     0     0     0     0     0     0     0     0     0     0     0
     0     0     0     0     0     0     0     0     0     0     0     0
     0     0     0     0     0     0     0     0     0     0     0     0
     0     0     0     0     0     1     0     0     0     0     0     0
     0     0     0     0     0     0     0     0     0     0     0     0
    15
     0     0     0     0     0     0     0     0     0     0     0     0
     0     0     0     0     0     0     0     0     0     0     0     0
     0     0     0     0     0     0     0     0     0     0     0     0
     0     0     0     0     0     0     0     0     0     0     0     0
     0     0     0     0     0     0     0     0     0     0     0     0
     0     0     0     0     0     0     0     0     0     0     0     0
     0     0     0     0     0     0     0     0     0     0     0     0
     0     0     0     0     0     0     0     0     0     0     0     0
     0     0     0     0     0     0     0     0     0     0     0     0
     0     0     0     0     0     0     0     0     0     0     0     0
     0     0     0     0     0     0     0     0     0     0     0     0
     0     0     0     0     0     0     0     0     0     0     0     0
     0     0     0     0     0     0     0     0     0     0     0     0
     0     0     0     0     0     0     0     0     0     0     0     0
     0     0     0     0     0     0     0     0     0     0     0     0
     0     0     0     0     0     0     0     0     0     0     0     0
     0     0     0     0     0     0     0     0     0     0     0     0
     0     0     0     0     0     0     0     0     0     0     0     0
     0     0     0     0     0     0     0     0     0     0     0     0
     0     0     0     0     0     0     0     0     0     0     0     0
     0     0     0     0     0     0     0     0     0     0     0     0
     0     0     0     0     0     0     0     0     0     0     0     1
     2     1     4     0     0     0     0     0     0     0     3     0
     2     1     0     1     0     1     0     0     0     1     0     1
     0     1     2     1     0     0     0     1     0     0     3     2
     0     0     0     0     0     0     0     0     0     0     0     0
     0     0     0     0     0     0     0     0     0     0     0     1
     0     0     0     0     0     0     0     0     0     0     0     0
     0     0     0     0     0     0     0     0     0     0     0     0
     0     0     0     0     0     0     0     0     0     0     0     0
     0     0     0     0     0     0     0     0     0     0     0     0
     0     0     0     0     0     0     0     0     0     0     0     0
     0     0     0     0     0     0     0     0     0     0     0     0
     0     1     0     0     0     0     0     0     0     0     0     0
     0     0     0     0     0     0     0     0     0     0     0     0
     0     0     0     0     0     0     0     0     0     0     0     0
    16
     0     0     0     0     0     0     0     0     0     0     0     0
     0     0     0     0     0     0     0     0     0     0     0     0
     0     0     0     0     0     0     0     0     0     0     0     0
     0     0     0     0     0     0     0     0     0     0     0     0
     0     0     0     0     0     0     0     0     0     0     0     0
     0     0     0     0     0     0     0     0     0     0     0     0
     0     0     0     0     0     0     0     0     0     0     0     0
     0     0     0     0     0     0     0     0     0     0     0     0
     0     0     0     0     0     0     0     0     0     0     0     0
     0     0     0     0     0     0     0     0     0     0     0     0
     0     0     0     0     0     0     0     0     0     0     0     0
     0     0     0     0     0     0     0     0     0     0     0     0
     0     0     0     0     0     0     0     0     0     0     0     0
     0     0     0     0     0     0     0     0     0     0     0     0
     0     0     0     0     0     0     0     0     0     0     0     0
     0     0     0     0     0     0     0     0     0     0     0     0
     0     0     0     0     0     0     0     0     0     0     0     0
     0     0     0     0     0     0     0     0     0     0     0     0
     0     0     0     0     0     0     0     0     0     0     0     0
     0     0     0     0     0     0     0     0     0     0     0     0
     0     0     0     0     0     0     0     1     0     0     0     0
     1     0     0     0     0     0     0     0     0     1     1     1
     0     1     4     0     0     0     0     0     0     1     3     1
     2     0     2     0     0     2     0     1     0     0     3     0
     1     0     2     0     0     0     0     0     0     0     4     1
     0     0     0     0     0     0     0     0     0     0     1     1
     0     0     0     0     0     0     0     0     0     1     0     0
     0     0     0     0     0     0     0     0     0     0     0     0
     0     0     0     1     0     0     0     0     0     0     0     0
     0     0     0     0     0     0     0     0     0     0     0     0
     0     0     0     0     0     0     0     0     0     0     0     0
     0     0     0     0     0     0     0     0     0     0     0     0
     0     0     0     0     0     0     0     0     0     0     0     0
     0     0     0     0     0     0     0     0     0     0     0     0
     0     0     0     0     0     0     0     0     0     0     0     0
     0     0     0     0     0     0     0     0     0     0     0     0
    17
     0     0     0     0     0     0     0     0     0     0     0     0
     0     0     0     0     0     0     0     0     0     0     0     0
     0     0     0     0     0     0     0     0     0     0     0     0
     0     0     0     0     0     0     0     0     0     0     0     0
     0     0     0     0     0     0     0     0     0     0     0     0
     0     0     0     0     0     0     0     0     0     0     0     0
     0     0     0     0     0     0     0     0     0     0     0     0
     0     0     0     0     0     0     0     0     0     0     0     0
     0     0     0     0     0     0     0     0     0     0     0     0
     0     0     0     0     0     0     0     0     0     0     0     0
     0     0     0     0     0     0     0     0     0     0     0     0
     0     0     0     0     0     0     0     0     0     0     0     0
     0     0     0     0     0     0     0     0     0     0     0     0
     0     0     0     0     0     0     0     0     0     0     0     0
     0     0     0     0     0     0     0     0     0     0     0     0
     0     0     0     0     0     0     0     0     0     0     0     0
     0     0     0     0     0     0     0     0     0     0     0     0
     0     0     0     0     0     0     0     0     0     0     0     0
     0     0     0     0     0     0     0     0     0     0     0     0
     0     0     0     0     0     0     0     0     0     0     0     0
     0     0     0     0     0     0     0     0     0     0     0     0
     0     0     0     0     0     0     0     0     0     0     0     0
     1     1     0     0     0     0     0     0     0     0     2     0
     0     0     0     0     0     0     1     0     0     0     0     0
     0     0     0     0     1     0     1     0     0     0     0     0
     0     0     0     1     0     0     0     0     0     0     0     0
     0     0     0     0     0     0     0     0     0     0     0     0
     0     0     0     0     0     0     0     0     0     0     0     0
     0     0     0     0     0     0     0     0     0     0     0     0
     0     0     0     0     0     0     0     0     0     0     0     0
     0     0     0     0     0     0     0     0     0     0     0     0
     0     0     0     0     0     1     0     0     0     0     0     0
     0     0     0     0     0     0     0     0     0     0     0     0
     0     0     0     0     0     0     0     0     0     0     0     0
     0     0     0     0     0     0     0     0     0     0     0     0
     0     0     0     0     0     0     0     0     0     0     0     0
    18
     0     0     0     0     0     0     0     0     0     0     0     0
     0     0     0     0     0     0     0     0     0     0     0     0
     0     0     0     0     0     0     0     0     0     0     0     0
     0     0     0     0     0     0     0     0     0     0     0     0
     0     0     0     0     0     0     0     0     0     0     0     0
     0     0     0     0     0     0     0     0     0     0     0     0
     0     0     0     0     0     0     0     0     0     0     0     0
     0     0     0     0     0     0     0     0     0     0     0     0
     0     0     0     0     0     0     0     0     0     0     0     0
     0     0     0     0     0     0     0     0     0     0     0     0
     0     0     0     0     0     0     0     0     0     0     0     0
     0     0     0     0     0     0     0     0     0     0     0     0
     0     0     0     0     0     0     0     0     0     0     0     0
     0     0     0     0     0     0     0     0     0     0     0     0
     0     0     0     0     0     0     0     0     0     0     0     0
     0     0     0     0     0     0     0     0     0     0     0     0
     0     0     0     0     0     0     0     0     0     0     0     0
     0     0     0     0     0     0     0     0     0     0     0     0
     0     0     0     0     0     0     0     0     0     0     0     0
     0     0     0     0     0     0     0     0     0     0     0     0
     0     0     0     0     0     0     0     0     0     0     0     0
     0     0     0     0     0     0     0     0     0     0     0     0
     0     0     0     0     0     0     0     0     0     0     0     0
     0     1     1     0     0     0     0     0     0     0     0     0
     1     0     0     0     0     0     0     0     0     0     0     0
     0     1     0     0     0     0     0     0     0     0     0     0
     0     0     0     0     0     0     0     0     0     0     0     0
     0     0     0     0     0     0     0     0     0     0     0     0
     0     0     0     0     0     0     0     0     0     0     0     0
     0     0     0     0     0     0     0     0     0     0     0     0
     0     0     0     0     0     0     0     0     0     0     0     0
     0     0     0     0     0     0     0     0     0     0     0     0
     0     0     0     0     0     0     0     0     0     0     0     0
     0     0     0     0     0     0     0     0     0     0     0     0
     0     0     0     0     0     0     0     0     0     0     0     0
     0     0     0     0     0     0     0     0     0     0     0     0
    19
     0     0     0     0     0     0     0     0     0     0     0     0
     0     0     0     0     0     0     0     0     0     0     0     0
     0     0     0     0     0     0     0     0     0     0     0     0
     0     0     0     0     0     0     0     0     0     0     0     0
     0     0     0     0     0     0     0     0     0     0     0     0
     0     0     0     0     0     0     0     0     0     0     0     0
     0     0     0     0     0     0     0     0     0     0     0     0
     0     0     0     0     0     0     0     0     0     0     0     0
     0     0     0     0     0     0     0     0     0     0     0     0
     0     0     0     0     0     0     0     0     0     0     0     0
     0     0     0     0     0     0     0     0     0     0     0     0
     0     0     0     0     0     0     0     0     0     0     0     0
     0     0     0     0     0     0     0     0     0     0     0     0
     0     0     0     0     0     0     0     0     0     0     0     0
     0     0     0     0     0     0     0     0     0     0     0     0
     0     0     0     0     0     0     0     0     0     0     0     0
     0     0     0     0     0     0     0     0     0     0     0     0
     0     0     0     0     0     0     0     0     0     0     0     0
     0     0     0     0     0     0     0     0     0     0     0     0
     0     0     0     0     0     0     0     0     0     0     0     0
     0     0     0     0     0     0     0     0     0     0     0     0
     0     0     0     0     0     0     0     0     0     0     0     0
     0     0     0     0     0     0     0     0     0     0     0     0
     0     0     0     0     0     0     0     0     0     0     0     0
     0     0     0     0     0     0     0     0     0     1     0     0
     0     1     0     0     0     0     0     0     0     0     0     0
     0     0     0     0     0     0     0     0     0     0     0     0
     0     0     0     0     0     0     0     0     0     0     0     0
     0     0     0     0     0     0     0     0     0     0     0     0
     0     0     0     0     0     0     0     0     0     0     0     0
     0     0     0     0     0     0     0     0     0     0     0     0
     0     0     0     0     0     0     0     0     0     0     0     0
     0     0     0     0     0     0     0     0     0     0     0     0
     0     0     0     0     0     0     0     0     0     0     0     0
     0     0     0     0     0     0     0     0     0     0     0     0
     0     0     0     0     0     0     0     0     0     0     0     0
