16
Helena, MT 24144
     0
      -8.400      -5.000        .000       4.400       8.800      13.800
      18.200      17.200      10.000       5.500      -1.800      -7.900
      -1.200       1.100       3.900       8.300      13.300      18.200
      23.200      22.200      15.600      10.000       3.200      -1.800
       3.200       5.000       7.800      13.300      17.700      23.200
      27.200      26.700      21.100      14.300       7.100       2.700
      50.000      45.000      38.000      31.000      31.000      30.000
      25.000      25.000      30.000      35.000      44.000      52.000
      60.000      56.000      51.000      44.000      44.000      43.000
      36.000      36.000      43.000      46.000      57.000      63.000
      71.000      69.000      66.000      60.000      63.000      61.000
      51.000      52.000      61.000      63.000      71.000      75.000
       1.600       1.600       2.000       2.000       2.000       2.000
       2.000       2.000       1.600       1.600       1.600       1.600
       2.700       2.700       3.100       3.500       3.100       2.700
       2.700       2.700       2.700       2.700       2.700       2.400
       4.800       4.800       5.200       5.200       4.800       4.800
       4.400       4.000       4.400       4.800       4.800       4.400
     290.000     290.000     300.000     300.000     300.000     300.000
     310.000     310.000     300.000     290.000     280.000     290.000
     1
      -3.184       -.395       3.552       8.877      13.536      18.515
      22.694      22.112      15.757      10.078       2.281      -3.199
      60.903      57.267      52.616      46.538      47.742      46.177
      39.178      39.984      46.326      49.247      57.579      63.499
     2
    42    41    34    47    61    78   106    84    80    62    36    29
    16    29    39    37    72    77   110    95    72    47    27    23
    29    36    35    33    71    69    84   107    57    56    23    20
    21    26    40    33    58    71    85    90    59    44    28    20
    27    43    40    55    64    80    97   127    95    61    33    29
    17    19    31    29    49    41    63    77    64    26    22    19
    20    23    32    48    62    74    98    92    66    64    31    27
    16    21    26    34    22    57    57    54    41    41    20    12
    21    30    41    57    67    58    67    60    53    40    36    28
    19    20    17    22    33    28    26    29    30    24    16    13
    28    27    42    31    34    40    44    45    54    45    32    23
    21    28    32    21    29    41    36    44    36    56    35    22
    13    23    32    22    17    20    42    27    38    27    20    22
    31    32    34    38    37    55    45    52    56    51    43    36
     8    14    10    15    22    19    17    19     9    27    12    10
    16    32    22    24    21    32    23    30    30    31    42    29
    16    19    20    21    17    24    25    17    21    30    23    29
    42    47    53    41    42    49    47    48    45    45    70    36
    16    19    24    22    16    27    20    18    19    23    32    29
    27    30    33    18    27    29    27    28    26    42    35    25
     9    15     9    17    19    12    23    28    16    18    22    13
    18    19    22    20    22    24    21    15    13    18    32    15
    28    34    26    33    32    36    36    35    24    40    34    29
    35    35    28    19    37    34    40    34    22    26    61    36
    34    36    41    34    39    44    47    44    25    48    59    61
    39    26    26    21    23    33    27    21    29    32    39    39
    51    67    50    31    42    59    39    45    40    57    58    65
    57    57    35    41    36    45    38    39    27    54    62    65
    95    85    79    58    49    66    75    65    77    91    92    83
    48    63    61    50    46    34    48    39    50    66    63    61
    49    39    44    50    28    51    36    47    48    33    49    55
    87    72    85    76    84    62    58    63    55    88    49    95
    54    57    39    40    49    47    56    78    57    52    43    57
    75    63    49    51    70    71    84    95    87    65    36    55
    40    36    31    39    61    48    67    76    67    53    37    44
    48    58    73    78    92   104   139   122   114    89    50    47
     3
    11    18    31    35    54    80   106   140    60    25     9    17
     6    12    33    42    75    97   157   166    70    19     7    10
     7     8    15    31    47    81   105   101    49    19    11     4
    12    10    19    38    62    76    97   104    79    29    11     6
     9    17    31    57    90   129   163   181    85    54    16    10
     9    12    26    32    41    76    98   102    63    32    14     7
    14    19    36    46    74    94   109   121    84    34    11    11
     8    14    25    35    40    44    65    60    42    32     7     2
    22    32    48    59    80    79    89    82    86    55    24    14
     4    27    23    39    43    32    56    49    40    35    14    13
    20    49    56    52    69    63    62    64    48    58    38    23
    24    36    45    41    53    76    57    38    43    36    29    21
    16    18    41    32    30    51    44    36    33    32    20    15
    13    20    45    39    48    48    59    50    46    51    31    17
     6    15    18    25    13    15    23    13    11    13    17    10
     9    14    31    32    28    31    35    30    28    16    15    18
     9    15    19    19    20    37    24    21    16    14    22    16
    15    27    21    34    54    76    43    26    32    26    44    28
    11    19    10    21    16    30    14    17    14    17    23    14
    23    21    14    28    26    32    21    27    23    24    23    24
     8    10    12    14    16    14    17    16     6    16    17    13
    11    19    13    19    25    29    18    14    14    21    20    19
    25    24    25    34    41    46    31    48    26    33    44    27
    33    45    34    35    68    70    41    73    40    40    42    35
    47    47    59    78    84   118    90    80    69    91    78    58
    44    37    38    47    53    78    59    54    45    58    68    45
   111    85    89   109   113   142   130   110    92    81   100   113
    76    82    81    86   109   119    87    81    86    76   112    77
   144   122   121   111   148   154   145   160   126   124   127   133
    83    76    72    81   104    97    91    90    83    71    80    56
    39    50    51    66    85    73    69    79    53    48    60    51
    77    64    85    89   102   112   117    87    95    65    67    63
    33    34    45    55    63    49    72    76    54    43    46    32
    45    38    74    83   116   129   108   131    81    53    43    36
    17    27    38    45    77    82   102    84    73    42    21    15
    41    48    53    64   135   119   171   170   128    59    25    29
     4
     3     7    10    21    23    22    37    28    16     4     7     3
     0     4     7    11    29    18    35    30    20     2     2     2
     1     0     4     7    15    23    29    25    11     1     2     0
     2     4     2     6    19    14    43    24     9     3     1     0
     2     3     7     7    21    39    57    43    13     3     0     1
     1     2     3     9    12     9    24    13     5     4     1     0
     0     2     6    14    13    23    22    21    13     6     1     1
     3     7     5    12    15    16    22    13    13     7     3     3
     5    10    16    39    30    47    39    27    36    19     6     3
     3    11    16    20    21    26    14    20    27    12     9     2
     9    10    32    27    33    37    29    32    35    19    16     9
     4    11    23    19    25    31    19    22    18    19     9     4
     2     8    10    13    17    16    14     9    14    10     4     4
     6     9    12    12    24    28    27    25    16    12     4     4
     2     2     4     4     5    10     8     5     3     6     2     1
     6     1     5     6    14    12    11     8     5     3     3     5
     4     1     6     6    10    10     9     7     3     3     3     5
     8     4    12    14    18    16    13    16    10     4    10     7
     2     3     4     6     7     7    11     7     4     5     4     4
     4     4     3     5     8     9     7     9     5     7    11     3
     3     5     2     4     9     7     5     5     2     2     2     1
     2     1     3     5     5     6     7    11     5     5     7     6
     8     3    10    16    18    18    13    13     6    11    19     4
     8    12    12    29    23    30    29    40    19    20    16    16
    18    30    42    48    48    64    40    38    49    49    32    21
    14    33    25    33    36    40    25    35    25    41    45    23
    47    59    74    88   105    89    79    50    63    62    71    49
    40    51    39    53    77    78    58    56    40    51    44    37
    66    57    65    86    91    99    88    68    54    55    51    32
    34    28    41    52    62    39    57    39    49    44    28    30
    21    16    34    36    36    36    43    31    30    21    28    15
    25    28    51    47    66    63    64    53    46    23    15    34
    17    16    31    37    35    24    29    24    27    15    20    16
    20    20    30    33    58    58    56    46    61    20    13    20
     5    12    16    28    38    35    50    46    41    21    13    12
     9    12    28    44    66    52    63    59    42    23     7     6
     5
     2     7    20    28    39    20    16    29    24     7     4     1
     0     0    13    17    33    29    13    14     7     1     2     0
     0     0     2     9     8     4    13    14     0     0     0     0
     1     2     4     4     7    15    15    12     9     3     1     0
     0     1     4    10    19    22    20    19     4     0     0     1
     1     0     1     4     8     7    11    11     3     0     1     0
     1     0     4     3     8    13    14    10     3     1     0     0
     1     6     2     3     2    13    17     8     5     1     2     0
     5     7    15    20    44    31    42    27    15    12     3     1
     1    10    17    16    15    22    17    18    14     8     5     0
     1    11    30    25    31    42    41    37    27    16    18     3
     2     7    29    24    29    32    32    23    17     2     2     5
     1     3    11     7     4    18     9     6     5     7     2     2
     2     3     8    15    25    23    24    11     7     5     2     0
     3     2     2     1     4     7     8     6     6     0     3     0
     4     6     7     5     7    19    11    10     5     6     1     3
     3     4     3    11     7    22     6     6     6     5     6     6
    13     8    22    23    28    39    22    16     6    14    17    15
     6     8     5    13    11    16     8     5     6     4    11     6
    12     9    12    10    12    13    16     4     7     9     9     7
     1     1     7     5     5     9     2     4     1     6     7     3
     6     7     6     8     7    10     6     7     2     5     8     2
    12     9    19    12    17    19    16    15     9    10    13    15
    14    13    22    30    36    37    24    26    30    28    25    11
    41    41    68    87    55    80    47    49    46    76    55    39
    40    62    68    72    91    74    55    47    55    65    63    30
    78   113   143   157   183   165   118   102    92   147   122   115
    59    62    80   109   133   111    79    61    96    92    84    57
    79    87    93   106   132   170   148   118    96    85    71    52
    42    46    55    67    84    92    75    70    46    47    34    41
    24    31    30    58    55    41    56    35    30    24    24    24
    42    39    72    72    87    71    74    61    54    32    42    48
    20    23    48    52    40    25    41    35    29    19    19    23
    30    39    53    63    73    43    84    54    63    37    28    21
    16    34    49    46    68    43    62    58    34    29    21    11
    21    21    52    69    96    62    54    53    56    15    16    19
     6
     0     3     7    21    17     7     4     7    12     5     0     0
     1     0     3     9    14     1     4     5     2     3     0     1
     0     0     0     0     5     2     0     2     0     0     0     0
     0     0     1     2     2     3     4     2     0     0     0     0
     0     0     0     4     0     6     7     3     1     0     1     0
     0     0     0     0     0     1     0     1     1     0     0     0
     0     0     0     1     2     3     3     1     1     0     0     0
     0     1     2     3     3     1     4     7     0     0     0     0
     0     1     2    14    13     7    15     9     2     1     0     0
     0     3     2    11    11     7    11     4     3     1     0     0
     0     2     5     9    13     9    21    10     8     6     5     0
     1     0     2     3     6    10     8    10     2     0     0     1
     1     0     0     3     2     6     6     2     1     1     2     0
     0     1     2     2     3     3     5     7     1     0     1     1
     0     0     2     0     3     1     1     2     1     0     0     0
     2     2     4     5     7     9     6     9     0     1     4     0
     5     4     7     6     5     8     6     4     1     5     4     3
    10    12    25    19    13    23    22    15    10     8    19    14
    11     8    15    12    13    17    10    10     4    12    11     9
     9    12    21    11     6     9     3     4     4     9    13     3
     3     5     8     4     1     5     1     3     2     4     8     3
     2     3     8     6     2    10     6     3     0     5     5     2
     5     8    15    10     5    11     9     7     6    13     8     3
    15    20    21    20    34    28    19    19    24    23    25    17
    33    36    70    67    63    52    32    24    40    49    58    24
    42    56    67    76    82    54    54    45    61    78    55    34
    80   129   176   171   168   165   121   100   116   141    99    73
    56    58   103   105   144   125   102    73    78    98    73    51
    40    70   102   127   121   142   114   116    85    83    59    35
    14    23    44    57    63    74    93    55    36    45    25    19
    14     8    27    28    31    42    50    28    24    12     7     8
    14     7    22    40    46    38    45    21    19     9     4     7
    11    11    32    24    18    12    17     8    13     8     5    19
    19    19    43    45    38    31    32    18    27    14    14    17
     6    15    35    49    45    18    21    32    22    17    11     9
    20    25    35    70    57    37    30    46    36    16    13     5
     7
     0     2     3     4     4     0     1     2     0     2     0     0
     0     0     0     1     2     1     2     1     1     0     0     0
     0     0     1     1     0     0     1     0     0     0     0     0
     0     0     0     0     2     0     0     0     0     0     0     0
     0     0     0     0     2     0     0     0     0     0     0     0
     0     0     0     0     0     1     0     0     0     0     0     0
     0     0     0     0     0     1     0     0     0     0     0     0
     0     0     0     0     0     0     0     0     0     0     0     0
     0     0     0     1     0     6     2     0     2     0     0     0
     0     0     1     2     1     3     1     0     0     0     0     0
     0     0     0     3     5     4     1     2     0     1     0     0
     0     0     0     1     0     4     0     3     0     0     0     1
     0     0     1     0     1     0     0     0     0     0     0     0
     0     0     1     1     2     1     3     2     0     0     0     0
     1     0     0     0     0     0     0     0     1     0     0     0
     1     1     2     0     0     2     1     0     0     0     2     0
     2     2     2     1     1     5     4     2     0     3     1     1
     3     7    13     7     8     6    11     6     4     5    11     7
     3     5     4     5     2     3     6     0     2     2     8     3
     2     3     4     4     2     5     4     6     2    14     7     2
     1     0     1     5     1     2     2     2     0     0     1     1
     1     3     3     1     3     0     1     1     0     2     2     1
     3     5     5     3     3     5     1     0     2     3     8     1
     7     9     7     5    11     4     3     8    11     6     3     3
    11    16    32    26    20    23    12    13    10    19    19    10
    16    22    25    37    42    33    20    18    21    24    16    16
    46    59    74    93    77    67    38    35    42    47    37    39
    22    31    48    60    69    63    44    30    47    52    32    18
    25    35    48    59    61    57    49    42    40    27    21    18
     6     8    14    17    29    38    49    26    13    19     5     9
     5     4     5     7    13     9    15     8    10     7     2     4
     3     2     6    12    11    13    16     6     5     3     4     2
     2     2     6     9    10     3     4     3     2     7     1     2
     9     6     5     9    10     6     5     9    10     7     1     6
     3    11     7    20    12     5     5     6     1     4     2     5
     8    12    15    28    23    10    11     9    15     5     4     2
     8
     0     2     0     1     2     0     1     0     1     1     0     1
     0     0     0     0     1     1     6     1     0     1     0     0
     0     0     0     0     0     0     0     0     0     0     0     0
     0     0     0     0     0     0     0     0     0     0     0     0
     0     0     0     0     0     0     2     0     0     0     0     0
     0     0     0     0     0     0     0     0     0     0     0     0
     0     0     0     0     0     1     0     0     0     0     0     0
     0     0     0     0     0     0     0     0     0     0     0     0
     0     0     0     0     0     0     0     0     1     0     0     0
     0     0     0     0     0     1     0     1     0     0     0     0
     1     0     1     2     2     1     2     1     0     0     0     0
     0     0     0     0     0     4     1     1     0     0     0     0
     0     0     0     0     0     0     0     0     1     0     0     0
     0     0     0     1     0     4     0     0     0     0     0     0
     0     0     0     0     0     0     0     0     0     0     0     0
     0     2     0     2     1     1     1     1     0     0     1     0
     2     1     0     0     2     0     3     1     0     1     0     3
     9    13    16     8     9     3    10     7     2     7    14     8
     5     5    16     2     5     5     3     5     1     5     7     7
     2     3     9     4     7     3     4     4     1     2    14     5
     0     2     3     1     0     1     2     1     0     2     2     1
     0     0     1     1     3     0     1     2     1     1     1     1
     3     2     2     3     5     2     2     4     0     1     3     1
     4     5     8     8     2     5     3     2     7     5     3     5
    16    10    25    30    15    23     4    16    13    15    19    13
    26    16    39    50    35    26    12    14    18    25    23    11
    49    57    83   121    76    52    26    32    39    59    44    44
    26    47    57    68    60    53    35    24    33    47    20    25
    24    37    55    90    63    66    38    38    35    41    19    19
     9     7    14    26    31    29    26    23    21    14     5     4
     1     3     4     5    12     7     5     5     5     2     0     3
     4     1     4     9    11    19     4    11     4     5     2     2
     1     2     2     6     2     3     2     2     1     1     0     2
     7     5     8    14     5     3    15     5     2     3     5     3
     3     4    11     6     6     2     4     3     3     2     0     0
     9     9     9    18     8     3     8     7    10     6     2     1
     9
     0     0     0     0     0     0     0     0     0     0     0     0
     0     0     0     0     0     1     1     0     0     0     0     0
     0     0     0     0     0     0     0     0     0     0     0     0
     0     0     0     0     0     0     0     0     0     0     0     0
     0     0     0     0     0     0     0     0     0     0     0     0
     0     0     0     0     0     0     0     0     0     0     0     0
     0     0     0     0     0     0     0     0     0     0     0     0
     0     0     0     0     0     0     0     0     0     0     0     0
     0     0     0     0     1     0     0     0     0     0     0     0
     0     0     0     0     0     0     0     0     0     0     0     0
     0     0     0     0     0     0     0     0     0     0     0     0
     0     0     0     0     0     0     0     0     0     0     0     0
     0     0     0     0     0     0     0     0     0     0     0     0
     0     0     0     0     0     0     0     0     0     0     0     0
     0     0     0     0     0     0     0     0     0     0     0     0
     0     0     0     0     1     0     0     0     0     0     0     0
     0     0     0     0     0     0     0     0     0     0     0     0
     0     2     1     1     2     2     2     2     1     0     4     1
     1     3     0     2     0     0     2     1     0     0     0     4
     0     1     5     1     0     1     1     2     0     2     0     0
     1     0     1     2     1     1     0     0     0     0     0     0
     0     1     0     1     2     0     1     0     0     0     0     0
     0     1     0     2     2     0     2     0     0     0     1     0
     1     3     1     1     3     2     0     1     1     0     2     2
     3     2     6     4     2     1     3     1     3     6     2     2
     3     5     3     7    10     2     1     2     2     5     7     3
    10     9    12    26    20     3     3     6     5     7     9     6
     9     5    11    11    16     5     1     8     9     7    10     5
     9    17    11    28    12    18     9     5    11     8    10     1
     0     2     5     7     6     8     4     0     4     3     1     1
     0     0     1     4     5     0     1     0     4     0     1     0
     0     0     0     1     1     4     3     1     1     1     0     1
     0     0     0     2     0     1     0     1     0     0     0     0
     1     2     1     1     0     1     5     1     2     0     1     0
     0     0     0     0     0     0     0     1     0     0     2     0
     0     1     0     3     2     0     0     0     1     0     0     0
    10
     0     0     0     0     0     0     0     0     0     0     0     0
     0     0     0     0     0     0     0     0     0     0     0     0
     0     0     0     0     0     0     0     0     0     0     0     0
     0     0     0     0     0     0     0     0     0     0     0     0
     0     0     0     0     0     0     0     0     0     0     0     0
     0     0     0     0     0     0     0     0     0     0     0     0
     0     0     0     0     0     0     0     0     0     0     0     0
     0     0     0     0     0     0     0     0     0     0     0     0
     0     0     0     0     0     0     0     0     0     0     0     0
     0     0     0     0     0     0     0     0     0     0     0     0
     0     0     0     0     0     0     0     0     0     0     0     0
     0     0     0     0     0     0     0     0     0     0     0     0
     0     0     0     0     0     0     0     0     0     0     0     0
     0     0     0     0     1     0     0     0     0     0     0     0
     0     0     0     0     0     0     0     0     0     0     0     0
     0     0     0     0     0     1     0     1     0     0     0     0
     0     0     0     0     0     0     0     2     0     0     0     0
     1     1     6     1     1     1     1     1     0     0     2     0
     1     1     0     0     0     1     0     0     0     0     0     0
     0     0     0     1     1     0     1     2     0     1     1     1
     0     1     0     0     1     0     0     0     0     0     0     0
     0     0     0     0     0     1     0     0     0     0     0     0
     0     1     0     0     0     0     1     0     0     0     1     0
     0     0     1     0     1     2     0     1     1     2     0     0
     3     4     1     1     1     3     2     0     1     1     4     0
     3     3     3     6     3     2     3     0     1     1     3     1
    12     5     6    15     8     7     2     2     1     4     2     6
     5     5     2     9     6     4     1     2     1     4     5     5
     1     5     4    12     8     5     0     1     4     2     3     6
     1     0     1     2     3     0     2     1     1     1     1     1
     0     0     0     1     0     0     0     0     0     1     0     0
     0     2     2     2     1     3     2     1     1     0     0     0
     0     0     0     0     0     0     0     0     1     0     0     0
     1     0     0     0     1     0     0     0     1     0     1     0
     0     0     0     0     1     0     1     0     0     0     0     0
     0     0     2     2     0     1     0     0     0     0     0     0
    11
     0     0     0     0     0     1     0     0     1     0     0     0
     0     0     0     0     0     0     0     0     0     0     0     0
     0     0     0     0     0     0     0     0     0     0     0     0
     0     0     0     0     0     0     0     0     0     0     0     0
     0     0     0     0     0     0     0     0     0     0     0     0
     0     0     0     0     0     0     0     0     0     0     0     0
     0     0     0     0     0     0     0     0     0     0     0     0
     0     0     0     0     0     0     0     0     0     0     0     0
     0     0     0     0     0     0     0     0     0     0     0     0
     0     0     0     0     0     0     0     0     0     0     0     0
     0     0     0     0     0     0     0     0     0     0     0     0
     0     0     0     0     0     0     0     0     0     0     0     0
     0     0     0     0     0     0     0     0     0     0     0     0
     0     0     0     0     0     0     0     0     0     0     0     0
     0     0     0     0     0     0     0     0     0     0     0     0
     0     0     0     0     1     1     0     0     0     0     0     0
     0     0     0     0     0     0     0     0     0     0     0     0
     1     0     2     0     0     1     1     2     0     0     1     0
     1     0     1     0     1     0     0     0     0     0     1     1
     0     0     0     1     0     1     0     0     0     0     2     0
     0     0     0     0     0     0     1     1     0     0     0     0
     0     0     0     1     0     0     0     0     0     0     0     0
     0     1     0     0     0     0     0     2     0     1     0     0
     2     2     0     0     0     0     1     0     0     0     0     0
     3     3     2     1     2     0     0     0     1     3     0     3
     2     4     0     1     2     2     1     1     1     1     2     0
     7     7     7     9     5     2     3     5     2     4     6     8
     3     2     2     1     5     1     0     0     2     4     4     4
     5     5     3     9     5     2     2     2     4     1     2     3
     0     0     1     3     0     1     2     0     0     0     1     1
     0     0     1     0     2     0     0     0     0     0     0     0
     0     1     0     0     2     1     0     0     0     0     0     1
     0     0     0     0     0     0     0     0     0     0     0     0
     0     0     1     0     0     0     0     0     1     0     1     0
     0     0     0     0     0     0     0     0     0     0     0     0
     0     0     0     0     0     1     1     0     0     0     0     0
    12
     0     0     0     0     0     0     0     0     0     0     0     0
     0     0     0     0     0     0     0     0     0     0     0     0
     0     0     0     0     0     0     0     0     0     0     0     0
     0     0     0     0     0     0     0     0     0     0     0     0
     0     0     0     0     0     0     0     0     0     0     0     0
     0     0     0     0     0     0     0     0     0     0     0     0
     0     0     0     0     0     0     0     0     0     0     0     0
     0     0     0     0     0     0     0     0     0     0     0     0
     0     0     0     0     0     0     0     0     0     0     0     0
     0     0     0     0     0     0     0     0     0     0     0     0
     0     0     0     0     0     0     0     0     0     0     0     0
     0     0     0     0     0     0     0     0     0     0     0     0
     0     0     0     0     0     0     0     0     0     0     0     0
     0     0     0     0     0     0     0     0     0     0     0     0
     0     0     0     0     0     0     0     0     0     0     0     0
     0     0     0     0     0     0     0     0     0     0     0     0
     0     0     0     0     0     0     0     0     0     0     0     0
     3     0     0     0     0     0     0     0     1     0     0     0
     0     0     0     0     0     0     0     0     0     0     0     0
     0     0     0     0     0     0     0     0     0     0     0     0
     0     0     0     0     0     1     0     0     0     0     0     0
     0     0     0     0     0     0     0     0     0     0     0     0
     0     0     0     0     0     0     1     0     0     0     0     0
     1     1     1     1     1     0     0     0     0     0     0     0
     1     2     0     0     0     1     0     0     0     0     1     0
     1     3     0     1     0     0     0     0     0     1     1     0
     6     2     0     0     2     0     1     1     0     3     3     0
     3     4     1     3     2     1     0     0     0     3     0     1
     2     3     2     1     1     0     0     0     1     0     1     1
     0     1     0     0     0     0     0     0     0     0     0     0
     0     0     0     0     0     0     0     0     0     0     0     0
     0     0     0     1     0     1     0     1     0     0     0     0
     0     0     0     0     0     0     0     0     0     0     0     0
     1     0     0     1     1     0     0     0     0     0     0     0
     0     0     0     0     0     0     0     0     0     0     0     0
     0     0     0     0     1     0     0     0     0     0     0     0
    13
     0     0     0     0     0     0     0     0     0     0     0     0
     0     0     0     0     0     0     0     0     0     0     0     0
     0     0     0     0     0     0     0     0     0     0     0     0
     0     0     0     0     0     0     0     0     0     0     0     0
     0     0     0     0     0     0     0     0     0     0     0     0
     0     0     0     0     0     0     0     0     0     0     0     0
     0     0     0     0     0     0     0     0     0     0     0     0
     0     0     0     0     0     0     0     0     0     0     0     0
     0     0     0     0     0     0     0     0     0     0     0     0
     0     0     0     0     0     0     0     0     0     0     0     0
     0     0     0     0     0     0     0     0     0     0     0     0
     0     0     0     0     0     0     0     0     0     0     0     0
     0     0     0     0     0     0     0     0     0     0     0     0
     0     0     0     0     0     0     0     0     0     0     0     0
     0     0     0     0     0     0     0     0     0     0     0     0
     0     0     0     0     0     0     0     0     0     0     0     0
     0     0     0     0     0     0     0     0     0     0     0     0
     0     0     0     0     0     0     0     0     0     0     0     0
     0     0     0     0     0     0     0     0     0     0     0     0
     0     0     0     0     0     0     0     0     0     0     0     0
     0     0     0     0     0     0     0     0     0     0     0     0
     0     0     0     0     0     0     0     0     0     0     0     0
     0     0     0     0     0     0     0     0     0     0     0     0
     0     0     0     0     0     0     0     0     0     0     0     0
     0     0     0     0     0     0     1     0     0     0     0     0
     0     0     0     1     0     0     1     0     0     0     0     0
     0     0     0     0     0     0     0     0     0     0     0     2
     0     0     0     1     0     0     0     0     0     0     1     0
     0     0     1     0     0     0     0     0     0     0     3     0
     0     0     0     0     0     0     0     0     0     0     0     0
     0     0     0     0     0     0     0     0     0     0     0     0
     0     0     0     0     0     0     0     0     0     0     0     0
     0     0     0     0     0     0     0     0     0     0     0     0
     0     0     0     0     0     0     0     0     0     0     0     0
     0     0     0     0     0     1     0     0     0     0     0     0
     0     0     0     0     0     0     0     0     0     0     0     0
    14
     0     0     0     0     0     0     0     0     0     0     0     0
     0     0     0     0     0     0     0     0     0     0     0     0
     0     0     0     0     0     0     0     0     0     0     0     0
     0     0     0     0     0     0     0     0     0     0     0     0
     0     0     0     0     0     0     0     0     0     0     0     0
     0     0     0     0     0     0     0     0     0     0     0     0
     0     0     0     0     0     0     0     0     0     0     0     0
     0     0     0     0     0     0     0     0     0     0     0     0
     0     0     0     0     0     0     0     0     0     0     0     0
     0     0     0     0     0     0     0     0     0     0     0     0
     0     0     0     0     0     0     0     0     0     0     0     0
     0     0     0     0     0     0     0     0     0     0     0     0
     0     0     0     0     0     0     0     0     0     0     0     0
     0     0     0     0     0     0     0     0     0     0     0     0
     0     0     0     0     0     0     0     0     0     0     0     0
     0     0     0     0     0     0     0     0     0     0     0     0
     0     0     0     0     0     0     0     0     0     0     0     0
     0     0     0     0     0     0     0     0     0     0     0     0
     0     0     0     0     0     0     0     0     0     0     0     0
     0     0     0     0     0     0     0     0     0     0     0     0
     0     0     0     0     0     0     0     0     0     0     0     0
     0     0     0     0     1     0     0     0     0     0     0     0
     0     0     0     0     0     0     0     0     0     0     0     0
     0     0     0     0     0     0     0     0     0     0     1     0
     0     0     0     0     0     0     0     0     0     0     0     0
     0     0     0     0     0     0     0     0     0     0     0     0
     0     0     0     1     0     0     0     0     0     0     0     0
     0     1     0     0     0     0     0     0     0     0     0     1
     0     0     0     1     0     0     0     0     0     0     0     1
     0     0     0     0     0     0     0     0     0     0     0     0
     0     0     0     0     0     0     0     0     0     0     0     0
     0     0     0     0     0     0     0     0     0     0     0     0
     0     0     0     0     0     0     0     0     0     0     0     0
     0     0     0     0     0     0     0     0     0     0     0     0
     0     0     0     0     0     0     0     0     0     0     0     0
     0     0     0     0     0     0     0     0     0     0     0     0
    15
     0     0     0     0     0     0     0     0     0     0     0     0
     0     0     0     0     0     0     0     0     0     0     0     0
     0     0     0     0     0     0     0     0     0     0     0     0
     0     0     0     0     0     0     0     0     0     0     0     0
     0     0     0     0     0     0     0     0     0     0     0     0
     0     0     0     0     0     0     0     0     0     0     0     0
     0     0     0     0     0     0     0     0     0     0     0     0
     0     0     0     0     0     0     0     0     0     0     0     0
     0     0     0     0     0     0     0     0     0     0     0     0
     0     0     0     0     0     0     0     0     0     0     0     0
     0     0     0     0     0     0     0     0     0     0     0     0
     0     0     0     0     0     0     0     0     0     0     0     0
     0     0     0     0     0     0     0     0     0     0     0     0
     0     0     0     0     0     0     0     0     0     0     0     0
     0     0     0     0     0     0     0     0     0     0     0     0
     0     0     0     0     0     0     0     0     0     0     0     0
     0     0     0     1     0     0     0     0     0     0     0     0
     0     0     0     0     0     0     0     0     0     0     0     0
     0     0     0     0     0     0     0     0     0     0     0     0
     0     0     0     0     0     0     0     0     0     0     0     0
     0     0     0     0     0     0     0     0     0     0     0     0
     0     0     0     0     0     0     0     0     0     0     0     0
     0     0     0     0     0     0     0     0     0     0     0     0
     0     0     0     0     0     0     0     0     0     0     0     0
     0     0     0     0     0     0     0     0     0     0     0     0
     0     0     0     0     0     0     0     0     0     0     0     0
     0     1     0     0     0     0     0     0     0     0     0     0
     0     0     0     0     0     0     0     0     0     0     0     0
     0     0     0     0     0     0     0     0     0     0     0     0
     0     0     0     0     0     0     0     0     0     0     0     0
     0     0     0     0     0     0     0     0     0     0     0     0
     0     0     0     0     0     0     0     0     0     0     0     0
     0     0     0     0     0     0     0     0     0     0     0     0
     0     0     0     0     0     0     0     0     0     0     0     0
     0     0     0     0     0     0     0     0     0     0     0     0
     0     0     0     0     0     0     0     0     0     0     0     0
    16
     0     0     0     0     0     0     0     0     0     0     0     0
     0     0     0     0     0     0     0     0     0     0     0     0
     0     0     0     0     0     0     0     0     0     0     0     0
     0     0     0     0     0     0     0     0     0     0     0     0
     0     0     0     0     0     0     0     0     0     0     0     0
     0     0     0     0     0     0     0     0     0     0     0     0
     0     0     0     0     0     0     0     0     0     0     0     0
     0     0     0     0     0     0     0     0     0     0     0     0
     0     0     0     0     0     0     0     0     0     0     0     0
     0     0     0     0     0     0     0     0     0     0     0     0
     0     0     0     0     0     0     0     0     0     0     0     0
     0     0     0     0     0     0     0     0     0     0     0     0
     0     0     0     0     0     0     0     0     0     0     0     0
     0     0     0     0     0     0     0     0     0     0     0     0
     0     0     0     0     0     0     0     0     0     0     0     0
     0     0     0     0     0     0     0     0     0     0     0     0
     0     0     0     0     0     0     0     0     0     0     0     0
     0     0     0     0     0     0     0     0     0     0     0     0
     0     0     0     0     0     0     0     0     0     0     0     0
     0     0     0     0     0     0     0     0     0     0     0     0
     0     0     0     0     0     0     0     0     0     0     0     0
     0     0     0     0     0     0     0     0     0     0     0     0
     0     0     0     0     0     0     0     0     0     0     0     0
     0     0     0     0     0     0     0     0     0     0     0     0
     0     0     0     0     0     0     0     0     0     0     0     0
     0     0     0     0     0     0     0     0     0     0     0     1
     0     0     0     0     0     0     0     0     0     0     0     0
     0     0     0     0     0     0     1     0     0     0     0     0
     0     0     0     0     0     0     0     0     0     0     1     0
     0     0     0     0     0     0     0     0     0     0     0     0
     0     0     0     0     0     0     0     0     0     0     0     0
     0     0     0     0     0     0     0     0     0     0     0     0
     0     0     0     0     0     0     0     0     0     0     0     0
     0     0     0     0     0     0     0     0     0     0     0     0
     0     0     0     0     0     0     0     0     0     0     0     0
     0     0     0     0     0     0     0     0     0     0     0     0
