17
Yakutat, AK 25339
     0
      -3.300      -2.300        .000       2.200       5.500       8.800
      11.100      11.600       8.800       5.000      -1.200      -2.800
        .600        .600       2.200       4.400       7.800      10.600
      12.800      13.300      11.100       6.600       1.700       1.100
       2.700       2.700       3.900       6.000       9.300      12.100
      14.300      14.300      12.800       8.800       3.900       2.700
      78.000      71.000      63.000      63.000      68.000      72.000
      77.000      77.000      77.000      79.000      75.000      80.000
      89.000      88.000      82.000      82.000      83.000      83.000
      87.000      87.000      90.000      89.000      89.000      91.000
      96.000      93.000      92.000      92.000      93.000      93.000
      93.000      96.000      96.000      93.000      96.000      96.000
       2.000       2.000       2.000       2.000       2.000       2.000
       2.000       2.000       2.000       2.000       2.000       2.000
       2.700       2.700       2.700       2.700       2.700       2.700
       2.400       2.700       2.700       2.700       2.700       2.700
       4.000       4.000       4.000       3.500       4.000       3.500
       3.100       3.100       3.500       4.000       4.000       4.000
      80.000      90.000      90.000     100.000     120.000     120.000
     120.000     110.000     100.000      90.000      90.000      90.000
     1
       -.844        .021       1.781       4.357       7.878      10.879
      12.911      13.326      10.888       6.618       1.200       -.261
      83.162      79.974      76.451      75.909      77.872      80.803
      84.590      84.342      84.106      83.902      82.081      84.256
     2
     7    18    14    30    34    28    24    27    23    21    10     5
    17    15    26    28    37    36    28    27    32    27    20    11
    14    25    25    22    32    29    37    31    22    28    25    18
    34    29    34    42    58    26    35    34    32    35    40    36
    68    61    64    63    76    46    41    55    69    77    57    69
    94    92    87    90    79    73    80    78    88    91   113    97
   115   136   155   133    98    93   111   125   130   118   135   133
    61    70    80    88    64    66    85    92    79    61    80    59
    83    85   116   110    60    83   106   112    89    91    99    69
    44    65    74    56    50    55    74    58    52    46    60    44
    35    76    72    70    46    55    93    82    65    53    58    42
    23    44    54    56    47    35    52    58    43    28    32    22
    13    31    42    27    37    45    54    40    32    17    17    15
    16    23    31    25    47    62    63    49    31    35    21    15
     8    13    25    18    22    39    42    34    23    22     2     5
    12    12    23    28    39    54    44    40    30     5     9    10
     7     9    17    13    32    34    32    30    15    16     7     6
     9    16    23    27    40    61    57    43    27    19    13     1
     2     8    13    16    23    38    36    24    17     9     7     2
     6     7    20    21    39    40    41    38    25    13     6     4
     0    10    18    15    16    43    38    36    21     6     4     3
     1     9    25    23    37    45    53    39    17     9     3     1
     3    15    29    40    48    60    68    58    37    17     6     0
     3    11    22    28    36    55    68    56    34    12     3     4
     5     6    32    38    48    71   105    61    33    18     3     2
     3     3    16    16    31    48    59    38    22     9     3     2
     3     4    18    23    40    57    75    46    27    11     5     1
     1     6    10    15    30    30    52    32    22    10     4     1
     7    12    14    24    45    54    67    54    33    11     3     3
     7    18    16    37    47    63    71    54    40    22     7     6
     5    10    18    31    44    62    86    43    32    14     8     9
     7    23    28    39    58    63    94    61    51    25    11    13
     7    17    22    16    27    40    62    55    36    17    11    10
     8    17    28    27    31    52    48    76    39    23    17    12
    10    15    21    20    24    34    45    31    30    15     9     7
    14    18    18    32    48    48    46    53    44    41    13     6
     3
     3    13     9    29    40    32    19    16    11    16     7     4
     8    14     6    30    56    27    29    19    20    20     5    12
     8     6    19    20    31    32     8    16    17    25    11     3
    21    27    25    31    47    22     9    28    27    25    22    19
    52    73    82    61    69    30    32    51    87    83    79    58
   125   127   136   136   105    81    57    92   124   161   130   138
   243   217   274   246   212   154   107   175   249   299   291   222
   149   143   182   150   167   120    96   132   216   171   195   128
   153   179   255   231   195   189   187   221   217   230   223   154
    84   116   174   165   145   153   158   170   148   139   127    91
    83   115   185   178   151   203   224   192   159   133   106    82
    37    45    87   116   130   136   116   122   118    93    68    34
    29    25    44    76    78   108   117    91    66    46    31    20
    21    32    63    86   129   123   148   108    95    47    27    17
    11    14    35    45    67    83    92    76    55    24    15     5
     8    13    39    68    98   135   102    92    49    22    13     9
    10     5    25    24    69    90    70    80    48    12     9     8
     7    24    33    65   108   130   116    89    64    47    10     6
     6     7    20    37    67    67    66    54    30    18     6     4
     5    16    39    48    86    98    92   105    40    25     9     6
     8     9    43    48    67   105    88    78    40    17     4     3
     2     8    54    75    67   115   117    79    44    18     4     5
     5    21    57    82   122   148   169   127    58    23     4     2
     9    12    38    76   100   152   155   112    71    10     7     5
     1    13    44    71   118   153   207   157    78    17     5     1
     3    10    22    52    83    93   123    70    45     8     4     5
     1    14    19    48   112   125   151   100    57    14     2     6
     2     7    20    26    54   106   115    58    38    16     6     1
     2    13    25    62   127   172   197   117    66    28     9     5
     9    17    37    78   124   165   189   112    64    26     4     1
     7    14    46   104   108   122   172   123    79    27    10     2
    10    14    43   112   129   189   210   165   104    41     8     5
     3    10    30    54    70    68   102    71    47    29     5     6
     3    10    25    70    76    92    72    91    35    36     7     2
     2    10    24    46    46    40    42    49    37    22     2     5
     6    14    27    41    72    52    51    35    39    19     8     2
     4
     1     0     0     6     7     8     2     2     3     3     2     1
     0     0     2     5     7     9     2     2     2     2     0     0
     2     3     4     2     0     4     1     3     4     0     2     0
     1     4     3     3     4     0     0     5     4     7     5     1
    14    17    13    16    17    10     1     7    26    20    13    15
    33    43    37    39    22    15    11    32    47    49    36    26
    87    90   116   130    63    47    34    62   119   138    96    58
    68    52    88    93    77    43    42    88    99   110    81    53
    96    92   154   165   117    73    87   136   179   165   116    79
    46    53   111    94    78    71    72    86    87   100    64    44
    36    57   105   106   120   118   132   101    85    91    62    44
    18    22    48    71   115    81    96    96    68    42    21     9
     9    17    33    53    70    74    69    60    39    23     9     7
     7    11    33    54    92    95    69    82    36    30    12     8
     2     7     7    21    54    51    54    48    23    18     1     4
     7     8    15    32    73    73    47    52    37    14     6     8
     4     4     6    18    38    37    20    29    21     9     3     6
    10     6    16    30    60    46    28    43    24    20     9     3
     6     8     9    12    25    26     6    18    11     5     7     1
     6     7    10    17    41    35    17    20    17     5     4     7
     3     7     7    12    35    22    16    23    16     4     1     2
     1     8    18    23    48    50    41    27    26    11     2     3
     4     5    19    32    68    59    89    68    39    14     3     2
     1    13    10    23    52    54    62    50    30     5     6     3
     0     4    10    32    65    98    82    53    24     6     3     2
     1     2     2     8    46    50    56    35    15     4     0     0
     2     2     7    22    41    91    94    50    22     2     2     1
     4     2     9    17    38    49    50    22    12     6     1     5
     3     3    22    30    65    99    94    57    31    12     3     1
     0     2    11    42    58    72    64    65    29     6     2     2
     1     4    10    46    67    75    60    60    36     8     0     0
     0     4    14    66   105   105   102    72    35    11     1     4
     1     4     4    27    28    32    38    46    23     7     1     1
     1     1     9    23    45    30    24    27    17     7     3     0
     1     1     3    15    14    12     7     5     6     4     1     0
     0     1     2     7    13    10     7     7     6     9     1     0
     5
     0     1     1     1     1     3     0     0     0     0     0     0
     1     1     0     1     2     0     0     0     2     3     3     0
     1     3     2     1     0     0     0     2     0     2     0     0
     3     7     3     3     4     0     0     2     5     5     2     1
    11    10    11    15     9     4     3     6    12    12     5    10
    26    41    35    35    15     6     5    17    32    33    15    12
    84    62    98    87    64    39    30    41    73   109    78    52
    54    70    76    76    55    29    32    46    76    93    73    39
    99   108   180   122   130    91    90    98   128   195   132    88
    51    77    95   112    85    57    56    84    76    90    72    43
    50    79   135   140   167   116   137   134    77   117    80    47
    16    40    60    79   116    72   110   107    61    62    25    12
     6    21    22    51    76    69    78    62    33    27    13     9
    10     9    28    67    98   138   114    72    53    34    13    18
     2     4    18    33    58    43    29    49    21    11     4     6
     7    12    12    47    74    71    53    51    39    21    10    14
     4     9     5    15    42    24    13    18    17    12     7     5
    16     9    18    29    60    33    20    22    25    15     8     7
     9     6     1    11    16    15     6     9    17     9     4     6
     5    13     4    14    31    16     5     9    15    14     8     6
     9    12     6     7    20     8     9     8    11     5     3     1
     4    11     7    12    24    12    15    10    11     9     3     3
     4    10     9    11    35    48    32    21    18    15    10     6
     6     3     9    12    26    30    35    14    12     9     4     5
     2     0     6    20    56    69    65    16    26    12     4     5
     1     2     7     6    30    33    33    11     6     2     4     2
     3     3     2    19    59    75    74    26    15    10     2     1
     2     4    11     4    31    41    32    10     7     5     1     1
     4     4    13    20    64    80    76    33    20     8     5     3
     0     4    10    23    68    50    34    29    17     6     0     5
     2     2     4    27    61    36    38    20    11     4     0     2
     0     1     3    44    86    65    51    34    16     4     3     0
     0     1     1    13    33    19    14    21     2     4     0     1
     0     1     4    11    25    14     8     6     5     2     0     0
     0     0     1     3     8     1     2     1     0     1     0     0
     0     0     0     3     4     8     1     4     0     1     0     0
     6
     0     0     0     0     0     0     0     0     0     0     0     0
     0     0     1     0     1     0     0     0     0     0     0     0
     0     0     0     0     0     0     0     0     0     0     0     0
     1     4     1     4     1     0     0     1     1     1     0     0
     4     8     2     2     3     0     1     0     1     1     4     5
    14    17    16     5     6     1     1     2     7     9     6     4
    30    34    44    37    25     6     7     5    23    33    21    44
    19    34    20    17    17     8     4    11    16    29    31    30
    51    59    70    40    41    19    17    16    51    60    65    52
    33    38    38    33    23    13    20    16    25    40    26    21
    30    50    77    68    78    47    70    48    49    62    35    39
    23    17    35    65    63    31    35    46    29    27    13    18
    10    19    26    49    57    36    34    45    39    28    13    11
     6    16    14    44    63    94    52    46    38    27    18    10
     4     4    11    18    18    24     7     7    18     7     4     4
     8     3     5    23    25    30    10     8    18    18     8     6
     8     8     5     4     5     5     2     3     7     5     5     4
    10     9     2    10    12     8     2     1     7    18     4     4
     6     3     2     7     5     3     1     0     3     4     1     3
     7     4     3     6     8     1     1     1    10     4     3     3
     7     4     3     2     4     0     0     4     0     5     2     0
     2    12     0     3     2     0     0     1     4     4     1     4
     4    12     4     1     2     1     2     1     3     9     4     3
     0     7     2     7     5     1     3     1     2     3     2     6
     1     2     1     4     7     9     7     0     9     8     3     3
     3     1     1     1     2     2     1     1     2     1     0     1
     5     1     3     1    16    19    20     2     6     1     0     2
     2     1     0     0     5     9     6     1     1     1     1     2
     0     1     3     2     7    17    10     4     2     2     1     1
     1     1     3     1     8     4     4     1     0     1     0     1
     0     1     4     1    15     5     4     0     1     0     0     0
     0     0     1     2    11     4     6     4     1     1     0     0
     0     0     0     0     3     3     1     3     0     0     0     0
     0     0     0     0     3     0     0     1     1     0     0     0
     0     0     0     0     0     0     0     0     0     0     0     0
     0     0     0     0     0     0     0     0     0     1     0     0
     7
     1     0     0     0     0     0     0     0     0     0     0     0
     0     0     0     0     0     0     0     0     0     0     0     0
     1     0     0     0     0     0     0     0     0     0     0     0
     1     0     0     0     0     0     0     0     0     0     0     0
     1     1     1     0     1     1     0     0     0     0     0     1
     0     3     4     1     0     1     1     0     1     2     2     3
    11     4    16     3     2     1     0     0     4     9     6     8
     3     6     9     4     2     1     2     1     3     3     2     2
    13    11    11     5     5     6     2     2     6    16    11    26
    10     5     6     5     4     3     3     2     8    11     5     3
    14    10    25    11    17    18    17    14    16    12    11     9
    11    10    12    16    10    11    10    12    13    17     9     6
     8     4    11    18     5    11    11    13    22    10     5     5
     2    12     9     8    19    17    12    11    20    13     8     5
     1     2     2     3     4     5     2     1     5     4     1     2
     3     4     2     4     3     7     1     0     0     8     5     2
     0     1     2     1     0     1     0     1     1     4     2     3
     0     1     2     2     0     0     0     0     1     4     2     1
     2     3     1     0     0     0     0     0     0     4     1     0
     2     2     0     1     0     0     0     0     1     1     1     0
     1     4     0     1     0     0     0     0     0     1     2     2
     5     4     1     0     0     0     0     0     0     0     2     0
     2     4     0     0     0     1     0     0     1     2     1     1
     2     3     1     2     0     0     0     0     0     0     0     0
     0     0     0     0     0     0     0     0     1     2     0     1
     0     0     0     0     0     0     0     0     0     0     1     0
     1     1     1     0     3     5     0     0     1     0     0     0
     1     0     0     0     1     0     0     0     0     0     0     0
     0     0     0     0     1     2     1     0     0     1     0     1
     0     0     0     0     0     0     0     0     0     1     0     0
     0     0     0     0     0     0     0     0     0     0     0     0
     0     0     0     0     1     0     0     0     0     0     1     0
     0     0     0     0     0     0     0     0     0     0     0     0
     0     0     0     0     0     0     0     0     0     0     0     0
     0     0     0     0     0     1     0     0     0     0     0     0
     0     0     0     0     0     0     0     0     0     0     0     0
     8
     0     0     0     0     0     0     0     0     0     0     0     0
     0     0     0     0     0     0     0     0     0     0     0     0
     0     0     0     0     0     0     0     0     0     0     0     0
     0     0     0     0     0     0     0     0     0     0     0     0
     2     0     3     2     2     0     0     0     0     1     2     0
     1     0     4     0     1     0     0     0     1     2     0     0
     6     6     2    14     3     0     0     0     1     5     6    10
     2     4     2     0     1     0     1     0     3     0     4     1
     6     6    13     5     2     4     0     4     4     5    12    13
     5     3     5     3     2     0     2     3     2     4     3     8
     7     9    14     8     4    11    11    23    19    13    18    13
    10    22     6    24     7     3    10    10    15    20     7    15
     5    12    11    16    11     6     3     6    15    15     6    16
     6    11    11     9    15    28     5    17    24    26     6     6
     2     3     3     1     1     1     0     0     3     5     3     2
     3     2     0     2     5     2     0     0     3    10     6     1
     0     1     0     2     0     0     0     0     2     2     0     2
     0     3     0     3     0     0     0     1     0     1     3     1
     0     2     0     0     0     0     0     0     0     2     2     1
     2     1     0     1     0     0     0     0     0     3     4     3
     1     5     0     0     0     0     0     0     0     2     0     2
     0     3     0     1     2     0     0     0     0     1     1     1
     2     2     1     0     0     0     0     0     2     0     0     0
     0     0     1     0     0     0     0     0     0     0     0     0
     0     0     3     0     0     0     0     0     1     1     2     0
     0     1     0     0     0     0     0     0     1     0     0     0
     0     0     2     1     0     1     0     0     1     0     0     0
     0     1     0     0     0     0     0     0     0     0     1     0
     0     0     1     1     0     0     0     0     0     1     0     0
     0     0     0     0     0     0     0     0     0     0     0     0
     0     0     0     0     0     0     0     0     0     0     0     0
     0     0     0     0     0     0     0     0     0     0     0     0
     0     0     0     0     0     0     0     0     0     0     0     0
     0     0     0     0     0     0     0     0     0     0     0     0
     0     0     0     0     0     0     0     0     0     0     0     0
     0     0     0     0     0     0     0     0     0     0     0     0
     9
     0     0     0     0     0     0     0     0     0     0     0     0
     0     0     0     0     0     0     0     0     0     0     0     0
     1     0     0     0     0     0     0     0     0     0     0     0
     0     0     0     0     1     0     0     0     0     0     0     0
     0     1     0     0     0     0     0     0     0     0     0     1
     1     0     1     0     0     0     0     0     1     0     0     0
     0     2     0     0     0     0     0     0     0     1     3     1
     0     0     0     0     0     0     0     0     0     1     0     0
     0     2     3     0     0     0     0     0     0     2     1     1
     0     0     0     0     1     0     0     0     0     4     1     0
     0     4     1     3     2     0     2     3     8     4     4     4
     5     4     4     2     2     1     1     0     4     7     2     5
     5     6     4     4     1     4     3     2     5     6     3     7
     3     5     7     5     3     2     0     0     5     7     3     4
     0     0     0     0     0     0     0     0     0     2     1     2
     1     0     1     0     1     0     0     1     0     1     1     3
     0     0     0     0     0     0     0     0     0     1     0     0
     1     0     0     0     0     0     0     0     0     1     0     0
     0     1     0     0     0     0     0     0     0     0     1     1
     0     0     0     0     0     0     0     0     0     0     0     0
     0     0     0     0     0     0     0     0     0     0     0     0
     1     0     1     0     0     0     0     0     1     0     0     0
     0     0     0     0     0     0     0     0     0     1     0     0
     0     0     0     0     0     0     0     0     0     0     0     0
     0     0     0     0     0     0     0     0     0     0     0     0
     0     0     0     0     0     0     0     0     0     0     0     0
     1     0     1     0     0     0     0     0     0     0     0     0
     0     0     1     0     0     0     0     0     0     0     0     0
     0     0     0     0     0     0     0     0     0     0     0     0
     0     0     0     0     0     0     0     0     0     0     0     0
     0     0     0     0     0     0     0     0     0     0     0     0
     0     0     0     0     0     0     0     0     0     0     0     0
     0     0     0     0     0     0     0     0     0     0     0     0
     0     0     0     0     0     0     0     0     0     0     0     0
     0     0     0     0     0     0     0     0     0     0     0     0
     0     0     0     0     0     0     0     0     0     0     0     0
    10
     0     0     0     0     0     0     0     0     0     0     0     0
     0     0     0     0     0     0     0     0     0     0     0     0
     0     0     0     0     0     0     0     0     0     0     0     0
     0     0     0     0     0     0     0     0     0     0     0     0
     0     0     0     0     0     0     0     0     0     0     0     0
     0     0     1     0     0     0     0     0     0     0     0     0
     0     3     0     0     0     0     0     0     0     0     0     0
     0     0     1     0     0     0     0     0     0     0     0     0
     1     1     0     0     0     0     0     0     0     0     1     2
     0     1     0     0     0     0     0     0     0     1     0     0
     2     1     5     0     0     0     2     1     2     3     2     4
     0     5     4     2     1     1     1     0     6     9     0     5
     2     1     5     0     2     1     0     1     0     3     5     5
     1     9     4     1     2     4     0     1     4     3     4     3
     0     0     1     0     0     0     0     0     2     0     0     1
     0     0     0     0     0     0     0     0     0     5     1     2
     0     0     0     0     0     0     0     0     1     1     0     0
     0     0     0     0     1     0     0     0     0     1     0     1
     0     0     0     0     0     0     0     0     0     0     0     0
     1     0     0     0     0     0     0     0     0     0     0     0
     0     0     0     0     0     0     0     0     0     0     0     0
     0     0     0     0     0     0     0     0     0     1     0     0
     0     1     0     0     0     0     0     0     0     0     0     0
     0     0     0     0     0     0     0     0     0     0     0     0
     1     0     0     0     0     0     0     0     0     0     1     0
     0     0     0     0     0     0     0     0     0     0     0     0
     0     0     0     0     0     0     0     0     0     0     0     0
     0     0     0     0     0     0     0     0     0     0     0     0
     0     0     0     0     0     0     0     0     0     0     0     0
     0     0     0     0     0     0     0     0     0     0     0     0
     0     0     0     0     0     0     0     0     0     0     0     0
     0     0     0     0     0     0     0     0     0     0     0     0
     0     0     0     0     0     0     0     0     0     0     0     0
     0     0     0     0     0     0     0     0     0     0     0     0
     0     0     0     0     0     0     0     0     0     0     0     0
     0     0     0     0     0     0     0     0     0     0     0     0
    11
     0     0     0     0     0     0     0     0     0     0     0     0
     0     0     0     0     0     0     0     0     0     0     0     0
     0     0     0     0     0     0     0     0     0     0     0     0
     0     0     0     0     0     0     0     0     0     0     0     0
     1     0     0     0     0     0     0     0     0     0     0     0
     0     0     0     0     0     0     0     0     0     0     0     0
     0     0     0     0     0     0     0     0     0     1     0     0
     0     0     0     0     0     0     0     0     0     0     0     0
     2     0     1     0     0     0     0     0     0     2     0     0
     0     0     0     0     0     0     0     0     0     0     0     0
     1     2     1     1     2     0     0     1     2     3     0     2
     6     8     5     3     2     0     0     1     3     4     1     4
     5     4     8     0     4     0     0     1     0     6     2     6
     1     9     7     4     5     1     1     1     7     7     4     2
     0     1     0     0     0     0     0     0     2     3     1     1
     0     1     0     1     0     0     0     0     1     4     2     2
     0     0     0     0     0     0     0     0     0     0     0     0
     0     0     0     0     0     0     0     0     0     1     0     1
     0     0     0     0     0     0     0     0     0     0     0     0
     0     0     0     0     0     0     0     0     0     0     0     0
     0     0     0     0     0     0     0     0     0     0     0     0
     0     0     0     0     0     0     0     0     0     0     0     0
     0     0     0     0     0     0     0     0     0     0     0     0
     0     0     0     0     0     0     0     0     0     1     0     0
     0     0     0     0     0     0     0     0     0     0     2     0
     0     0     0     0     0     0     0     0     0     0     0     0
     0     0     0     0     0     0     0     0     0     0     0     0
     0     0     0     0     0     0     0     0     0     0     0     0
     0     0     0     0     0     0     0     0     0     0     0     0
     0     0     0     0     0     0     0     0     0     0     0     0
     0     0     0     0     0     0     0     0     0     0     0     0
     0     0     0     0     0     0     0     0     0     0     0     0
     0     0     0     0     0     0     0     0     0     0     0     0
     0     0     0     0     0     0     0     0     0     0     0     0
     0     0     0     0     0     0     0     0     0     0     0     0
     0     0     0     0     0     0     0     0     0     0     0     0
    12
     0     0     0     0     0     0     0     0     0     0     0     0
     0     0     0     0     0     0     0     0     0     0     0     0
     0     0     0     0     0     0     0     0     0     0     0     0
     0     0     0     0     0     0     0     0     0     0     0     0
     0     0     0     0     0     0     0     0     0     0     0     0
     0     0     0     0     0     0     0     0     0     0     0     0
     0     0     0     0     0     0     0     0     0     0     1     1
     0     0     0     0     0     0     0     0     0     0     0     0
     1     0     0     0     0     0     0     0     0     0     0     0
     0     0     0     0     0     0     0     0     0     0     1     0
     1     4     0     0     0     0     0     1     1     3     0     3
     2     3     5     6     0     0     0     0     0     2     2     7
     0     3     0     2     0     0     0     0     0     1     3     3
     0     4     1     2     2     0     0     0     2     7     2     4
     0     1     0     0     0     0     0     0     0     1     0     0
     0     0     0     0     0     0     0     0     0     0     3     2
     0     0     0     0     0     0     0     0     0     0     0     0
     0     0     0     0     0     0     0     0     0     0     0     0
     0     0     0     0     0     0     0     0     0     0     0     0
     0     0     0     0     0     0     0     0     0     0     0     0
     0     0     0     0     0     0     0     0     0     0     0     0
     0     0     0     0     0     0     0     0     0     0     0     0
     0     1     0     0     0     0     0     0     0     0     0     0
     0     0     0     0     0     0     0     0     0     0     0     0
     0     0     0     0     0     0     0     0     0     0     0     0
     0     0     0     0     0     0     0     0     0     0     0     0
     0     0     0     0     0     0     0     0     0     0     0     0
     1     0     0     0     0     0     0     0     0     0     0     0
     0     0     0     0     0     0     0     0     0     0     0     0
     0     0     0     0     0     0     0     0     0     0     0     0
     0     0     0     0     0     0     0     0     0     0     0     0
     0     0     0     0     0     0     0     0     0     0     0     0
     0     0     0     0     0     0     0     0     0     0     0     0
     0     0     0     0     0     0     0     0     0     0     0     0
     0     0     0     0     0     0     0     0     0     0     0     0
     0     0     0     0     0     0     0     0     0     0     0     0
    13
     0     0     0     0     0     0     0     0     0     0     0     0
     0     0     0     0     0     0     0     0     0     0     0     0
     0     0     0     0     0     0     0     0     0     0     0     0
     0     0     0     0     0     0     0     0     0     0     0     0
     0     0     0     0     0     0     0     0     0     0     0     0
     0     0     0     0     0     0     0     0     0     0     0     0
     0     0     0     0     0     0     0     0     0     0     0     0
     0     0     0     0     0     0     0     0     0     0     0     0
     0     0     0     0     0     0     0     0     0     0     0     0
     0     0     0     0     0     0     0     0     0     0     0     0
     0     0     0     0     0     0     0     0     1     1     0     0
     1     0     2     0     1     0     0     0     0     0     0     1
     0     0     0     0     0     0     0     0     0     0     0     2
     0     1     0     2     0     0     0     0     0     2     1     2
     0     0     0     1     0     0     0     0     0     1     0     0
     0     0     0     0     0     0     0     0     0     0     0     0
     0     0     0     0     0     0     0     0     0     0     0     0
     0     0     0     0     0     0     0     0     0     0     0     0
     0     0     0     0     0     0     0     0     0     0     0     0
     0     0     0     0     0     0     0     0     0     0     0     0
     0     0     0     0     0     0     0     0     0     0     0     0
     0     0     0     0     0     0     0     0     0     0     0     0
     0     0     0     0     0     0     0     0     0     0     0     0
     0     0     0     0     0     0     0     0     0     0     0     0
     0     0     0     0     0     0     0     0     0     0     0     0
     0     0     0     0     0     0     0     0     0     0     0     0
     0     0     0     0     0     0     0     0     0     0     0     0
     0     0     0     0     0     0     0     0     0     0     0     0
     0     0     0     0     0     0     0     0     0     0     0     0
     0     0     0     0     0     0     0     0     0     0     0     0
     0     0     0     0     0     0     0     0     0     0     0     0
     0     0     0     0     0     0     0     0     0     0     0     0
     0     0     0     0     0     0     0     0     0     0     0     0
     0     0     0     0     0     0     0     0     0     0     0     0
     0     0     0     0     0     0     0     0     0     0     0     0
     0     0     0     0     0     0     0     0     0     0     0     0
    14
     0     0     0     0     0     0     0     0     0     0     0     0
     0     0     0     0     0     0     0     0     0     0     0     0
     0     0     0     0     0     0     0     0     0     0     0     0
     0     0     0     0     0     0     0     0     0     0     0     0
     0     0     0     0     0     0     0     0     0     0     0     0
     0     0     0     0     0     0     0     0     0     0     0     0
     0     0     0     0     0     0     0     0     0     0     0     0
     0     0     0     0     0     0     0     0     0     0     0     0
     0     0     0     0     0     0     0     0     0     0     0     0
     0     0     0     0     0     0     0     0     0     0     0     0
     1     0     0     0     0     0     0     0     0     1     1     0
     0     0     1     0     0     0     0     0     0     0     0     0
     1     1     0     2     0     0     0     0     0     1     0     0
     0     0     0     0     1     0     0     0     2     2     0     1
     0     0     0     0     0     0     0     0     0     0     0     0
     0     0     0     0     0     0     0     0     0     1     0     0
     0     0     0     0     0     0     0     0     0     0     0     0
     0     0     0     0     0     0     0     0     0     0     0     0
     0     0     0     0     0     0     0     0     0     0     0     0
     0     0     0     0     0     0     0     0     0     0     0     0
     0     0     0     0     0     0     0     0     0     0     0     0
     0     0     0     0     0     0     0     0     0     0     0     0
     0     0     0     0     0     0     0     0     0     0     0     0
     0     0     0     0     0     0     0     0     0     0     0     0
     0     0     0     0     0     0     0     0     0     0     0     0
     0     0     0     0     0     0     0     0     0     0     0     0
     0     0     0     0     0     0     0     0     0     0     0     0
     0     0     0     0     0     0     0     0     0     0     0     0
     0     0     0     0     0     0     0     0     0     0     0     0
     0     0     0     0     0     0     0     0     0     0     0     0
     0     0     0     0     0     0     0     0     0     0     0     0
     0     0     0     0     0     0     0     0     0     0     0     0
     0     0     0     0     0     0     0     0     0     0     0     0
     0     0     0     0     0     0     0     0     0     0     0     0
     0     0     0     0     0     0     0     0     0     0     0     0
     0     0     0     0     0     0     0     0     0     0     0     0
    15
     0     0     0     0     0     0     0     0     0     0     0     0
     0     0     0     0     0     0     0     0     0     0     0     0
     0     0     0     0     0     0     0     0     0     0     0     0
     0     0     0     0     0     0     0     0     0     0     0     0
     0     0     0     0     0     0     0     0     0     0     0     0
     0     0     0     0     0     0     0     0     0     0     0     0
     0     0     0     0     0     0     0     0     0     0     0     0
     0     0     0     0     0     0     0     0     0     0     0     0
     0     0     0     0     0     0     0     0     0     0     0     0
     0     0     0     0     0     0     0     0     0     0     0     0
     0     0     0     0     0     0     0     0     0     0     1     0
     0     0     0     0     0     0     0     0     0     0     0     0
     0     0     0     1     0     0     0     0     0     0     0     0
     0     1     0     0     0     0     0     0     0     1     0     0
     0     0     0     0     0     0     0     0     0     0     0     0
     0     0     0     0     0     0     0     0     0     0     0     0
     0     0     0     0     0     0     0     0     0     0     0     0
     0     0     0     0     0     0     0     0     0     0     0     0
     0     0     0     0     0     0     0     0     0     0     0     0
     0     0     0     0     0     0     0     0     0     0     0     0
     0     0     0     0     0     0     0     0     0     0     0     0
     0     0     0     0     0     0     0     0     0     0     0     0
     0     0     0     0     0     0     0     0     0     0     0     0
     0     0     0     0     0     0     0     0     0     0     0     0
     0     0     0     0     0     0     0     0     0     0     0     0
     0     0     0     0     0     0     0     0     0     0     0     0
     0     0     0     0     0     0     0     0     0     0     0     0
     0     0     0     0     0     0     0     0     0     0     0     0
     0     0     0     0     0     0     0     0     0     0     0     0
     0     0     0     0     0     0     0     0     0     0     0     0
     0     0     0     0     0     0     0     0     0     0     0     0
     0     0     0     0     0     0     0     0     0     0     0     0
     0     0     0     0     0     0     0     0     0     0     0     0
     0     0     0     0     0     0     0     0     0     0     0     0
     0     0     0     0     0     0     0     0     0     0     0     0
     0     0     0     0     0     0     0     0     0     0     0     0
    16
     0     0     0     0     0     0     0     0     0     0     0     0
     0     0     0     0     0     0     0     0     0     0     0     0
     0     0     0     0     0     0     0     0     0     0     0     0
     0     0     0     0     0     0     0     0     0     0     0     0
     0     0     0     0     0     0     0     0     0     0     0     0
     0     0     0     0     0     0     0     0     0     0     0     0
     0     0     0     0     0     0     0     0     0     0     0     0
     0     0     0     0     0     0     0     0     0     0     0     0
     0     0     0     0     0     0     0     0     0     0     0     0
     0     0     0     0     0     0     0     0     0     0     0     0
     0     0     0     0     0     0     0     0     0     1     0     0
     0     0     0     0     0     0     0     0     0     0     1     1
     0     0     0     0     0     0     0     0     0     0     0     0
     0     0     0     0     0     0     0     0     2     0     0     0
     0     0     0     0     0     0     0     0     0     0     0     0
     0     0     0     0     0     0     0     0     0     0     0     0
     0     0     0     0     0     0     0     0     0     0     0     0
     0     0     0     0     0     0     0     0     0     0     0     0
     0     0     0     0     0     0     0     0     0     0     0     0
     0     0     0     0     0     0     0     0     0     0     0     0
     0     0     0     0     0     0     0     0     0     0     0     0
     0     0     0     0     0     0     0     0     0     0     0     0
     0     0     0     0     0     0     0     0     0     0     0     0
     0     0     0     0     0     0     0     0     0     0     0     0
     0     0     0     0     0     0     0     0     0     0     0     0
     0     0     0     0     0     0     0     0     0     0     0     0
     0     0     0     0     0     0     0     0     0     0     0     0
     0     0     0     0     0     0     0     0     0     0     0     0
     0     0     0     0     0     0     0     0     0     0     0     0
     0     0     0     0     0     0     0     0     0     0     0     0
     0     0     0     0     0     0     0     0     0     0     0     0
     0     0     0     0     0     0     0     0     0     0     0     0
     0     0     0     0     0     0     0     0     0     0     0     0
     0     0     0     0     0     0     0     0     0     0     0     0
     0     0     0     0     0     0     0     0     0     0     0     0
     0     0     0     0     0     0     0     0     0     0     0     0
