17
Gulkana, AK 26425
     0
     -23.900     -17.800     -11.700      -1.200       5.500      10.000
      12.100      10.600       6.000      -2.800     -17.300     -21.200
     -15.000     -10.700      -4.500       2.700       8.800      13.300
      15.600      13.800       9.300       1.100     -10.700     -13.400
      -5.600      -3.300        .600       5.500      12.100      16.700
      18.800      16.700      12.100       5.000      -4.500      -5.000
      62.000      61.000      49.000      42.000      35.000      38.000
      44.000      46.000      46.000      57.000      67.000      68.000
      74.000      72.000      62.000      53.000      47.000      51.000
      58.000      59.000      59.000      71.000      78.000      76.000
      83.000      81.000      74.000      67.000      63.000      69.000
      75.000      77.000      77.000      84.000      85.000      84.000
       1.100       1.600       1.600       2.000       2.000       2.000
       2.000       2.000       1.600       1.600       1.100       1.100
       1.600       2.000       2.400       2.700       3.100       2.700
       2.700       2.700       2.700       2.400       2.000       2.000
       3.100       4.000       4.800       4.800       4.400       4.400
       4.000       4.400       4.400       4.000       3.100       3.100
     350.000     350.000     170.000     170.000     170.000     180.000
     180.000     170.000     170.000     170.000     350.000     350.000
     1
     -15.186     -10.919      -5.979       1.947       8.756      13.451
      15.676      13.848       8.925        .543     -11.119     -13.764
      72.776      69.545      61.351      55.448      50.340      54.116
      59.106      60.756      61.432      69.815      75.257      75.181
     2
    59    53    65    47    31    22    26    40    69    82    74    50
    41    42    48    57    34    35    41    44    74    91    67    44
    22    24    26    38    20    32    27    41    60    47    31    22
    15    16    23    35    26    21    37    34    34    45    12    10
    12    23    33    33    35    31    35    40    60    52    36    26
     7    17    21    20    37    14    29    23    34    23     7     6
    12    14    12    26    31    30    31    33    27    29    22     8
     4    10     3    11    24    22    27    33    19    16     8     1
     9    25    21    33    34    30    39    28    28    23    16     9
     3     3    13    23    23    18    21    16    10     9     4     6
    10    26    25    36    42    39    31    34    38    32    19    16
    18    44    46    40    35    38    47    47    45    44    20    18
    15    39    51    39    51    43    52    49    40    39    18    11
    21    57    77    59    69    81    95    96    83    58    42    25
     9    33    46    55    49    59    90    59    53    48    11     8
    16    40    56    56   103   130   126   113    84    65    26    15
     8    12    35    70    69    89   157    92    73    43    15    13
    17    26    32    81   118   117   166   132    94    46    20    24
     4    13    23    44    65    65    95    54    50    21     4     3
     5     9    19    48    63    79   119    90    50    31    12     8
     6     6    15    37    40    63    67    55    34    14     5     2
     4    10    10    28    36    53    60    36    30    20     3     6
    11    13    25    33    55    69    91    55    44    19    17     7
     3     9    19    28    35    41    49    37    34    18     9     8
     7    19    31    33    31    41    47    36    32    24     9    12
     6     4    11    21    20    22    25    19    18    16     8     2
    12    21    48    59    49    53    41    33    30    26    17    23
     5    15    21    31    35    27    34    27    32    29     7    14
    27    33    60    48    49    47    36    46    36    32    46    31
    34    37    55    59    35    43    42    41    36    44    14    26
    31    56    53    58    53    36    42    46    29    48    27    19
    73    78   115    79    56    54    67    64    66    73    56    62
    39    47    51    51    24    35    32    27    34    39    28    46
    64    60    74    72    58    48    40    58    46    54    44    65
    55    58    61    41    31    34    42    39    57    52    64    48
    97   108   106    79    50    54    54    70    97   115   129   107
     3
    26    33    56    53    37    26    36    43    42    62    43    36
    31    41    65    71    67    56    56    58    72    99    43    34
    19    15    46    32    26    28    39    39    48    51    21    15
     6    19    29    30    33    25    27    22    42    47    20     8
     8    13    32    38    38    36    36    42    44    59    25     9
     2     6    10    22    47    20    27    30    21    23     7     3
     0    16    10    29    33    37    27    13    42    19     8     3
     3     2    12    10    20    15    17    11    17     8     1     1
     2     5     8    27    24    21    16    23    12    15     6     5
     4     4     1     7    14    11    12     8     4     1     2     1
     2     8    13    15    30    22    37    26    27     8     2     5
     5     8    11    16    51    24    27    20    19    14     5     1
     1     9    17    28    44    44    42    29    36    13     7     0
     9    21    41    66   131   120   177   132   108    49    14     6
     4    11    20    58   111   122   116   116    63    34     8     7
    12    26    50   108   195   238   278   203   165    72    15    11
     9    20    54    93   211   218   341   207   134    67    16    16
    10    28    41   116   249   356   437   314   196    56    15    10
     8     6    10    65   122   150   172   113    76    25     8     3
     4     9    13    51   115   178   189   145    61    26     6     3
     1     4     5    24    61    76    82    44    16     7     1     2
     0     1     5    20    65    71    70    35    24     5     4     1
     3     4    11    55    85    90   105    66    31    16     5     0
     1     3    13    13    43    59    57    28    29    10     2     4
     4    10    13    31    44    57    59    32    16    16     5     3
     1     1     6     8    30    35    27    13    11     3     2     2
     6    16    38    39    40    56    38    41    15    17     4     3
     2     3    15    25    31    27    29    21    16     9     2     0
     8    17    64    71    57    57    44    41    30    24    12    10
     9    16    20    47    69    52    41    36    22    32    10     6
     9    20    29    52    52    38    27    33    26    37    13    10
    25    38    80   101   104    90    76    69    48    77    23    25
    12    25    31    40    49    38    33    42    32    29    17    14
    31    37    46    77    72    60    50    71    38    45    22    19
    17    31    48    55    58    45    48    49    50    31    25    20
    67    83   104   108    94    81    84    90    82    89    62    71
     4
     6     7    23    19    14     4    10    22    15    16     2     3
     7     6    22    35    36    26    15    29    31    26    10     7
     1     3    10    17    11    10    11    15    11    10     4     2
     5     5    11    15    10    10     7    12     6    10     5     3
     0     8    19    16    14    14    15     9    19    17     1     3
     0     4     5     7     8     9     6     8     3     6     1     1
     0     2     4     8    11     5     5     3     7     4     0     2
     0     0     2     3     8     2     1     1     3     0     1     1
     0     1     1     6     8     7     5     2     2     2     0     1
     0     0     0     0     4     1     0     2     3     0     0     0
     0     1     1     5     6     7     7     3     2     0     0     0
     0     1     1     6    15     6     5     2     4     0     0     0
     1     1     2     8    22    16    11    10     8     2     0     0
     4     3     9    36    50    44    52    49    44    12     1     4
     3     3    12    34    72    85    67    72    44    13     2     3
     6     9    29    90   119   172   196   168   117    40     6    11
    18    18    42    85   140   183   198   156   116    54     9    17
    10    16    25    85   182   234   271   175   100    52     8    16
     1     5     9    34    82    80    75    51    26    12     2     1
     2     2     4    29    56    72    59    62    12    13     1     1
     1     1     3     9    22    27    18    13     8     2     1     0
     0     0     3     6    29    32    22    14     4     2     0     0
     2     3     4    16    32    39    28    28     7     5     0     0
     0     0     4    10    18    18    11     9     3     2     1     0
     1     0     4     4    10    17     9     6     2     1     1     0
     0     0     1     6     7    13     9     3     0     4     0     1
     1     3     6    12    12    19     7     5     0     3     0     0
     0     0     0     4     9     7     6     3     3     3     0     0
     3     5     4    22    26    18    13     9     5     5     2     0
     0     2     7    12    18    18    13     7     2     6     3     2
     3     1    11     7    13     9     6    11    10     8     4     1
     6     6    18    34    28    32    21    25    20    23    13     5
     5     5    10    13    20    10    11    16     9    11    11     5
     4     1    10    34    31    21    20    18    19    12    12     2
     6    10    13    15    22     8     7    19    18    14     4     3
     8     9    22    49    33    26    22    30    31    27    14    12
     5
     3    13     8    26    19    16    14     9    13    12     4     1
     4     7    26    39    24    29    12    25    28    15     9     7
     2     7     6    17    23    12    14    26     4     9     5     3
     1     4     9    10    26    16    11     8     5     5     3     4
     0     5     8     8    20    13    11     8    13     2     1     3
     0     1     6     5     9     7     3     3     3     8     1     1
     0     0     0     5     9     4     4     5     2     1     0     0
     0     0     2     0     1     1     0     1     0     1     1     0
     0     1     0     0     5     3     1     0     0     0     0     0
     0     0     0     1     1     3     2     0     1     1     0     0
     0     0     0     5     3     5     4     8     3     1     0     0
     0     1     0     1     3     2     2     4     2     0     0     0
     0     1     3    10    11     9     7     8     4     1     0     0
     7     3    12    32    61    67    68    64    29    13     2     1
     6     5    31    50    76   105    87    92    62    16     8     1
    20    22    64   149   195   270   251   279   182    90    16    16
    33    41    73   148   242   214   224   233   185    99    19    26
    15    28    67   181   293   295   317   280   173    72    14    16
     4    17    23    50   104    88    82    51    28    18     6     8
     1    11     9    36    97   102    67    44    15    12     2     0
     1     0     3    18    25    22    18    11     3     2     1     0
     0     0     2     7    26    18    14     6     0     1     0     0
     0     1     1    10    15    29    12    11     1     2     0     0
     0     1     2     9     6    13     5     6     1     0     0     0
     0     0     2     1     4     7     3     1     0     1     0     0
     0     0     1     0     3     1     2     1     1     0     0     0
     0     1     1     3    11    10     2     3     2     1     0     0
     0     0     1     5     3     5     3     1     0     0     0     0
     1     2    10    14    14    13     3     1     1     5     4     4
     2     2     5     5    12     5     6     3     1     1     5     6
     2     4     8    12    10     2     0    12     6     3     7     3
     8     5    20    28    24    24    13    18     6    12    18    12
     2    15     9    15    19    12     5     9     7     8     7     8
     6    11    29    27    28    15     7    34    16    10    11     9
     6    12    12    13    27    13    11    13    16     9     4     7
     1    13    21    53    42    20    22    27    30    20     4     9
     6
     5     5    10    10     8     2     6     3     5    10     6     3
     4     7    14    33    36    18     4    14    13     7     4     1
     2     1     6     7    12     6     3     3     1     3     1     2
     1     2     5    10    13     5     8     3     5     3     2     0
     0     4     3     6    12    12     8     6     9     0     2     0
     1     0     0     3     3     2     4     1     2     0     0     0
     0     0     0     0     2     1     1     0     1     0     0     0
     0     0     0     0     0     2     2     0     0     0     0     0
     0     0     0     1     3     0     0     0     0     0     0     0
     0     0     0     0     1     0     1     0     0     0     0     0
     0     0     0     1     1     3     5     1     1     0     0     0
     0     0     0     1     1     1     0     0     1     1     0     0
     0     0     4     6     6     4     1     4     1     1     2     0
     2     4    13    26    41    22    30    37    16     8     0     0
     1    10    21    52    51    52    38    57    46    14     2     2
    15    22    74   142   178   200   163   211   171   101    16    13
    28    37    80   137   140   146   105   128   153    81    21    26
     9    41    67   148   209   210   150   186   129   100    18    29
     3     9    10    49    71    51    40    32    21    12     8     5
     0     5     5    23    43    35    20    25    15     7     2     1
     1     1     1     6    10     9     5     8     2     1     1     0
     0     1     2     3    13    12     6     4     0     1     0     0
     0     0     0     6     8     5     1     0     0     1     0     0
     0     0     1     0     3     0     1     0     0     0     0     0
     0     0     0     0     1     1     0     1     0     0     0     0
     0     0     0     0     1     1     1     0     0     0     0     0
     0     0     0     0     0     1     1     0     0     0     0     0
     0     0     0     0     0     1     0     1     0     0     0     0
     0     0     4     3     2     3     1     2     0     0     0     0
     0     0     0     4     2     3     1     0     0     1     1     0
     1     0     2     0     4     0     0     1     0     0     0     1
     2     0     9    11     7     5     0     2     3     0     5     6
     4     1     9     5     5     1     0     1     1     1     3     5
     5     3    13    25     6     7     1     3     8     3     8    10
     7     8     8     8     6     3     3     6     1     6     4     4
    12    12    23    22    15     9     6     9    10    20     3     2
     7
     1     2     4     2     4     0     1     0     1     5     0     0
     1     4     2     6     2     2     2     1     4     2     0     0
     2     4     4     2     3     2     1     0     3     1     1     0
     0     2     1     3     2     1     2     0     2     0     0     0
     0     2     0     1     5     4     2     1     5     0     0     0
     1     0     0     0     2     1     2     0     2     0     0     0
     0     0     0     1     0     1     0     0     0     0     0     0
     0     0     0     0     0     0     0     0     0     0     0     0
     0     0     0     0     0     0     0     0     0     0     0     0
     0     0     0     0     0     0     0     0     0     0     0     0
     0     0     0     2     0     1     0     0     0     1     0     0
     0     0     1     0     0     0     0     0     0     0     0     0
     0     0     3     0     1     0     0     1     1     0     0     0
     1     2     4     7    14    18    14     5     6     2     1     0
     0     0     4    16    21    10    12    13    14     4     1     0
     5    17    33    48    66    57    39    68    68    41     6     3
     4    13    37    55    42    42    28    46    57    30     7    17
     9    19    28    47    73    85    41    52    41    38    11    14
     1     1     9    10    16    18     9     8    12     6     0     1
     0     0     2     4    16     6     9     5     3     0     1     1
     0     0     1     0     3     6     2     2     1     0     0     0
     0     0     1     0     2     0     0     0     0     0     0     0
     0     0     0     0     1     2     0     0     0     0     0     0
     0     0     0     0     0     0     0     0     0     0     0     0
     0     0     0     0     0     0     0     0     0     0     0     0
     0     0     0     0     1     0     0     0     0     0     0     0
     0     0     0     0     0     2     0     0     0     0     0     0
     0     0     0     0     0     0     0     1     0     0     0     0
     0     0     0     2     1     2     0     0     0     0     0     0
     0     0     0     1     0     0     0     0     0     0     0     1
     0     0     2     0     1     0     0     0     0     0     1     0
     0     0     1     5     2     2     0     0     0     0     2     1
     0     0     0     0     1     0     0     0     1     1     2     1
     3     2     1     3     0     1     0     0     0     4     2     1
     0     0     2     0     4     0     0     0     0     0     0     1
     1     5     5     9     2     5     1     2     4     3     1     2
     8
     1     4     9     2     2     0     0     0     2     0     0     0
     4    12    19    10     2    12     6     3     3     2     2     1
     0     0     9     4     1     1     4     1     2     1     3     0
     2     5     3     4     0     5     0     0     3     1     1     0
     0     6     4     3     5     6     2     0     2     0     0     0
     0     0     0     0     2     1     2     0     0     0     0     0
     0     0     0     1     0     3     0     0     0     0     0     0
     0     0     0     0     0     0     0     1     0     0     0     0
     0     0     0     0     0     0     0     0     0     0     0     0
     0     0     0     0     0     0     0     0     0     1     0     0
     0     0     0     1     0     0     0     0     0     0     0     0
     0     0     0     0     1     0     0     0     0     0     0     0
     0     0     1     2     3     0     1     0     0     0     0     0
     0     2     7    13    13     8     6     7    10     4     2     1
     0     5     5    18    13    11     8     7    15     4     0     1
     6    24    45    53    64    66    63    76    56    36     7    10
     4    32    50    54    46    37    25    36    59    40    11     9
     6    35    62    88   118   106    65   127    57    53    15    14
     1    10    11    16    24    14     7    13     9     7     3     3
     0     2     1     4    16     8     4     3     2     3     1     0
     0     0     0     1     5     1     0     1     0     0     0     0
     0     0     0     0     5     1     0     0     0     0     0     0
     0     0     0     1     2     3     2     0     0     1     0     0
     0     0     0     0     0     0     0     0     0     0     0     0
     0     0     0     0     0     0     0     0     0     0     0     0
     0     0     0     0     0     0     0     0     0     0     0     0
     0     0     0     0     3     0     0     0     0     0     0     0
     0     0     0     0     0     0     0     0     0     0     0     0
     0     0     0     2     2     1     0     0     0     0     0     0
     0     0     0     0     0     1     0     0     0     0     0     0
     0     0     0     2     0     0     0     0     0     0     0     0
     0     1     4     5     1     0     0     0     0     1     1     3
     1     0     2     2     0     0     0     0     1     1     0     1
     3     2     6     4     1     0     0     0     1     0     1     3
     1     2     1     0     4     0     1     2     1     0     0     2
     4     0    22    14     3     3     3     0     2     2     5     3
     9
     1     2     0     1     0     0     0     0     0     0     0     0
     1     1     4     2     0     0     1     1     0     0     0     0
     0     0     1     1     0     0     0     0     1     1     0     0
     1     0     2     0     0     0     0     0     0     0     1     0
     0     0     1     1     0     5     1     0     1     0     0     0
     0     0     0     0     0     0     0     0     0     0     0     0
     0     0     0     0     0     0     0     0     0     0     0     0
     0     0     0     0     0     0     1     0     0     0     0     0
     0     0     0     0     0     0     0     0     0     0     0     0
     0     0     0     0     0     0     0     0     0     0     0     0
     0     0     0     0     0     0     0     0     0     0     0     0
     0     0     0     0     0     0     0     0     0     0     0     0
     0     0     0     1     0     0     0     0     0     0     0     0
     0     1     1     0     0     0     1     3     1     0     0     0
     0     0     1     2     0     0     0     3     3     1     0     0
     1     1    13     5    12    15    11    11    15     8     0     2
     1     4    10    20     4     3     2    14     7     4     2     2
     0     4    13    12    14    14    10     8     7     6     0     0
     0     1     0     7     4     1     0     1     3     0     0     0
     0     1     0     0     1     3     0     1     3     1     0     0
     0     0     0     0     0     0     1     0     0     0     0     0
     0     0     0     0     0     0     0     0     0     0     0     0
     0     0     0     0     0     0     0     0     0     0     0     0
     0     0     0     0     0     0     0     0     0     0     0     0
     0     0     0     0     0     0     0     0     0     0     0     0
     0     0     0     0     0     0     0     0     0     0     0     0
     0     0     0     0     0     0     0     0     0     0     0     0
     0     0     0     0     0     0     0     0     0     0     0     0
     0     0     0     0     0     0     0     0     0     0     0     0
     0     0     0     0     0     0     0     0     0     0     0     0
     0     0     0     0     0     0     0     0     0     0     0     0
     0     0     1     1     0     0     0     0     0     0     0     0
     0     0     0     0     0     0     0     0     0     0     0     1
     0     0     1     0     0     1     0     0     0     0     1     1
     0     0     0     0     0     0     0     0     0     0     0     0
     0     3     0     3     0     0     0     0     0     0     3     0
    10
     0     0     1     0     0     0     0     0     0     0     0     0
     1     1     2     4     0     0     0     0     0     0     0     0
     0     0     1     0     0     0     0     0     0     0     0     0
     0     1     2     0     0     0     0     0     0     0     0     0
     0     0     0     1     0     1     0     0     0     0     0     0
     0     0     0     0     0     0     0     0     0     0     0     0
     0     0     0     0     0     0     0     0     0     0     0     0
     1     0     0     0     0     0     0     0     0     0     0     0
     0     0     0     0     0     0     0     0     0     0     0     0
     0     0     0     0     0     0     0     0     0     0     0     0
     0     0     0     0     0     0     0     0     0     0     0     0
     0     0     0     0     0     0     0     0     0     0     0     0
     0     0     0     0     0     0     0     0     0     0     0     0
     0     0     0     0     1     1     0     0     0     0     0     0
     0     0     0     3     0     0     0     0     2     1     0     0
     1     5    10     5    11     3     2     9     9     6     0     0
     1     0     6     5     6     2     2     6     8     3     0     0
     0     3    10    10     4    12     3     8     8     6     1     2
     0     0     1     1     1     1     0     0     1     0     0     0
     0     0     0     0     0     0     1     1     1     0     0     0
     0     0     0     0     0     0     0     0     0     0     0     0
     0     0     0     0     0     0     0     0     0     0     0     0
     0     0     0     0     0     0     0     0     0     0     0     0
     0     0     0     0     0     0     0     0     0     0     0     0
     0     0     0     0     0     0     0     0     0     0     0     0
     0     0     0     0     0     0     0     0     0     0     0     0
     0     0     0     0     0     0     0     0     0     0     0     0
     0     0     0     0     0     0     0     0     0     0     0     0
     0     0     0     0     0     0     0     0     0     0     0     0
     0     0     0     0     0     0     0     0     0     0     0     0
     0     0     0     0     0     0     0     0     0     0     0     0
     0     0     1     0     0     0     0     0     0     0     0     0
     0     0     0     0     1     0     0     0     0     0     0     0
     0     0     1     0     0     0     0     0     0     0     0     0
     0     1     1     0     0     0     0     0     0     0     0     0
     0     0     1     0     0     0     0     0     0     0     1     0
    11
     1     0     0     0     0     0     0     0     0     0     0     0
     0     1     4     8     0     0     0     0     0     0     0     0
     0     0     0     0     0     0     0     0     0     0     0     0
     0     0     2     0     0     0     0     0     0     1     0     1
     1     0     0     0     0     0     0     0     0     0     0     0
     0     0     0     0     0     0     0     0     0     0     0     0
     0     0     0     0     0     0     0     0     0     0     0     0
     0     0     0     0     0     0     0     0     0     0     0     0
     0     0     0     0     0     0     0     0     0     0     0     0
     0     0     0     0     0     0     0     0     0     0     0     0
     0     0     0     0     0     0     0     0     0     0     0     0
     0     0     0     0     0     0     0     0     0     0     0     0
     0     0     0     0     0     0     0     0     0     0     0     0
     0     0     0     1     0     0     0     0     0     0     0     0
     0     0     0     3     1     1     0     1     1     0     0     0
     0     2     5     5     8     4     0     5     5     3     0     0
     2     5     2     5     1     0     1     0     3     2     0     0
     0     2     9    12     9     6     1     1     9     9     0     2
     0     1     0     2     0     0     1     0     0     0     0     0
     0     0     0     1     0     1     0     0     1     0     0     0
     0     0     0     0     0     0     0     0     0     0     0     0
     0     0     0     0     0     0     0     0     0     0     0     0
     0     0     0     0     1     0     0     0     0     0     0     0
     0     0     0     0     0     0     0     0     0     0     0     0
     0     0     0     0     0     0     0     0     0     0     0     0
     0     0     0     0     0     0     0     1     0     0     0     0
     0     0     0     0     0     0     0     0     0     0     0     0
     0     0     0     0     0     0     0     0     0     0     0     0
     0     0     0     0     0     0     0     0     0     0     0     0
     0     0     0     0     0     0     0     0     0     0     0     0
     0     0     0     0     0     0     0     0     0     0     0     0
     0     0     0     0     0     0     0     0     0     0     0     0
     0     0     0     0     0     0     0     0     0     0     0     0
     0     0     0     0     0     0     0     0     0     0     0     0
     1     1     0     0     0     0     0     0     0     0     0     0
     0     0     0     2     1     0     0     0     0     0     0     0
    12
     0     1     0     1     0     0     0     0     0     0     0     0
     0     1     0     2     0     0     0     0     0     0     0     1
     0     0     0     0     0     0     0     0     0     0     0     0
     1     0     1     0     0     0     0     0     0     0     0     0
     0     0     0     0     0     0     0     0     0     0     0     0
     0     0     0     0     0     0     0     0     0     0     0     0
     0     0     0     0     0     0     0     0     0     0     0     0
     0     0     0     0     0     0     0     0     0     0     0     0
     0     0     0     0     0     0     0     0     0     0     0     0
     0     0     0     0     0     0     0     0     0     0     0     0
     0     0     0     0     0     0     0     0     0     0     0     0
     0     0     0     0     0     0     0     0     0     0     0     0
     0     0     0     0     0     0     0     0     0     0     0     0
     0     0     0     0     0     0     0     0     0     0     0     0
     0     0     0     3     0     0     0     0     0     0     0     0
     0     1     0     2     1     0     0     0     8     0     0     0
     0     2     0     6     1     1     0     0     2     0     0     0
     0     0     2     5     1     3     0     2     3     4     0     1
     0     1     1     0     0     0     0     0     1     0     0     0
     0     0     1     1     0     0     0     0     0     0     0     0
     0     0     0     0     0     0     0     0     0     0     0     0
     0     0     0     0     0     0     0     0     0     0     0     0
     0     0     0     0     0     0     0     0     0     0     0     0
     0     0     0     0     0     0     0     0     0     0     0     0
     0     0     0     0     0     0     0     0     0     0     0     0
     0     0     0     0     0     0     0     0     0     0     0     0
     0     0     0     0     0     0     0     0     0     0     0     0
     0     0     0     0     0     0     0     0     0     0     0     0
     0     0     0     0     0     0     0     0     0     0     0     0
     0     0     0     0     0     0     0     0     0     0     0     0
     0     0     0     0     0     0     0     0     0     0     0     0
     0     0     0     0     0     0     0     0     0     0     0     0
     0     0     0     0     0     0     0     0     0     0     0     0
     0     0     0     1     0     0     0     0     0     0     0     0
     0     0     0     0     0     0     0     0     0     0     0     0
     1     2     2     0     0     0     0     0     0     0     1     0
    13
     0     0     0     0     0     0     0     0     0     0     0     0
     0     0     0     0     0     0     0     0     0     0     0     0
     0     0     0     0     0     0     0     0     0     0     0     0
     0     0     0     0     0     0     0     0     0     0     0     0
     0     0     0     0     0     0     0     0     0     0     0     0
     0     0     0     0     0     0     0     0     0     0     0     0
     0     0     0     0     0     0     0     0     0     0     0     0
     0     0     0     0     0     0     0     0     0     0     0     0
     0     0     0     0     0     0     0     0     0     0     0     0
     0     0     0     0     0     0     0     0     0     0     0     0
     0     0     0     0     0     0     0     0     0     0     0     0
     0     0     0     0     0     0     0     0     0     0     0     0
     0     0     0     0     0     0     0     0     0     0     0     0
     0     0     0     0     0     0     0     0     0     0     0     0
     0     0     0     0     0     0     0     0     0     0     0     0
     0     1     0     0     0     1     0     0     0     0     0     0
     0     0     0     0     0     0     0     0     0     0     0     0
     0     1     0     0     0     0     0     0     0     3     0     0
     0     0     0     0     0     0     0     0     0     0     0     0
     0     0     0     0     0     0     0     0     0     0     0     0
     0     0     0     0     0     0     0     0     0     0     0     0
     0     0     0     0     0     0     0     0     0     0     0     0
     0     0     0     0     0     0     0     0     0     0     0     0
     0     0     0     0     0     0     0     0     0     0     0     0
     0     0     0     0     0     0     0     0     0     0     0     0
     0     0     0     0     0     0     0     0     0     0     0     0
     0     0     0     0     0     0     0     0     0     0     0     0
     0     0     0     0     0     0     0     0     0     0     0     0
     0     0     0     0     0     0     0     0     0     0     0     0
     0     0     0     0     0     0     0     0     0     0     0     0
     0     0     0     0     0     0     0     0     0     0     0     0
     0     0     0     0     0     0     0     0     0     0     0     0
     0     0     0     0     0     0     0     0     0     0     0     0
     0     0     0     0     0     0     0     0     0     0     0     0
     0     0     0     0     0     0     0     0     0     0     0     0
     0     0     0     0     0     0     0     0     0     0     0     0
    14
     1     0     0     0     0     0     0     0     0     0     0     0
     1     1     0     0     0     0     0     0     0     0     0     0
     0     0     0     0     0     0     0     0     0     0     0     0
     0     0     0     0     0     0     0     0     0     0     0     0
     0     0     0     0     0     0     0     0     0     0     0     0
     0     0     0     0     0     0     0     0     0     0     0     0
     0     0     0     0     0     0     0     0     0     0     0     0
     0     0     0     0     0     0     0     0     0     0     0     0
     0     0     0     0     0     0     0     0     0     0     0     0
     0     0     0     0     0     0     0     0     0     0     0     0
     0     0     0     0     0     0     0     0     0     0     0     0
     0     0     0     0     0     0     0     0     0     0     0     0
     0     0     0     0     0     0     0     0     0     0     0     0
     0     0     0     0     0     0     0     0     0     0     0     0
     0     0     0     0     0     0     0     0     0     0     0     0
     0     0     0     0     0     0     0     0     1     1     0     0
     0     0     0     0     0     0     0     0     0     4     0     0
     0     0     0     1     0     2     0     0     0     0     0     0
     0     0     0     0     0     0     0     0     0     0     0     0
     0     0     0     0     0     0     0     0     0     0     0     0
     0     0     0     0     0     0     0     0     0     0     0     0
     0     0     0     0     0     0     0     0     0     0     0     0
     0     0     0     0     0     0     0     0     0     0     0     0
     0     0     0     0     0     0     0     0     0     0     0     0
     0     0     0     0     0     0     0     0     0     0     0     0
     0     0     0     0     0     0     0     0     0     0     0     0
     0     0     0     0     0     0     0     0     0     0     0     0
     0     0     0     0     0     0     0     0     0     0     0     0
     0     0     0     0     0     0     0     0     0     0     0     0
     0     0     0     0     0     0     0     0     0     0     0     0
     0     0     0     0     0     0     0     0     0     0     0     0
     0     0     0     0     0     0     0     0     0     0     0     0
     0     0     0     0     0     0     0     0     0     0     1     0
     0     0     0     0     0     0     0     0     0     0     0     0
     0     0     0     0     0     0     0     0     0     0     0     0
     0     1     1     0     0     0     0     0     0     0     0     0
    15
     0     1     0     0     0     0     0     0     0     0     0     0
     0     0     0     0     0     0     0     0     0     0     0     0
     0     0     0     0     0     0     0     0     0     0     0     0
     0     0     0     0     0     0     0     0     0     0     0     0
     0     0     0     0     0     0     0     0     0     0     0     0
     0     0     0     0     0     0     0     0     0     0     0     0
     0     0     0     0     0     0     0     0     0     0     0     0
     0     0     0     0     0     0     0     0     0     0     0     0
     0     0     0     0     0     0     0     0     0     0     0     0
     0     0     0     0     0     0     0     0     0     0     0     0
     0     0     0     0     0     0     0     0     0     0     0     0
     0     0     0     0     0     0     0     0     0     0     0     0
     0     0     0     0     0     0     0     0     0     0     0     0
     0     0     0     0     0     0     0     0     0     0     0     0
     0     0     0     0     0     0     0     0     0     0     0     0
     0     0     0     0     0     0     0     0     0     1     0     0
     0     0     0     0     0     0     0     0     0     1     0     0
     0     0     0     0     0     0     0     0     0     0     0     0
     0     0     0     0     0     0     0     0     0     0     0     0
     0     0     0     0     0     0     0     0     0     0     0     0
     0     0     0     0     0     0     0     0     0     0     0     0
     0     0     0     0     0     0     0     0     0     0     0     0
     0     0     0     0     0     0     0     0     0     0     0     0
     0     0     0     0     0     0     0     0     0     0     0     0
     0     0     0     0     0     0     0     0     0     0     0     0
     0     0     0     0     0     0     0     0     0     0     0     0
     0     0     0     0     0     0     0     0     0     0     0     0
     0     0     0     0     0     0     0     0     0     0     0     0
     0     0     0     0     0     0     0     0     0     0     0     0
     0     0     0     0     0     0     0     0     0     0     0     0
     0     0     0     0     0     0     0     0     0     0     0     0
     0     0     0     0     0     0     0     0     0     0     0     0
     0     0     0     0     0     0     0     0     0     0     0     0
     0     0     0     0     0     0     0     0     0     0     0     0
     0     0     0     0     0     0     0     0     0     0     0     0
     0     0     0     0     0     0     0     0     0     0     0     0
    16
     1     0     0     0     0     0     0     0     0     0     0     0
     0     0     0     0     0     0     0     0     0     0     0     0
     0     0     0     0     0     0     0     0     0     0     0     0
     0     0     0     0     0     0     0     0     0     0     0     0
     0     0     0     0     0     0     0     0     0     0     0     0
     0     0     0     0     0     0     0     0     0     0     0     0
     0     0     0     0     0     0     0     0     0     0     0     0
     0     0     0     0     0     0     0     0     0     0     0     0
     0     0     0     0     0     0     0     0     0     0     0     0
     0     0     0     0     0     0     0     0     0     0     0     0
     0     0     0     0     0     0     0     0     0     0     0     0
     0     0     0     0     0     0     0     0     0     0     0     0
     0     0     0     0     0     0     0     0     0     0     0     0
     0     0     0     0     0     0     0     0     0     0     0     0
     0     0     0     0     0     0     0     0     0     0     0     0
     0     0     0     0     0     0     0     0     0     0     0     0
     0     0     0     0     0     0     0     0     0     2     0     0
     0     0     0     0     0     0     0     0     0     1     0     0
     0     0     0     0     0     0     0     0     0     0     0     0
     0     0     0     0     0     0     0     0     0     0     0     0
     0     0     0     0     0     0     0     0     0     0     0     0
     0     0     0     0     0     0     0     0     0     0     0     0
     0     0     0     0     0     0     0     0     0     0     0     0
     0     0     0     0     0     0     0     0     0     0     0     0
     0     0     0     0     0     0     0     0     0     0     0     0
     0     0     0     0     0     0     0     0     0     0     0     0
     0     0     0     0     0     0     0     0     0     0     0     0
     0     0     0     0     0     0     0     0     0     0     0     0
     0     0     0     0     0     0     0     0     0     0     0     0
     0     0     0     0     0     0     0     0     0     0     0     0
     0     0     0     0     0     0     0     0     0     0     0     0
     0     0     0     0     0     0     0     0     0     0     0     0
     0     0     0     0     0     0     0     0     0     0     0     0
     0     0     0     0     0     0     0     1     0     0     0     0
     0     0     0     0     0     0     0     0     0     0     0     0
     0     0     0     0     0     0     0     0     0     0     0     0
    17
     0     0     0     0     0     0     0     0     0     0     0     0
     0     0     0     0     0     0     0     0     0     0     0     0
     0     0     0     0     0     0     0     0     0     0     0     0
     0     0     0     0     0     0     0     0     0     0     0     0
     0     0     0     0     0     0     0     0     0     0     0     0
     0     0     0     0     0     0     0     0     0     0     0     0
     0     0     0     0     0     0     0     0     0     0     0     0
     0     0     0     0     0     0     0     0     0     0     0     0
     0     0     0     0     0     0     0     0     0     0     0     0
     0     0     0     0     0     0     0     0     0     0     0     0
     0     0     0     0     0     0     0     0     0     0     0     0
     0     0     0     0     0     0     0     0     0     0     0     0
     0     0     0     0     0     0     0     0     0     0     0     0
     0     0     0     0     0     0     0     0     0     0     0     0
     0     0     0     0     0     0     0     0     0     0     0     0
     0     0     0     0     0     0     0     0     0     0     0     0
     0     0     0     0     0     0     0     0     0     2     0     0
     0     0     0     0     0     0     0     0     0     0     0     0
     0     0     0     0     0     0     0     0     0     0     0     0
     0     0     0     0     0     0     0     0     0     0     0     0
     0     0     0     0     0     0     0     0     0     0     0     0
     0     0     0     0     0     0     0     0     0     0     0     0
     0     0     0     0     0     0     0     0     0     0     0     0
     0     0     0     0     0     0     0     0     0     0     0     0
     0     0     0     0     0     0     0     0     0     0     0     0
     0     0     0     0     0     0     0     0     0     0     0     0
     0     0     0     0     0     0     0     0     0     0     0     0
     0     0     0     0     0     0     0     0     0     0     0     0
     0     0     0     0     0     0     0     0     0     0     0     0
     0     0     0     0     0     0     0     0     0     0     0     0
     0     0     0     0     0     0     0     0     0     0     0     0
     0     0     0     0     0     0     0     0     0     0     0     0
     0     0     0     0     0     0     0     0     0     0     0     0
     0     0     0     0     0     0     0     0     0     0     0     0
     0     0     0     0     0     0     0     0     0     0     0     0
     0     0     0     0     0     0     0     0     0     0     0     0
