16
Bethel, AK 26615
     0
     -21.200     -21.800     -15.700      -8.900       1.100       7.800
      10.600      10.000       5.500      -3.300     -12.900     -20.000
     -12.900     -13.900      -8.400      -2.300       5.000      10.600
      12.800      11.600       8.300        .000      -7.900     -12.200
      -5.000      -5.000      -1.800       1.100       8.800      13.800
      16.100      13.800      10.600       3.200      -2.300      -2.800
      69.000      60.000      67.000      68.000      61.000      59.000
      65.000      72.000      68.000      72.000      75.000      69.000
      79.000      75.000      78.000      79.000      77.000      75.000
      83.000      86.000      83.000      82.000      82.000      80.000
      85.000      84.000      88.000      88.000      89.000      89.000
      93.000      93.000      93.000      92.000      89.000      88.000
       3.100       3.500       3.100       3.100       2.700       2.700
       2.700       2.700       2.700       3.100       2.700       3.100
       4.800       5.200       4.800       4.400       4.000       3.500
       3.500       3.500       4.000       4.000       4.400       4.800
       6.300       6.800       6.300       5.900       5.200       5.200
       4.800       5.200       5.500       5.900       5.900       6.800
      40.000      30.000      20.000     350.000     320.000     230.000
     220.000     200.000      40.000      10.000      30.000      40.000
     1
     -13.367     -13.675      -9.211      -3.995       5.036      10.954
      13.425      12.078       8.183       -.415      -7.994     -11.937
      75.639      72.007      76.344      77.069      74.104      73.225
      77.889      81.877      79.344      80.927      81.167      76.564
     2
     3     3    13    10    14    12    12    14    13    13     7    14
     8    13     7    13    17    14    13    17    15    11     9    12
     3     4     7     8     7    16    19    10    16     6     5     3
     2     5    12     6    10    20    15    12    14     7    14     5
     8    14    12     9    30    26    25    23    13     5    21    10
     4     4     4     9    15    18    13    20    15     7     9    10
     3     9     9    11    19    16    17    27    12    13     6     6
     8     3     4     6    14    13     8    12    16    10     2     8
    11     5     7    12    14    18    21    28    27     6     9     4
     6     6     2     4    13    14    14    11    14     3     5     4
     3     4     8    10    23    19    26    18    25     3    10     4
     7     7     3     9    14    22    18    20    14     7     9     6
     4     5     8     9    10    13    18    18     8     3     7     0
     0     2     7     7    19    22    29    17    10     6    14     3
     5     2     7     7    10    12    12    11     7     5     1     4
     1     7     3    14    16    15    21    13     8     3     8     2
     3     2     5     4     5    22    15    16    11     4     4     1
     2     4     9    10    17    17    25    24    16    12     3     1
     4     0     3     5    13    17    16    13    14     7     0     5
     0     2     8     7    16    23    23    16    12     2     4     6
     3     1     2     7    16    12    18    14    12     2     8     8
     6     4     6     8    16    19    22    12     7     4     4     3
     1     3    12    11    27    31    31    30    10     9     7     6
     2     4     9     4    17    19    27    27    10     9     7     6
     3     4     7     5    16    28    31    25    13    12     6     4
     2     2     5     9    17    22     7    16     4    12     5     3
     4     1     3    12    16    22    28    14    13     9     4     9
     3     0     1     6    16    21    12    15     7     4     2     0
     3     6     8    10    23    18    21    19    10     4     5     2
     2     4     4     4    12    21    16    20    11    11     6    12
     6     5     4     7    16    14    14    10     4    10     6     5
     2     3    11    13    21    19    14    24    16    10     8     5
     7     5     4    10    12    17    22    15     4     8     4     7
     4     5    16    14    24    38    26    19    12     7    11    14
     8     8    12    12    17    26    23    20     5     8     4     2
     7     6    12    15    19    29    23    20    12     8    20    12
     3
    20    34    37    51    44    44    70    63    44    36    45    27
    45    67    48    75    53    57    62    75    54    57    62    43
    24    41    58    53    30    44    39    47    56    36    51    36
    31    31    45    41    55    48    49    65    50    59    47    45
    43    63    70    58    77    66    69    67    81    62    62    54
    35    21    33    30    68    57    54    81    59    52    42    47
    43    35    48    45    72    60    62    98    65    57    40    43
    17    11    19    42    75    59    44    53    58    25    17    19
    22    29    25    45   101    75    79   111    83    52    16    23
     9    17    18    28    56    52    45    60    53    26    16    13
    10    13    23    43    79    87    74    96    55    39    19    14
     8    12    18    41    49    70    69    65    42    30    18    15
    12    12    18    34    42    55    61    57    29    23    15    13
     9    11    13    34    52    52    59    76    33    19    24    16
     7    10    21    34    46    48    49    52    25    22     9     8
    10    15    29    67    68    61    96    95    41    20    19    17
     2     9    18    30    47    52    55    72    31    31    21    12
    11    14    38    48    82    79    92    85    42    34    19    12
     6    11    17    25    52    73    88    71    27    28    17    10
     9     5    22    39    79    76   129    89    36    30    12     9
     4     8    24    24    65    63    70    77    20    21    12     8
     5     7    13    32    41    65    84    69    34    18    14    11
     8     8    34    54    89   119   143   123    52    33    23    11
     7     4    23    48    87   102   133   104    46    15    23    11
     9    10    29    42    82   129    94   106    63    45    26     8
    12    10    15    21    56    76    84    81    27    23    15     4
    10    10    27    54    74    81    98    65    45    36    12     9
     8    14    21    32    59    62    51    42    41    22    15     4
    14    10    33    49    88   104   130    83    50    54    30     8
    14    18    29    39    70   109    99    54    30    36    14    17
    13    18    18    38    65    80    72    59    34    40    18    10
    11    21    37    65    97   110   105    73    33    43    37    18
    10    22    24    62    78    67    74    69    26    24    19     8
    22    37    42    80   109   132   128   100    63    68    41    21
    17    33    48    64    71    92    63    70    45    38    26    10
    26    41    60    86    90    89    99    76    70    72    50    30
     4
    18    37    61    49    35    46    31    43    45    53    20    24
    71    57    74    64    56    37    40    39    56    61    53    51
    42    54    78    41    32    26    29    30    28    46    37    36
    58    37    99    40    30    27    29    27    50    29    46    35
    38    45    69    38    46    26    40    42    53    49    54    50
    37    24    33    35    42    43    29    38    46    39    27    23
    38    24    16    32    48    44    41    71    49    44    14    29
    19    15    12    19    33    42    35    40    37    25    15     8
    31    13    35    37    64    39    42    70    61    28    12    10
     7     7    21    28    44    36    26    47    39    11    13    13
    14    10    18    33    53    38    26    52    45    35     8     9
     7    10     8    19    29    39    39    41    27    15     6    11
     3    10     7    17    33    33    26    32    26    20    15    10
    13    14    10    30    37    38    33    49    25    12    12     7
    12    10    15    15    26    33    26    38    28    12    13     5
    10    18    24    22    48    49    47    72    43    34    18    10
     5     9    12    28    32    42    45    47    36    24    24     2
     9    17    28    39    83    65    65    86    44    31    23    17
    11    12    26    31    44    57    87    85    43    37    19    13
     4     8    23    26    67    64   113    89    52    20    12     8
     6     9    10    21    39    69    77    60    28    12     7     4
     5     7    16    29    42    75   109    53    32    14     9    11
     6     8    26    31    58    95   122   104    36    36    12     8
     2    12    17    23    41    73    93    61    35    26    15     4
     8     8    28    49    64    77    97    62    47    32    18    11
     4     9    10    23    38    46    45    42    20    17    11     6
     4    14    22    42    38    89    64    55    18    22    13     7
     3     5    16    20    45    41    59    30    14    16    14     5
    17    13    34    67    86    92    86    61    43    49    21     6
    11     8    21    59    82    81    70    60    28    32    16    10
    12    20    31    67    81    92    84    51    35    27    16    13
     9    20    29    79    87    99    94    53    39    47    16     6
    12    12    23    66    61    61    52    42    34    26    11     5
    22    20    40    72    81    89    85    51    61    49    20     9
    11    26    36    59    64    58    46    42    28    35    16    14
    23    47    58    72    71    58    62    60    43    63    33    22
     5
    25    60    65    79    56    41    35    44    43    75    35    25
    90    90   154   101    65    53    38    46    77    90    84    65
    77   100   146    65    43    33    30    33    44    63    83    72
    79    68   122    50    42    31    24    36    55    61    59    50
    98    58   111    40    45    25    23    34    76    95    81    59
    75    43    41    25    40    33    39    39    62    51    39    36
    47    25    39    36    52    37    38    80    87    63    28    24
    24    16    32    38    48    49    28    42    53    27    21    19
    22    27    30    35    74    68    41    57    63    31    21    16
     8    23    23    29    45    65    31    37    57    26    15     5
    15    29    32    53    73    79    46    51    36    29    23    14
    10    12    27    39    55    73    36    39    34    18    10    20
     9    12    15    18    41    52    26    28    26    19    14     7
    10    12    13    23    54    59    24    41    26    14    17    13
    13     9    14    30    32    26    22    41    29    28    11    12
    21    21    36    47    82    56    52    83    62    40    25    15
     8     8    23    21    56    51    52    79    38    37    25    20
    13    20    43    50   114   111   119   121    80    52    22    13
     7    17    27    41    85    83   122   112    43    30    25    12
    11    11    37    36   101   142   196   137    74    22    17    16
     6     7    17    26    45    96   148    85    37    19    11     2
     0     2     9    17    58    74   154   112    30    16    11     4
     2     7    37    27    60   122   188   114    67    18    10     6
     6     6    17    24    65    78   122    77    40    22    12     3
     5     6    18    63    58   109   118    75    29    26    11     4
     4     7     8    25    41    56    51    41    18     8     4     1
     2    24    14    44    42    83    91    50    45    24     7     7
     2    11    21    38    55    48    74    36    25    25    10     5
    13    18    49   105   112   114   110    60    50    50    21    12
    16    17    33    95   107    82    70    47    57    48    22     9
     9    20    37    97   127    95    90    62    45    49    15     9
    12    34    66   113   153   161   108    52    65    59    21    16
    10    27    32   111    88    68    42    37    50    47    17    11
    20    40    65   115    97   104   105    28    76    58    36    18
    32    31    48    65    46    46    30    23    48    67    26    18
    37    68    99    99    81    49    55    53    44    85    25    34
     6
    27    52    68    44    26    15     7    16    43    47    21    17
    75   148   142    76    44    18    29    22    72    90    93    56
    80   101   129    64    45    14     6    21    53    37    51    41
    80    77   111    27    25    14     6    25    41    48    68    60
    89    53    75    31    23     8    13    24    54    47    63    48
    48    25    33    20    22    16    11    27    41    34    28    28
    17    16    36    28    55    22    21    33    60    32    15    17
    16     7    24    24    47    24    22    16    25    27    16     5
    12    15    28    42    50    41    13    23    35    22    15    10
    12    13    13    27    49    39    17    11    17     8     9    10
    20    13    16    40    47    53    24    20    20    15    16    12
     7    19    13    24    33    33    17    13    16     9    13     8
     9    11    10    13    24    18    16    11     8    13     7     4
     7     6    15    24    28    21    11    18    26     9     7     4
     7     4    10    23    19    20    11    23    25    25    10     3
    12    15    44    41    77    49    38    62    58    39    23    19
    10     4    21    26    42    37    52    70    36    16    21    15
    17    17    38    44    98   112    90   122    62    39    21    10
     9     5    19    50    83    68    80   113    51    31    19    14
    13    14    35    27    92   142   191   118    51    25    14    16
     6     6    21    22    32    66    91    68    31    20     8     8
     0     2    10    17    29    54    78    74    25    13     4     7
     6     2    25    32    50    94   100    74    45    18     8     1
     1     2     9    12    28    21    35    38    28    16     0     2
     4     6    10    32    25    50    50    36    29    15     4     0
     1     3     6    15    18    14    13    21    11     6     3     4
     3     5    16    25    28    38    35    33    18    11     7     3
     1     7     9    12    23    26    23    16    17    15     5     2
     9    21    25    58    58    91    44    16    32    33    10     8
     5    16    15    60    54    37    24    20    19    33    13    12
     4    16    20   106    75    60    48    24    35    51    16    11
     6    27    51   109    86   113    52    25    50    45     9    12
     8    14    21    56    34    36    27     7    27    30    15     2
    26    40    32    76    32    69    33    12    46    62    22    23
     8    22    24    40    26    20    19     7    36    34    20     2
    20    60    40    60    30    21    17    22    44    36    11    18
     7
     8    23    13    13     8     5     1     2    13    19     4     9
    50    81    72    38    10     5     9     3    23    48    52    49
    36    61    86    27    17     4     0     7    17    19    28    35
    43    67    62    17    12     6     2     5    16    27    35    37
    41    38    48    11    10     3     2     6    26    29    40    35
    12    13    15    13    10     2     2     5    11     8    15     6
     6     8     8    16    29     5     6    15    10    10     6     1
     4     4     2    10    17     9     5     4     5    11     4     2
     5     4     6    16    16    11     1     5    11     8     6     4
     2     9     6     9    13    18     3     3     1     2     3     2
    11     9     6    12    11    18     2     6     7     5    10     8
     4     9     4    13    13    11     3     1     3     5     5     4
     6     3     7     4     9    10     3     7     3     2     7     1
     1     7     9     5    14     7     4     5     8     5     2     3
     1     3     1    12    18     7     3    11    12    14     1     8
     9    10    24    17    24    14    13    30    30    16     7    13
     4     8    12    17    25    23    12    34    27    12    13     6
     6    15    21    24    39    52    74    45    35    20     9     6
     4     1    11    27    36    41    37    51    17    17     6     7
     3     3    12    24    40    44    69    65    29    22     4     3
     5     2     3    11    11    10    34    31    16     7     8     3
     0     4     4     7    11    12    24    30    17     6     2     3
     7     1     6    19    18    22    25    40    15     7     5     1
     3     2     6     5     8     6    13     5     7     8     2     0
     3     3     7    15     8     7    13    13    15     2     0     1
     0     0     1     0     7     3     5     8     2     3     1     0
     2     1     3     5     6     9    12    11     5     5     1     3
     1     5     5     3    15     8     6     3     2     7     1     1
     1     3    12    31    21    17    15    12    11    12     2     4
     1     3     9    18    23    10     7     9     6     7     6     3
     1     5    10    37    32    20    13    10     9    11     3    13
     2     7    10    44    32    44    12     6     8    19     7     8
     2     3    10    20    11     9     8     1     8    11     9     0
     6    12     8    33    19    18    13     3    17    21    11     7
     0    21     7    10     8     9     2     0     6     6    10     5
     9    23    16    23     8     9     4     2     7    16     4     8
     8
     8    33    24    10     5     0     0     1     8     9    12     8
    56   113    89    43    16     1     0     0    15    42    61    57
    54   132   102    33    14     6     0     5    15    37    50    43
    62   105    79    28     4     2     0     2    19    39    49    57
    49    67    50    35    15     2     2     3    21    31    46    42
    10     9    13    17     5     2     3     7    15     9     2    11
    10     7    12    24    19     5     6     6    11     8     7     2
     2     2    11    12    20    17     4     3     5    10     2     3
     4     5    12    13    21     9     5     1     3     4     3     2
     5     5     5     5    12    12     3     1     6     5     4     1
    11    13     8     3    16    18     4     2     3     9    11     5
     1     6     4     6    18    10     1     1     9     3     8     5
     5     5     6     4     7     3     0     2     2     2     3     4
     9     4     7     5    10     8     2     4     5     3     8    14
     6     9     8    15    18     6     4     6    14     8     3     4
    14    15    19    32    35    22    16    33    23    30    16    11
     6    11    14    34    30    18    13    33    24    21     7    18
    10    23    38    36    51    35    55    55    40    15    16    11
     6     1    17    42    37    39    36    61    30    13    21     8
     8     3    33    43    43    50   103   106    48    19     7     6
     2     4     3    17     6     9    33    29    12    12     5     1
     0     0     8    11     9     9     6    22     6     7     0     1
     3     1    12    39    23    26    24    25    15     8     8     4
     3     3    10     7     5     3     4     4    11     6     4     1
     1     4     7     9     7     3     8     6     9     7     2     1
     0     1     1     0     6     0     6     5     2     5     0     0
     2     5     3     6     4     6    10     6     7     5     2     4
     1     2     1     0     3     4     4     5     7    12     3     1
     1     1     7    18     5    13     8     8     4    22     5     0
     1     5     4    20    15     8     4     5    10     5     5     5
     1     2    12    40    15     9     4     6    15    16     8    14
     2     4    19    65    34    41     6     1     6    19    12     6
     1     3     9    16     5    10     1     1     3    12     5     4
    13    13    14    39     3    25     1     4    14    20     8    10
     2    12     1    13     2     3     1     3    11     9     2     6
    12    11     7    25     3     8     1     1     9    24     3     5
     9
     3     4     1     4     0     0     0     0     1     4     2     1
    14    36    30     9     0     0     0     0     1    10    19    24
    23    69    47    13     1     0     0     0     1    11    18    24
    24    34    41     9     1     0     0     0     7    15    20    35
    17    20    16     6     2     0     1     0     6    14    14    12
     2     9     4     4     0     0     1     1     5     3     3     2
     2     2     4     2     8     0     2     2     4     2     4     0
     0     0     3     1     7     4     0     0     0     2     0     1
     1     3     2     2     4     1     0     1     0     1     1     2
     1     2     2     0     2     0     0     0     0     1     2     1
     3     1     0     2     5     0     0     0     0     2     7     2
     1     2     0     0     2     2     0     0     1     2     1     3
     1     3     3     0     1     0     0     0     2     1     0     1
     0     1     8     3     4     1     0     0     0     1     4     7
     3     1     7     2     7     1     0     0     7     1     2     2
     5     3     8    15     3     8     4     8     5    10     4     6
     2     2     4    16    10     6     3     9    11     0     2     3
     2    10    10    19    17    17    21    21    10     4     5     8
     2     5     5    11    10    10    19    14    10     2     9    12
     0     1    16     7    19    11    23    25     8     4     3     3
     2     0     4     7     2     3     7     7     3     3     1     2
     1     1     4     8     6     0     2     3     2     6     2     2
     0     0     3     7    15     4     5     0     1     1     3     3
     0     0     0     2     4     0     0     0     2     0     2     1
     0     3     6     2     0     1     1     0     1     0     0     1
     0     1     2     1     0     0     2     0     0     1     0     1
     0     0     0     5     1     1     0     0     0     2     1     1
     0     1     0     1     0     0     0     0     1     4     0     0
     1     0     0     8     3     2     1     1     4     7     1     1
     0     3     4     1     4     0     0     0     1     2     0     1
     1     0     3    12     7     1     1     1     0     4     3     3
     0     0     9    13     3     3     0     1     0     4     3     3
     0     0     5     5     0     1     0     0     1     2     0     1
     1     1     3     4     1     2     0     1     0     3     2     4
     0     2     0     1     1     0     0     1     1     5     0     1
     2     1     2     5     0     0     0     0     2     3     0     5
    10
     2     3     2     0     0     0     0     0     0     5     0     0
     7    23    19     6     0     0     0     0     0     8    11    14
    18    44    26     7     1     0     0     0     4    12    16    12
    22    35    23     4     2     1     0     0     5    11     9    28
    17     2     9     2     2     0     0     0     1    11    12     2
     2     4     2     0     0     0     1     0     1     4     1     2
     2     0     2     1     2     0     0     0     0     1     3     1
     1     1     3     1     2     0     1     1     1     0     1     2
     1     0     3     1     2     1     0     1     0     0     1     3
     2     1     1     1     0     0     0     0     0     1     3     0
     0     2     3     2     4     0     0     0     1     1     0     2
     1     1     1     2     1     1     0     0     2     1     0     2
     0     2     1     1     0     0     0     0     0     2     0     0
     2     0     1     1     0     0     0     0     0     0     2     5
     1     5     2     2     3     1     0     2     0     0     0     0
     2     2     5     6     7     4     1     6     1     6     4     5
     4     2     3    11     1     6     3     2     4     2     1     1
     5     3    15     6     9     7    15    17    16    10     5     8
     5     5     5    16     2     9     3     4    15     5     5     5
     2     2    11    12    11    14    17    25     9     2     4     5
     1     2     4     5     3     0     2     5     3     1     0     1
     1     1     1     4     1     1     1     0     5     1     1     0
     3     1     4     0     6     1     2     1     2     1     0     1
     0     0     1     2     2     1     0     0     2     0     2     2
     1     0     0     0     1     0     1     0     1     0     1     0
     0     1     1     1     0     0     0     0     2     0     0     1
     0     0     1     4     0     0     2     1     1     1     0     0
     0     0     1     1     0     1     0     0     1     4     0     0
     0     0     1     0     0     1     0     1     2     4     0     0
     0     0     0     2     2     0     0     0     2     1     0     0
     0     0     2     5     4     0     0     1     2     0     0     1
     0     0     4     8     1     1     0     0     1     2     1     0
     0     0     0     1     1     0     0     1     0     1     0     0
     0     1     5     6     0     1     0     0     0     5     1     1
     0     1     0     1     1     0     0     0     0     2     2     1
     0     0     0     5     0     0     0     1     0     5     0     2
    11
     0     1     0     2     0     0     0     0     0     0     0     2
    10    23     9     2     0     0     0     0     0     6     2    12
    21    48    38     3     1     0     0     0     3     9    10    11
    28    33    11     3     3     0     0     0     2     6    11    15
    16     6     8     0     1     0     0     0     1     5     5     8
     1     4     1     0     0     0     0     0     0     4     4     3
     0     2     5     0     4     0     0     0     0     0     4     1
     0     1     1     1     2     0     0     0     0     1     0     0
     1     0     0     2     0     0     0     0     0     0     0     0
     4     1     2     0     0     0     0     0     0     0     3     0
     1     2     0     0     1     1     0     0     0     0     1     2
     2     1     1     0     1     0     0     0     0     1     2     2
     1     1     1     0     0     0     0     0     1     0     2     2
     2     3     5     1     1     0     0     0     0     1     1     1
     1     3     6     5     1     1     0     0     1     3     1     2
     3     7    11    18     6    10     1     5     2    14     7    10
     3     4     4    15     3     3     4     7     4     0     2     5
     5     8     7    10     3    11    11    18    15     7     3     6
     2     2     6     4     6     6     9    11    11     2     1     5
     1     3    14     6     2     2    11    25    13     1     5     4
     2     1     1     1     0     1     1     2     3     0     2     0
     1     0     1     0     0     0     0     2     1     1     0     1
     0     0     2     1     1     1     5     2     2     1     0     1
     1     1     3     0     0     1     0     1     2     0     1     3
     0     1     3     0     0     0     0     0     1     0     0     1
     0     0     1     1     1     0     0     0     0     0     0     0
     1     0     2     0     0     0     0     0     0     0     0     0
     0     0     1     0     0     0     0     0     0     0     0     1
     0     0     0     4     0     0     0     0     2     4     0     0
     0     0     0     0     0     0     0     0     2     0     0     0
     0     0     2     3     0     0     0     0     0     1     1     0
     0     0     3    10     0     0     0     0     2     1     0     1
     0     0     0     1     1     0     0     0     0     1     0     0
     1     1     0     0     1     0     0     1     0     1     0     1
     0     0     0     2     0     0     0     0     0     1     0     0
     0     0     0     0     0     0     1     0     0     6     0     0
    12
     0     1     0     1     0     0     0     0     0     0     0     0
     3     8     6     1     0     0     0     0     0     0     0    13
     5    27     9     1     0     0     0     0     0     2     3     4
    23    18    10     1     0     0     0     0     1     8     3     6
     3     7     3     0     0     0     0     0     1     0     6     4
     1     3     1     0     0     0     0     0     0     0     0     3
     0     1     3     0     1     0     0     0     0     0     2     0
     0     1     1     0     0     0     0     0     0     0     0     1
     1     0     0     0     1     0     0     0     0     0     0     1
     1     0     0     0     0     0     0     0     0     0     0     0
     2     0     1     0     1     0     0     0     0     0     1     1
     0     1     0     0     1     0     0     0     0     2     0     1
     0     1     0     0     0     0     0     0     0     0     1     0
     1     0     0     0     0     0     0     0     0     0     0     0
     0     3     1     0     1     0     0     1     0     1     1     0
     1     2     2     8     2     1     2     4     1     6     3     3
     1     2     0    18     3     1     0     4     2     0     4     2
     3     1     6     3     7     2     4     8    11     2     4     7
     3     0     2     3     1     2     1     3     2     1     0     0
     1     1     6     2     2     1     3     7     8     1     0     2
     0     1     0     0     0     0     0     0     1     0     0     1
     0     0     0     1     0     1     0     0     2     0     1     0
     0     2     1     0     0     0     5     2     4     0     0     0
     0     1     0     0     0     0     0     0     0     0     0     1
     0     1     0     0     0     0     1     0     0     1     0     1
     0     0     4     0     0     0     0     0     0     0     0     0
     0     0     0     0     0     0     0     1     0     0     0     0
     0     0     0     0     0     0     0     0     0     0     0     0
     0     0     0     0     0     0     0     0     0     1     0     0
     0     0     0     0     0     0     0     0     1     0     0     0
     0     0     6     2     0     0     0     0     2     0     0     0
     0     0     0     0     0     0     0     0     0     1     0     2
     0     0     0     0     0     0     0     0     0     0     0     0
     0     0     0     0     0     0     0     0     0     0     0     0
     0     0     1     0     0     0     0     0     0     0     0     0
     0     0     0     0     0     0     0     0     0     1     0     0
    13
     0     0     0     0     0     0     0     0     0     0     0     0
     0     1     3     0     0     0     0     0     0     0     0     2
     3     6     6     0     0     0     0     0     0     2     2     0
     2     5     2     0     0     0     0     0     0     0     0     2
     1     3     1     0     0     0     0     0     0     0     0     1
     0     2     0     1     0     0     0     0     0     0     0     0
     0     0     1     0     1     0     0     0     0     0     0     0
     0     0     0     0     0     0     0     0     0     0     0     0
     0     0     0     0     0     0     0     0     0     0     0     0
     0     0     0     0     0     0     0     0     0     0     0     0
     1     0     0     0     0     0     0     0     0     0     0     0
     0     0     0     0     0     0     0     0     0     0     0     0
     0     1     0     0     0     0     0     0     0     0     0     0
     0     0     0     0     0     0     0     0     0     0     0     1
     0     2     1     0     0     0     0     0     0     0     0     0
     0     0     0     1     0     0     0     0     0     1     0     0
     0     0     0     1     0     0     0     0     1     0     0     1
     0     1     1     2     0     0     0     2     2     1     0     1
     0     2     1     1     0     1     0     0     3     1     0     0
     0     1     0     1     0     1     0     1     0     0     0     0
     0     1     0     0     0     0     0     0     0     0     0     0
     0     0     0     0     0     0     0     0     0     0     0     0
     0     1     1     0     0     0     0     0     0     0     0     0
     0     1     0     0     0     0     0     0     0     0     0     1
     0     0     0     0     0     0     0     0     0     0     0     0
     0     0     1     0     0     0     0     0     0     0     0     0
     0     0     0     0     0     0     0     0     0     0     0     0
     0     0     0     0     0     0     0     0     0     0     0     0
     0     0     0     0     0     0     0     0     0     0     0     0
     0     0     0     0     0     0     0     0     1     0     0     0
     1     0     0     0     0     0     0     0     0     0     0     1
     0     0     0     1     0     0     0     0     0     0     0     0
     0     0     0     0     0     0     0     0     0     0     0     0
     0     0     0     0     0     0     0     0     0     0     0     0
     0     0     0     0     0     0     0     0     0     0     0     0
     0     0     0     0     0     0     0     0     0     0     0     0
    14
     0     0     0     1     0     0     0     0     0     0     0     0
     1     0     1     0     0     0     0     0     0     0     0     4
     3     3     0     0     0     0     0     0     0     0     2     1
     2     2    10     0     0     0     0     0     0     1     0     0
     1     1     3     0     0     0     0     0     0     0     0     0
     0     1     0     0     0     0     0     0     0     0     0     0
     0     1     0     0     0     0     0     0     0     0     0     0
     0     0     0     0     0     0     0     0     0     0     0     0
     0     0     0     0     0     0     0     0     0     0     0     0
     0     0     0     0     0     0     0     0     0     0     0     0
     1     0     1     0     0     0     0     0     0     0     0     0
     1     0     0     0     0     0     0     0     0     0     0     0
     0     0     0     0     0     0     0     0     0     0     1     0
     0     0     0     0     0     0     0     0     0     0     0     0
     0     0     0     0     0     0     0     0     0     0     0     0
     0     0     0     0     0     1     0     0     0     2     0     0
     2     2     0     1     0     0     0     1     0     0     1     0
     1     5     5     1     0     0     0     0     0     0     1     0
     0     1     0     1     0     1     0     0     0     0     3     2
     0     0     0     0     0     0     0     0     0     0     0     1
     0     0     0     0     0     0     0     0     0     0     0     1
     0     0     1     0     0     0     0     0     1     0     0     0
     0     0     0     0     0     0     0     0     0     0     0     0
     0     0     0     0     0     0     0     1     0     0     0     0
     0     0     0     0     0     0     0     0     0     0     0     0
     0     0     1     0     0     0     0     0     0     0     0     0
     0     0     0     0     0     0     0     0     0     0     0     0
     0     0     0     0     0     0     0     0     0     0     0     0
     0     0     0     0     0     0     0     0     0     1     0     0
     0     0     0     0     0     0     0     0     0     0     0     0
     2     0     0     0     0     0     0     0     0     0     0     0
     0     0     0     0     0     0     0     0     0     0     0     0
     0     0     0     0     0     0     0     0     0     0     0     0
     0     0     0     0     0     0     0     0     0     0     0     0
     0     0     0     0     0     0     0     0     0     0     0     0
     0     0     0     0     0     0     0     0     0     0     0     0
    15
     0     0     0     0     0     0     0     0     0     0     0     0
     0     0     1     0     0     0     0     0     0     0     0     0
     1     0     0     0     0     0     0     0     0     0     0     0
     0     0     6     0     0     0     0     0     0     0     0     0
     0     0     1     0     0     0     0     0     0     0     0     0
     0     0     0     0     0     0     0     0     0     0     0     0
     0     0     0     0     0     0     0     0     0     0     0     0
     0     0     0     0     0     0     0     0     0     0     0     0
     0     0     0     0     0     0     0     0     0     0     0     0
     0     0     0     0     0     0     0     0     0     0     0     0
     0     0     0     0     0     0     0     0     0     0     0     0
     0     0     0     0     0     0     0     0     0     0     0     0
     0     0     0     0     0     0     0     0     0     0     0     0
     0     0     0     0     0     0     0     0     0     0     0     0
     0     0     0     1     0     0     0     0     0     0     0     0
     0     0     0     0     0     0     0     0     0     1     2     0
     0     1     0     0     0     0     0     0     0     0     0     1
     0     0     0     0     0     0     0     0     0     0     0     0
     0     0     0     0     0     1     0     0     0     0     0     0
     0     0     0     0     0     0     0     0     0     0     0     0
     0     0     0     0     0     0     0     0     0     0     0     0
     0     0     0     0     0     0     0     0     0     0     0     0
     0     0     0     0     0     0     0     0     0     0     0     0
     0     0     0     0     0     0     0     0     0     0     0     0
     0     0     0     0     0     0     0     0     0     0     0     0
     0     0     1     0     0     0     0     0     0     0     0     0
     0     0     0     0     0     0     0     0     0     0     0     0
     0     0     0     0     0     0     0     0     0     0     0     0
     0     0     0     0     0     0     0     0     0     0     0     0
     0     0     0     0     0     0     0     0     0     0     0     0
     2     0     0     0     0     0     0     0     0     0     0     0
     2     0     0     0     0     0     0     0     0     0     0     0
     0     0     0     0     0     0     0     0     0     0     0     0
     0     0     0     0     0     0     0     0     0     0     0     0
     0     0     0     0     0     0     0     0     0     0     0     0
     0     0     0     0     0     0     0     0     0     0     0     0
    16
     0     0     0     0     0     0     0     0     0     0     0     0
     0     0     0     0     0     0     0     0     0     0     0     0
     0     2     0     0     0     0     0     0     0     0     0     0
     0     0     6     0     0     0     0     0     0     0     0     0
     0     0     1     0     0     0     0     0     0     0     0     0
     0     0     0     0     0     0     0     0     0     0     0     0
     0     0     0     0     0     0     0     0     0     0     0     0
     0     0     0     0     0     0     0     0     0     0     0     0
     0     0     0     0     0     0     0     0     0     0     0     0
     0     0     0     0     0     0     0     0     0     0     0     0
     0     0     0     0     0     0     0     0     0     0     0     0
     0     0     0     0     0     0     0     0     0     0     0     1
     0     0     0     0     0     0     0     0     1     0     0     0
     0     0     0     0     0     0     0     0     0     0     0     0
     0     1     0     0     0     0     0     0     0     0     0     0
     0     1     0     0     0     0     0     0     0     1     0     0
     0     0     0     0     0     0     0     0     0     0     1     0
     0     0     0     0     0     0     0     0     0     0     1     0
     0     0     0     0     0     0     0     0     0     0     1     2
     0     0     0     0     0     0     0     0     0     0     0     1
     0     0     0     0     0     0     0     0     0     0     0     3
     0     0     0     0     0     0     0     0     0     0     0     0
     0     0     0     0     0     0     0     0     0     0     0     0
     0     0     0     0     0     0     0     0     0     0     0     0
     0     0     0     0     0     0     0     0     0     0     0     0
     0     0     1     0     0     0     0     0     0     0     0     0
     0     0     0     0     0     0     0     0     0     0     0     0
     0     0     0     0     0     0     0     0     0     0     0     0
     0     0     0     0     0     0     0     0     0     0     1     0
     0     0     0     0     0     0     0     0     0     0     0     0
     0     0     0     0     0     0     0     0     0     0     0     0
     0     0     0     0     0     0     0     0     0     0     0     0
     0     0     0     0     0     0     0     0     0     0     0     0
     0     0     0     0     0     0     0     0     0     0     0     0
     0     0     0     0     0     0     0     0     0     0     0     0
     0     0     0     0     0     0     0     0     0     0     0     0
    17
     0     0     0     0     0     0     0     0     0     0     0     0
     0     0     0     0     0     0     0     0     0     0     0     0
     0     1     0     0     0     0     0     0     0     0     0     0
     0     0     0     0     0     0     0     0     0     0     0     0
     0     0     0     0     0     0     0     0     0     0     0     0
     0     0     0     0     0     0     0     0     0     0     0     0
     0     0     0     0     0     0     0     0     0     0     0     0
     0     0     0     0     0     0     0     0     0     0     0     0
     0     0     0     0     0     0     0     0     0     0     0     0
     0     0     0     0     0     0     0     0     0     0     0     0
     0     0     0     0     0     0     0     0     0     0     0     0
     0     0     0     0     0     0     0     0     0     0     0     0
     0     0     0     0     0     0     0     0     0     0     0     0
     0     0     0     0     0     0     0     0     0     0     0     0
     0     0     0     0     0     0     0     0     0     0     0     0
     0     0     0     0     0     0     0     0     0     0     0     0
     0     1     0     0     0     0     0     0     0     0     0     0
     0     0     0     0     0     0     0     0     0     0     0     0
     0     0     0     0     0     0     0     0     0     0     0     0
     0     0     0     0     0     0     0     0     0     0     0     0
     0     0     0     0     0     0     0     0     0     0     0     0
     0     0     0     0     0     0     0     0     0     0     0     0
     0     0     0     0     0     0     0     0     0     0     0     0
     0     0     0     0     0     0     0     0     0     0     0     0
     0     0     0     0     0     0     0     0     0     0     0     0
     0     0     0     0     0     0     0     0     0     0     0     0
     0     0     0     0     0     0     0     0     0     0     0     0
     0     0     0     0     0     0     0     0     0     0     0     0
     0     0     0     0     0     0     0     0     0     0     0     0
     0     0     0     0     0     0     0     0     0     0     1     0
     0     0     0     0     0     0     0     0     0     0     0     0
     0     0     0     0     0     0     0     0     0     0     0     0
     0     0     0     0     0     0     0     0     0     0     0     0
     0     0     0     0     0     0     0     0     0     0     0     0
     0     0     0     0     0     0     0     0     0     0     0     0
     0     0     0     0     0     0     0     0     0     0     0     0
    18
     0     0     0     0     0     0     0     0     0     0     0     0
     0     0     0     0     0     0     0     0     0     0     0     0
     0     0     0     0     0     0     0     0     0     0     0     0
     0     0     0     0     0     0     0     0     0     0     0     0
     0     0     0     0     0     0     0     0     0     0     0     0
     0     0     0     0     0     0     0     0     0     0     0     0
     0     0     0     0     0     0     0     0     0     0     0     0
     0     0     0     0     0     0     0     0     0     0     0     0
     0     0     0     0     0     0     0     0     0     0     0     0
     0     0     0     0     0     0     0     0     0     0     0     0
     0     0     0     0     0     0     0     0     0     0     0     0
     0     0     0     0     0     0     0     0     0     0     0     0
     0     0     0     0     0     0     0     0     0     0     0     0
     0     0     0     0     0     0     0     0     0     0     0     0
     0     0     0     0     0     0     0     0     0     0     0     0
     0     0     0     0     0     0     0     0     0     0     0     0
     0     0     0     0     0     0     0     0     0     0     0     0
     0     0     1     0     0     0     0     0     0     0     0     0
     0     0     0     0     0     0     0     0     0     0     0     0
     0     0     0     0     0     0     0     0     0     0     0     0
     0     0     0     0     0     0     0     0     0     0     0     0
     0     0     0     0     0     0     0     0     0     0     0     0
     0     0     0     0     0     0     0     0     0     0     0     0
     0     0     0     0     0     0     0     0     0     0     0     0
     0     0     1     0     0     0     0     0     0     0     0     0
     0     0     0     0     0     0     0     0     0     0     0     0
     0     0     0     0     0     0     0     0     0     0     0     0
     0     0     0     0     0     0     0     0     0     0     0     0
     0     0     0     0     0     0     0     0     0     0     0     0
     0     0     0     0     0     0     0     0     0     0     0     0
     0     0     0     0     0     0     0     0     0     1     0     0
     0     0     0     0     0     0     0     0     0     0     0     0
     0     0     0     0     0     0     0     0     0     0     0     0
     0     0     0     0     0     0     0     0     0     0     0     0
     0     0     0     0     0     0     0     0     0     0     0     0
     0     0     0     0     0     0     0     0     0     0     0     0
    19
     0     0     0     0     0     0     0     0     0     0     0     0
     0     0     0     0     0     0     0     0     0     0     0     0
     0     0     0     0     0     0     0     0     0     0     0     0
     0     0     0     0     0     0     0     0     0     0     0     0
     0     0     0     0     0     0     0     0     0     0     0     0
     0     0     0     0     0     0     0     0     0     0     0     0
     0     0     0     0     0     0     0     0     0     0     0     0
     0     0     0     0     0     0     0     0     0     0     0     0
     0     0     0     0     0     0     0     0     0     0     0     0
     0     0     0     0     0     0     0     0     0     0     0     0
     0     0     0     0     0     0     0     0     0     0     0     0
     0     0     0     0     0     0     0     0     0     0     0     0
     0     0     0     0     0     0     0     0     0     0     0     0
     0     0     0     0     0     0     0     0     0     0     0     0
     0     0     0     0     0     0     0     0     0     0     0     0
     0     0     0     0     0     0     0     0     0     0     0     0
     0     0     0     0     0     0     0     0     0     0     0     0
     0     0     0     0     0     0     0     0     0     0     0     0
     0     0     0     0     0     0     0     0     0     0     0     0
     0     0     0     0     0     0     0     0     0     0     0     0
     0     0     0     0     0     0     0     0     0     0     0     0
     0     0     0     0     0     0     0     0     0     0     0     0
     0     0     0     0     0     0     0     0     0     0     0     0
     0     0     0     0     0     0     0     0     0     0     0     0
     0     0     0     0     0     0     0     0     0     0     0     0
     0     0     0     0     0     0     0     0     0     0     0     0
     0     0     0     0     0     0     0     0     0     1     0     0
     0     0     0     0     0     0     0     0     0     0     0     0
     0     0     0     0     0     0     0     0     0     0     0     0
     0     0     0     0     0     0     0     0     0     0     0     0
     0     0     0     0     0     0     0     0     0     0     0     0
     0     0     0     0     0     0     0     0     0     0     0     0
     0     0     0     0     0     0     0     0     0     0     0     0
     0     0     0     0     0     0     0     0     0     0     0     0
     0     0     0     0     0     0     0     0     0     0     0     0
     0     0     0     0     0     0     0     0     0     0     0     0
    20
     0     0     0     0     0     0     0     0     0     0     0     0
     0     0     0     0     0     0     0     0     0     0     0     0
     0     0     0     0     0     0     0     0     0     0     0     0
     0     0     0     0     0     0     0     0     0     0     0     0
     0     0     0     0     0     0     0     0     0     0     0     0
     0     0     0     0     0     0     0     0     0     0     0     0
     0     0     0     0     0     0     0     0     0     0     0     0
     0     0     0     0     0     0     0     0     0     0     0     0
     0     0     0     0     0     0     0     0     0     0     0     0
     0     0     0     0     0     0     0     0     0     0     0     0
     0     0     0     0     0     0     0     0     0     0     0     0
     0     0     0     0     0     0     0     0     0     0     0     0
     0     0     0     0     0     0     0     0     0     0     0     0
     0     0     0     0     0     0     0     0     0     0     0     0
     0     0     0     0     0     0     0     0     0     0     0     0
     0     0     0     0     0     0     0     0     0     0     0     0
     0     0     0     0     0     0     0     0     0     0     0     1
     0     0     0     0     0     0     0     0     0     0     0     0
     0     0     0     0     0     0     0     0     0     0     0     0
     0     0     0     0     0     0     0     0     0     0     0     0
     0     0     0     0     0     0     0     0     0     0     0     0
     0     0     0     0     0     0     0     0     0     0     0     0
     0     0     0     0     0     0     0     0     0     0     0     0
     0     0     0     0     0     0     0     0     0     0     0     0
     0     0     0     0     0     0     0     0     0     0     0     0
     0     0     0     0     0     0     0     0     0     0     0     0
     0     0     0     0     0     0     0     0     0     0     0     0
     0     0     0     0     0     0     0     0     0     0     0     0
     0     0     0     0     0     0     0     0     0     0     0     0
     0     0     0     0     0     0     0     0     0     0     0     0
     0     0     0     0     0     0     0     0     0     0     0     0
     0     0     0     0     0     0     0     0     0     0     0     0
     0     0     0     0     0     0     0     0     0     0     0     0
     0     0     0     0     0     0     0     0     0     0     0     0
     0     0     0     0     0     0     0     0     0     0     0     0
     0     0     0     0     0     0     0     0     0     0     0     0
