20
Edmonton, AB 3012205
     0
     -21.700     -16.400      -9.200        .600       7.400      11.600
      13.300      12.300       6.800       1.700      -9.500     -18.400
     -12.200      -8.400      -2.800       4.700      11.800      15.600
      17.200      16.600      11.100       6.200      -2.800      -9.700
      -4.500      -2.000       1.700       9.600      16.300      19.300
      21.100      20.800      16.100      11.000       1.700      -3.700
      63.000      62.000      62.000      41.000      34.000      44.000
      53.000      53.000      49.000      46.000      63.000      65.000
      71.000      72.000      72.000      60.000      50.000      60.000
      68.000      68.000      67.000      63.000      75.000      73.000
      79.000      80.000      81.000      76.000      71.000      79.000
      84.000      85.000      85.000      80.000      85.000      81.000
       2.200       2.200       2.200       2.500       2.700       2.500
       1.900       1.900       2.500       2.500       1.900       1.900
       3.600       3.600       3.600       4.100       4.100       3.600
       3.000       3.000       3.600       3.600       3.600       3.600
       5.200       5.200       5.200       6.100       6.100       5.500
       4.700       4.700       5.500       5.500       5.200       5.200
     170.000     160.000     150.000     150.000     310.000     300.000
     300.000     300.000     300.000     290.000     170.000     170.000
     1
     -13.268      -9.418      -4.067       5.075      11.998      15.596
      17.279      16.627      11.648       6.427      -4.095     -11.124
      71.134      71.022      70.878      58.757      53.078      60.954
      67.943      68.082      66.150      62.536      72.620      72.796
     2
    17    30    35    30    31    30    56    41    18    21    19    22
    22    13    28    48    30    41    64    41    28    17    18    15
    12    23    34    29    37    33    38    41    37    14    19    18
    13    24    24    25    29    41    36    49    27    22    19    10
     7    13    16    21    37    23    32    27    26     9    12     6
     9    10    12    20    24    22    29    27    16    11    11    10
    11    10    11    20    38    26    22    26    17     8    16     8
     9     8    10    11    39    23    30    14    24     7    13     8
    10    14    17    24    42    28    30    35    23    15    11    11
    10    21    30    21    38    36    43    30    39    14    22    19
    20    21    40    23    36    28    32    49    28    18    22    18
    32    30    41    51    42    47    49    50    27    17    30    21
    35    29    38    24    49    31    61    56    30    21    30    23
    33    37    61    47    51    54    60    75    43    32    41    38
    39    32    71    40    51    64    83    78    35    53    43    43
    39    55    62    49    53    45    85    77    65    49    53    52
    51    45    81    47    44    72    90    69    56    58    50    53
    54    76   100    91    78    79   128    99    76    87    50    76
    89    89    96    98    45    80   127    96    71    83    68    70
    96   117   101    88    68    83   101    89    78    81    86    69
    61    71    66    80    57    71    77    93    69    80    57    71
    51    65    60    67    46    55    82    62    53    65    52    62
    60    68    60    60    51    62    92    70    51    64    52    56
    59    53    66    64    75    88   124   106    54    57    55    62
    38    55    61    56    49    60   117    89    48    53    80    53
    40    46    61    45    56    77   105    95    71    61    52    54
    48    41    59    53    48    96   119   131    67    56    38    55
    33    28    49    44    47    93   126   108    69    59    46    36
    37    32    52    41    52    82    95   107    64    44    53    48
    29    38    44    57    40    91   113   110    54    44    41    38
    21    17    29    46    38    57    77    82    42    42    26    29
    22    25    26    26    54    52    83    78    47    24    21    21
    21    18    23    39    53    55   101    86    37    32    22    30
    15    15    27    29    28    52    53    66    45    19    24    13
    16    24    29    23    28    55    67    59    22    23    20    12
    10    17    34    38    43    56    65    66    30    16    15    13
     3
    10    12    24    18    29    24    22    22    15     9     8     6
     7    13    15    16    15    16    26    17    11     8     8    10
     6    14    19    13    13    22    27    19    17     6    11     4
     8    12    15    17    16    21    12    16    18     9     9     5
     3     7    14    10    18    14    19    28    19     3     5     3
     6     6    10    18    19    15    18    21     9     7    10     5
     2     2    13     5    27    12    18    17     7     4     6     2
     3     4     6     4     8    12    17    12     5     2     0     2
     3    12    18    11    25    25    19    18    10     5     6     4
     3     9    24     9    16    13    25    25    17     9     6     7
    13    10    11    11    36    34    27    36    18    20    12    18
    15    18    29    29    37    46    38    37    21    13    14    14
    18    28    19    26    48    26    38    33    19    16    15    13
    22    34    38    38    34    29    48    35    28    27    24    23
    19    15    42    37    36    39    44    41    28    34    25    19
    27    26    49    27    34    33    47    54    40    37    35    29
    32    40    53    45    30    33    49    47    27    49    36    35
    51    43    64    68    41    39    60    53    45    70    42    55
    52    32    40    43    30    45    36    39    43    56    35    37
    43    25    25    39    29    25    27    27    33    31    21    42
    24    23    18    18    22    18    13    23    27    25    24    25
    13    13    13    18    14    19    23    17    20    29    18    22
    19    15    20    21    28    20    26    24    22    21    18    28
    17    26    26    24    25    38    44    22    27    30    25    22
    31    15    30    34    32    29    39    37    32    36    18    23
    26    22    34    35    35    44    57    45    52    40    33    26
    21    25    37    32    31    60    75    59    52    39    35    32
    27    22    36    34    35    50    60    69    44    30    21    18
    21    23    33    34    28    55    51    50    32    38    29    26
    15    12    16    21    26    43    51    58    38    24    20    14
    13     7    14    13    26    45    44    44    31    21    16     8
     9    11    17    18    38    39    42    54    18    20    17    18
    11     9    14    24    35    43    58    50    26    22    12    17
    15     9    17    15    25    23    38    51    30    17     7    12
    16    13    13    26    28    35    31    40    16    13    13     8
    14     9    15    26    37    33    21    23    20     8     6     8
     4
    14    16    27    41    35    31    29    27    20    14    13    10
    13    11    15    37    38    36    19    22    16    11    10     6
    19    16    18    34    28    33    22    24    24     7    23     7
    10    17     9    32    32    22    36    26    21     9    10    10
     7     7    11    19    31    25    22    15    22     7    10     5
     6    10    15    18    33    17    27    19    14     7     6     4
     7    12     9    21    30    30    29    23    10    10     2     1
     3     9    12    16    30    13    22    21    16     6     2     3
    10    13    14    25    38    28    33    28    13     4     3     6
     7    22    21    35    47    43    23    34    28    12     7    19
    22    18    42    46    57    53    37    47    34    18    17    23
    40    48    60    48    62    47    38    60    47    21    24    30
    27    50    61    54    73    74    55    58    56    44    44    30
    39    47    93    82    71    69    69    78    43    40    37    42
    51    48    98    79    78    72    84    70    73    61    52    68
    50    51    86    91    70    57    95    72    57    72    66    50
    56    66   130    83    81    54    79    64    57    90    65    79
    84    86   104    96    59    57    61    70    70    87    74    82
    68    70    34    53    30    46    45    36    43    76    45    55
    21    46    26    33    52    24    25    38    31    43    31    36
    16     8     7    16    32    30    18    22    44    36    23    17
     6     7    12    11    21    16    14    18    20    17     5    11
    15    10    17    21    28    28    14    17    16    24    13    17
    23    25    14    22    23    29    36    24    30    44    23    19
    32    41    30    33    24    38    53    35    46    43    38    34
    55    61    60    50    42    73    92    56    55    81    61    67
    46    56    55    55    65   111   112    73    79    57    56    43
    56    54    72    39    55    82   112    88    60    71    51    44
    64    47    68    70    64   108   118    94    71    62    63    46
    21    30    40    33    60    92   101   106    74    67    32    32
    18    28    41    48    54    98    88    81    58    44    20    25
    14    18    21    43    64    93    76    77    52    31    24    23
    23    24    31    38    65    88    79    65    44    32    29    20
    29    23    32    34    66    75    73    61    44    37    29    37
    34    31    30    40    49    46    61    64    37    21    29    22
    26    27    38    29    48    59    32    43    34    17    16    13
     5
    12     8    18    21    26    20    16    14    14     8     5    10
     6     5    11    18    19    17    20    18    13     3     4     4
     5     8    12    14    19    32    16    17    14     5    13     4
     6     9    11     6    19    20    10     4     7     3     3     5
     1     7     9     8    17    10     7     3    10     2     0     3
     2     6     6    13    17    22    12     6     7     2     3     0
     3     4     2    14    13    13    16     2     8     5     5     3
     2     4     2    12    22    12    10    10     8     1     2     9
     6     9     4    23    34    24    16    21     9     8     3     8
    13    22     4    24    25    28    17    17     9     9     5    10
    15    21    30    34    24    27    21    25    23     7    13    15
    25    32    39    48    54    50    15    28    47    22    21    13
    26    37    56    48    63    56    26    36    35    27    38    23
    27    36    62    50    64    41    35    58    35    33    39    22
    44    32    61    50    69    41    48    45    40    47    31    31
    43    47    53    51    61    40    43    36    54    56    25    42
    49    41    64    74    37    36    44    31    27    62    37    50
    58    36    39    51    38    27    40    32    47    58    40    47
    35    17    12    29    20    16    18    21    32    24    20    18
     9    17     6    16    23    18    10    11    20    14    19     8
     3     4     5     9    17    21     2    11    14     8     6     7
     3     4     4     4    10    13     8     4    11     6     5     0
     4     4     6     8    12    10     9     4    19    11     4     5
    11     8    10     9    23    22    19     9    17    11     7    11
    15    14    25    21    14    19    22    20    18    34    15    22
    33    32    30    35    31    59    46    30    45    65    39    32
    24    23    33    36    40    68    54    59    53    47    36    38
    35    26    35    39    47    72    66    57    49    37    24    39
    45    47    60    63    56    62    72    62    62    52    39    27
    28    25    26    43    51    69    67    79    53    58    23    27
    13    14    16    42    45    65    52    49    58    37    18    15
    12    16    27    26    55    64    50    65    39    37    16    13
    22    20    33    31    56    74    64    46    39    26    20    11
    12    13    31    34    43    56    28    51    33    14    14    14
    18    14    30    32    41    35    34    33    31    11    11    14
    16    19    18    26    43    22    21    29    29    13    11     3
     6
     6    10    11    26    24    10     6     8    14     4     3     6
     3     7    19    12    18    10     8    14    16     0     5     3
     8     6     5    13    18     8     8     5    15     3     7     4
     5     7     2     7    19    12     5     5     7     2     3     1
     3     3     2     7    10    11     7     8     6     0     2     1
     1     6     4     7     9     9     6     3     3     3     2     0
     3     9     3    11    14     7     5     4     6     1     3     0
     1     5     1     8    14    14     6     5     4     0     3     2
     5     7     7    11    28    16    21     8    12     1     7     7
     1    10    13    24    19    18     8    16    10     7     8     6
     3    23    26    21    30    27    20    21    20     9    12    11
    12    26    44    51    52    37    23    28    35    20    16    19
    16    44    55    50    53    40    26    29    28    26    43    21
    42    39    71    62    58    38    41    40    28    31    36    20
    35    30    65    62    67    40    39    34    27    41    28    37
    22    16    46    62    50    26    42    38    64    38    23    29
    35    35    36    47    52    25    23    32    39    47    27    36
    39    24    29    37    34    19    22    18    28    37    27    33
     9     5    11    13    30    18     7    17    22    19    12    11
     5     6     2    15    17     7     4     5    22    12     3     3
     0     2     2     9     9    11     3     5     4    10     4     3
     3     1     0     5     9     5     1     2     3     4     3     1
     3     3     4     6     7     5     3     3     2     7     2     3
     2     5     6     3    12    20     9     5     9     7     2     5
    11     4     2    14     8    12     6     8     6    19     7    14
    22    26    11    27    20    29    27     7    10    31    20    22
    19    10    14    20    30    65    41    42    29    34    23    35
    26    17     9    33    36    67    67    47    47    36    19    29
    41    39    50    45    63    83    79    63    46    54    30    28
    34    23    35    38    60    73    73    65    66    52    25    19
    10    18    30    33    69    71    70    50    47    51    16    17
    15    23    26    33    63    53    47    50    49    33    22    18
     7    20    19    42    68    51    59    53    44    28    18     8
    14    10    21    47    45    50    25    31    34    16    17     8
    23    16    26    33    44    37    27    27    31    16    19    12
    16    16    16    27    43    30    21    20    17    12     5    10
     7
     3     1     4    26    22     9     6    10    10     0     7     4
     3     3     6     6     7     5     4     7     6     0     3     0
     1     4     6     7    15     9     8     5     4     0     3     1
     1     1     7     6    16     6     3     6     3     1     0     0
     2     1     2     5     9     4     3     0     8     0     0     0
     1     0     0     4     8     9     3     2     1     2     0     0
     5     4     3     5    12     8     4     0     7     1     0     0
     2     1     2     9    19    10     2     8     3     1     1     1
     2     2     7     8    26    14     6     4     7     0     3     2
     5     4     9    10    14    13     7     5     5     2     4     6
     8    12    27    29    17    13    11    10    13     7    17     4
    13    30    40    54    28    30    10    19    30    17     6    13
    29    31    67    45    56    46    21    30    22    20    21    15
    22    40    53    59    61    43    20    30    24    26    20    13
    30    31    43    47    67    35    35    38    34    30    20    32
    14    10    33    45    58    31    20    19    33    42    15    19
    20    12    29    30    38    23    17    12    25    23    10    14
    11    10    15    22    31    16     7     7    21    18    18     9
     8     8     4    13    21     5     3     9    13    17     3     2
     3     0     1    10    18     5     1     2    10    10     2     1
     0     0     1     1     7     6     1     1     6     4     1     0
     1     0     0     0     6     1     0     1     2     0     1     0
     1     0     2     4     6     2     1     1     0     4     0     0
     2     2     0     5    10    10     2     4     4     4     0     1
     7     1     1     6    10    14     7     3    10     9     1     2
    14     5     4    10    19    17    18     1    11    12     9    14
     8    12    10    13    21    26    33    13    19    18    15    14
    13    18    19    27    39    33    52    33    35    25    17    28
    27    27    29    41    46    51    51    48    42    39    29    25
    21    15    31    55    61    68    66    48    41    48    29    28
    13    20    33    47    59    55    62    42    56    45    21    21
    14    15    29    44    59    43    41    37    49    33    23    15
     9    19    22    44    63    53    29    18    59    30    18    12
     9    11    32    39    41    33    16    33    39    22    24     7
    12     7    20    35    26    21    21    19    30    15    17     6
    16     5    13    27    37    12    14     9    19     5     7     5
     8
     0     2     2    11     9     6     1     4     4     1     2     2
     2     2     8     3     9     7     0     0     4     0     0     1
     2     0     4    10     8     3     3     3     6     0     0     2
     1     0     2     5     4     6     0     1     0     1     0     1
     0     2     1     5     9     1     1     1     5     1     0     0
     0     3     0     3     3     4     0     1     1     0     0     1
     0     0     2     4     2     2     1     1     0     2     0     0
     1     1     1     5     4     5     3     3     1     0     0     2
     0     3     2     6    12     5     4     6     5     0     4     1
     1     3     8     7     7     7     8     0     0     0     5     3
     6    11    18    15    17    12     6     7    11     3     9     8
     7    27    31    39    32    13    18     5    11    17    11     9
    20    21    41    47    34    29    15    12    11    22    16    16
    25    25    43    51    52    34    15    21    14    25    15    10
    22    18    26    36    56    21    18    19    19    22    25    15
     8     9    13    24    54    29    10     9    12    15     7     8
     5     8     9    15    23     4     3     2     8    11     4     2
     2     6     5     7    16    11     4     2     9    12     8     2
     1     2     4     8    15     3     2     3     4     7     5     1
     3     1     0     3     5     0     0     0     2     8     2     0
     0     0     0     0     7     0     0     0     1     0     0     0
     0     1     0     1     3     1     0     2     0     0     0     0
     0     0     0     3     3     5     0     0     1     1     0     0
     0     1     1     3     5    12     2     0     2     1     0     2
     4     0     0     4     4     5     6     5     1     1     1     1
     2     1     0     7     5    12    13     3     2     8     3     1
     5     1     4     5    11    30    20     7     8     7    10     4
     7     4     4    11    26    26    26    14    17    15     8     9
    23     9    13    23    46    36    33    27    42    33    27    19
    15    22    24    41    51    44    34    31    47    41    25    19
    18    17    34    37    43    45    39    31    45    47    28    28
     9    15    34    31    49    36    26    18    50    39    13    20
     8     9    19    26    40    22    22    14    37    25     9    18
     7     2    19    36    35    31    18    10    21    13     9     7
     8     3    14    29    21    18    10    12    22     8    10    10
    11     8     9     6    12    11     3     5     6     6     5     2
     9
     1     2     0     4     6     5     1     1     5     1     2     2
     1     0     3     2     7     0     1     0     1     0     0     2
     0     2     3     1     1     0     0     1     2     0     0     1
     1     3     0     1     4     1     0     0     0     0     0     0
     0     0     1     0     3     1     1     0     0     0     0     0
     0     0     0     1     0     2     0     0     0     0     0     0
     0     0     1     3     5     0     0     0     0     0     0     0
     1     0     1     1     7     3     0     0     1     0     0     0
     0     1     0     2     9     3     2     2     1     0     1     1
     0     1     4     2     7     6     6     0     0     0     1     1
     3    12    13     3    13     6     6     3     6     1     3    10
     5    16    20    16    25    18     9     1    10     2     7     4
    18    27    21    26    18    13     4     8     6     6     2     1
    11    11    22    33    38    18     6    13     2     7     8     8
    10    11    11    36    26    13     6    12    10    14     9     2
     4     0     8    15    24    13     5     7    15     9     4     3
     2     1     2     8    21     1     3     1     8     6     0     0
     1     2     0    12     8     4     1     0    14     4     1     1
     1     0     1     5    10     0     0     0     5     3     1     0
     0     0     0     1     1     1     0     0     0     1     0     0
     0     0     1     0     1     0     0     0     1     1     0     0
     0     0     0     0     1     2     0     1     0     0     0     0
     0     0     0     1     2     1     0     2     0     0     0     0
     1     0     0     7     1     3     0     0     0     0     0     1
     0     0     0     2     2     4     5     0     0     0     0     1
     0     1     0     2     5    13     7     4     0     3     1     2
     2     0     1     4    11    24    10     8     1     2     2     2
     8     2     2     8    10    23    22    13     6     9     6     6
    16     6     8    18    28    37    32    17    18    29     8     6
    16    11     9    25    51    26    24    13    38    45    16    19
    19    15    19    31    51    26    10    11    38    34    33    25
     6     8    24    28    35    26    14    12    24    28     5    12
    12     5    11    22    30    22     4    10    21    16     4     3
     9     3    10    17    23    15     5     7    12    11     5     4
     6     2     8    16     7     8     5     4     3     3     5     6
     2     8     5     4    17    11     2     2     6     2     0     2
    10
     2     1     1     1     6     0     1     1     0     1     0     0
     0     0     1     0     4     2     0     0     0     0     0     0
     0     0     0     0     1     0     0     0     0     0     0     1
     0     0     0     0     4     0     0     0     0     0     0     0
     0     0     0     0     0     0     0     0     1     0     0     0
     0     0     0     1     0     1     0     0     0     0     0     0
     0     0     1     1     2     0     0     0     0     0     0     0
     0     0     2     0     1     5     0     0     0     0     0     0
     0     0     0     1     2     0     1     0     0     0     0     1
     0     0     1     2     3     2     6     0     0     0     0     0
     1     1     4     2     3     5     5     0     0     0     1     3
     4    14     4     4     4     5     4     0     3     0     3     4
     5    11    10    10    12     5     4     1     2     2     0     0
     5     7     8    21    19     5     3     2     1     8     5     3
     3     5     7    11    21     8     2     4     2     3     2     1
     1     2     1     9    16     6     0     2     8     2     0     0
     2     0     0     6    11     1     0     0     2     1     0     0
     2     0     0     2     4     0     0     0     4     2     0     0
     0     0     0     0     2     1     0     0     1     1     1     0
     0     0     0     1     1     1     0     0     1     0     0     0
     0     0     0     0     0     0     0     0     0     0     0     0
     0     0     0     0     0     2     0     0     0     0     0     0
     0     0     0     0     0     0     0     1     0     0     1     0
     0     0     0     1     1     1     2     1     0     0     1     1
     0     0     0     2     3     6     3     1     0     0     0     1
     0     0     0     2     3     7     4     2     1     1     0     0
     0     0     1     0     4    10     4     1     2     1     2     1
     1     0     3     6    10     9     8     6     5     5     1     4
     9     5     2     7    18    16     7     4     4    18     2     7
    13     6    10    22    29    17    14    11    14    32    15     9
    11     5     9    22    23    20     4     7    15    27     9    14
     6     6     0    14    15    15     2     7    19    16     6    14
     6     5     6    11     8     6     3     3     7     8     2     3
     3     1     3     4    13    11     6     1     5     6     4     2
     1     2     4     7    10     3     0     0     2     1     0     6
     0     0     3     4     6     5     2     1     1     2     2     5
    11
     0     2     1     2     4     1     0     0     1     0     0     0
     0     0     0     0     1     0     1     0     0     0     0     0
     0     0     0     0     1     0     0     0     0     0     0     1
     0     1     0     0     0     0     0     0     0     0     0     0
     0     0     0     0     0     0     0     0     0     0     0     0
     0     0     0     1     1     1     0     0     0     0     0     0
     0     0     0     0     4     0     0     0     0     0     0     0
     0     0     1     0     1     0     0     0     0     0     0     0
     0     0     0     0     3     2     1     0     0     0     0     0
     0     0     0     1     2     1     0     0     0     0     0     0
     1     0     1     3     4     0     1     0     0     0     0     0
     1    15     3     3     3     1     2     0     3     0     0     2
     4     5     8     3     9     1     6     0     2     1     2     2
     1     4     4     8     8     2     1     1     0     1     4     1
     1     4     4     5     7     2     1     1     3     2     3     2
     0     0     1     8     3     4     0     1     3     0     2     0
     0     0     0     1     5     0     0     0     0     4     0     0
     0     0     3     1     3     2     1     0     2     0     0     0
     0     0     0     1     2     2     0     0     0     0     0     0
     0     0     0     0     0     0     0     0     0     0     0     0
     0     0     0     0     0     0     0     0     0     0     0     0
     0     0     0     0     0     0     0     0     0     0     0     0
     0     0     0     0     0     0     0     1     0     0     0     0
     0     0     0     0     1     0     1     0     0     0     0     0
     0     0     0     0     0     2     2     2     0     0     0     0
     0     0     0     0     1     2     2     1     0     0     0     0
     3     0     0     2     7     8     5     0     1     1     0     0
     0     0     1     1     7     7     6     0     2     4     2     2
     4     1     1    12    17    10     8     5     4     4     2     1
     5     7     5    16    22    21     7     4     9    19    11    15
     8    10     4    14    16     7     5     5    10    28     4     6
     4     4     6    16    15     9     1     6    14    14     3     3
     3     2     3     1    12     3     2     1    11     4     3     0
     3     0     3     1     5     2     1     1     1     1     0     9
     5     1     4     3     5     2     2     1     0     5     1     1
     0     0     1     6     2     4     1     0     1     0     0     0
    12
     0     0     0     1     0     0     3     1     0     0     0     0
     0     0     0     0     0     0     1     0     0     0     0     0
     0     0     0     0     0     1     0     0     0     0     0     0
     0     0     0     0     0     1     0     0     0     0     0     0
     0     0     0     0     0     0     0     0     0     0     0     0
     0     0     0     0     0     0     0     0     0     0     0     0
     0     0     0     0     0     0     0     0     0     0     0     0
     0     0     0     0     0     0     0     0     0     0     0     0
     0     0     0     0     0     0     0     0     0     0     0     0
     0     0     0     0     0     0     0     0     0     0     0     0
     0     0     0     1     1     4     0     0     1     0     0     0
     1     4     3     2     2     0     1     0     4     0     1     0
     2     2     1     6     4     0     0     0     2     0     1     0
     0     5     1     7     5     2     0     1     0     1     0     2
     1     1     3     4     7     3     0     0     0     0     2     0
     0     0     0     3     3     0     0     0     1     0     0     0
     0     0     1     5     0     0     0     0     0     0     0     0
     0     0     0     2     3     0     0     0     0     0     0     0
     0     0     0     0     0     0     0     0     0     0     0     0
     0     0     0     0     0     1     0     0     0     0     0     0
     0     0     0     0     0     0     0     0     0     0     0     0
     0     0     0     0     0     0     0     0     0     0     0     0
     0     0     0     0     0     0     0     0     0     0     0     0
     0     0     0     0     0     2     0     0     0     0     0     0
     0     0     0     1     0     0     2     0     0     0     0     0
     0     0     0     0     1     4     0     0     0     0     0     0
     0     0     0     0     0     6     2     0     0     1     2     0
     0     1     0     0     4     6     2     0     0     3     1     0
     3     1     0     7    12     3     2     4    10     6     3     2
     2     2     2    11    15     5     2     4     9    15     2     6
     9     8     4    19    11     4     0     5     9    19     6     5
     2     5     3     4     5     3     1     1    11     5     1     3
     1     0     3     1     2     0     0     1     5     3     1     1
     2     0     0     2     6     0     0     1     0     3     0     1
     1     1     0     2     1     2     1     0     0     0     0     2
     0     1     1     0     2     0     1     0     0     1     0     1
    13
     1     0     0     0     0     0     0     0     0     0     0     0
     0     0     0     0     1     0     0     0     0     0     0     0
     0     0     0     0     0     0     0     0     0     0     0     0
     0     0     0     0     0     0     0     0     0     0     0     0
     0     0     0     0     0     0     0     0     0     0     0     0
     0     0     0     0     0     0     0     0     0     0     0     0
     0     0     0     0     0     0     0     0     0     0     0     0
     0     0     0     0     1     0     0     0     0     0     0     0
     0     0     0     0     1     0     0     0     0     0     0     0
     0     0     0     0     0     0     0     0     0     0     0     0
     0     0     1     0     0     0     0     0     0     0     0     0
     0     1     2     0     0     0     0     0     2     0     0     0
     0     0     0     1     2     0     1     0     0     0     1     0
     0     3     3     1     1     0     0     0     0     0     0     0
     0     0     0     4     1     1     0     0     0     0     4     0
     0     0     0     0     0     0     0     0     0     0     0     0
     0     0     0     0     0     0     0     0     0     0     0     0
     0     0     0     0     0     0     0     0     0     0     0     0
     0     0     0     0     0     0     0     0     0     0     0     0
     0     0     0     0     0     0     0     0     0     0     0     0
     0     0     0     0     0     0     0     0     0     0     0     0
     0     0     0     0     0     0     0     0     0     0     0     0
     0     0     0     0     0     0     0     0     0     0     0     0
     0     0     0     0     0     0     0     0     0     0     0     0
     0     0     0     0     0     0     0     1     0     0     0     0
     0     0     0     1     1     1     0     0     0     0     0     0
     0     0     0     1     0     3     1     0     0     1     0     0
     0     0     1     2     2     4     2     0     0     1     1     1
     0     1     1     2     8     5     2     3     4     4     2     3
     5     0     0    11     7     8     1     2     3     4     2     5
     8     3     2    10     9     1     0     2     4     5     1     2
     0     0     1     5     2     1     0     0     1     3     2     2
     0     2     3     1     0     0     0     0     1     2     0     1
     0     0     1     2     0     0     1     0     0     0     0     1
     2     0     0     3     0     0     0     0     0     1     0     0
     1     0     1     0     2     0     0     0     0     0     0     0
    14
     0     0     0     0     0     0     0     0     0     0     0     0
     0     0     0     0     0     0     0     0     0     0     0     0
     0     0     0     0     0     0     0     0     0     0     0     0
     0     0     0     0     0     0     0     0     0     0     0     0
     0     0     0     0     0     0     0     0     0     0     0     0
     0     0     0     0     0     0     0     0     0     0     0     0
     0     0     0     0     0     0     0     0     0     0     0     0
     0     0     0     0     0     0     0     0     0     0     0     0
     0     0     0     0     0     0     0     0     0     0     0     0
     0     0     0     0     0     0     0     0     0     0     0     0
     0     0     0     1     0     0     0     0     0     0     0     0
     0     0     0     0     0     0     0     0     0     0     0     0
     0     0     0     0     2     0     0     0     0     0     0     0
     0     1     1     1     0     0     0     0     0     0     0     1
     0     0     0     2     1     0     0     0     0     0     1     0
     0     0     0     0     0     0     0     0     0     0     0     0
     0     0     0     0     0     0     0     0     0     0     0     0
     0     0     0     0     0     0     0     0     0     0     0     0
     0     0     0     0     0     0     0     0     0     0     0     0
     0     0     0     0     0     0     0     0     0     0     0     0
     0     0     0     0     0     0     0     0     0     0     0     0
     0     0     0     0     0     0     0     0     0     0     0     0
     0     0     0     0     0     0     0     0     0     0     0     0
     0     0     0     0     0     0     0     0     0     0     1     0
     0     0     0     0     0     0     0     0     0     0     0     0
     0     0     0     0     0     1     0     0     0     1     0     0
     0     0     0     0     1     1     0     0     0     0     0     0
     2     0     0     2     0     0     0     1     0     1     0     0
     0     2     1     3     7     5     0     0     0     0     1     2
     4     1     0     5     3     1     1     1     3     3     1     3
     6     0     2     0     4     0     0     0     0     3     3     0
     1     2     1     3     3     1     0     0     1     2     1     1
     1     0     1     3     0     0     0     0     1     0     0     1
     2     0     1     4     0     0     0     0     0     0     0     0
     1     0     0     0     0     0     0     0     0     2     0     0
     0     0     0     0     0     0     0     0     0     0     0     0
    15
     0     0     0     0     0     0     0     0     0     0     0     0
     0     0     0     0     0     0     0     0     0     0     0     0
     0     0     0     0     0     0     0     0     0     0     0     0
     0     0     0     0     0     0     0     0     0     0     0     0
     0     0     0     0     0     0     0     0     0     0     0     0
     0     0     0     0     0     0     0     0     0     0     0     0
     0     0     0     0     0     0     0     0     0     0     0     0
     0     0     0     0     0     0     0     0     0     0     0     0
     0     0     0     0     0     0     0     0     0     0     0     0
     0     0     0     0     0     0     0     0     0     0     0     0
     0     0     0     0     0     0     0     0     0     0     0     0
     0     0     1     0     0     0     0     0     0     0     0     0
     0     0     0     0     0     0     0     0     0     0     1     0
     0     0     0     0     0     0     0     0     0     0     0     0
     0     0     0     0     0     0     0     0     0     0     0     0
     0     0     0     1     0     0     0     0     0     0     0     0
     0     0     0     2     0     0     0     0     0     0     0     0
     0     0     0     0     0     0     0     0     0     0     0     0
     0     0     0     0     0     0     0     0     0     0     0     0
     0     0     0     0     0     0     0     0     0     0     0     0
     0     0     0     0     0     0     0     0     0     0     0     0
     0     0     0     0     0     0     0     0     0     0     0     0
     0     0     0     0     0     0     0     0     0     0     0     0
     0     0     0     0     0     0     0     0     0     0     0     0
     0     0     0     1     0     0     0     0     0     0     0     0
     0     0     0     0     0     0     0     0     0     0     0     0
     0     0     0     0     1     2     0     0     0     0     0     0
     0     0     0     0     0     1     0     0     0     1     0     0
     0     3     1     0     1     1     0     0     0     0     0     1
     5     1     0     1     6     2     1     0     1     1     3     1
     3     1     3     3     4     0     0     1     0     1     0     0
     0     0     1     3     0     0     0     0     0     0     0     1
     0     0     1     2     1     0     0     0     0     0     0     0
     0     0     0     0     0     0     0     0     0     0     0     0
     0     0     0     1     0     0     0     0     0     0     0     0
     0     0     0     0     0     0     0     0     0     0     0     0
    16
     0     0     0     0     0     0     0     0     0     0     0     0
     0     0     0     0     0     0     0     0     0     0     0     0
     0     0     0     0     0     0     0     0     0     0     0     0
     0     0     0     0     0     0     0     0     0     0     0     0
     0     0     0     0     0     0     0     0     0     0     0     0
     0     0     0     0     0     0     0     0     0     0     0     0
     0     0     0     0     0     0     0     0     0     0     0     0
     0     0     0     0     0     0     0     0     0     0     0     0
     0     0     0     0     0     0     0     0     0     0     0     0
     0     0     0     0     0     0     0     0     0     0     0     0
     0     0     0     0     0     0     0     0     0     0     0     0
     0     0     0     0     0     0     0     0     0     0     0     0
     0     0     0     0     0     0     0     0     0     0     0     0
     0     0     0     0     0     0     0     0     0     0     0     0
     0     0     0     0     1     0     0     0     0     0     0     0
     0     0     0     0     0     0     0     0     0     0     0     0
     0     0     0     0     0     0     0     0     0     0     0     0
     0     0     0     0     0     0     0     0     0     0     0     0
     0     0     0     0     0     0     0     0     0     0     0     0
     0     0     0     0     0     0     0     0     0     0     0     0
     0     0     0     0     0     0     0     0     0     0     0     0
     0     0     0     0     0     0     0     0     0     0     0     0
     0     0     0     0     0     0     0     0     0     0     0     0
     0     0     0     0     0     0     0     0     0     0     0     0
     0     0     0     0     0     0     0     0     0     0     0     0
     0     0     0     0     0     0     0     0     0     0     0     0
     0     0     0     0     0     0     0     0     0     0     0     0
     0     0     0     1     1     0     0     0     0     0     0     0
     0     1     0     4     1     3     0     0     1     0     1     0
     1     0     0     0     2     0     0     0     0     0     1     0
     1     1     0     2     1     1     0     0     0     0     0     1
     0     0     2     1     0     0     0     0     1     0     0     1
     0     0     0     1     0     0     0     0     0     1     0     0
     0     0     0     0     0     0     0     0     0     1     0     0
     1     0     0     0     0     0     0     0     0     0     0     0
     0     0     0     0     0     0     0     0     0     0     0     0
    17
     0     0     0     0     0     1     0     0     0     0     0     0
     0     0     0     0     0     0     0     0     0     0     0     0
     0     0     0     0     0     0     0     0     0     0     0     0
     0     0     0     0     0     0     0     0     0     0     0     0
     0     0     0     0     0     0     0     0     0     0     0     0
     0     0     0     0     0     0     0     0     0     0     0     0
     0     0     0     0     0     0     0     0     0     0     0     0
     0     0     0     0     0     0     0     0     0     0     0     0
     0     0     0     0     0     0     0     0     0     0     0     0
     0     0     0     0     0     0     0     0     0     0     0     0
     0     0     0     0     0     0     0     0     0     0     0     0
     0     0     0     0     0     0     0     0     0     0     0     0
     0     0     0     0     0     0     0     0     0     0     0     0
     0     0     0     0     0     0     0     0     0     0     0     0
     0     0     0     0     0     0     0     0     0     0     0     0
     0     0     0     0     0     0     0     0     0     0     0     0
     0     0     0     0     0     0     0     0     0     0     0     0
     0     0     0     0     0     0     0     0     0     0     0     0
     0     0     0     0     0     0     0     0     0     0     0     0
     0     0     0     0     0     0     0     0     0     0     0     0
     0     0     0     0     0     0     0     0     0     0     0     0
     0     0     0     0     0     0     0     0     0     0     0     0
     0     0     0     0     0     0     0     0     0     0     0     0
     0     0     0     0     0     0     0     0     0     0     0     0
     0     0     0     0     0     0     0     0     0     0     0     0
     0     0     0     0     0     0     0     0     0     0     0     0
     0     0     0     0     0     0     0     0     0     0     0     0
     0     0     0     0     0     0     0     0     0     0     0     0
     1     0     0     1     0     1     0     0     0     0     0     0
     0     0     0     0     2     3     0     0     0     0     0     1
     1     0     0     0     0     1     0     0     0     0     1     0
     0     0     2     0     0     0     1     0     0     1     0     1
     0     0     0     0     0     0     0     0     0     0     0     0
     0     0     0     0     0     0     0     0     0     0     0     0
     0     0     0     0     0     0     0     0     0     0     0     0
     0     0     0     0     0     0     0     0     0     0     0     0
    18
     0     0     0     0     1     0     0     0     0     0     0     0
     0     0     0     0     0     0     0     0     0     0     0     0
     0     0     0     0     0     0     0     0     0     0     0     0
     0     0     0     0     0     0     0     0     0     0     0     0
     0     0     0     0     0     0     0     0     0     0     0     0
     0     0     0     0     0     0     0     0     0     0     0     0
     0     0     0     0     0     0     0     0     0     0     0     0
     0     0     0     0     0     0     0     0     0     0     0     0
     0     0     0     0     0     0     0     0     0     0     0     0
     0     0     0     0     0     0     0     0     0     0     0     0
     0     0     0     0     0     0     0     0     0     0     0     0
     0     0     0     0     0     0     0     0     0     0     0     0
     0     0     0     0     0     0     0     0     0     0     0     0
     0     0     0     0     0     0     0     0     0     0     0     0
     0     0     0     0     0     0     0     0     0     0     0     0
     0     0     0     0     0     0     0     0     0     0     0     0
     0     0     0     0     0     0     0     0     0     0     0     0
     0     0     0     0     0     0     0     0     0     0     0     0
     0     0     0     0     0     0     0     0     0     0     0     0
     0     0     0     0     0     0     0     0     0     0     0     0
     0     0     0     0     0     0     0     0     0     0     0     0
     0     0     0     0     0     0     0     0     0     0     0     0
     0     0     0     0     0     0     0     0     0     0     0     0
     0     0     0     0     0     0     0     0     0     0     0     0
     0     0     0     0     0     0     0     0     0     0     0     0
     0     0     0     0     0     0     0     0     0     0     0     0
     0     0     0     0     0     0     0     0     0     0     0     0
     0     0     0     0     0     0     0     0     0     0     0     0
     0     0     0     1     0     0     0     0     0     0     0     0
     0     0     0     0     2     1     0     0     0     0     0     0
     0     0     0     0     1     1     0     0     0     0     0     0
     0     0     1     0     0     0     0     1     0     0     0     0
     0     0     0     0     0     0     0     0     0     0     0     0
     0     0     0     0     0     0     0     0     0     0     0     0
     0     0     0     0     0     0     0     0     0     0     0     0
     0     0     0     0     0     0     0     0     0     0     0     0
    19
     0     0     0     0     0     0     0     0     0     0     0     0
     0     0     0     0     0     0     0     0     0     0     0     0
     0     0     0     0     0     0     0     0     0     0     0     0
     0     0     0     0     0     0     0     0     0     0     0     0
     0     0     0     0     0     0     0     0     0     0     0     0
     0     0     0     0     0     0     0     0     0     0     0     0
     0     0     0     0     0     0     0     0     0     0     0     0
     0     0     0     0     0     0     0     0     0     0     0     0
     0     0     0     0     0     0     0     0     0     0     0     0
     0     0     0     0     0     0     0     0     0     0     0     0
     0     0     0     0     0     0     0     0     0     0     0     0
     0     0     0     0     0     0     0     0     0     0     0     0
     0     0     0     0     0     0     0     0     0     0     0     0
     0     0     0     0     0     0     0     0     0     0     0     0
     0     0     0     0     0     0     0     0     0     0     0     0
     0     0     0     0     0     0     0     0     0     0     0     0
     0     0     0     0     0     0     0     0     0     0     0     0
     0     0     0     0     0     0     0     0     0     0     0     0
     0     0     0     0     0     0     0     0     0     0     0     0
     0     0     0     0     0     0     0     0     0     0     0     0
     0     0     0     0     0     0     0     0     0     0     0     0
     0     0     0     0     0     0     0     0     0     0     0     0
     0     0     0     0     0     0     0     0     0     0     0     0
     0     0     0     0     0     0     0     0     0     0     0     0
     0     0     0     0     0     0     0     0     0     0     0     0
     0     0     0     0     0     0     0     0     0     0     0     0
     0     0     0     0     0     0     0     0     0     0     0     0
     0     0     0     0     0     0     0     0     0     0     0     0
     0     0     0     0     0     0     0     0     0     0     0     0
     0     1     0     0     0     3     0     0     0     0     1     0
     0     0     0     0     0     1     0     0     0     0     0     0
     0     0     0     0     0     0     0     0     0     0     0     0
     0     0     0     0     0     0     0     0     0     0     0     0
     0     0     0     0     0     0     0     0     0     0     0     0
     1     0     0     0     0     0     0     0     0     0     0     0
     0     0     0     0     0     0     0     0     0     0     0     0
    20
     0     0     0     0     0     0     0     0     0     0     0     0
     0     0     0     0     0     0     0     0     0     0     0     0
     0     0     0     0     0     0     0     0     0     0     0     0
     0     0     0     0     0     0     0     0     0     0     0     0
     0     0     0     0     0     0     0     0     0     0     0     0
     0     0     0     0     0     0     0     0     0     0     0     0
     0     0     0     0     0     0     0     0     0     0     0     0
     0     0     0     0     0     0     0     0     0     0     0     0
     0     0     0     0     0     0     0     0     0     0     0     0
     0     0     0     0     0     0     0     0     0     0     0     0
     0     0     0     0     0     0     0     0     0     0     0     0
     0     0     0     0     0     0     0     0     0     0     0     0
     0     0     0     0     0     0     0     0     0     0     0     0
     0     0     0     0     0     0     0     0     0     0     0     0
     0     0     0     0     0     0     0     0     0     0     0     0
     0     0     0     0     0     0     0     0     0     0     0     0
     0     0     0     0     0     0     0     0     0     0     0     0
     0     0     0     0     0     0     0     0     0     0     0     0
     0     0     0     0     0     0     0     0     0     0     0     0
     0     0     0     0     0     0     0     0     0     0     0     0
     0     0     0     0     0     0     0     0     0     0     0     0
     0     0     0     0     0     0     0     0     0     0     0     0
     0     0     0     0     0     0     0     0     0     0     0     0
     0     0     0     0     0     0     0     0     0     0     0     0
     0     0     0     0     0     0     0     0     0     0     0     0
     0     0     0     0     0     0     0     0     0     0     0     0
     0     0     0     0     0     0     0     0     0     0     0     0
     0     0     0     0     0     0     0     0     0     0     0     0
     0     0     0     0     0     0     0     0     0     0     0     0
     0     0     0     0     1     2     0     0     0     0     0     0
     0     0     0     0     0     1     0     0     0     0     0     0
     0     0     0     0     0     0     0     0     0     0     0     0
     0     0     0     0     0     0     0     0     0     0     0     0
     0     0     0     0     0     0     0     0     0     0     0     0
     0     0     0     0     0     0     0     0     0     0     0     0
     0     0     0     0     0     0     0     0     0     0     0     0
