22
Lethbridge, AB 3033880
     0
     -16.800     -11.200      -4.000       2.200       8.000      12.800
      15.600      14.400       8.600       4.400      -4.500     -12.700
      -4.500      -1.700       1.700       7.200      12.800      16.800
      20.000      19.300      14.300       9.800       2.000      -2.800
       2.700       4.500       6.700      12.100      17.500      21.500
      24.300      24.300      20.000      14.600       6.700       2.900
      57.000      54.000      47.000      34.000      32.000      34.000
      35.000      34.000      35.000      35.000      47.000      57.000
      69.000      68.000      66.000      52.000      47.000      49.000
      49.000      48.000      50.000      48.000      65.000      69.000
      79.000      79.000      80.000      75.000      70.000      69.000
      67.000      69.000      73.000      69.000      79.000      78.000
       3.000       2.700       3.000       3.000       3.000       3.000
       2.500       2.200       2.500       3.000       3.000       3.000
       5.200       4.700       5.200       5.200       5.200       5.000
       4.100       3.600       4.100       5.200       5.200       5.500
       9.100       8.600       8.000       7.700       8.000       7.700
       6.600       6.100       7.200       8.300       8.800       9.400
     250.000     250.000     250.000     250.000     260.000     260.000
     250.000     260.000     260.000     250.000     250.000     250.000
     1
      -6.965      -3.407        .832       7.261      12.867      17.200
      19.973      19.574      14.324       9.576        .610      -5.180
      67.446      65.499      63.153      54.504      51.526      52.405
      51.650      51.702      54.031      52.506      63.464      67.252
     2
    25    18    23    16    28    30    36    43    32    25    27    17
    22    39    34    25    39    32    36    43    40    31    30    29
    22    33    41    41    40    40    50    57    44    21    34    28
    20    42    41    29    34    30    56    61    46    23    33    22
    37    34    42    30    31    28    46    50    33    22    28    22
    42    47    51    33    25    39    82    77    58    29    29    28
    35    44    47    40    34    38    60    73    51    26    21    26
    12    28    27    20    22    36    48    55    31    26    19    11
    22    42    43    24    32    37    63    73    52    26    21    24
    12    21    42    21    25    24    42    54    42    25    21    14
    14    20    15    23    26    24    39    33    26    13    13    16
    20    28    35    35    16    31    59    54    46    33    25    27
    20    38    25    18    35    42    41    78    43    29    18    12
    27    31    23    35    24    25    44    27    43    26    21    16
    21    22    31    25    31    33    41    38    37    31    13    21
    20    33    22    31    28    29    33    29    24    36    16    13
    19    15    16    19    23    22    37    19    20    29    13    11
    26    30    29    32    42    32    39    50    29    35    27    21
    21    21    28    27    25    33    38    43    41    25    22    20
    17    14    29    23    26    31    33    47    26    28    21    21
    17    27    29    38    47    44    60    68    35    34    26    24
    21    25    34    35    47    50    90    73    53    50    28    24
    31    29    33    37    61    62    91    80    56    48    27    28
    31    28    43    27    58    63    71    74    55    41    28    31
    28    32    35    31    51    59    76    50    46    38    28    21
    38    32    25    30    46    45    49    63    51    35    28    24
    44    41    53    47    50    57    83    81    58    50    35    30
    34    37    36    27    37    46    49    50    36    46    25    30
    37    25    28    34    35    40    45    53    30    38    22    30
    28    36    26    35    55    33    48    63    41    34    23    26
    27    21    25    26    35    42    50    60    40    23    24    18
    16    11    19    22    30    38    43    31    42    19    26    14
    12    15    21    22    23    37    33    43    28    26    18     7
     4     7    11    24    28    22    27    37    31    18     7     9
    11    13    14    17    15    22    26    39    23    15    14     7
    11    20    19    27    35    34    31    61    38    25    28    21
     3
    16    10    18    20    17    20    18    27    14    26    17    16
    18    18    22    20    20    22    26    26    17    16    19     8
    18    10    27    16    20    16    31    27    22     9    14    14
    17    19    18    24    21    27    30    41    27    16    10    11
    13    23    21    19    14    22    23    28    12    13     7     8
    12    23    28    21    25    21    36    34    22    15    17    12
     7    22    19    16    16    19    32    31    29    11    13     5
     8     7    14    10     8    19    29    33    17     6     8     8
     9    13    22    19    22    20    40    33    22     7    15     7
     7    13    13    14    10    14    29    29    18     9     9     5
    10     5    12    14    17    11    30    20    13    12     8     6
     5    11    12    14     8    26    24    24    23    18    10     5
     6    16    13    16    21    15    42    23    22    11    11     1
     6    11    16    17    16    16    21    20    26    17    12    10
    10    10    13    18     8    10    22    16    20    24     7     6
     8     9    13    23     7    21    14    13    13     9    10     4
     5     9    11     7     8    10    17    14    12    13     7     6
    15     7    31    18    20    22    25    24    25    20    16    12
    10    10    12    16    19    22    26    27    15    21    18    12
    12    13    15    19    10    22    23    17    22    18    15    12
    12     5    22    22    27    31    36    38    38    21    11    16
    28    12    23    33    29    31    66    46    37    27    24    14
    18    13    33    34    36    38    50    52    37    27    21    11
    22    13    32    32    32    41    48    55    58    28    11    16
    13    13    25    22    30    40    58    40    23    19    24    23
    16    12    14    15    18    32    30    29    32    23    15    10
    15    10    28    29    28    45    43    29    36    21    14    19
    22    12    18    22    25    27    26    41    28    25    15    10
    21    16    14    21    23    28    29    32    22     8    21    13
    19    14    20    22    37    32    33    34    27    22    12    23
    15    11    20    14    31    34    26    36    35    15    24    14
     6     7    13    16    19    19    20    20    22    14     6     9
     7     4     6    14    19    13    16    31    23    11     6     6
     6    10     7    11    20    21    10    22    12     8     2     6
    12    11    10    11    15    11    16    14    21    12    14     6
    16    15    16    18    17    20    22    29    23    18    13    13
     4
    24    27    33    31    28    40    34    32    23    19    27    17
    24    33    48    42    34    38    45    36    40    25    23    35
    16    30    33    25    22    45    57    44    34    11    17    23
    19    36    27    36    36    34    46    40    18    13    16    17
    18    22    19    30    33    25    53    45    26    16    10    10
    27    28    42    37    30    29    78    54    37    12    11    11
    22    22    36    38    38    36    66    54    24    12    19     7
     7    18    13    29    21    36    64    30    16     8    12     7
    10    15    37    26    29    42    54    38    17    16     9    10
    14     9    18    29    27    27    37    27    23    10    12     8
    18     8    13    21    25    19    45    44    14     9     9     6
     7    20    19    31    26    40    59    37    27    24    14     9
    11    21    18    25    32    44    65    58    32    20     8     9
     8    13    22    22    44    35    43    31    36    15    12     6
    19    11    17    20    37    30    57    28    28    27    16     4
    11    20    20    25    26    40    30    28    19    21    10    11
    19    12    16    20    22    23    29    23    19    23    22     8
    18    31    38    19    34    39    23    25    33    36    28    15
    24    26    26    33    44    31    46    24    41    31    31    26
    16    19    31    29    41    34    41    39    44    35    23    27
    32    37    46    42    43    51    67    63    65    52    57    31
    37    34    61    52    62    82    77    81    70    67    49    31
    42    45    51    65    57    92    95    78    82    54    49    40
    40    31    50    52    65    94   106    76    66    51    36    31
    39    28    26    47    65    57   102    86    53    38    31    33
    26    25    19    38    56    67    61    50    50    38    22    19
    36    29    36    47    60    68    70    50    44    47    25    38
    30    22    27    33    45    52    65    71    44    31    28    51
    26    30    35    40    49    70    41    44    40    29    24    33
    31    34    47    48    65    75    55    78    43    35    24    19
    23    35    28    50    56    58    64    56    58    38    31    32
    15    23    21    33    46    45    35    48    26    35    15    28
    19    21    26    30    32    33    20    38    25    21    18    18
    11    27    18    37    27    26    26    40    26    27    15    14
    17    28    19    25    36    26    20    35    31    25    17    15
    20    20    34    38    43    24    37    28    24    28    22    18
     5
    12    13    21    15    26    26    26    25    19    18    13    12
    15    19    40    30    29    26    31    24    22    19    12    12
     7    15    21    30    29    14    29    22    28    11     9     9
     7    12    14    14    18    24    26    24    15     5     5     6
     5    13    20    18    16    21    33    22     2     9     5     4
     5    15    26    27    21    25    56    34    15     3     5     4
     7     4    24    18    13    23    28    32    16     8     7     3
     3     6    11    12     8    13    22    15    10     2     6     2
     3     7    18    20    19    14    25    23     9     4     3     3
     5     7    16    18     9    21    12    22     9     3     4     2
     6     4     9    20    18    19    25    18    11     7     5     1
     6     7    13    21    21    25    29    22    11     7     8     5
     3    10    14    29    19    20    35    17    18    14     5     3
     3    10    22    10    18    17    24    13    14     8     6     5
     6     6    12    25     9    16    23    20    20    12     5     6
     5     6    11    16    15    20    20     7    11    15    11     3
    12     8    12     6    17    11    14     9    12     8    10     7
     6    12    17    12    16    23    15    11    17    19    12    10
    23    14    22    31    25    30    17    13    14    22    29    19
    18    13    30    27    37    14    32    20    21    24    27    20
    13    25    33    35    40    39    37    28    31    43    35    19
    38    24    34    53    58    70    64    51    39    35    34    25
    36    28    45    55    52    67    58    41    45    47    43    30
    37    39    41    44    57    57    60    46    34    50    34    38
    31    36    29    31    39    54    61    37    27    35    20    21
    10    12    19    35    42    49    57    35    35    26    19    16
    14    21    17    36    46    59    55    33    29    27    23    21
    16    14    20    40    24    38    39    33    30    23    19    26
    15    20    27    25    34    55    27    32    29    19    12    22
    11    24    32    28    44    42    35    35    36    20     7    10
    16    22    20    23    34    39    27    32    31    21    13    18
     9    19    21    28    42    41    28    29    26    13    12    21
    10    16    11    19    30    23    26    13    17    19    13    12
    10    22    27    23    22    24    26    21    23    17     9    13
    10     9    22    21    32    21    20    22    22    15    12    13
    14    22    31    28    38    28    25    26    19    18    15    15
     6
    12    13    23    16    24    18    16    29    11     6     6    11
     6     4    18    38    29    16    13    18    20     6     6     8
     8     3    13    19    22    19    12     7    10     3     3     8
     3     8    10    21    20     8    15    15    11     2     3     3
     6     5    12     9    14    10    23    10     4     5     5     4
     3     8    11    13    19    11    31    29     3     5     4     2
     2     6     9    10    22    11    14    20     9     2     2     2
     3     0     7     6    14     8     5     8     3     2     2     0
     0     2    14    11    13    12     6     3     5     4     3     1
     2     1     9    13    12     8     8     9    14     2     4     2
     1     0     7    19    12     5    14    10     4     5     1     0
     3     8    12    14    19    17    19    21     8     1     2     4
     4     4    13    24    19    18    22    13    15     3     3     2
     4     7     6    28    15    21    24    10    10     7     5     2
     4     2    10    19    24    14    20    10    18     7     3     1
     3     8     3    15    13    26    14     6     8    11     7     1
     5     2     7    15    12     5    14     5    14     8     4     6
    11    16    20    17    24    16    20    15    12    19     9    11
    15    19    21    18    21    20    11    11    17    32    22    15
    14    16    21    22    25    20    16    15    13    35    16    10
    10    18    34    40    36    33    25    21    24    38    27    17
    27    23    53    49    42    51    36    25    30    38    21    20
    47    40    57    50    51    41    48    51    33    47    32    37
    24    31    37    42    54    49    46    51    30    47    48    20
    26    33    35    38    41    56    62    51    35    42    39    23
    36    19    24    47    38    56    48    37    25    22    28    28
    25    16    31    33    45    64    50    49    32    41    19    20
    20     9    14    29    41    38    48    24    21    18    13    20
    12    15     6    20    28    37    25    21    22    11    13    12
    15    15    21    23    32    45    28    25    17    13    18     9
    12    19    22    28    47    34    26    32    33    19     8    17
    13    16    13    20    40    18    24    19    18    20    13    10
    11    21    23    29    27    30    17    19    19    20     9     7
     9    18    27    25    29    24    23    25    31    17    11    14
    11     9    25    17    34    10    21    23    24    12     7    14
     8    17    25    31    34    28    13    25    19    20    15    12
     7
     9     5    22    14    21    15    12    10    14     9    10     5
     5     6    13    34    20    18    12     9    12     7     4     5
     5    11     9    12    11    18    18     4     9     4     3     4
     5     3    11     9    12     6     9     6     9     5     1     2
     3     3    10     8     5     6    10     6     3     8     1     0
     5     1     6     9    10     6    15    11     3     2     1     2
     3     2     9     7    10     6    10    10     3     0     0     0
     1     1     2     5    11     3     2     4     2     0     0     1
     1     0     7     3     7     2     7     5     2     2     0     0
     1     3     8     6    10     2     5    10     2     1     0     0
     4     2     7     3     8     6     9     6     1     4     3     1
     4     1    13    16    19    14     7    10     6     5     2     3
     7     3     5    16    22    14    21    12     4     5     1     2
     4     2     7    17    34    16    28    13    10     4     3     0
     5     4    11    17    14    20    15    11     8     3     4     0
     0     2     8    12    13    19    12     6     9     3     3     0
     2     2     8    12    12     6    13     8     5     5     2     2
     5     8     8    20    16    14    10     5    11     9     5     3
     5    17    18    14    13    16     7     2    12    21     6     4
     8    19    22    18    10    18    15     6    19    20    14    12
    21    17    24    32    38    30    22    13    21    30    25    20
    23    26    37    37    35    40    44    27    29    41    32    25
    39    35    40    51    50    64    33    39    35    52    33    28
    42    34    54    66    56    57    43    52    38    50    39    41
    30    35    31    57    58    78    59    51    59    43    42    31
    31    22    23    46    70    59    51    45    41    56    41    36
    35    19    35    31    58    88    42    52    27    32    24    26
     9    14     9    37    36    44    31    39    31    23     8    19
     5     4    14    17    24    19    31    15    15     7     6    11
    16     8    19    22    28    28    14    17    21    16    10     6
    12     8    14    27    27    34    21    23    13    20    11    17
    11    17    15    23    27    20    13    22    19    12     9    15
     7    12    19    15    39    19    13    18    17    20    10    18
    11    14    25    42    25    16    11     9    25    18    13    16
    13    13    17    30    33    10    11    15    18    15    13    15
    15     8    25    27    39    13    15    19    25     7     7    14
     8
     4     5     7    20    22     6     1     7     9     2     6     5
     4     3    14    15    18     8     2     6     6     5     4     5
     3     3     3     9    15     5     3     4     4     5     3     7
     1     2     4     7     9     6     3     1     6     5     3     0
     0     2     4     4    11     3     2     3     0     1     6     1
     0     0    10     4     6     3     2     7     5     0     1     0
     1     0     7     2    11     4     4     3     1     1     0     0
     0     0     2     3     8     1     3     1     1     0     0     0
     0     0     4     3     8     2     1     2     0     0     0     0
     0     2     3     3     6     1     2     2     3     0     0     1
     0     0     3     4     6     4     4     2     0     0     0     5
     2     0     3    15    10     9     6     6     1     3     3     3
     3     2     2    11    12    12     2     7     5     3     1     2
     0     2     4    19    18    20     9     7     3     4     0     0
     0     0     6    15    23    14     5     4     2     1     0     4
     3     2     8     6    13     9     3     3     1     5     1     0
     2     2     6     9     7     3     8     1     2     6     2     1
     1     8    10    14     6     5     7     2     2    13     3     1
     6     8    13    17     9     7    10     3     4     7     4     4
     6     5    12    19     8    15     6     6     1    13     8     3
    14    16    13    22    17    25    13     7    12    15     6    13
    11    19    28    32    39    22    33    24    19    18    16    19
    38    37    46    38    42    51    45    33    28    35    28    41
    35    23    53    68    60    70    62    43    39    67    50    30
    45    37    52    66    71   100    75    68    62    56    54    27
    48    26    42    70    72    97    58    57    53    56    52    42
    31    26    37    49    63    66    68    40    60    39    42    36
    12    12    14    18    32    36    30    27    20     7     6     7
     8     6     7    23    23    22    13    16     9     4     3     9
     7     0    13    14    24    24    17    13    14    10     6     3
     5     7    11    15    15    19    19    13    11    10     8     5
     6     9     5    15    17    20    12    15    15     7     2     6
    11     6    17    30    20    22    13    14    15     8     7    11
     7     8    25    21    24    19     6    13    18    12     6    13
    14    10    20    25    21    11     9    13    20     8    17    12
     7     9    17    25    36     9     4    16    18     9     7    11
     9
     2     4     5     8    11     5     2     6     4     3     1     2
     3     2     7    11    12     2     3     0     3     4     1     0
     1     2     1     8     9     6     1     1     1     0     1     1
     0     0     0     1     6     2     3     2     0     0     1     0
     0     0     0     4     1     0     1     4     2     3     1     0
     0     0     4     1     3     1     0     1     0     0     0     0
     2     0     2     1     1     1     3     0     0     0     0     0
     0     0     0     0     2     0     1     0     1     0     0     0
     0     0     2     3     3     0     1     0     1     0     0     0
     0     0     2     2     0     0     1     0     0     0     0     0
     0     0     1     1     1     3     2     0     0     0     0     0
     0     0     1     4     4     2     4     3     1     0     0     0
     1     0     3     4     8     7     3     4     3     0     0     0
     1     1     3    13    20     5     4     2     5     2     0     0
     1     0     1    12    13     5     3     2     0     2     0     2
     0     1     3     8    13     4     1     0     0     0     1     0
     4     0     1     2     4     5     1     4     0     3     1     0
     3     3     7    12    10     2     2     1     4    12     3     1
     4     5     7     7    10     4     2     0     1     4     4     2
     6     7     8    10     6     2     8     2     0     5     3     2
     3     7    11     8    11    13     8     7     6    10     5     4
    10    11    22    27    21    21    15    13    17    20    12    17
    26    26    40    44    31    36    37    18    25    39    31    20
    39    49    49    45    64    63    48    54    38    52    42    49
    41    56    58    60    64    92    82    46    52    81    57    54
    44    52    68    69    66    97    67    53    54    62    50    57
    33    28    35    56    80    97    56    49    38    47    40    33
    13     6    12    24    21    38    16    19    10     9     5    11
     4     2     1     8    13    15     5    13     9     7     4     3
     2     4     6     4    20    12     5     6     4     2     4     3
     3     3    11    11    22    14     4     6     9     6     7     4
     4     6    12    13    15    18    11     8     8     6     8     8
     7    10    14    22    23     9     7    12    11     7     6     4
    11     3    15    21    13    13     5     7    13    10     8    14
     5     4    11    16    21     4     5     4    11    12     6     6
     3     3    12    13    15     7     9     5    12     5     5     5
    10
     1     2     1     1     4     1     0     2     2     1     3     0
     3     0     1     2     3     2     1     2     2     3     1     2
     1     0     0     6     1     1     1     1     1     1     0     1
     0     0     1     1     4     0     0     0     1     1     0     0
     0     0     0     2     2     0     1     0     0     0     1     0
     0     0     3     0     4     0     0     1     0     0     0     0
     0     0     0     0     2     1     0     0     0     0     0     0
     0     0     0     0     4     0     0     0     0     0     0     0
     0     0     1     0     3     0     1     0     0     0     0     0
     0     0     0     0     1     1     0     0     0     0     0     0
     0     0     0     1     3     2     0     0     0     0     0     0
     0     0     0     1     0     1     0     2     1     1     0     0
     0     0     1     4     3     3     1     0     3     0     0     0
     0     0     0    10     8     4     2     2     0     1     0     0
     0     0     0     3     5     2     1     0     2     1     0     0
     1     1     2     3     3     3     1     1     2     0     0     0
     0     0     1     1     2     0     2     0     0     4     0     0
     1     1     1     6     4     4     0     1     2     4     1     2
     1     2     3     2     0     2     0     0     0     1     3     1
     0     3     0     2     1     0     3     2     3     1     2     0
     2     8     2     5     3     3     5     2     6     1     6     5
     9    11    10     8    24    11    13     5     9    11     5    15
    19    22    23    22    25    24    18    17    13    28    16    15
    26    30    31    27    44    39    37    42    27    30    40    37
    50    41    67    48    82    76    52    47    49    75    50    53
    39    56    55    68    60    86    56    45    66    67    68    49
    28    30    29    41    56    59    47    30    37    45    41    31
    12    10    18    13    24    21    19    12    16     4     8     7
     1     4     4     8    12     5    14     4    11     1     3     3
     2     0     4     3    12     6     4     6     5     2     2     1
     2     1     1     7    12     3     3     5     9     5     6     2
     2     2     3     6     7     1     7     5     6     5     2     1
     2     7     8    12     7     7     3     3     4     4     0     7
     6     4    12    14    11     6     5     1     7     7     0     4
     6     3     8     7     9     5     2     3     8     4     2     7
     1     1     9     7     9     3     5     3     5     1     0     4
    11
     0     1     2     1     4     0     3     2     5     0     0     1
     0     1     1     0     2     2     2     0     1     1     0     0
     1     0     0     0     0     2     0     0     1     0     0     0
     0     0     0     1     1     0     0     0     0     0     0     1
     0     0     1     4     3     0     2     0     0     0     0     0
     0     0     0     0     1     1     1     0     0     0     0     0
     0     0     1     0     1     0     0     0     0     0     0     0
     0     0     0     0     0     0     0     0     0     0     0     0
     0     0     0     0     1     0     0     0     0     0     0     0
     0     0     0     1     0     0     0     0     0     0     0     0
     0     0     0     0     0     0     0     0     0     0     0     0
     0     0     0     1     2     0     0     0     1     0     0     0
     0     0     0     2     1     2     0     1     0     0     0     0
     0     0     0     5     2     1     1     1     0     0     0     0
     0     0     0     9     5     1     2     1     0     0     0     0
     0     0     0     3     3     0     1     2     2     0     1     0
     0     1     2     1     2     1     1     0     1     1     0     0
     0     0     1     5     2     0     2     1     1     2     1     0
     0     1     1     6     0     0     1     0     0     1     3     0
     1     0     1     5     0     4     3     1     0     1     3     0
     3     5     4     5     2     1     5     3     1     4     6     2
     5     5     8    13    11    12     8     6     9     7    10     7
    18    24    16    19    14    23    20     9    15    16    19    24
    22    43    27    30    41    37    31    28    27    28    33    47
    39    54    87    52    63    83    62    54    32    61    55    46
    54    69    73    82    68    91    57    36    55    58    61    59
    25    32    28    59    53    60    49    29    45    30    36    20
     0     6     8     9    14    18    10    14    12     5     9     5
     1     1     5     2     6     5     3     2     6     0     1     1
     0     0     3     2    15     4     4     2     5     1     2     0
     0     1     2     2     8     2     5     5     2     1     5     0
     0     0     5     4     6     2     3     8     0     5     0     0
     7     0     4     4     5     2     2     4     4     1     1     3
     5     1     7     7     8     4     1     3     2     6     1     4
     1     3     6     3     7     3     2     1     5     4     1     1
     2     2     5     4     9     5     1     1     3     3     0     1
    12
     1     0     0     0     3     1     0     0     0     0     0     0
     1     0     0     0     1     2     0     0     1     0     0     0
     0     0     0     0     1     0     0     0     0     1     0     0
     0     0     0     0     0     0     0     0     0     0     0     0
     0     0     0     0     1     0     0     0     0     0     0     0
     0     0     0     0     2     0     0     0     0     0     0     0
     0     0     0     0     0     0     0     0     0     0     0     0
     0     0     0     0     0     0     0     0     0     0     0     0
     0     0     0     0     0     0     0     0     0     0     0     0
     0     0     0     0     1     1     0     0     0     0     0     0
     0     0     0     0     1     0     0     0     0     0     0     0
     0     0     0     0     0     0     0     1     1     0     0     0
     0     0     0     0     0     0     0     0     0     0     0     0
     0     0     0     1     1     1     0     2     0     0     1     0
     0     0     0     1     6     1     0     0     0     0     0     0
     0     0     0     0     0     1     0     0     0     0     0     0
     0     1     0     0     1     0     0     1     1     0     0     0
     0     3     0     0     3     1     0     2     0     0     0     0
     0     1     1     0     0     0     2     0     0     0     2     0
     0     0     1     1     2     1     0     0     0     2     1     0
     3     1     3     1     1     1     1     2     0     4     0     1
     4     5     2     5     8     4     3     7     2     7     2     6
    16    12    10    14    10    12    12     5     3    21    13    14
    21    24    23    29    29    25    21    14    16    25    30    20
    35    56    53    50    58    57    53    17    48    68    44    55
    52    55    61    54    75    73    49    45    48    76    51    44
    31    30    31    51    40    53    31    20    35    34    26    24
     3     5    13     8     2    10     4     4     8     5     1     6
     3     1     1     2     0     1     0     3     2     2     0     1
     0     0     1     1     8     0     2     0     1     1     1     0
     0     0     0     1    11     0     0     1     0     2     0     0
     3     1     2     2     4     1     3     2     1     2     2     0
     1     0     2     3     1     1     0     0     1     3     3     1
     1     1     3     3     3     1     4     1     3     3     0     5
     0     0     2     4     5     1     0     1     2     2     0     2
     1     0     2     2     3     3     0     0     2     0     0     3
    13
     1     0     0     0     1     1     2     0     0     0     0     0
     0     0     0     2     0     0     1     0     0     1     0     0
     0     0     0     0     0     1     0     0     0     0     0     0
     0     0     0     0     0     0     0     0     0     0     0     0
     0     0     0     0     0     0     0     0     0     0     0     0
     0     0     0     1     0     0     0     0     0     0     0     0
     0     0     0     0     0     0     0     0     0     0     0     0
     0     0     0     0     2     0     0     0     0     0     0     0
     0     0     0     0     0     0     0     0     0     0     0     0
     0     0     0     0     0     0     0     0     0     0     0     0
     0     0     0     0     1     0     0     0     0     0     0     0
     0     0     0     0     0     0     0     0     0     0     0     0
     0     0     0     0     0     0     0     0     0     0     0     0
     0     0     0     0     0     0     0     0     0     0     0     0
     0     0     0     0     2     0     0     0     0     0     0     0
     0     0     0     1     0     1     0     0     0     0     1     0
     0     0     0     0     0     3     0     0     0     0     0     0
     0     0     1     0     2     0     1     0     0     0     0     0
     0     1     0     1     1     0     1     0     1     0     0     1
     0     0     0     1     0     0     0     0     0     0     1     0
     1     1     1     0     0     1     2     0     1     1     1     2
     1     3     0     7     4     2     2     3     2     5     3     4
    11     8     8     9    14    10     7     8     7    14    12    15
    22    24    22    27    18    20    22    17    15    17    29    32
    52    48    66    51    61    39    39    33    34    67    46    53
    65    67    55    47    65    73    40    36    51    68    68    53
    25    26    35    56    36    57    20    24    26    33    29    29
     0     4     6    11     7    15     7     8     4     6     5     4
     1     0     2     4     0     2     0     4     2     0     1     1
     1     0     3     1     2     0     0     0     0     0     1     2
     0     1     0     0     0     1     1     0     1     1     1     1
     0     0     2     3     1     1     4     4     3     0     1     0
     2     1     4     2     1     1     0     0     1     1     1     0
     4     0     4     1     4     0     1     0     1     1     3     0
     0     0     3     0     4     1     0     0     2     0     1     0
     0     0     3     1     5     3     1     0     2     0     0     1
    14
     1     0     0     0     0     2     0     0     0     0     0     0
     1     0     1     0     0     0     0     0     0     0     0     0
     0     0     0     0     1     1     0     0     0     0     0     0
     0     0     0     0     0     0     0     0     0     0     0     0
     0     0     0     0     0     0     0     0     0     0     0     0
     0     0     0     0     0     0     0     0     0     0     0     0
     0     0     0     0     0     0     0     0     0     0     0     0
     0     0     0     0     0     0     0     0     0     0     0     0
     0     0     0     0     0     0     0     0     0     0     0     0
     0     0     0     0     0     0     0     0     0     0     0     0
     0     0     0     0     0     0     0     0     0     0     0     0
     0     0     0     0     0     0     1     0     0     0     0     0
     0     0     0     0     0     0     0     0     0     0     0     0
     0     0     0     0     0     0     0     0     0     0     0     0
     0     0     0     0     0     0     0     0     0     0     0     0
     0     0     0     0     0     0     0     0     0     0     0     0
     0     0     0     0     0     0     0     0     0     0     0     0
     0     0     0     0     0     0     1     0     0     0     0     0
     0     0     0     0     0     0     0     0     0     0     0     0
     0     0     0     0     0     0     1     0     0     0     2     1
     0     1     1     2     1     0     1     2     0     0     1     1
     0     4     3     2     0     6     2     0     0     3     1     5
     3     2     5     7     5     9     2     4     5     4     3    16
    14    20    12     7    19    20    12    10    10    17    20    17
    51    31    36    31    57    41    22    17    16    33    40    47
    62    56    60    39    54    47    25    15    30    41    44    44
    19    24    12    24    30    29    11    14    25    23    20    16
     2     2     7     3    11     5     2     1     7     2     1     2
     0     0     0     1     2     0     0     0     0     0     0     0
     0     0     4     1     0     0     0     1     0     0     0     1
     0     1     1     0     1     1     0     0     2     0     0     0
     0     0     0     0     2     0     0     0     1     0     0     0
     0     0     0     0     0     0     2     1     1     0     0     1
     3     0     0     0     1     1     0     1     0     0     0     1
     1     0     1     1     4     1     1     0     0     0     0     2
     0     0     1     0     1     1     0     0     0     0     0     0
    15
     1     0     0     0     0     1     0     0     0     0     0     0
     0     0     1     0     0     0     0     0     0     0     0     0
     0     1     0     0     0     0     0     0     0     0     0     0
     0     0     0     0     0     1     0     0     0     0     0     0
     0     0     0     0     0     0     0     0     0     0     0     0
     0     0     0     0     0     0     0     0     0     0     0     0
     0     0     0     0     0     0     0     0     0     0     0     0
     0     0     0     0     0     0     0     0     0     0     0     0
     0     0     0     0     0     0     0     0     0     0     0     0
     0     0     0     0     0     0     0     0     0     0     0     0
     0     0     0     0     0     0     0     0     0     0     0     0
     0     0     0     0     0     0     0     0     0     0     0     0
     0     0     0     0     0     0     0     0     0     0     0     0
     0     0     0     1     0     0     0     0     0     0     0     0
     0     0     0     0     0     1     0     0     0     0     0     0
     0     0     0     0     0     0     0     0     0     0     0     0
     0     0     0     0     0     0     0     0     0     0     0     0
     0     0     0     0     0     0     0     0     0     0     0     0
     0     0     0     0     0     0     0     0     0     0     0     0
     0     0     0     0     0     0     0     0     0     0     1     0
     0     0     0     0     0     0     0     0     0     0     0     2
     0     1     1     1     3     2     0     1     1     1     3     2
     2     1     4     6     3     6     3     3     0     6     3     9
    14    13     8    12    12    15    12     2     8     7    16    13
    33    22    24    20    36    26    29     5    17    43    38    37
    47    54    39    21    26    33    22    19    15    38    43    44
    11    32    10    19    20    12     8     5     9    12     7     9
     2     5     2     4     1     2     4     2     2     0     1     3
     0     0     2     0     0     0     1     0     1     0     1     0
     0     0     1     1     0     0     0     0     1     0     0     0
     0     0     2     0     1     0     0     0     1     0     1     0
     0     0     1     0     1     0     0     1     0     0     0     0
     0     0     0     0     0     0     0     0     0     0     0     0
     0     0     0     1     1     0     0     0     0     0     0     0
     0     0     1     0     2     0     0     0     0     0     0     0
     0     0     1     0     2     0     0     0     0     0     0     1
    16
     0     0     0     0     0     0     0     0     0     0     0     0
     0     0     0     0     0     0     0     0     0     1     0     0
     0     0     0     0     0     0     0     0     0     0     0     0
     0     0     0     0     0     0     0     0     0     0     0     0
     0     0     0     0     0     0     0     0     0     0     0     0
     0     0     0     0     0     0     0     0     0     0     0     0
     0     0     0     0     0     0     0     0     0     0     0     0
     0     0     0     0     0     0     0     0     0     0     0     0
     0     0     0     0     0     0     0     0     0     0     0     0
     0     0     0     0     0     0     0     0     0     0     0     0
     0     0     0     0     0     0     0     0     0     0     0     0
     0     0     0     0     0     0     0     0     0     0     0     0
     0     0     0     0     0     0     0     0     0     0     0     0
     0     0     0     0     0     0     0     0     0     0     0     0
     0     0     0     0     0     0     0     0     0     0     0     0
     0     0     0     0     0     0     0     0     0     0     0     0
     0     0     0     0     0     0     0     0     0     0     0     0
     0     0     0     0     0     0     0     0     0     0     0     0
     0     0     0     0     0     0     0     0     0     0     0     0
     0     0     0     0     0     0     0     0     0     0     0     1
     0     1     0     1     0     0     0     0     0     0     1     2
     2     1     0     0     0     1     0     3     0     0     1     5
     3     1     9     4     2     6     3     1     2     8     6     7
     7     8     9     6     8     4    10     2     8     7    14    13
    33    26    25    16    23    37    17     7    10    32    19    41
    41    34    34    25    23    23    32    16    18    22    23    29
    17    11     8    19     9    14    12     5     8     7    15    11
     0     4     8     4     3     0     1     2     1     0     0     1
     0     0     0     0     0     0     0     0     0     1     0     0
     0     0     1     0     0     0     0     0     0     0     0     0
     0     0     0     2     1     0     0     0     0     0     0     0
     0     0     0     1     0     0     0     1     0     1     0     0
     0     0     0     1     0     1     0     0     0     0     0     0
     0     0     0     0     1     0     0     0     0     0     0     2
     0     0     2     0     1     0     0     0     0     0     0     0
     1     0     0     0     4     0     0     0     0     0     0     0
    17
     0     0     0     0     0     0     0     0     0     0     0     0
     0     0     0     0     0     0     0     0     0     0     0     0
     0     0     0     0     0     0     0     0     0     0     0     0
     0     0     0     0     0     0     0     0     0     0     0     0
     0     0     0     0     0     0     0     0     0     0     0     0
     0     0     0     0     0     0     0     0     0     0     0     0
     0     0     0     0     0     0     0     0     0     0     0     0
     0     0     0     0     0     0     0     0     0     0     0     0
     0     0     0     0     0     0     0     0     0     0     0     0
     0     0     0     0     0     0     0     0     0     0     0     0
     0     0     0     0     0     0     0     0     0     0     0     0
     0     0     0     0     0     0     0     0     0     0     0     0
     0     0     0     0     0     0     0     0     0     0     0     0
     0     0     0     0     0     0     0     0     0     0     0     0
     0     0     0     0     0     0     0     0     0     0     0     0
     0     0     0     0     0     0     0     0     0     0     0     0
     0     0     0     0     0     0     0     0     0     0     0     0
     0     0     0     0     0     0     0     0     0     0     0     0
     0     0     0     0     0     1     0     0     0     0     0     0
     0     0     0     0     0     0     0     0     0     0     0     1
     0     0     0     0     0     0     1     0     0     0     0     1
     1     0     2     0     0     0     0     1     0     0     0     0
     3     0     1     1     0     3     1     3     0     2     2     5
     6     4     4     4     6     5     2     2     2     7     4     7
    21    15     8     8     9    13     7     3    11    15    13    16
    30    12     9    19    15    18    10     5    11    16    13    27
    15    13     9    14     6     3     2     3     2     2     7     5
     1     2     4     1     1     0     1     0     1     0     0     1
     0     0     0     0     0     0     0     0     0     0     0     1
     0     0     0     0     0     0     0     0     1     0     0     0
     0     0     0     0     0     0     0     0     0     0     0     0
     0     0     0     1     0     0     0     0     0     1     0     0
     0     0     0     0     1     0     0     0     0     0     0     0
     0     0     0     0     0     0     0     0     0     0     0     1
     0     0     0     0     0     0     0     0     0     0     0     0
     0     0     0     0     0     0     0     0     0     0     0     0
    18
     0     0     0     0     0     0     0     0     0     0     0     0
     0     0     0     0     0     0     0     0     0     0     0     0
     0     0     0     0     0     0     0     0     0     0     0     0
     0     0     0     0     0     0     0     0     0     0     0     0
     0     0     0     0     0     0     0     0     0     0     0     0
     0     0     0     0     0     0     0     0     0     0     0     0
     0     0     0     0     0     0     0     0     0     0     0     0
     0     0     0     0     0     0     0     0     0     0     0     0
     0     0     0     0     0     0     0     0     0     0     0     0
     0     0     0     0     0     0     0     0     0     0     0     0
     0     0     0     0     0     0     0     0     0     0     0     0
     0     0     0     0     0     0     0     0     0     0     0     0
     0     0     0     0     0     0     0     0     0     0     0     0
     0     0     0     0     0     0     0     0     0     0     0     0
     0     0     0     0     0     0     0     0     0     0     0     0
     0     0     0     0     0     0     0     0     0     0     0     0
     0     0     0     0     0     0     0     0     0     0     0     0
     0     0     0     0     0     0     0     0     0     0     0     0
     0     0     0     0     0     0     0     0     0     0     0     0
     0     0     0     0     0     0     0     0     0     0     0     0
     0     0     0     0     0     0     0     0     0     0     0     0
     1     0     0     0     0     0     1     0     0     0     1     1
     2     0     1     0     0     0     0     0     0     1     2     2
     5     5     5     0     5     1     0     1     2     2     2     3
    12     6     7     4     6     6     7     1     3     5     8    13
    11    11     7     7     9     8     2     4     4     5    12    13
     4     3     1     5     8     4     3     0     1     2     0     2
     0     1     1     1     0     0     0     0     0     0     0     1
     0     0     0     0     0     0     0     0     0     0     0     0
     0     0     1     0     0     0     0     0     0     0     0     0
     0     0     0     0     0     0     0     0     0     0     0     0
     0     0     1     0     0     0     0     0     0     0     0     0
     0     0     0     1     0     0     0     0     0     0     0     0
     0     0     0     0     0     0     0     0     0     0     0     0
     0     0     0     0     0     0     0     0     0     0     0     0
     0     0     0     1     0     0     0     0     0     0     0     0
    19
     0     0     0     0     0     0     0     0     0     0     0     0
     0     0     0     0     0     0     0     0     0     0     0     0
     0     0     0     0     0     0     0     0     0     0     0     0
     0     0     0     0     0     0     0     0     0     0     0     0
     0     0     0     0     0     0     0     0     0     0     0     0
     0     0     0     0     0     0     0     0     0     0     0     0
     0     0     0     0     0     0     0     0     0     0     0     0
     0     0     0     0     0     0     0     0     0     0     0     0
     0     0     0     0     0     0     0     0     0     0     0     0
     0     0     0     0     0     0     0     0     0     0     0     0
     0     0     0     0     0     0     0     0     0     0     0     0
     0     0     0     0     0     0     0     0     0     0     0     0
     0     0     0     0     0     0     0     0     0     0     0     0
     0     0     0     0     0     0     0     0     0     0     0     0
     0     0     0     0     0     0     0     0     0     0     0     0
     0     0     0     0     0     0     0     0     0     0     0     0
     0     0     0     0     0     0     0     0     0     0     0     0
     0     0     0     0     0     0     0     0     0     0     0     0
     0     0     0     0     0     0     0     0     0     0     0     0
     0     0     0     0     0     0     1     0     0     0     0     0
     0     0     0     0     0     0     0     0     0     0     0     0
     2     1     0     0     0     0     0     1     0     2     1     0
     2     0     2     0     0     0     0     1     0     0     0     3
     2     1     8     5     1     3     1     2     0     3     3     5
    13     7     7    10    14     9     7     2     1    11    16    21
    17     8     7     3    11    14     8     2     5     4    12    21
     5     5     6     5     3     2     1     1     2     2     3     5
     0     0     3     3     0     0     0     0     0     0     0     0
     0     0     0     0     0     0     0     0     0     0     0     0
     0     0     1     0     0     0     0     0     0     0     0     0
     0     0     1     0     0     0     0     0     0     0     0     0
     0     0     1     0     0     0     0     0     0     0     0     0
     0     0     0     0     0     0     0     0     0     0     0     0
     0     0     0     0     0     0     0     0     0     0     0     0
     0     0     0     0     2     0     0     0     0     0     0     0
     0     0     0     0     0     0     0     0     0     0     0     0
    20
     0     0     0     0     0     0     0     0     0     0     0     0
     0     0     0     0     0     0     0     0     0     0     0     0
     0     0     0     0     0     0     0     0     0     0     0     0
     0     0     0     0     0     0     0     0     0     0     0     0
     0     0     0     0     0     0     0     0     0     0     0     0
     0     0     0     0     0     0     0     0     0     0     0     0
     0     0     0     0     0     0     0     0     0     0     0     0
     0     0     0     0     0     0     0     0     0     0     0     0
     0     0     0     0     0     0     0     0     0     0     0     0
     0     0     0     0     0     0     0     0     0     0     0     0
     0     0     0     0     0     0     0     0     0     0     0     0
     0     0     0     0     0     0     0     0     0     0     0     0
     0     0     0     0     0     0     0     0     0     0     0     0
     0     0     0     0     0     0     0     0     0     0     0     0
     0     0     0     0     0     0     0     0     0     0     0     0
     0     0     0     0     0     0     0     0     0     0     0     0
     0     0     0     0     0     0     0     0     0     0     0     0
     0     0     0     0     0     0     0     0     0     0     0     0
     0     0     0     0     0     0     0     0     0     0     0     0
     0     0     0     0     0     0     0     0     0     0     0     0
     0     0     0     0     0     0     0     0     0     0     0     0
     0     0     0     0     0     0     0     0     0     1     0     1
     1     1     0     1     0     1     0     0     0     0     2     3
     1     1     1     3     1     2     0     0     1     0     9     3
    11     7     3     9     1     7     0     3     1     4     6    15
    10     3     2     4     4     9     1     1     0     3     8     9
    10     1     2     1     1     1     0     0     1     1     4     2
     2     0     1     0     0     0     0     0     0     0     0     0
     0     0     0     0     0     0     0     0     0     0     0     0
     0     0     1     0     0     0     0     0     0     0     0     0
     0     0     1     0     0     0     0     0     0     0     0     0
     0     0     0     0     0     0     0     0     0     0     0     0
     0     0     0     0     0     0     0     0     0     0     0     0
     0     0     0     0     0     0     0     0     0     0     0     0
     0     0     0     0     0     0     0     0     0     0     0     0
     0     0     0     0     0     0     0     0     0     0     0     0
