26
Grande Prairie, AB 3072920
     0
     -23.900     -18.400     -11.000        .600       7.200      11.500
      13.300      12.100       6.700       1.500     -12.200     -20.700
     -14.700     -10.700      -3.800       4.500      11.400      15.100
      17.000      16.100      11.100       5.500      -4.500     -12.700
      -5.000      -2.300       1.700       8.900      15.600      18.800
      20.700      20.200      15.400      10.000       1.100      -4.900
      71.000      68.000      64.000      43.000      33.000      39.000
      45.000      45.000      48.000      48.000      69.000      71.000
      78.000      76.000      74.000      59.000      48.000      54.000
      61.000      62.000      67.000      66.000      79.000      80.000
      84.000      83.000      82.000      75.000      69.000      74.000
      79.000      82.000      85.000      82.000      87.000      85.000
       1.600       1.600       1.600       1.900       2.500       2.500
       1.900       1.900       1.900       1.900       1.600       1.600
       3.000       2.700       3.000       3.600       4.100       4.100
       3.600       3.000       3.600       3.600       3.000       3.000
       6.100       5.200       5.200       6.100       6.600       6.600
       5.800       5.500       6.100       7.200       5.500       5.500
     280.000     300.000     290.000     280.000     270.000     270.000
     270.000     270.000     270.000     260.000     270.000     280.000
     1
     -14.765     -10.850      -5.036       4.570      11.503      15.246
      17.113      16.291      11.113       5.765      -5.883     -13.046
      76.841      75.240      72.214      58.956      51.857      56.700
      61.941      62.926      66.210      65.083      76.667      77.623
     2
    32    37    52    60    38    36    39    29    30    15    45    30
    26    48    65    61    37    42    59    46    19    23    28    24
    48    68    91    78    40    42    67    48    34    29    37    25
    47    96   105    87    52    39    72    45    26    43    47    26
    42    48    65    79    42    37    75    41    33    38    55    27
    50    67    90    82    60    65    63    50    37    31    64    41
    27    57    83    62    46    51    54    43    33    40    50    46
    37    42    43    62    52    35    68    48    46    29    45    24
    31    31    46    72    65    70    91    74    63    54    36    23
    30    19    34    46    60    53    54    53    54    56    32    16
    22    18    30    39    46    53    54    56    48    44    21    23
    19    21    25    61    78    70    81    67    96    75    31    22
    11    20    11    42    59    56    66    57    78    57    16    20
    17    10    20    36    51    54    58    66    61    51    30     9
    15     8    24    37    52    51    82    91    76    59    29    16
    11    17    15    24    42    42    66    62    54    45    38    20
    15    12    16    20    50    51    55    57    59    64    33    24
    20    25    23    40    68    65    86    86    82    72    23    32
    27    21    22    30    38    56    56    74    89    64    34    21
    26    24    44    37    47    64    79    82    63    63    37    29
    40    30    23    56    95    87   107   115    81    87    47    34
    42    29    48    64    52    86   110   108    88    71    60    28
    35    26    37    36    47    65    99    66    58    49    34    37
    29    34    47    70    76    87   150   127    80    65    51    33
    24    25    34    36    44    80    96    97    50    44    24    19
    22    20    27    52    53    71    82    74    43    43    27    22
    29    35    44    53    81    96   109    74    51    38    31    29
    28    32    50    49    47    65    85    68    42    38    22    33
    33    47    70    49    40    58    62    65    46    27    31    44
    55    69    82    54    53    62    99    80    47    48    35    40
    61    78   103    69    59    68    73    64    32    42    45    67
    83   122   137    85    48    61    69    50    32    41    69    64
   135   165   200   115    86    66    85    82    56    47    85   103
    75   108   130    63    43    54    71    56    32    31    50    71
    39    57    93    65    36    33    47    46    39    27    34    36
    46    88   103    81    51    58    64    62    38    34    36    37
     3
    10    18     8    23    18     8    16     5    10     1     3     7
    10     7    20    35    13    16    15     4     8     6     2     7
    12    12    34    46    29    18    24    14    13    10     5     7
    18    27    55    33    30    15    26    32    13    10     9     5
    13    16    49    34    18    24    33    27    15    15    24    12
    20    28    55    44    33    34    44    27    25    19    24    21
    23    15    27    39    25    31    25    22    22    14    11    10
    11    20    20    29    33    31    26    27    27    13     8     7
    12    12    23    39    39    47    41    47    43    27    24     7
     8     8    14    21    39    30    27    41    20    25     8     4
    10     1     7    23    28    22    17    34    26    13    11     2
     5     6     8    17    57    42    20    34    31    19     8     1
     4     4     5    19    26    20    19    23    21    16     4     8
     4     4     4     9    18    12    20    18    21    11     7     5
     3     4     4    15    23    21    22    39    35    21     6     4
     2     3     3    10    17     8    25    27    19    22     4     2
     1     3     4     3    17     5    16    15    18    15     2     5
     6     3     3    10     8    26    30    27    17    15     6     6
     3     6     4    14    21    16    15    21    18    20     4     2
     8    12     5    11    20    14    19    25    21    22     8     7
    13    15    11    13    28    58    44    38    45    35    16     5
    11    16    14    18    35    44    51    54    31    24    19    11
     9     7    16    26    22    27    42    28    28    15    13     8
    13    15    28    30    55    90    88    60    54    31    30     6
    10    12    27    26    42    62    62    43    30    30    16    16
    16    10    20    22    38    49    62    41    32    20    12    10
    12     8    24    35    38    48    68    51    33    23    14    17
    11     7    18    24    36    35    51    36    27    15     3    17
    11     9    24    29    28    37    37    38    20    21    15    11
    22    17    32    26    35    44    56    52    26    16    14    13
    13    30    36    32    27    40    44    40    23    16    18    26
    23    45    52    36    24    29    41    39    26    17    20    22
    17    47    76    61    38    44    51    37    28    15    15    29
    12    21    42    27    21    31    24    26    15    10    11    19
    11    12    19    22    14    20    14    17    19     3     6     6
    10    18    25    27    16    28    22    20     9     7     5     6
     4
     4    10     7    22    18    19     7    15     6     3     5     3
     6    11    17    30    15    17    13    11    12     3     3     4
     7    18    33    45    32    20    22    25    11     9     7     7
    10    28    62    68    29    31    27    30    22    14     9    14
    20    34    62    59    40    23    30    22    33    14    14    25
    29    37    90    71    43    46    39    46    39    25    34    23
    24    23    38    54    41    53    34    34    29    14    17    15
    22    15    26    54    44    49    34    44    21    16    18     7
    10    14    23    61    71    55    54    47    44    21    16    13
     4     8    13    29    59    39    46    36    28    15    11     3
     3     0     3    22    59    25    30    26    29     6     7     5
     2     3     1    22    38    32    26    37    34    16     4     6
     5     3     5    16    27    23    11    19    23    14     3     0
     2     1     0    13    15    13     6    20    17    10     1     3
     2     3     5    13    18    21    16    29    16    15     4     0
     0     2     6    10    12    13    12    21    12    11     0     3
     1     2     3     6    24    21    17    17     7    15     3     4
     4     3     1     9    17    14    18    12    14     9     6     2
     1     2     4    12    13    15    16    11     8     5     4     3
     7     4     2     7    25    24    18    10    17    13     6     8
     6    10     7    20    27    30    30    38    26    21    10    12
    15     8    12    16    41    57    30    37    37    37    16     8
    15    13    22    32    41    50    53    50    30    38    13    15
    19    21    39    58    91    98   116    86    61    45    34    18
    16    15    29    39    70   103   101    79    44    41    28    18
    20    10    22    43    89   100    92    59    51    54    35    22
    25    15    42    46    63    85    75    75    56    32    23    33
    19     8    29    34    59    65    89    70    43    33    28    20
    20    17    31    40    41    53    60    61    37    33    21    20
    18    35    50    37    71    67    80    69    52    38    32    39
    23    42    36    47    41    49    57    64    40    28    24    45
    16    20    42    55    46    39    65    70    34    17    16    27
    10    18    52    55    45    51    55    46    47    17     9    12
     9    14    13    26    32    32    29    31    22     6     9     6
     3     8    12    29    21    20    20    18    14     3     3     1
     0     9    13    16    22    25    17    17    13     2     3     5
     5
     2     5     5    10     7    10     4     8     9     3     4     3
     3     6     9    13    13    14     5     5    13     2     1     2
     1     5    10    16    16    20    12    17     8     1     1     4
     4    18    32    39    30    16    14    15    25     3    12     7
     8    23    53    32    24    14    15    12    15    11    14     7
    15    31    76    55    41    19    22    28    18     7    10    16
    10    20    30    31    29    27    15    10    19     8    12     8
     5    11    14    25    43    28    17    18    22    10     5     7
     5     4     8    36    42    42    33    35    21    14     7     6
     2     6     5    22    34    19    21    25    19     8     6     2
     1     2     1    16    32    16    23    14     7     3     2     1
     3     2     2    21    27    10     3    17     9     4     1     1
     2     1     0    10    18    11     3     4     6     2     3     0
     1     2     0    10    17     8     2     6     6     3     1     0
     1     1     0     5    17     8     4     9     5     2     0     2
     0     2     0     3    13    10     4     6     5     8     0     0
     0     0     0     3     6     6     8     2     2     3     1     0
     1     0     0     0     7     5     4     2     2     2     0     2
     1     0     0     1     8     3     1     2     2     0     1     2
     3     1     2     4     9     6     4     4     1     3     0     1
     4     2     0     6    12     7    15     5     4     5     0     1
     3     6     7    11    21    16    12    25    13    12     7     0
     5     6    13    21    26    28    18    28    14    22    13     8
    11    14    29    38    52    54    64    50    34    34    17    12
    24    15    43    32    63    76    87    49    41    36    16    21
    25    21    28    47    58    90    79    56    40    41    35    13
    16    14    29    30    46    76    63    54    43    36    16    24
    14    13    17    15    51    50    50    35    26    21    18     9
    16     8    24    24    45    43    46    47    36    12    14    20
    19    28    25    30    41    46    59    61    30    26    24    24
    17    24    26    22    33    41    42    31    32    16    23    25
    10     7    16    19    44    36    40    19    25    13    14    22
     2     6    13    21    32    34    28    32    19    10     5     6
     2     3     7    13     8    20    17    12     6     2     2     2
     1     3     2     9     9     8     9     7    14     0     1     3
     2     4     1    12    10    15     9     8     8     4     3     2
     6
     5     3     3     3    11     7     3     3     4     0     1     0
     2     3     3    12    13     9     5    11     6     1     2     5
     2     6    16    22    14    13    10     7     8     3     2     4
     1    17    45    40    19    22    15     8    16     8    16     7
    12    20    53    46    29    13    12     4    13     4    18     5
     9    22    63    44    37    15    23    11    19     4    10    14
    11    22    19    28    28    21    15     8    13     8     5     5
     4     8    15    23    37    38    21    15    13     5     8     1
     4    11     8    37    49    46    21    19    27    16    12     5
     4     3     3    11    33    26    19    13    19     3     2     0
     0     2     3    13    37    18    10    13    12     4     3     1
     0     0     2    10    28    14     5    11     3     2     3     0
     1     0     0     5    13    10     1     3     4     2     1     0
     1     0     0     6     9    10     2     2     2     0     0     0
     0     1     1     4    11     5     2     6     3     7     1     0
     0     0     1     4     6     4     0     3     4     4     1     0
     2     1     0     1     8     3     1     0     1     0     0     0
     1     0     0     0     1     1     2     5     2     1     0     0
     0     1     0     3     4     4     1     1     0     0     0     1
     0     0     1     1     6     4     1     2     2     1     1     0
     2     1     3     1    11     6    10     8     2     1     1     3
     1     1     4    12    14    16    17     8    10     8     8     4
    10     5     9    14    20    26    24    24    13    12     8    10
    27    22    36    65    64    90    63    63    51    55    34    14
    20    26    44    61    73    95    93    68    50    60    23    17
    19    29    49    58    82   102    77    63    56    51    19    25
    21    18    33    60    98   107   101    82    56    48    28    22
    13    13    22    33    55    66    71    61    49    24     9    24
     8    14    13    23    46    70    56    48    40    22    15    19
    35    39    43    30    37    64    61    65    47    36    27    31
    28    24    46    31    35    54    53    55    50    30    21    38
     9    12    16    35    19    30    37    31    30    17    12    21
     0     3     9    33    17    26    22    26    28     7     5     4
     1     0     2     9    16    15     9    12    12     2     4     0
     0     1     4     7    11     8     3     6     8     1     4     2
     1     1     1     3    11    11     4     4    16     2     3     0
     7
     0     3     0     3     7     5     3     3     4     0     1     0
     0     3     4     8     8     8     5     2     5     4     0     0
     1     5     4    10    12    10     9     3     6     5     3     2
     1    14    24    21    19     7    10     6     8     3     8     6
     4    20    41    32    22    10     5     2    14     1    15     4
    11    16    35    25    29    24    11     4    10     3     8     6
     3     6     9    14    31    10     6     3     8     3     6     2
     5    10     9    17    14    16    17     3    10     9     4     2
     1     9     8    15    31    25    22     6    22     9     7     0
     1     1     1    17    31    17     9    14     8     5     2     0
     1     0     0    16    17    12     5    12     8     3     0     0
     0     0     2    11    13    10     2     8     2     0     2     0
     0     0     3     5    14     4     1     7     0     0     0     0
     0     0     0     3     8     4     2     1     0     0     1     0
     0     0     0     3     3     3     0     0     0     1     0     0
     1     0     0     1     2     5     0     3     1     1     0     0
     0     0     0     3     2     1     0     0     2     1     0     0
     1     0     0     1     2     1     1     3     0     2     0     0
     1     0     0     1     2     3     2     0     1     1     0     0
     0     1     0     4     7     3     1     0     0     2     0     0
     1     1     0     0     5     5     5     4     1     1     1     2
     3     3     6     1     8    13    13     5     5     6     4     2
     7     2     8     7    16     9    12    15     5    12     4     5
    18    20    35    39    44    88    47    58    30    35    31    17
    22    28    78    64    84    93   101    37    56    55    29    33
    29    34    65    80    96   111   121    75    80    66    26    36
    16    13    24    63    86   123   102    75    77    63    26    20
     4     3    25    41    61    83    73    54    38    34     9    10
    10    12    19    35    40    63    58    47    28    24    13    20
    20    21    46    26    43    53    52    64    35    36    16    18
    22    32    34    33    34    38    45    29    29    17    19    22
    12     9    17    19    27    20    35    23    24    10     9    11
     1     1     1     8    15    12    26    24    19    11     3     6
     1     1     2     3     5     5     6     6     9     3     1     1
     0     2     0     4     4     4     1     3     7     3     2     2
     1     1     1     7     7     3     4     2     2     0     0     2
     8
     0     0     1     4     2     5     1     2     0     0     0     0
     0     0     0     3     6     4     2     3     2     0     0     0
     0     1     2     5     7     8     5     1     3     4     1     0
     1    11    15     7     9     6     3     2     2     0     2     1
     3     7    16     9     8     5     0     2     2     0    11     4
     8     7    21    11    19     4     3     2     2     0     1     1
     2     2     7     7     7     6     3     0     0     3     1     0
     4     3     3     8    22     4     8     3     1     3     5     0
     1     3     1    11    31    17     5     3     7     3     5     0
     1     4     0    10    20     3     4     7     6     3     1     0
     0     0     1    10    10     8     2     5     4     0     1     0
     0     1     1     1    14     2     0     2     3     0     2     0
     0     0     0     4     5     0     1     1     0     0     0     0
     0     0     0     1     5     1     0     1     0     0     0     0
     0     0     0     2     3     0     0     1     0     1     0     0
     0     0     0     1     6     1     0     0     0     2     0     0
     0     0     0     0     3     0     0     0     0     0     0     0
     0     1     0     0     1     1     0     0     0     0     0     1
     0     0     0     2     1     0     1     2     0     0     0     0
     0     0     0     0     5     1     1     1     0     0     0     1
     0     0     3     1     2     2     5     1     0     0     0     2
     0     0     4     2     8     9     5     3     2     3     0     0
     1     3     4     4    19    23     9    11     6     6     9     4
    29    13    17    37    46    76    47    44    24    52    30    26
    50    48    64    84    79   103    88    85    79    92    37    35
    52    52    62   100   147   142   150   105   127    96    38    50
    26    16    37    83   142   122   125    98    98    98    26    26
     4     4    12    32    71    90    65    68    51    27     7     5
     3     6     8    27    49    75    50    37    34    18    10     6
    21    19    19    34    48    56    41    59    33    27    21    11
    13    11    17    23    31    28    21    32    29    11     9    15
     9     7    17    20    12    27    21    23    19    14    10    12
     0     2     2     5     8    13    12    14    11     7     1     2
     0     1     0     3     9     3     6     4     6     3     1     2
     0     1     3     0     1     2     2     2     2     1     0     1
     0     1     1     1     2    11     3     3     0     0     2     0
     9
     0     0     0     1     0     0     1     0     0     0     0     0
     0     0     0     1     2     3     0     1     0     0     0     0
     0     0     0     0     3     1     2     1     0     0     1     1
     0     0     4     6     8     0     3     1     2     0     3     1
     0     6     4     7     9     4     0     1     1     0     4     1
     3     3     2     7     9     2     3     0     0     0     0     0
     2     0     1     1     3     1     3     0     0     0     0     0
     0     0     1     2     2     5     5     0     0     1     2     0
     0     1     1     2     8    10     5     1     4     1     0     0
     0     0     0     0     2     6     0     3     2     6     0     0
     0     0     0     3     2     3     3     1     1     0     0     0
     0     0     0     2     9     3     0     0     0     0     0     0
     0     0     0     1     4     1     0     0     0     0     0     0
     0     0     0     0     3     0     0     0     0     0     0     0
     0     0     0     1     0     5     0     0     0     0     0     0
     0     0     0     0     3     0     1     0     0     0     1     0
     0     0     0     0     2     0     1     0     0     1     1     0
     1     0     0     0     0     0     1     0     0     0     0     0
     0     0     0     0     0     1     0     0     0     0     0     0
     0     0     0     0     0     0     2     0     0     0     0     0
     0     0     0     0     1     0     2     0     0     1     0     1
     0     1     0     1     3     4     6     4     1     1     0     1
     1     5     0     2     7     6     8     6     3    10     4     5
    27    11     8    13    44    42    21    19    12    28    20    19
    51    49    40    48    80    80    74    50    44    66    21    26
    40    41    66    73   111   107   103    68    70    87    33    38
    15    16    31    52    87   108    78    66    60    55    14    11
    11     3     6    20    63    64    42    41    29    21     5     6
     4     2     4    15    34    33    23    21    13    13     7     2
     8     7    11    22    24    20    15    25     7    13     9     4
    15    11    11    19    18    12     7     8     8    16     8    13
     6     3     4    14    19     7    10    17     7     8     4     3
     3     0     0     3     6     8     8    10     7    10     1     0
     0     0     0     2     1     4     0     3     6     0     0     0
     0     0     0     0     0     1     0     0     1     0     1     0
     0     0     0     2     0     0     1     0     0     0     0     0
    10
     0     0     1     0     0     0     0     0     0     0     0     0
     0     0     0     0     0     1     0     1     0     0     0     0
     0     0     0     0     2     1     0     0     0     1     0     0
     0     0     0     1     1     0     0     0     2     0     0     0
     0     1     0     0     1     0     0     0     0     0     0     0
     1     0     2     4     7     0     0     0     1     0     0     0
     0     0     0     0     3     0     1     0     0     0     0     0
     0     0     0     0     2     0     1     1     0     0     0     0
     0     0     0     0     1     0     0     0     2     1     1     0
     0     0     0     2     1     2     0     0     0     0     0     0
     0     0     0     0     0     1     0     0     1     0     0     0
     0     0     0     0     1     0     0     1     0     0     0     0
     0     0     1     1     1     0     0     0     0     0     0     0
     0     0     0     0     0     0     0     0     0     0     0     0
     0     0     0     0     2     0     0     0     0     0     0     0
     0     0     0     0     0     0     0     0     0     0     0     0
     0     0     0     0     0     0     0     0     0     0     0     0
     0     0     0     0     0     0     0     0     0     0     0     0
     0     0     0     0     0     0     0     0     0     0     0     0
     0     0     0     0     0     0     0     0     0     0     0     0
     0     0     0     0     0     0     0     0     0     0     0     0
     1     0     0     0     0     0     3     1     0     1     0     0
     0     0     0     2     5     4     2     1     0     6     1     0
     7     7     1    11    15    17    10     8     3    15    14     3
    28    25    30    43    45    42    34    17    18    34    16    24
    20    27    39    42    72    57    56    26    41    38    24    15
     5     7    11    32    48    55    25    30    19    27    12     8
     3     1     1     7    22    17    13    12     6    11     4     2
     0     1     1     9    11    13    10    14     2     3     1     1
     2     4     0     5    14     2     7    14     6     7     0     1
     4     3     1     7     3     8    10     2     4     5     1     3
     0     1     0     2     1     0     4     1     5     4     1     2
     0     2     1     0     3     3     0     2     2     1     0     0
     0     0     0     0     0     0     1     0     7     0     0     0
     0     0     0     1     0     0     0     0     0     0     0     0
     0     0     0     0     0     0     0     1     0     0     0     0
    11
     0     0     0     0     0     0     0     0     0     0     0     0
     0     0     0     0     0     0     0     0     0     0     1     0
     0     0     0     0     2     1     0     1     0     0     0     0
     0     0     0     0     1     0     0     0     0     0     0     0
     0     0     0     0     2     0     0     0     2     0     1     0
     0     0     0     0     0     0     0     0     2     0     0     0
     0     0     0     0     2     0     0     0     0     0     0     0
     0     0     0     1     0     0     0     0     0     0     0     0
     0     0     0     1     1     3     0     0     0     0     0     0
     0     0     0     0     0     1     0     0     0     0     0     0
     0     0     0     1     1     0     0     0     0     0     0     0
     0     0     0     0     3     0     0     0     0     0     0     0
     0     0     0     0     3     0     0     0     0     0     0     0
     0     0     0     0     1     0     0     0     0     0     0     0
     0     0     0     0     0     0     0     0     0     0     0     0
     0     0     0     0     0     0     0     0     0     0     0     0
     0     0     0     0     0     0     0     0     0     0     0     0
     0     0     0     0     0     0     0     0     0     0     0     0
     0     0     0     1     0     0     0     0     0     0     0     0
     0     0     0     0     0     0     0     1     0     0     0     0
     0     0     0     0     0     0     0     0     0     0     0     0
     0     0     0     0     3     1     3     1     0     1     0     0
     2     0     0     0     3     3     3     0     0     2     1     0
     6     4     3     8    18    12     5     6     4    16    11     2
    22    31    21    23    48    26    28    19    32    48    19    26
    17    32    19    39    56    58    38    30    36    77    17    29
     7     3     6    37    43    44    36    27    28    42     9     4
     4     1     2     9    15     9     6     9    11     9     9     2
     1     0     1     4    13     7     6     2     1     4     5     1
     5     1     0     6    18     3     5     3     1     4     1     0
     0     0     4     6     3     5     6     4     1     4     1     1
     1     1     4     2     0     1     2     4     0     2     0     1
     0     0     1     0     0     3     1     0     1     1     1     1
     0     0     0     0     1     0     0     1     1     0     0     0
     0     0     0     0     0     0     0     0     0     0     0     0
     0     0     0     0     0     0     0     0     0     0     0     0
    12
     0     0     0     0     0     0     0     0     0     0     0     0
     0     0     0     0     0     0     1     0     0     0     0     0
     0     0     0     0     0     0     0     0     0     0     0     0
     0     0     0     0     1     0     0     0     0     0     0     0
     0     0     0     0     0     0     0     0     0     0     0     0
     0     0     0     0     0     0     0     0     0     0     0     0
     0     0     0     0     0     0     1     0     0     0     0     0
     0     0     0     0     0     0     0     0     0     0     0     0
     0     0     0     0     0     1     0     0     0     0     0     0
     0     0     0     0     0     0     0     0     0     0     0     0
     0     0     0     1     0     0     0     0     0     0     0     0
     0     0     0     0     0     0     0     0     0     0     0     0
     0     0     0     0     0     0     0     0     0     0     0     0
     0     0     0     0     0     0     0     0     0     0     0     0
     0     0     0     0     0     0     0     0     0     0     0     0
     0     0     0     0     0     0     0     0     0     0     0     0
     0     0     0     0     0     0     0     0     0     0     0     0
     0     0     0     0     0     0     0     0     0     0     0     0
     0     0     0     0     0     0     0     0     0     0     0     0
     0     0     0     0     0     0     0     0     0     0     0     0
     0     0     0     0     0     0     0     0     0     0     0     0
     0     0     0     0     0     1     0     0     0     0     0     0
     2     0     0     0     0     0     0     0     0     2     0     0
     5     4     2     6     7     3     6     0     3     9     2     4
     9    10    12    15    26    22    11    14     8    28    10    10
    15    22    16    25    33    53    15    20    29    37    14    15
     5     8     7    21    25    36     8    13    22    15     4     1
     0     0     0     8     8    10     3     5     2     6     1     0
     0     0     0     0     7     0     2     1     0     1     0     0
     3     1     0     1     4     3     1     0     1     1     0     0
     2     0     1     0     0     0     1     2     0     3     1     2
     2     0     0     1     1     0     0     2     0     0     0     0
     1     0     1     0     1     0     0     0     0     0     0     0
     0     0     0     0     0     0     0     0     0     0     0     0
     0     0     0     0     0     0     0     0     0     0     0     0
     0     0     0     0     0     0     0     0     0     0     0     0
    13
     0     0     0     0     0     0     0     0     0     0     0     0
     0     0     0     0     0     1     0     0     0     0     0     0
     0     0     0     0     0     0     0     0     0     0     0     0
     0     0     0     0     0     0     0     0     0     0     0     0
     0     0     0     0     0     0     0     0     0     0     0     0
     0     0     0     0     0     0     0     0     0     0     0     0
     0     0     0     0     0     0     0     0     0     0     0     0
     0     0     0     0     0     0     0     0     0     0     0     0
     0     0     0     0     0     0     0     0     0     0     0     0
     0     0     0     0     0     0     0     0     0     0     0     0
     0     0     0     0     0     0     0     0     0     0     0     0
     0     0     0     0     0     0     0     0     0     0     0     0
     0     0     0     0     0     0     0     0     0     0     0     0
     0     0     0     0     0     0     0     0     0     0     0     0
     0     0     0     0     0     0     0     0     0     0     0     0
     0     0     0     0     0     0     0     0     0     0     0     0
     0     0     0     0     0     0     0     0     0     0     0     0
     0     0     0     0     0     0     0     0     0     0     0     0
     0     0     0     0     0     0     0     0     0     0     0     0
     0     0     0     0     0     0     0     0     0     0     0     0
     0     0     0     0     0     1     0     0     0     0     0     0
     0     0     0     0     0     0     1     0     0     0     0     0
     0     0     0     0     1     0     0     0     0     0     0     0
     0     3     0     2     4     2     3     4     4     9     1     1
    17    13     4     7    17    23     6     6     9    21     6    13
     7     8    14    18    38    30    15    12    12    36     3    11
     4     4     0    15    12    16     6     3     9    15     2     4
     0     0     0     5     4     2     2     3     0     6     0     0
     0     0     1     0     0     0     0     0     0     1     0     0
     0     0     0     1     2     0     1     0     0     0     0     0
     0     0     1     1     0     0     0     2     0     2     0     0
     0     0     0     0     0     0     0     0     0     0     0     0
     0     0     0     0     0     0     0     0     0     0     0     0
     0     0     1     0     0     0     0     0     0     0     0     0
     0     0     0     0     0     1     0     0     0     0     0     0
     0     0     0     0     0     0     0     0     0     0     0     0
    14
     0     0     0     0     0     0     0     0     0     0     0     0
     0     0     0     0     0     0     0     0     0     0     0     0
     0     0     0     0     0     0     0     0     0     0     0     0
     0     0     0     0     0     0     0     0     0     0     0     0
     0     0     0     0     0     0     0     0     0     0     0     0
     0     0     0     0     0     0     0     0     0     0     0     0
     0     0     0     0     0     0     0     0     0     0     0     0
     0     0     0     0     0     0     0     0     0     0     0     0
     0     0     0     0     0     0     0     0     0     0     0     0
     0     0     0     0     0     0     0     0     0     0     0     0
     0     0     0     0     0     0     0     0     0     0     0     0
     0     0     0     0     0     0     0     0     0     0     0     0
     0     0     0     0     0     0     0     0     0     0     0     0
     0     0     0     0     0     0     0     0     0     0     0     0
     0     0     0     0     0     0     0     0     0     0     0     0
     0     0     0     0     0     0     0     0     0     0     0     0
     0     0     0     0     0     0     0     0     0     0     0     0
     0     0     0     0     0     0     0     0     0     0     0     0
     0     0     0     0     0     0     0     0     0     0     0     0
     0     0     0     0     0     0     0     0     0     0     0     0
     0     0     0     0     0     0     0     0     0     0     0     0
     0     0     0     0     0     0     0     0     0     0     0     0
     0     0     0     0     0     0     0     0     0     0     0     0
     0     1     0     3     4     4     0     1     0     3     0     1
    13     8     1     5    10     9     2     3     0    12     8     5
    10     4     4    10    11    19     3     1     5    18     7     0
     2     0     2     2     6     7     2     3     7     6     1     1
     0     0     0     0     0     1     1     1     0     0     0     0
     1     0     1     0     1     2     0     0     0     1     0     0
     1     0     0     1     0     0     0     1     0     1     0     0
     0     0     1     0     0     0     0     1     0     0     0     0
     1     0     0     0     0     0     0     0     0     0     0     0
     0     0     0     0     0     0     0     0     0     1     0     0
     0     0     0     0     0     0     0     0     0     0     0     0
     0     0     0     0     0     0     0     0     0     0     0     0
     0     0     0     0     0     0     0     0     0     0     0     0
    15
     0     0     0     0     0     0     0     0     0     0     0     0
     0     0     0     0     0     0     0     0     0     0     0     0
     0     0     0     0     0     0     0     0     0     0     0     0
     0     0     0     0     0     0     0     0     0     0     0     0
     0     0     0     0     0     0     0     0     0     0     0     0
     0     0     0     0     0     0     0     0     0     0     0     0
     0     0     0     0     0     0     0     0     0     0     0     0
     0     0     0     0     0     0     0     0     0     0     0     0
     0     0     0     0     0     0     0     0     0     0     0     0
     0     0     0     0     0     0     0     0     0     0     0     0
     0     0     0     0     0     0     0     0     0     0     0     0
     0     0     0     0     0     0     0     0     0     0     0     0
     0     0     0     0     0     0     0     0     0     0     0     0
     0     0     0     0     0     0     0     0     0     0     0     0
     0     0     0     0     0     0     0     0     0     0     0     0
     0     0     0     0     0     0     0     0     0     0     0     0
     0     0     0     0     0     0     0     0     0     0     0     0
     0     0     0     0     0     0     0     0     0     0     0     0
     0     0     0     0     0     0     0     0     0     0     0     0
     0     0     0     0     0     0     0     0     0     0     0     0
     0     0     0     0     0     0     0     0     0     0     0     0
     0     0     0     0     0     0     1     0     0     0     0     0
     0     0     0     0     0     0     0     0     0     0     0     0
     2     2     0     0     3     0     0     0     0     0     1     0
     4     5     2     2     4     6     0     4     1     3     4     1
     6     3     2     6     7     8     2     1     0     7     2     0
     0     0     3     4     2     5     2     1     2     3     1     0
     0     0     0     1     0     0     0     0     0     1     0     1
     0     0     0     0     0     0     0     0     0     0     0     0
     0     0     0     0     0     1     0     0     0     0     0     0
     0     0     0     0     0     0     0     0     0     0     0     0
     0     0     0     0     0     0     0     0     0     1     0     0
     0     0     1     0     0     0     0     0     0     0     0     0
     0     0     0     0     0     0     0     0     0     0     0     0
     0     0     0     0     0     0     0     0     0     0     0     0
     0     0     0     0     0     0     0     0     0     0     0     0
    16
     0     0     0     0     0     0     0     0     0     0     0     0
     0     0     0     0     0     0     0     0     0     0     0     0
     0     0     0     0     0     0     0     0     0     0     0     0
     0     0     0     0     0     0     0     0     0     0     0     0
     0     0     0     0     0     0     0     0     0     0     0     0
     0     0     0     0     0     0     0     0     0     0     0     0
     0     0     0     0     0     0     0     0     0     0     0     0
     0     0     0     0     0     0     0     0     0     0     0     0
     0     0     0     0     0     0     0     0     0     0     0     0
     0     0     0     0     0     0     0     0     0     0     0     0
     0     0     0     0     0     0     0     0     0     0     0     0
     0     0     0     0     0     0     0     0     0     0     0     0
     0     0     0     0     0     0     0     0     0     0     0     0
     0     0     0     0     0     0     0     0     0     0     0     0
     0     0     0     0     0     0     0     0     0     0     0     0
     0     0     0     0     0     0     0     0     0     0     0     0
     0     0     0     0     0     0     0     0     0     0     0     0
     0     0     0     0     0     0     0     0     0     0     0     0
     0     0     0     0     0     0     0     0     0     0     0     0
     0     0     0     0     0     0     0     0     0     0     0     0
     0     0     0     0     0     0     0     0     0     0     0     0
     0     0     0     0     0     0     0     0     0     0     0     0
     0     0     0     0     0     0     0     0     0     0     0     0
     0     0     0     1     3     0     0     0     0     0     0     1
     6     3     0     3     0     6     1     2     4     3     2     0
     8     2     0     0     4     8     0     0     1     6     2     2
     1     1     0     1     1     2     1     2     1     2     1     4
     0     0     0     1     0     1     0     0     0     0     0     0
     0     0     0     1     0     0     0     0     0     1     0     0
     0     0     0     0     0     0     0     0     0     0     0     0
     0     0     0     0     1     0     0     0     0     0     0     0
     0     0     0     0     0     0     0     0     0     0     0     0
     0     0     0     0     0     0     0     0     0     0     0     0
     0     0     0     0     0     0     0     0     0     0     0     0
     0     0     0     0     0     0     0     0     0     0     0     0
     0     0     0     0     0     0     0     0     0     0     0     0
    17
     0     0     0     0     0     0     0     0     0     0     0     0
     0     0     0     0     0     0     0     0     0     0     0     0
     0     0     0     0     0     0     0     0     0     0     0     0
     0     0     0     0     0     0     0     0     0     0     0     0
     0     0     0     0     0     0     0     0     0     0     0     0
     0     0     0     0     0     0     0     0     0     0     0     0
     0     0     0     0     0     0     0     0     0     0     0     0
     0     0     0     0     0     0     0     0     0     0     0     0
     0     0     0     0     0     0     0     0     0     0     0     0
     0     0     0     0     0     0     0     0     0     0     0     0
     0     0     0     0     0     0     0     0     0     0     0     0
     0     0     0     0     0     0     0     0     0     0     0     0
     0     0     0     0     0     0     0     0     0     0     0     0
     0     0     0     0     0     0     0     0     0     0     0     0
     0     0     0     0     0     0     0     0     0     0     0     0
     0     0     0     0     0     0     0     0     0     0     0     0
     0     0     0     0     0     0     0     0     0     0     0     0
     0     0     0     0     0     0     0     0     0     0     0     0
     0     0     0     0     0     0     0     0     0     0     0     0
     0     0     0     0     0     0     0     0     0     0     0     0
     0     0     0     0     0     0     0     0     0     0     0     0
     0     0     0     0     0     0     0     0     0     0     0     0
     0     0     0     0     0     0     0     0     0     0     0     0
     0     0     0     0     3     0     0     0     0     0     0     0
     3     3     0     2     0     3     2     0     0     2     1     0
     2     3     0     1     1     4     0     1     0     1     0     0
     0     0     0     2     0     4     1     1     0     2     0     0
     0     0     0     0     0     0     0     0     0     0     0     0
     0     0     0     0     0     0     0     0     0     0     0     0
     0     0     0     0     0     0     0     0     0     0     0     0
     0     0     0     0     0     0     0     0     0     0     0     0
     0     0     0     0     0     0     0     0     0     0     0     0
     0     0     0     0     0     0     0     0     0     0     0     0
     0     0     0     0     0     0     0     0     0     0     0     0
     0     0     0     0     0     0     0     0     0     0     0     0
     0     0     0     0     0     0     0     0     0     0     0     0
    18
     0     0     0     0     0     0     0     0     0     0     0     0
     0     0     0     0     0     0     0     0     0     0     0     0
     0     0     0     0     0     0     0     0     0     0     0     0
     0     0     0     0     0     0     0     0     0     0     0     0
     0     0     0     0     0     0     0     0     0     0     0     0
     0     0     0     0     0     0     0     0     0     0     0     0
     0     0     0     0     0     0     0     0     0     0     0     0
     0     0     0     0     0     0     0     0     0     0     0     0
     0     0     0     0     0     0     0     0     0     0     0     0
     0     0     0     0     0     0     0     0     0     0     0     0
     0     0     0     0     0     0     0     0     0     0     0     0
     0     0     0     0     0     0     0     0     0     0     0     0
     0     0     0     0     0     0     0     0     0     0     0     0
     0     0     0     0     0     0     0     0     0     0     0     0
     0     0     0     0     0     0     0     0     0     0     0     0
     0     0     0     0     0     0     0     0     0     0     0     0
     0     0     0     0     0     0     0     0     0     0     0     0
     0     0     0     0     0     0     0     0     0     0     0     0
     0     0     0     0     0     0     0     0     0     0     0     0
     0     0     0     0     0     0     0     0     0     0     0     0
     0     0     0     0     0     0     0     0     0     0     0     0
     0     0     0     0     0     0     0     0     0     0     0     0
     0     0     0     0     0     0     0     0     0     0     0     0
     0     0     0     0     0     1     0     0     0     0     0     0
     0     0     0     0     3     1     1     1     0     0     0     0
     1     1     0     0     0     2     0     0     0     1     0     0
     0     0     0     0     0     0     0     0     0     0     0     0
     0     0     0     0     0     0     0     0     0     0     0     0
     0     0     0     0     0     0     0     0     0     0     0     0
     0     0     0     0     0     0     0     0     0     0     0     0
     0     0     0     0     0     0     0     0     0     0     0     0
     0     0     0     0     0     0     0     0     0     0     0     0
     0     0     0     0     0     0     0     0     0     0     0     0
     0     0     0     0     0     0     0     0     0     0     0     0
     0     0     0     0     0     0     0     0     0     0     0     0
     0     0     0     0     0     0     0     0     0     0     0     0
    19
     0     0     0     0     0     0     0     0     0     0     0     0
     0     0     0     0     0     0     0     0     0     0     0     0
     0     0     0     0     0     0     0     0     0     0     0     0
     0     0     0     0     0     0     0     0     0     0     0     0
     0     0     0     0     0     0     0     0     0     0     0     0
     0     0     0     0     0     0     0     0     0     0     0     0
     0     0     0     0     0     0     0     0     0     0     0     0
     0     0     0     0     0     0     0     0     0     0     0     0
     0     0     0     0     0     0     0     0     0     0     0     0
     0     0     0     0     0     0     0     0     0     0     0     0
     0     0     0     0     0     0     0     0     0     0     0     0
     0     0     0     0     0     0     0     0     0     0     0     0
     0     0     0     0     0     0     0     0     0     0     0     0
     0     0     0     0     0     0     0     0     0     0     0     0
     0     0     0     0     0     0     0     0     0     0     0     0
     0     0     0     0     0     0     0     0     0     0     0     0
     0     0     0     0     0     0     0     0     0     0     0     0
     0     0     0     0     0     0     0     0     0     0     0     0
     0     0     0     0     0     0     0     0     0     0     0     0
     0     0     0     0     0     0     0     0     0     0     0     0
     0     0     0     0     0     0     0     0     0     0     0     0
     0     0     0     1     0     0     0     0     0     0     0     0
     0     0     0     0     0     0     0     0     0     0     0     0
     0     0     0     0     0     0     0     1     0     0     0     0
     0     2     0     1     1     0     2     0     0     0     0     0
     1     0     0     0     0     3     0     0     0     1     0     0
     0     0     0     0     0     0     1     0     0     0     0     0
     0     0     0     0     0     0     0     0     0     0     0     0
     0     0     0     0     0     0     0     0     0     0     0     0
     0     0     0     0     0     0     0     0     0     0     0     0
     0     0     0     0     0     0     0     0     0     0     0     0
     0     0     0     0     0     0     0     0     0     0     0     0
     0     0     0     0     0     0     0     0     0     0     0     0
     0     0     0     0     0     0     0     0     0     0     0     0
     0     0     0     0     0     0     0     0     0     0     0     0
     0     0     0     0     0     0     0     0     0     0     0     0
    20
     0     0     0     0     0     0     0     0     0     0     0     0
     0     0     0     0     0     0     0     0     0     0     0     0
     0     0     0     0     0     0     0     0     0     0     0     0
     0     0     0     0     0     0     0     0     0     0     0     0
     0     0     0     0     0     0     0     0     0     0     0     0
     0     0     0     0     0     0     0     0     0     0     0     0
     0     0     0     0     0     0     0     0     0     0     0     0
     0     0     0     0     0     0     0     0     0     0     0     0
     0     0     0     0     0     0     0     0     0     0     0     0
     0     0     0     0     0     0     0     0     0     0     0     0
     0     0     0     0     0     0     0     0     0     0     0     0
     0     0     0     0     0     0     0     0     0     0     0     0
     0     0     0     0     0     0     0     0     0     0     0     0
     0     0     0     0     0     0     0     0     0     0     0     0
     0     0     0     0     0     0     0     0     0     0     0     0
     0     0     0     0     0     0     0     0     0     0     0     0
     0     0     0     0     0     0     0     0     0     0     0     0
     0     0     0     0     0     0     0     0     0     0     0     0
     0     0     0     0     0     0     0     0     0     0     0     0
     0     0     0     0     0     0     0     0     0     0     0     0
     0     0     0     0     0     0     0     0     0     0     0     0
     0     0     0     0     0     0     0     0     0     0     0     0
     0     0     0     0     0     0     0     0     0     0     0     0
     0     0     0     0     1     0     0     0     0     0     0     0
     0     0     0     0     6     1     0     0     0     0     0     0
     0     0     0     0     1     0     0     0     1     0     0     0
     0     0     0     0     0     0     0     0     0     0     0     0
     0     0     0     0     0     0     0     0     0     0     0     0
     0     0     0     0     0     0     0     0     0     0     0     0
     0     0     0     0     0     0     0     0     0     0     0     0
     0     0     0     0     0     0     0     0     0     0     0     0
     0     0     0     0     0     0     0     0     0     0     0     0
     0     0     0     0     0     0     0     0     0     0     0     0
     0     0     0     0     0     0     0     0     0     0     0     0
     0     0     0     0     0     0     0     0     0     0     0     0
     0     0     0     0     0     0     0     0     0     0     0     0
