23
Peace River, AB 3075040
     0
     -25.700     -20.000     -12.200       -.500       6.500      11.100
      12.900      11.400       5.500        .000     -13.400     -21.800
     -17.000     -12.200      -5.500       3.900      11.100      15.100
      16.700      15.600      10.000       4.000      -6.800     -14.200
      -8.400      -4.000        .500       8.600      15.600      18.800
      20.600      20.000      14.400       8.900      -1.000      -7.000
      72.000      69.000      64.000      43.000      35.000      41.000
      49.000      50.000      52.000      54.000      72.000      73.000
      78.000      76.000      73.000      61.000      51.000      58.000
      65.000      68.000      71.000      72.000      80.000      80.000
      84.000      82.000      81.000      77.000      72.000      77.000
      83.000      86.000      87.000      85.000      87.000      85.000
       1.900       2.200       2.200       2.500       2.700       2.500
       2.200       2.200       2.500       2.500       2.200       1.900
       3.000       3.600       3.600       4.100       4.100       4.100
       3.600       3.600       3.600       3.800       3.600       3.600
       5.200       5.200       5.200       6.100       6.100       6.100
       5.200       5.200       5.500       6.100       5.200       5.200
     240.000     230.000     230.000     240.000     240.000     250.000
     240.000     240.000     240.000     240.000     230.000     240.000
     1
     -16.760     -12.332      -6.246       4.018      11.144      15.173
      16.895      15.696      10.170       4.429      -7.568     -14.449
      77.458      75.055      71.913      59.929      53.860      59.047
      65.315      66.850      68.946      69.216      78.548      78.425
     2
    31    27    51    41    51    48    77    76    36    26    25    27
    28    34    35    41    52    44    78    59    40    29    27    23
    48    34    53    64    60    46    78    69    52    50    25    30
    44    39    49    49    57    51    59    53    46    28    46    35
    33    18    49    40    31    40    38    43    36    23    27    39
    38    37    62    56    65    64    57    58    47    44    45    38
    30    31    40    33    50    42    48    30    35    27    28    19
    17    29    38    30    38    41    48    32    41    32    28    15
    32    42    60    39    61    56    55    57    35    40    33    16
    15    19    31    33    46    33    45    40    36    22    22    10
    10    13    22    25    32    42    49    30    30    14    15     7
    11    19    29    30    46    52    57    51    34    25    10     9
    11     9    20    32    30    38    46    35    22    16    13     4
     8    17    24    34    31    42    46    42    17    22     9     5
    21    34    46    34    60    60    81    74    53    31    19    10
    22    30    40    33    35    49    57    42    32    40    19    11
    22    35    39    35    24    44    58    40    34    37    22    15
    46    62    61    65    66    71   112    99    70    45    53    39
    43    48    45    43    37    38    65    62    44    49    33    32
    50    61    76    34    47    39    73    68    45    52    42    53
    93    86    91    71    62    89   130    91    89    88    85    98
    78    82    78    56    39    66    88   100    70    61    67    87
    75    74    77    54    48    47    74    72    69    54    57    76
    94    80    91    61    60    68    73    89    78    48    76    83
    55    48    60    30    41    48    49    47    43    41    44    57
    42    30    54    30    28    45    43    51    33    24    42    41
    37    38    38    40    43    52    71    69    40    33    38    46
    29    25    23    29    32    44    58    35    30    16    22    20
    22    21    21    21    29    45    44    47    34    23    20    22
    29    23    26    22    41    59    65    53    28    28    18    19
    28    15    24    21    35    27    61    44    40    26    20    21
    22    21    34    23    38    49    59    40    30    20    13    25
    23    21    30    42    56    63    95    72    46    34    28    18
    35    18    33    34    34    50    82    51    39    23    22    17
    18    22    34    25    44    61    77    62    35    21    27    23
    51    38    49    44    45    80    87    86    47    37    31    22
     3
    14    25    36    33    32    33    49    44    28    31    16    17
    20    25    26    30    29    24    43    29    20    10    16    28
    31    21    35    44    49    47    50    30    33    26    24    23
    19    19    30    26    25    37    23    23    21    24    15    26
    23    23    35    23    39    37    36    33    17    31    33    14
    35    20    55    37    47    41    38    29    32    22    30    21
    20    19    25    19    31    25    24    25    18    23    29    13
     7    18    16    17    28    31    19    31    24     9    11     8
    15    12    26    24    29    33    32    38    17    13    13     3
     2     9    10    16    33    25    23    25    13    12     4     3
     1     5    16    21    26    16    19    20    10     5     3     3
     2     4     4    24    23    23    18    35    14    18     2     4
     0     2     5     6    22    21    23    25     9     6     3     2
     1     3     3    18    20    14    23    20     9     9     6     1
     2     8    15    19    33    29    38    39    15    25     7     6
     3    11    15    21    25    14    28    21    27    12     8     4
     9    10    14    22    20    20    26    26    19    16    14     4
    20    26    33    56    40    34    54    57    50    32    16    17
    30    25    55    34    34    33    55    45    52    31    25    25
    34    27    36    31    24    38    47    54    53    34    43    27
    47    71    91    64    45    60    79    92    73    61    64    54
    59    50    55    56    31    44    57    78    55    45    58    53
    48    31    64    54    34    34    56    51    37    41    53    38
    51    50    70    62    38    58    67    50    47    53    47    55
    27    19    28    22    30    34    47    38    26    22    19    30
    28    15    15    13    24    37    39    24    25    14    11    20
    18     8    13    20    26    62    45    34    19    23    11    18
     5     7    10    20    22    24    28    18    14    14    11    15
    13     6    10     9    24    32    19    16    11    12     8     9
     7     5    11    13    25    27    35    31    15    10     7    12
     1     6    12    17    20    16    20    22    10    10     4     3
     6     7    10     5    22    20    20    29    15    12     3     7
    14     8    15    22    22    42    39    32    12    26     7     8
    12     6    10    18    19    37    30    42    23    18     6    11
    17    17    21    23    34    42    50    36    30    10    10    15
    16    21    37    31    42    57    61    53    29    13    23    18
     4
    43    48    62    55    48    51    51    65    40    31    23    33
    23    23    46    48    58    51    52    57    31    23    37    26
    36    43    67    57    64    58    53    64    38    29    49    29
    22    43    73    55    48    44    63    41    38    37    28    29
    31    53    80    74    62    52    45    43    48    26    37    37
    32    46    77    70    82    61    65    44    43    40    38    28
    21    34    47    45    57    60    42    31    33    24    32    10
    11    21    32    36    47    33    27    26    27    13     7     5
    14     8    25    31    67    51    20    47    15    18     6     8
     3     5    14    33    56    32    20    21    17     7     1     4
     1     2    11    23    32    26    15    16    15     7     3     1
     2     4     7    39    54    36    26    30    16     8     5     1
     2     3     9    18    39    22    18    16    15     4     2     1
     3     1     7    25    28    31    31    19    15     9     3     0
     2     4    17    35    54    39    41    32    25    16     3     0
     4     4    13    26    35    28    43    39    37    20    11     2
     5     8    18    41    43    25    37    34    36    25    10     3
    14    25    44    62    86    55    72    83    69    51    32    13
    34    37    69    47    62    65    55    62    59    59    43    22
    55    55    86    65    63    64    59    78   100    72    64    47
   119   103   158    95    85   114   149   146   135   130   128   110
    80   107   118    97    68    87    90    75   106   119   109    99
    60    80   124    92    56    62    69    79    72    82    85    70
    64    81    97    92    77   100   115    96    71    79    65    81
    26    31    32    46    53    55   112    88    51    37    30    42
    20    19    30    32    45    70    92    93    44    34    29    16
    15    22    20    37    58    89    92    70    67    33    17    25
    19    10    23    28    39    46    49    51    18    29    13    10
    12    10    17    20    38    39    48    40    27    22    11    13
     9     6    14    19    40    52    51    51    24    13    11    12
     7     7     8    22    16    28    43    32    27    14     6     8
    13    10    11    27    39    33    37    53    34    16     5     9
    11    16    24    38    53    57    57    56    33    28    16    17
    11    18    34    29    43    50    55    49    28    19    26    15
    22    36    54    40    59    50    64    46    46    33    26    20
    55    59    66    53    69    73    80    52    50    33    30    44
     5
    33    34    45    33    43    26    37    28    29    11    29    24
    24    34    35    29    29    23    29    24    20    10    28    21
    20    25    37    40    39    35    37    27    24    16    36    24
    21    34    46    44    52    36    27    29    20    15    21    22
    18    40    48    57    43    35    28    30    33    24    26    23
    11    30    42    65    56    43    33    37    37    24    24    12
     7    15    31    38    41    34    17    20    28    15    16     6
     3     9    19    31    24    35    21     9    27    10     5     4
     3     4     5    15    28    28    23    13    10    12     4     0
     5     2     5    13    24    24    13    13    12     2     1     2
     0     1     2    12    13    16     4    11     5     3     3     1
     0     2     4    17    22    18    17     8     4     1     2     0
     0     1     1    12    23    22     9     7     2     1     3     1
     0     0     1    10    22    15     5     3     8     3     3     0
     2     1     4    24    29    19    16    16     6     4     1     0
     1     1     5    18    26    17    18    14    10     3     4     1
     3     2     5    14    18    15    16    15    10    11     1     1
     2     9    14    27    35    34    41    32    37    34    11     9
     9    12    13    24    29    20    31    28    33    36    13     8
    26    18    22    36    33    28    29    42    62    36    25    20
    53    43    54    62    54    65    63    56    64    90    38    46
    45    66    77    57    46    56    43    56    39    53    47    35
    37    61    65    69    42    50    46    46    37    44    41    38
    25    60    52    74    50    72    68    52    41    46    30    30
    13    18    18    37    50    67    63    51    29    36    15    22
    14     7    21    35    51    48    59    79    36    26    19    14
    11    17    16    34    62    66    74    66    49    34    13    27
     7    11    19    21    45    36    42    44    24    27    10    24
    10    11    15    14    30    41    35    30    16    11     9     6
     8     7    10    12    29    27    36    20    18    10     4    11
     6     3     7    11    20    24    24    17    20    10     2     3
    11     4    10     9    30    23    33    30     8    14     8     3
     6    12    16    22    31    31    48    23    17    18    11     6
    14    12    23    13    26    28    36    25    26     6    17     5
    22    20    36    39    47    32    40    26    34    14    15    21
    25    49    63    55    51    49    48    44    38    15    29    34
     6
    35    44    48    29    34    34    26    25    32    11    25    22
    25    28    42    38    34    29    29    30    20     7    18    19
    18    23    65    40    66    35    32    39    26    14    37    32
    21    41    70    43    53    43    20    11    20    21    24    26
    13    47    43    44    36    37    30    14    22     8    17    14
    11    18    48    55    60    43    36    26    31    17    19     6
     3     5    11    24    32    23    12     8    17     7     7     1
     2     4    10    19    30    26    11     9    21     5     6     0
     2     3    13    16    48    20    10    11    11     5     0     2
     3     4     7    13    24     9     6     5     5     3     2     0
     1     4     1    17    11     8     3     5     6     0     3     0
     0     5     3    18    13    16     9     4     6     0     3     0
     0     1     1    11    18     9     9    10     6     1     1     0
     0     1     3    10    22     9     6     6     6     1     1     0
     2     0     0    22    25    13    14     6     5     4     1     0
     0     0     1    10    17    11    14     9    11     4     0     0
     1     1     1    18    19     7     6    12     8     8     1     1
     3     9     2    16    22    27    32    18    29    25     5     5
     6     6     6    14    16    17    12    23    22    20    11     5
    13    17    13    14    25    28    14    19    29    24    12    12
    38    45    28    48    40    46    33    44    54    57    27    36
    24    41    52    61    40    44    44    49    35    42    31    31
    19    33    47    62    44    31    36    38    33    45    29    33
    23    25    51    81    59    82    80    55    46    56    31    24
    12    16    28    44    52    69    73    58    37    34    18    12
    15    16    22    55    66    81    82    62    41    31    29    13
    18    11    26    57    68    83   106    88    68    54    30    22
     9    16    15    32    72    66    60    50    32    33    16    30
    12     3    15    17    32    25    30    28    17    19     8     7
     5     6     5    20    21    33    28    23    14    16     6     7
     6     6    10     6    22    17    23    18    23     7     6     1
     7     6     9     8    14    21    13    21    26    12     7     5
    11    10    14    21    31    27    25    20    31    18     6     4
    11    14    23    17    25    35    43    24    12    16    11    10
    15    12    40    21    30    34    37    36    25    13    18    14
    33    51    52    44    51    49    45    61    36    34    19    32
     7
    24    47    41    33    48    47    18    27    31    10    28    16
    20    45    35    35    30    36    26    26    29     9    14    22
    22    28    34    28    45    33    35    11    24     5    31    15
     7    32    40    31    38    30    17    11    16     8    11    10
    11    19    40    32    36    30    17     5    18    10     5     4
     6     9    19    22    35    38    12     9    18     9    10     5
     1     1    12    14    37    18     8     5    15     9     4     1
     2     3     6    13    24    15     7     6    10     2     1     1
     1     2     1     9    22    15     7     6     9     1     2     0
     0     3     4     9     9    21     4     8     3     1     0     0
     0     1     2     4     7     9     6     3     1     1     1     0
     0     5     3    10    11    14     7     3     3     1     2     0
     0     3     0    12    15     9     4     6     4     1     1     0
     0     3     0    14    21     6     3     1     4     0     1     0
     0     0     1    10    23     7     5     3     5     3     0     0
     0     0     0    11    11     5     3     5     1     6     1     0
     0     0     0    20     7    11     4     4     2     3     3     0
     2     4     2    12    30    10     9     6    19     8     3     3
     2     3     1     6    15    14     8     6    15    17     3     3
     5    11     3    12    13    23     5     9    12    13    12     3
    15    16    12    20    36    34    20    12    28    30    29    21
    17    20    20    21    35    35    17    19    21    36    17    18
    15    19    26    47    31    33    32    30    19    38    22     8
    16    26    29    63    82    99    75    64    54    56    24    22
    12    13    35    75    76   105    89    73    56    45    14     7
    13    15    29    71    90    91    82    76    61    64    19    21
    24    18    28    79   116   126   119    88    96    97    40    33
    20    18    23    53    92    74    68    57    52    58    24    26
    13     8    11    26    40    33    44    37    33    30     8    12
    12     3    10    18    20    36    26    21    15    19     7     4
     4     4     6    12     8    15    19    15    16    16     5     2
     3     7     4    11    21    17    19    25    19    11     7     2
     5     3    16    14    35    20    38    17    24    19     3     8
    11     9    23    14    32    22    29    27    25    17    10    10
    14    18    25    23    27    26    34    26    31    12    10    12
    30    39    52    37    44    49    35    42    39    23    37    30
     8
    10    24    24    34    24    32    11    14    22    10    11    16
    13    19    21    24    33    31    10    18    15     1     5    15
     7    25    22    18    27    14    13     5    16     5    11     9
     4    14    21    23    19    13     7     8     6     2    14     5
     4    11    14    11    13    11     7     5     4     2     4     1
     3     3     5    11    18    12     8     3     5     4     2     1
     0     1     1    10    13    11     3     3     4     4     0     0
     1     0     1     6     7     4     4     1     4     3     0     0
     1     0     1     5    10     3     3     4     5     2     0     0
     0     0     1     5     6     1     3     1     3     0     1     0
     0     4     2     3     2     3     3     5     1     0     0     0
     0     2     5     9     4     4     2     5     0     0     1     0
     0     1     2     7    17     4     0     3     5     0     1     0
     0     0     1     7     7     3     2     3     2     1     1     0
     0     0     0    14    16     9     1     3     6     0     0     0
     0     0     0     7    10     7     1     0     0     0     0     0
     0     1     0     7    10     4     2     1     1     7     0     0
     0     0     1    10    16     3     1     0     3     4     1     1
     1     1     0     3     7    12     5     6     7     5     1     0
     1     2     0     2     7     3     4     4     6     6     4     1
     8    10     4    15    14    23    11     4     9    10     8     8
     5     9     5    21    27    17    14    10     7    13     8     9
     6     8     5    29    27    22    20    12    11    16    10     9
    14    14    17    57    79    81    47    34    35    55    20    14
     9    24    22    60    85    93    67    39    38    60    17    11
    12    30    20    89   102   114    85    83    57    79    13    15
    32    33    35   107   113   125   115    80    92   108    30    44
    27    14    29    40    69    70    56    69    43    57    23    36
    17    15     9    27    38    36    36    24    26    42     7     5
     6     5     9    19    27    27    18    13    18    26     8     3
     5     1     5    15    12    13    11    12    11    12     0     6
     6     4     9    13    16     8     9    15    15     8     6     2
     6     6    20    13    21    17    20    15    17    10     1     2
     5     4    11    16    16    25    23    12    14     6     2     4
    10     6    22    13    16    21    18    10    19    11    10    12
    17    15    29    40    29    35    26    36    37    21    14    14
     9
     2     4     6    10    12    16     2     3     3     5     6     5
     1     4     5     8    10     3     2     1     4     1     2    10
     0     7     4     7    14     9     7     2     4     2     1     9
     1     7     4     5     4     3     5     1     0     0     4     9
     1     6     2     4     2     4     2     0     0     0     1     1
     0     1     0     3     6     2     3     0     0     0     0     0
     0     0     1     0     6     1     3     0     1     1     1     0
     2     0     0     2     3     2     2     0     5     0     1     0
     0     0     0     0     4     2     2     1     1     0     0     0
     0     0     0     0     0     3     0     1     2     0     0     0
     0     0     0     1     3     2     1     2     2     0     0     0
     0     1     0     1     3     0     1     1     0     0     0     0
     0     0     1     7     3     2     0     2     1     0     0     0
     0     0     0     3     6     2     0     1     0     0     0     0
     0     0     0     1     6     2     0     0     0     0     0     0
     0     0     0     2     7     2     0     0     0     0     0     0
     0     0     0     1     5     3     0     0     0     0     0     0
     0     0     0     1     1     2     0     1     1     1     0     0
     1     1     0     1     1     1     1     0     0     3     0     0
     0     0     0     2     4     1     1     0     0     1     0     1
     5     0     0     2     3     5     7     0     3     6     0     2
     4     2     1     4     5     6     6     5     4     9     1     0
     3     1     1     9    17    14     8     3     4    13     1     5
     8    10     5    32    37    28    16    14    18    12     8     8
     6    12     1    37    39    52    24    18    10    24     8     4
     9    15     6    43    53    71    43    17    26    35     9    16
    28    13    15    40    57    51    42    26    36    52    23    33
    17    13    14    40    28    37    25    25    17    34    19    18
     8     7     1     8    19    19     7     9     5    22     2    11
     2     3     0     9    10     6    12     8     2     4     0     3
     0     0     0     3     5     2     0     2     5     4     1     2
     2     1     3     1     8     3     5     8     8     2     1     0
     3     8    10     2     2     7     4     3     2     4     1     1
     2     3     6     4     5     3     4     5     6     2     0     1
     6     6    11     7     9    12     3     8    12     3     0     5
    10    15     9    14     8    15     4     6    14    10     4    12
    10
     1     2     5     2     5     2     0     0     1     4     0     4
     0     1     5     5     2     5     0     0     2     0     0     1
     0     1     2     2     1     3     3     0     0     0     0     1
     0     4     0     1     0     3     1     0     1     0     0     1
     0     2     0     2     1     1     1     0     0     0     0     0
     0     1     0     0     2     1     3     1     0     0     0     0
     0     0     0     0     2     1     0     0     0     0     0     0
     0     0     0     0     1     1     1     0     2     0     0     0
     0     0     0     0     3     1     0     0     0     0     0     0
     0     1     0     0     0     1     0     0     0     0     0     0
     0     1     1     0     0     1     0     0     0     0     0     0
     0     0     0     0     2     0     0     1     0     0     0     0
     0     0     0     1     6     0     0     0     0     0     0     0
     0     0     0     1     9     0     0     0     0     0     0     0
     0     0     0     1     0     0     0     0     0     0     0     0
     0     0     0     0     1     0     0     0     0     1     0     0
     0     0     0     0     1     1     0     0     0     0     0     0
     0     0     0     1     1     0     0     0     3     0     1     0
     0     0     0     0     2     0     1     0     0     0     0     0
     1     0     0     0     0     2     0     1     0     1     0     0
     0     0     0     0     1     0     0     0     0     3     0     0
     1     0     0     6     2     3     4     0     1     2     0     0
     2     0     0     4     9     3     0     2     1     5     3     0
     2     7     3     9    15    10     9     6     7     1     2     1
     3     4     5    17     9    21     9     7    10     7     7     2
     9     2     4    25    21    29    17     4    13    15     6     3
    22    11    11    29    23    29    21     6    14    27    13    13
    14     9     3    14    13    14     5     5    10    19     6    14
    10     2     3     2     5     6     4     2     3     5     1     6
     1     0     0     2     5     2     0     1     0     3     0     0
     0     0     2     1     3     3     0     2     0     1     1     2
     0     1     0     0     2     2     0     1     0     2     0     2
     1     2     2     1     2     2     4     0     1     0     0     2
     1     3     2     0     0     0     0     1     0     1     0     2
     2     3     2     2     3     8     1     2     2     3     2     2
     3     2     9     4     9     5     0     2     4     6     0     2
    11
     1     2     1     0     0     2     0     0     0     3     0     1
     0     0     1     0     3     4     0     0     0     0     0     0
     0     0     0     1     1     2     1     0     0     0     0     1
     0     1     1     3     1     1     0     0     0     0     0     2
     0     0     0     0     1     0     1     0     0     0     0     0
     0     0     0     0     0     0     0     0     0     0     0     0
     0     0     0     0     0     1     0     0     0     0     0     0
     0     0     0     0     0     0     1     0     0     0     0     0
     0     0     0     1     0     2     0     0     0     0     0     0
     0     0     0     2     0     0     0     0     0     0     0     0
     0     0     0     0     1     0     0     0     0     0     0     0
     0     0     0     0     0     0     0     0     0     0     0     0
     0     0     0     0     2     0     0     0     0     0     0     0
     0     0     0     0     1     0     0     0     0     0     0     0
     0     0     0     0     1     0     0     0     0     0     0     0
     0     0     0     0     2     0     0     0     0     0     0     0
     0     0     0     0     0     0     0     0     0     0     0     0
     0     0     0     0     0     0     0     0     0     0     0     0
     0     0     0     0     1     0     2     0     0     0     0     0
     0     0     0     0     0     0     1     0     0     0     0     0
     0     0     0     1     1     0     0     0     0     0     0     0
     1     1     0     1     3     2     1     1     0     2     0     0
     1     0     1     1     1     2     1     0     0     0     0     0
     0     3     0     9     5    10    10     6     1     7     3     1
     2     3     1    10     5    14     8     3     3     5     2     1
     5     5     2     8     7    19     4     2    11     7     6     4
     3     8     3    13    13    23     7     7    17    16    12    10
     6     1     3     4     8     8     2     1     3     8     1     4
     1     3     0     1     0     5     2     0     2     5     0     2
     8     1     0     1     0     2     2     1     0     1     0     0
     1     0     0     0     0     1     1     0     0     0     0     0
     0     1     0     0     1     3     0     0     0     0     0     0
     3     2     4     0     1     3     0     0     0     2     0     0
     1     0     2     1     2     1     0     0     1     1     0     0
     0     2     1     1     1     0     0     0     2     0     1     2
     0     1     2     2     2     4     0     0     1     3     2     2
    12
     0     0     1     0     2     0     0     0     0     0     0     0
     1     0     0     0     0     2     0     0     0     0     0     0
     0     0     1     0     0     0     0     0     0     0     0     0
     0     0     0     0     0     0     0     0     0     0     0     1
     0     0     0     0     0     0     0     0     0     0     0     0
     0     0     0     0     0     0     0     0     0     0     0     0
     0     0     0     0     0     0     0     0     0     0     0     0
     0     0     0     0     0     1     0     0     0     0     0     0
     0     0     0     0     0     0     0     0     0     0     0     0
     0     0     0     0     0     0     0     0     0     0     0     0
     0     0     0     0     0     0     0     0     0     0     0     0
     0     0     0     0     0     0     0     0     0     0     0     0
     0     0     0     0     0     0     0     0     0     0     0     0
     0     0     0     0     0     0     0     0     0     0     0     0
     0     0     0     0     1     0     0     0     0     0     0     0
     0     0     0     0     0     0     0     0     0     0     0     0
     0     0     0     0     0     0     0     0     0     0     0     0
     0     0     0     0     0     0     0     0     0     0     0     0
     0     0     0     0     0     0     1     0     0     0     0     0
     0     0     0     0     1     0     0     0     0     0     0     0
     0     0     0     1     1     0     0     0     0     0     0     0
     0     0     0     0     2     1     2     0     0     0     0     0
     0     0     0     0     0     1     0     0     2     1     0     0
     1     1     0     3     3     1     1     0     1     5     0     0
     0     1     0     2     2     6     0     1     1     6     1     1
     1     4     1     3     9     7     3     1     4     7     5     1
     1     4     2     2     5     6     6     0     6     7     4     3
     3     5     0     1     1     1     0     1     1     3     1     1
     0     3     0     0     0     1     0     0     0     1     0     0
     0     0     0     0     0     0     0     0     0     0     0     0
     1     0     0     0     0     0     0     0     0     0     0     1
     0     0     0     0     1     1     0     0     0     0     0     1
     0     0     1     1     0     3     0     0     0     0     0     0
     0     0     2     1     0     1     0     0     0     0     0     2
     0     0     0     0     0     1     0     0     1     0     0     0
     1     0     1     0     0     3     0     0     1     0     0     0
    13
     0     0     0     0     0     1     0     0     0     1     0     0
     0     0     0     0     0     0     0     0     0     0     0     0
     0     0     0     0     0     0     0     0     0     0     0     0
     0     0     0     0     0     0     0     0     0     0     0     0
     0     0     0     0     0     0     0     0     0     0     0     0
     0     0     0     0     0     0     0     0     0     0     0     0
     0     0     0     0     0     0     0     0     0     0     0     0
     0     0     0     0     0     0     0     0     0     0     0     0
     0     0     0     0     0     0     0     0     0     0     0     0
     0     0     0     0     0     0     0     0     0     0     0     0
     0     0     0     0     0     0     0     0     0     0     0     0
     0     0     0     0     0     0     0     0     0     0     0     0
     0     0     0     0     0     0     0     0     0     0     0     0
     0     0     0     0     0     0     0     0     0     0     0     0
     0     0     0     0     0     0     0     0     0     0     0     0
     0     0     0     0     0     0     0     0     0     0     0     0
     0     0     0     0     0     0     0     0     0     0     0     0
     0     0     0     0     0     0     0     0     0     0     0     0
     0     0     0     0     0     0     0     0     0     0     0     0
     0     0     0     0     0     0     0     0     0     0     0     0
     0     0     0     0     0     0     1     0     0     0     0     0
     0     0     0     1     0     1     0     0     0     0     0     0
     0     0     0     2     1     0     0     0     0     1     0     0
     0     0     0     2     7     0     1     0     0     1     1     0
     0     2     0     2     2     4     0     0     2     1     1     0
     1     2     0     0     3     5     1     0     0     2     2     2
     2     0     0     3     7     6     0     0     0     4     1     2
     0     3     0     0     0     2     1     0     0     1     0     2
     1     2     0     0     0     1     0     0     0     0     0     0
     0     0     0     0     0     2     0     0     0     0     1     0
     0     0     0     0     1     0     0     0     0     0     0     0
     0     0     0     0     1     0     0     0     0     0     0     0
     0     0     2     0     0     0     0     0     0     0     0     0
     0     0     0     0     0     1     0     0     0     0     0     0
     0     0     2     0     0     0     0     0     0     0     0     0
     0     0     0     0     0     0     0     0     0     0     0     0
    14
     0     0     0     0     0     0     0     0     0     0     0     0
     0     0     0     0     0     0     0     0     0     0     0     0
     0     0     0     0     0     0     0     0     0     0     0     0
     0     0     0     0     0     0     0     0     0     0     0     0
     0     0     0     0     0     0     0     0     0     0     0     0
     0     0     0     0     0     0     0     0     0     0     0     0
     0     0     0     0     0     0     0     0     0     0     0     0
     0     0     0     0     0     0     0     0     0     0     0     0
     0     0     0     0     0     0     0     0     0     0     0     0
     0     0     0     0     0     0     0     0     0     0     0     0
     0     0     0     0     0     0     0     0     0     0     0     0
     0     0     0     0     0     0     0     0     0     0     0     0
     0     0     0     0     0     0     0     0     0     0     0     0
     0     0     0     0     0     0     0     0     0     0     0     0
     0     0     0     0     0     0     0     0     0     0     0     0
     0     0     0     0     0     0     0     0     0     0     0     0
     0     0     0     0     0     0     0     0     0     0     0     0
     0     0     0     0     0     0     0     0     0     0     0     0
     0     0     0     0     0     0     0     0     0     0     0     0
     0     0     0     0     0     0     1     0     0     0     0     0
     0     0     0     0     0     0     1     0     0     0     0     0
     0     0     0     0     1     0     0     0     0     0     0     0
     0     0     0     0     1     0     1     0     0     0     0     0
     0     0     0     0     1     0     0     0     0     0     0     0
     0     0     0     0     1     0     0     0     0     2     1     0
     0     0     0     0     4     0     1     0     0     3     0     0
     0     0     0     3     2     0     0     0     0     1     1     0
     0     1     0     0     0     0     0     0     0     0     0     0
     2     0     0     0     1     0     0     0     0     0     0     0
     1     0     0     0     0     0     0     0     0     0     0     0
     0     0     0     0     0     0     0     0     0     0     0     0
     0     0     0     0     0     0     0     0     1     0     0     0
     0     0     0     0     0     0     0     0     0     0     0     0
     0     0     0     0     0     0     0     0     0     0     0     1
     0     0     0     0     0     0     0     0     0     0     0     0
     2     0     0     0     0     0     0     0     0     0     0     0
    15
     0     0     0     0     0     0     0     0     0     0     0     0
     0     0     0     0     0     0     0     0     0     0     0     0
     0     0     0     0     0     0     0     0     0     0     0     0
     0     0     0     0     0     0     0     0     0     0     0     0
     0     0     0     0     0     0     0     0     0     0     0     0
     0     0     0     0     0     0     0     0     0     0     0     0
     0     0     0     0     0     0     0     0     0     0     0     0
     0     0     0     0     0     0     0     0     0     0     0     0
     0     0     0     0     0     0     0     0     0     0     0     0
     0     0     0     0     0     0     0     0     0     0     0     0
     0     0     0     0     0     0     0     0     0     0     0     0
     0     0     0     0     0     0     0     0     0     0     0     0
     0     0     0     0     0     0     0     0     0     0     0     0
     0     0     0     0     0     0     0     0     0     0     0     0
     0     0     0     0     0     0     0     0     0     0     0     0
     0     0     0     0     0     0     0     0     0     0     0     0
     0     0     0     0     0     0     0     0     0     0     0     0
     0     0     0     0     0     0     0     0     0     0     0     0
     0     0     0     0     0     0     0     0     0     0     0     0
     0     0     0     0     0     0     0     0     0     0     0     0
     0     0     0     0     0     0     0     0     0     0     0     0
     0     0     0     0     0     0     0     0     0     0     0     0
     0     0     0     0     0     0     1     0     0     0     0     0
     0     0     0     0     2     0     0     0     0     2     0     0
     0     0     0     0     0     0     0     0     0     1     0     0
     0     0     0     0     0     1     1     0     0     2     0     0
     1     1     0     0     0     1     0     0     0     1     0     0
     0     0     0     1     0     1     0     0     0     2     0     0
     0     0     0     0     0     0     0     0     0     0     0     1
     0     0     0     0     0     0     0     0     0     0     0     0
     0     1     0     0     0     0     0     0     0     0     0     0
     0     0     0     0     0     0     0     0     0     0     0     0
     0     0     0     0     0     0     0     0     0     0     0     0
     0     0     0     0     0     0     0     0     0     0     0     0
     0     0     0     0     0     0     0     0     0     0     0     0
     0     0     0     0     0     0     0     0     0     0     0     0
    16
     0     0     0     0     0     0     0     0     0     0     0     0
     0     0     0     0     0     0     0     0     0     0     0     0
     0     0     0     0     0     0     0     0     0     0     0     0
     0     0     0     0     0     0     0     0     0     0     0     0
     0     0     0     0     0     0     0     0     0     0     0     0
     0     0     0     0     0     0     0     0     0     0     0     0
     0     0     0     0     0     0     0     0     0     0     0     0
     0     0     0     0     0     0     0     0     0     0     0     0
     0     0     0     0     0     0     0     0     0     0     0     0
     0     0     0     0     0     0     0     0     0     0     0     0
     0     0     0     0     0     0     0     0     0     0     0     0
     0     0     0     0     0     0     0     0     0     0     0     0
     0     0     0     0     0     0     0     0     0     0     0     0
     0     0     0     0     0     0     0     0     0     0     0     0
     0     0     0     0     0     0     0     0     0     0     0     0
     0     0     0     0     0     0     0     0     0     0     0     0
     0     0     0     0     0     0     0     0     0     0     0     0
     0     0     0     0     0     0     0     0     0     0     0     0
     0     0     0     0     0     0     0     0     0     0     0     0
     0     0     0     0     0     0     0     0     0     0     0     0
     0     0     0     0     0     0     0     0     0     0     0     0
     0     0     0     0     0     0     0     0     0     0     0     0
     0     0     0     0     0     0     0     0     0     0     0     0
     1     0     0     0     0     0     0     0     0     0     0     0
     0     0     0     0     0     0     0     0     0     2     0     0
     0     0     0     1     0     0     0     0     1     3     0     0
     0     2     0     0     0     1     0     0     0     1     0     0
     0     0     0     0     0     0     0     0     0     0     0     0
     0     0     0     0     0     0     0     0     0     0     0     1
     0     0     0     0     0     0     0     0     0     0     0     0
     0     0     0     0     0     0     0     0     0     0     0     1
     0     0     0     0     0     0     0     0     0     0     0     0
     0     0     0     0     0     0     0     0     0     0     0     0
     0     0     0     0     0     0     0     0     0     0     0     0
     0     0     0     0     0     0     0     0     0     0     0     0
     0     0     0     0     0     0     0     0     0     0     0     0
    17
     0     0     0     0     0     0     0     0     0     0     0     0
     0     0     0     0     0     0     0     0     0     0     0     0
     0     0     0     0     0     0     0     0     0     0     0     0
     0     0     0     0     0     0     0     0     0     0     0     0
     0     0     0     0     0     0     0     0     0     0     0     0
     0     0     0     0     0     0     0     0     0     0     0     0
     0     0     0     0     0     0     0     0     0     0     0     0
     0     0     0     0     0     0     0     0     0     0     0     0
     0     0     0     0     0     0     0     0     0     0     0     0
     0     0     0     0     0     0     0     0     0     0     0     0
     0     0     0     0     0     0     0     0     0     0     0     0
     0     0     0     0     0     0     0     0     0     0     0     0
     0     0     0     0     0     0     0     0     0     0     0     0
     0     0     0     0     0     0     0     0     0     0     0     0
     0     0     0     0     0     0     0     0     0     0     0     0
     0     0     0     0     0     0     0     0     0     0     0     0
     0     0     0     0     0     0     0     0     0     0     0     0
     0     0     0     0     0     0     0     0     0     0     0     0
     0     0     0     0     0     0     0     0     0     0     0     0
     0     0     0     0     0     0     0     0     0     0     0     0
     0     0     0     0     0     0     0     0     0     0     0     0
     0     0     0     0     0     0     0     0     0     0     0     0
     0     0     0     0     0     0     0     0     0     0     0     0
     0     0     0     0     0     0     0     0     0     1     0     0
     0     0     0     0     0     0     0     0     0     0     0     0
     0     0     0     0     0     0     0     0     0     0     0     0
     0     1     0     0     0     0     0     0     0     0     0     0
     0     0     0     0     0     0     0     0     0     0     0     0
     0     0     0     0     0     0     0     0     0     0     0     0
     0     0     0     0     0     0     0     0     0     0     0     0
     0     0     0     0     0     0     0     0     0     0     0     0
     0     0     0     0     0     0     0     0     0     0     0     0
     0     0     0     0     0     0     0     0     0     0     0     0
     0     0     0     0     0     0     0     0     0     0     0     0
     0     0     0     0     0     0     0     0     0     0     0     0
     0     0     0     0     0     0     0     0     0     0     0     0
    18
     0     0     0     0     0     0     0     0     0     0     0     0
     0     0     0     0     0     0     0     0     0     0     0     0
     0     0     0     0     0     0     0     0     0     0     0     0
     0     0     0     0     0     0     0     0     0     0     0     0
     0     0     0     0     0     0     0     0     0     0     0     0
     0     0     0     0     0     0     0     0     0     0     0     0
     0     0     0     0     0     0     0     0     0     0     0     0
     0     0     0     0     0     0     0     0     0     0     0     0
     0     0     0     0     0     0     0     0     0     0     0     0
     0     0     0     0     0     0     0     0     0     0     0     0
     0     0     0     0     0     0     0     0     0     0     0     0
     0     0     0     0     0     0     0     0     0     0     0     0
     0     0     0     0     0     0     0     0     0     0     0     0
     0     0     0     0     0     0     0     0     0     0     0     0
     0     0     0     0     0     0     0     0     0     0     0     0
     0     0     0     0     0     0     0     0     0     0     0     0
     0     0     0     0     0     0     0     0     0     0     0     0
     0     0     0     0     0     0     0     0     0     0     0     0
     0     0     0     0     0     0     0     0     0     0     0     0
     0     0     0     0     0     0     0     0     0     0     0     0
     0     0     0     0     0     0     0     0     0     0     0     0
     0     0     0     0     0     0     0     0     0     0     0     0
     0     0     0     0     0     0     0     0     0     0     0     0
     0     0     0     0     0     0     0     0     0     0     0     0
     0     0     0     1     0     0     0     0     0     0     0     0
     0     0     0     0     0     0     0     0     0     0     0     0
     0     0     0     0     0     0     0     0     0     0     0     0
     0     0     0     0     0     0     0     0     0     0     0     0
     0     0     0     0     0     0     0     0     0     0     0     0
     0     0     0     0     0     0     0     0     0     0     0     0
     0     0     0     0     0     0     0     0     0     0     0     0
     0     0     0     0     0     0     0     0     0     0     0     0
     0     0     0     0     0     0     0     0     0     0     0     0
     0     0     0     0     0     0     0     0     0     0     0     0
     0     0     0     0     0     0     0     0     0     0     0     0
     0     0     0     0     0     0     0     0     0     0     0     0
    19
     0     0     0     0     0     0     0     0     0     0     0     0
     0     0     0     0     0     0     0     0     0     0     0     0
     0     0     0     0     0     0     0     0     0     0     0     0
     0     0     0     0     0     0     0     0     0     0     0     0
     0     0     0     0     0     0     0     0     0     0     0     0
     0     0     0     0     0     0     0     0     0     0     0     0
     0     0     0     0     0     0     0     0     0     0     0     0
     0     0     0     0     0     0     0     0     0     0     0     0
     0     0     0     0     0     0     0     0     0     0     0     0
     0     0     0     0     0     0     0     0     0     0     0     0
     0     0     0     0     0     0     0     0     0     0     0     0
     0     0     0     0     0     0     0     0     0     0     0     0
     0     0     0     0     0     0     0     0     0     0     0     0
     0     0     0     0     0     0     0     0     0     0     0     0
     0     0     0     0     0     0     0     0     0     0     0     0
     0     0     0     0     0     0     0     0     0     0     0     0
     0     0     0     0     0     0     0     0     0     0     0     0
     0     0     0     0     0     0     0     0     0     0     0     0
     0     0     0     0     0     0     0     0     0     0     0     0
     0     0     0     0     0     0     0     0     0     0     0     0
     0     0     0     0     0     0     0     0     0     0     0     0
     0     0     0     0     0     0     0     0     0     0     0     0
     0     0     0     0     0     0     0     0     0     0     0     0
     0     0     0     0     0     0     0     0     0     0     0     0
     0     0     0     0     0     0     0     0     0     0     0     0
     0     0     0     0     0     0     0     0     0     0     0     0
     0     0     0     0     0     0     0     0     0     0     0     0
     0     0     0     0     0     0     0     0     0     0     0     0
     0     0     0     0     0     0     0     0     0     0     0     1
     0     0     0     0     0     0     0     0     0     0     0     0
     0     0     0     0     0     0     0     0     0     0     0     0
     0     0     0     0     0     0     0     0     0     0     0     0
     0     0     0     0     0     0     0     0     0     0     0     0
     0     0     0     0     0     0     0     0     0     0     0     0
     0     0     0     0     0     0     0     0     0     0     0     0
     0     0     0     0     0     0     0     0     0     0     0     0
