20
Winnipeg, MB 5023222
     0
     -24.400     -20.700     -11.200        .000       7.900      14.400
      17.700      16.100       9.400       2.700      -7.900     -20.700
     -18.000     -14.000      -5.000       4.500      13.100      18.300
      21.100      20.000      13.800       6.700      -2.800     -13.900
     -11.000      -7.100        .500      10.000      18.500      22.200
      24.600      23.800      18.300      11.100       1.100      -7.300
      72.000      71.000      69.000      47.000      36.000      44.000
      50.000      48.000      49.000      53.000      70.000      72.000
      78.000      78.000      78.000      66.000      54.000      60.000
      64.000      62.000      65.000      69.000      80.000      79.000
      83.000      84.000      85.000      80.000      76.000      79.000
      80.000      80.000      83.000      83.000      87.000      85.000
       3.000       3.000       3.600       3.600       3.600       3.000
       2.700       3.000       3.600       3.600       3.000       3.000
       4.700       4.700       5.200       5.500       5.200       5.000
       4.100       4.400       5.200       5.200       5.200       4.700
       6.600       6.600       7.200       7.700       7.200       6.600
       6.100       6.100       6.600       7.500       6.600       6.600
     310.000     330.000     340.000     350.000     160.000     170.000
     300.000     170.000     310.000     320.000     320.000     300.000
     1
     -17.479     -13.910      -5.828       5.185      13.261      18.322
      21.071      19.993      13.987       7.202      -3.579     -13.884
      77.067      77.289      75.967      63.101      56.055      61.160
      64.692      63.321      65.157      67.617      77.369      78.183
     2
    22    25    19    21    20    18    31    33    24    12    16    17
    13    32    25    22    38    31    34    26    17    19    25     8
    23    14    22    26    28    49    42    25    20    18    22    15
    11     8    15    16    30    19    28    27    14    22    16    13
     6     6    15    27    37    25    29    28    11    11    16     8
     6     5     7    27    33    28    21    24     7    22    14     7
     4     7    10    16    21    23    12    27    18    11     6     6
     3     4     9    14    13    19    17    21     9    19     7     1
     2     2     9    17    27    16    18    10    13    11     5     3
     1     1     4    15    21    24    20    22    13     8     9     2
     3     3     9    16    18    20    23    26    16     4     6     5
     2     1    18    14    32    28    21    28    23     8     8     7
     7     8    20    21    31    30    30    28    17    10    17     8
    11    11    12    21    36    42    36    44    21    19    16     6
    15    12    12    27    49    55    44    38    21    22    35    13
    21    17    20    26    41    44    46    55    21    22    29    13
    11    21    27    32    44    40    66    59    30    18    23    22
    27    20    21    21    49    45    64    66    42    31    16    34
    22    14    21    27    37    24    45    59    28    26    22    24
    35    22    31    17    36    24    54    35    23    23    18    23
    30    30    19    23    23    42    61    33    32    30    22    27
    28    22    20    13    27    24    38    29    21    30    14    22
    21    16     9    24    23    24    42    31    20    23    19    29
    25    14    13    14    26    32    43    56    25    23    15    24
    28    14    15     7    32    26    41    32    25    16    11    23
    34    29    17    13    13    32    57    31    29    27    25    22
    28    33    28    25    21    29    74    54    28    17    29    33
    29    25    20    11    18    24    58    44    17    20    14    29
    33    25    11    19    18    33    72    39    32    20    19    30
    37    22    29    22    31    41    66    59    25    18    26    32
    33    29    31    23    23    29    54    34    27    17    25    41
    35    39    22    12    19    43    48    34    26    21    18    31
    28    39    36    28    28    38    36    46    26    28    35    15
    19    40    35    22    13    26    54    25    25    23    23    27
    29    30    24    20    23    34    40    30    12    13    20    12
    24    36    28    30    40    29    45    29    26    26    19    13
     3
    15    15    15    18    21    23    20    11    13     9    13    13
    15    24    23    15    21    23    24    17    18    13    18     6
     7    24    24    21    35    20    14    27    12    13    13     3
    10    11     7    24    23    32    17    13    13    20    13    12
     8     9    14    14    16    23    17    16    11    11    11     8
     5     2     6    17    17    12    18    16    10     8     8     3
     4     4     7    10    19    17    13    13     7     3     3     8
     4     0     6    14    14    11    14    14     1     4     4     4
     2     2     9    12    12    20    16    17    12     3     0     4
     1     2     4     7    12     6     5    11    11     8     4     2
     0     5    10     7    22    19    16    17     8     4     4     5
     3     2     7     9    22    14    12    17    15     9     4    10
     1     6    14    15    16    16    18    30     5     5     5     9
     6     7    12    11    20    31    20    33    14    12    18     7
    11    11    12    15    30    29    19    25    15    15    14    10
    11    19    18    17    43    27    21    32    15    18    19     8
    23    13    20    16    23    31    44    37    25    15    22    10
    17    17    23    15    30    35    55    49    21    22    27    22
    21    22    23    18    20    30    31    31    18    16    18    19
    29    24    21    20    20    21    30    26    13    20    16    19
    19    24    23    10     9    28    33    19    20    25    19    16
    25    11    19    13    22    28    23    23    14    12    11    14
    12    13     7    13    18    19    33    10    11    11    13    16
    16     6    13     6    13    23    32    28    12    16     7    27
    15    11     9     7    10    25    37    34    18    15    12    15
    26    17    19    16    15    22    31    24    26    23    20    36
    22    25    28    16    25    27    40    27    23    21    13    40
    24    22    27     8    20    23    34    31    15    22    14    19
    16    18    25    18    25    32    38    24    22    14    12    28
    24    20    21    24    14    24    48    32    24    20    20    32
    25    30    30    16    19    18    51    22    14    20    18    21
    21    17    23    14    25    20    30    16    13    19    17    10
    15    14    31     9    13    21    26    19    20    11    18    16
     6    13    20    20    12    16    26    19    11     6    11     9
     6    10    20    15    10    23    20    13     4    10     9     3
     7    18    21    25     9    23    33    23    18    10    19    10
     4
    20    32    36    45    42    32    34    28    30    16    26    19
    23    44    42    50    49    63    34    38    25    23    23    18
    18    31    48    62    65    52    28    32    30    32    30    26
    12    21    26    49    39    41    37    37    37    17    10    16
    14    14    26    32    34    42    42    27    19    24    11    12
     9    12    13    29    43    32    29    19    28    16     8    10
    10     5    21    20    30    22    15    30    24    19     2     7
     6     5    23    24    26    28    19    24    16     9     3     6
     4     7    16    17    40    32    28    29    20    13     4    10
     5     5    21    17    18    16    19    27    20    10     4     8
     8    12    12    19    24    16    28    35    20    14    10     8
    18    16    33    20    35    32    36    47    33    14     6    17
    22    27    35    12    51    52    37    42    32    18    16    13
    22    18    31    26    44    49    42    32    39    29    16    12
    10    19    23    22    59    65    54    52    33    30    31    18
    24    31    31    38    45    57    60    59    38    28    35    17
    48    46    45    51    49    63    81    90    42    36    48    38
    43    39    58    47    75    76    83   113    45    43    57    62
    50    54    52    38    64    59    63    89    32    53    34    75
    43    50    37    32    43    41    72    62    37    33    36    34
    30    31    37    23    45    47    62    40    35    29    22    31
    21    26    29    16    28    33    45    25    25    30    20    27
    18    17    10    18    28    31    48    17    23    16    27    22
    24    15    17    12    23    38    65    40    42    41    25    41
    31    32    26    21    36    34    83    41    47    36    30    30
    45    44    41    30    23    51    73    57    43    30    36    65
    40    39    43    25    42    61   116    85    58    46    52    58
    52    53    44    32    19    43    68    64    51    38    30    49
    64    37    44    33    28    52   105    62    62    26    45    73
    69    60    65    45    35    63    93    70    53    42    51    48
    62    47    41    45    30    49    69    58    57    46    30    54
    51    47    34    36    45    53    92    44    38    25    39    38
    19    40    42    27    35    52    63    38    43    26    35    32
    19    23    20    38    34    38    68    29    27    19    16    17
    17    17    20    33    24    37    34    37    21    19    22    10
    18    17    37    37    31    46    48    34    48    23    17    12
     5
    15    27    34    35    36    31    38    17    23    25    19    15
    19    38    42    47    49    44    43    19    29    23    17    13
     8    23    45    36    49    42    51    41    38    20     9    12
     6    16    29    40    48    46    22    17    27     7    15     9
     7    13    21    28    38    27    21    13    16    17     4     9
     4     8    17    21    27    29    17    27    16     5     5     7
     9     6    13    18    28    17    13    11    17     8     4     6
     3     3    13    25    25    15    19     8    15     3     3     8
     3    11    15    23    23    20    18    17    25     3     8     6
     3     3    14    22    23    21    20    14    17     5     3     9
     3     8    19    17    37    26    21    34    21     9     3     8
    10    13    23    16    32    28    28    38    25    10     9     6
    17    20    27    12    40    41    34    29    40    10     8    12
    22    19    29    32    52    46    20    18    30    20    16     8
    14    14    26    27    43    54    51    37    27    20    31    18
    20    22    38    41    53    52    44    48    26    30    34    21
    33    40    59    56    43    64    47    71    39    39    41    31
    51    60    57    58    64   111   103    97    57    42    51    46
    35    64    38    43    44    60    62    52    48    43    44    53
    30    31    29    23    40    40    28    35    31    37    28    30
    25    22    21    29    23    28    35    41    20    29    17    17
    18    18    18    17    25    20    33    23    22    17    13    15
    14    15    13    16    18    13    19    17    26    19    22    24
    16    13    11    19    18    26    22    22    25    21    15    12
    18    19    21    20    16    17    43    18    38    32    23    22
    29    27    14    18    26    37    56    37    37    38    32    35
    36    46    37    23    18    45    70    48    47    32    45    50
    29    48    36    20    17    44    51    44    41    36    30    36
    40    45    36    30    20    57    55    54    57    36    34    37
    80    72    44    46    35    39    51    51    43    31    40    49
    51    62    51    35    31    53    59    48    42    38    27    47
    38    51    34    34    31    38    56    38    45    38    29    43
    20    22    29    24    38    46    61    42    38    38    24    23
    16    22    23    23    25    32    60    37    31    30    26    16
    11    20    21    21    24    47    51    28    36    19    23    11
     8    24    30    31    34    46    38    32    25    15    20     8
     6
    18    30    46    48    42    36    37    28    26    30    19    13
    17    23    42    47    65    35    29    21    26    16    15    13
     8    28    41    41    60    34    23    28    31    15    17     8
     9    13    30    38    61    30    21    22    18    10     7     8
     5     8    16    24    44    13    16    23    18     7    13     7
     5     4    21    13    24    41    12    19    13     5     3     7
     4     4     9    16    28    13    12     9     6     2     3     2
     3     4    20    15    21    15     7    13    16     4     2     9
     5     4    19    27    23    19    20    11    20     5     7     9
     6    10    16    17    27    16     8    14    15     4     4     3
     3     7    24    17    33    19    20    33    15     9     9     5
     6    13    41    17    30    28    21    26    20    11    14     4
    13    16    34    15    34    31    20    24    31    12    19    10
    16    11    30    29    51    41    30    41    36    17    23    17
     8    24    44    42    41    51    48    38    31    20    22    22
    17    20    36    29    65    48    62    51    24    44    40    18
    29    47    58    58    57    84    61    64    46    51    50    42
    53    54    62    43    78    96   100    89    84    56    45    44
    30    45    53    50    65    60    52    56    56    50    46    40
    20    23    31    36    37    33    40    33    33    34    25    17
     9    12    20    22    29    32    38    27    26    24    18    12
     8    12     9    15    19    11    27    14    16    12    11     9
    11    11     6     6    22    18    20    14    25    19    16     9
     7     4     5    23    20    25    13    21    35    24    13     7
     8    16    20    17    25    24    36    24    27    17    12     9
    29    19    17    14    18    24    35    26    31    26    23    18
    28    20    20    18    27    44    66    42    32    36    32    27
    21    21    29    25    20    44    61    39    31    37    21    22
    24    35    35    29    21    36    41    36    51    47    25    23
    41    47    46    54    34    55    60    55    48    37    21    38
    62    61    59    58    32    45    44    47    48    50    39    47
    42    45    49    43    42    55    72    37    56    40    55    31
    38    35    36    45    46    43    55    37    27    31    42    38
    18    36    23    29    27    41    67    38    38    33    41     9
    22    20    24    25    41    45    34    30    30    17    21    18
    18    27    32    41    33    50    39    31    27    25    22    13
     7
    13    22    56    55    49    38    25    26    32    16    16    11
    14    27    37    64    61    32    31    43    28    13    15    10
     2    17    43    58    68    38    20    39    22    22     7    10
     8    18    16    25    71    28    15    16    19     6     9     2
     4     6    13    26    39    23     9    24    17     7     6     4
     1     2    13    17    28    27     8    13    13     8     5     5
     8     2     5    10    15    11     7    10    11     6     2     3
     2     4     7     9    16     9     3     6     9     1     2    10
     2     1     6    17    20    14    12     7    16     5     3     3
     9     4    12    16    18    18     9    13    13     5     6     3
     4     4    18    22    25    13    10    28    14     8     1     4
     5     5    19    16    31    32     9    20    24    14     5     8
     6     6    18    27    35    25    24    22    23    11     8     9
    15    15    25    31    32    35    24    15    27     9     8     9
    15    18    42    37    35    36    49    31    19    19    19    20
    20    14    35    38    53    48    42    63    35    31    34    20
    31    41    67    63    58    54    71    59    51    61    50    39
    58    52    64    68    55    87    84    77    66    72    55    55
    41    43    44    54    37    51    38    45    51    67    23    41
    23    22    19    20    37    28    36    35    27    24    11    16
    10     4    10    14    29    23    14    25    23    22    11     9
    10     5     9    11    15    16    17     9    15    11    11     6
     7     2     7    10    11    12    13     6    12     7     7     3
     2     2    10    12    18    17    14     9    16    19     5     6
     3     9    11    10    21    17    21    11    20    17    11     4
    15     6    13     9    20    18    24    22    19    14    14    13
    18    10    19    14    22    30    48    25    29    25    28    10
    17    10    16    14    16    32    34    25    50    23    22    11
    27    22    25    18    20    34    39    28    49    32    23    23
    29    28    41    47    23    44    49    44    42    39    21    21
    52    38    49    47    37    27    45    50    35    65    30    34
    44    41    28    49    42    50    59    57    47    42    49    36
    41    30    38    28    33    40    66    43    39    45    54    32
    20    21    17    41    38    39    44    43    36    24    35    18
    14    15    26    34    49    37    33    32    45    25    20    26
    24    19    44    48    48    56    34    21    35    26    15    12
     8
    21    18    29    52    52    23    12    16    22    18    17     9
    12    23    27    52    47    32    16    14    21    26    12    11
     7    10    25    50    46    24    10    12    20     8     6     5
     5     7    13    38    40    21    13    12    14     4     3     8
     2     4     8    21    33    16     8     8     8     1     9     0
     1     1     5    12    25     8     5     1     4     8     6     1
     3     1     5    14    12     4     1     4     7     5     1     1
     2     2     7     8    10     8     4     5     6     6     0     7
     2     1     8    16    16     9     2     5    13     0     0     1
     2     1     7    13    20    19     7     9     8     2     0     3
     2     4    12    22    26    18     7     4    12     5     0     2
     1     4    17    19    24    14    16    11    14    11     1     6
     8     7     7    14    27    17     9    12    12     6     8     8
    16    10    19    30    22    27    35    18    27    11     5     9
    11    21    23    40    48    36    29    28    24    31    12    12
    17    21    32    45    60    46    42    39    23    39    29    17
    34    35    37    53    56    50    43    47    41    57    45    56
    49    31    48    75    46    63    52    65    55    57    51    49
    20    23    31    42    31    30    20    25    35    54    23    18
    13     6    12    17    32    17    21    14    15    24    13     7
     2     6     7    10    12    14    15     9     8    10     8     5
     2     2     5     9     6    10     8     5     9    10    10     0
     0     0     4     9     2     7     5     5     5    12     4     1
     1     2     4     9     8    12     7     4     9    10     4     2
     6     2     3    11    11    16    13     8    17     8     5     0
     5     5     6    11    15    19     9    11    13    15    10     7
     7     4     8    15    17    15    25    24    13    16    16     7
     8    11    13     8    14    22    11    19    15    19    25     6
    10     8    20    19    18    29    24    24    36    26    16    13
    16    11    30    18    28    32    32    37    41    24    28    14
    37    20    27    42    28    36    39    30    20    48    30    30
    28    30    31    32    26    43    51    37    28    45    46    26
    31    23    37    39    22    33    33    44    31    40    37    23
    18    19    28    33    25    36    27    38    30    25    25    17
    18    13    22    56    30    25    31    19    36    36    19    23
     7    14    40    63    37    43    23    14    24    35    12    14
     9
    15    18    21    39    27    22    11    10    12    21    10     1
     7    24    20    38    41    17     7    13    13    17     5     5
    11     7    24    42    48    27     8    13     7    18     7     4
     5     5    20    25    33    22     4    10     7     5     5     4
     0     0     7    21    15    10     5     1     6     2     6     1
     0     0     2     4    15     5     3     0     3     2     0     2
     1     0     2     4    12     6     1     1     5     2     0     1
     2     0     1     4    15     2     0     1     7     1     0     0
     1     0     3     7    14     7     2     3     1     1     0     1
     2     1     6    15    13     9     2     3     6     1     0     0
     0     1     1    18    21     8     2     5     5     7     0     0
     2     3     8    16    15     9     9     5     9     1     0     3
     8     3    10    13     8     9     4     5    11     4     2     2
     7     7    12    25    22    12    11     7    15    13     2     7
    11    13    17    22    27    15    17    17     8    15    15     9
    15    20    30    33    30    37    28    29    22    34    24    28
    27    33    40    52    40    36    18    27    25    42    30    40
    38    44    53    48    32    37    48    20    37    51    37    35
    11    16    24    30    25    27    23    17    24    31    22    16
     9     5     9     8    18     9    13     9    11    12     5     2
     3     1     2    10    10     3     5     2     3     8     3     1
     1     1     2     4    10     6     2     7     1     5     0     0
     0     2     1     3     4     4     3     0     6     3     1     0
     0     1     1     1     7     4     9     6     6     4     3     0
     1     1     3     2     5     7     7     0     6     1     1     0
     1     2     0     7     7     9    13     6     4    12     4     3
     5     6     1     3    12    14    13    11    13    10    12     2
    10     3     2    15    12    23    15    20    16    13    10     8
     3     2     8    12     4    14    22    20    21    14     8     9
    21    14    13    28    11    29    25    27    24    27     5    14
    24    13    36    36    18    30    30    30    37    39    21    21
    26    20    23    25    28    40    39    26    22    41    21    24
    24    21    23    25    37    31    22    22    31    35    23    30
    23    19    28    22    28    28    15    23    23    24    26    15
    11    13    17    37    26    28    10    13    29    27    12    11
     7    17    21    48    30    43     4     8    20    20    17    13
    10
     3    16    11    26    21    15     0     6    10    15     8     4
     8    19    16    17    37     6     1     3     4    11     6     7
     5     8    18    26    31    16     1     8     7     4     0     2
     3     3     9    16    16     7     1     1     8     9     1     0
     1     1     6     4     9     4     1     2     5     1     1     0
     0     0     3     3     4     1     4     2     2     0     3     0
     0     1     2     0     9     2     0     0     8     2     0     0
     0     0     1     4     4     2     0     1     3     0     0     0
     1     0     0     4     5     1     1     1     2     0     0     0
     0     0     2    13     4     2     1     1     2     1     0     0
     0     0     2    11     5     1     1     2     2     0     0     0
     0     0     6     8     5     4     4     0     5     0     1     0
     1     2    10     9     9     6     3     6     5     1     0     5
     2     1     8    12    16     7     5     7     4    14     0     2
     6    12     7    18    18     7     2    10     5     6     6     4
    13     9    18    14    25    30    16    18    18    19    12    10
    13    18    33    24    25    39    14    22    27    39    23    27
    20    14    27    19    29    20    14     9    16    27    26    25
     6     7    14    16    24     6    10     4     9    17    11     9
     1     5     2    11    14     5    12     4     2     7     1     0
     1     0     0     3     7     3     3     4     2     4     0     0
     0     1     1     4     3     2     0     1     2     3     0     0
     0     0     1     0     4     3     2     1     4     1     0     0
     0     0     0     0     3     2     4     2     2     1     0     0
     1     3     0     1     3     3     1     0    12     4     3     0
     2     1     0     2     1     9     6     2     4     2     0     1
     3     2     2     4     2     5     6    12     4     3     6     1
     3     2     0     2     7     5     8    14    14    10     4     1
     3     1     5     7     5     6     4    13     8     6     7     4
     9     4    10    17    13    18    13    13    20    21     8     7
    23    11    17    17     8    27     5    17    20    19     6    10
    16    14    18    23    26    40    14    19    20    18    16    14
    12    16    25    17    30    19    12    17    13    24    20     8
    13    14     9    18    14    11     6    10    22    16    10    16
     7    13    17    21    15    15     3     4    13    11    12    13
     3    17    18    31    15    14     4     6    11    15     6     5
    11
     2     9    15    27    15     7     1     3     3    11     1     7
     2    12    13    20    37    13     2     4     7    10     3     5
     3     0     7    15    19     7     1     1     1     7     2     4
     1     1     7    12     9     7     3     4     2     4     0     0
     0     1     5     5     5     4     0     0     2     0     1     0
     0     0     1     1     2     1     0     0     3     1     0     0
     0     0     0     0     5     2     0     1     2     1     0     2
     0     0     1     1     2     0     0     0     1     1     0     0
     0     0     0     2     8     1     0     0     1     0     0     0
     0     1     1     5     3     1     1     0     8     1     1     0
     0     0     0     5     3     1     1     0     2     0     0     0
     1     0     2     6     4     5     1     2     7     0     0     0
     0     3     4     1     6     3     0     0     0     2     0     0
     4     1     3     3     5     5     0     1     3    10     0     2
     5     4     2     5    10     5     2     3     1     7     3     1
     4     4     8    16    15    20     1     3     6    17     6    10
    15    16    19    21    27    14     3     5     6    18    23    19
    20    14    28    17    22    12    12     8    16    14    13    21
     5     6    14     8    16    14     8     4     7     9     5     6
     0     0     1     5    12     7     4     2     3     5     0     1
     0     0     0     1     5     1     2     2     2     3     0     1
     0     0     0     3     3     0     2     0     0     1     0     0
     0     0     0     0     1     0     1     1     1     1     0     0
     0     0     0     1     4     2     2     0     1     0     0     0
     0     0     0     1     2     0     4     0     2     2     0     0
     0     0     0     1     0     3     2     3     3     2     2     0
     1     1     0     2     4     7    10     6     5     2     1     1
     1     1     1     1     4     5     3     4     1     8     4     2
     2     0     3     1     6     6     8     4     5     8     9     3
     7     1     9    11     6     9     2     9    12    12     4     5
    17    10    11    17     9    18     9    12    21    12    13     4
    14     4    21    10    14    13     8    12    11    13    10    12
    15    10    25     9    20     5     8    11    11    14    13    13
     1    12    10    13    12     6     9    13     9    15    10     5
     7    12     6     9     9     4     0     3    10    12     5    10
     6     3     8    29    15    10     1     4     3    15     7     8
    12
     3     5     8    11     7     3     3     2     4     2     0     2
     2     3    11    26    19     4     2     1     3     4     4     5
     1     1    10    17    11     5     0     2     3     2     3     3
     0     0     4     3     1     1     0     1     1     1     0     0
     0     0     1     0     0     0     0     0     0     0     0     0
     0     0     0     0     3     0     0     0     6     0     0     0
     0     0     0     0     1     1     0     0     0     0     0     1
     0     0     0     0     2     0     0     0     1     0     0     0
     0     0     1     0     1     1     0     0     2     0     0     0
     0     0     0     2     1     0     0     0     4     0     0     0
     0     0     1     5     0     0     0     0     2     1     0     0
     0     0     4     1     0     0     1     1     1     0     0     0
     1     0     2     1     4     2     0     0     6     0     1     1
     2     0     1     0     4     4     1     0     0     4     1     0
     1     9     0     1     1     6     0     2     2     7     1     1
     6    10     5     6    11     5     3     5     3    12    13     5
    21    12    14     9     7     6     5     3     5    25    10    15
    10    10    20     4    12     5     4     7     9    11     4    10
     1     5     9     6     8     4     1     1     4     5     1     1
     0     1     1     4     5     0     1     2     2     3     0     0
     0     0     1     1     0     1     0     0     0     1     0     0
     0     0     0     0     1     0     0     2     0     0     0     0
     0     0     0     1     1     0     0     2     2     0     0     0
     0     0     1     0     0     3     1     1     1     0     0     0
     0     0     0     0     0     0     0     0     1     0     0     0
     0     0     0     1     2     0     2     2     4     1     1     0
     1     0     2     0     3     1     3     1     1     0     3     0
     1     0     0     2     0     1     2     4     1     5     3     0
     2     0     0     2     3     8     4     4     1     6     7     0
     2     3     5     8     4     2     4     3     9     6     4     4
    13     2    10     3     6     9     3     7     7    13    10     5
     9     4     9     8     6    10    10     7     9    10    14     2
     8     5    13    11    14     2     0     2     7    13     6     7
     5     7     3    14     8     3     3     7     3    13     2     4
     1    12     9    13    10     2     0     3     5    10     2     2
     1     3     3    11     5     2     1     0     1     2     6     1
    13
     2     1     5     7     2     0     0     0     0     6     1     1
     0     1     6     7     7     5     0     0     1     1     5     2
     3     0     1     5     3     2     0     0     1     0     1     0
     2     0     0     1     3     2     0     0     0     1     1     0
     0     0     0     1     0     0     0     0     0     0     0     0
     0     0     0     0     0     0     0     0     0     0     0     0
     0     0     1     1     1     0     0     0     0     0     0     0
     0     0     0     0     0     0     0     0     0     0     0     0
     0     0     0     1     0     0     0     0     0     0     0     0
     0     0     1     1     0     0     0     0     0     0     0     0
     0     0     0     0     0     0     1     0     0     0     0     0
     0     0     1     0     1     0     1     0     1     0     0     0
     0     0     1     1     0     1     0     2     0     0     0     0
     0     0     0     0     2     1     1     0     0     0     1     0
     1     1     0     1     2     2     0     0     3     0     1     0
     5     1     9     2     4     4     0     1     2     7     2     2
     5     6    10     6     7     2     2     2     4    10     7     8
     1     3     9     1     5     0     0     0     2     4     3     5
     0     5     3     0     2     0     1     0     1     7     0     1
     0     0     1     0     2     2     0     0     4     2     0     0
     0     0     0     0     0     1     0     1     0     0     0     0
     0     0     0     0     0     0     0     0     0     0     0     0
     0     0     0     1     0     0     0     0     0     0     0     0
     0     0     0     0     0     0     1     0     0     1     0     0
     0     0     0     0     0     0     0     0     0     0     0     0
     0     0     0     0     0     0     1     0     3     1     0     0
     0     0     0     1     0     1     1     0     4     2     0     0
     0     0     0     2     0     1     1     0     1     0     1     0
     0     0     1     1     1     1     0     0     3     2     4     1
     1     0     0     3     5     0     1     1     3     4     3     0
     9     2     7     6     4     1     1     3     6     5     3     3
     2     0     5     8     2     6     2     1     3     5     5     2
     1     3     5     7     4     2     2     1     9     4     2     2
     9     7     4     6     2     2     0     0     5     4     0     6
     0     1     3     1     7     0     0     5     2     5     0     0
     2     3     1     5     4     1     0     0     1     1     2     0
    14
     2     0     4     5     4     0     0     0     0     5     2     0
     1     0     8    11     2     0     0     0     0     3     1     0
     6     0     1     3     2     1     0     0     0     3     4     0
     0     0     0     0     0     0     0     0     0     3     0     0
     0     0     0     0     0     0     0     0     0     0     0     0
     0     0     0     0     1     0     0     0     0     0     0     0
     0     0     0     0     0     0     0     0     0     0     0     0
     0     0     0     0     0     0     0     0     0     0     0     0
     0     0     0     0     0     0     0     0     0     0     0     0
     0     0     0     0     0     0     0     0     0     0     0     0
     0     0     0     0     0     0     0     0     1     0     0     0
     0     0     0     1     0     1     0     0     0     0     0     0
     0     0     0     0     0     0     0     0     0     0     0     0
     0     0     0     0     2     1     1     0     0     0     0     0
     1     0     0     0     1     0     0     0     0     1     0     0
     1     2     4     1     3     1     0     0     0    10     0     0
     3     4     9     4     3     3     2     1     1    12     3     7
     3     8     2     4     2     6     1     1     1     1     0     5
     0     2     1     2     5     0     2     1     1     0     1     0
     0     0     1     0     0     1     0     0     0     0     0     0
     0     0     0     0     0     3     0     0     0     0     0     0
     0     0     0     0     0     0     0     0     0     0     0     0
     0     0     0     0     0     0     0     0     0     0     0     0
     0     0     0     0     0     1     0     0     0     0     0     0
     0     0     0     2     0     0     2     1     0     0     0     0
     0     0     0     1     0     2     0     0     0     2     0     0
     0     0     0     1     0     1     0     0     0     2     0     0
     0     0     0     3     0     0     0     0     1     5     0     0
     0     0     1     0     0     0     0     0     2     1     2     0
     1     0     2     4     0     1     1     0     3     2     2     0
     4     2     2     6     1     1     1     0     6     3     3     0
     3     6     3     5     0     1     1     0     7     3     1     1
     2     0     2     3     3     0     0     0     6     5     0     3
     2     2     2     5     2     1     1     0     2     6     1     4
     1     4     4     1     3     0     0     0     0     4     2     0
     5     3     3     1     4     0     0     0     0     0     2     0
    15
     1     0     1     3     0     0     0     0     0     1     0     0
     1     0     5     7     1     2     0     0     0     0     0     0
     0     0     0     2     1     1     0     0     0     0     0     0
     0     0     0     0     0     0     0     0     0     0     0     0
     0     0     0     0     0     0     0     0     0     0     0     0
     0     0     0     0     1     0     0     0     0     0     0     0
     0     0     0     0     0     0     0     0     0     0     0     0
     0     0     0     0     0     0     0     0     0     0     0     0
     0     0     0     0     0     0     0     0     0     0     0     0
     0     0     0     0     0     0     0     0     0     0     0     0
     0     0     0     0     0     0     0     0     0     0     0     0
     0     0     1     1     0     0     0     0     0     0     0     0
     0     0     1     0     1     0     0     1     0     0     0     0
     0     0     0     0     0     0     0     0     0     0     0     0
     0     0     0     0     0     0     0     0     0     0     0     0
     0     3     2     1     0     0     0     0     0     2     0     0
     2     1     2     2     1     2     1     0     0     2     0     2
     2     1     0     2     0     3     1     0     0     1     0     6
     0     1     0     1     0     2     0     0     1     0     0     0
     0     0     0     1     0     0     0     0     0     2     0     0
     0     0     0     0     0     0     0     0     0     0     0     0
     0     0     0     0     0     0     0     0     0     0     0     0
     0     0     0     0     0     0     0     0     0     0     0     0
     0     0     0     0     1     0     0     0     0     0     0     0
     0     0     0     2     0     0     1     0     1     0     0     0
     0     0     0     0     0     0     0     0     0     0     0     0
     0     0     0     1     0     0     0     0     1     0     0     0
     0     0     0     2     0     1     0     0     0     0     0     0
     0     0     0     0     0     0     0     1     0     2     0     0
     0     0     2     0     0     3     1     0     2     2     1     0
     6     1     3     3     0     0     0     0     3     2     1     2
     2     1     1     2     0     1     0     1     3     6     2     2
     1     1     2     4     2     1     0     1     0     0     0     0
     2     1     2     1     1     0     0     1     1     0     0     0
     2     1     1     3     2     0     0     0     0     0     0     0
     0     0     3     1     4     1     0     0     0     0     0     0
    16
     0     0     0     1     0     0     0     0     0     0     1     0
     0     0     1     3     1     0     0     0     0     0     1     0
     2     0     3     0     1     3     0     0     0     0     1     0
     0     0     0     0     0     0     0     0     0     0     0     0
     0     0     0     0     0     0     0     0     0     0     0     0
     0     0     0     0     0     0     0     0     0     0     0     0
     0     0     0     0     0     0     0     0     0     0     0     0
     0     0     0     0     0     0     0     0     0     0     0     0
     0     0     0     0     0     0     0     0     0     0     0     0
     0     0     0     0     0     0     0     0     0     0     0     0
     0     0     0     0     0     0     0     0     0     0     0     0
     0     0     0     0     0     0     0     0     0     0     0     0
     0     0     0     0     0     0     0     0     0     0     0     0
     0     0     0     0     0     0     0     0     0     0     0     0
     0     0     0     0     0     0     0     0     0     0     0     0
     0     1     1     0     0     0     0     0     0     0     0     0
     0     0     1     2     0     0     0     0     0     2     0     2
     1     1     0     1     0     1     0     0     0     1     0     2
     0     1     0     0     0     0     0     0     0     1     0     0
     0     0     0     0     0     2     0     0     0     0     0     0
     0     0     0     0     0     0     0     0     0     0     0     0
     0     0     0     0     0     0     0     0     0     0     0     0
     0     0     0     0     0     0     0     0     0     0     0     0
     0     0     0     0     0     0     0     0     0     0     0     0
     0     0     0     0     0     0     1     0     0     0     0     0
     0     0     0     1     0     0     2     0     0     0     0     0
     0     0     0     0     0     0     0     0     0     0     0     0
     0     0     0     0     0     0     0     0     0     0     0     0
     0     0     0     0     0     0     0     0     0     0     0     0
     1     0     3     0     0     0     0     0     0     1     1     0
     0     0     1     1     0     0     0     0     0     1     1     0
     2     3     1     0     1     1     1     0     1     1     1     0
     1     0     0     1     0     1     0     0     0     1     0     0
     1     1     0     0     0     0     0     0     0     1     0     2
     0     0     0     1     2     0     0     0     0     0     0     0
     1     0     1     1     1     0     0     0     0     1     0     0
    17
     0     0     1     2     1     0     0     0     0     1     2     0
     0     0     2     0     0     0     0     0     0     0     0     0
     2     0     3     0     0     0     0     0     0     0     1     0
     0     0     0     0     0     0     0     0     0     0     0     0
     0     0     0     0     0     0     0     0     0     0     0     0
     0     0     0     0     0     0     0     0     0     0     0     0
     0     0     0     0     0     0     0     0     0     0     0     0
     0     0     0     0     0     0     0     0     0     0     0     0
     0     0     0     0     0     0     0     0     0     0     0     0
     0     0     0     0     0     0     0     0     0     0     0     0
     0     0     0     0     0     0     0     0     0     0     0     0
     0     0     0     0     0     1     0     0     0     0     0     0
     0     0     0     0     0     0     0     0     0     0     0     0
     0     0     0     0     0     0     0     0     0     0     0     0
     0     0     0     0     0     0     0     0     0     0     0     0
     0     0     0     0     0     0     0     0     0     0     0     0
     0     0     0     1     2     1     0     0     0     0     0     0
     1     0     0     2     0     0     0     0     0     0     0     0
     0     1     0     0     0     1     0     0     0     0     0     0
     0     0     0     0     0     0     0     0     0     1     0     0
     0     0     0     0     0     0     0     0     0     0     0     0
     0     0     0     0     0     0     0     0     0     0     0     0
     0     0     0     0     0     0     0     0     0     0     0     0
     0     0     0     0     0     0     0     0     0     0     0     0
     0     0     0     0     0     0     0     0     0     0     0     0
     0     0     0     0     0     0     0     0     0     0     0     0
     0     0     0     0     0     0     1     0     0     0     0     0
     0     0     0     0     0     0     0     0     0     0     0     0
     0     0     0     0     0     0     0     0     0     0     0     0
     2     0     1     0     0     0     0     0     0     1     1     0
     3     0     0     0     0     2     0     0     0     0     1     0
     0     0     0     0     0     0     0     0     0     0     0     0
     0     0     2     0     0     0     0     0     1     1     0     0
     0     0     0     1     0     0     0     0     0     0     0     0
     0     0     0     0     0     0     0     0     0     0     0     0
     0     0     0     3     0     0     0     0     0     0     0     0
    18
     0     0     0     0     0     0     0     0     0     0     1     0
     0     0     0     0     1     0     0     0     0     0     1     0
     1     0     1     0     0     0     0     0     0     0     2     0
     0     0     0     0     0     0     0     0     0     0     0     0
     0     0     0     0     0     0     0     0     0     0     0     0
     0     0     0     0     0     0     0     0     0     0     0     0
     0     0     0     0     0     0     0     0     0     0     0     0
     0     0     0     0     0     0     0     0     0     0     0     0
     0     0     0     0     0     0     0     0     0     0     0     0
     0     0     0     0     0     0     0     0     0     0     0     0
     0     0     0     0     0     0     0     0     0     0     0     0
     0     0     0     0     0     0     0     0     0     0     0     0
     0     0     0     0     0     0     0     0     0     0     0     0
     0     0     0     0     0     0     0     0     0     0     0     0
     0     0     0     0     0     0     0     0     0     0     0     0
     1     0     1     0     0     0     0     0     0     0     0     0
     0     0     0     0     0     0     0     0     0     0     0     0
     0     0     0     0     0     0     0     0     0     0     0     0
     0     0     0     0     0     0     0     0     0     0     0     0
     0     0     0     0     0     0     0     0     0     0     0     0
     0     0     0     0     0     0     0     0     0     0     0     0
     0     0     0     0     0     0     0     0     0     0     0     0
     0     0     0     0     0     0     0     0     0     0     0     0
     0     0     0     0     0     0     0     0     0     0     0     0
     0     0     0     0     0     0     0     0     0     0     0     0
     0     0     0     0     0     0     0     0     0     0     0     0
     0     0     0     0     0     0     0     0     0     0     0     0
     0     0     0     0     0     0     0     0     0     0     0     0
     0     0     0     0     0     0     0     0     0     0     0     0
     0     0     1     0     0     0     0     0     0     0     0     0
     1     0     1     0     0     0     0     0     0     0     0     0
     0     0     0     0     0     0     0     1     0     0     0     0
     2     0     0     0     1     0     0     0     0     0     0     0
     0     0     0     0     0     0     0     0     0     1     0     0
     0     0     0     0     0     0     0     0     0     1     0     0
     0     0     0     1     0     1     0     0     0     0     1     0
    19
     0     0     0     0     0     0     0     0     0     0     1     0
     0     0     2     0     0     0     0     0     0     0     0     0
     0     0     2     0     0     0     0     0     0     0     1     0
     0     0     0     0     0     0     0     0     0     0     0     0
     0     0     0     0     0     0     0     0     0     0     0     0
     0     0     0     0     0     0     0     0     0     0     0     0
     0     0     0     0     0     0     0     0     0     0     0     0
     0     0     0     0     0     0     0     0     0     0     0     0
     0     0     0     0     0     0     0     0     0     0     0     0
     0     0     0     0     0     0     0     0     0     0     0     0
     0     0     0     0     0     0     0     0     0     0     0     0
     0     0     0     0     0     0     0     0     0     0     0     0
     0     0     0     0     0     0     0     0     0     0     0     0
     0     0     0     0     0     0     0     0     0     0     0     0
     0     0     0     0     0     0     0     0     0     0     0     0
     0     0     0     0     0     0     0     0     0     0     0     0
     0     0     0     0     0     0     0     0     0     0     0     0
     0     0     0     1     0     0     0     0     0     0     0     0
     0     0     0     0     0     0     0     0     0     0     0     0
     0     0     0     0     0     0     0     0     0     0     0     0
     0     0     0     0     0     0     0     0     0     0     0     0
     0     0     0     0     0     0     0     0     0     0     0     0
     0     0     0     0     0     0     0     0     0     0     0     0
     0     0     0     0     0     0     0     0     0     0     0     0
     0     0     0     0     0     0     0     0     0     0     0     0
     0     0     0     0     0     0     0     0     0     0     0     0
     0     0     0     0     0     0     0     0     0     0     0     0
     0     0     0     0     0     0     0     0     0     0     0     0
     0     0     0     0     0     0     0     0     0     0     0     0
     0     0     1     0     0     0     0     0     0     0     0     0
     2     0     0     0     0     0     0     0     0     0     0     0
     0     0     0     0     0     0     0     0     0     0     0     0
     0     0     0     0     0     0     0     0     0     0     0     0
     0     0     0     0     0     0     0     0     0     0     0     0
     0     0     0     0     0     0     0     0     0     0     0     0
     0     0     0     0     2     0     0     0     0     1     0     0
    20
     0     0     0     1     0     0     0     0     0     0     0     0
     0     0     0     0     0     0     0     0     0     0     0     0
     0     0     0     0     0     0     0     0     0     0     1     0
     0     0     0     0     0     0     0     0     0     0     0     0
     0     0     0     0     0     0     0     0     0     0     0     0
     0     0     0     0     0     0     0     0     0     0     0     0
     0     0     0     0     0     0     0     0     0     0     0     0
     0     0     0     0     0     0     0     0     0     0     0     0
     0     0     0     0     0     0     0     0     0     0     0     0
     0     0     0     0     0     0     0     0     0     0     0     0
     0     0     0     0     0     0     0     0     0     0     0     0
     0     0     0     0     0     0     0     0     0     0     0     0
     0     0     0     0     0     0     0     0     0     0     0     0
     0     0     0     0     0     0     0     0     0     0     0     0
     0     0     0     0     0     0     0     0     0     0     0     0
     0     0     0     0     0     0     0     0     0     0     0     0
     0     0     0     0     0     0     0     0     0     0     0     0
     0     0     0     0     0     0     0     0     0     0     0     0
     0     0     0     0     0     0     0     0     0     0     0     0
     0     0     0     0     0     0     0     0     0     0     0     0
     0     0     0     0     0     0     0     0     0     0     0     0
     0     0     0     0     0     0     0     0     0     0     0     0
     0     0     0     0     0     0     0     0     0     0     0     0
     0     0     0     0     0     0     0     0     0     0     0     0
     0     0     0     0     0     0     0     0     0     0     0     0
     0     0     0     0     0     0     0     0     0     0     0     0
     0     0     0     0     0     0     0     0     0     0     0     0
     0     0     0     0     0     0     0     0     0     0     0     0
     0     0     0     0     0     0     0     0     0     0     0     0
     0     0     1     0     0     0     0     0     0     0     0     0
     0     0     0     0     0     0     0     0     0     0     0     0
     0     0     0     0     0     0     0     0     0     0     0     0
     0     0     0     0     0     0     0     0     0     0     0     0
     0     0     0     0     0     0     0     0     0     0     0     0
     0     0     0     0     0     0     0     0     0     0     0     0
     0     0     0     1     0     0     0     0     0     0     0     0
