19
Windsor, ON 6139525
     0
      -8.400      -7.300      -1.500       4.500      11.300      17.300
      20.600      19.300      15.000       8.100       1.700      -4.500
      -4.000      -2.800       1.700       8.600      15.600      21.100
      23.800      22.800      18.800      12.100       5.000      -1.000
        .300       1.100       5.500      13.300      20.000      25.000
      26.700      25.600      22.600      16.100       9.100       1.800
      66.000      64.000      58.000      49.000      47.000      50.000
      52.000      56.000      56.000      56.000      63.000      68.000
      75.000      74.000      71.000      64.000      61.000      64.000
      65.000      69.000      70.000      69.000      75.000      79.000
      84.000      84.000      84.000      79.000      77.000      78.000
      79.000      83.000      84.000      83.000      87.000      89.000
       3.800       3.600       3.600       3.600       3.000       3.000
       2.500       2.500       3.000       3.000       3.600       3.600
       5.500       5.200       5.500       5.200       4.700       4.400
       3.800       3.600       4.100       4.700       5.200       5.200
       7.500       7.200       7.200       7.200       6.300       6.100
       5.200       5.200       5.500       6.300       7.200       7.200
     240.000     240.000     240.000     240.000     230.000     220.000
     220.000     220.000     220.000     240.000     240.000     240.000
     1
      -4.333      -3.108       2.436       9.288      15.848      21.127
      23.693      22.492      18.823      12.221       5.540      -1.280
      74.924      73.582      70.506      63.791      61.918      64.144
      65.241      68.943      69.709      69.289      74.284      77.874
     2
     6     7     7    18    25    17    32    34    14    15    13    12
     8     9    10    17    21    28    37    30    25    17    13    11
     9     3    15    26    27    26    32    36    31    15    12     7
    16     9    14    21    36    40    43    32    24    25     7    10
     8    17    31    32    29    24    45    37    24    36    15    13
    10    12    23    30    51    41    65    69    37    29    18    22
    17    16    29    29    33    44    58    61    36    25    13    16
    12    16    27    30    28    36    48    52    40    31    16    20
    14    26    27    36    39    37    59    56    39    28    13    13
    15    26    20    18    24    33    53    42    24    16    22    20
    16    10    21    17    24    33    33    26    32    16    19    12
    12    17    24    28    25    42    52    40    25    22    12    14
    12    24    18    32    26    33    41    35    26    16    13    17
    20    20    14    13    23    27    37    41    30    23    19    18
    15    26    18    29    22    35    37    55    39    22    18    29
    18    18    21    29    31    38    50    40    25    27    18    25
    24    14    22    17    32    44    52    51    26    22    18    15
    14    25    22    22    23    38    67    49    43    35    25    23
    19    22    13    26    24    31    39    39    45    24    20    16
    16    18    10    24    27    29    62    47    38    40    26    23
    23    22    20    31    25    51    58    67    53    36    40    31
    17    16    17    13    23    53    53    53    48    53    29    30
    17    15    16    20    34    25    54    45    24    24    18    24
    12     9    10    13    33    27    41    55    37    23    12    17
    17     9     7    18    25    38    36    49    29    38    16    17
    10    13    12    21    26    41    44    38    26    30    15    18
    19    16    11    17    28    20    62    35    27    32    19    23
    15    10    11    11    18    24    37    20    18    19    12    13
     4    11    10    17    15    12    21    23    17    22    15    13
     5     9     9    10    13    24    23    23    21    15    19     7
     6     6     4    11    12    16    10    20    13     6     6     8
     3     6     7     4    10    16    20    20    17    10     9     8
     6     8    10     9    16    14    31    34    15    24    10     8
     8    10    11     6    14    15    33    39    35    13    11    12
     8     9    14    19    15    16    42    47    31    16    13    11
     9     9    13    10    24    29    45    48    25    27    13    12
     3
     9     8     8     8    18    18    13    22    11    15     6     5
     4     7    11    22    24    21    27    21    17    12     6     5
    14     7     9    22    27    18    21    22    12    12     7     9
    10     8    22    22    31    41    25    29    16    21     7     5
     5    19    16    27    52    40    29    36    32    29    13     9
    12    13    17    34    29    39    43    64    28    17     9    13
     9    17    15    17    30    27    43    54    26    13     9    11
     8    15    25    20    22    25    33    38    18    20     7     8
    11     9    19    22    10    23    34    43    17    11     6    12
    11    13    14    19    17    12    18    27    11    15     9    13
     6     7    18    12    16    14    27    16    15     5    11     7
     8    10    19    11    17    16    30    12    10    13     8     5
     4    10    10     9    18    17    20    23    15     8    10     8
     4     9    19    10    14    21    21    15    12    16    10    11
    16    12     9    23    21    21    16    17    18    15    13    18
    11    17    13    22    17    24    28    34    14    22    20    12
    10     7    19    16    18    21    36    43    21    25    16     9
    17    16    18    17    16    31    42    44    29    12    25    15
    18    13    10    12    23    38    45    54    24    31    21     9
    15    27    15    14    16    31    48    46    34    27    18    24
    33    16    18    13    43    47    59    52    41    16    30    23
    13    14    16    20    26    50    43    58    30    24    22    30
    17    11    14    11    29    37    50    49    37    25     9    23
    11     9     8    17    21    24    42    42    30    20    21    13
    11    10     9    15    16    20    40    41    21    20    19    16
    12    11    11     9    14    21    29    31    19    16    20    11
    12    15    15    13    20    27    22    27    16    19    12    11
     9    11     6    11    12    24    23    28    11    23    16     9
     9     5     9    11    22    14    17    19    16    27    11    16
     7    10     5     4    13     8    14    14     5     9    15    11
     2     5     6     5     9     9    10    18    10    11     3     6
     6     4     7     4     4     6    11    13    10     7     4     3
     0     7     9     7    21     8    16    13     6     9    10     6
     6     9     7    14    16    14    16    18    18     3     7     5
     8    10     6     5    16    10    22    25    22    11    10     8
     7    13     7    13    18    17    33    20    15    17    10     5
     4
    19    21    22    22    45    37    35    25    41    16    12    19
    10    20    14    22    42    29    33    26    43    27    12    10
    22    21    29    39    61    54    70    46    43    26    11     8
    18    33    38    51    87    70    62    73    46    33    17    12
    17    28    45    57   101    95   109    71    74    44    18     6
    19    48    57    58    98    87    89   129    71    31    28    17
    17    31    52    46    75    60    82    89    46    18    10    18
    14    25    41    42    54    52    61    62    43    15     8    15
    15    17    42    34    27    30    36    38    34    21    20    12
    11    19    29    37    42    30    25    22    23    15    12    13
     9    12    30    27    30    22    31    26    20    11     7    16
    16    25    33    31    45    42    22    26    25    14    11    10
    11    16    34    17    38    42    21    26    31    27    20    17
    11    13    29    16    33    41    21    26    16    14    15    15
    18    23    43    39    46    42    29    39    33    26    30    20
    14    25    31    46    39    54    50    54    30    34    25    23
    25    14    39    38    39    46    53    77    34    27    19    24
    35    38    37    41    48    75    66    67    59    54    37    31
    49    52    31    43    54    85    95    97    64    67    35    27
    43    57    44    47    61   117    87   118    85    74    59    45
    43    58    40    55    89   119   132   135   107    67    68    64
    41    50    30    54    74    98    97   122    99    48    56    61
    51    38    24    38    57    97   102    95    59    51    47    68
    43    29    31    32    51    85    78    75    75    57    51    55
    32    31    20    28    32    64    78    59    46    50    39    44
    29    14    20    25    41    39    60    42    50    34    24    33
    39    31    25    23    54    42    47    41    40    38    35    30
    26    33    30    37    29    38    46    42    43    36    26    32
    29    19    19    31    39    35    45    43    45    38    37    25
    23    16    19    19    30    20    34    41    37    47    37    18
    17    11    14    15    27    18    13    23    23    27    22    14
    15    19    20    16    19    21    18    17    26    25    11    13
    11    24    27    21    29    26    30    39    25    24    20    19
     9    23    22    22    35    19    38    42    33    24    22    16
    16    24    22    16    38    24    36    39    51    30    21    23
    13    22    27    17    37    24    35    34    32    22    11    15
     5
     7    19    19    17    24    21    26    26    27    10     6     8
    13    11    12    12    33    28    30    19    32    18    12     2
    18    21    20    30    59    38    46    34    34    21     7    10
    14    27    35    44    91    52    76    71    49    34    22     5
    10    31    38    52    86    78    80    66    44    35    17     8
    15    46    50    53    60    77    52    54    44    32    25    13
    12    29    35    39    44    36    46    47    28    22    17    12
     7    18    41    28    33    17    26    23    17    17    11     7
     1    15    43    26    31    19    22    18    16    12     4     7
     5    20    38    29    25    16    21    12    12     7     8     5
    10    15    22    29    31    17    13    13    10    11     1     9
    15    18    31    30    28    29    13    17    18    15    11     9
     6     4    27    20    31    17    14    14    10    16     4     8
     6     6    21    25    19    23    13     8    14    11    10     9
     9    14    22    17    40    23    30    15    20    15    14    10
    12     8    17    18    33    36    28    20    29    22    14     6
    11    12    26    45    30    43    39    37    39    17    17    11
    31    22    32    36    41    54    56    46    44    42    30    20
    36    33    46    54    70    48    72    77    67    49    46    31
    52    81    47    57    83   107    88   108    81    61    61    36
    59    48    47    59    67   100   111    97    80    73    49    61
    55    63    27    48    50    86   102    92    81    44    48    46
    46    27    21    36    46    96    81    95    53    45    36    53
    39    28    25    20    42    70    74    82    58    43    45    46
    41    30    20    32    44    62    63    62    44    38    40    47
    21    40    16    23    52    44    40    24    24    20    25    25
    22    27    27    28    35    40    36    28    34    22    30    21
    45    21    18    22    45    43    34    32    22    40    19    27
    32    30    24    31    45    50    30    32    34    46    35    30
    30    21    29    34    25    42    34    29    44    51    33    27
    23    10    20    23    25    36    21    33    34    28    16    16
    14    12    24    27    30    21    17    21    21    22    17    22
     7    23    35    28    16    20    28    28    25    20    17    21
    15    24    25    13    30    28    32    20    33    28    21    19
    13    27    16    25    24    10    32    18    32    32    16    16
     8    20    15    26    27    32    27    14    29    17    13    19
     6
     5    17    22    12    25    21    13    18    23    16    11    10
     4    16    18     9    36    25    18    13    26    20    10     8
    12    15    34    35    55    35    29    43    28    26    16     8
    16    36    34    63    80    66    57    66    30    20    13    15
    19    14    42    58    66    60    59    45    38    33    26    14
    13    30    48    39    51    40    40    38    33    27    24    18
    13    31    36    39    31    16    13    28    15    18    12    16
     7    20    20    26    31    12     6    12     9    14     8     2
     7    15    32    29    29    12     9     5     7    18     8     9
     6     7    32    21    19    14     7     8     7    17    11     3
     6    10    23    18    26    14     2     4     4     7     9     6
    11    13    21    24    21    13     5    13    10     6    10    16
     8     9    13    20    16    18     3     8    21    13     9    13
     8    12    15    16    20    10     5     6    10    10    11     4
    10    11    30    15    22    24     5     6    16    12    12    12
    15    10    23    18    26    30    10     9    26    14    17     7
    14    13    21    24    23    28    24    11    20    21    15    15
    26    16    27    34    36    39    47    32    43    40    35    21
    47    23    43    46    48    56    68    71    58    47    39    37
    29    63    67    69    80    92   100   109    90    76    52    46
    90    67    57    55    84    81   100   101    78    93    85    85
    71    61    47    51    53    65    85    78    70    57    49    54
    50    61    30    39    50    62    94    60    58    49    60    68
    55    36    34    42    35    63    78    51    46    45    48    56
    48    33    27    29    37    61    63    48    47    47    28    41
    40    28    21    26    39    44    39    23    23    34    39    31
    35    28    30    28    33    35    43    23    18    27    36    27
    33    30    27    40    33    33    35    29    33    28    22    23
    38    40    45    45    39    49    35    38    35    48    51    36
    39    37    39    29    27    38    25    28    37    45    47    35
    23    16    32    30    28    20    14    27    33    42    20    24
    12    15    35    32    22    20    17    19    18    21    14    17
    21    34    29    37    34    27    28    24    29    26    22    23
    24    26    29    32    29    15    28    26    27    27    20    22
     7    20    32    31    24    24    26    16    31    31    21    15
    11    21    27    27    37    27    33    19    21    29     7    12
     7
     7    10    24    14    15    13     9    13    12     9    17    10
     7    17    25    30    28    12    18    20    17     9     7     8
     9    18    22    44    61    32    18    34    25    10    12     8
    13    21    39    41    76    47    47    39    33    12     9     5
     6    16    45    51    65    36    41    24    14    17    14    19
    15    15    49    35    44    30    23    13    13    24    12    11
     7    22    26    28    29    11     9     3     4    10    20    13
     8     7    28    18     9     7     1     6     2    12     6    12
     9    13    30    21    14     3     4     2     5    11     4     2
    12     8    28    24    14     6     2     2     7    12     7     5
     8    11    21    30     8     6     3     4     7     5     8    11
     9    10    22    33    21    11     6     6     8     3     7     8
     6    11    14    18    21     8     1     2    10     4    16     6
     7     6    11     9    12     5     4     2     3     6     4    10
     6     5    11    13    18     9     5     3     6    15    10     7
     2     7    15    14    24    19     7     1    14    12    22     4
    10     9    15    19    17    11    10     6    13    19    17     6
    21    13    23    26    31    38    15    28    24    31    24    10
    29    23    36    35    44    47    39    50    45    45    36    15
    50    37    58    72    76    84    55    82    85    84    55    51
    97    64    60    63    70    83    71    62    78    79    70    66
    73    61    44    41    43    83    72    63    58    59    50    57
    64    48    32    40    27    53    52    52    41    35    58    70
    70    51    33    37    28    56    63    31    36    48    75    48
    53    37    26    39    24    56    29    26    24    49    49    33
    31    27    31    25    40    34    31    20    16    18    38    40
    51    23    32    26    23    51    39    18    16    34    29    25
    45    35    41    40    43    42    26    24    27    26    44    23
    48    56    42    39    32    38    29    26    37    41    34    30
    48    36    43    42    32    39    26    25    53    41    55    35
    34    26    40    28    27    29    25    15    28    23    30    24
    29    25    34    26    16    24    17    19    23    26    16    11
    30    31    31    29    20    20    27    15    17    30    26    21
    21    21    27    33    26    18    25    11    17    32    26     9
    14    15    27    38    24    20    16    15    16    26    17    14
    12    24    21    36    20    19    12     7    29    23     9     5
     8
     2    13    17    12    22    10     5     8     9    10    10     8
     4    12    11    20    17    10     6     8    12     6     2     4
     7    26    24    42    49    32    11    25    19     4    11     9
     9    34    38    36    37    35    24    32    12     7     6     7
     6    13    19    33    33    17    19    13     6    13    17     6
     4    17    20    26    20    14     9     6     0    10     8    14
     6     6    39    18    10     4     5     0     0     6     9     4
    13    10    24    10     6     5     3     0     0     2     7     3
     7    10    18    22     4     2     3     1     3     3     2     5
     6     4    15    23     2     1     2     1     1     2     5     1
     4    13     9    20     8     6     3     0     2     9     3     6
     7     7     7     9     4     1     1     2     0     2     9     2
     3     7     9     6     5     3     0     3     3     2     6     3
     2     7     7     6     7     6     0     0     0     5     3     2
     4     5    11     6    13     3     1     0     4     3     8     2
     2     4    10     9     9     9     2     1     3     9     5     6
     1     5     8    15     8    11     4     1     4    13    13     5
     5    12    17    15    12    18     7     7    15    23     9     7
    13    11    29    30    18    24    21    22    18    29    16    14
    43    48    62    50    48    48    51    36    42    63    46    24
    42    44    52    62    52    49    42    37    52    57    42    60
    55    38    30    25    29    35    28    35    32    29    45    49
    60    53    30    44    39    38    28    29    24    44    45    43
    66    44    30    46    25    42    30    12    29    46    73    45
    46    20    30    35    18    29    31    14    18    35    44    30
    43    17    29    17    20    31    23    13    23    28    44    35
    29    23    29    39    23    28    30    11     8    17    27    36
    42    46    26    30    37    27    16     7    19    22    33    20
    54    33    45    36    36    20    23    23    24    33    40    31
    53    31    28    49    15    31    25    14    31    33    24    24
    29    11    28    33    19    26    13     8    21    22    25    18
    20    14    27    22    14    14    10     5    14    20    26    17
    23    20    27    21    15    13     7     9    12    23    22    21
    21    13    23    23    14     9    12    14    16    17    20    10
     9    15    22    39    17     7     8     5    12    15    11     7
    14    23    25    23    26    14     5     4     7    13    12     6
     9
     1    13     7    11     8     1     3     1     2     6     6    11
     2    12     9    17    16     5     2     2     7     1     7     2
     4    15    20    23    29    14    13    10     4     4     5     1
     6    23    19    23    18    23     9    10     4     1     2     3
     5    18    17    15     7     5     5     4     1     8     2     7
     9    11    13     9     7     0     1     1     2     6     2     6
     4    13    12     7     5     1     1     0     0     2     6     5
     3     5    13     7     1     0     0     0     0     3     1     6
     1     1     7    18     4     1     0     1     2     5     1     8
     4     3     7    18     3     0     0     0     0     3     2     5
     2     2     9    14     4     0     0     0     1     0     5     3
     1     1     4     7     2     1     0     0     0     0     0     2
     1     2     3     3     4     1     0     0     0     0     0     2
     0     1     6     6     1     2     0     0     0     0     3     4
     5     0     9     9     3     3     0     1     0     0     6     2
     3     2     7     3     4     1     1     1     0     1     4     2
     7     0     8     7     4     9     1     0     0     1     4     1
     4     7    10    13     8     9     1     3     5     7     8     1
    13    11    21    17    24    12     5     5     8     5    15     5
    31    36    22    45    41    35    32    14    17    37    22    20
    32    34    43    31    35    34    14    11    24    47    27    49
    28    28    21    22    17    16     7    10    14    19    29    35
    55    39    29    19    11    16    12    15    14    28    34    46
    52    34    21    28    22    32    19    10    15    23    46    43
    44    23    22    21    20    22    15     9    11    20    28    24
    45    13    23    26    15    27     8     8     7    21    21    22
    30    10    30    29    18    19    14     4    11    13    28    24
    28    18    27    25    17    12     7    10    12    18    21    15
    30    21    35    33    32    16     7     7     9    21    20    19
    33    27    29    33    22    12     6     1    15    22    16    13
    16    14    22    19    10    10     6     5    12     8    15    13
    19    14    28    15     6    13     2     1     4     6    19    10
     9    14    21    28     7     6     3     4     6     7    17    15
     5    16    12    12     6     9     7     0     5    10     9     9
    10    14     9    15    11     4     0     1     4    13     2     4
     2    11    14    19    19     3     2     1     7    12     6     7
    10
     1     2     4    12     7     2     1     0     0     2     2     3
     4     5     3    10     9     1     1     1     0     1     1     1
     2    11    15    10     4     5     1     5     1     0     1     2
     4     5     7     8     8     7     1     1     1     3     0     0
     4     4     5     6     2     3     2     1     1     4     0     3
     1     6     9     4     1     0     1     0     0     1     0     0
     2     5     8     6     2     0     0     0     0     0     1     1
     3     1     3     7     2     2     0     0     0     1     0     1
     3     0     6    10     5     1     0     0     0     0     0     0
     7     3     3     7     0     1     0     0     0     1     0     1
     4     0     0     3     1     0     0     0     0     0     5     1
     0     1     1     3     0     1     0     0     0     0     0     0
     1     0     1     0     0     0     0     0     0     0     0     1
     0     0     1     2     0     1     0     0     0     0     1     0
     2     0     2     4     0     0     0     0     0     0     1     0
     0     0     1     1     1     1     0     0     0     1     1     1
     4     0     3     0     0     2     0     0     0     3     3     1
     2     2     7     4     4     5     0     1     1     2     5     4
     7     7    11     6     8     4     6     4     3     5     4     4
    12    13    18    13    20    10     6     2     4    15    14    15
    15    18    21    12    21    14     3     5     5    18    15    21
    14    10    19    14    13     8     5     5     3     9    16    30
    25    16    13    13    11     4     6     3     2    12    19    30
    24    11    17    16    14    11     7     6     3    12    22    24
    26     9    12    26     9     6     1     4     5    15     5     7
    22    16    17    13     9    14     5     0     3     7    11    14
    22     6    25    14    17    16     4     8     6     6    13    18
    20    10    25    18    10     7     2     1     5    19    12    12
    21    10    14     9    11    10     4     2     6     9    19     9
    12     8    18    17     8    10     1     2     4    11     6     7
    10     5    14    12     3     4     2     2     2     6     4     9
     2     4     6     3     3     5     1     0     0     1    10    13
     3     2     6    10     2     2     2     1     2     1     4    16
     2     4     4     6     2     3     0     0     1     0     4     2
     4    10     2     7     2     2     0     0     1     2     5     2
     3     9     6     3     8     4     0     0     1     3     4     4
    11
     0     3     2     9     1     1     0     0     0     0     0     1
     2     5     2     2     4     1     0     0     0     0     0     0
     2     3     2     7     5     5     0     0     0     0     3     0
     1     0     5     3     3     2     1     0     1     4     0     0
     1     4     3     5     4     0     2     0     1     4     0     2
     0     2     2     8     0     0     0     0     0     2     1     0
     0     0     2     2     3     0     0     0     0     0     0     1
     1     1     4     3     1     0     0     0     0     0     0     0
     1     0     2     6     3     0     0     0     0     0     0     1
     1     1     2     0     0     2     0     0     0     0     0     1
     2     0     0     1     0     0     0     0     0     0     0     2
     0     1     0     0     0     0     0     0     0     0     0     0
     0     0     0     1     0     0     0     0     0     0     1     0
     0     0     0     0     0     0     0     0     0     0     0     0
     0     0     0     2     0     0     0     0     0     0     1     0
     0     0     0     1     0     1     0     0     0     1     3     0
     0     0     2     1     0     0     0     0     0     2     3     0
     4     2     6     0     3     5     0     0     0     5     1     0
     7     0     6     4     6     3     0     1     1     4     3     1
     5     5    14    12    15     9     3     1     2     7     5     8
     5     5    18    17     4     2     3     4     3     6    11    13
     5     6    12    12     6     1     2     1     2    11    10    14
    17    12    10     9     4     3     3     0     1    11     9    19
    18     8     5     9     2     6     1     2     3     9    19    22
    26     4     5    14     4     0     1     1     1     6    12     5
    14     5    13    15     9     4     0     1     0     4     7     7
    10     7    14     5    12     4     1     0     1     3    11     9
    15     8    12     6    13     6     2     0     0     8     8    12
    13     4    17     5     5     2     1     0     3     0     7    10
     9     6    15    11     0     5     1     2     1     4     4     6
     7     6    10    15     3     0     0     1     1     6     1     3
     3     4     2     3     0     3     0     1     1     0     3     5
     0     2     1     3     0     0     0     0     1     0    10     2
     2     1     3     8     3     3     0     1     0     0     3     3
     2     6     1     4     3     0     0     0     0     2     2     1
     1     5     2     5     5     1     0     0     0     0     3     6
    12
     0     2     1     7     1     0     0     0     0     0     0     2
     0     2     4     7     1     1     0     0     0     0     2     1
     6     3     3     3     3     0     0     0     0     0     0     1
     0     1     6     1     3     0     0     0     2     3     0     0
     2     1     4     4     1     0     0     0     1     3     1     0
     0     2     1     5     0     0     0     0     0     0     0     1
     2     1     0     0     1     0     0     0     0     0     0     0
     1     0     0     0     0     0     0     0     0     0     0     0
     0     0     0     4     0     0     0     0     0     0     0     0
     0     0     0     4     0     0     0     0     0     0     0     0
     0     0     0     0     0     0     0     0     0     0     0     0
     0     0     1     0     0     0     0     0     0     0     0     0
     0     0     0     0     0     0     0     0     0     0     0     0
     0     0     0     2     0     0     0     0     0     0     0     0
     0     0     0     0     0     0     0     0     0     0     1     1
     0     0     0     1     0     0     0     0     0     0     1     0
     0     0     0     0     0     0     0     0     0     2     2     1
     0     0     5     0     1     0     0     0     0     1     0     1
     2     0     1     6     3     1     0     0     0     0     2     0
     3     4    10    12     9     4     2     0     0     1     1     0
     6     9    12     5     9     1     2     1     0     1     5     4
    15     3     2     2     3     1     1     1     0     2     3    11
     3     6     9     7     5     5     0     0     0     4     5     7
     6     2     9    14     3     1     0     2     0     7     8    10
    12     5     3    13     5     2     3     2     0     3     2     5
    11     1    10     3     3     0     2     0     2     2     3     5
    13     8    15     0     3     1     1     0     2     1     5     5
     6     7    11     5     4     5     2     1     0     1     6     1
     5     4    19     4     2     0     0     0     0     2     3     5
     7     5    13     6     0     1     0     0     1     0     2     1
     5     2     6    10     2     0     0     1     3     1     0     1
     5     1     1     2     1     1     0     0     0     1     1     2
     1     3     4     2     0     0     1     0     0     0     2     2
     1     2     1     4     1     2     0     0     0     0     0     2
     0     5     3     4     0     1     0     0     0     0     2     1
     1     4     1     3     5     2     0     0     0     0     1     2
    13
     0     1     4     3     1     0     0     0     0     0     0     0
     1     2     0     0     1     0     0     0     0     0     1     0
     5     1     0     1     0     0     0     0     1     0     0     0
     3     1     1     2     0     0     0     0     0     1     0     1
     0     0     1     0     0     0     0     0     0     1     0     0
     0     0     0     1     0     0     0     0     0     0     0     2
     0     0     0     0     1     0     0     0     0     0     0     1
     0     0     0     0     0     0     0     0     0     0     0     0
     0     0     0     2     0     0     0     0     0     0     0     0
     0     0     0     1     0     0     0     0     0     0     0     0
     0     0     0     0     0     0     0     0     0     0     0     0
     0     0     0     0     0     0     0     0     0     0     0     0
     0     0     0     0     0     0     0     0     0     0     0     0
     0     0     0     0     0     0     0     0     0     0     0     0
     0     0     0     1     0     0     0     0     0     1     0     0
     0     0     0     0     0     0     0     0     0     0     0     0
     0     0     0     0     0     1     0     0     0     0     0     0
     1     0     3     1     0     0     0     0     0     0     2     0
     2     0     0     2     0     0     0     0     0     0     0     1
     4     1     7     5     2     1     0     0     0     1     1     0
     1     0     1     8     4     7     0     1     0     1     3     2
     1     0     2     0     0     0     1     0     1     1     0     2
     0     1     9     8     5     2     0     0     0     2     4     4
     6     0    11     5     6     3     0     0     2     8     2     7
     7     1     2     3     1     0     3     0     1     1     4     1
     4     3     2     6     1     0     0     0     0     2     2     1
    12     8    11     7     2     2     1     0     0     1     5     3
     7     1     8     7     1     0     0     0     0     3     3     3
    10     3     5     4     2     2     1     0     0     0     0     0
     0     3     5     0     0     1     0     0     0     0     0     1
     0     1     6     1     0     0     0     0     0     0     0     0
     1     1     1     1     1     0     0     0     0     0     1     2
     1     2     1     0     0     0     0     0     0     0     2     1
     0     1     1     1     0     1     0     0     0     0     1     1
     1     1     3     0     0     0     0     0     0     0     0     1
     0     2     0     2     0     0     1     0     0     0     0     3
    14
     0     0     5     1     0     0     0     0     0     0     0     1
     0     0     3     2     0     0     0     0     2     0     0     1
     2     0     2     3     1     0     0     0     3     2     1     0
     0     0     0     1     0     0     0     0     0     0     0     1
     0     0     0     1     0     0     0     0     1     0     0     0
     0     0     0     0     0     0     0     0     0     0     0     1
     1     0     0     0     0     0     0     0     0     0     0     0
     0     0     0     0     0     0     0     0     0     0     0     1
     0     0     0     0     0     0     0     0     0     0     0     1
     0     0     0     0     0     0     0     0     0     0     0     0
     0     0     0     0     0     0     0     0     0     0     0     0
     0     0     0     0     0     0     0     0     0     0     0     0
     0     0     0     0     0     0     0     0     0     0     0     0
     0     0     0     0     0     0     0     0     0     0     0     0
     0     0     0     0     0     0     0     0     0     0     0     0
     0     0     0     0     0     0     0     0     0     0     0     0
     0     0     0     0     0     0     0     0     0     0     0     0
     0     0     0     0     0     0     0     0     0     0     0     0
     0     0     1     1     0     0     0     0     0     0     0     0
     1     0     2     4     1     1     0     0     0     1     0     0
     1     0     2     1     0     0     0     0     0     1     3     1
     3     2     1     1     2     0     0     0     0     0     1     1
     6     1     4     2     6     2     0     0     0     4     1     1
     2     6     4     1     4     1     0     0     0     0     1     6
     2     2     3     6     2     0     0     0     0     1     1     3
     2     2     3     2     0     1     0     0     0     0     1     1
     3     4     2     3     1     0     0     0     0     0     3     1
     5     4     4     6     0     0     1     0     0     0     2     0
     2     1     2     0     1     0     1     0     0     1     0     0
     3     1     3     1     0     0     0     1     0     0     0     0
     1     0     1     5     0     0     0     0     0     1     0     1
     0     0     2     1     0     0     0     0     0     0     0     0
     0     0     1     1     0     0     0     0     0     0     0     0
     0     1     3     1     0     0     0     0     0     0     0     0
     0     1     1     0     0     0     0     0     0     0     0     0
     0     1     0     1     0     0     0     0     0     0     0     1
    15
     0     0     1     3     0     0     0     0     0     0     0     1
     0     0     0     0     0     0     0     0     0     0     0     0
     0     1     0     1     0     0     0     0     0     0     0     0
     0     0     0     0     0     0     0     0     1     0     0     1
     0     0     0     1     0     0     0     0     0     0     0     0
     0     0     0     2     0     0     0     0     0     0     0     0
     0     0     0     0     0     0     0     0     0     0     0     0
     0     0     0     0     0     0     0     0     0     0     0     0
     0     0     0     0     0     0     0     0     0     0     0     0
     0     0     0     0     0     0     0     0     0     0     0     0
     0     0     0     0     0     0     0     0     0     0     0     0
     0     0     0     0     0     0     0     0     0     0     0     0
     0     0     0     0     0     0     0     0     0     0     0     0
     0     0     0     0     0     0     0     0     0     0     0     1
     0     0     0     0     0     0     0     0     0     0     0     0
     0     0     0     0     0     0     0     0     0     0     0     0
     0     0     0     0     0     0     0     0     0     0     0     0
     0     0     0     0     0     0     0     0     0     0     0     0
     0     0     0     1     0     0     0     0     0     0     2     0
     0     0     2     3     0     0     0     0     0     0     1     0
     1     0     1     0     0     0     0     0     0     0     2     0
     2     0     1     0     0     0     0     1     0     0     1     0
     4     1     3     1     2     0     0     0     0     0     0     1
     4     2     1     6     6     0     0     0     0     1     1     0
     2     3     0     0     0     0     0     0     0     0     1     0
     1     1     1     3     0     0     0     0     0     1     1     0
     2     0     1     3     1     0     1     0     0     0     0     1
     3     0     2     3     2     0     0     1     0     1     0     0
     3     0     2     1     0     0     0     0     0     0     0     1
     2     0     1     0     0     0     0     0     0     0     0     0
     0     2     1     1     0     0     0     0     0     0     0     0
     0     0     0     0     0     0     0     0     0     0     1     1
     0     0     0     0     0     0     0     0     0     0     1     0
     0     1     3     0     0     0     0     0     0     0     0     1
     0     0     0     0     0     0     0     0     0     0     0     0
     0     2     0     2     0     0     0     0     0     0     0     0
    16
     0     0     0     0     0     0     0     0     0     0     0     0
     0     1     1     0     0     0     0     0     0     0     0     0
     0     0     0     0     0     0     0     0     0     0     0     0
     0     0     0     0     0     0     0     0     0     0     0     0
     0     0     0     1     0     0     0     0     0     0     0     0
     0     0     0     0     0     0     0     0     0     0     0     0
     0     0     0     0     0     0     0     0     0     0     0     0
     0     0     0     0     0     0     0     0     0     0     0     0
     0     0     0     0     0     0     0     0     0     0     0     0
     0     0     0     0     0     0     0     0     0     0     0     0
     0     0     0     0     0     0     0     0     0     0     0     0
     0     0     0     0     0     0     0     0     0     0     0     0
     0     0     0     0     0     0     0     0     0     0     0     0
     0     0     0     0     0     0     0     0     0     0     0     0
     0     0     0     0     0     0     0     0     0     0     0     0
     0     0     0     0     0     0     0     0     0     0     0     0
     0     0     0     0     0     0     0     0     0     0     0     0
     0     0     0     0     0     0     0     0     0     0     0     0
     0     0     0     1     0     0     0     0     0     0     0     0
     0     0     0     0     0     0     0     0     0     0     0     1
     0     0     1     0     0     0     0     0     0     0     0     1
     0     0     0     0     0     0     0     0     0     0     0     0
     3     1     2     4     0     0     0     0     0     0     2     1
     0     1     1     2     0     0     0     0     0     0     0     3
     2     1     2     1     0     0     0     0     0     0     1     1
     1     3     2     2     0     0     0     0     0     0     0     0
     0     0     1     2     1     0     0     0     0     0     0     0
     1     0     0     3     0     0     0     0     0     0     1     0
     0     0     0     0     0     0     0     0     0     0     0     0
     1     0     1     0     0     0     0     0     0     0     0     1
     0     0     0     2     0     0     0     0     0     0     0     0
     0     1     0     2     0     0     0     0     0     0     0     0
     0     1     1     0     0     0     0     0     0     0     0     0
     0     1     0     0     0     0     0     0     0     0     0     0
     0     0     0     1     0     0     0     0     0     0     0     0
     0     3     0     0     0     0     0     0     0     0     0     0
    17
     0     0     0     0     0     0     0     0     0     0     0     0
     0     0     0     0     0     0     0     0     0     0     0     0
     0     0     0     0     0     0     0     0     0     0     0     0
     0     0     0     0     0     0     0     0     0     0     0     0
     0     0     0     0     0     0     0     0     0     0     0     0
     0     0     0     0     0     0     0     0     0     0     0     0
     0     0     0     0     0     0     0     0     0     0     0     0
     0     0     0     0     0     0     0     0     0     0     0     0
     0     0     0     0     0     0     0     0     0     0     0     0
     0     0     1     0     0     0     0     0     0     0     0     0
     0     0     0     0     0     0     0     0     0     0     0     0
     0     0     0     0     0     0     0     0     0     0     0     0
     0     0     0     0     0     0     0     0     0     0     0     0
     0     0     0     0     0     0     0     0     0     0     0     0
     0     0     0     0     0     0     0     0     0     0     0     0
     0     0     0     0     0     0     0     0     0     0     0     0
     0     0     0     0     0     0     0     0     0     0     0     0
     0     0     0     0     0     0     0     0     0     0     0     0
     0     0     0     0     0     0     0     0     0     0     0     0
     0     0     0     1     0     0     0     0     0     0     0     0
     0     0     0     0     1     0     0     0     0     0     0     1
     0     1     0     0     0     0     0     0     0     0     0     0
     3     1     0     1     0     0     0     0     0     0     0     0
     1     4     2     0     0     0     0     0     0     0     0     0
     1     1     1     0     0     1     0     0     0     0     0     1
     0     0     0     0     0     0     0     0     0     0     1     0
     0     0     0     1     0     0     0     0     0     0     0     0
     0     0     1     1     0     0     0     0     0     0     0     0
     1     0     0     0     1     0     0     0     0     1     0     0
     1     0     2     0     0     0     0     0     0     0     0     0
     0     0     0     0     0     0     0     0     0     0     0     0
     0     1     0     0     0     0     0     0     0     0     0     0
     0     0     0     0     0     0     0     0     0     0     0     0
     0     1     0     0     0     0     0     0     0     0     0     0
     0     0     0     0     0     0     0     0     0     0     0     0
     0     1     0     1     0     0     0     0     0     0     0     0
    18
     0     0     0     0     0     0     0     0     0     0     0     0
     0     0     0     0     0     0     0     0     0     0     0     0
     0     0     0     0     0     0     0     0     0     0     0     0
     0     0     0     0     0     0     0     0     0     0     0     0
     0     0     0     0     0     0     0     0     0     0     0     0
     0     0     0     0     0     0     0     0     0     0     0     0
     0     0     0     0     0     0     0     0     0     0     0     0
     0     0     0     0     0     0     0     0     0     0     0     0
     0     0     0     0     0     0     0     0     0     0     0     0
     0     0     0     0     0     0     0     0     0     0     0     0
     0     0     0     0     0     0     0     0     0     0     0     0
     0     0     0     0     0     0     0     0     0     0     0     0
     0     0     0     0     0     0     0     0     0     0     0     0
     0     0     0     0     0     0     0     0     0     0     0     0
     0     0     0     0     0     0     0     0     0     0     0     0
     0     0     0     0     0     0     0     0     0     0     0     0
     0     0     0     0     0     0     0     0     0     0     0     0
     0     0     0     0     0     0     0     0     0     0     0     0
     0     0     0     0     0     0     0     0     0     0     0     0
     0     0     0     0     0     0     0     0     0     0     0     1
     0     0     1     0     0     0     0     0     0     0     0     0
     0     0     0     0     0     0     0     0     0     0     0     0
     0     2     0     1     0     0     0     1     0     0     0     0
     0     1     1     1     1     0     0     0     0     0     0     0
     1     0     0     0     0     0     0     0     0     0     0     0
     0     1     0     0     0     0     0     0     0     0     1     0
     0     0     1     0     0     0     0     0     0     0     0     0
     0     0     0     0     0     0     0     0     0     0     0     0
     0     0     0     0     0     0     0     0     0     0     0     0
     0     0     0     0     0     0     0     0     0     0     0     0
     0     0     0     0     0     0     0     0     0     0     0     0
     0     1     0     0     0     0     0     0     0     0     0     0
     0     0     0     0     0     0     0     0     0     0     0     0
     0     0     0     0     0     0     0     0     0     0     0     0
     0     0     0     0     0     0     0     0     0     0     0     0
     0     0     0     0     0     0     0     0     0     0     0     0
    19
     0     0     0     0     0     0     0     0     0     0     0     0
     0     0     0     0     0     0     0     0     0     0     0     0
     0     0     0     0     0     0     0     0     0     0     0     0
     0     0     0     0     0     0     0     0     0     0     0     0
     0     0     0     0     0     0     0     0     0     0     0     0
     0     0     0     0     0     0     0     0     0     0     0     0
     0     0     0     0     0     0     0     0     0     0     0     0
     0     0     0     0     0     0     0     0     0     0     0     0
     0     0     0     0     0     0     0     0     0     0     0     0
     0     0     0     0     0     0     0     0     0     0     0     0
     0     0     0     0     0     0     0     0     0     0     0     0
     0     0     0     0     0     0     0     0     0     0     0     0
     0     0     0     0     0     0     0     0     0     0     0     0
     0     0     0     0     0     0     0     0     0     0     0     0
     0     0     0     0     0     0     0     0     0     0     0     0
     0     0     0     0     0     0     0     0     0     0     0     0
     0     0     0     0     0     0     0     0     0     0     0     0
     0     0     0     0     0     0     0     0     0     0     0     0
     0     0     0     0     0     0     0     0     0     0     0     0
     0     0     0     1     0     0     0     0     0     0     0     0
     0     0     0     0     0     0     0     0     0     0     0     1
     0     0     0     0     0     0     0     0     0     0     0     0
     1     0     0     0     0     0     0     0     0     1     0     0
     0     0     0     0     0     0     0     0     0     0     0     2
     0     0     0     0     0     0     0     0     0     0     0     0
     0     0     0     0     0     0     0     0     0     0     0     0
     0     0     0     0     0     0     0     0     0     0     0     0
     0     0     0     1     0     0     0     0     0     0     0     0
     1     0     0     0     0     0     0     0     0     0     0     0
     0     0     0     0     0     0     0     0     0     0     0     0
     0     0     0     0     0     0     0     0     0     0     0     0
     0     0     1     0     0     0     0     0     0     0     0     0
     0     0     0     0     0     0     0     0     0     0     0     0
     0     1     0     0     0     0     0     0     0     0     0     0
     0     0     0     0     0     0     0     0     0     0     0     0
     0     0     0     2     0     0     0     0     0     0     0     0
    20
     0     0     0     0     0     0     0     0     0     0     0     0
     0     0     0     0     0     0     0     0     0     0     0     0
     0     0     0     0     0     0     0     0     0     0     0     0
     0     0     0     0     0     0     0     0     0     0     0     0
     0     0     0     0     0     0     0     0     0     0     0     0
     0     0     0     0     0     0     0     0     0     0     0     0
     0     0     0     0     0     0     0     0     0     0     0     0
     0     0     0     0     0     0     0     0     0     0     0     0
     0     0     0     0     0     0     0     0     0     0     0     0
     0     0     0     0     0     0     0     0     0     0     0     0
     0     0     0     0     0     0     0     0     0     0     0     0
     0     0     0     0     0     0     0     0     0     0     0     0
     0     0     0     0     0     0     0     0     0     0     0     0
     0     0     0     0     0     0     0     0     0     0     0     0
     0     0     0     0     0     0     0     0     0     0     0     0
     0     0     0     0     0     0     0     0     0     0     0     0
     0     0     0     0     0     0     0     0     0     0     0     0
     0     0     0     0     0     0     0     0     0     0     0     0
     0     0     0     0     0     0     0     0     0     0     0     0
     0     0     0     0     0     0     0     0     0     0     0     0
     0     0     0     0     0     0     0     0     0     0     0     0
     0     0     0     0     0     0     0     0     0     0     0     0
     1     3     0     2     0     0     0     0     0     0     0     0
     0     1     0     0     0     0     0     0     0     0     0     0
     0     0     0     0     0     0     0     0     0     0     0     0
     0     0     0     0     0     0     0     0     0     0     0     0
     0     0     0     0     0     0     0     0     0     0     0     0
     0     0     0     0     0     0     0     0     0     0     0     0
     0     0     0     0     0     0     0     0     0     0     0     0
     0     0     0     0     0     0     0     0     0     0     0     0
     0     0     0     0     0     0     0     0     0     0     0     0
     0     0     0     0     0     0     0     0     0     0     0     0
     0     1     0     0     0     0     0     0     0     0     0     0
     0     0     0     0     0     0     0     0     0     0     0     0
     0     0     0     0     0     0     0     0     0     0     0     0
     0     0     0     0     0     0     0     0     0     0     0     0
