18
London, ON 6144475
     0
     -10.400      -9.200      -3.300       2.700       9.800      15.500
      18.800      17.800      13.300       6.200        .600      -6.100
      -5.600      -4.900        .200       7.200      14.300      19.300
      22.200      21.200      17.200      10.600       3.700      -2.300
      -1.200       -.400       3.900      12.000      18.800      23.100
      25.300      24.300      21.100      14.500       7.800        .900
      73.000      70.000      64.000      52.000      49.000      53.000
      53.000      57.000      58.000      61.000      70.000      75.000
      81.000      78.000      76.000      68.000      64.000      68.000
      66.000      71.000      74.000      75.000      80.000      83.000
      87.000      87.000      87.000      84.000      82.000      83.000
      83.000      87.000      89.000      89.000      90.000      90.000
       3.600       3.600       3.600       3.600       3.000       2.700
       2.500       1.900       2.500       3.000       3.600       3.600
       5.500       5.200       5.200       5.200       4.700       4.100
       3.600       3.600       3.800       4.400       5.200       5.200
       7.500       7.200       7.200       7.200       6.100       5.500
       5.200       4.700       5.200       6.100       6.600       7.200
     250.000     270.000     280.000     300.000     300.000     290.000
     280.000     270.000     240.000     240.000     250.000     250.000
     1
      -5.889      -5.053        .442       7.660      14.299      19.149
      21.987      20.895      17.092      10.609       4.273      -2.643
      79.832      77.826      74.550      67.062      64.695      67.885
      67.409      71.376      72.816      74.304      79.254      81.970
     2
     7     8    15    12    15    32    31    49    29    16    11    10
     7     8    15    11    23    27    30    43    32     8     4    12
     7     6    19    21    29    25    38    39    33    15    14    12
    12    19    14    17    30    45    49    40    25    20     9    17
     7    14    15    21    24    27    28    27    14    17    14    18
    19    15    13    26    48    30    44    70    29    20     9    16
    15    17    19    21    22    40    43    68    37    26    12    17
    19    20    30    27    35    42    56    64    53    34    23    11
    20    30    35    41    66    78    63    93    81    60    26    18
    19    17    18    24    33    47    54    72    57    40    27    15
    24    17    31    31    45    54    40    52    55    35    23    23
    18    30    22    28    37    47    64    58    50    36    27    19
    16    19    15    25    30    41    44    29    33    26    17     9
    11    16    24    32    31    33    39    54    55    23    18    11
    19    17    19    23    37    43    56    53    41    23    27    15
    14     7    20    25    31    46    54    62    46    21    14    18
    12    11    13    22    35    31    54    52    30    29    13    10
    14    10    17    27    34    42    53    60    41    20    22    10
    10     7     6    10    10    39    42    42    25    19     6    14
    16     8     9    21    19    51    44    49    19    25    15    11
     5     9    12    19    32    38    46    55    40    19    15    11
    11     6     7    15    24    24    40    48    25    30    13     7
    14     9     4    12    13    20    34    40    16    21    20    14
    13     9    17    17    19    39    49    64    44    29    29    20
    14    18    15    13    23    41    45    62    30    35    16    21
    14    25    15    22    33    44    55    68    49    33    19    17
    18    30    18    25    49    75    95   103    57    43    27    21
    24    21    15    19    46    46    87    69    32    21    21    22
    22    30    37    31    64    70    86    81    38    33    21    21
     7    13    28    33    48    65    81    80    49    29     9    20
    13    21    22    18    36    42    60    55    31    22    11     8
    16    21    20    33    33    52    66    86    34    28    12     9
    13    32    31    20    44    62    53    68    35    27    14     8
    22    14    25    27    35    45    68    80    39    23    15    20
     8    23    10    26    31    33    53    46    43    15     8     9
    15    16    25    19    37    35    68    61    49    32    13     8
     3
    11     6     5     7    20    19    17    21    18    11     6     7
     9    10     8     8    18     8    26    16    11    16     6    11
     7     5     7     9    22    11    14    12    17    14     5     7
     3     6     9     6    16    19    16    19    11     9     4     6
     4     8    13    16    20    18    13    19    14     8     5     9
     8    11     6    14    16    27    15    12    15    11     8     8
     8     7    12    12    17    15    23    24    18    17     5    10
     5    16    15    16    23    30    23    26    16    23     7     9
    11     8    24    23    47    33    33    45    44    31    22    19
    12     4    14    12    18    26    11    32    22    25     7     9
     6    18    18    17    25    26    23    17    25    27    15    22
    17    11    19     9    23    23    18    22    25    22     9    19
     6    12     9    13     6    19    17    11    25    18    19    11
    14    13    15    13    19    33    15    20    25    19    11    20
    13    11    15    11    16    26    19    32    20    21    15     8
     7     5    18    10    36    30    26    31    18    17     9     6
    11     8     9    12    21    22    23    33    20    11    10     3
     9    17    17    15    22    33    27    38    35    16    12     7
     8     7     8    14    26    27    24    21    23    13     6    10
    14    10     8     9    14    28    29    42    26    12    15    14
    11     7    13     9    19    30    41    33    18    19    13     9
     7     3    10     8    11    28    25    43    19    14     6    11
    14     9     6     9     7    20    22    34     8    18    11     9
    13     9    10    16    17    19    35    43    23    33    20    29
    12    17     4     9    12    23    41    33    23    33    21    24
    14    20    10    10    24    28    37    37    32    30    27    28
    16    13    18    12    42    29    54    53    33    25    30    26
    15    14    12    18    33    25    36    35    19    18    12    13
    16    23    25    25    36    49    42    46    33    20    23    17
    10    22    26    27    41    56    39    50    31    23    17    13
     8    19    16    22    39    28    45    33    23    12     9     8
    10     9    31    36    30    23    61    39    18    15     7    10
    16    16    14    25    30    35    35    46    30    23     8     8
    13     9    17    18    30    33    46    38    21    14    21     9
     8     7     8    21    26    24    20    39    20    19     5    13
    16     7     9    19    33    27    24    28    21    26    11     7
     4
    17    15    19    27    37    21    24    33    20    20     8    11
     8    13    17    20    21    24    21    21    27    24    12     8
     4    17    21    23    22    25    25    24    38    13     7    10
     6    22    24    18    28    23    16    28    25    15    12     6
     8    11    18    15    25    26    18    20    19    13     6    18
    13    16    26    26    37    35    26    31    24    20     9     9
    18    23    31    26    43    47    32    44    30    26    19    18
    30    27    30    30    55    49    36    50    43    44    24    19
    23    25    46    48    63    61    43    49    41    56    27    27
    19    13    45    17    34    43    25    38    41    22    16    42
    21    25    35    32    41    52    26    30    43    51    22    29
    19    15    22    31    36    47    30    27    37    40    15    27
    22    29    32    17    21    19    24    26    24    31    14    14
    15    29    28    22    39    39    23    45    38    33    17    25
    17    24    28    27    32    37    37    26    30    47    22    12
    29    31    38    35    51    62    56    53    46    55    31    18
    12    21    22    32    51    57    56    51    50    31    16    13
    20    28    18    47    56    87    69    79    62    41    30    11
    21    21    20    30    45    68    72    76    63    28    20    15
    29    27    19    36    43    72    75    71    42    37    38    23
    32    25    34    30    43    72    88   107    61    42    34    37
    24    10    16    17    29    59    68    58    42    42    20    26
    36    21    19    21    26    29    49    38    29    30    28    38
    43    18    22    24    35    75    69    68    54    58    49    69
    62    34    29    25    31    52    84    73    50    72    62    47
    50    37    33    28    54    43    60    60    44    56    59    52
    43    56    42    36    46    79    91    73    75    62    37    43
    36    43    45    38    49    46    74    60    35    50    40    22
    31    38    47    64    98    77    87    80    54    50    34    21
    27    31    51    56    83   109    95    91    54    37    41    19
    16    36    35    49    68    73    94    89    51    32    25    19
    16    31    33    66    67    76   111    84    39    25    29    16
    21    40    36    51    67    55    91    80    48    32    31    19
    26    30    43    49    31    70    73    59    38    30    19    19
    17    12    15    34    45    45    41    42    47    15    14    16
    18    16    23    24    50    35    42    42    40    32     7    15
     5
     8    19    17    22    21    16    12    15    13     6    14    10
    11    10    15    13    15    22     9    11    17     6    11     7
     6    10    14    12    11    18     7    11    12    18    11     4
     5    14    18    14    27    17     8    10    13    10     7     9
     6    17    22     9    27    15     5    10    11    12     4     6
    12    20    25    24    35    18    14    19    19    17    19    17
    26    18    24    20    40    38    20    24    27    37    20    10
    19     9    41    32    44    36    21    26    33    26    31    21
    31    23    47    44    47    66    36    45    28    34    40    15
    17    34    43    32    30    38    21    31    17    22    33    27
    13    23    39    24    37    28    11    26    24    28    24    26
    15    15    33    19    30    20    14    20    27    28    23    18
    18    13    24    17    21    10    18    14    19    11    15    12
    13    15    25    12    28    20    11     9    19    25    13    16
    15    26    27    28    39    35    17    21    24    30    18    19
    10    16    30    33    43    35    26    30    39    29    14    18
    16    15    23    28    49    41    39    38    51    31    13     8
    14    16    32    36    49    73    65    56    43    33    20     8
    22    18    19    37    55    83    62    56    56    28    21    13
    26    35    26    48    52    58    71    59    51    48    31    21
    42    23    24    30    61    62    85    58    62    49    25    39
    35    25    19    30    23    46    54    44    40    26    28    30
    32    25    27    22    21    33    38    39    37    36    32    40
    37    45    27    28    29    39    78    33    49    48    57    49
    61    33    19    20    21    38    53    39    46    46    51    48
    47    43    23    33    27    45    52    44    32    54    44    50
    46    37    37    31    42    64    41    54    55    52    53    35
    36    43    35    36    44    45    47    36    23    31    25    39
    29    51    49    66    78    74    58    64    49    46    25    24
    18    36    53    66    81   103    82    74    54    32    26    18
    16    30    36    62    54    71    86    55    47    41    26    17
    24    35    41    57    61   106    92    66    59    31    19    15
     7    37    35    44    45    59    79    64    53    28    26    17
    10    25    25    37    37    46    67    37    28    24    17     9
    11    19    16    21    26    27    31    35    35    20    11    10
    12    20    26    31    36    21    19    25    31    16    14     7
     6
     5    12     5    16    13    13     4     9     7     7     3     2
     1     8     9    10    12     9     6     6     9     1    10     3
     1     3    12    11    12     8     6     3    10     4    10     2
     6    10    14    14    18    14     7     8    16     6     6     6
     0    13    22    17    17    11     6     8     1     5     8     3
    11    13    12    13    24    19     4    14     6    13    15    11
    12    13    20    23    45    32    13    12    16    22    24    10
    23    18    34    30    55    25    13    14    28    46    41    15
    18    42    56    45    56    45    31    18    24    32    44    28
    16    24    38    38    32    26     9    12    11    19    27    26
    28    17    37    40    22    14     8     7    26    21    28    24
     9    10    25    27    30    15     6    12    14    15    15    11
    11    12    16    15    21     4     2     8    10    17    14    11
    11    24    19    16    15    21     6     4     9     8    19     8
     7    13    27    15    28    22    12     7    14    24    15    11
     9    18    24    33    31    28    15    14    20    34    25    12
    15    18    17    25    43    28    21    20    22    24    17     8
    17    28    23    44    44    69    40    31    57    33    18    10
    27    22    21    38    55    69    59    42    68    49    24    13
    33    24    34    50    59    67    67    56    69    54    32    26
    34    42    47    55    40    67    71    52    50    45    41    33
    45    21    33    22    18    50    54    48    40    37    31    40
    43    29    22    26    18    26    45    37    45    40    45    36
    52    42    31    35    25    52    48    40    51    62    62    66
    61    52    32    25    33    49    35    21    36    52    52    61
    60    49    37    27    27    38    46    26    27    42    50    56
    53    43    41    41    50    56    28    28    34    54    49    40
    41    36    30    54    45    34    32    33    39    37    24    33
    31    61    50    83    84    64    45    42    37    37    32    32
    17    41    52    84    98    67    77    61    55    46    26    23
    18    28    33    62    66    69    55    45    37    35    16    16
    24    36    40    69    60    57    88    54    41    34    25    19
    19    24    26    52    45    57    65    47    41    33    23    23
    12    23    27    40    31    46    32    23    27    21    15    18
    15    24    19    24    25    20    16    22    19    15     7     9
     7    30    26    27    25    14    16    13    18    16    13     7
     7
     1     8    10    10    11     3     3     2     9     6     1     2
     1     5    10     5     3     4     2     1     1     3     1     1
     0     3     8     6    10     4     1     5     5     2     7     0
     0     3    10    13     8     7     0     6     3     4     2     1
     4     2    15     5    13     5     4     4     3     5     2     2
    13    15    13    17    20     8     9     6     5     8    11     9
    15    18    28    33    38    11     9     5     8    11     8    10
    14    30    48    43    43    23    11    13    14    29    12    28
    27    34    63    64    30    36    14    17    21    29    37    37
    24    20    50    31    18    17     7     5    13    15    32    38
    17    15    33    29    25     4     7     3    16    10    36    22
     7     9    20    20    27     8     7     0     8    16    16    12
    11     6    19    17    15     9     1     2     4    13    10     3
    15     7    23    19    13    14     4     2     5    12    13     7
    15     6    13    24    22    17     5     1    13     7    12    10
    13     8    22    14    30    16    12     6    10    35    17    13
    10    11    11    21    22    13    20     6    12    17    20     7
    19    16    16    26    36    44    22    23    44    42    21    15
    23    25    21    45    52    65    41    49    61    42    29    17
    28    40    40    47    62    72    44    65    40    46    39    27
    59    47    46    51    45    68    66    44    44    51    48    42
    40    45    39    27    39    29    42    50    36    34    49    44
    58    33    27    23    27    31    45    34    32    34    46    40
    67    44    29    37    32    30    47    37    42    50    45    62
    72    43    26    21    22    40    35    30    26    35    74    85
    60    44    30    30    33    27    19     7    27    37    74    76
    82    32    38    37    40    33    29    18    35    41    54    73
    59    30    40    51    33    27    25    20    30    33    35    44
    52    44    47    88    82    49    47    31    40    43    40    46
    27    45    69   113    85    77    60    45    40    31    31    24
    21    25    71    78    57    58    40    22    40    29    24    18
    19    24    53    65    57    55    54    26    31    26    18    21
    18    30    40    45    38    43    42    38    29    34    25    23
    16    15    31    31    18    29    31    18    13    31    27    20
    15    10    19    21    18    21    16     7    25    17    14     8
     7    22    25    10    17    20     9     6    14    17     8     2
     8
     1     9     5     7     4     4     1     0     1     2     2     0
     1     3     2     8     3     2     0     0     0     1     0     0
     3     2     2     4     7     2     0     0     0     1     3     1
     1     3     5     8     7     0     0     3     0     5     0     0
     4     6     2     7     3     0     0     0     1     6     1     0
     4    10    23    17    12     8     2     1     0     9     2     2
    16    11    26    25    25    11     5     3     3    10    12     7
    19    23    40    30    34     7     6     8     4    22    13    30
    29    33    68    38    23    12     5     9    12    26    28    27
    18    24    33    16    10     5     3     3     4     6    25    11
    13    11    23    17     8     2     3     0     9     3    13    16
     9     1     6    14    12     3     1     1     7     3    11     7
     3     0    12     5     8     1     1     1     3     6     5     6
     6     0    13     6    11     4     2     1     3     7     4     9
     7     7    11     7    11     7     0     1     6    11     4     9
    13     7    23     3    13    13     0     1     1    13     5     5
     6     4     9    10     8     7     1     5     6    20    11     3
    14     4    16    24    18    21    10     9    20    22    11     5
    12    21    22    29    37    35    24    18    24    28    21    16
    19    31    28    33    43    29    38    28    21    37    19    22
    27    30    49    28    35    45    33    23    19    36    19    33
    45    25    27    27    19    15    11    18    20    35    23    44
    50    27    27    33    17    22    14    11    17    24    34    47
    61    27    21    30    18    31    20    12    13    38    44    55
    55    29    23    23    22    26    15     6    16    26    60    72
    58    41    20    25    12    21    11     7     4    18    61    48
    82    49    41    31    18    20     9     6    15    24    47    65
    59    24    46    32    19    24     7    10    12    25    27    40
    33    32    41    52    43    38    12     8    23    37    22    33
    21    29    61    56    52    40    27    17    25    29    16    20
    13    18    55    77    49    42    29    10    19    18    15    13
     9    24    62    76    30    32    27    11    10    17    15    20
    12    15    35    49    34    26    19    12    10    15    10    18
    15    12    24    22    21    19    14     8     9    15    16     9
     6     6    13    14    19    14     3     3     3    13     9    10
     4    15    10    14    10     6     1     1     3     6     2     3
     9
     0     5     2     1     1     0     0     0     0     0     0     2
     0     1     2     3     1     0     0     0     0     0     2     1
     1     0     4     0     1     0     0     0     0     0     0     0
     1     1     1    10     3     0     0     0     1     0     0     1
     4     4     2     7     2     1     0     0     2     1     1     1
     0     8    11    14     6     1     1     0     2     6     3     2
     4    20    21    13    14     0     1     6     1     7     7     3
    23    16    25    31    27     6     2     3     0     8    16    17
    21    27    56    24    30     3     0     3     8     9    20    24
     3    15    24    17     3     1     0     1     3     6    10    10
     6     4    14     4     6     4     1     0     4     4     8    13
     2     0     5     9     4     0     2     0     2     4     3     3
     2     1     4     6     4     0     0     0     0     1     3     3
     1     1     8     3     1     3     0     0     0     2     1     1
     1     3     9     2     7     5     1     0     1     5     3     1
     9     3     5     6     6     4     0     1     3    10     7     1
     1     4     9     2     3     7     0     1     2     7     8     2
     3     7     5    10    12    15     1     2     2    11     3     2
    17    17    27    15    16    21    12     5    11    17    14     7
    17    16    16    34    34    24    16     8     8    17    18    15
    37    22    26    22    19    14    11     8     7    21    17    20
    34    24    27    20     9    16     4     7     3    18    19    35
    27    13    13    13     2    17     9     4     5    21    24    24
    75    17    16    12    16    13     6     4    14     8    44    37
    43    16    12     7    13    12     7     1     5    15    24    24
    42    30    14    11    10     7     3     0     4    20    16    34
    58    44    37    25    20     9     1     3     7     9    37    32
    50    28    23     7     9    11     4     3    10     8    18    22
    30    22    32    28    26    17     5     1    15    17    14    10
    18    10    41    38    16    23    10     6    16     9     7     5
    11    12    27    57    25    18     8     2    11    12     6     8
    11     7    44    48    22    15     4    10    10     5     7     8
     8     9    24    33    15     1     8     5     3    13     7    12
    13     5    21    15     5     8     1     2     1     7     4    11
     7     4     8    10     8     1     1     1     1     4    12     5
     0     8     3     9     7     5     0     0     0     3     4     6
    10
     0     3     0     2     0     0     0     0     0     1     0     0
     0     0     3     1     0     0     0     0     0     0     0     2
     0     2     1     2     0     0     0     0     1     0     0     2
     1     1     1     0     0     0     0     0     0     1     1     0
     1     1     2     4     0     1     1     1     0     1     0     1
     2     1     1     2     5     1     3     0     1     2     0     1
     5    14    16    13    10     3     5     1     4     4     2     3
     9    10    28    17    14     0     2     2     2     5    10     7
    11    10    26    25    21     1     0     1     1     4    15    18
     1     7    12    17     2     0     0     0     2     3     9     7
     2     4     5     4     1     1     0     0     0     0     2     7
     4     0     0     6     0     0     0     0     0     0     0     1
     0     1     0     2     2     0     0     0     0     1     0     1
     1     1     3     3     1     1     0     0     0     0     1     2
     0     0     1     3     3     1     0     0     0     3     0     0
     0     1     5     1     2     0     0     0     1     1     5     0
     1     1     1     4     3     0     0     0     0     0     4     0
     3     1     1     6     5     4     2     1     2     2     6     2
     5     3     8    11    12     5     4     2     4     4     5     9
     4    17    12    15    12    15     4     0     0     9     9     9
    11     8    20     6    17     7     5     4     2     2     7    24
    18    10    29     8     9     6     2     2     2     5    16    36
    26    18    11    12     9     3     2     1     4    10    19    23
    41    18     7     9    13     3     3     2     3     3    17    10
    17     8     8     5     5     2     0     1     2     6    16    15
    14    13    10     7     8     1     2     1     4    11    15    19
    26    13    15     7     6     5     1     1     6     3    13     9
    25    14    12    11     3     3     1     0     1     4     5    12
    11    16    28    18     8     3     0     0     1     4     6    12
    12     8    18    16     8     5     2     0     2     6     7     0
     1     3    18    21     8     8     4     2     6     3     5     1
     9    10    11    19    10     5     4     2     3     2     4     3
     7     3    11    17     8     4     1     2     0     1     4     7
     5     6    14    10     3     4     0     2     0     1    12    14
     0     0     3     3     2     3     0     0     0     1     2     3
     1     0     2     0     3     2     0     0     0     0     0     2
    11
     0     0     0     2     0     0     0     0     0     0     0     0
     0     0     0     2     0     0     0     0     0     0     0     1
     0     0     0     0     0     0     0     0     0     0     1     0
     0     0     0     1     0     0     0     0     0     0     0     1
     1     3     0     1     0     0     1     0     0     1     0     0
     2     1     3     8     1     1     0     0     0     1     1     1
     1     8    11     3     6     0     0     0     1     2     0     1
     1     9    22     7     6     1     2     0     0     8     9     4
    10     5    25    16     7     0     0     0     0     1     9     8
     0     7     5     9     2     0     0     0     1     0     1     7
     1     3     3     6     1     0     0     0     0     0     2     1
     0     0     0     1     0     0     0     0     0     1     0     0
     0     0     0     1     0     0     0     0     0     0     0     0
     0     0     0     0     0     1     0     0     0     1     0     0
     0     2     1     0     1     1     0     0     0     0     0     0
     3     1     2     2     2     1     0     1     0     0     0     0
     2     0     1     1     1     2     0     0     0     0     3     0
     5     2     1     4     1     3     0     0     1     1     2     1
     6     3     3     7     7     5     1     0     5     2     2     1
     9     7    13    12     9     7     3     1     2     3     1     7
     5     7    13    13    10     0     0     0     1     2     4    10
    15     7    10     7     5     4     0     2     0     7     3    10
    15    10    10     2     6     2     1     1     0     5     7     8
    20     5     8     8     6     3     3     0     3     5    11     6
     8     6     4     5     2     1     0     0     3     0     9     9
     9     4     4     1     6     2     0     0     0     4     9     7
    17    10     7     4     2     4     1     0     1     4     8    10
     7     5     6     2     4     1     3     0     1     1     4     5
     9     7    18     3     4     0     0     3     1     2     1     3
     8     7    13    13     4     2     0     0     1     1     0     4
     5     2    12     8     3     4     1     0     1     2     2     3
     4     6    10    13     6     3     0     0     1     1     6     4
     2     0     5     9     1     1     0     1     0     0     3     4
     4     1     4     3     0     1     0     0     1     1     0     2
     0     0     0     2     3     1     0     0     0     0     0     3
     0     2     0     1     1     0     0     0     0     0     0     0
    12
     0     0     0     0     0     0     0     0     0     0     0     0
     0     0     0     0     0     0     0     0     0     0     0     0
     0     0     0     0     0     0     0     0     0     0     2     0
     0     0     0     0     0     0     0     0     0     0     0     0
     0     0     0     1     0     0     0     0     0     0     0     0
     0     1     7     1     1     0     0     0     0     1     1     2
     1     4    10     2     3     0     0     0     0     3     0     2
     2     5    18     8     5     0     1     0     0     2     3     8
     7     3     9     8     0     0     1     0     1     2     6     6
     2     2     0     6     0     0     0     0     0     0     0     4
     0     0     1     4     0     0     0     0     1     0     0     1
     0     0     0     0     0     0     0     0     0     0     0     0
     0     0     0     0     0     0     0     0     0     1     1     0
     0     0     1     0     1     0     0     0     0     0     0     0
     0     0     0     3     0     0     0     0     0     0     0     0
     0     1     0     0     0     1     0     0     0     1     0     0
     0     0     0     0     0     0     0     0     1     0     2     0
     4     0     1     1     1     0     0     0     0     0     3     0
     4     1     1     4     5     0     0     0     3     0     5     0
     3     4     4     5     3     4     0     0     0     2     3     4
     7     2     6     6     7     0     0     0     0     1     3     7
    11     7     2     3     5     1     0     0     0     2     2    15
     9     3     5     2     2     3     1     1     0     4     3     7
     6     4     4     9     1     2     0     1     1     1     3     2
     8     4     5     2     2     1     1     0     0     3     4     5
     5     5     5     1     1     2     0     0     0     1     2     5
     7     7     2     2     3     2     0     0     0     3     5     7
    12     8     4     4     2     0     0     0     0     0     1     2
     3     6    12     1     1     0     0     0     1     0     0     1
     2     2    12     7     1     0     0     0     1     0     1     1
     3     0     7     5     5     0     0     0     0     1     1     0
     1     1     7     5     4     1     0     0     0     0     3     0
     0     2     3     2     0     0     0     0     0     0     2     1
     0     1     0     0     0     0     0     0     1     0     2     3
     0     0     1     0     0     1     0     0     0     0     0     0
     0     0     0     1     0     0     0     1     0     0     0     0
    13
     0     0     0     2     0     0     0     0     0     0     0     0
     0     0     0     0     0     0     0     0     0     0     0     0
     0     0     0     0     0     0     0     0     0     0     0     0
     0     0     0     0     0     0     0     0     0     0     0     0
     0     0     0     0     0     0     0     0     0     0     0     0
     0     0     0     1     0     0     0     0     0     0     0     0
     2     1     1     3     2     0     0     0     0     1     0     1
     2     7     7     3     2     0     0     0     0     2     3     2
     1     5     7    10     0     0     0     0     0     0     0     6
     0     1     2     2     0     0     0     0     0     0     0     3
     0     0     0     0     0     0     0     0     0     0     0     0
     0     0     0     0     0     0     0     0     0     0     0     0
     0     0     0     0     0     0     0     0     0     0     0     0
     0     0     0     0     0     0     0     0     0     0     1     0
     0     0     0     2     0     0     0     0     0     0     2     0
     0     0     0     0     1     0     0     0     0     0     0     0
     0     0     0     0     0     0     0     0     0     0     0     0
     0     0     0     1     0     0     0     0     1     1     2     0
     0     2     1     0     0     0     0     0     1     0     3     0
     1     1     1     1     1     1     0     0     0     0     0     1
     2     1     1     1     4     2     0     0     0     0     5     2
     1     2     3     2     2     0     0     0     0     2     1     6
     4     1     8     1     4     0     0     0     0     3     2     3
     9     0     4     2     1     1     1     0     0     3     1     2
     3     2     1     3     0     0     0     0     0     0     1     3
     8     2     1     1     2     1     0     0     0     0     0     2
     5     1     3     3     0     0     0     0     0     0     2     2
     3     0     0     0     0     0     0     0     0     0     0     1
     1     0     1     1     0     0     0     0     0     0     0     0
     1     3     5     7     0     0     0     0     0     0     0     0
     1     0     5     2     2     0     0     0     0     0     0     0
     0     0     1     3     2     0     0     0     0     0     0     0
     0     3     1     1     0     0     0     0     0     0     0     0
     0     1     0     0     0     0     0     0     0     0     0     0
     0     1     0     0     0     0     0     0     0     0     0     1
     0     0     0     0     0     0     0     0     0     0     0     0
    14
     0     0     0     0     0     0     0     0     0     0     0     0
     0     0     0     0     0     0     0     0     0     0     0     0
     0     0     0     0     0     0     0     0     0     0     0     0
     0     0     1     0     0     0     0     0     0     0     0     0
     0     0     0     1     0     0     0     0     0     0     1     0
     0     0     0     1     0     0     0     0     0     0     0     2
     1     4     1     3     0     0     0     0     0     2     0     1
     1     3     3     2     0     0     0     0     0     0     0     1
     1     4     2     4     0     0     0     0     0     0     0     3
     0     0     0     0     0     0     0     0     0     0     0     0
     0     0     0     0     0     0     0     0     0     0     0     0
     0     0     0     0     0     0     0     0     0     0     0     0
     0     0     0     1     0     0     0     0     0     0     0     0
     0     0     0     0     0     0     0     0     0     0     0     0
     0     0     0     2     0     0     0     0     0     0     0     0
     0     0     0     0     0     0     0     0     0     0     0     0
     0     0     0     0     0     0     0     0     0     0     0     0
     1     0     0     0     0     0     1     0     0     0     1     0
     0     1     0     0     0     0     0     0     0     0     0     0
     0     0     0     2     1     1     0     0     0     0     1     0
     1     0     1     0     2     0     0     0     0     0     2     1
     1     0     0     1     1     0     0     0     0     1     1     3
     4     5     0     2     2     1     0     0     0     2     1     1
     2     0     8     5     2     2     1     0     0     1     3     2
     3     0     2     2     0     0     0     0     0     0     1     2
     2     0     3     1     0     1     0     0     0     0     0     1
     5     0     1     2     0     0     0     0     0     0     2     2
     1     0     0     1     0     0     0     0     0     0     1     0
     1     0     2     0     0     0     0     0     0     0     0     1
     0     0     0     6     0     0     0     0     0     0     0     1
     1     0     4     1     1     0     0     0     0     0     0     1
     0     0     2     0     3     0     0     0     0     0     0     1
     0     1     0     0     1     0     0     0     0     0     0     0
     0     0     0     0     0     0     0     0     0     0     0     0
     0     0     0     0     0     0     1     0     0     0     0     0
     0     0     0     0     0     0     0     0     0     0     0     0
    15
     0     0     0     0     0     0     0     0     0     0     0     0
     0     0     0     0     0     0     0     0     0     0     0     0
     0     0     0     0     0     0     0     0     0     0     0     0
     0     0     0     0     0     0     0     0     0     0     0     0
     0     0     0     0     0     0     0     0     0     0     0     0
     0     0     0     0     0     0     0     0     0     0     0     1
     0     1     0     1     0     0     0     0     0     1     0     1
     0     1     2     5     0     0     0     0     0     0     0     3
     2     1     0     2     0     0     0     0     0     0     0     0
     0     0     0     0     0     0     0     0     0     0     0     0
     0     0     0     0     0     0     0     0     0     0     0     0
     0     0     0     0     0     0     0     0     0     0     0     0
     0     0     0     0     0     0     0     0     0     0     0     0
     0     0     0     0     0     0     0     0     0     0     0     0
     0     0     0     0     0     0     0     0     0     0     0     0
     0     0     0     0     0     0     0     0     0     0     0     0
     1     0     0     0     0     0     0     0     0     0     0     0
     0     0     0     0     0     0     0     0     0     0     0     0
     1     0     0     0     0     0     0     0     0     1     0     0
     1     0     0     0     0     0     0     0     0     0     0     0
     0     0     1     1     2     0     0     0     0     0     2     0
     0     1     0     1     2     0     0     0     0     1     1     0
     2     1     1     1     1     0     0     0     0     0     0     3
     6     2     1     3     0     1     0     0     0     1     2     5
     4     0     0     2     0     0     0     0     0     0     0     0
     2     1     2     3     0     0     0     0     0     0     0     0
     2     0     0     1     1     0     0     0     0     0     0     0
     0     0     0     0     0     0     0     1     0     0     0     0
     0     0     1     1     0     0     0     0     0     0     0     0
     0     0     2     3     0     0     0     0     0     0     0     0
     0     0     1     0     1     0     0     0     0     0     0     0
     0     0     2     0     0     0     0     0     0     0     0     0
     0     0     0     0     0     0     0     0     0     0     0     0
     0     0     0     0     0     0     0     0     0     0     0     0
     0     0     0     0     0     0     0     0     0     0     0     0
     0     0     0     0     0     0     0     0     0     0     0     0
    16
     0     0     0     0     0     0     0     0     0     0     0     0
     0     0     0     0     0     0     0     0     0     0     0     0
     0     0     0     0     0     0     0     0     0     0     0     0
     0     0     0     0     0     0     0     0     0     0     0     0
     0     0     0     0     0     0     0     0     0     0     0     0
     0     1     0     0     0     0     0     0     0     0     0     0
     0     0     0     0     0     0     0     0     0     0     0     0
     0     0     1     2     0     0     0     0     0     0     0     0
     0     0     0     0     0     0     0     0     0     0     0     0
     0     0     0     0     0     0     0     0     0     0     0     0
     0     0     0     0     0     0     0     0     0     0     0     0
     0     0     0     0     0     0     0     0     0     0     0     0
     0     0     0     0     0     0     0     0     0     0     0     0
     0     0     0     0     0     0     0     0     0     0     0     0
     0     0     0     0     0     0     0     0     0     0     0     0
     0     0     0     0     0     0     0     0     0     0     0     0
     0     0     0     0     0     0     0     0     0     0     0     0
     0     0     0     0     0     0     0     0     0     0     0     0
     1     0     0     0     0     0     0     0     0     0     0     0
     1     0     0     0     0     0     0     0     0     0     0     0
     0     0     0     0     2     0     0     0     0     0     1     1
     1     2     0     1     0     0     0     0     0     0     0     0
     2     3     0     2     0     1     0     0     0     0     0     2
     2     1     4     3     1     0     0     0     0     0     0     1
     3     2     0     2     0     0     0     0     0     0     0     0
     0     0     0     0     0     1     0     0     0     0     0     0
     4     0     0     0     0     0     0     0     0     0     0     0
     0     0     0     1     0     0     0     0     0     0     0     0
     1     0     0     0     0     0     0     0     0     0     0     0
     0     0     4     1     0     0     0     0     0     0     1     0
     0     0     1     0     0     0     0     0     0     0     0     0
     0     0     0     0     1     0     0     0     0     0     0     0
     0     0     0     0     1     0     0     0     0     0     0     0
     0     0     0     0     0     0     0     0     0     0     0     0
     0     1     0     0     0     0     0     0     0     0     0     0
     0     0     0     0     0     0     0     0     0     0     0     0
    17
     0     0     0     0     0     0     0     0     0     0     0     0
     0     0     0     0     0     0     0     0     0     0     0     0
     0     0     0     0     0     0     0     0     0     0     0     0
     0     0     0     0     0     0     0     0     0     0     0     0
     0     0     0     0     0     0     0     0     0     0     0     0
     0     0     0     0     0     0     0     0     0     0     0     0
     0     0     1     0     0     0     0     0     0     0     0     0
     0     0     1     0     0     0     0     0     0     0     0     1
     0     0     0     0     0     0     0     0     0     0     0     0
     0     0     0     0     0     0     0     0     0     0     0     0
     0     0     0     0     0     0     0     0     0     0     0     0
     0     0     0     0     0     0     0     0     0     0     0     0
     0     0     0     0     0     0     0     0     0     0     0     0
     0     0     0     0     0     0     0     0     0     0     0     0
     0     0     0     0     0     0     0     0     0     0     0     0
     0     0     0     0     0     0     0     0     0     0     0     0
     0     0     0     0     0     0     0     0     0     0     0     0
     0     0     0     0     0     0     0     0     0     0     0     0
     0     0     0     0     0     0     0     0     0     0     0     0
     0     0     0     0     1     0     0     0     0     0     0     0
     0     0     0     0     1     0     0     0     0     0     0     0
     0     0     0     2     0     0     0     0     0     0     0     1
     2     1     1     2     1     0     0     0     0     0     0     1
     0     0     1     2     0     0     0     0     0     0     1     1
     1     0     2     1     0     0     0     0     0     0     0     0
     1     0     0     0     0     0     0     0     0     0     0     0
     1     0     0     0     0     0     0     0     0     0     0     0
     2     0     0     0     0     0     0     0     0     0     0     0
     0     0     0     0     0     0     0     0     0     0     0     0
     0     0     1     0     0     0     0     0     0     0     0     0
     0     0     0     0     0     0     0     0     0     0     0     0
     1     0     0     0     0     0     0     0     0     0     1     0
     0     0     0     0     0     0     0     0     0     0     0     0
     0     0     0     0     0     0     0     0     0     0     0     0
     0     0     0     0     0     0     0     0     0     0     0     0
     0     0     0     0     0     0     0     0     0     0     0     0
    18
     0     0     0     0     0     0     0     0     0     0     0     0
     0     0     0     0     0     0     0     0     0     0     0     0
     0     0     0     0     0     0     0     0     0     0     0     0
     0     0     0     0     0     0     0     0     0     0     0     0
     0     0     0     0     0     0     0     0     0     0     0     0
     0     0     0     0     0     0     0     0     0     0     0     1
     0     0     0     0     0     0     0     0     0     0     0     0
     0     0     1     0     0     0     0     0     0     0     0     3
     0     0     0     0     0     0     0     0     0     0     0     1
     0     0     0     0     0     0     0     0     0     0     0     0
     0     0     0     0     0     0     0     0     0     0     0     0
     0     0     0     0     0     0     0     0     0     0     0     0
     0     0     0     0     0     0     0     0     0     0     0     0
     0     0     0     0     0     0     0     0     0     0     0     0
     0     0     0     0     0     0     0     0     0     0     0     0
     0     0     0     0     0     0     0     0     0     0     0     0
     0     0     0     0     0     0     0     0     0     0     0     0
     0     0     0     0     0     0     0     0     0     0     0     0
     0     0     0     0     0     0     0     0     0     0     0     0
     0     0     0     0     0     0     0     0     0     0     0     0
     0     0     0     1     0     0     0     0     0     0     0     0
     0     0     0     0     0     0     0     0     0     0     0     0
     1     2     0     1     0     0     0     0     0     0     0     0
     0     0     0     1     0     0     0     0     0     0     0     0
     1     0     0     0     0     0     0     0     0     0     0     0
     0     0     0     0     0     0     0     0     0     0     0     0
     0     0     0     0     0     0     0     0     0     0     0     0
     0     0     0     0     0     0     0     0     0     0     0     0
     0     0     0     0     0     0     0     0     0     0     0     0
     0     0     0     0     0     0     0     0     0     0     0     0
     0     0     0     0     0     0     0     0     0     0     0     0
     0     0     0     0     0     0     0     0     0     0     0     0
     0     0     0     0     0     0     0     0     0     0     0     0
     0     0     0     0     0     0     0     0     0     0     0     0
     0     0     0     0     0     0     0     0     0     0     0     0
     0     0     0     0     0     0     0     0     0     0     0     0
    19
     0     0     0     0     0     0     0     0     0     0     0     0
     0     0     0     0     0     0     0     0     0     0     0     0
     0     0     0     0     0     0     0     0     0     0     0     0
     0     0     0     0     0     0     0     0     0     0     0     0
     0     0     0     0     0     0     0     0     0     0     0     0
     0     0     0     0     0     0     0     0     0     0     0     0
     0     0     0     0     0     0     0     0     0     0     0     0
     0     0     0     0     0     0     0     0     0     0     0     1
     0     0     0     0     0     0     0     0     0     0     0     0
     0     0     0     0     0     0     0     0     0     0     0     0
     0     0     0     0     0     0     0     0     0     0     0     0
     0     0     0     0     0     0     0     0     0     0     0     0
     0     0     0     0     0     0     0     0     0     0     0     0
     0     0     0     0     0     0     0     0     0     0     0     0
     0     0     0     0     0     0     0     0     0     0     0     0
     0     0     0     0     0     0     0     0     0     0     0     0
     0     0     0     0     0     0     0     0     0     0     0     0
     0     0     0     0     0     0     0     0     0     0     0     0
     0     0     0     0     0     0     0     0     0     0     0     0
     0     0     0     0     0     0     0     0     0     0     0     0
     0     0     0     0     0     0     0     0     0     0     0     0
     1     0     0     0     0     0     0     0     0     0     0     0
     0     0     0     0     0     0     0     0     0     0     0     0
     1     0     1     1     0     0     0     0     0     0     0     0
     0     0     0     0     0     0     0     0     0     0     0     0
     0     0     0     0     0     0     0     0     0     0     0     0
     0     0     0     0     0     0     0     0     0     0     0     0
     0     0     0     0     0     0     0     0     0     0     0     0
     0     0     0     0     0     0     0     0     0     0     0     0
     0     0     0     0     0     0     0     0     0     0     0     0
     0     0     0     0     0     0     0     0     0     0     0     0
     0     0     0     0     0     0     0     0     0     0     0     0
     0     0     0     0     0     0     0     0     0     0     0     0
     0     0     0     0     0     0     0     0     0     0     0     0
     0     0     0     0     0     0     0     0     0     0     0     0
     0     0     0     0     0     0     0     0     0     0     0     0
    20
     0     0     0     0     0     0     0     0     0     0     0     0
     0     0     0     0     0     0     0     0     0     0     0     0
     0     0     0     0     0     0     0     0     0     0     0     0
     0     0     0     0     0     0     0     0     0     0     0     0
     0     0     0     0     0     0     0     0     0     0     0     0
     0     0     0     0     0     0     0     0     0     0     0     0
     0     0     0     0     0     0     0     0     0     0     0     0
     0     0     0     0     0     0     0     0     0     0     0     0
     0     0     0     0     0     0     0     0     0     0     0     0
     0     0     0     0     0     0     0     0     0     0     0     0
     0     0     0     0     0     0     0     0     0     0     0     0
     0     0     0     0     0     0     0     0     0     0     0     0
     0     0     0     0     0     0     0     0     0     0     0     0
     0     0     0     0     0     0     0     0     0     0     0     0
     0     0     0     0     0     0     0     0     0     0     0     0
     0     0     0     0     0     0     0     0     0     0     0     0
     0     0     0     0     0     0     0     0     0     0     0     0
     0     0     0     0     0     0     0     0     0     0     0     0
     0     0     0     0     0     0     0     0     0     0     0     0
     0     0     0     0     0     0     0     0     0     0     0     0
     1     0     0     0     0     0     0     0     0     0     0     0
     0     0     0     0     0     0     0     0     0     0     0     0
     0     0     0     0     0     0     0     0     0     0     1     0
     0     0     0     0     0     0     0     0     0     0     0     0
     0     0     0     0     0     0     0     0     0     0     0     0
     0     0     0     0     0     0     0     0     0     0     0     0
     0     0     0     0     0     0     0     0     0     0     0     0
     0     0     0     0     0     0     0     0     0     0     0     0
     0     0     0     0     0     0     0     0     0     0     0     0
     0     0     0     0     0     0     0     0     0     0     0     0
     0     0     0     0     0     0     0     0     0     0     0     0
     0     0     0     0     0     0     0     0     0     0     0     0
     0     0     0     0     0     0     0     0     0     0     0     0
     0     0     0     0     0     0     0     0     0     0     0     0
     0     0     0     0     0     0     0     0     0     0     0     0
     0     0     0     0     0     0     0     0     0     0     0     0
