22
Saint John, NB 8104900
     0
     -12.200     -10.700      -4.600       1.100       6.900      11.300
      14.800      15.000      11.600       5.500       -.700      -8.400
      -6.800      -5.600       -.700       3.900      10.000      14.300
      17.200      17.300      14.000       9.100       3.100      -3.500
      -1.800      -1.200       2.200       7.200      13.100      17.800
      20.600      20.300      16.700      12.100       6.900        .600
      59.000      57.000      55.000      52.000      52.000      58.000
      61.000      60.000      60.000      60.000      63.000      63.000
      72.000      71.000      72.000      72.000      74.000      78.000
      81.000      79.000      78.000      77.000      79.000      77.000
      85.000      84.000      87.000      89.000      91.000      93.000
      94.000      94.000      93.000      92.000      91.000      89.000
       4.100       4.100       4.100       4.100       3.600       3.000
       3.000       3.000       3.600       3.600       3.800       3.600
       6.100       6.100       6.100       6.100       5.200       5.200
       4.700       4.100       5.200       5.200       6.100       5.500
       7.700       7.700       8.000       7.700       7.200       6.600
       6.100       6.100       6.600       7.200       7.700       7.700
     320.000     330.000     340.000     350.000     190.000     200.000
     200.000     200.000     210.000     230.000     320.000     320.000
     1
      -7.045      -6.256      -1.452       4.209      10.098      14.662
      17.628      17.642      14.076       8.817       3.156      -4.074
      71.482      69.454      69.952      69.624      70.550      74.467
      76.786      76.351      75.159      74.885      76.136      75.340
     2
    25    28    25    17    21    23    19    23    20    27     7    29
    20    20    24    28    32    27    22    25    28    21    17    31
    34    23    20    23    23    33    25    26    26    18    22    30
    28    20    18    23    29    19    27    18    31    26    31    25
     8    11     8    13    21    11    14    18    16     8     7    10
     8    12    12    18    28    28    14    24    17    18     8    13
     7     5    14    10    25    18    14    17     9    13    10    12
     4     5     5    10    18    14     9    16     9    11     4     5
    11     7     8     9    32    35    11    21    21    14    11    12
    12     7     9    13    17    30     9    25    10    12     9    11
     6     4     7     7    15    15    13    14     5     7     6     6
     8    10     7     9    24    23    19    31    16    12     5     9
     4     7     4    16    17    18    14    24    10     7     6     5
     4     8    10    28    22    27    27    42    19    13    11     2
    13     6    24    13    29    34    28    42    26    32    12     6
     5    13    15    15    25    53    42    42    25    20     7    12
     6     3    16    15    24    32    42    34    18     9     8     9
     8    13    16    25    46    78    93    90    36    40    13     9
     7     4    21    18    29    57    89    59    32    20    15     8
    11    12     7    16    34    70    83    69    39    27    11     6
    14     9    15    30    31    72    79    91    46    27    15    14
    11     8    10     9    17    45    53    41    23    18     6    14
     4     4    10     8    18    23    38    46    19    15    12    16
    11     4    15    10    18    32    52    43    17    24    25    10
     7     8     8    10    11    12    21    12    13     8     8     7
    16     6    10     9    21    23    31    33    19    28    21    30
    14    16     5    13    13    22    40    29    24    20    30    23
     7    13     9     9    12    13    22    19    12     7     9    17
     9     6     9    11    12    16    25    27    13    15    18    12
    15    12    10    13    13    12    20    23    15    16    15    16
    14     7     7     7    10     6    14    15    18    15    11    13
    16    15    13    15    19    15    18    28    25    14    21    18
    24    13     8     8    14    12    20    22    10    10    13    19
    23    15    20    16    17    11    16    20    20    17    14    31
    13    12    20     9     8    12     7    17    14    13    15    20
    44    38    28    24    22    27    39    31    28    23    16    35
     3
    16    17    14    12    17    13    11    27    17    14    11     9
    12    17    14    23    18    20    10    20    17    15     7    14
     5    11    11    16    12    11     9    20    13    19     6     9
     8     9    12    16    16    31    15    13    14    12    12    12
     5     6     8     3     6     4     2     9     9     6     3     2
     1     5     0     6    11     7     1     6     1     3     4     4
     2     0     0     5     8     5     5     9     4     2     1     0
     3     2     4     2     8     7     3     4     9     1     5     3
     6     5    10    13    15    20     8    14     7     6     7     6
     5     3     7    11    13     9     9    13     9     4     5     3
     3     7     4     8    13    13     9     8     4     8     2     2
     5     2    11    12    14    25    10    16     6    14     2     6
     2     8     6     8    20    11     9    18     8     8     4     3
     7     3    11    12    23    30    22    20    17    11     8     9
     5     2     9    10    12    17    19    19    16    14     4     3
     3     6     5     9    22    23    24    26    12    21     6     4
     1    10     9    14    23    23    24    14     6     5     5     5
     6     3    11    22    37    58   102    67    35    27     3     4
     2     1    11    17    22    39    68    61    13     8     3     1
     2     5    10    16    27    46    70    64    19    16     9     7
     4     6    11    17    26    41    58    57    13    16     5     5
     9     5     9     9    15    38    44    49    25    10     8     6
     9     6     4     5    12    28    16    30    15    11     6     7
    12     7     7     9     8    20    25    26    16    14    11    18
     6     2     4     5     8    11    15    16     9    10     7     4
    13    13    10     8     7    10    19    14    18    16    10    13
    19    14    13    13    12    22    12    16    13    16    17    26
     6    11     9    12    12    13    17    14    12    16     7     6
     5     7     8    10     9    13    11    12    10     7     7    14
     6    14     5     6    10     6    19    10    10    14    12     3
    13     6     6     7     8     4     9    12    12    11    10    14
    16    17    15    16     6    13    15    20    15    12     9    15
    11    13    11     6     7     5    12    15     8    10    12     8
    12    12    21    25     6     7     9    16    17    15    14    13
     5     8    11     9     7     6     8    11     9     7     8    16
    31    15    14    26    19    14    14    31    24    20    13    20
     4
    62    32    39    60    37    35    45    50    43    26    22    33
    41    38    45    56    34    50    36    40    40    26    29    41
    21    21    20    44    37    22    16    21    30    34    16    32
    12    11    20    24    34    23    13    26    36    31    18    28
     7     2     5     4    12    10     4     6     4     8     9    11
     4     4     7    13    14    14     7    15     7    12     7     5
     7     6     6     4    16    12     4     4     5     8     5     8
     6     8    17    13    25    15     5    11    10     3     6     8
    13    14    25    28    35    29    15    32    17    10    15     7
     8    13    18    21    33    37    18    18    13    18    15    10
     8     7    13    29    30    26    15    25    16    11     7    10
    14     5    14    47    46    45    25    44    26    27    14    14
     5    12    17    21    31    40    22    20    20    21     6     7
    10    15    35    29    49    53    48    44    31    30    12     7
     2     9    18    28    50    54    42    62    25    40    11     8
     8     8    18    30    45    58    36    34    25    22    14     7
     6     7    19    22    39    42    48    45    23    15    10     3
    12    13    33    44    67   130   122   103    58    45    25    12
     9    11    32    47    72    98   146   113    47    26    22    10
    11    10    22    36    67   149   188   170    73    33    19     8
    11    13    32    51    63   116   173   150    71    53    15     8
    12    25    33    23    61   106   134    99    60    45    16    12
    13    16    20    14    39    52    70    57    49    27    15    17
    31    12    26    18    29    61    59    64    41    43    34    37
    13    18    19    10    17    29    39    20    23    23    17    23
    21    24    24    19    16    19    25    36    22    34    33    33
    27    34    13    23    34    33    39    55    40    51    30    52
    16    21    29    15    17    22    26    30    25    33    19    22
    28    30    16    26    15    19    27    33    27    19    18    18
    19    29    22    24    17    19    22    37    39    23    37    31
    25    27    21    25    13    15    23    25    17    25    29    28
    58    62    33    41    27    27    31    50    37    39    40    40
    21    32    28    23     9    22    27    36    35    31    22    33
    30    33    37    37    32    24    34    25    47    30    30    33
    23    33    25    26    18    22    29    27    37    19    24    24
    48    56    43    50    57    39    33    48    65    56    57    54
     5
    40    39    40    38    38    26    32    28    30    27    30    26
    28    48    43    50    36    35    24    20    35    22    19    25
    20    21    22    41    15    27    14     9    17    34    12    20
    10     5    20    15    17    12     8    11    17    17    11    12
     2     1     4     7     3     4     1     1     7     3     4     4
     6     1     3     2     2     6     2     5     2     3     1     3
    10     8     4     9    11     9     3     1     1     3     5     8
    10     7     8    13    16    18     5     5    11     5     8     6
    13    17    24    21    39    25     9    17     9     9    19     5
    12     8    14    20    35    27     8    18    14    13    12     7
     8     7    12    16    29    27    10    13    15    14     6    11
    13    10    16    22    38    30    12    25    16    19    10    12
     7    11     6    21    26    20    22    18    15    15     9     6
    18    11    17    23    47    33    33    23    20    18    10     5
     6    10    14    24    39    33    18    19    12    12    10     4
     7    12    23    21    32    47    26    21    15    15     9     3
     4     4     9    27    21    21    26    20    14    16    12     4
    12    12    22    36    68    71    88    64    42    30    16     7
     4    14    18    25    63    85   115   100    43    20    12     7
    11    13    34    29    83   125   180   131    61    39    11     6
    10    18    27    32    87   150   162   141    65    35    32     7
    14    10    23    40    46    72    76   101    66    31    10     6
    19    16    27    11    34    65    64    57    40    28    13    13
    17    20    22    20    31    44    52    33    31    43    15    16
    17    16    14    12    12    13    14    22    17    23    20    19
    24    18    17    12     9    14    20    10    15    17    18    25
    35    26    21    22    22    16    28    25    20    31    32    28
    20    17    15    15    16     6    13    17    24    19    19    14
    18    27    15    10     4    15    19    17    27    28    25    26
    28    37    23     9     9     9    24    19    35    23    26    28
    29    26    22    17    12    18    19    17    22    19    18    18
    41    38    38    25    24    29    25    22    37    23    32    33
    32    34    24    17    11    14    22    25    28    30    23    22
    34    27    24    31    24    20    26    20    50    31    20    25
    22    30    33    22    15    22    18    21    25    21    22    16
    44    34    39    37    35    26    35    34    47    44    35    34
     6
    17    40    50    63    40    36    25    22    31    42    26    21
    25    34    45    72    52    45    20    26    25    43    29    26
    24    12    35    38    44    29    14    17    26    22    21    11
    14    11    20    28    20    13     3    14    24    23    12    14
     2     4     7     7     4     4     2     5    12     1     5     5
     4     3    10     7     2     6     4     1     7     4     4     7
     6     2    13    19    10    14     3     5     5     2     3    10
     9     8    13    30    11    15     7     6    11     3     8     1
    14    17    22    45    42    35    19    20    14    12     8    17
    15    15    10    39    54    35    12    17     9    12     6     9
     7     8    11    28    44    31    12     7     8    14    12     6
    16    19    21    50    60    33    24    17    17    21    19    19
    14     8     8    19    25    18     8    10     6    21    12    13
     7    13    24    43    40    45    25    28    18    21    12     9
    11    11    20    27    26    23    16    19     6    11    15     9
     9     9    10    17    25    18    15     9    11    18    12     5
     8     8    13    16    15    17    16    13    16    22    11     3
    12    15    26    39    76    75    99    71    37    38    28     4
     2    14    21    40    83   111   147   103    29    40    25     3
    11    14    43    63   148   141   217   170    94    54    37    10
    13    23    48    58   138   144   206   152   114    59    24     7
     8    20    41    52    77    98   138   115    68    44    25    10
    16    17    28    28    50    76    62    53    52    39    19    14
    17    20    32    18    31    49    40    40    37    31    18    18
    24    21    16    16    12    13    18    11    23    25    19    15
    22    27    11    16    14    13    16    15    18    20    25    19
    47    24    30    17    18    13    23    20    29    28    28    33
    37    24    21    22    12    17    13    18    26    25    24    33
    42    51    23    25     7    25    20    28    25    27    41    36
    40    27    27    38    27    34    17    25    27    36    47    40
    36    58    34    35    22    27    35    35    42    35    31    48
    73    84    67    40    33    44    51    45    39    24    48    60
    36    42    27    28    18    14    36    33    50    41    39    42
    27    52    39    43    32    24    36    38    42    26    57    50
    41    30    28    26    18    29    23    36    41    26    21    28
    55    47    53    64    57    46    38    34    47    42    41    46
     7
    27    31    56    73    51    36    15    23    26    47    23    19
    25    35    54    74    77    34    16    20    19    30    23    20
    13    17    48    55    35    30    18    17    29    28    19    15
     8    13    19    37    34    17     9     9    19    18    19    13
     0     6     3     7    12     4     1     4     6     6     5     1
    10     2     8     8     3    11     4     5     5     5     2    10
     9     8    16    14     9     8     5     5     6     6     3     4
    10    12    12    21    14    11    13     7     2     4     7    12
    11    17    28    38    49    25    15    11     8     8     7     7
    13    14    15    48    46    25    10    11     9    13    11     8
    10    16    12    31    45    31    13    11     8    17     8     8
    13     9    21    37    37    26     9    11    19    14    16    21
     9    12    15    21    25    13     9     7    10     8    11    12
    15    19    15    24    24    40    10    13    20    16     9     9
    13    10    16    26    23    16     8     9     8    12     9     5
    11    10    16    13    15    22     5     8    12    10     9     4
     6     6    10    10    17    11    11    18     7    13     8     8
    12    11    15    37    78    52    69    43    30    22    21     6
    11     8    22    36    86   102   118    75    49    41    29    14
    16    17    48    60   163   148   205   111    95    56    21    14
    12    22    67    79   125   147   189   114   136    77    37    17
    18    22    44    63    93   118   137    98   121    63    29    15
    19    21    37    43    56    72    54    59    62    45    22    12
    21    26    25    26    39    42    42    37    44    32    21    14
    40    13    21    18     8    11     5    12    11    19    19    15
    27    15    15    18    11    12     6    10    14    29    24    24
    44    31    23    20    14    11    11    15    21    26    40    32
    34    33    34    18     9    14    12    15    22    25    32    22
    49    39    41    35    10    19    21    20    35    42    48    41
    53    49    41    36    12    31    22    25    33    31    50    33
    43    63    37    34    17    19    31    31    36    33    44    46
    67   101    70    46    36    44    50    53    66    52    80    77
    52    61    59    35    32    24    31    32    41    44    48    53
    42    42    51    43    32    30    37    28    35    39    52    56
    28    33    38    30    19    22    17    17    20    31    24    36
    37    34    50    57    36    28    25    35    38    40    35    32
     8
    17    24    51    60    44    34    10     7    19    24    17    12
     8    29    46    87    63    31    15    10    21    27    24     8
     9    33    53    67    46    22     3     8    24    31    16     8
     5     8    22    22    31    21     4     5    11    13     8    10
     0     0     1    15     4     3     0     1     5     3     3     6
     8     4     7    11     4     3     1     0     2     3     2     3
     9     1     7    16     6     6     2     3     1    10     4     1
     8     7    12    19    12     5     6     2     1     4     8     7
    12    20     7    30    44    25     7     7     3     8     7    11
    10    10    19    25    35    18     8     2     9    13     4     7
     5     8    18    25    30    19     6     6     6     7    13     8
     8    14    15    32    34    13     9     5    16    12    12    22
     9     7    15    14    12     6     2     9    11     9     6     6
    12    11    22    19    13    19     6    12     9     4    17     8
    13    11    15    11     9    10     1     3     3     9     3     4
    13     0     6     4     7     9     6     2    13     8     9    14
    15    11     9     3    12     7     8     3     9     9     9    14
    21    10    22    22    42    39    33    28    32    19    19    17
    13    15    30    30    59    54    68    56    34    24    14    10
    12    10    50    76   101    94   117    78    84    72    28    14
    14    18    46    76   116   133   100    80    85    84    29    22
    15    18    48    63    78   105   110    60    83    82    36    13
    12    20    43    29    41    42    56    33    39    42    20    20
    16    14    22    18    26    28    32    24    12    20    12     9
    18     8    13     6    10    10    10    11     6    20    13    11
    33     8    19    16     8     3     5     4     7    10    27    18
    45    10    34    15    14     7     6     7    14    22    43    37
    36    37    41    16    11     9    11    10    19    18    33    27
    58    46    39    35    14    17    18    14    22    35    44    40
    46    48    53    48    22    28    18    13    30    32    51    44
    52    68    54    55    17    20    27    17    48    35    64    54
    84   102    85    57    42    43    34    33    49    48    84    86
    49    57    59    37    18    22    17    23    27    32    61    64
    44    34    54    41    35    32    31    32    25    45    52    47
    25    17    39    37    15    13     6    11    10    29    22    27
    25    32    57    46    27    25    16    15    26    32    25    23
     9
    18    15    21    42    32    18     7     4    12     8    16     4
     7    23    31    56    46    23     4     8     9    15    14     7
     6     6    31    20    27    18     4     5    11     9    11     5
     3    14    14    17    19    15     0     1     6     8     8    12
     0     2     3     6     8     5     0     1     0     0     2     2
     0     5     2    12     3     3     0     0     1     2     4     1
     3     4    12     6     7     0     1     0     1     3     4     4
     9     7     4    14     6     4     1     1     1     0     6     2
     5    18    16    22    17    13     6     3     4     4     8     5
     7     8     8    11    14    18     3     2     8    12    11     4
     4     7    13    14    17    13     3     3     4     4    12     4
     3     5    16    12    11     9     3     2     3    11    14    17
     8     9     8     6    13     6     1     2     2     5     7     7
    20    10    18    14    10    18     5     6     4     1     3    16
    17     5    10     2     6     7     2     2     3     7     5     8
     6     8    13     7     2     5     3     2     4     3     3     9
     6     9     8     3     3     5     2     3     6     7     3     3
    21     9    21    18    30    38    28    15    19    12    18    16
    10    15    14    21    40    45    53    35    25    19     6     5
     9    19    38    49   100    74    84    39    60    45    30    14
    15    14    38    31    75    94    76    53    48    55    24     7
    16    29    49    55    69    88    76    48    78    62    28    14
    16    15    24    25    35    35    35    22    31    26    15    13
    12    15    12    11    18    20    20    22    13    14     9    11
     7     7     7     5     7     1     2     4     1     9    10     9
    16     8    14     9     7     4     1     2     3    13    17    13
    24    19    30    26     8     2     3     5    17    15    33    24
    25    30    39    16    11     9     5     8    11    14    18    12
    29    29    34    32    10    13    14    11    20    25    29    24
    29    34    35    35    12    10     7    12    19    18    20    30
    34    52    32    48    19    15    12     7    20    27    38    33
    81    75    92    55    61    27    25    20    51    42    67    72
    31    30    35    23    24    14    13    11    16    17    17    28
    47    23    40    25    29    11     7    11    13    23    29    31
    18     8    17    20    16     9     5     5     9    14     9    21
    24    16    25    31    29    12     6     4     8    34    16    10
    10
     2     8    18    22    24     8     1     0     2     7     7     3
     6     7    16    26    25     7     3     1     2     7     4     3
     5     2    15     8    18     6     1     0     0     3     4     1
     0     2     4    10     7     4     0     1     2     1     3     3
     0     1     3     1     4     0     0     0     0     0     0     0
     1     1     3     2     0     0     0     0     0     0     1     3
     4     1     4     4     1     2     0     0     1     0     3     0
     1     3     2     6     2     1     0     0     0     0     7     1
     2     6     6    10     1     8     2     0     0     4     4     4
     1     6     3     4     8     4     1     0     0     5     6     3
     2     2     8     7     4     1     0     1     0     4     5     3
     1     1     9     5     4     0     1     3     1     4     4     8
     0     2     1     3     5     2     0     1     0     1     1     7
     5     0     2     5     3     6     2     1     2     2     2     7
     1     4     3     2     2     2     1     0     1     3     2     8
     4     2     1     2     1     0     1     0     1     0     1     2
     4     2     4     1     1     0     2     0     2     1     5     1
     6     6    13    10    12    11     4     1    13     6     7     8
     3     5     9     6    12    15    10    12     9    14     8     2
    11    10    16    21    41    33    30    16    29    14    11     6
    13    14    15    14    30    45    17    14    18    18    12     8
     6    11    20    14    24    27    15    11    23    24    16     8
     7     8    11     8    27    12    12     8    14    12     3     5
     3     7     2     2     6     3     2     3     3     6     7     4
     5     2     4     0     3     1     0     0     1     4     6     2
     3     7     6     1     1     0     1     1     1     6     6     5
    14     6    13    10     5     1     0     1     0     6    17     7
     8    10    17    10     0     2     1     3     5     2     6     3
    11    11    13    15     7     5     1     5    10     6     8     9
    10    17    20    24     9     1     4     3     6    11     9    11
    12    22    21    24    13     4     3     1     7    22    14    10
    20    30    30    34    18    11     1     3    16    19    25    32
    14    17    14    17    10     2     3     1     6     7    12     8
     9    13    19    10    19     6     2     1     6    12     6    17
     6     1     6     5     2     2     1     0     4     7     4    11
     3     8     9    18    16     3     1     1     2     7     5     5
    11
     0    10    13    26    13     2     0     1     0     5     4     1
     4     7    14    20     3     5     1     1     3     3     3     2
     2     2    14     8     5     0     0     0     1     0     1     1
     4     1     6     1     5     1     0     0     0     3     0     1
     1     2     2     1     1     0     0     0     0     0     0     1
     0     1     0     0     1     0     0     0     0     0     1     2
     2     1     3     1     0     0     0     0     0     0     2     1
     1     1     0     5     0     3     0     0     1     1     1     2
     3     5     1     8     1     6     0     1     0     1     7     4
     2     3     7     6     3     0     0     0     0     3     2     5
     1     4    10    15     0     1     0     0     0     1     1     4
     2     3     8     7     3     1     0     0     0     3     2     2
     0     0     1     2     2     0     0     2     0     0     3     2
     6     1     0     2     3     1     1     0     0     0     2     5
     2     1     4     1     2     0     0     0     0     0     1     3
     1     0     2     1     2     1     1     0     4     2     4     7
     2     2     8     3     1     1     0     0     2     2     2     2
     8     3    11     3     4     2     5     4     7     2     3     2
     3    14     8     8     8    11     8     2    13     3     6     3
     5     5    14    25    14    18     9    11    18    13    11     3
    16    11    14    17    14    25    10     8    15    10     9     6
     9     6    13     9    10    10     5     6     7    11    11    13
     5     8     5     7     8     6     6     7     4     8     4     6
     3     4     4     5     3     3     2     3     1     5     4     2
     1     4     0     1     2     1     1     0     0     7     9     0
     6     2     3     0     0     0     0     0     0     9     9     3
     7     1     9     3     2     0     1     0     4     4    11     5
    10     6    14     9     1     1     1     1     1     2    10     7
     8     9    10    10     3     2     0     4     1     3     4     8
     6     9    17    15     9     0     1     2     5     4     2    12
    12     9    20     9     6     3     5     2     4    18     9    22
    28    15    22    20    18     5     1     2     8    11    16    27
    12    10    12     9     4     5     1     1     4     2     8    14
     7    12     8     4     4     1     2     2     2     4     3    11
     5     1    14     4     2     0     0     0     0     0     6     6
    10     3    12    11    14     2     0     0     0     5     8     4
    12
     1     5     8    18     8     2     0     0     0     2     7     0
     3     3    16    10     4     1     0     0     0     0     1     0
     0     5    10     5     7     0     0     0     1     0     0     0
     2     1     4     6     5     1     0     0     0     2     1     0
     0     0     1     0     1     0     0     0     0     0     0     1
     1     2     0     0     0     0     0     0     0     0     0     1
     1     1     2     1     1     0     0     0     0     0     2     2
     2     1     0     3     0     1     0     0     0     0     1     0
     2     2     2     4     1     1     0     0     0     0     4     1
     0     3     3     5     0     1     0     0     0     3     1     0
     0     1     3     5     1     0     0     0     0     0     6     5
     2     0     7     2     1     0     0     0     0     0     2     5
     2     0     1     0     1     1     0     0     0     0     4     3
     2     1     3     0     1     0     0     0     0     0     1     4
     2     0     0     0     0     1     0     0     0     0     1     1
     0     0     0     1     0     1     0     0     3     2     1     5
     1     3     3     2     1     0     0     1     2     0     2     3
     2     1     4     3     4     0     4     1     3     3     3     3
     2     3     4     5     6     4     6     0     4     3     5     2
     9    15     8    10     7    11     7     4    10     4     7     8
     6     7    13    11     5    10     5     3     8     9     4     6
     3     4     9     4     7     9     1     7     3    11     8     7
     1     3     4     4     8     2     2     4     3     9     3     3
     3     1     0     3     1     0     1     0     1     3     1     1
     2     3     0     0     0     0     1     0     0     1     3     0
     4     2     0     0     0     0     0     0     0     5     0     2
     4     6     7     1     0     1     1     0     0     3     3     3
     3     5     2     0     2     1     0     1     1     2     5     4
     4     4    13     3     2     1     0     0     6     2     8     3
     6     4     7     3     1     1     1     2     1     2     5    14
     2     6     9    10     7     1     2     1     3     9     3     2
     9    14    18     6     4     1     0     1     8    15    12    10
     4     5     4     2     3     2     0     1     1     2     5     2
     2     6     5     4     2     0     2     0     0     6     0     0
     2     3     1     2     0     0     2     0     1     0     1     4
     2     5     4     7     4     4     0     1     0     0     2    11
    13
     0     5     3    13     4     1     0     0     0     1     4     0
     1     6     5     8     5     0     1     1     0     0     3     2
     1     1     6     2     4     0     0     0     0     0     0     1
     1     1     3     0     3     0     0     0     0     1     0     0
     0     1     0     0     0     0     0     0     0     0     0     0
     1     1     1     0     0     0     0     0     0     0     0     1
     2     1     0     0     0     0     0     0     0     0     1     0
     2     0     0     2     0     0     0     0     0     0     2     0
     2     0     0     3     0     0     0     0     0     0     2     1
     0     4     1     1     0     0     0     0     0     1     1     4
     1     1     2     0     0     0     0     0     0     0     0     5
     0     0     1     1     0     1     0     0     0     0     0     2
     1     0     1     2     0     0     0     1     0     0     1     0
     2     1     1     0     0     0     0     0     0     0     0     2
     1     0     1     0     0     0     0     0     0     0     0     2
     0     0     1     0     0     0     0     0     1     0     1     1
     2     0     0     0     0     1     1     0     0     0     2     0
     3     0     1     4     0     0     0     0     2     0     2     0
     2     3     2     0     2     2     3     1     3     2     2     0
     2     6     5     3     5     2     5     1     4     4     8     5
     5     2     8     5     7     8     1     0     2    10     7     4
     1     2     7     7     2     3     0     2     2     5     1     4
     1     1     1     1     2     1     0     0     0     5     1     0
     2     1     1     0     2     0     0     1     1     2     1     0
     2     1     0     0     0     1     0     0     0     1     0     0
     0     0     1     2     0     0     0     0     0     1     0     1
     1     0     0     0     0     0     0     0     0     2     0     3
     2     0     2     1     0     0     0     0     0     0     3     5
     1     2     6     4     0     0     1     0     2     0     2     3
     1     4     4     1     0     0     1     0     0     0     2     3
     5     3     4     9     1     0     0     1     0     3     3     8
     6     4    11     3     4     0     0     1     2     3     3     8
     2     3     3     0     4     0     1     1     0     1     1     2
     1     3     5     1     4     1     0     2     0     0     1     1
     0     4     2     1     0     0     0     0     0     1     2     0
     0     8     5     4     2     0     0     1     0     0     2     5
    14
     0     1     1     7     4     0     0     0     0     0     1     1
     0     1     5     2     2     1     0     1     0     0     3     0
     0     2     6     4     2     0     0     1     0     0     0     0
     0     0     1     2     1     0     0     1     0     0     0     0
     0     0     0     0     0     0     0     0     0     0     0     0
     0     0     0     0     0     0     0     0     0     0     0     1
     0     1     1     0     0     0     0     0     0     0     0     0
     2     1     0     1     0     1     0     0     0     0     0     0
     2     0     0     0     0     0     0     0     1     3     0     1
     0     0     0     2     0     1     0     0     0     0     1     0
     0     0     4     4     0     0     0     0     0     0     2     1
     0     0     0     1     0     0     0     0     0     1     1     0
     0     0     0     1     0     0     0     0     0     0     0     2
     1     1     3     0     1     0     0     0     0     0     0     0
     1     0     0     0     0     0     0     0     0     0     0     1
     2     0     1     0     0     0     0     0     0     0     1     0
     1     0     0     0     0     1     0     0     1     0     1     1
     3     2     1     3     0     1     4     0     1     0     0     0
     4     5     4     1     1     1     2     0     3     3     4     3
     8     7     3     1     1     1     3     3     9     4     5     1
     7     2     4     3     6     5     1     2     2     6     3     2
     0     1     2     1     4     1     0     0     1     2     3     3
     1     0     0     1     1     1     0     1     0     3     0     2
     0     0     1     0     1     0     0     1     0     1     0     0
     0     1     0     0     0     0     0     0     0     0     0     0
     1     0     0     0     0     0     0     0     0     0     2     0
     1     4     1     0     0     0     0     0     0     0     1     0
     2     1     2     1     0     0     0     0     0     0     1     5
     2     0     2     1     0     0     0     0     0     0     4     6
     0     0     2     3     0     0     0     0     0     1     0     0
     2     1     4     4     0     0     2     0     0     2     2     3
     5     2     6     3     0     0     1     2     0     2     6     2
     0     0     1     0     0     0     0     0     1     1     0     2
     0     1     3     1     0     0     0     1     1     0     0     0
     0     3     1     0     1     0     0     0     0     0     0     0
     0     1     0     2     4     0     0     3     0     0     2     1
    15
     0     0     0     1     2     0     0     0     0     0     2     1
     0     0     2     0     2     0     0     0     0     0     0     0
     0     2     1     1     0     0     0     0     0     0     1     0
     0     1     2     0     0     0     0     0     0     0     0     0
     0     1     0     1     0     0     0     0     0     0     0     0
     0     0     0     0     0     0     0     0     0     0     0     0
     0     0     0     0     0     0     0     0     0     0     0     0
     1     0     0     0     0     0     0     0     0     0     1     0
     0     0     1     1     0     0     0     0     0     0     1     0
     0     0     2     0     0     0     0     0     0     0     0     1
     0     0     0     2     0     0     0     0     0     0     0     0
     0     0     0     1     1     1     0     0     0     1     1     0
     1     1     0     1     0     0     0     0     0     0     0     0
     0     0     1     0     0     0     0     0     0     1     1     0
     0     0     0     0     0     0     0     0     0     0     0     1
     0     0     0     0     0     0     0     0     0     0     0     0
     2     0     0     0     0     0     0     1     0     0     1     0
     0     1     0     0     0     0     0     0     1     0     2     1
     3     2     2     0     0     1     2     2     3     1     2     1
     2     1     4     2     0     2     1     1     3     5     4     3
     1     2     2     0     2     1     1     0     3     1     0     1
     2     0     1     0     1     0     0     0     0     1     1     4
     1     0     0     2     1     0     0     3     0     1     0     1
     0     0     0     0     0     0     0     0     0     0     0     0
     0     2     0     0     0     0     0     0     0     0     0     0
     0     0     0     0     0     0     0     0     0     0     0     0
     2     0     0     1     0     0     0     0     1     0     0     1
     3     0     1     0     0     0     0     0     0     0     1     1
     3     0     0     0     0     0     0     0     0     0     1     1
     0     1     0     1     0     0     0     0     0     0     1     3
     4     1     0     2     0     0     0     0     0     1     0     0
     3     0     4     0     0     0     0     0     0     1     0     2
     1     1     1     0     0     0     0     0     0     0     0     0
     0     0     1     1     0     0     0     0     0     0     0     0
     0     1     0     0     0     0     0     0     0     0     0     1
     0     0     2     1     1     0     0     0     0     0     0     1
    16
     0     0     0     1     0     0     0     0     0     0     1     0
     0     1     0     0     0     0     0     0     0     0     1     0
     0     5     3     1     0     0     0     1     0     0     0     0
     0     0     0     0     0     0     0     0     0     0     0     0
     0     0     0     1     0     0     0     0     0     0     0     0
     0     0     0     0     0     0     0     0     0     0     0     0
     0     0     0     0     0     0     0     0     0     0     0     0
     0     0     0     0     0     0     0     0     0     0     0     0
     1     1     2     0     0     0     0     0     0     0     1     0
     0     0     0     1     0     0     0     0     0     1     0     0
     0     0     1     1     0     0     0     0     1     0     1     0
     0     0     0     2     0     0     0     0     0     0     0     0
     0     0     0     0     0     0     0     0     0     0     1     0
     1     1     0     0     0     0     0     0     0     0     0     0
     2     0     0     0     0     0     0     0     0     0     0     1
     0     0     0     0     0     0     0     0     0     0     0     1
     0     1     0     0     0     0     0     0     1     0     0     1
     0     0     0     0     0     0     0     0     1     0     2     0
     0     3     2     0     0     1     2     0     0     0     1     2
     4     3     8     2     0     0     1     2     3     1     4     2
     1     2     3     1     2     0     0     0     0     2     1     0
     3     1     1     1     0     0     0     0     0     0     1     1
     0     0     0     1     1     0     0     0     0     0     0     2
     0     0     0     2     0     0     0     0     0     0     0     0
     0     0     0     0     0     0     0     0     0     0     0     0
     1     0     0     0     0     0     0     0     0     0     0     0
     2     1     0     0     0     0     0     0     0     0     1     2
     2     0     0     0     0     0     0     0     0     0     1     0
     1     0     0     0     0     0     0     0     0     0     0     1
     0     1     4     0     1     0     0     0     0     0     0     3
     2     1     1     0     0     0     0     0     0     0     0     0
     1     0     5     1     0     0     0     0     0     1     0     2
     0     0     0     0     0     0     0     0     0     0     0     0
     0     0     0     0     0     0     0     0     0     0     0     0
     0     0     0     0     0     1     0     0     0     0     0     0
     0     0     0     0     0     0     0     0     0     0     2     0
    17
     0     1     0     0     0     0     0     0     0     0     1     0
     0     0     0     0     0     0     0     0     0     0     0     0
     0     0     0     0     0     0     0     0     0     0     0     0
     0     0     0     1     0     0     0     0     0     0     1     0
     0     0     0     0     0     0     0     0     0     0     0     0
     0     0     0     0     0     0     0     0     0     0     0     0
     0     0     0     0     0     0     0     0     0     0     0     0
     1     0     1     0     0     0     0     0     0     0     0     0
     0     0     0     0     0     0     0     0     0     0     0     0
     0     0     0     0     0     0     0     0     0     0     0     0
     0     0     1     2     0     0     0     0     0     0     0     0
     0     0     0     0     0     0     0     0     0     0     0     0
     0     0     0     0     0     0     0     0     1     0     0     0
     0     0     0     0     0     0     0     0     0     0     0     0
     1     0     0     0     0     0     0     0     0     0     0     0
     0     0     0     0     0     0     0     1     0     0     0     0
     0     0     0     0     0     0     0     0     0     0     0     0
     0     0     0     0     0     0     0     0     1     0     0     2
     1     0     5     0     0     0     0     0     2     0     1     2
     3     0     7     0     0     0     0     0     5     1     0     0
     3     0     0     1     0     0     0     0     2     1     0     0
     4     0     1     0     0     0     0     1     0     1     2     3
     1     0     0     1     0     0     0     0     0     0     0     0
     0     0     0     1     0     0     0     0     0     0     0     0
     0     0     0     0     0     0     0     0     0     0     0     0
     1     0     0     0     0     0     0     0     0     0     0     0
     2     1     0     0     0     0     0     0     0     0     0     0
     0     0     0     0     1     0     0     0     0     0     0     1
     0     0     0     0     0     0     0     0     0     0     0     0
     1     0     0     0     0     0     0     0     0     1     0     1
     0     0     0     0     0     0     0     0     0     0     0     0
     1     0     1     0     0     0     0     0     0     0     1     1
     0     0     0     0     0     0     0     0     0     0     1     1
     0     0     0     0     0     0     0     0     0     0     1     0
     0     1     0     0     0     0     0     1     0     0     0     0
     0     0     0     0     0     0     0     0     0     0     0     0
    18
     0     0     0     0     0     0     0     0     0     0     0     0
     0     0     0     0     0     0     0     0     0     0     0     0
     0     0     0     0     0     0     0     0     0     0     0     0
     0     0     0     0     0     0     0     0     0     0     0     0
     0     0     0     0     0     0     0     0     0     0     0     0
     0     0     0     0     0     0     0     0     0     0     0     0
     0     0     0     0     0     0     0     0     0     0     0     0
     1     0     0     0     0     0     0     0     0     0     0     0
     0     0     1     0     0     0     0     0     0     0     0     0
     0     1     0     0     0     0     0     0     0     2     0     0
     0     0     0     0     0     0     0     0     0     0     1     0
     0     0     0     0     0     0     0     0     0     0     0     0
     0     0     0     0     0     0     0     0     0     0     0     0
     0     0     0     0     0     0     0     0     0     0     0     0
     0     0     0     0     0     0     0     0     0     0     0     0
     0     0     0     0     0     0     0     0     0     0     0     0
     0     0     0     0     0     0     0     0     0     0     0     0
     0     0     0     0     0     0     0     0     0     0     0     0
     0     0     3     0     0     0     0     0     1     0     0     1
     0     1     0     0     0     0     0     0     0     0     0     1
     1     0     0     0     0     0     0     0     0     0     0     0
     0     0     0     0     0     0     0     0     0     0     1     1
     0     0     0     0     0     0     0     0     0     0     0     0
     0     0     0     2     0     0     0     0     0     0     0     0
     0     0     0     0     0     0     0     0     0     0     0     0
     0     0     0     0     0     0     0     0     0     0     0     0
     1     0     0     0     0     0     0     0     0     0     0     0
     1     0     0     0     0     0     0     0     0     0     0     1
     0     0     0     0     0     0     0     0     0     0     0     0
     0     0     0     0     0     0     0     0     0     0     0     0
     0     0     0     0     0     0     0     0     0     1     0     2
     0     0     1     0     0     0     0     0     0     0     0     1
     0     0     0     0     0     0     0     0     0     0     0     0
     0     0     0     0     0     0     0     0     0     0     0     0
     0     0     0     0     0     0     0     0     0     0     0     0
     0     0     0     0     0     0     0     0     0     0     0     0
    19
     0     0     0     0     0     0     0     0     0     0     0     0
     0     1     1     0     0     0     0     0     0     0     0     0
     0     0     0     0     0     0     0     0     0     0     0     0
     0     0     0     0     0     0     0     0     0     0     0     0
     0     0     0     0     0     0     0     0     0     0     0     0
     0     0     0     0     0     0     0     0     0     0     0     0
     0     0     0     0     0     0     0     0     0     0     0     0
     0     0     1     0     0     0     0     0     0     0     0     0
     0     0     0     0     0     0     0     0     0     0     0     0
     0     1     0     0     0     0     0     0     0     0     0     0
     0     0     0     0     0     0     0     0     0     0     0     0
     0     0     0     0     0     0     0     0     0     0     0     0
     0     0     0     0     0     0     0     0     0     0     0     0
     0     0     0     0     0     0     0     0     0     0     0     0
     0     0     0     0     0     0     0     0     0     0     0     0
     1     0     0     0     0     0     0     0     0     0     0     0
     0     0     0     0     0     0     0     0     0     0     0     0
     0     0     0     0     0     0     0     0     0     0     0     1
     0     1     0     0     0     0     0     0     0     0     0     0
     1     0     1     0     0     0     0     0     0     0     0     0
     0     0     0     0     0     0     0     0     0     0     0     0
     0     0     0     0     0     0     0     0     0     0     0     1
     1     0     0     0     0     0     0     0     0     0     1     0
     0     0     0     0     0     0     0     0     0     0     0     0
     0     0     0     0     0     0     0     0     0     0     0     0
     0     0     0     0     0     0     0     0     0     0     0     0
     0     0     0     0     0     0     0     0     0     0     0     0
     0     0     0     0     0     0     0     0     0     0     0     0
     0     0     0     0     0     0     0     0     0     0     0     0
     0     1     0     0     0     0     0     0     0     0     0     0
     0     0     0     0     0     0     0     0     0     0     0     0
     0     0     0     0     0     0     0     0     0     0     0     0
     0     0     0     0     0     0     0     0     0     0     0     0
     0     0     0     0     0     0     0     0     0     0     0     0
     0     0     0     0     0     0     0     1     0     0     0     0
     0     0     0     0     0     0     0     0     0     0     0     0
    20
     0     0     0     0     0     0     0     0     0     0     0     0
     0     0     0     0     0     0     0     0     0     0     0     0
     0     0     0     0     0     0     0     0     0     0     0     0
     0     0     0     0     0     0     0     0     0     0     0     0
     0     0     0     0     0     0     0     0     0     0     0     0
     0     0     0     0     0     0     0     0     0     0     0     0
     0     0     0     0     0     0     0     0     0     0     0     0
     0     0     1     0     0     0     0     0     0     0     0     0
     0     0     0     0     0     0     0     0     0     0     0     0
     0     0     0     0     0     0     0     0     0     0     0     0
     0     0     0     1     0     0     0     0     0     0     0     0
     0     0     0     0     0     0     0     0     0     0     0     0
     0     0     0     0     0     0     0     0     0     0     0     0
     0     0     0     0     0     0     0     0     0     0     0     0
     0     0     0     0     0     0     0     0     0     0     0     0
     0     0     0     0     0     0     0     0     0     0     0     0
     1     0     0     0     0     0     0     0     0     0     0     0
     0     0     0     0     0     0     0     0     0     0     0     0
     1     1     2     0     0     0     0     0     0     0     0     0
     0     0     1     0     0     0     0     0     0     0     0     0
     1     0     0     0     0     0     0     0     0     0     0     1
     0     1     0     0     0     0     0     0     0     0     0     0
     0     0     0     0     0     0     0     0     0     0     0     0
     0     0     0     0     0     0     0     0     0     0     0     0
     0     0     0     0     0     0     0     0     0     0     0     0
     1     0     0     0     0     0     0     0     0     0     0     0
     0     0     0     0     0     0     0     0     0     0     0     0
     2     0     0     0     0     0     0     0     0     0     0     0
     0     0     0     0     0     0     0     0     0     0     0     0
     0     0     0     0     0     0     0     0     0     0     0     0
     0     0     1     0     0     0     0     0     0     0     0     0
     0     0     0     0     0     0     0     0     0     0     0     1
     0     0     0     0     0     0     0     0     0     0     0     0
     0     0     0     0     0     0     0     0     0     0     0     0
     0     0     0     0     0     0     0     0     0     0     0     0
     0     0     0     0     0     0     0     0     0     0     0     0
