21
Greenwood, NS 8202000
     0
      -9.500      -9.000      -3.500       2.000       7.800      13.300
      16.800      16.700      12.100       6.500       1.100      -6.100
      -4.800      -4.500        .200       5.000      11.800      17.200
      20.600      20.000      15.600      10.000       4.000      -1.800
        .000        .000       3.400       8.900      16.000      21.100
      23.800      23.300      19.000      13.900       8.100       2.100
      72.000      68.000      60.000      52.000      48.000      52.000
      53.000      54.000      55.000      59.000      66.000      72.000
      80.000      77.000      74.000      73.000      70.000      71.000
      72.000      72.000      73.000      74.000      79.000      81.000
      87.000      86.000      86.000      87.000      86.000      87.000
      88.000      88.000      89.000      89.000      89.000      89.000
       3.800       4.100       4.100       3.800       3.600       3.000
       2.700       2.700       3.000       3.000       3.600       3.800
       6.100       6.100       6.100       5.800       5.200       4.700
       4.100       4.100       5.000       5.200       5.800       6.100
       8.300       8.300       8.300       7.700       7.200       6.600
       6.100       6.100       6.600       7.200       7.700       8.300
     260.000     270.000     270.000     270.000     260.000     250.000
     250.000     250.000     260.000     250.000     260.000     270.000
     1
      -4.794      -4.502       -.009       5.664      11.993      17.131
      20.322      19.829      15.487      10.136       4.700      -1.890
      78.905      76.199      72.289      68.899      66.946      68.447
      69.819      70.412      71.347      72.949      76.843      79.498
     2
    18    12    25    22    19    22    12    22    18    14    18     9
    16     9    22    16    28    24    22    25    22    13    15    12
    31    23    26    28    35    41    35    35    33    29    19    21
    22    24    24    25    28    32    26    31    33    24    20    25
    20    20    23    23    41    43    23    27    27    31    21    19
    32    23    33    40    36    31    26    30    29    25    22    23
    25    15    21    24    34    32    26    22    13    17    16    24
    14    19    16    20    31    23    17    24    17    14     9     8
     8    10    12    22    28    27    25    18    17    16    13     7
     7     6     4     8    19     9    17    11    16     6    15    16
     9     7     9     6     7     7    12     7     5     9     7     8
     7     4     7    15    13    13    14    19    10    12     5     5
     6     7     4    11     9    19    13     8    11    16     4     8
     4     1     4     6    10    14    12    13     9    12     9     7
    10     8     7    10    13    24    20    22    10    19     6     6
     8     2     8    10    23    28    18    20     7    15     3    15
     9     4     7     8    12    19    16    13    12     7    10     9
    10     7    13    11    12    25    22    31    21    15    18     9
    16     8    12    17    21    31    28    31    23    26    14     7
    17     3     8     5    16    25    25    31    23    15    19    10
    13    14    24    20    30    59    70    52    45    29    20    26
    13    22    12    17    28    51    59    68    36    31    11    16
    18    10    14    20    40    56    91    69    41    42    30    13
    31    22    22    35    53    72   122   106    67    58    27    24
    25    24    18    33    51    81   108   105    49    42    20    17
    19    25    29    16    50    63    85    85    57    55    18    24
    26    28    26    37    53    66    91    75    57    33    31    23
    16    16    24    21    37    42    57    47    34    21    20    16
     8    16    17    10    20    33    52    41    29    20     5     8
     8    12    22    20    24    27    34    34    21    26     7    12
     7    10     7    14    23    28    29    19    16    18     5     6
     6     7     9    13    13    32    30    13    15    11     7     5
    11    14    26     9    19    34    30    33    32    17    15     7
     7     7    13     2    19    34    24    32    23    18    13     7
    13    20    11    20    19    30    25    25    28    17    21     8
    11    13    24    17    25    22    24    24    16    18    10    12
     3
     5     1     6     9     7     9     9    11     9     4     5     5
     2     9     5    12    14     9    12     7     7    12     9     6
    21    11    15    11    25    13     9    14    19    15     8    19
    20    13    12    23    22    14     8    21    23    20    10    16
    24    24    19    16    28    30    18    23    17    24    11    17
    25    20    22    30    30    32    20    22    23    22    19    22
    12     8    17    17    17    20     8    23    15     8    15     9
     2     8     8     9    18    10    10    11    11     6     6     7
     6    10     5    11    17    21     9    18     8     7     7     9
     3     2     1    10     8     2     8     6     5     3     1     2
     4     1     4     8     6     3     6     4     1     1     1     6
     6     3     8     7     6     7     8    10     2     6     5     0
     2     3     1     9     6    10     6     9     5     3     5     1
     4     2     2     5     4     6    13     5     4     8     2     3
     2     1     7     5    18    10    16    10     4     9     3     7
     6     2     4     8     9    14    13    12     7     8     6     7
     6     5     8     4    10    13    10     8     3     6     3     5
     5     5     8     8     4    16    26    18     8    11    10     8
     6     3     8    11     6    15    18    16    11    11    11     6
     6     7    10     5    15    14    24    17    12     5    11    10
    16     5    11    12    26    36    49    24    18    40    18    13
    14    13    19    19    30    37    47    39    26    25    14    11
    11    10    24    18    25    36    53    63    40    28    15    16
    19    17    29    40    34    68   104    69    46    37    26    20
    13    13    12    24    32    60    76    63    49    30    19     9
    11    16    16    16    25    50    51    51    36    18    16    11
    12     9    23    29    28    50    66    67    27    16    16    15
     3     7    17    20    27    35    30    33    16    18    10     5
     5    13    13    11    19    24    26    34    22     8    11     9
    11    12    20    12    27    31    30    27    15    16     4     7
     3     8    13     8    11    17    21    28    13    14     5     5
     4     4     9     9    18    13    14    20    11     6     8     4
     4     8     7     8    19    17    16    21     8    13    11     5
     7     6    15     9    10    22    19    20     9    12     5     7
     5     1     9    13    10    12    13    20     7     6     6     4
     9     7    15    15    11    13    13    25     7    13     7     8
     4
     5     7     8    15    26    20    13    14    21    22    17    10
    11    14    17    21    27    17    16    16    19    18    15     9
    21    10    21    40    32    22    18    30    21    29    14    17
    37    21    20    28    30    39    26    35    35    29    28    21
    35    30    46    41    64    46    25    35    43    47    33    52
    35    36    44    46    71    64    31    50    46    41    28    39
    25    24    25    21    59    38    26    32    23    15    24    23
    16     8    18    31    38    22     9    17    11    11     5    19
     8    13    17    20    29    18     8    14    12    12    12    11
     7     5     7     9    17    11     4    12     7     9     6     4
     6     7     7    12    14    11     2     9     6     5     8     6
    10     5     7    13    18    22     6    12     9     9     6     5
     7     7     8    12    12    16    10    15     9    10     4     4
     5     4     7    12    30    15    13    15    12     9     5     6
     4     5     7    14    17    21    22    21    15    17     8     8
     7     5     6    11    20    23    19    19    10    17     6     4
     4     8    12    13    17    37    33    20    13    14    10     6
    18     8    17    15    15    33    30    29    14    13    15    12
    13     4    13    13    29    29    27    18     6    25     9    15
    21     6     8    12    14    25    40    32    28    29    17    21
    28    19    21    32    34    34    61    52    49    47    38    29
    23    27    22    31    39    57    84    55    43    33    32    35
    28    23    28    26    36    74   109    93    69    46    31    30
    45    30    30    41    60   108   166   139    91    63    37    32
    25    35    44    41    63   105   153   128    86    41    26    34
    30    35    27    44    64    92   118    86    64    32    30    22
    28    35    38    49    58    82   103    84    71    39    30    19
    22    23    39    38    48    63   101    80    57    31    22    22
    16    20    26    40    38    50    66    53    41    21    27    28
    16    24    38    42    44    63    72    60    37    28    17    13
     9    13    31    37    34    35    42    35    29    24    16    13
     7    12    24    28    35    29    23    25    24    23    15    17
    12     8    22    38    34    39    37    44    34    27    22    12
    10    10    26    26    18    32    41    29    21    26    18     7
     8    17    22    29    27    31    31    33    23    24    14    11
     9     8    15    33    22    20    29    30    23    23    11     9
     5
     8    15    17    24    22    13     9    14    11    16    15     6
     3     9    17    27    20    13     8     9    10    15    13     5
    11    20    29    26    41    32    17     9    15    22    14    16
    19    18    22    31    43    28    16    23    20    20    18    16
    21    38    39    36    52    47    18    26    31    25    31    40
    28    40    38    32    74    52    23    31    28    39    28    33
    22    21    28    34    38    27    10    32    17    16    12    17
    11    10    16    17    32    32     6    13    11     6     6    15
     8    10     8    17    19    18     6    12     6     6     5    13
     1     4     5    16    14    12     5     4     6     0     4     3
     5     4     3    13    10     6     4     4     2     5     4     4
     7     5     9    14    19    17     5     7     8     9     6     3
     4     6    11    12     8    13     7    16     7    10     3     3
     5     4     7     9    14    15    17    15     8     9     4     7
     6     4    15     9    22    23     9    18    12    12     5     4
     5     3    12    12    21    28    15    15    13    12     5     3
     4     5     7    17    23    29    15    21    16     9     7     9
    11     6    10    15    25    27    37    19    18    18    13    14
     9     7    11    14    17    23    16    26    17    18    18    10
    15     8    15    20    18    34    34    32    18    25    15    14
    22    17    20    24    36    30    43    52    24    40    26    21
    22    15    16    18    35    44    64    49    35    39    24    18
    26    18    18    35    35    55    76    64    46    41    23    27
    35    29    44    41    56    82   119    93    85    56    23    27
    25    35    43    32    37    73   115   105    87    51    25    26
    33    37    28    41    59    55   103   102    79    43    24    27
    28    41    42    37    69    87    93    88    72    45    36    31
    31    36    47    38    55    63   100    78    58    36    32    23
    20    24    22    35    56    59    67    64    56    30    26    23
    23    21    22    28    39    50    54    56    47    19    14    26
    11    13    23    32    29    32    36    20    22    19    15    12
     8    16    15    15    29    19    22    13    19    13    19    11
    16    13    18    35    31    19    28    33    31    15    22    13
     6     8    13    14    28    21    18    27    19    21    27    17
    10    11    27    19    27    32    18    30    19     9    23     6
    16     9    13    30    20    13    20    18    15    13    13    14
     6
     9     8    21    28    20    22     4    19    18    16    17     8
     9    18    29    32    31    25    10    14    18    16    10    10
    15    16    34    39    37    22     7    17    25    19    14    23
    23    25    35    43    35    36    13    11    27    23    25    16
    32    28    46    32    59    51    26    16    30    22    26    51
    35    58    42    50    64    50    22    19    15    23    31    27
    19    23    37    36    40    29    13    19    13    17    14    15
     7     6    15    17    21    21     7    11    12    10    17     7
     7     9     9    20     8     6     7     1     4     3     8     5
     4     6     4    11    14    12     4     2     4     4     2     6
     1     4     4    10     9    10     6     2     3     1     6     6
     2     6     9    18    19    16     6     4     4     5     4     4
     6     3    11    11    21    19     9     7     7    16     3     3
     6     4     6    17    16    16    12    17     7     4     2     8
     8     2    10    10    20    30    26    17    11    20     4     3
     6     4    12    14    25    30    18    23    16    16     5     2
     3    10    19    17    19    24    19    20    14    16    10     4
    10    12    14    15    31    43    32    29    23    15    15    10
     7    19    12    16    30    26    35    26    11    19    16     9
    11    11    17    16    35    27    47    39    31    24    29    20
    20    14    24    16    43    45    54    58    47    41    28    19
    21    23    25    23    37    44    56    41    34    49    33    27
    32    21    28    26    34    59    84    59    47    40    29    20
    42    20    36    50    52    84   109   111    87    66    23    40
    46    30    49    43    72    86   114   101    70    52    29    24
    39    47    48    45    61    76   107   103    86    60    32    41
    51    57    64    52    79    93    96   124    81    60    39    49
    49    56    48    61    67    90    90    83    72    46    45    56
    47    39    39    43    62    59    70    60    38    32    36    39
    39    37    34    56    32    45    54    52    53    26    28    31
    16    24    24    31    25    29    29    13    31    18    28    26
    13    15    21    33    28    19    18    18    22    16    14    22
    16    17    27    16    24    18    20    28    28    19    24    22
     9    17    17    32    23    25    14    16    19    20    29    12
    11    11    21    30    28    12    13    18    27    23    12    14
    12    13    22    38    21    19    17    14    24    19    13    14
     7
    10    15    23    29    24    16     3     5    11    20    19    16
    12    18    30    38    35    14     8     7    17    27    20     8
    15    21    37    49    47    31     7    10    16    36    14    13
    29    16    48    60    40    24     8    11    22    28     9    18
    23    27    36    59    46    33     9    13    27    25    25    23
    32    36    45    55    56    36     7    25    18    27    29    30
    22    18    33    49    45    26     9    10     5    12    17    20
    14     9    13    20    17    13     7     3     3     6    12     9
     7     8    10    17    12     5     4     1     3     9    12     2
     1     7     2    11     9     7     0     3     1     1     4     4
     1     1     6    13    18     5     5     3     5     0     2     3
     3     6    12    17    21    13     6     4     6     1     8     3
     4     2     5     8     7     9     5     6     6     4     6     3
     2     5    11     9    15    14     7     4     9     4     4     4
     4     6     9    14    21    24     7    13    10     6     2     0
     2     5     9    11    20    18    20    14    13    15     3     4
     5     7    18    20    20    23    13    10     9    14     4     8
     3     7    14    21    25    30    29    23    11    28     6     9
    11     9    19    17    27    29    30    22    12    23    13     5
    15    12    14    16    24    26    41    33    28    30    22    12
    27    26    27    20    45    48    41    36    23    38    33    18
    25     9    26    12    32    43    44    34    32    39    29    23
    19    19    26    20    41    47    69    50    32    43    17    22
    38    29    48    55    58    96    91    85    87    87    36    28
    35    36    48    32    50    79   101    96    93    71    40    36
    39    45    47    59    44    83    95   110    80    54    41    40
    70    68    63    78    65    82   104    96   104    57    54    73
    59    73    70    74    63    69    66    63    77    53    37    56
    59    60    46    48    41    46    44    41    46    23    54    53
    38    47    38    44    34    31    18    29    21    23    40    48
    14    28    30    22    25    23    13    20    16    24    19    26
    15    23    26    25    10    12     8     7    15    15    15    20
    19    17    21    21    18     7     5    16    20    17    19    17
     9    10    11    23    24     9    11    10    19    14    17    15
     7    11    19    33    26    12     5    11    16    14    20    15
     3    15    21    29    25    19     5    13    11    25    11     7
     8
     6    10    18    14    21     4     1     1    12    18     7    10
     7    10    21    41    38    10     2     6    15    14    13     9
    18    21    41    39    37    23     5     9    13    20    15     8
    16    25    42    48    38    24     2     9    14    21    21    10
    17    15    28    47    49    26    12     4    27    19    21    13
    17    35    27    32    42    21     7     4    13    16    23    22
     7    16    27    37    26    19     6     4     7     7    10    11
     6     6    11    27    13     5     2     1     0     6     6     8
     3     9     5    11     5     5     2     0     3     4     4     0
     4     2     8     9     5     2     1     1     2     2     2     4
     2     4     4    14     6     4     4     1     2     1     1     2
     0     3     2    12    18    16     3     2     2     3     4     1
     3     3     6     8    13     3     3     2     1     7     8     4
     2     4     8    11     8    13     2     4     6     6     1     3
     0     3    10     8    10     9     6     6     9     4     1     1
     4     3     7    14    18    11     9     8     6     8     4     6
     5     5    16    19    18    12     7     4     7    10     0     4
     5    10    12    14    20    19    17     9     8    13     7     5
    10     5    13    16    13    10    18    13     9    15    14    11
    13     9    15    11    18    16    19    17    23    14    19    12
    14    15    20    25    30    30    35    30    18    19    27     6
    14    17    23    17    24    35    31    21    35    27    22    18
    32    22    20    18    43    44    69    36    30    23    27    13
    39    26    30    34    50    56    89    63    57    48    16    22
    26    24    51    38    49    86    83    56    77    50    35    28
    40    46    52    57    50    65    59    69    52    45    29    48
    81    95    72    57    59    67    63    60    69    54    43    60
    54    64    55    52    62    46    45    30    50    52    49    53
    47    48    58    38    46    29    30    25    31    28    44    48
    27    41    40    33    24    19    11    12    16    27    43    43
    18    29    29    23    19     7     7    11    17    18    29    22
    11    17    21     8     8     5     4     2    11    14    22     9
    11     8    11     4     5     4     1     2     1    17    27    11
     9     8    10     7    13     2     2     2     5    14    13    12
     3     7    12    10     9     2     4     2     2    16     7    15
    10    10    17    12    13     5     4     4     5     3     7    17
     9
     4     7    12    19    17     4     0     3     4     1     4    10
     8    11    20    29    21     8     1     4     6    13    10     8
     7    26    30    48    25     7     1     1     8     9    11     8
     6    15    25    28    27    16     0     4     6    10    10     6
     6     8    27    28    21     6     1     3     7     9     9     7
    13    11    22    37    23    11     1     5     5     4     9    17
     8     8    10    20    17     9     1     2     1     5     9    10
     5     5     5    10     9     2     0     0     1     4     6     4
     1     5     2     7     6     0     0     0     0     0     0     1
     1     4     1    15     3     5     0     0     0     2     2     2
     0     0     4     5     6     0     0     2     0     2     1     1
     0     1     6     8     8     4     0     2     2     3     1     1
     1     3     7    10     7     7     1     1     2     2     0     1
     2     4     9     8     7     8     2     1     3     2     4     4
     2     2    14    15    10     6     1     3     5     6     2     5
     3     4     5    11     9     3     5     0     7     3     5     5
     4     6    10     2     5     6     5     3     6     2     6     7
     4     8    14    15     8     6     8     6    11     2     4     7
    12     8     9    14     9     5     9     4    13     5     5     6
    10    12    12     8    20     5    10    13    12     4     6     4
    13    16    17    13    15    15    13    15    18    11     8     5
    13    12    17    11    21    21    10    12    17    10    11     9
     9     9    20    14    20    20    34     9    20    26    15     7
    13    13    32    31    38    47    60    45    33    41    32    19
    19    28    39    40    51    50    35    34    50    39    41    20
    36    46    45    40    49    32    39    37    57    44    32    30
    62    68    72    62    48    45    36    30    46    35    44    47
    46    50    45    46    32    25    18    22    22    32    41    48
    43    43    30    28    30    21     6    11    15    18    26    37
    37    44    24    20    17     5     7     3     9    22    24    31
    17    18    15    11     4     3     2     6     8     9    15    32
     7     7    10     4     4     2     3     1     5     6    13     8
     7     4     5     6     3     3     1     0     3     4     9     8
    13     8     4     6     7     1     0     1     1     4     9     9
     8     3     5    14    12     3     0     1     1     4     7     7
     7     4     6    14     9     7     0     1     6     3     9     8
    10
     5     6     7    10     8     2     0     0     1     5     4     3
     3     8    17    13    11     4     0     1     4     3     8     0
     8     5    35    22    12     7     0     3     8     5     9     1
     8    13    11    14    17     4     1     2     5     9    10     4
     3    10    21    24    12     5     0     0     6     5     5     7
    14    13    16    23    16     8     3     4     5     2     4     8
    10     4     5    12     3     6     0     3     2     2     7    11
     8     3     4     4     2     4     1     2     0     3     1     2
     1     1     1     3     1     0     0     0     0     4     2     1
     0     1     1     3     5     1     0     0     1     2     2     0
     0     2     1     6     3     1     0     1     0     0     2     2
     0     1     3     2     6     2     1     0     1     1     0     1
     0     2     4     7     3     1     0     1     0     2     1     4
     1     0     5     9     2     3     0     0     0     2     1     1
     4     1     5    12     6     3     0     1     5     5     2     3
     2     2     2     8     8     2     0     2     3     3     4     4
     4     4     5     5     3     5     3     1     5     4     5     3
     1     4     1     6     6     4     2     4     5     1     3     2
     6     3     3     8     9     4     4     6     6     3     2     4
     4     1     7    11     9     4     3     8     5     4     4     4
     9     6     6     4    11    11    13     6     6     3     8     5
     6     5     7    13    16    10    15     3    11    12     6     5
     9     2    15    12    16    23    23     8    14    11    14    18
    15    13    17    16    21    37    34    16    26    29    12    12
    27    20    41    20    31    24    34    17    23    25    18    14
    37    26    37    42    34    34    32    27    23    34    31    33
    40    41    29    40    23    34    21    17    31    29    43    41
    45    45    31    30    27    15    16     9     7    24    31    37
    27    26    25    19    14    12     5     3     8    19    17    29
    23    17    12    15     9     3     0     4     7     7    15    20
     5    12     5     9     3     1     0     0     3     9    12    18
     8     5     5     3     1     0     2     1     2     6     7     2
     6     4     4     3     2     0     0     1     0     1     6     4
     5     1     3     1     1     1     0     0     1     3     4     5
     1     5     2     6     5     2     1     1     0     4     3     1
     3     4     4     3     5     1     0     3     2     8     3     2
    11
     0     4     8     8     3     2     0     0     0     4     3     2
     3     4     9    13     5     5     0     0     1     2     4     6
     3     8    12    20    10     2     0     1     3     3     6     2
     2    15     7    10    13     4     0     3     2     1     2     4
     4     5     8    16    12     1     2     1     1     3     1     6
    10     7     7    14     6     4     1     2     2     2     1     5
     6     2     8    10     1     5     0     1     1     1     2     5
     5     1     0     3     1     1     0     0     0     2     1     1
     0     3     2     2     0     1     0     0     0     0     3     0
     0     0     3     3     1     0     0     0     0     1     0     1
     0     1     3     2     1     1     0     2     0     1     1     3
     0     4     4     4     7     2     1     0     0     0     1     5
     0     1     9     7     1     0     0     0     0     2     2     2
     3     2     4     0     0     0     0     0     3     4     0     1
     3     4     6     6     5     0     0     0     3     0     1     2
     1     2     5     7     3     5     2     2     0     2     1     6
     2     2     4     5     5     2     1     1     3     1     4     3
     1     4     0     3     3     1     1     2     3     2     6     6
     3     0     2    10     3     2     4     0     2     1     3     2
     5     4     2     2     4     3     4     1     5     2     7     1
    10     6     2    16     6     6     7     5     3     5     4     7
     6     5     5     7     7     6     9     3     5     8     7     6
     9     2     7    12    17    16    19     3     5    11    11     7
    13    16    14    17     9    26    22     8    15     9     8    16
    13    22    24    19    27    19    23    14    26    26    16    14
    23    15    41    25    22    24    18     7     8    24    18    26
    36    44    46    36    23    20     5     4    16    18    39    24
    39    28    31    16    17     9     4     4     6    14    21    32
    18    22    15    13     6     4     4     5     1     9    16    18
    13    14    14     5     2     1     0     0     5    10    11    15
     5     7     6     3     1     0     0     0     4     4     3    18
     3     3     4     2     1     1     0     1     1     0     5     5
     2     2     5     0     0     0     0     0     1     2     4     4
     2     3     5     1     1     0     0     0     0     4     6     3
     2     2     4     4     0     0     0     0     2     1     3     2
     2     4     5     4     3     0     0     1     0     3     1     1
    12
     4     2     5     2     2     1     0     0     0     1     1     4
     2     1     6    11     3     3     0     0     0     2     4     2
     0     6     6    10     7     3     0     0     2     0     4     3
     1     3     4     7     4     2     1     1     0     2     0     3
     2     1     3     7     3     0     0     0     2     1     2     1
     7     1     5     5     4     5     2     0     0     0     0     4
     4     1     5     4     2     0     1     0     0     2     2     2
     0     1     3     3     0     0     0     0     0     1     1     0
     1     0     2     1     2     0     0     0     0     1     0     2
     0     0     3     1     0     1     0     0     0     0     0     2
     0     0     3     4     0     1     0     1     1     0     1     2
     0     0     3     2     1     0     0     1     0     2     0     1
     1     2     4     3     2     0     0     1     0     0     2     2
     2     2     2     4     1     0     0     0     1     2     2     1
     3     1     1     4     2     0     0     1     2     1     1     4
     2     1     1     5     1     0     0     1     1     3     4     1
     0     2     3     4     2     0     0     0     0     0     2     2
     1     3     7     2     1     3     2     1     2     1     1     1
     1     0     5     4     1     1     1     2     1     0     2     2
     3     1     6     2     3     2     2     1     1     0     0     6
     7     6     6     5     3     1     4     2     4     0     4     2
     5     3     3     7     2     2     3     0     8     4     3     3
     4     1     6     3    10     8     9     2     3     4     5     2
     7     7     8    18    21     9     6     8     6    11    10     8
     7    13    23    22    27    16    14     6     5    13     9     5
    25    11    33    17    12    11     9     5    17     8    14    14
    24    22    36    14    19    14     6     7    11    13    19    20
    25    23    18    17     6     5     2     3     1    11    24    16
    14    19    12    11     3     3     0     0     1    18     7    15
     6     7     7     5     0     1     0     0     0     3     7    11
     3     7     2     1     0     0     0     1     0     3     1     5
     3     3     1     0     0     1     0     0     0     1     1     1
     1     2     3     1     0     0     0     0     0     0     0     0
     3     0     0     2     0     0     0     0     0     0     1     0
     0     0     0     0     0     0     0     1     0     1     1     0
     1     2     0     3     1     2     0     0     0     5     1     0
    13
     2     1     9     1     0     0     0     0     0     0     0     2
     1     0     5     3     2     0     0     0     0     2     0     1
     1     1     2     2     2     0     0     0     0     0     2     0
     1     1     3     5     4     0     1     1     0     0     2     1
     2     1     0     2     2     1     0     0     0     0     1     1
     5     0     2     3     2     0     0     0     0     0     2     0
     0     1     4     0     0     1     0     1     0     0     1     0
     0     0     3     0     0     0     0     1     0     1     0     0
     0     0     0     1     0     0     0     0     0     0     0     1
     0     0     2     1     0     0     0     0     0     0     0     0
     0     0     1     0     0     0     0     0     0     1     0     1
     0     0     1     1     3     0     0     2     0     1     1     1
     0     0     1     7     1     0     0     0     0     1     1     3
     1     0     1     6     0     0     0     0     1     1     1     3
     3     0     3     3     3     0     0     1     1     1     2     0
     2     1     0     5     2     0     0     1     0     0     2     3
     2     1     2     4     1     0     0     0     0     2     1     1
     0     0     1     1     0     0     0     0     1     0     1     0
     0     0     6     2     0     0     1     1     0     2     4     0
     4     0     3     0     0     1     0     0     1     1     1     1
     1     1     1     1     1     0     0     3     1     0     0     1
     3     0     3     0     1     2     0     0     2     3     2     2
     3     2     2     1     5     2     1     0     2     5     1     3
     8     4     4     8     7     3     6     2     2     2     5     9
     6    10     7    10     6    15     3     1     8     6    10    11
    19     9    29    13    12     7    11     4     4     6    10    12
    18    20    22    11     8     0     3     3     2     2     7     7
    20    11    27     5     1     4     2     1     0     7     4    12
    10    10    16     4     2     0     1     1     1     3    10    10
     1     9     7     4     0     0     0     0     0     3     3     5
     0     3     1     1     0     0     0     1     0     4     0     2
     0     2     2     0     0     0     0     0     0     1     1     1
     0     0     0     0     0     0     0     0     0     1     1     1
     0     2     0     0     0     0     0     0     0     0     2     0
     0     2     1     0     0     0     0     0     0     2     2     0
     2     2     1     1     2     2     0     0     0     1     1     0
    14
     0     0     1     1     0     0     0     0     0     4     1     0
     0     0     1     5     0     1     0     0     0     0     0     2
     1     0     2     2     3     0     0     0     0     0     0     1
     1     0     2     3     4     0     1     1     0     0     1     1
     1     0     2     3     4     0     1     0     0     0     0     2
     2     1     6     5     1     0     0     0     0     0     0     0
     0     1     2     1     3     0     0     0     0     0     0     1
     0     0     1     0     2     0     0     0     0     1     0     0
     0     0     1     0     0     0     0     0     0     0     0     0
     0     0     1     0     0     1     0     0     0     1     0     0
     0     0     1     2     0     0     0     0     0     1     0     1
     0     0     2     1     1     0     0     0     1     0     1     1
     1     0     3     1     0     0     0     0     0     0     0     1
     1     0     0     1     2     0     0     0     0     0     0     0
     3     0     1     2     1     0     0     0     0     2     4     1
     1     0     1     3     0     0     0     0     0     0     0     3
     1     1     2     0     2     0     0     0     0     0     0     0
     1     0     5     0     1     0     0     0     0     0     0     1
     0     0     2     0     2     0     0     0     1     0     0     2
     2     2     3     1     0     0     1     0     1     0     1     2
     5     1     1     0     1     0     0     0     1     0     0     4
     0     1     2     2     1     0     0     0     1     0     3     0
     1     3     1     1     0     2     0     0     1     0     1     2
     4     2     1     7     5     5     3     1     1     3     4     2
     9     6     6     7    11     3     6     7     0     2     5     3
     4     5    22     7     8     8     2     1     2     7     6    10
    12    15    18     9     5     5     0     3     3     4     9     7
    17    11     8     4     1     0     0     0     0     1     8    10
     4     4     5     5     4     0     1     0     0     1     9     5
     4     2     2     1     0     0     0     1     0     1     1     4
     1     0     0     1     0     0     0     0     0     0     1     2
     0     0     0     0     0     0     0     0     0     0     0     0
     0     1     0     0     0     0     0     0     0     0     0     0
     0     0     0     1     0     0     0     0     0     0     1     1
     1     1     0     0     0     0     0     0     0     1     0     0
     0     0     1     0     0     2     0     0     0     0     1     0
    15
     0     1     0     0     0     0     0     0     0     0     0     2
     1     0     0     0     0     0     0     0     0     0     0     0
     0     0     1     0     0     0     0     0     0     0     1     0
     1     0     0     0     3     0     0     0     0     0     0     0
     0     0     0     1     0     0     0     0     0     0     0     1
     0     0     0     2     2     0     0     0     1     0     0     0
     0     1     1     0     0     0     0     0     0     0     0     0
     0     0     0     0     0     0     0     0     0     0     0     0
     0     0     0     0     0     0     0     0     0     0     0     0
     0     0     1     0     0     0     0     0     0     0     0     0
     0     0     2     1     0     0     0     0     0     0     0     0
     0     0     0     0     1     0     0     0     0     0     0     1
     0     0     0     1     0     0     0     0     0     0     0     1
     0     1     1     1     0     0     0     0     0     0     0     0
     2     1     0     4     0     0     0     0     0     0     0     0
     2     1     1     5     0     0     0     0     0     0     0     0
     0     0     0     0     1     0     0     0     0     1     1     0
     0     0     0     1     0     0     0     0     0     1     0     1
     1     0     0     0     0     0     0     0     0     0     0     1
     0     0     1     0     0     0     0     0     2     0     0     0
     1     0     1     0     1     0     0     0     0     0     0     1
     2     0     1     1     2     0     0     0     0     1     0     0
     0     1     1     1     1     1     0     0     1     1     1     0
     3     2     3     3     6     2     1     0     0     2     4     3
     7     2     1     1     3     2     0     3     1     0     3     2
     5     9     8     3     5     1     0     0     2     3     7     3
     9     3    17     6     3     2     0     0     3     0     5     5
     8     6     2     3     2     0     0     0     0     0     4     3
     2     2     7     1     0     0     0     0     0     0     1     2
     2     1     1     0     0     0     0     0     0     0     1     0
     0     1     0     0     0     0     0     0     0     0     0     0
     0     0     0     0     0     0     0     0     0     0     0     0
     0     0     0     0     0     0     0     0     0     0     0     0
     1     1     0     0     0     0     0     0     0     1     0     0
     0     1     0     0     0     0     0     0     0     0     0     0
     0     0     0     0     0     0     0     0     0     3     0     0
    16
     0     0     0     0     0     0     0     0     0     0     0     0
     0     0     0     0     0     0     0     0     0     0     0     0
     0     0     0     0     0     0     0     0     0     0     0     1
     0     0     3     1     0     0     0     0     0     0     0     2
     0     1     1     0     2     0     0     0     0     0     0     0
     1     0     1     1     1     0     0     0     0     0     0     0
     0     0     2     0     1     0     0     0     0     0     0     0
     0     0     0     0     2     0     0     0     0     0     0     0
     0     0     0     0     0     0     0     0     0     0     0     0
     0     0     0     0     0     0     0     0     0     0     0     0
     1     1     1     0     0     0     0     0     1     0     0     0
     0     1     1     1     0     0     0     0     0     0     0     1
     0     0     1     0     0     0     0     0     0     1     1     0
     0     0     0     1     0     0     0     0     0     0     0     2
     1     3     2     3     1     0     0     0     0     0     2     3
     0     0     3     1     0     0     0     0     0     0     1     0
     0     0     2     0     0     0     0     0     0     0     0     0
     2     0     1     0     1     0     0     0     0     0     1     0
     0     0     2     0     0     0     0     0     0     0     0     0
     1     1     0     0     0     0     0     0     0     0     0     0
     0     1     1     1     0     0     0     0     0     0     0     0
     1     0     0     0     1     0     0     0     0     0     0     0
     1     0     1     0     1     0     0     0     0     0     0     0
     3     0     0     2     2     0     0     0     0     1     2     1
     3     2     0     2     1     1     1     0     0     0     2     1
    10     4     2     5     4     0     0     0     2     0     4     4
     8     3    13     3     0     2     0     0     0     0     3     3
     3     3     7     3     0     2     0     0     0     0     3     3
     4     3     1     0     0     0     0     0     0     0     2     1
     0     0     0     0     0     0     0     0     0     0     0     3
     1     0     0     0     0     0     0     0     0     0     0     0
     0     0     0     0     0     0     0     0     0     0     0     0
     0     0     0     0     0     0     0     0     0     0     0     0
     0     0     0     0     0     0     0     0     0     0     0     0
     0     0     0     0     0     1     0     0     0     3     0     0
     0     1     1     0     0     0     0     0     0     0     0     0
    17
     0     0     0     0     0     0     0     0     0     0     0     0
     0     0     0     3     0     0     0     0     0     0     0     2
     0     0     0     0     0     0     0     0     0     0     0     0
     0     0     1     0     0     0     0     0     0     0     0     0
     0     0     0     0     0     0     0     0     0     0     0     0
     0     2     0     1     2     0     0     0     0     0     0     0
     0     1     0     0     0     0     0     0     0     0     1     0
     0     0     0     0     0     0     0     0     0     0     0     0
     0     0     0     0     0     0     0     0     0     0     0     0
     0     0     0     0     0     0     0     0     0     0     0     0
     0     0     0     0     0     0     0     0     0     0     0     0
     0     1     0     0     0     0     0     0     0     0     0     1
     0     0     1     0     0     0     0     0     0     0     1     3
     0     0     1     0     0     0     0     0     0     0     0     1
     0     3     0     0     0     0     0     0     0     0     0     1
     2     0     1     1     2     0     0     1     0     0     0     1
     0     0     0     0     1     0     0     0     0     0     0     0
     0     0     0     0     0     0     0     0     0     0     0     0
     0     0     1     0     0     0     0     0     0     0     0     0
     0     1     0     1     0     0     0     0     0     0     0     0
     1     0     0     0     0     0     0     0     0     0     0     1
     0     0     0     0     0     0     0     0     0     0     0     0
     3     0     0     1     1     0     0     0     0     1     0     0
     0     1     1     1     1     0     0     0     0     2     0     1
     3     1     0     1     4     0     1     0     0     3     0     1
     5     3     2     0     4     0     1     0     0     3     0     2
     3     1     1     0     1     0     0     0     0     1     3     0
     3     4     2     1     0     0     0     0     0     0     2     4
     0     1     0     2     0     0     0     0     0     0     2     2
     0     0     0     0     0     0     0     0     0     0     0     3
     0     0     1     0     0     0     0     0     0     0     0     0
     0     0     0     0     0     0     0     0     0     0     0     0
     0     0     0     0     0     0     0     0     0     0     0     0
     0     0     0     0     0     0     0     0     0     0     0     0
     0     0     0     0     0     0     0     0     0     0     0     0
     0     0     0     0     0     0     0     0     0     0     0     1
    18
     0     0     0     1     0     0     0     0     0     0     0     0
     0     0     0     0     0     0     0     0     0     0     0     0
     0     0     0     0     0     0     0     0     0     0     0     0
     0     0     0     0     0     0     0     0     0     0     0     0
     0     0     1     0     0     0     0     0     0     0     0     0
     0     1     0     0     0     0     0     0     0     0     0     0
     0     2     0     0     0     0     0     0     0     0     0     0
     0     0     0     0     0     0     0     0     0     0     0     0
     0     0     0     0     0     0     0     0     0     0     0     0
     0     0     0     0     0     0     0     0     0     0     0     0
     0     0     0     0     0     0     0     0     0     1     0     0
     0     0     0     0     0     0     0     0     0     0     0     0
     1     0     0     0     0     0     0     0     0     0     0     2
     0     0     1     0     0     0     0     0     0     0     0     1
     0     0     0     0     0     0     0     0     0     0     0     0
     2     0     0     0     0     0     0     0     0     0     0     1
     1     0     0     0     0     0     0     0     0     0     0     0
     0     1     0     0     0     0     0     0     0     0     1     0
     0     0     0     0     0     0     0     0     0     0     0     0
     0     0     0     0     0     0     0     0     0     0     0     0
     0     1     0     0     0     0     0     0     0     0     0     1
     0     0     0     0     0     0     0     0     0     0     0     0
     0     0     0     0     0     0     0     0     0     0     0     0
     0     2     0     2     0     0     0     0     0     1     0     0
     0     0     0     0     0     0     0     0     0     1     1     0
     2     0     1     1     2     0     0     0     0     0     3     2
     4     2     2     2     1     0     0     0     0     0     0     0
     2     0     0     0     0     1     0     0     0     0     3     1
     0     0     0     1     0     0     0     0     0     0     1     2
     0     0     0     1     0     0     0     0     0     0     0     1
     0     0     2     0     0     0     0     0     0     0     0     0
     0     0     0     0     0     0     0     0     0     0     0     0
     0     0     0     0     0     0     0     0     0     0     0     0
     0     0     0     0     0     0     0     0     0     0     0     0
     0     0     0     0     0     0     0     0     0     0     0     0
     0     0     0     0     0     0     0     0     0     0     0     1
    19
     0     0     0     0     0     0     0     0     0     0     0     0
     0     0     0     0     0     0     0     0     0     0     0     0
     0     0     0     0     0     0     0     0     0     0     0     0
     0     0     1     0     0     0     0     0     0     0     0     0
     0     0     0     0     0     0     0     0     0     0     0     0
     0     0     0     0     0     0     0     0     0     0     0     0
     0     1     0     0     0     0     0     0     0     0     0     0
     0     1     0     0     0     0     0     0     0     0     0     0
     0     0     0     0     0     0     0     0     0     0     0     0
     0     0     0     0     0     0     0     0     0     0     0     0
     0     0     0     0     0     0     0     0     0     0     0     0
     0     1     0     0     0     0     0     0     0     0     0     0
     0     0     0     0     0     0     0     0     0     0     0     0
     0     0     0     0     0     0     0     0     0     0     0     0
     0     0     2     0     0     0     0     0     0     0     0     2
     1     0     1     0     0     0     0     0     0     0     0     0
     0     0     0     0     1     0     0     0     0     0     0     0
     0     1     0     0     0     0     0     0     0     0     0     0
     0     0     0     0     0     0     0     0     0     0     0     0
     0     0     1     1     0     0     0     0     0     0     0     0
     0     0     0     0     0     0     0     0     0     0     0     0
     0     0     0     0     0     0     0     0     0     0     0     0
     1     0     0     0     0     0     0     0     0     0     0     0
     0     0     0     0     0     0     0     0     0     0     0     0
     0     2     0     0     1     0     0     0     0     0     1     2
     1     0     3     0     0     0     0     0     0     1     1     1
     4     4     1     1     0     1     0     0     0     0     0     2
     0     1     1     0     0     0     0     0     0     0     0     1
     0     1     1     0     0     0     0     0     0     0     0     0
     0     1     0     0     0     0     0     0     0     0     1     0
     1     0     0     0     0     0     0     0     0     0     0     0
     0     1     0     0     0     0     0     0     0     0     0     0
     0     0     0     0     0     0     0     0     0     0     0     0
     0     0     0     0     0     0     0     0     0     0     0     0
     0     0     0     0     0     0     0     0     0     0     0     0
     0     0     0     0     0     0     0     0     0     0     0     0
    20
     0     0     0     0     0     0     0     0     0     0     0     0
     0     0     0     0     0     0     0     0     0     0     0     0
     0     0     0     0     0     0     0     0     0     0     0     0
     0     0     0     0     0     0     0     0     0     0     0     0
     0     0     0     0     0     0     0     0     0     0     0     0
     0     0     0     0     0     0     0     0     0     0     0     0
     0     1     0     0     0     0     0     0     0     0     0     0
     0     0     0     0     0     0     0     0     0     0     0     0
     0     0     0     0     0     0     0     0     0     0     0     0
     0     0     0     0     0     0     0     0     0     0     0     0
     0     0     0     0     0     0     0     0     0     0     0     0
     0     0     0     0     0     0     0     0     0     0     0     0
     0     1     0     0     0     0     0     0     0     0     0     0
     0     0     0     0     0     0     0     0     0     0     0     0
     0     0     0     0     0     0     0     0     0     0     0     0
     0     0     0     0     1     0     0     0     0     0     0     0
     0     0     0     0     0     0     0     0     0     0     0     0
     0     0     0     0     0     0     0     0     0     0     0     0
     0     1     0     0     0     0     0     0     0     0     0     0
     0     0     0     0     0     0     0     0     0     0     0     0
     0     1     0     0     0     0     0     0     0     0     0     0
     0     0     1     0     0     0     0     0     0     0     0     0
     0     0     0     0     0     0     0     0     0     0     0     0
     0     0     0     1     0     0     0     0     0     0     0     0
     1     0     0     0     0     0     0     0     0     1     0     0
     1     1     1     0     0     0     0     0     0     0     0     1
     1     0     0     1     0     0     0     0     0     0     0     1
     1     0     0     0     0     0     0     0     0     0     1     1
     0     0     0     0     0     0     0     0     0     0     0     1
     0     0     1     0     0     0     0     0     0     0     0     0
     0     0     0     0     0     0     0     0     0     0     0     0
     0     0     0     0     0     0     0     0     0     0     0     0
     0     0     0     0     0     0     0     0     0     0     0     0
     0     0     0     0     0     0     0     0     0     0     0     0
     0     0     0     0     0     0     0     0     0     0     0     0
     0     0     0     0     0     0     0     0     0     0     0     0
