18
Gander, NF 8401700
     0
     -10.000     -10.700      -6.000       -.700       2.700       8.000
      13.300      12.800       8.900       3.200      -1.000      -6.800
      -6.000      -6.000      -2.300       1.100       6.400      12.400
      17.200      16.600      12.000       6.500       1.300      -2.800
      -1.800      -2.300        .600       4.300      11.100      16.800
      21.000      20.000      15.400      10.000       4.700        .000
      67.000      63.000      63.000      63.000      55.000      54.000
      57.000      60.000      61.000      65.000      70.000      72.000
      78.000      75.000      77.000      80.000      76.000      74.000
      74.000      76.000      77.000      78.000      81.000      81.000
      87.000      87.000      89.000      92.000      92.000      91.000
      88.000      88.000      89.000      89.000      91.000      90.000
       5.000       5.000       4.700       4.100       3.800       3.600
       3.600       3.600       3.600       4.100       4.700       4.400
       7.200       6.600       6.600       6.100       5.800       5.200
       5.200       5.200       5.500       6.100       6.600       6.600
       9.100       8.600       8.600       7.700       7.700       7.200
       6.600       6.600       7.500       7.700       8.300       8.800
     260.000     280.000     270.000     270.000     230.000     220.000
     230.000     240.000     240.000     260.000     260.000     270.000
     1
      -6.052      -6.330      -2.748       1.878       7.364      12.613
      17.147      16.545      12.248       6.848       2.137      -3.306
      76.402      74.068      74.778      75.971      72.192      71.483
      71.502      73.312      74.542      76.455      79.461      79.775
     2
     7     9     6    13     9    15    17    11    14     7     4     4
     2     7     4    11    25    19    22    18    18     7     6     5
     2     4     4    13    22    17    19    18    12     8    12     7
     6     5     5    11    23     9    24    11    12     7     4     8
     4     2     4     6     7    18     8    15    10     6     7     3
     6     8     3     9    12    27    13    13     6     3     6     5
     2     3     4     9    12    15    13    16    11     6    10     3
     1     3     2     6    10     8    19    11    14     3     4     3
    10     4     5    11    18    14    19    16    12     5     3     6
     3     9     7    10    10    12    14     9     8     6     8     4
     7     4     8    10    18    14    18    13     9     5     3     7
     8     8     7    14    21    18    25    19    15    10     3     6
     8     6     6    16    19    19    16    24     9     6     8     9
    13     4    15    12    19    24    21    29    20    15     7    10
     8    15     8    26    20    28    19    30    17    11     9     9
     7    17    11    20    29    17    22    12    22     8     8    10
    10     3    13    11    18    12    23    26    15    12     7     4
     6    14    12    15    27    24    31    33    14    22     9    11
     7     5    10    12    17    15    21    28    17     9    10    14
     5     8    10     5    18    21    31    29    15    10     8    10
     8    10     9    17    30    28    27    26    24    14    11    10
     5     6    11    21    24    35    47    44    32    11     8     7
    11     8    13     9    25    30    38    38    25    11     6     9
    10     9    15    18    29    42    61    62    34    25    12     4
    13    11    18    18    23    29    30    32    24    20     8     5
     4    15    16    15    17    12    30    28    19    15    10     3
    11    16    31    16    28    25    40    36    21    23    12    14
     8    11    15    13    16    18    31    24    16    19     9    18
    11    12    15    13    13    15    24    17    18    10    15    10
     7    14    17    15    20    19    24    25    29    14     8     9
    15     9    15    14    14    16    14    20    14    15     3    13
     5     9     9    15     8    13    19    19    16    10     4    10
     6     3    10    19    14    21    27    14    16    12     8     8
    10    10     6    15    16    23    20    21    16    15     2    13
     2     0     6    13    14    19    23    19    19    11     8     7
    11     5     8    17    23    22    31    23    13    12     7     6
     3
     6     5     3    25     7    16    19     5    10     7     4     2
     0     4     6    14    11    15    10     9    12     6     9     4
     7     2     6     7    18    14    11    20    17     7     1     6
     3     4     3     6    15    13    12    14     6     7     3     2
     3     1     5     9     5    16    12     4     8     3     3     4
     5     6     4     7    10    10    10    11    10     6     3     3
     2     5     8     9    13    12     7     7    10     2     1     2
     3     0     5     4     1    12     6    13     6     0     4     2
     4     1     6    15    10    15     8     7     9     2     4     4
     2     5     7    14     7    12    11    13     7     6     3     3
     2     5     5     7     8    12     8    14     5     0     5     4
     5     4     4    16    15    17    20    15    12     6     4     4
     7     3     5    19     9    14    17    16    12     3    11     5
     9     4     8    12    21    21    20    17    14     9     7     8
     7    12     7    11    22    27    19    13    10     8     7    10
     7     2     8    17    14    13    13    20     7     6     2     8
     7     7    13     6    21    11    17    10     8     3     4     6
     7    10     7    10    20    15    26    23    14    20     9    10
     9     5     7     8    18    12    34    10    14    17     3     6
     8     4     6    10    21    10    25    18    18     8     7     6
     8     6    18     8    20    22    29    20    23    12     6    10
    12     5     9     8    22    25    46    24    13    14     7     6
     6     6    11    13    18    22    39    28    22    10     5    12
    12     6    11    22    22    25    57    47    23    20     8    12
     3    10     7    10    36    20    55    32    14    13     6     9
     6    14    10    18    30    18    30    35    21    19     8     8
    19    13    22    10    31    27    44    47    24    22    13    20
    11     8    13    16    15    24    32    22    16     8    14     5
     8     9     9    16    11    13    19    21     9     8    10     4
    10     6     9    12    16    12    12    23    13    16    14     9
    10     9     8     9     5    10    14    13     8    11     5    11
     6    15     7     9    15    16    15    16    21    11    10    10
    14     2    13     5    13    17    14    10    11    11     5     9
     7     6     7    12     9    11    13    12    18    13     7     7
     1     8     5    12     7    15    15    11    14     8     4     9
     8     4    10    11    12    18    11    17    15    10     8     5
     4
     8    10    10    26    27    41    21    36    25    11     8     8
     7     3    15    26    25    44    26    20    25    13     5     9
     8     5    12    18    33    33    20    36    18    10     3     4
     3     9     8    19    21    30    18    24    10    12     5     5
     9     5     2    22    23    27    10    11     6    17     1     6
    10     7    10    16    18    25    19    16    24     8     2     6
     7     6     6    17    15    22    16    17    12     9     2     7
     3     2     8    11    18    24    14    20    14     6     6     5
     6     5    20    30    19    17    22    29    15     9     8     8
     8     2     9    23    17    31    21    24    21     7     6    18
     7    11     9    28    27    35    19    38    29     8    20     8
     5    15     9    32    31    47    44    47    27    26    17    21
    10    10    17    38    37    43    33    37    30    16    11    21
    13    18    17    36    50    64    44    35    38    26    14    12
    10    11    21    44    45    38    42    21    33    26    20    24
    20    19    17    26    25    29    31    18    26    23    18    20
    16    17    18    27    35    31    31    28    21     8    15    15
     9    14    21    37    41    30    48    33    30    22    17    22
    16    10    16    17    38    39    34    31    26    11    17    21
    10     9    18    18    38    34    53    32    23    22    17    17
    20    16    27    20    47    51    83    53    36    29    24    18
    14    15    20    20    46    37    98    61    36    28    21    19
    13    16    28    26    29    55    87    52    36    39    26    17
    19    23    25    39    57    71   139    93    61    69    36    22
    27    21    30    40    62    74   122   133    70    55    28    29
    23    40    35    42    64    63   110   114    82    47    24    25
    24    36    32    54    66    57   108    94    66    42    31    21
    30    22    30    32    46    28    55    43    24    37    23    36
    24    26    28    31    29    23    33    36    22    30    33    31
    20    21    27    36    29    19    21    33    24    22    23    29
    17    18    19    25    19    27    27    15    23    16    21    27
    19    19    22    23    39    16    36    32    20    26    14    19
    11    12    13    32    38    48    41    36    32    25    18    22
    21    13    25    19    34    46    28    35    37    24    12    18
     5    14    17    29    27    48    30    33    31    15     7    24
     4    13    24    20    47    49    24    31    31    21    10    17
     5
     3    12    14    29    34    22    21    14    12     7    11     6
     6     9    22    22    30    39    18    26    14    10     6     4
     4     5    17    19    24    35    16    21    25    13     5     2
     4     4    11    18    34    20    14    18    14    10     5     1
    11     9    11    14    14    13    11    11    13    10     6     3
     4    12     6    12    16     6    14    20     8     7     4     6
     8     6    14    15    18    19    11    16    17     6     3     3
     2     5    15    17     7    18    12    16    10     8     4     5
     5     4    14    21    14    14    17    16    16     2    10     9
     8     9    13    23    20    26    25    32     6     7     6     6
     1     8    10    27    28    41    32    27    20     6    11    11
     5    15    16    33    32    46    49    33    21    13    20    22
     5     6    11    31    38    43    48    37    21    12     7    13
    11    12    12    28    26    39    22    18    17    13    15    14
    11    13    15    23    21    38    26    16     7    11    13    17
    14    11    11    27    27    32    22    19    16    17    12    12
    17     9     5    24    25    37    33    22    15    18    22    12
    16    10    21    23    31    40    42    27    22    16    15    21
    14     6     8    19    26    24    46    26    20    17    18    14
    17     9    14    20    34    32    44    35    23    25    18    14
    19    10    26    24    42    44    88    51    20    24    15    16
    17    14    21    26    37    54    81    61    34    35    20    20
    23    25    19    31    25    55    78    64    34    44    29    24
    24    32    28    29    39    67    87    87    52    49    29    27
    17    40    32    37    70    55   123   100    61    47    34    17
    26    32    38    47    64    61   100   102    72    51    28    20
    25    38    46    42    47    59   101   109    60    62    46    33
    27    23    29    28    22    36    44    52    29    26    37    28
    25    18    27    23    24    16    18    29    19    31    24    26
    21    25    22    23    17    20    15    17    18    26    16    20
    23    17    20    15    26    18    18    20    15    16    20    13
    15    20    22    27    26    23    27    29    18    23    15    16
    10    14    22    23    25    41    26    21    30    21    15    20
     7    21    22    24    36    43    22    26    29    32     8    13
     2    11    24    29    48    46    36    32    31    18    14     9
     4    19    18    22    31    43    25    29    15    21     6     9
     6
     9    14    23    35    36    39    22    14    18    17     7    10
     7    11    31    33    40    38    12    24    21     7     9    10
     8    10    18    31    26    32    20    19    18    20     9     3
    12     8    23    27    37    21    14    15    20    14     6     9
     3     7    19    17    30    16     6     6    11     5     7     8
     6    14    17    20    29    14     9    18    13     8     0     7
     6     5     6    14    20    13    11    12    11     9     3     6
     4     3    12    27    15    16    14    17     6    11     3     1
     7     6    20    42    23    19    23    14    22    10    12    10
     3     5    20    46    42    32    33    22    12     5    12     5
    12     7    15    43    27    45    51    44    13     4    15     7
     7     4    22    31    36    58    41    41    27    15    12    13
     9     7     8    34    33    33    26    25    18    16    11    14
    10     7    19    36    49    33    29    17    12    16    11    19
    11    13    22    31    29    34    29    21    21    26    18    13
    17    14    16    36    27    25    33    25    23    17    15    13
    10    11    23    19    35    45    52    26    22    25    14    18
    17    21    20    27    53    39    60    31    32    14    23    16
    24    12    22    25    38    41    66    37    25    33    15    12
    17    13    20    21    45    46    65    43    48    35    25     8
    19    20    27    42    51    58   100    61    39    38    39    17
    30    20    32    28    45    64   103    86    52    36    24    29
    27    31    50    29    37    68    98    72    41    41    32    25
    48    35    37    44    64    96   124   104    72    57    49    46
    31    31    45    49    55    81    86   108    80    59    50    30
    49    48    62    57    62    68   113   102    81    63    47    27
    47    60    70    60    74    68    79    89    63    74    49    47
    61    33    36    43    30    32    53    49    32    40    42    43
    51    34    29    27    33    21    24    31    44    42    40    36
    31    27    26    33    17    18    20    26    31    44    30    25
    15    25    18    22    33    24    21    25    17    33    14    20
    16    23    33    31    36    41    22    41    17    28    25    20
    11    24    27    38    40    46    40    44    20    39    16    25
     4    31    20    33    35    49    21    34    20    45    12    24
    10    21    24    33    31    51    33    29    35    27    14    16
     6     8    24    32    54    43    28    25    26    21     7    12
     7
     6    24    24    25    41    25    14    12    17     8    11     6
    12    14    29    26    38    19     9    17    22    13     6     6
     5    20    22    21    40    20     9    13    16    13     6     5
     7     7    21    25    32    22     9     6    10     3     9     3
     2    16    22    20    21    11     6     8    12     9     3     4
     4    12    26    24    27    12     7    10     9     3     5     2
     6     9    15    11    11     7     5     9    11     4     1     5
     3     2    13    21    20    17     9    10     9    10     2     3
    13     7    19    34    25    23    14    14    11     8    10     9
    12     7    13    47    37    29    26    18    10     5    15    14
     8     6    19    45    35    36    37    33    15     7    10    10
    12    10    18    41    44    53    30    33    22    14    12    16
    16     8    24    32    37    37    24    17    13     6    15    19
    11     9    23    29    32    34    28     6    14    16    14    15
     3    12    26    33    32    31    22    10    18    17    16    19
    12    19    24    31    28    38    30    21    23    24    19    18
    14    19    26    38    34    46    47    19    34    28    24    17
    24    21    29    38    56    44    68    39    25    31    18    20
    22    21    17    28    42    57    85    49    37    34    24    16
    18    13    32    43    45    60    94    57    44    44    29    11
    21    24    38    37    40    72   129    80    54    47    30    22
    28    25    53    37    37    96    97    89    50    45    28    23
    48    43    50    44    43    95   130    99    64    61    44    34
    65    56    50    35    34    71   102   116    84    78    55    40
    54    49    45    54    42    65    98   109    98    73    58    40
    45    66    57    58    53    72    88    84   109    76    53    42
    47    52    72    60    56    63    59    80    85    74    49    52
    67    57    58    35    33    45    39    58    51    50    54    75
    49    48    35    24    29    20    20    21    51    32    39    38
    24    33    21    18    31    28    14    23    38    52    34    35
    30    23    29    31    38    30    20    35    22    31    38    19
    20    25    25    43    38    41    16    42    29    40    29    22
    17    24    32    44    58    34    35    49    37    34    10    21
     8    30    38    41    65    47    29    43    34    33    17    22
     7    11    23    24    47    46    19    41    28    38     9    15
     6    10    21    27    46    45    16    28    33    24    10     7
     8
     6    11    28    27    25    22     4    11    20    14     6     6
     7    16    27    16    38    15     9    11    13    14    14     6
     6     5    26    17    33    12     6    10     5    11    11     8
    10    11    24    28    35     6     3     6     4     5     7     1
     4    13    18    13    22     5     5     6     1     5     4     6
     5     9    17    16    28     4     7     4     5     5     2     5
     1    10    12    19    24     2     2     4     4     4     2     4
     8     8     6    22    20     7     7     2     8     6     5     1
    11     9    19    47    28    17     4    10    21     5     8     2
     9     7    19    39    38    17     8    15    10     9    11     3
     7     4    29    38    42    34    30    25    15     6    11     8
    12    10    21    35    29    35    25    17    21    10    17    17
     9     4    22    20    26    26    12     6    11    22    14    12
     9    22    16    30    27    22    17     3    16    14    13    16
    10     5    20    23    31    37    22     4    13    21    23    11
    14    13    24    19    22    35    36    15    24    27    19    17
    13    12    22    30    31    35    41    20    35    15    14    22
    17    19    25    32    48    48    70    35    45    26    25    17
    26    16    29    35    56    69    60    48    41    29    24    14
    15    15    31    29    35    77    66    48    55    33    26    17
    29    27    48    41    58    93    89    74    52    59    25    33
    49    44    39    34    58    84    95    84    60    60    45    26
    49    37    54    43    70    90    92    79    53    57    51    31
    69    61    58    58    46    68    76    96    82    79    74    62
    58    57    50    45    39    49    67    65    69    59    69    37
    43    65    61    50    44    49    55    61    80    68    63    40
    71    86    64    36    47    53    34    61    69    66    70    68
    78    92    54    28    21    41    27    24    44    38    69    88
    58    65    45    25    23    15    17    27    42    46    51    60
    33    36    35    28    24    26    13    26    29    31    35    43
    24    30    32    33    29    24    14    19    26    31    42    15
    26    43    47    46    45    30    16    30    24    44    31    14
    18    39    45    57    53    35    23    47    25    51    21    29
    10    27    36    37    63    41    16    34    35    39    27    18
    14    17    27    34    50    36    17    26    25    27    13     9
     9    11    31    19    57    31    13    14    20    22    12     7
     9
     9    12     8    28    10     8     4     4     6     9     3     4
     6     5    13    14    17     5     1     3     3     6    10     3
     3     2    19     6     8     6     1     7     2     6    25    10
     4     4    11    17    11     2     1     2     3     3    11     5
     3     7     9    10     8     4     0     1     1     2     5     1
     4    11    17     7    10     2     0     1     0     1     7     3
     7     8     7     1    15     3     1     0     2     3     0     3
     6     4     1    14    17     2     3     1     3     3     4     5
     4     6     5    33    34     7     4     0     5     9     6     6
     6     0    12    21    24     9     5     1     2     6     7     2
    11     1     4    18    26     9     7    11     7     4    14     4
     6     7    11    18    21    12     9     5    13     8    21    10
     9     5     6    20    10    14     4     2    10    10     6     7
     4     8    11    20     9    15     8     2     7    11     7     6
     4     2    17    19    10     8     3     1     4    17    10     9
     9     9    18    14    16    21    19     7    19    14    18     8
    10     6    11    26    18    21    19     6    16    18    18     9
    12    12    17    21    33    29    31    14    24    23    10     8
    14    14    22    20    34    34    31    30    34    16    16    12
    13    15    22    28    24    55    43    28    36    23    15    11
    17    21    29    40    45    66    50    39    37    23    11    17
    22    13    36    21    33    57    66    57    35    26    21    18
    35    25    46    25    41    53    56    46    33    34    33    21
    39    36    43    28    28    30    47    37    35    44    45    38
    36    44    34    21    16    18    24    35    43    46    35    26
    21    51    49    25    27    34    24    17    28    37    34    11
    61    54    38    23    46    18    16    31    44    38    45    40
    56    43    44    12    22    19    11    27    21    21    37    54
    42    43    40    17    16    13    11    12    23    30    38    52
    18    28    17    12    13    11     5     9    20    19    31    23
    16    27    27    23    20    20     4    15    20    27    17    15
    15    27    28    35    32    21     6    15    14    24    22    12
    15    35    27    37    33    25     5    23    12    15    17    12
    19    26    27    31    41    29    14    17    21    36    26    25
     8    15    19    25    33    17    13     9    16    25    10    12
    12     6    14    21    25    14     4     9    14    15     6     3
    10
     0     4     9    17     5     2     3     2     2     7     3     4
     3     6    13    15     5     0     0     3     2     5     1     5
     4     3     8    12     1     1     1     4     1     3     9     0
     3     4    14     6     2     1     1     1     0     2     4     0
     0     5     5     8     9     1     0     3     0     0     2     2
     3     4     4     2     6     1     0     0     1     0     2     3
     3     7     0     4     4     0     1     2     1     2     2     3
     4     3     4     6     9     0     1     0     0     3     1     3
     3     4     3    23    19     0     1     2     4     1     1     3
     3     1     7    12     5     5     1     1     2     8     3     3
     2     1     5    19     6     4     0     3     2     4     5     9
     2     4     7    12     6     6     0     3     4     5     5     8
     6     3     9     9     7     4     2     3     0     4     5    10
     8     9     6    15     4     6     2     0     0     7     7     5
     4     4     9     8     5    10     3     4     3     3     8     3
     6     6    11    19     8    20     7     5     3    13    12     6
    12     3     8    13    16    12    10     8     5    10     9     5
    11    11    22    14    17    15    18     7    18     9     9    12
    11     8    25    13    21    45    24    13    19     9    11    11
    10     9    25    24    16    32    20    16    16     6     9     6
     9     8    31    23    20    48    20    32    21    23    17    16
    12     8    23    15    15    36    31    33    16    16    21    10
    26    13    21    13    22    36    31    24    18    34    19    17
    39    25    29    18    13    10    19     9    24    25    13    20
    17    16    15    11    11    10    11     7    20    22    19    25
    14    31    30    14    21    13    20     7    15    18    16    18
    23    40    40    11    18     5     4    11    23    13    21    32
    37    35    32     9    15    14     5    15    10    13    22    46
    28    23    20     3    15     8     5     7    18    13    20    35
     9    23    15    14    11     7     3     5    12    11    21    14
     6    19    18    15     9     9     3     4     8     5     7     5
    10    25    16    23    20     8     3     4    11    19    10     6
    11    15    33    35    42    15     5     4     4    15     7    12
    10    24    26    25    38    11     3     8    11    19    18    12
    11    20    14    24    27    11     2     0    10    11     8    10
     5    10     4    17    17     2     2     0     5     2     2     2
    11
     1     5     8     9     4     2     1     2     5     5     1     2
     2     4    12    17     2     0     0     1     6     2     0     4
     2     3     9     8     2     0     0     2     1     3     4     0
     3     7    11     2     5     0     1     0     0     1     2     2
     0     2    13     5     6     2     0     0     0     2     2     0
     0     2     4     2     3     1     1     1     1     0     1     1
     2     7     3     0     6     0     0     0     0     0     3     2
     3     5     2     2     3     0     0     0     1     0     0     0
     3     2     4    11    14     0     1     0     1     9     2     0
     3     1     3    11     4     2     0     1     2     3     0     2
     1     3     5    15     7     6     0     2     1     3     6     5
     5     2     6    12     2     3     0     0     1     8     2     8
     8     1     5     7     2     1     0     2     0     0     5     6
     9     1     5    11     2     2     0     2     0     7     2     5
     5     7     5     6     3     2     0     1     0    10     6     3
     4     5     4     7     5     8     5     4     1    14    10     5
     4     3     7     4    11     3     9     3     7     6     4     5
    18     7    17     8    19    12     8     7     8     7     6     5
    10     9    11    10     3    17    12     9    19     5     9    12
    12     9    14     6    14    21    10     7     7     6    12     9
    20     3    13     8    13    25    11    12    19    19     8     9
     7     9    18    15    10    21    19    10    17    12    11     7
    23    13    22     6    15    19    14    10     6    18    17    12
    22    18    15    14     9     9     9     6    13    16    14    21
    13    18    10     9     8     5     3     4    11    14    12    19
    12    22    18     8    22     5     4     1    12    13    12    10
    28    25    19    12    15     6     5     5    15    12    26    37
    39    28    26     3    11    12     4     7    15    10    24    35
    19    16    14     3     5     5     2     1     9     6     9    23
     9    22    10     9     9     7     1     1    13    10    22    17
    10    17    19     9     8     9     2     3     4     7     9     5
     9    14    18    18    23    11     1     3     8    13     5     6
    20    15    23    16    24     8     3     6     6     9    13    14
     7    18    10    31    23     7     3     2     3    12     9     8
     6     6     7    10     9     7     2     1     7     3     3     5
     5     8    11    13     7     1     2     0     5     6     3     8
    12
     0     9     2     5     4     0     0     0     4     0     2     6
     1     2     8    15     4     2     0     0     0     1     4     1
     1     3     7     6     2     0     0     1     0     4     8     2
     0     2     9     1     2     0     0     1     0     1     4     0
     0     2     5     0     1     0     0     1     0     3     6     0
     1     2     1     0     0     0     0     0     0     1     1     2
     2     1     1     2     0     2     0     0     1     1     2     0
     2     2     1     3     2     0     0     0     0     0     2     1
     0     3     3     3     3     0     0     0     3     3     0     0
     2     1     2     4     5     0     0     0     1     2     4     2
     1     2     4     8     0     2     0     0     1     2     5     5
     2     3     2     1     0     0     0     0     0     4     5     4
     9     5     2     7     0     0     0     0     0     2     6     6
     9     3     2     4     0     0     1     0     0     4     2     1
     4     3     3     3     0     3     0     0     0     3     2     6
     3     3     4     4     2     3     2     2     3     3     3     4
     5     7     4     6    13     5     4     1     7     9     2     7
    10     4     7     3     8     3     4     2     6     6     3     4
    11     5     4    12     5     8     9     3     4     3     5     2
     3     8    11     2     8     8     5     7    11    12     5     7
     8     7    18     7     4    19     6     8     4     8     6    10
    18     3    12    10    11    10    10     7     7     9    12    10
    10     8    17     7     4     6    15     4     1    10     9     6
    26    13    14    11     4     5    11     3     5    17     6    13
    13    15    10     2     8     0     1     0     5    10    11    15
     7    19    11     8     6     0     0     3     7     8     8     9
    25    19    23     5    13     3     1     4     9     6    12    25
    31    19    21     4     6     5     3     2    11     6     9    24
    13    18    13     2     4     3     0     1     8     4     7    10
     6    19     9     7     7     8     0     3     7     3     5     4
     3    14    14     7     2     5     0     1     3     4     4     0
     7     2    12    14     7     6     0     0     1    10     5     3
     4    11    17    12     7     7     2     2     7     7     7     1
     4     9     9    15     7     8     9     0     2    10     7    10
     6     3    12    11     5     7     0     0     5     6     5     6
     4     2     4    17     2     0     0     0     2     2     1     3
    13
     0     1     0     8     2     0     0     1     0     0     1     1
     3    10     2     8     0     0     0     0     3     0     0     1
     0     0     6     4     2     0     0     0     0     1     3     0
     1     1    10     2     1     0     0     0     0     0     2     0
     0     0     4     2     0     0     0     0     0     0     3     0
     0     2     1     1     0     0     0     0     0     0     1     1
     1     3     0     1     0     0     0     0     0     2     0     2
     2     1     1     2     0     0     0     0     0     0     0     2
     3     1     1     1     1     0     0     0     0     2     0     1
     2     0     1     2     1     0     0     0     0     2     3     3
     1     1     4     1     0     0     0     0     1     3     2     3
     3     1     4     2     0     0     0     0     0     1     1     5
     2     0     0     1     0     0     1     0     0     0     4     2
     4     1     0     0     0     0     0     0     0     1     1     1
     4     1     1     0     0     0     1     0     0     1     2     1
     1     7     4     5     2     2     1     0     1     5     1     5
     3     2     2     5     3     2     0     1     1     4     1     8
     8     3     3     3     3     1     1     0     2     2     5     8
     1     6     5     3     5     6     4     3     3     3     5     4
     8     4    13     4     4     4     1     2    11     1     2     5
     4     3     7     4     3     5     2     3     8     4     7     6
     5     8     6     0     6     5     4     3     7     5     6     6
    16     3     4     6     4     6     4     2     5     8     4     6
    18     5     8     7     1     1     1     0     2    11     7    10
    11     3     7     7     3     0     2     0     3     5     7    14
    11    10    10     2     6     0     2     2     3     5     7     7
    10     5    22     2     8     0     1     2     8     6    11    14
    17     5    19     2     7     1     0     1     4     2     9    21
    14    18     6     3     3     4     0     0     5     3     3    17
     5     8     8     0     3     1     0     1     1     0     5     1
     2     7     8     3     6     1     0     1     3     3     1     0
     0     8     5     2     3     2     1     1     1     1     3     3
     1     8    15     6     2     3     0     1     3     2     9     2
     4     4    13     7     5     2     4     4     3     1     6     2
     1     2    11     5     3     1     0     0     2     3     1     4
     1     8     7     8     4     0     0     2     0     2     1     4
    14
     1     1     1     2     5     0     0     0     3     0     0     1
     0     0     2     0     2     0     0     0     2     2     0     0
     0     1     0     0     0     0     0     0     0     0     1     0
     0     1     0     0     0     0     0     0     0     0     0     0
     0     0     1     1     0     0     0     0     0     0     2     0
     0     1     0     0     0     0     0     0     0     0     0     0
     4     1     0     1     0     0     0     0     0     0     0     0
     1     0     0     1     0     0     0     0     1     0     0     0
     1     0     1     1     1     0     0     0     0     1     1     0
     0     0     0     1     1     1     0     0     0     2     1     0
     2     1     1     2     0     0     0     0     2     0     3     3
     0     1     1     0     0     0     0     0     0     1     3     3
     4     1     1     2     0     0     0     0     1     0     6     4
     2     1     0     0     0     0     0     0     0     1     0     5
     4     0     0     0     0     0     0     0     0     0     1     4
     1     0     1     1     2     0     0     1     2     2     1     2
     1     0     0     1     0     0     0     1     2     2     1     2
     2     1     1     1     0     0     0     1     4     0     1     2
     0     6     3     2     1     2     0     2     0     0     3     1
     1     3     3     1     0     0     2     1     4     3     3     2
     1     4    12     2     3     1     1     0     1     1     2     5
     4     3     6     7     5     0     1     4     0     7     6     0
     4     3    12     5     1     0     4     1     3     6     5     4
    10     3     4     5     5     0     1     0     0     6     6     5
     8     4     4     2     1     0     1     1     2     5     4     7
     8    11    11     1     0     0     1     0     1     1     5    11
     8     8    14     0     4     1     0     2     3     2    10     8
     7     3    12     2     2     0     0     1     3     1     5    15
     3     5     3     3     4     0     0     0     2     2     0     9
     6     4     4     3     1     0     0     1     1     0     3     3
     1     3     1     4     2     1     0     0     2     0     2     0
     3     0     1     4     5     1     0     3     1     0     4     0
     1     7    11     3     0     6     0     0     0     0     5     1
     2     1     7     3     2     4     1     0     0     0     0     0
     0     2     5     6     1     0     1     0     1     2     3     0
     0     2     1     3     0     0     0     0     0     0     0     2
    15
     0     1     1     0     3     0     0     0     0     0     0     0
     0     0     2     0     0     0     0     0     0     0     0     0
     0     0     0     1     0     0     0     0     0     0     0     0
     0     1     0     0     0     0     0     0     0     0     1     0
     0     0     2     0     0     0     0     0     0     0     3     0
     1     0     1     0     0     0     0     0     0     0     0     0
     3     2     2     0     0     0     0     0     0     0     0     0
     1     0     0     0     0     0     0     0     0     0     0     0
     1     0     0     0     0     0     0     0     0     0     2     1
     0     0     1     1     0     0     0     0     0     0     1     1
     0     0     0     1     0     0     0     0     0     0     0     0
     0     0     1     0     0     0     0     0     0     2     0     0
     1     2     0     0     0     0     0     0     0     0     2     0
     2     0     0     0     0     0     0     0     0     0     1     2
     0     0     2     0     0     0     0     0     0     0     0     1
     0     2     2     0     0     0     0     0     1     0     2     4
     1     2     0     0     0     1     0     0     0     0     2     0
     1     1     0     1     0     1     0     0     1     1     4     1
     2     2     1     0     1     1     1     0     1     0     2     3
     3     3     1     2     1     0     1     0     0     0     3     2
     2     6     4     4     2     1     2     1     0     2     1     3
     1     1     4     1     2     1     0     0     1     2     3     3
     3     2     3     4     1     0     0     0     2     1     4     2
     5     1     3     1     1     0     0     0     1     1     2     3
     5     6     4     0     0     0     0     0     1     1     1     5
     5     5     2     0     1     0     0     0     0     1     5     4
     8     4     7     1     0     0     0     0     0     0     4     7
     8     3     6     0     1     2     0     0     1     1     4    10
     9     2     3     0     0     1     0     0     4     2     0     3
     1     0     3     0     3     0     0     0     2     0     0     1
     0     1     3     0     1     0     0     1     2     1     3     0
     1     1     4     1     1     1     0     0     0     3     1     2
     8     2     9     1     0     3     0     0     0     0     0     1
     2     3     1     5     0     0     0     0     0     0     1     2
     1     1     1     2     0     1     0     0     0     2     0     0
     0     1     6     3     2     0     0     0     0     3     0     2
    16
     0     1     1     1     0     0     0     0     0     0     0     1
     0     0     4     0     1     0     0     0     0     0     0     0
     0     0     0     0     0     0     0     0     0     0     0     0
     0     1     1     0     0     0     0     0     0     0     0     0
     0     0     0     0     0     0     0     0     0     0     0     0
     0     0     0     0     0     0     0     0     0     0     0     0
     0     1     0     0     0     1     0     0     0     0     0     0
     0     1     0     0     0     0     0     0     0     2     0     0
     2     0     1     0     0     0     0     0     0     0     2     1
     1     1     2     0     0     0     0     0     0     0     1     0
     0     0     0     0     0     0     0     0     0     1     0     1
     1     0     0     0     0     0     0     0     0     2     0     2
     0     1     0     1     0     0     0     0     0     0     0     0
     0     0     0     0     0     0     0     0     0     0     0     2
     1     0     0     0     0     0     1     0     0     0     1     2
     1     1     1     0     0     0     0     0     0     0     1     0
     0     0     1     0     0     0     0     0     1     0     4     0
     0     1     0     0     0     0     0     0     1     0     1     4
     2     2     1     1     0     0     0     0     0     2     0     1
     3     1     1     2     0     0     1     0     0     1     3     2
     3     5     3     4     1     0     1     0     1     0     2     5
     0     1     3     2     1     1     0     0     1     0     0     0
     3     0     1     4     1     0     1     0     0     0     0     0
     4     4     1     4     0     0     0     0     1     0     3     4
     3     4     0     0     1     0     0     0     0     1     1     4
     5     8     1     0     3     0     0     1     0     0     2     8
     4     6     6     1     0     0     0     1     0     0     2     7
     8     2     2     0     1     0     0     0     1     2     1     3
    10     2     3     0     1     0     0     0     2     1     1     0
     4     2     1     0     1     0     0     0     0     2     0     3
     0     0     1     0     0     0     0     0     0     0     1     0
     0     4     1     1     2     0     0     0     0     0     3     0
     3     6     4     0     2     1     0     0     0     0     0     0
     0     2     2     2     2     0     1     0     1     0     1     1
     1     0     3     3     1     0     0     0     0     1     1     2
     1     1     1     1     2     3     0     0     0     0     1     3
    17
     0     0     1     0     1     0     0     0     0     1     0     1
     0     0     1     0     0     0     0     0     0     0     0     0
     1     0     0     0     0     0     0     0     0     0     0     0
     0     1     0     0     0     0     0     0     0     0     1     0
     1     0     0     0     0     0     0     0     0     0     0     0
     1     0     0     0     0     0     0     0     0     0     0     0
     2     0     0     0     0     0     0     0     0     0     0     0
     0     0     0     0     0     4     0     0     0     1     0     0
     0     0     0     0     0     0     0     0     0     1     0     0
     3     0     1     0     0     0     0     0     0     0     0     0
     0     1     0     0     0     0     0     0     0     0     0     1
     1     0     1     0     0     0     0     0     0     0     1     0
     0     0     0     0     0     0     0     0     0     0     0     0
     0     0     0     0     0     0     0     0     0     0     0     0
     0     0     0     0     0     0     0     0     1     0     0     0
     0     0     1     1     0     0     0     0     0     2     2     1
     0     1     0     1     0     0     0     0     0     0     0     1
     0     2     0     3     0     0     1     0     0     0     0     1
     2     0     0     1     0     0     0     0     0     1     4     4
     2     0     2     1     0     0     0     0     0     0     1     0
     1     0     4     0     0     0     0     0     0     1     1     1
     0     1     3     1     2     0     0     0     0     0     1     0
     2     0     2     0     0     0     0     0     0     0     1     1
     3     2     0     1     1     0     0     0     0     1     0     0
     3     1     1     0     0     0     0     0     0     0     2     6
     3     2     1     0     0     0     0     0     0     0     5    13
     4     6     4     2     0     0     0     1     1     0     1     3
     4     0     4     0     0     0     0     0     0     0     0     2
     5     3     3     0     0     0     0     0     0     0     0     2
     1     0     0     0     0     0     0     0     1     0     0     3
     0     0     0     0     1     0     0     0     0     0     0     0
     1     0     2     0     0     0     0     0     0     0     1     0
     3     3     2     0     0     0     0     0     0     0     2     0
     1     0     5     0     0     0     0     0     0     0     0     0
     0     1     4     1     1     0     0     0     1     0     0     0
     1     0     1     0     0     1     0     0     0     0     0     2
    18
     0     0     0     0     0     0     0     0     0     0     0     0
     0     0     0     0     0     0     0     0     0     0     0     0
     0     0     0     0     0     0     0     0     0     0     0     0
     0     0     0     0     0     0     0     0     0     0     0     0
     0     0     0     0     0     0     0     0     0     0     0     0
     0     0     0     0     0     0     0     0     0     0     0     0
     0     0     0     0     0     0     0     0     0     0     0     0
     1     1     0     0     0     0     0     0     0     1     0     0
     0     0     1     0     0     0     0     0     0     0     0     0
     0     0     0     0     0     0     0     0     0     0     0     0
     0     0     0     0     0     0     0     0     0     0     0     0
     0     1     0     0     0     0     0     0     0     0     0     0
     0     0     0     0     0     0     0     0     0     0     0     0
     0     0     0     0     0     0     0     0     0     0     0     0
     0     0     0     0     0     0     0     0     0     0     0     1
     0     1     0     0     0     0     0     0     0     0     0     1
     0     0     0     0     0     0     0     0     0     0     0     0
     1     0     0     0     0     0     0     0     0     1     2     1
     1     0     0     1     0     0     0     0     0     0     0     0
     1     0     1     0     0     0     0     0     0     0     0     0
     1     0     3     1     0     0     0     0     0     0     0     1
     0     0     1     0     0     0     0     0     0     0     0     1
     1     1     1     0     0     0     0     0     0     0     0     1
     0     0     0     0     1     0     1     0     0     1     0     1
     0     1     0     0     0     0     0     0     0     1     0     0
     0     1     0     0     0     0     0     0     0     0     0     3
     4     1     0     0     0     0     0     0     0     0     1     2
     0     0     0     0     0     0     0     0     0     0     0     2
     1     1     1     0     0     0     0     0     0     0     0     0
     0     0     0     0     0     0     0     0     1     1     0     0
     0     1     0     0     0     0     0     0     0     0     0     1
     0     0     0     0     0     0     0     0     0     1     0     0
     1     0     0     0     0     0     0     0     0     0     0     0
     0     0     1     0     0     0     0     0     0     0     0     0
     0     0     0     0     1     0     0     0     0     0     0     0
     1     0     1     0     1     0     0     0     0     0     0     0
    19
     0     0     2     0     0     0     0     0     0     0     0     0
     0     1     0     0     0     0     0     0     0     0     0     0
     0     0     0     0     0     0     0     0     0     0     0     0
     0     0     0     0     0     0     0     0     0     0     0     0
     0     0     0     0     0     0     0     0     0     0     0     0
     0     0     0     0     0     0     0     0     0     0     0     0
     0     0     0     0     0     0     0     0     0     0     0     0
     0     0     0     0     0     0     0     0     0     0     0     0
     1     0     0     0     0     0     0     0     0     0     0     0
     0     0     0     0     0     0     0     0     0     0     0     0
     0     1     0     0     0     0     0     0     0     0     0     1
     1     0     0     0     0     0     0     0     0     0     0     0
     0     0     0     0     0     0     0     0     0     0     0     0
     0     0     0     0     0     0     0     0     0     0     0     0
     0     0     0     0     0     0     0     0     0     0     0     0
     0     0     0     0     0     0     0     0     0     0     0     0
     0     1     0     0     0     0     0     0     0     0     1     0
     0     0     2     0     1     0     0     0     0     0     0     1
     3     0     0     0     1     0     0     0     0     0     0     0
     2     1     2     0     0     0     0     0     0     0     1     0
     0     0     1     1     0     0     0     0     0     0     0     1
     0     0     0     0     0     0     0     0     1     1     0     0
     2     0     0     0     0     0     0     0     0     0     0     1
     5     1     0     0     0     0     1     0     0     0     0     0
     0     1     0     0     0     0     0     0     0     0     3     2
     0     0     0     0     0     0     0     0     0     0     2     2
     2     0     0     1     0     0     0     0     0     0     0     1
     2     0     1     0     0     0     0     0     0     0     0     0
     3     1     0     0     0     0     0     0     0     0     1     1
     0     0     0     0     0     0     0     0     0     0     0     0
     0     0     0     0     0     0     0     0     0     0     0     0
     0     2     0     0     1     0     0     0     0     0     0     0
     0     0     1     0     0     0     0     0     0     0     0     0
     0     0     0     0     0     0     0     0     0     0     0     0
     0     0     1     1     0     0     0     0     0     0     1     0
     0     0     0     0     0     0     0     0     0     0     0     0
    20
     0     0     1     0     0     0     0     0     0     0     0     0
     0     0     0     0     0     0     0     0     0     0     0     0
     0     0     0     0     0     0     0     0     0     0     0     0
     0     0     0     0     0     0     0     0     0     0     0     0
     0     0     0     0     0     0     0     0     0     0     0     0
     0     1     0     0     0     0     0     0     0     0     0     0
     0     0     0     0     0     0     0     0     0     0     0     0
     0     0     0     0     0     0     0     0     0     0     0     0
     0     0     0     0     0     0     0     0     0     0     0     1
     0     0     0     0     0     0     0     0     0     0     0     0
     0     0     0     0     0     0     0     0     0     0     0     0
     0     0     0     0     0     0     0     0     0     0     0     0
     0     0     0     0     0     0     0     0     0     0     0     0
     0     0     0     0     0     0     0     0     0     0     0     0
     0     0     0     0     0     0     0     0     0     0     0     0
     0     0     0     0     0     0     0     0     0     0     0     0
     0     0     1     0     0     0     0     0     0     0     0     1
     0     1     0     0     0     0     0     0     0     0     2     1
     2     0     0     0     0     0     0     0     0     0     0     2
     1     0     0     0     0     0     0     0     0     0     0     0
     0     1     0     0     0     0     0     0     0     1     0     0
     0     0     2     0     0     0     0     0     0     0     1     0
     3     0     0     0     0     0     0     0     0     0     0     0
     0     2     1     0     1     0     0     0     0     0     1     4
     0     2     0     0     0     0     0     0     0     0     0     0
     0     0     0     0     0     0     0     0     0     0     0     1
     0     0     0     0     0     0     0     0     0     0     0     2
     0     0     1     0     0     0     0     0     0     0     0     0
     0     0     0     0     0     0     0     0     0     0     0     0
     0     0     0     0     0     0     0     0     0     0     0     0
     0     0     0     0     0     0     0     0     0     0     0     0
     0     0     0     0     0     0     0     0     0     0     0     0
     0     0     2     0     0     0     0     0     0     0     0     0
     0     0     0     0     0     0     0     0     0     0     0     0
     0     0     0     0     0     0     0     0     0     0     0     0
     0     0     1     0     0     0     0     0     0     0     0     0
