20
Cedar City, UT 93129
     0
      -2.800        .000       2.200       7.800      13.300      20.000
      24.300      22.200      18.200      10.600       2.700      -1.800
       1.700       4.400       7.800      12.800      18.200      24.300
      27.700      26.100      22.700      16.100       7.800       2.700
       5.500       8.300      12.800      17.200      22.700      28.200
      31.100      29.300      26.100      20.000      12.800       6.600
      45.000      41.000      29.000      22.000      17.000      13.000
      14.000      19.000      18.000      21.000      32.000      43.000
      59.000      56.000      46.000      32.000      25.000      19.000
      23.000      29.000      27.000      32.000      47.000      59.000
      73.000      71.000      66.000      50.000      40.000      29.000
      36.000      43.000      41.000      50.000      66.000      74.000
       2.000       2.000       2.700       2.700       2.700       2.400
       2.400       2.400       2.400       2.000       2.400       2.000
       3.100       3.500       4.000       4.000       4.000       4.000
       3.500       3.500       4.000       3.500       4.000       3.100
       4.800       5.200       5.900       5.900       5.900       5.900
       5.200       5.200       5.500       5.200       5.500       4.800
     210.000     210.000     210.000     210.000     210.000     210.000
     210.000     210.000     210.000     210.000     210.000     210.000
     1
       1.318       4.165       7.587      12.369      17.732      24.115
      27.301      25.724      21.781      15.187       7.538       2.169
      59.010      55.984      48.651      38.199      31.668      23.646
      27.731      33.313      32.027      37.745      49.668      58.288
     2
    36    28    26    34    27    26    19    21    22    44    28    38
    49    51    26    22    28    35    19    28    23    37    36    47
    45    33    26    20    18    26    31    18    31    29    34    45
    52    28    18    20    14    13    18    20    26    26    25    33
    49    32    15    20    20    13    12    14    24    27    35    41
    21    17    12    10     5    12     8    17    11    40    18    31
    19    19    11     9     9     7     8    17    17    16    18    26
    12    14     4     4     5     6     8     4     4    13     4    18
    22    10     8     3    11     9     6    15     8    15    13    15
    10     9     6     5     4     4    11     9     6     7    11    16
    15     6     9     6     8     5    15     9     7     9    12    15
    10    16     7     5    13     9    11     9     9     5    15    18
    12    12     9    13    11    14    23    19    15    15    13    11
    20    14    10    12    17    22    18    30    20    19    13    33
    16     7     8    15     6    10    21    19    13    11    10    17
    18    14    16    14    14    16    14    24    13     9    19    22
    10    10    10     7    15    13    16    16    13    11    11    11
    15    14    24    15    27    25    31    37    16     8    14    19
    16     9    19    19    16    25    15    23    25    10    15    18
    12     6    14    16    32    17    27    29    12    18    11    16
    16    16    19    19    24    23    29    21    15    19    10    20
    20    15    18    19    20    27    19    21    15    24    14    18
    12    15    15    20    22    29    37    29    27    20    21    24
    13    10    14    10    19    22    28    28    13    18     8    15
    10    14    12    13    16    27    28    27    25    23    19    12
     8     8     6    15    12    20    17    24    20    16     7     6
    12    16    12    12    25    25    27    14    32    23    13    14
     9     7     8    11    12    20    16    18    13    13     8    13
     7    14    11     8    14    17    20    16    29    17    14    13
     7    12     9    12    18    23    17    11    15    16    14    15
     8     8    15    13    15    28    24    20    26    15    13     8
     9    15    13    10    25    17    18    12    22    27    17    11
    12    17    16    12    14    17    22    17    24    26    16    13
    17    22    22    14    22    20    26    30    26    40    24    29
    20    29    19    17    35    24    17    20    42    30    25    23
    37    46    35    34    31    36    26    25    42    50    33    47
     3
    52    67    52    61    68    44    51    36    48    75    63    72
    79    82    76    68    81    89    69    72    64    75    93   103
    74    48    32    44    57    44    49    64    45    63    45    74
    88    51    46    58    44    47    42    49    36    50    33    60
    73    53    71    46    43    48    40    44    48    39    53    84
    39    27    18    20    19    24    18    26    21    23    23    30
    32    25    21    18    26    19    23    20    19    23    20    28
    12    12     8    13    14     9     9    17    12     6    10    19
    18    14    17    13    21    16    21    34    12    14    15    29
     6    13     6     7    15     7    19    26    12     5     3    13
    27    19    19    19    13    14    23    30     9    14    12    22
    23    21    15    18    24    22    31    43    28    11    29    23
    25    17    17    21    24    36    36    65    28    17    20    32
    51    32    24    26    39    50    66    98    49    34    43    33
    30    20    12    24    20    26    34    51    24    22    27    28
    31    25    45    34    42    31    48    71    39    40    35    35
    22    17    21    20    24    25    40    46    18    15    21    29
    41    39    43    43    72    58    81    99    59    44    42    51
    43    28    41    46    43    66    83    86    30    35    32    51
    62    61    59    70    91    99   139   144    58    57    64    54
    41    40    50    62    57    91    90   110    48    46    35    47
    34    40    36    65    58    90   101   103    54    49    36    42
    68    54    62    61    89    87   137   125    82    49    50    46
    25    35    38    46    46    56    98    73    54    29    29    24
    25    23    37    40    58    61    96   111    67    41    33    33
    20    20    19    25    29    41    53    46    44    24    19    11
    17    20    31    32    57    49    66    62    52    39    23    22
    16    12    16    23    30    33    47    42    25    24    16    14
    15    22    19    25    40    41    49    39    38    40    13    13
    20    15    20    24    24    33    36    38    23    31    14    14
    12    13    26    22    34    37    32    36    37    39    14    16
    25    25    33    42    55    44    44    55    45    49    45    31
    18    25    36    38    45    26    37    39    38    45    32    27
    36    41    52    65    66    46    58    39    65    89    58    43
    41    32    49    52    68    54    36    41    28    60    50    61
    89    93    94   102   114   102    70    93    86   126    76   129
     4
    22    28    34    31    37    23    20    20    19    34    27    22
    34    38    48    40    43    35    19    21    34    30    32    46
    18    26    23    18    27    23    12    13    14    17    13    11
     6    11    17    21    16    17    10    15    13     8     6    11
    10    14    23    18    11    17    14    15     7     9    12    13
     7     5     4    10     8     7     5     9     8     8     1     6
     2     5     5     4     5     8     7     5     4     4     4     1
     0     1     0     2     1     1     4     5     2     1     2     2
     1     4     2     2     4     3     7    10     3     1     0     3
     0     1     2     1     2     4     3     7     1     2     1     0
     0     2     2     5     3     4     9    20     3     0     0     0
     2     4     7     3     1     6    17    16     3     3     2     2
     7     4     3    11     4     7    15    10     9     4     2     2
     9     5    10    12    14    13    25    37    13     7     7     4
     3     3     7     9    10     6    21    27    13     7     3     9
    10     5     6    11    14    13    17    26     8    12     6     3
     4     8    10    14     8    14    27    21     9     7     8     4
    23    19    23    23    35    41    45    49    26    19    20    34
    16    21    29    36    31    38    48    50    20    28    24    30
    42    38    58    66    75    74    94    90    56    30    46    33
    37    25    37    43    61    67    85    74    33    30    28    40
    28    21    42    32    38    55    81    78    47    37    38    34
    41    30    39    40    62    73   106    79    69    44    43    44
    13    21     8    19    18    36    39    40    33    23    14    18
    11     8    16    12    32    36    54    60    25    20    17    16
     5     7     9    11    12    10    25    29    10     9     7     3
     8     5     7    10    15    17    39    29    22     8    11     5
     6     2     5     6     8     9    18    14     3     7     2     4
     2    10     6    11    23    13    18    23     9     7     6     3
     2     0     8     9    12     6     9     8    11     9     1     4
     1     4    13    15    18     9    12     8     7     5     6     2
     5    12    22    20    19    21    22    14    22    16    13    11
    10    15     7    14    25    17    11     6     8    21    12     7
    21    30    28    33    27    24    17    10    19    27    28    21
    17    28    31    33    33    27    18    10    25    33    23    26
    41    61    45    68    41    60    23    33    34    55    44    45
     5
    46    62    77    74    50    29    15    23    29    49    43    51
    51   108    87    89    51    43    18    27    40    50    62    49
    12    28    38    32    17    23     7    15    14    24    29    16
     9    23    18    36    21     9     7     6    13    11    15    11
    11    14    16    23     7    20     6    20    18     9    13     3
     0     5     6     5     3     5     4     6     6     1     5     0
     2     1    11     6     2     7     5     7     9     3     1     1
     1     1     0     4     0     2     2    16     2     3     0     0
     0     2     0     9     4     5    13    25     1     2     1     0
     0     0     2     7     5     8    11    10     4     2     0     0
     0     1     4     5     7     9    26    27    10     9     1     0
     2     1     4     5     5     4    21    25     7     6     1     1
     1     6     2     2    10     5    23    22     6     3     2     2
     3     4     6     6    11    14    31    24    10     6     8     1
     4     2     3    10     8     9    16    21    12     3     3     3
     4     2    13    12    21    24    16    40    17     4     7     6
     7     6     7    15    18    23    27    30    21     6    10     7
    16    30    55    73    96    75    94    72    80    30    35    36
    41    36    62    74    89   116   122   104    68    46    53    65
    72    87   128   147   182   211   231   234   167   115   120   123
    79    77    97   144   156   167   181   138   119    92    85    91
    71    64    95    96   129   184   179   141   101    68    95    75
    63    61   104   117   212   185   244   168   119   106    99    82
    17    27    32    36    50    54    87    81    57    34    24    27
    15    17    37    40    56    56    90    50    56    39    27    16
     3     6     7    11    28    28    32    30    22     9     6     5
     3     5    24    28    28    34    35    35    20    11     8     5
     6     5     9    15    20    10    11    13     8     7     1     1
     2     3    17    18    25    13    22    14    13     7     2     3
     2     7     5     8     5     6    11    11     5     8     3     3
     4     7    21     9     9    14     8     5    11    12     5     4
     9    15    19    25    21    19    16    17    16    24    11     6
     4    14    26    19    25    16    11     5    16    18    11     4
    27    34    29    64    38    28    16    16    25    32    37    35
    40    49    56    46    55    32    13    12    34    43    40    25
    98   116   106   144   106    76    42    35    67   121    90    87
     6
    37    45    47    50    41    21     5     8    25    38    39    36
    34    54    71    55    43    20    15    12    28    31    38    33
    10    24    28    36    21    14     3     4    14    10     5    12
     3    12    10    14    11     5     5     3    12     4     8     5
     8     4    11     6     6     2     8     2     4     6     6     4
     1     2     1     2     3     2     4     1     1     2     0     0
     0     1     1     2     2     2     3     6     0     2     0     0
     0     1     0     3     1     4     2     3     2     1     0     0
     0     0     0     1     2     6     6    12     2     0     1     0
     0     0     0     3     5     1    10    10     1     1     1     0
     0     0     1     1     2     3     8    17     2     0     2     0
     0     1     3     3     9     1    18    22     4     4     0     0
     0     0     4     3     5    10    13    10     4     1     2     0
     0     2     5     4     6     6    16    15    11     4     0     0
     2     1     7     8     8     1    20     7    15     1     4     1
     1     5    16    22    20    12    16    18    23    11     4     2
     4     8    14    24    18    23    22    19    29     6     6     1
     9    13    64    56    80    77    58    55    81    28    24    15
    32    42    78    88    90   112    92   100    90    44    48    21
    74   105   162   198   252   234   228   212   190   146   121    82
    75    86   144   128   139   169   148   145   110   109   108    89
    89    91   117   116   142   149   143   167   117    91   104    79
    63    73   103   130   160   160   198   164   112    95   106    70
    20    22    26    35    57    50    51    58    26    26    31    17
    13    17    28    30    55    46    51    44    24    51    21    12
     3     1     8    10    16    17    10     9     5     9     3     2
     3     3     8    17    18    15    19    15     6     5     1     2
     1     3    11     9     6     6     3     2     7     4     2     0
     2     0     4    10     8     7     9     5     6     2     3     1
     1     0     3     3     2     4     3     6     0     3     2     2
     0     1     2     2     3     2     2     2     4     3     4     2
     1     2     9    16    10     6     2     1     5     2     6     7
     3     3     1     7     6     3     0     3     2     4     5     2
    10    11    15    30     8     8     3     2    17    20    21     6
    14    28    28    39    26    14     7     2    14    30    27    19
    62    65    79    84    58    23     8     5    31    68    65    40
     7
     4    11    26    13     8     2     0     2     2     9    11    12
     9    10    21     5     7     6     4     2     6     7     8     7
     4     2     9     7     2     1     2     3     1     3     2     3
     0     1     2     2     3     1     4     1     1     2     0     1
     1     1     3     3     0     1     0     1     0     1     1     0
     0     1     0     0     0     0     2     2     0     0     0     0
     0     0     0     0     1     1     0     1     1     0     0     0
     0     0     0     0     1     0     1     0     0     0     0     0
     0     0     1     0     2     1     0     0     0     1     1     0
     0     0     0     0     0     1     2     2     0     1     0     0
     0     0     0     0     2     3     1     5     0     1     1     0
     0     0     0     0     1     1     2     4     1     2     0     0
     0     0     1     0     2     0     0     2     0     0     0     0
     0     0     1     0     3     1     1     4     2     1     0     0
     0     0     1     1     2     2     3     1     4     0     0     0
     0     4     1     4     1     3     0     4     8     2     0     0
     0     0     5     6     7     4     3     3    16     4     1     0
     5     7    16    18    25    22    23    19    18     6     5     6
     8     6    23    20    30    30    31    26    24    17    11     6
    21    24    44    43    56    90    58    64    48    34    24    19
    25    23    40    36    43    48    40    57    38    36    34    26
    21    21    41    40    32    41    33    36    30    34    41    26
    16    26    43    40    36    54    37    47    31    25    37    20
     9     4     9    12    15    12    13    11     7     5     8    11
     5     7     7     2    14     8    10     4     6    13     5     4
     1     2     2     1     3     0     3     3     2     1     1     0
     1     0     5     0     3     1     1     4     1     1     2     0
     0     0     0     0     1     1     0     0     0     0     0     0
     0     0     2     1     1     0     2     4     0     0     1     0
     0     1     2     0     1     0     0     1     1     0     1     0
     1     1     0     1     1     0     2     1     0     0     2     0
     1     0     0     0     6     0     1     0     0     1     1     0
     0     0     1     2     0     2     1     0     2     1     1     0
     1     0     1     2     6     4     0     1     1     2     5     1
     6     3     9     2     2     5     0     0     3     4     6     4
    10    12    18    16    10     5     3     4     4    12    10    12
     8
     5    10    15    14     4     3     0     0     2     1     5    10
     9    21    16    15     8     1     3     1     1     6    14     7
     1     5     7     8     3     1     4     5     1     6     7     0
     0     3     5     2     1     2     1     1     0     1     1     0
     1     3     4     2     1     0     3     2     1     0     1     1
     0     0     1     0     1     0     0     0     1     0     1     0
     0     0     0     0     2     0     1     0     1     0     0     0
     0     0     0     0     0     0     1     1     0     0     0     0
     0     0     0     1     0     6     2     3     1     0     0     0
     0     0     0     0     1     1     2     5     1     0     1     0
     0     0     0     1     0     0     6     3     3     0     0     0
     0     0     0     1     1     0     2     4     1     1     0     0
     0     1     0     0     2     0     8     0     2     1     0     0
     0     2     0     3     6     1     1    11     4     0     0     1
     0     0     0     1     1     3     4     2     5     3     1     1
     0     3    10    11    17     3     5     4    16     5     1     0
     2     0     5    11    15     7    11     6    21     6     6     1
    10    15    50    59    46    42    23    21    35    18    22     9
    19    23    54    70    63    71    32    27    34    32    36    13
    53    62    94   150   189   132    93    62    92    78    53    27
    39    31    76    69    85    79    52    47    51    49    49    39
    25    35    59    75    80    77    65    51    55    43    39    31
    22    34    32    69    66    81    45    33    35    39    50    37
    10     4     9    17    13    22    10     9     5     2    11    14
     5     3     9    13    10     7    10     9    11     8     3     3
     1     0     5     5     7     3     0     2     0     4     0     1
     0     3     3     3     5     3     2     3     1     1     3     0
     0     1     0     3     2     2     1     1     0     0     2     0
     0     1     6     4     2     1     3     4     2     0     1     1
     0     1     2     3     0     1     1     0     0     0     1     0
     0     0     1     2     2     0     0     0     2     0     0     1
     1     0     1     9     2     2     0     0     0     0     2     1
     0     0     4     3     1     1     0     0     0     2     0     0
     3     1     3     5     3     2     4     2     2     3     1     0
     3     2     7     6     1     1     1     1     2     4     1     6
    13    17    16    20    10     9     2     1     3    15    15    21
     9
     2     5     2     0     0     1     0     0     0     0     2     1
     2     1     3     4     0     0     0     1     0     0     0     1
     0     0     2     1     0     0     1     0     0     0     0     0
     1     3     0     0     0     0     1     0     0     1     0     0
     0     1     1     0     0     0     0     0     0     0     0     0
     0     0     0     0     0     0     0     0     0     0     0     0
     0     0     0     0     0     0     0     0     0     0     0     0
     0     0     0     0     0     0     0     0     0     0     0     0
     0     0     0     0     0     0     0     0     0     0     0     0
     0     0     0     0     0     0     0     0     0     0     0     0
     0     0     0     0     0     0     0     0     0     0     0     0
     0     0     0     0     0     0     0     0     0     0     0     0
     0     0     0     0     0     0     0     0     0     0     0     0
     0     0     0     1     0     0     0     0     0     0     0     0
     0     0     0     0     0     0     0     1     4     0     0     0
     1     3     0     0     1     0     1     0     3     0     0     1
     0     0     2     1     2     3     1     0     7     1     0     2
     1     1     8     8    10     5     2     3     3     4     2     0
     3     3    10     7    12     9     8     2    10     7     8     2
    13     8    22    27    26    21     5    10    17    14     8     7
     7     5    11    10    16    19    11     9     7     9     4     2
     6     3    10     5    15    14     5     3     6     8     9     5
     2     0     2     9    14    14     3     5     3     5     6     6
     1     0     0     1     1     3     0     0     1     2     3     1
     0     0     2     2     3     0     1     2     0     0     1     0
     0     1     0     0     1     0     0     0     0     0     0     1
     0     0     1     0     2     0     0     1     0     0     0     0
     0     0     1     0     0     0     0     0     0     0     0     0
     0     0     0     1     1     0     0     0     0     1     0     0
     0     0     0     0     0     0     0     0     0     0     0     0
     0     0     0     0     0     0     0     0     0     0     0     0
     0     0     2     0     0     0     0     1     0     0     0     0
     0     0     1     0     0     0     0     0     0     0     0     0
     0     0     0     1     0     1     0     0     0     0     0     0
     0     1     0     0     0     0     0     0     0     0     0     0
     2     0     1     0     0     0     1     0     0     0     2     5
    10
     0     1     0     2     0     1     0     1     0     0     0     1
     0     0     0     0     0     0     0     1     0     0     0     1
     0     1     1     0     0     0     0     0     0     1     0     0
     0     0     0     1     1     0     0     0     0     0     0     0
     0     0     0     1     0     0     0     0     0     0     0     0
     0     0     0     1     0     0     0     0     0     0     0     0
     0     0     0     0     0     0     1     0     0     0     0     0
     0     0     0     0     0     0     0     0     0     0     0     0
     0     0     0     0     0     0     0     0     0     0     0     0
     0     0     0     0     0     0     0     0     0     0     0     0
     0     0     0     0     0     0     1     1     0     0     1     0
     0     0     0     0     0     0     0     0     1     0     0     0
     0     0     0     0     0     1     0     0     0     1     0     0
     0     0     0     0     0     0     0     0     0     0     0     0
     0     0     0     0     0     0     0     0     0     0     0     0
     0     0     0     0     0     0     0     0     3     0     0     0
     0     0     2     3     2     0     1     0     2     0     0     1
     2     2     5     7     8     3     1     2     2     3     3     1
     3     4     7     7     7     5     1     4     6     0     3     1
     7     7    14    23    17    10     5     3    12     3     6     4
     7     2     4    10    14     7     2     8     8     2     6     2
     1     3     1     9    10     7     5     2     5     3     6     5
     1     0     2     1     5     9     1     1     5     2     5     2
     0     0     0     1     1     2     1     1     3     1     1     0
     0     0     0     2     3     0     1     1     0     0     0     1
     0     0     1     0     0     0     0     0     0     0     0     0
     0     0     0     0     0     0     0     0     0     0     0     0
     0     0     0     0     1     0     0     0     0     0     0     0
     0     0     0     0     0     0     0     1     0     0     0     0
     0     0     0     0     0     0     0     0     0     0     0     0
     0     0     0     0     0     0     0     0     0     0     0     0
     0     0     0     0     1     0     0     0     0     0     0     0
     0     0     0     1     0     0     0     0     0     0     0     0
     0     0     1     0     0     1     0     0     0     0     0     0
     0     0     0     0     0     0     0     0     0     0     0     0
     1     0     0     0     1     0     0     0     0     0     1     1
    11
     1     0     1     0     0     1     0     0     1     0     0     0
     1     0     0     1     0     0     0     0     0     1     0     0
     0     1     0     0     0     0     0     0     1     0     0     0
     0     0     0     1     0     0     0     0     0     1     0     0
     0     0     0     0     0     0     0     0     0     0     0     0
     0     0     0     0     0     0     0     0     0     0     0     0
     0     0     0     0     0     0     0     0     0     0     0     0
     0     0     0     0     0     0     0     0     0     0     0     0
     0     0     0     0     0     0     0     0     0     0     0     0
     0     0     0     0     0     0     0     0     0     0     0     0
     0     0     0     0     0     0     0     0     0     0     2     0
     0     0     0     1     0     0     0     0     0     0     0     0
     0     0     0     0     1     0     0     1     1     0     0     0
     0     0     0     0     1     0     0     0     0     0     0     0
     0     0     1     2     0     0     1     0     0     0     0     0
     1     0     0     0     1     0     0     0     2     0     0     1
     0     2     1     1     2     2     1     2     3     0     1     1
     6     4     8    11    12     3     2     4     7     7     5     2
     6     4    10    13    15     3     1     5     9     6    10     6
    11     4    10    27    32    15     1    10    15    11    14     6
     2     7     9    21    17     8     5     7    10     1     5     5
     0     5     7     9    10     8     5     7     6     3     6     5
     1     0     3     5     6     7     1     1     0     2     3     3
     0     0     1     1     5     0     0     0     4     0     1     0
     0     0     2     1     0     1     1     0     0     0     0     0
     0     0     0     0     0     0     0     0     0     0     0     0
     0     1     1     1     1     0     0     0     0     0     1     0
     1     0     0     0     0     0     0     0     0     0     0     0
     0     0     0     0     1     0     0     0     0     0     0     0
     0     0     0     0     0     0     0     0     0     0     0     0
     0     0     0     0     0     0     0     0     0     0     0     0
     0     0     1     1     0     0     0     0     0     0     0     0
     0     0     0     0     0     0     0     0     0     0     0     0
     0     0     0     0     0     0     0     0     0     0     0     0
     0     0     0     1     0     0     0     0     0     0     0     0
     1     3     2     0     0     1     0     0     0     0     1     2
    12
     0     0     1     0     0     0     0     0     0     0     1     0
     0     0     0     0     0     0     0     0     0     0     0     0
     0     0     0     0     0     0     0     0     0     0     0     0
     0     0     0     0     0     0     0     0     0     0     0     0
     0     0     0     0     0     0     0     0     0     0     0     0
     0     0     0     0     0     0     0     0     0     0     0     0
     0     0     0     0     0     0     0     0     1     0     0     0
     0     0     0     0     0     0     0     0     0     0     0     0
     0     0     0     0     0     0     0     0     0     0     0     0
     0     0     0     0     0     0     0     0     0     0     0     0
     0     0     0     0     0     0     0     0     0     0     0     0
     0     0     0     0     0     0     0     0     0     0     0     0
     0     0     0     0     0     0     0     0     0     0     0     0
     0     0     0     0     0     0     0     1     0     0     0     0
     0     0     0     0     0     0     0     1     0     0     0     0
     0     0     0     0     0     0     0     0     0     0     1     0
     0     1     0     2     1     0     0     0     0     0     2     0
     0     4     2     8     4     1     1     1     0     1     1     1
     1     4     6     1     4     0     0     0     4     4     3     0
     1     4     5     9    10     3     1     2     3     2     6     2
     1     2     3     6     6     2     0     0     3     2     3     1
     1     1     1     0     5     3     1     1     3     0     0     3
     0     1     0     1     6     1     0     1     0     0     2     0
     0     0     0     0     0     0     0     0     1     0     0     1
     0     0     1     0     0     0     0     0     2     0     0     0
     0     0     0     0     0     0     0     0     0     0     0     0
     0     0     0     0     0     0     0     0     0     0     0     0
     0     0     0     0     0     0     0     0     0     0     0     0
     0     0     0     0     0     0     0     0     0     0     0     0
     0     0     0     0     0     0     0     0     0     0     0     0
     0     0     0     0     0     0     0     0     0     0     0     0
     0     0     0     0     0     0     0     0     0     0     0     0
     0     0     0     0     0     0     0     0     0     0     0     0
     0     1     0     0     0     0     0     0     0     0     0     0
     0     0     0     0     0     0     0     0     0     0     0     0
     0     0     1     0     0     0     0     0     0     0     1     0
    13
     0     0     0     0     0     0     0     0     0     0     0     0
     0     0     0     0     0     0     0     0     0     0     0     0
     0     0     0     0     0     0     0     0     0     0     0     0
     0     0     0     0     0     0     0     0     0     0     0     0
     0     0     0     0     0     0     0     0     0     0     0     0
     0     0     0     0     0     0     0     0     0     0     0     0
     0     0     0     0     0     0     0     0     0     0     0     0
     0     0     0     0     0     0     0     0     0     0     0     0
     0     0     0     0     0     0     0     0     0     0     0     0
     0     0     0     0     0     0     0     0     0     0     0     0
     0     0     0     0     0     0     0     0     0     0     0     0
     0     0     0     0     0     0     0     0     0     0     0     0
     0     0     0     0     0     0     0     0     0     0     0     0
     0     0     0     0     0     0     0     0     0     0     0     0
     0     0     0     0     0     0     0     0     0     0     0     0
     0     0     0     0     0     0     0     0     0     0     0     0
     0     0     0     0     0     0     0     0     0     0     0     0
     0     0     0     1     0     0     0     0     0     0     0     0
     1     0     2     0     0     0     0     0     0     0     2     0
     0     1     3     0     0     1     0     0     0     0     1     0
     0     0     1     1     1     0     0     1     1     0     0     0
     0     0     0     0     0     0     0     0     0     0     0     0
     0     0     0     0     0     0     0     0     0     0     0     0
     0     0     0     0     1     0     0     0     0     0     0     0
     0     0     0     1     0     0     0     0     0     0     0     0
     0     0     0     0     0     0     0     0     0     0     0     0
     0     0     0     0     0     0     0     0     0     0     0     0
     0     0     0     0     0     0     0     0     0     0     0     0
     0     0     0     0     0     0     0     0     0     0     0     0
     0     0     0     0     0     0     0     0     0     0     0     0
     0     0     0     0     0     0     0     0     0     0     0     0
     0     0     0     0     0     0     0     0     0     0     0     0
     0     0     0     0     0     0     0     0     0     0     0     0
     0     0     0     0     0     0     0     0     0     0     0     0
     0     0     0     0     0     0     0     0     0     0     0     0
     0     0     0     0     0     0     0     0     0     0     0     0
    14
     0     0     0     0     0     0     0     0     0     0     0     0
     0     0     0     0     0     0     0     0     0     0     0     0
     0     0     0     0     0     0     0     0     0     0     0     0
     0     0     0     0     0     0     0     0     0     0     0     0
     0     0     0     0     0     0     0     0     0     0     0     0
     0     0     0     0     0     0     0     0     0     0     0     0
     0     0     0     0     0     0     0     0     0     0     0     0
     0     0     0     0     0     0     0     0     0     0     0     0
     0     0     0     0     0     0     1     0     0     0     0     0
     0     0     0     0     0     0     0     0     0     0     0     0
     0     0     0     0     0     0     0     0     0     0     0     0
     0     0     0     0     0     0     0     0     0     0     0     0
     0     0     0     0     0     0     0     0     0     0     0     0
     0     0     0     0     0     0     0     0     0     0     0     0
     0     0     0     0     0     0     0     0     0     0     0     0
     0     0     0     0     0     0     1     0     0     0     0     0
     0     1     0     0     0     0     0     0     0     0     1     0
     0     1     1     0     0     0     0     0     0     0     1     1
     0     0     0     0     0     0     0     1     0     0     2     0
     0     0     1     2     0     1     0     0     1     1     0     0
     0     0     0     1     0     0     0     1     0     0     0     0
     1     0     0     1     0     0     0     0     0     0     0     1
     0     0     0     0     0     0     0     0     0     0     0     0
     0     0     0     0     0     0     0     0     0     0     0     0
     0     0     0     0     0     0     0     0     0     0     0     0
     0     0     0     0     0     0     0     0     0     0     0     0
     0     0     0     0     0     0     0     0     0     0     0     0
     0     0     0     0     0     0     0     0     0     0     0     0
     0     0     0     0     0     0     0     0     0     0     0     0
     0     0     0     0     0     0     0     0     0     0     0     0
     0     0     0     0     0     0     0     0     0     0     0     0
     0     0     0     0     0     0     0     0     0     0     0     0
     0     0     0     0     0     0     0     0     0     0     0     0
     0     0     0     0     0     0     0     0     0     0     0     0
     0     0     0     0     0     0     0     0     0     0     0     0
     0     0     0     0     0     0     0     0     0     0     0     0
    15
     0     0     0     0     0     0     0     0     0     0     0     0
     0     0     0     0     0     0     0     0     0     0     0     0
     0     0     0     0     0     0     0     0     0     0     0     0
     0     0     0     0     0     0     0     0     0     0     0     0
     0     0     0     0     0     0     0     0     0     0     0     0
     0     0     0     0     0     0     0     0     0     0     0     0
     0     0     0     0     0     0     0     0     0     0     0     0
     0     0     0     0     0     0     0     0     0     0     0     0
     0     0     0     0     0     0     0     0     0     0     0     0
     0     0     0     0     0     0     0     0     0     0     0     0
     0     0     0     0     0     0     0     0     0     0     0     0
     0     0     0     0     0     0     0     0     0     0     0     0
     0     0     0     0     0     0     0     0     0     0     0     0
     0     0     0     0     0     0     0     0     0     0     0     0
     0     0     0     0     0     0     0     0     0     0     0     0
     0     0     0     0     0     0     0     0     0     0     0     0
     0     0     0     0     0     0     0     0     0     0     0     0
     0     0     0     0     0     0     0     0     0     0     0     0
     0     0     0     0     0     0     0     0     0     0     0     0
     0     0     1     0     0     0     0     0     0     0     0     0
     0     0     0     0     0     0     0     0     0     0     0     0
     0     0     0     0     0     0     0     0     0     0     0     0
     0     0     0     0     0     0     0     0     0     0     0     0
     0     0     0     0     0     0     0     0     0     0     0     0
     0     0     0     0     0     0     0     0     0     0     0     0
     0     0     0     0     0     0     0     0     0     0     0     0
     0     0     0     0     0     0     0     0     0     0     0     0
     0     0     0     0     0     0     0     0     0     0     0     0
     0     0     0     0     0     0     0     0     0     0     0     0
     0     0     0     0     0     0     0     0     0     0     0     0
     0     0     0     0     0     0     0     0     0     0     0     0
     0     0     0     0     0     0     0     0     0     0     0     0
     0     0     0     0     0     0     0     0     0     0     0     0
     0     0     0     0     0     0     0     0     0     0     0     0
     0     0     0     0     0     0     0     0     0     0     0     0
     0     0     0     0     0     0     0     0     0     0     0     0
    16
     0     0     0     0     0     0     0     0     0     0     0     0
     0     0     0     0     0     0     0     0     0     0     0     0
     0     0     0     0     0     0     0     0     0     0     0     0
     0     0     0     0     0     0     0     0     0     0     0     0
     0     0     0     0     0     0     0     0     0     0     0     0
     0     0     0     0     0     0     0     0     0     0     0     0
     0     0     0     0     0     0     0     0     0     0     0     0
     0     0     0     0     0     0     0     0     0     0     0     0
     0     0     0     0     0     0     1     0     0     0     0     0
     0     0     0     0     0     0     0     0     0     0     0     0
     0     0     0     0     0     0     0     0     0     0     0     0
     0     0     0     0     0     0     0     0     0     0     0     0
     0     0     0     0     0     0     0     0     0     0     0     0
     0     0     0     0     0     0     0     0     0     0     0     0
     0     0     0     0     0     0     0     0     0     0     0     0
     0     0     0     0     0     0     0     0     0     0     0     0
     0     0     0     1     0     0     0     0     0     0     0     0
     0     0     1     0     0     0     0     0     0     0     0     0
     0     0     0     0     0     0     0     0     0     0     0     0
     0     0     0     3     0     0     0     0     0     0     0     1
     0     0     0     1     0     0     0     0     0     0     0     0
     0     0     0     0     0     0     0     0     0     0     0     0
     0     0     0     0     0     0     0     0     0     0     0     0
     0     0     0     0     0     0     0     0     0     0     0     0
     0     0     0     0     0     0     0     0     0     0     0     0
     0     0     0     0     0     0     0     0     0     0     0     0
     0     0     0     0     0     0     0     0     0     0     0     0
     0     0     0     0     0     0     0     0     0     0     0     0
     0     0     0     0     0     0     0     0     0     0     0     0
     0     0     0     0     0     0     0     0     0     0     0     0
     0     0     0     0     0     0     0     0     0     0     0     0
     0     0     0     0     0     0     0     0     0     0     0     0
     0     0     0     0     0     0     0     0     0     0     0     0
     0     0     0     0     0     0     0     0     0     0     0     0
     0     0     0     0     0     0     0     0     0     0     0     0
     0     0     0     0     0     0     0     0     0     0     0     0
    17
     0     0     0     0     0     0     0     0     0     0     0     0
     0     0     0     0     0     0     0     0     0     0     0     0
     0     0     0     0     0     0     0     0     0     0     0     0
     0     0     0     0     0     0     0     0     0     0     0     0
     0     0     0     0     0     0     0     0     0     0     0     0
     0     0     0     0     0     0     0     0     0     0     0     0
     0     0     0     0     0     0     0     0     0     0     0     0
     0     0     0     0     0     0     0     0     0     0     0     0
     0     0     0     0     0     0     0     0     0     0     0     0
     0     0     0     0     0     0     0     0     0     0     0     0
     0     0     0     0     0     0     0     0     0     0     0     0
     0     0     0     0     0     0     0     0     0     0     0     0
     0     0     0     0     0     0     0     0     0     0     0     0
     0     0     0     0     0     0     0     0     0     0     0     0
     0     0     0     0     0     0     0     0     0     0     0     0
     0     0     0     0     0     0     0     0     0     0     0     0
     0     0     0     0     0     0     0     0     0     0     0     0
     0     0     0     0     0     0     0     0     0     0     0     0
     0     0     0     0     0     0     0     0     0     0     0     0
     0     0     0     0     0     0     0     0     0     0     0     0
     0     0     0     0     0     0     0     0     0     0     0     0
     0     0     0     0     0     0     0     0     0     0     0     0
     0     0     0     0     0     0     0     0     0     0     0     0
     0     0     0     0     0     0     0     0     0     0     0     0
     0     0     0     0     0     0     0     0     0     0     0     0
     0     0     0     0     0     0     0     0     0     0     0     0
     0     0     0     0     0     0     0     0     0     0     0     0
     0     0     0     0     0     0     0     0     0     0     0     0
     0     0     0     0     0     0     0     0     0     0     0     0
     0     0     0     0     0     0     0     0     0     0     0     0
     0     0     0     0     0     0     0     0     0     0     0     0
     0     0     0     0     0     0     0     0     0     0     0     0
     0     0     0     0     0     0     0     0     0     0     0     0
     0     0     0     0     0     0     0     0     0     0     0     0
     0     0     0     0     0     0     0     0     0     0     0     0
     0     0     0     0     0     0     0     0     0     0     0     0
    18
     0     0     0     0     0     0     0     0     0     0     0     0
     0     0     0     0     0     0     0     0     0     0     0     0
     0     0     0     0     0     0     0     0     0     0     0     0
     0     0     0     0     0     0     0     0     0     0     0     0
     0     0     0     0     0     0     0     0     0     0     0     0
     0     0     0     0     0     0     0     0     0     0     0     0
     0     0     0     0     0     0     0     0     0     0     0     0
     0     0     0     0     0     0     0     0     0     0     0     0
     0     0     0     0     0     0     0     0     0     0     0     0
     0     0     0     0     0     0     0     0     0     0     0     0
     0     0     0     0     0     0     0     0     0     0     0     0
     0     0     0     0     0     0     0     0     0     0     0     0
     0     0     0     0     0     0     0     0     0     0     0     0
     0     0     0     0     0     0     0     0     0     0     0     0
     0     0     0     0     0     0     0     0     0     0     0     0
     0     0     0     0     0     0     0     0     0     0     0     0
     0     0     0     0     0     0     0     0     0     0     0     0
     0     0     0     0     0     0     0     0     0     0     0     0
     0     0     0     0     0     0     0     0     0     0     0     0
     0     0     0     0     0     0     0     0     0     0     0     0
     0     0     0     0     0     0     0     0     0     0     0     0
     0     0     0     0     0     0     0     0     0     0     0     0
     0     0     0     0     0     0     0     0     0     0     0     0
     0     0     0     0     0     0     0     0     0     0     0     0
     0     0     0     0     0     0     0     0     0     0     0     0
     0     0     0     0     0     0     0     0     0     0     0     0
     0     0     0     0     0     0     0     0     0     0     0     0
     0     0     0     0     0     0     0     0     0     0     0     0
     0     0     0     0     0     0     0     0     0     0     0     0
     0     0     0     0     0     0     0     0     0     0     0     0
     0     0     0     0     0     0     0     0     0     0     0     0
     0     0     0     0     0     0     0     0     0     0     0     0
     0     0     0     0     0     0     0     0     0     0     0     0
     0     0     0     0     0     0     0     0     0     0     0     0
     0     0     0     0     0     0     0     0     0     0     0     0
     0     0     0     0     0     0     0     0     0     0     0     0
    19
     0     0     0     0     0     0     0     0     0     0     0     0
     0     0     0     0     0     0     0     0     0     0     0     0
     0     0     0     0     0     0     0     0     0     0     0     0
     0     0     0     0     0     0     0     0     0     0     0     0
     0     0     0     0     0     0     0     0     0     0     0     0
     0     0     0     0     0     0     0     0     0     0     0     0
     0     0     0     0     0     0     0     0     0     0     0     0
     0     0     0     0     0     0     0     0     0     0     0     0
     0     0     0     0     0     0     0     0     0     0     0     0
     0     0     0     0     0     0     0     0     0     0     0     0
     0     0     0     0     0     0     0     0     0     0     0     0
     0     0     0     0     0     0     0     0     0     0     0     0
     0     0     0     0     0     0     0     0     0     0     0     0
     0     0     0     0     0     0     0     0     0     0     0     0
     0     0     0     0     0     0     0     0     0     0     0     0
     0     0     0     0     0     0     0     0     0     0     0     0
     0     0     0     0     0     0     0     0     0     0     0     0
     0     0     0     0     0     0     0     0     0     0     0     0
     0     0     0     1     0     0     0     0     0     0     0     0
     0     0     0     1     0     0     0     0     0     0     0     0
     0     0     0     0     0     0     0     0     0     0     0     0
     0     0     0     0     0     0     0     0     0     0     0     0
     0     0     0     0     0     0     0     0     0     0     0     0
     0     0     0     0     0     0     0     0     0     0     0     0
     0     0     0     0     0     0     0     0     0     0     0     0
     0     0     0     0     0     0     0     0     0     0     0     0
     0     0     0     0     0     0     0     0     0     0     0     0
     0     0     0     0     0     0     0     0     0     0     0     0
     0     0     0     0     0     0     0     0     0     0     0     0
     0     0     0     0     0     0     0     0     0     0     0     0
     0     0     0     0     0     0     0     0     0     0     0     0
     0     0     0     0     0     0     0     0     0     0     0     0
     0     0     0     0     0     0     0     0     0     0     0     0
     0     0     0     0     0     0     0     0     0     0     0     0
     0     0     0     0     0     0     0     0     0     0     0     0
     0     0     0     0     0     0     0     0     0     0     0     0
