23
Atlantic City, NJ 93730
     0
      -2.300      -1.200       3.200       8.300      13.800      20.000
      22.700      22.700      18.200      12.100       6.000        .600
       2.200       2.700       7.100      11.600      17.700      23.200
      25.600      25.000      21.700      16.100      10.600       4.400
       6.000       6.600      11.100      15.600      21.700      26.100
      28.800      27.700      24.300      20.000      14.300       8.300
      48.000      47.000      41.000      41.000      45.000      50.000
      52.000      55.000      53.000      49.000      49.000      48.000
      60.000      60.000      56.000      58.000      63.000      64.000
      66.000      67.000      68.000      64.000      64.000      61.000
      79.000      82.000      79.000      80.000      81.000      81.000
      81.000      81.000      83.000      81.000      83.000      81.000
       2.700       2.700       3.100       3.100       2.700       2.400
       2.400       2.400       2.400       2.400       2.700       2.700
       4.000       4.000       4.400       4.400       4.000       3.500
       3.100       3.100       3.100       3.500       4.000       4.000
       5.500       5.500       5.900       5.900       5.200       4.400
       4.000       4.000       4.400       4.800       5.500       5.500
     300.000     300.000     300.000     300.000     170.000     210.000
     210.000     210.000     210.000     300.000     300.000     300.000
     1
       1.687       3.072       7.490      12.211      17.954      23.093
      25.772      25.049      21.405      15.876      10.217       4.373
      63.012      63.499      59.781      60.054      63.195      64.889
      66.310      67.426      67.831      64.839      65.417      63.935
     2
     7     8     5     8     9    12    16    27    28    14    13     9
    17    15    10    13    16    23    43    51    30    24    17     8
     8    11     6     6    11    16    19    16    27    13    11     9
    10    12     7     6    16    21    19    15    26    11    11     7
     9    12    10     8    17    25    24    28    30    20     5    13
     6     5     3     6    10    16    21    16    18    11     6     6
     5     9    14     6    20    21    18    30    17    23    16    11
     5     7    10     5    12    18    17    23    14     5     5     2
     3    15     5    16    26    37    31    27    31    20     8    12
     3     3     4     8    10    13    29    20    16     7     8     2
    12    21    17    14    15    24    27    28    29    25     9    11
     5    13     9    10    16    12    18    23    19    10     9    13
    13    11     9     2     5     8    18    11    10     8     5     7
     8    18    16    20    17    25    24    22    25    25    13    12
     4    11     5     9     9    10    29    18    11     6    11     8
     7    13    10    14    14    25    21    25    19    16    14     9
     6     4     8     5    12     9    15    16    12    13     9     8
    10    17    13    20    19    37    43    34    28    20    15     8
     6     4    10     9     7    15    20    22    14     6     6     8
    10     9    13     7    23    30    32    35    26    11     9    14
     5     6    14     6    16    15    27    30    11    11     8     4
     6     5     7    11    10    18    26    38    19    12    11     5
    15    13    12     9    25    29    51    30    34    11    16    17
    12     7     6    15    18    30    35    29    26    15    19     9
    18    14     4     7    19    32    39    32    30    20    19    11
    10     7     6     7    13    16    11    12    16     9    11     9
    14    16    10    11    18    24    21    25    26    20    21    13
     9     5     7     9    10     6    16    12    15     9     9     8
    16    18    13    11    14    20    24    30    16    19    13    13
    18    13     9    13    14    23    26    27    23    27    15    14
    22    12    13    13    18    25    30    39    25    30    14    13
    17    19     6    15    24    21    34    30    31    27    28    16
    18    15    12    13    12    16    31    25    27    21     9    11
    19    12    14    11    11    22    33    35    33    22    31    16
    10     8     5     7     6    18    14    30    34    23     8    12
    23    15    10    11    28    34    41    47    58    36    25    20
     3
    17    29    26    28    37    27    45    55    69    41    28    28
    31    36    29    24    32    41    68    76    73    58    32    43
    20    12    25    18    32    38    30    50    44    39    26    30
    22    31    24    18    30    33    29    46    52    27    17    29
    19    42    27    27    50    51    47    64    60    42    24    35
    17    17    25    27    34    53    26    49    47    28    18    19
    22    40    37    35    73    69    52    71    68    57    36    30
    10    11    18    22    37    39    37    31    46    27    19    18
    23    30    36    38    71    91    85    94    67    45    37    21
    13    22    21    23    44    54    57    49    38    31    13     8
    22    30    55    40    85    85    88    91    63    53    28    18
    14    18    36    39    64    81    78    61    57    43    28    23
    15    21    33    38    53    49    56    54    48    31    26    17
    31    52    44    47    93    84   119    88    66    61    35    23
    15    20    27    39    65    62    87    65    60    40    31    15
    31    32    45    51    86    97    92    83    56    49    41    16
    20    15    15    27    60    72    65    61    51    35    31    21
    45    43    48    68    91   166   188   155   100    64    43    37
    24    19    14    30    52    74    99    77    49    42    23    29
    36    30    25    39    66   116   124   101    74    44    38    40
    25     7    24    27    43    57    93    79    51    36    37    16
    19    18    27    18    34    58    62    63    46    34    19    21
    48    45    32    30    58    88   125   125    83    61    40    43
    47    35    29    32    41    80   103    81    68    53    40    27
    46    49    37    51    64    96   164   119    76    73    45    44
    35    22    20    34    42    59    69    67    43    36    36    29
    66    48    56    40    63   104   122   126    95    75    60    57
    24    26    27    24    33    38    65    53    39    32    32    26
    62    56    30    49    56    71    69    67    77    82    46    47
    41    50    57    49    45    60    67    92    74    53    46    50
    53    43    39    40    48    75    86    82    63    67    51    42
    56    54    54    36    72    88    95   104    65    65    56    56
    52    35    38    37    44    43    78    72    52    50    28    27
    64    55    49    41    39    58    87    91    67    71    48    58
    38    38    29    22    41    44    57    64    65    49    41    42
    68    64    70    42    67    84    97   140   111   121    73    63
     4
    14    27    22    18    23    11    23    34    39    35    20    11
    16    40    19    19    23    22    31    28    49    32    30    24
    14    14    15    14    16     8    10    25    32    20    18    14
    14    23    20    13    29    18    20    25    30    25    12    12
    16    20    24    33    40    28    29    38    47    27    22    19
    14    22    21    28    29    25    18    34    43    28    16    10
    10    23    25    35    44    46    44    50    45    36    27    30
    12    14    19    19    31    28    34    45    40    12    22    10
    12    31    34    51    72    70    55    57    53    47    30    14
     4    15    23    17    26    46    38    24    36    19    12     6
    13    21    31    41    72    58    55    53    37    39    19    10
    13    17    32    40    60    38    42    52    37    30    22    12
    11    16    28    28    47    27    33    39    46    25    11     8
    14    14    51    57    78    70    64    58    54    41    22     8
     7    11    19    46    64    53    63    44    33    38    15     5
    13    26    30    46    86    95    69    67    60    40    20    11
    16    16    20    31    42    73    74    50    31    38    20     9
    40    44    38    67   115   176   155   131    89    76    41    29
    27    17    29    38    59    86    66    63    62    36    20    27
    32    31    34    31    68    71   113    94    58    37    30    34
    20    13    14    31    25    51    65    53    42    34    19    24
    32    14    17    15    30    45    40    58    36    28    18    27
    47    23    30    26    41    73    83    67    37    40    32    24
    30    34    25    32    32    71    62    46    44    36    26    48
    38    32    40    45    48    88    97    68    45    50    34    48
    28    25    25    29    34    28    67    37    51    26    22    28
    55    50    51    64    49    76    77    68    46    70    54    52
    21    27    26    23    30    41    34    39    26    29    26    38
    45    58    50    41    53    66    66    57    62    65    56    55
    37    56    35    43    42    59    40    40    33    45    45    37
    36    39    31    36    47    51    63    41    38    35    48    35
    49    38    56    44    51    52    52    50    48    51    54    58
    43    34    41    27    29    39    46    24    33    26    21    24
    57    41    41    42    35    33    52    35    53    37    39    50
    38    25    26    30    35    35    35    27    39    39    20    31
    47    54    51    47    35    43    62    80    70    65    54    50
     5
    14    33    34    33    19    22    28    13    26    36    16    21
    20    41    38    29    38    24    18    30    40    38    20    29
    16    20    36    16    34    10    16    21    27    32    17    10
    15    15    20    17    25    14    15    17    31    35    17    15
    25    42    35    42    47    36    28    26    57    58    22    33
    14    33    41    36    54    28    16    39    55    49    24    19
    23    43    74    54    72    47    36    73    90    51    44    28
    14    17    35    35    49    36    34    37    38    43    20    12
    21    26    75    76    95    53    67    55    53    37    49    20
     7     8    17    49    64    31    28    16    25    20    18    12
    11    16    39    58    78    40    41    37    34    28    19     7
     5    13    36    63    72    47    38    24    39    31    28    15
     2    12    33    56    52    27    27    12    20    20    15     6
    14    22    57    56    64    48    49    30    21    31    15     4
     7    15    35    46    80    41    39    45    30    31    15    10
    13    18    30    99   104    95    66    79    58    29    24    10
     8    16    42    71    82   107   112    83    45    45    23    18
    63    59    97   144   198   261   262   240   123    89    81    46
    25    30    45    69   115   145   121   112    58    52    47    35
    56    61    69    61    90   132   138   133    67    62    48    43
    25    40    32    30    51    60    66    66    33    35    26    37
    27    32    31    28    31    67    62    54    39    48    38    40
    39    37    41    37    68    90   100    69    50    62    70    52
    34    32    40    30    58    81    72    65    54    48    53    46
    62    54    54    66    87   126    98    64    45    63    51    53
    34    18    27    54    41    52    43    32    25    43    35    42
   105    65   106    86   107   120    87    69    56    62    88    91
    39    51    44    54    55    49    46    38    33    44    51    43
   102    84    92   106    92    84    96    58    86    85    95    85
    93    71   101    68    69    71    51    32    52    74    76    82
    81    78    84    86    69    58    59    26    50    67    81   100
   103    94   117   115    74    93    53    63    56    93    67   118
    51    60    69    78    60    33    28    28    33    49    55    64
    52    60    82    63    69    40    48    50    73    62    57    55
    40    32    58    51    36    34    29    29    39    41    33    45
    70    57    83    56    70    62    45    55    78    82    55    64
     6
     6    13    23    11    13     3     1     3     4    15     5    11
    10     9    21     8    13     5     2    17    17    20    10     4
     7    11    31    12     8     1     3     4    11     8     7     5
     9    14    22    13    22    10     7     8    12    19     7     6
     9    18    36    26    24    13     7    15    50    18    12     6
     4    22    34    24    40    10    10    12    23    20    30    10
    21    31    61    43    60    33    21    19    35    43    37    13
     6     6    21    29    32     7     3     9    13    14    14     6
     8    17    31    47    59    12    13     5    22    14    16    12
     1     4    10    18    15     4     3     2     8     6     3     5
    10    10    15    22    23     9     5     3     2     8    11     6
     6    13    11    20    24    10     9     0     8     5     9    12
     2     7     6    18     8     1     7     1     4     9     9     5
     4    11    15    25    10     2     8     4     8     4    12     5
     6     7    14    29    22    11     4     8     7    13     9     5
     6     9    28    61    41    30    39    19    12     7    13     4
    10     3    31    55    37    34    36    32    22    19    15     7
    24    18    81   117   155   145   130   115    52    44    39    25
    26    14    52    69    72    81    82    46    36    29    37    30
    25    28    54    61    64    64    71    66    48    27    47    40
    10    16    17    24    28    35    30    19    21    11    17    27
    15    21    21     8    20    34    18    25    17    19    24    20
    34    34    41    32    50    45    48    33    38    51    37    22
    24    21    21    24    31    52    26    13    18    17    30    28
    29    26    42    34    59    56    41    30    16    43    43    35
    25    19    21    23    34    28    16    17    14    23    27    16
    66    52    78    92    67    41    37    23    26    39    74    56
    41    37    41    44    49    26    10     6    15    27    44    38
    93    78   109   108    71    49    39    29    41    38    81    93
   102    93    99    90    63    40    14     8    31    54    85    76
    80    68    85    77    55    32    15    10    24    53    77    65
    96    71   109   103    62    39    22    29    24    67   100    90
    45    55    47    60    29    28     8    10    14    33    33    43
    36    44    60    71    38    34    14    17    25    36    41    42
     8    23    23    26    13    11     8     6     2    20    19    19
    18    30    37    22    33    18     5    15    30    38    25    26
     7
     2     4     2     3     4     0     0     0     1     5     3     0
     2     3     8     4     5     0     0     2     6     1     1     1
     4     2     7     8     6     0     0     0     2     2     0     1
     0     0     6     6     8     1     0     3     3     5     4     1
     2     7    11     9    10     7     0     8    10     9     7     0
     2     4     9    15    12     3     1     5     4     5     6     2
     3     7    19    11    26     7     1     3    18     5    11     4
     5     4    14    15     4     1     1     0     0     2     4     1
     3     4     9    15     8     6     0     0     2     2     3     5
     1     0     3     1     2     0     0     0     0     1     1     3
     4     2     1     4     2     2     2     0     1     0     2     3
     2     2     9     5     2     1     0     0     3     0     2     3
     3     2     4     3     3     2     1     0     2     3     2     2
     1     2     5     3     3     1     0     1     2     0     6     0
     0     2     4     7     7     3     0     0     2     2     2     0
     2     0     3     9     5     6     2     1     1     2     7     1
     2     4     3    13    15     2     3     7     9     3     3     2
     2    12    23    52    58    28    27    15    10     9    13     2
     5     7    30    32    33    26    11     4    14     7    10     6
     9    16    22    27    23    20    13    11     9     7    16    11
     2     5     8    17     9     4     7     2     1     5     6     9
     8     8     8     5     3     6     3     5     4     7    13     4
    13    10    13    19    24     9    15     4    19     6    11    10
    11     9    12     9    11    12     5     2     3    10     9     5
     5     5     9    17    21    14     5     4     3    11    11     3
     7     5    10    20     5     7     0     4     1     2     8     6
    37    21    42    42    19    12    10     2     8     7    23    14
    22    20    17    26    10     9     5     2     3     5    21    25
    50    45    62    70    32     6     8     2     7    23    43    40
    36    35    41    30    22     8     4     6     2    17    34    35
    35    38    58    34    20     5     3     3     4    21    39    38
    33    34    60    42    20     5     7     4     5    21    44    38
     9    15    26    21     8     4     2     1     4     3    17    16
     8    23    18    19    10     4     2     3     6    10    13     6
     4    10    10    10     5     1     1     1     1     5     4     1
     2     2     3     3     4     4     0     1     5     5     7     1
     8
     1     6     4     0     0     0     0     0     1     1     1     0
     1     4     6     8     1     0     0     1     1     5     0     1
     0     6    10    11     2     0     0     2     0     1     0     0
     4     4     6     7     2     0     0     0     0     2     0     1
     8     4     5    13     5     1     1     2    14     8     5     4
     4     6    13    20    10     1     3     1     1     5     0     0
     3     9    35    23    20     2     0     3    18     5     6     2
     2     0     8    12     6     0     0     0     0     1     1     1
     2     3    11     9     5     3     0     0     0     2     0     1
     2     3     9     2     2     1     0     0     0     2     0     2
     1     1     7     4     1     2     0     0     2     0     2     1
     3     1     4     8     0     0     1     0     0     3     3     1
     1     0     9     0     0     0     0     0     0     0     1     2
     1     1     6     3     0     0     0     0     0     1     2     0
     0     1     1    10     1     0     1     0     2     1     2     1
     2     0     2    10     3     1     2     1     2     2     3     2
     0     6     6    10     8     4     0     0     2     1     2     3
     7    11    23    42    36     9    18    12     2     2     9     7
     9     6    39    32    27     9     4     5    11     6     8     5
     4    17    20    38    27     8    10     6    12     5    12    17
     3    11     8    16     6     4     3     5     2     4     4     6
     4    12     9    16     6     2     4     2     1     3     6     2
    14    15    18    16    10    10     2     3     3     6     7    13
     7     7     9    16     5     4     6     0     1     2     6     7
    24     4    10    17    12     8     3     0     2     8    10     8
     9     7    10     6     6     0     4     1     2     4     8     8
    48    33    27    51    26     7     5     3     1    13    23    19
    27    30    27    22     8     0     1     0     1    10    23    16
    64    44    66    69    29     4     4     4     2    21    49    68
    56    38    52    44    19     6     2     0     4    11    43    41
    31    48    62    42    13     2     0     1     1    11    33    44
    37    46    62    38    18     5     7     5     5    17    36    39
    14    22    23    11     4     3     1     1     1     6     8    12
     9    18    20    14    10     8     3     2     7    14    19     3
     2     2     5     4     4     1     0     0     0     1     2     5
     2     8     7     6     3     0     0     0     2     2     0     2
     9
     0     4     1     1     0     0     0     0     0     0     0     1
     0     0     1     0     0     0     0     0     0     2     0     0
     0     0     2     0     0     0     0     0     0     0     0     0
     0     1     2     2     0     0     0     0     0     1     0     0
     2     0     4     2     1     0     0     1     2     4     0     0
     0     1     3     2     2     0     0     0     0     1     0     1
     0     3     8     4     3     1     0     0     2     1     0     1
     2     1     1     0     2     0     0     0     0     1     0     1
     0     1     1     1     1     0     0     0     0     0     0     0
     0     0     0     1     0     0     0     0     0     0     0     1
     0     0     3     1     0     0     0     0     1     0     0     0
     1     0     0     1     0     0     0     0     0     1     1     0
     1     0     2     1     0     0     0     0     0     0     0     0
     0     1     0     0     0     0     1     0     0     0     0     0
     1     0     2     0     0     0     0     0     0     0     0     0
     1     2     0     4     0     0     0     0     1     0     0     0
     0     3     0     4     1     0     0     0     0     0     1     0
     0     2     6     7     2     1     0     0     2     0     1     1
     1     2     6     5     6     1     1     0     0     2     2     0
     3     3     5     9     2     0     3     2     3     2     5     3
     0     2     1     1     3     0     0     1     1     3     2     0
     1     3     0     3     0     0     0     0     0     1     1     0
     1     1     1     3     2     0     0     0     0     0     1     5
     3     4     4     2     2     0     0     0     0     0     1     1
     3     1     1     4     0     1     0     0     0     1     4     1
     2     3     2     2     0     1     0     0     1     0     0     1
    19    10     6    11     4     0     0     0     1     6     5     7
     6     7    11     7     4     1     0     0     0     2     9     7
    17    13    17    16     5     1     1     0     0     4     7    15
    10    14    19    18     2     0     0     0     0     2     6    13
    10    16    15    11     1     0     0     0     0     4     9    11
    15    13    15    17     1     0     2     0     0     1    12    10
     3     4     7     2     1     0     0     0     0     0     0     1
     4     3     2     8     1     0     0     0     0     0     3     2
     0     0     0     1     0     0     0     0     0     1     1     0
     0     1     0     0     0     0     0     0     1     2     0     0
    10
     0     0     0     0     0     0     0     0     0     0     0     0
     0     0     1     1     0     0     0     0     0     0     0     0
     0     0     0     2     0     0     0     0     0     0     0     0
     0     0     1     0     0     0     0     0     0     0     0     0
     3     0     0     1     0     0     0     0     2     0     0     0
     0     2     5     5     1     0     0     0     0     0     0     1
     3     0     3     1     0     0     0     0     1     1     0     0
     1     3     2     0     0     0     0     0     0     0     0     0
     0     1     1     1     0     0     0     0     0     0     0     0
     0     0     0     0     0     0     0     0     0     0     0     0
     0     1     0     1     0     0     0     0     0     0     0     0
     0     0     0     0     0     0     0     0     0     0     0     0
     0     0     0     0     0     0     0     0     0     0     0     0
     1     0     1     1     0     0     0     0     0     0     0     0
     0     0     0     0     0     0     0     0     0     0     0     0
     1     1     0     2     0     0     0     0     0     0     0     0
     1     0     0     2     0     0     0     0     0     1     2     1
     2     0     3     0     2     0     1     0     0     3     0     0
     0     1     6     3     3     0     0     0     1     1     2     1
     2     2     3     5     1     1     1     1     3     2     0     1
     0     0     0     0     0     1     0     0     0     0     0     0
     0     0     3     1     0     0     0     0     0     1     0     1
     2     1     1     1     1     0     0     0     0     0     1     1
     4     0     0     4     1     0     0     0     1     1     1     0
     0     1     2     1     0     0     0     0     0     0     1     1
     1     0     1     0     0     1     0     0     1     0     1     0
     5     7     7    10     3     0     0     0     0     0     2    11
     7     6     6     2     3     0     0     0     0     0     1     5
    18    14    11    11     2     1     0     0     0     4    19    16
     8    10    13     4     1     1     0     0     0     0     4     8
     5    10     7     3     0     0     0     0     0     1     5     4
     7     3     7     8     0     0     0     0     0     5    13    12
     2     2     2     0     0     0     0     0     0     1     0     0
     2     1     1     2     0     0     0     2     0     0     0     0
     0     1     0     0     0     0     0     0     0     0     0     0
     0     0     0     0     0     0     0     1     0     0     0     0
    11
     0     0     0     0     0     0     0     0     0     0     0     0
     0     0     0     0     0     0     0     0     0     1     0     0
     0     0     1     0     0     0     0     0     0     0     0     0
     0     0     0     0     0     0     0     0     0     0     0     0
     6     0     0     1     0     0     0     0     1     2     2     0
     1     2     0     0     0     0     0     0     0     0     1     0
     4     0     2     0     0     0     0     0     0     1     0     0
     1     0     0     1     0     0     0     0     0     0     0     0
     2     2     3     0     0     0     0     0     0     0     0     0
     0     0     0     1     0     0     0     0     0     0     0     0
     0     0     1     1     0     0     0     0     1     0     0     0
     0     0     0     0     0     0     0     0     0     0     1     0
     0     0     1     0     0     0     0     0     0     0     0     0
     0     1     2     0     0     0     0     0     0     0     0     0
     0     0     0     0     0     0     0     0     0     0     0     0
     1     0     2     1     0     0     0     0     0     0     0     1
     0     2     2     1     0     0     0     0     0     0     1     0
     3     0     1     1     2     0     0     0     0     0     0     0
     1     1     0     1     1     0     0     0     0     1     1     0
     3     3     5     3     1     0     0     0     2     0     0     1
     0     0     1     1     0     0     0     0     0     0     0     0
     0     0     0     0     0     0     0     0     0     0     0     0
     0     0     0     1     1     0     0     0     0     0     0     5
     1     1     0     5     0     0     0     0     0     0     1     0
     0     2     0     5     0     0     0     0     0     0     0     2
     1     0     0     1     2     0     0     1     0     0     0     0
     6     9     4    11     0     0     0     0     0     1     3     6
     3     4     7     3     0     0     0     0     0     0     1     2
    11    13    19    22     2     1     0     1     1     4    10    17
     9     7    10     6     0     0     0     0     0     0     1     8
     6     9     7     2     0     0     0     0     0     0     6     8
     4     7     7     5     0     0     0     0     1     3    10    16
     0     2     2     1     0     0     0     0     0     0     0     3
     2     2     3     0     0     0     0     0     0     0     0     1
     0     0     0     1     0     0     0     0     0     0     0     0
     0     0     0     0     0     0     0     0     0     0     0     0
    12
     0     0     0     0     0     0     0     0     0     0     0     0
     1     0     0     1     0     0     0     0     0     0     0     0
     0     0     0     0     0     0     0     0     0     0     0     0
     0     0     0     1     0     0     0     0     0     0     0     0
     0     0     1     0     0     0     0     0     0     0     2     0
     0     0     2     0     0     0     0     0     0     0     0     0
     0     1     3     1     0     0     0     0     0     0     0     0
     1     0     0     0     0     0     0     0     0     0     0     0
     0     0     7     0     0     0     0     0     0     0     1     0
     0     0     0     0     0     0     0     0     0     0     0     0
     0     0     0     0     0     0     0     0     0     0     0     0
     0     0     0     0     0     0     0     0     0     1     0     0
     0     0     0     0     0     0     0     0     0     0     0     0
     0     0     0     0     0     0     0     0     0     0     0     0
     0     0     0     0     0     0     0     0     0     0     0     0
     0     1     0     0     0     0     0     0     0     0     0     1
     0     0     0     1     0     0     0     0     0     0     0     0
     0     0     0     0     0     0     0     0     0     0     1     0
     0     1     2     0     0     0     0     0     0     0     1     0
     1     1     4     0     0     0     0     0     0     0     0     0
     0     0     0     0     0     0     0     0     0     0     0     0
     0     0     0     0     0     0     0     0     0     0     0     0
     0     1     0     0     0     0     0     0     0     0     0     1
     0     1     1     2     0     0     0     0     0     0     0     0
     0     0     0     2     0     1     0     0     0     0     0     0
     1     0     3     0     0     0     0     0     0     0     0     0
     2     4     2     1     0     0     0     0     0     2     0     1
     4     3     1     0     0     0     0     0     0     0     0     1
     7     4     3    17     0     0     0     0     2     0     4     7
     3     5     0     3     0     0     0     0     0     0     0     2
     2     3     0     6     0     0     0     0     0     0     6     0
     4     0     1     1     0     0     0     1     6     1     4     3
     0     0     0     0     0     0     0     0     0     0     0     1
     1     1     0     1     0     0     0     0     0     0     0     1
     0     0     0     0     0     0     0     0     0     0     0     0
     0     0     0     0     0     0     0     0     0     0     0     0
    13
     0     0     0     0     0     0     0     0     0     0     0     0
     0     0     0     0     0     0     0     0     0     0     0     0
     0     0     0     0     0     0     0     0     0     0     0     0
     0     0     0     0     0     0     0     0     0     0     0     0
     0     0     0     0     0     0     0     0     0     0     0     0
     0     0     0     0     0     0     0     0     0     0     0     0
     0     0     0     0     0     0     0     0     0     0     1     0
     0     0     0     0     0     0     0     0     0     0     0     0
     0     0     0     0     0     0     0     0     0     0     0     0
     0     0     0     0     0     0     0     0     0     0     0     0
     0     0     0     0     0     0     0     0     0     0     0     0
     0     0     0     0     0     0     0     0     0     0     0     0
     0     0     0     0     0     0     0     0     0     0     0     0
     0     0     0     0     0     0     0     0     0     0     0     0
     0     0     0     0     0     0     0     0     0     0     0     0
     0     0     0     0     0     0     0     0     0     0     0     0
     0     0     0     0     1     0     0     0     0     0     0     0
     0     0     0     1     0     0     0     0     0     0     0     0
     0     0     0     0     0     0     0     0     0     0     0     0
     0     0     0     0     0     0     0     0     0     0     0     0
     0     0     0     0     0     0     0     0     0     0     0     0
     1     0     0     1     0     0     0     0     0     0     0     0
     0     0     0     0     0     0     0     0     0     0     0     0
     0     0     0     1     0     0     0     0     0     0     0     0
     0     0     0     0     0     0     0     0     0     0     0     0
     0     0     0     0     0     0     0     0     0     0     0     0
     0     0     1     0     0     0     0     0     0     0     0     0
     0     0     1     0     0     0     0     0     0     0     0     0
     1     1     1     0     0     0     0     0     2     0     0     1
     1     1     0     0     0     0     0     0     0     0     0     1
     0     0     1     0     0     0     0     0     0     0     1     0
     0     0     0     0     0     0     0     0     0     0     0     1
     0     0     0     0     0     0     0     0     0     0     0     0
     0     0     0     0     0     0     0     0     0     0     0     0
     0     0     0     0     0     0     0     0     0     0     0     0
     0     0     0     0     0     0     0     0     0     0     0     0
    14
     0     0     0     0     0     0     0     0     0     0     0     0
     0     0     0     0     0     0     0     0     0     0     0     0
     0     0     0     0     0     0     0     0     0     0     0     0
     0     0     0     0     0     0     0     0     0     0     0     0
     0     0     0     0     0     0     0     0     0     0     0     0
     0     0     0     0     0     0     0     0     0     0     0     0
     0     0     0     0     0     0     0     0     0     0     0     0
     0     0     0     0     0     0     0     0     0     0     0     0
     0     0     1     0     0     0     0     0     0     0     0     0
     0     0     0     0     0     0     0     0     0     0     0     0
     0     0     0     0     0     0     0     0     0     0     0     0
     0     0     0     0     0     0     0     0     0     0     0     0
     0     0     0     0     0     0     0     0     0     0     0     0
     0     0     0     0     0     0     0     0     0     0     0     0
     0     0     0     0     0     0     0     0     0     0     0     0
     0     0     1     0     0     0     0     0     0     0     0     0
     0     0     0     0     0     0     0     0     0     0     0     0
     0     0     0     0     0     0     0     0     0     0     0     0
     0     0     0     0     0     0     0     0     0     0     0     0
     0     0     0     0     0     0     0     0     0     0     0     0
     0     0     0     0     0     0     0     0     0     0     0     0
     0     0     0     0     0     0     0     0     0     0     0     0
     0     0     0     0     0     0     0     0     0     0     0     0
     0     0     0     0     0     0     0     0     0     0     0     0
     1     0     0     0     0     0     0     0     0     0     0     0
     0     0     0     0     0     0     0     0     0     0     0     0
     1     0     0     0     0     0     0     0     1     0     0     0
     0     0     0     0     0     0     0     0     0     0     0     0
     0     0     0     1     0     0     0     0     0     0     1     0
     0     0     1     0     0     0     0     0     0     0     0     0
     0     2     0     0     0     0     0     0     0     0     0     0
     0     1     0     0     0     0     0     0     0     0     0     1
     0     0     0     0     0     0     0     0     0     0     0     0
     0     0     0     0     0     0     0     0     0     0     0     0
     0     0     0     0     0     0     0     0     0     0     0     0
     0     0     0     0     0     0     0     0     0     0     0     0
    15
     0     0     0     0     0     0     0     0     0     0     0     0
     0     0     0     0     0     0     0     0     0     0     0     0
     0     0     0     0     0     0     0     0     0     0     0     0
     0     0     0     0     0     0     0     0     0     0     0     0
     0     0     0     0     0     0     0     0     0     0     0     0
     0     0     0     0     0     0     0     0     0     0     0     0
     0     0     0     0     0     0     0     0     0     0     0     0
     0     0     0     0     0     0     0     0     0     0     0     0
     0     0     0     0     0     0     0     0     0     0     0     0
     0     0     0     0     0     0     0     0     0     0     0     0
     0     0     0     0     0     0     0     0     0     0     0     0
     0     0     0     0     0     0     0     0     0     0     0     0
     0     0     0     0     0     0     0     0     0     0     0     0
     0     0     0     0     0     0     0     0     0     0     0     0
     0     0     0     0     0     0     0     0     0     0     0     0
     0     0     0     0     0     0     0     0     0     0     0     0
     0     0     0     0     0     0     0     0     0     0     0     0
     0     0     0     0     0     0     0     0     0     0     0     0
     0     0     0     0     0     0     0     0     0     0     0     0
     0     0     0     0     0     0     0     0     0     0     0     0
     0     0     0     0     0     0     0     0     0     0     0     0
     0     0     1     0     0     0     0     0     0     0     0     0
     0     0     0     0     0     0     0     0     0     0     0     0
     0     0     0     0     0     0     0     0     0     0     0     0
     0     0     0     0     0     0     0     0     0     0     0     0
     0     0     0     0     0     0     0     0     0     0     0     0
     0     0     0     0     0     0     0     0     0     0     0     0
     0     0     0     0     0     0     0     0     0     0     0     0
     0     0     0     0     0     0     0     0     0     0     0     1
     0     0     0     0     0     0     0     0     0     0     0     0
     0     0     0     0     0     0     0     0     0     0     0     0
     0     0     0     0     0     0     0     0     0     0     0     0
     0     0     0     0     0     0     0     0     0     0     0     0
     0     0     0     0     0     0     0     0     0     0     0     0
     0     0     0     0     0     0     0     0     0     0     0     0
     0     0     0     0     0     0     0     0     0     0     0     0
    16
     0     0     0     0     0     0     0     0     0     0     0     0
     0     0     0     0     0     0     0     0     0     0     0     0
     0     0     0     0     0     0     0     0     0     0     0     0
     0     0     0     0     0     0     0     0     0     0     0     0
     0     0     0     0     0     0     0     0     0     0     0     0
     0     0     0     0     0     0     0     0     0     0     0     0
     0     0     0     0     0     0     0     0     0     0     0     0
     0     0     0     0     0     0     0     0     0     0     0     0
     0     0     0     0     0     0     0     0     0     0     0     0
     0     0     0     0     0     0     0     0     0     0     0     0
     0     0     0     0     0     0     0     0     0     0     0     0
     0     0     0     0     0     0     0     0     0     0     0     0
     0     0     0     0     0     0     0     0     0     0     0     0
     0     0     0     0     0     0     0     0     0     0     0     0
     0     0     0     0     0     0     0     0     0     0     0     0
     0     0     0     0     0     0     0     0     0     0     0     0
     0     0     0     0     0     0     0     0     0     0     0     0
     0     0     0     0     0     0     0     0     0     0     0     0
     0     0     0     0     0     0     0     0     0     0     0     0
     0     0     0     0     0     0     0     0     0     0     0     0
     0     0     0     0     0     0     0     0     0     0     0     0
     0     0     0     0     0     0     0     0     0     0     0     0
     0     0     0     0     0     0     0     0     0     0     0     0
     0     0     0     0     0     0     0     0     0     0     0     0
     0     0     0     0     0     0     0     0     0     0     0     0
     0     0     0     0     0     0     0     0     0     0     0     0
     0     0     0     0     0     0     0     0     0     0     0     0
     0     0     0     0     0     0     0     0     0     0     0     0
     0     0     0     0     0     0     0     0     0     0     0     0
     0     0     0     0     0     0     0     0     0     0     0     0
     0     0     0     0     0     0     0     0     0     0     0     0
     0     0     0     0     0     0     0     0     0     0     0     0
     0     0     0     0     0     0     0     0     0     0     0     0
     0     0     0     0     0     0     0     0     0     0     0     0
     0     0     0     0     0     0     0     0     0     0     0     0
     0     0     0     0     0     0     0     0     0     0     0     0
    17
     0     0     0     0     0     0     0     0     0     0     0     0
     0     0     0     0     0     0     0     0     0     0     0     0
     0     0     0     0     0     0     0     0     0     0     0     0
     0     0     0     0     0     0     0     0     0     0     0     0
     0     0     0     0     0     0     0     0     0     0     0     0
     0     0     0     0     0     0     0     0     0     0     0     0
     0     0     0     0     0     0     0     0     0     0     0     0
     0     0     0     0     0     0     0     0     0     0     0     0
     0     0     0     0     0     0     0     0     0     0     0     0
     0     0     0     0     0     0     0     0     0     0     0     0
     0     0     0     0     0     0     0     0     0     0     0     0
     0     0     0     0     0     0     0     0     0     0     0     0
     0     0     0     0     0     0     0     0     0     0     0     0
     0     0     0     0     0     0     0     0     0     0     0     0
     0     0     0     0     0     0     0     0     0     0     0     0
     0     0     0     0     0     0     0     0     0     0     0     0
     0     0     0     0     0     0     0     0     0     0     0     0
     0     0     0     0     0     0     0     0     0     0     0     0
     0     0     0     0     0     0     0     0     0     0     0     0
     0     0     0     0     0     0     0     0     0     0     0     0
     0     0     0     0     0     0     0     0     0     0     0     0
     0     0     0     0     0     0     0     0     0     0     0     0
     0     0     0     0     0     0     0     0     0     0     0     0
     0     0     0     0     0     0     0     0     0     0     0     0
     0     0     0     0     0     0     0     0     0     0     0     0
     0     0     0     0     0     0     0     0     0     0     0     0
     0     0     0     0     0     0     0     0     0     0     0     0
     0     0     0     0     0     0     0     0     0     0     0     0
     0     0     0     0     0     0     0     0     0     0     0     0
     0     0     0     0     0     0     0     0     0     0     0     0
     0     0     0     0     0     0     0     0     0     0     0     0
     0     0     0     0     0     0     0     0     0     0     0     0
     0     0     0     0     0     0     0     0     0     0     0     0
     0     0     0     0     0     0     0     0     0     0     0     0
     0     0     0     0     0     0     0     0     0     0     0     0
     0     0     0     0     0     0     0     0     0     0     0     0
    18
     0     0     0     0     0     0     0     0     0     0     0     0
     0     0     0     0     0     0     0     0     0     0     0     0
     0     0     0     0     0     0     0     0     0     0     0     0
     0     0     0     0     0     0     0     0     0     0     0     0
     0     0     0     0     0     0     0     0     0     0     0     0
     0     0     0     0     0     0     0     0     0     0     0     0
     0     0     0     0     0     0     0     0     0     0     0     0
     0     0     0     0     0     0     0     0     0     0     0     0
     0     0     0     0     0     0     0     0     0     0     0     0
     0     0     0     0     0     0     0     1     0     0     0     0
     0     0     0     0     0     0     0     0     0     0     0     0
     0     0     0     0     0     0     0     0     0     0     0     0
     0     0     0     0     0     0     0     0     0     0     0     0
     0     0     0     0     0     0     0     0     0     0     0     0
     0     0     0     0     0     0     0     0     0     0     0     0
     0     0     0     0     0     0     0     0     0     0     0     0
     0     0     0     0     0     0     0     0     0     0     0     0
     0     0     0     0     0     0     0     0     0     0     0     0
     0     0     0     0     0     0     0     0     0     0     0     0
     0     0     0     0     0     0     0     0     0     0     0     0
     0     0     0     0     0     0     0     0     0     0     0     0
     0     0     0     0     0     0     0     0     0     0     0     0
     0     0     0     0     0     0     0     0     0     0     0     0
     0     0     0     0     0     0     0     0     0     0     0     0
     0     0     0     0     0     0     0     0     0     0     0     0
     0     0     0     0     0     0     0     0     0     0     0     0
     0     0     0     0     0     0     0     0     0     0     0     0
     0     0     0     0     0     0     0     0     0     0     0     0
     0     0     0     0     0     0     0     0     0     0     0     0
     0     0     0     0     0     0     0     0     0     0     0     0
     0     0     0     0     0     0     0     0     0     0     0     0
     0     0     0     0     0     0     0     0     0     0     0     0
     0     0     0     0     0     0     0     0     0     0     0     0
     0     0     0     0     0     0     0     0     0     0     0     0
     0     0     0     0     0     0     0     0     0     0     0     0
     0     0     0     0     0     0     0     0     0     0     0     0
