20
Evansville, IN 93817
     0
      -4.500      -1.800       4.400      10.600      17.200      22.700
      25.000      23.800      20.000      12.800       5.000      -1.200
        .600       2.700       9.300      16.100      21.100      26.100
      27.700      27.200      23.200      17.200       9.300       2.700
       5.500       7.800      14.300      20.600      25.600      29.300
      30.600      30.000      27.200      21.700      15.000       7.800
      56.000      55.000      49.000      42.000      45.000      47.000
      51.000      52.000      50.000      43.000      51.000      58.000
      67.000      66.000      63.000      57.000      60.000      59.000
      62.000      63.000      63.000      57.000      66.000      70.000
      79.000      80.000      78.000      72.000      75.000      73.000
      75.000      76.000      78.000      75.000      80.000      82.000
       2.400       2.400       2.700       2.700       2.400       2.000
       1.600       1.600       2.000       2.000       2.400       2.400
       3.500       3.500       4.000       4.000       3.100       2.700
       2.400       2.400       2.400       2.700       3.100       3.500
       4.800       4.800       5.200       4.800       4.000       4.000
       3.100       3.100       3.500       4.000       4.800       4.800
     290.000     320.000     190.000     210.000     200.000     220.000
     230.000     210.000     190.000     190.000     190.000     210.000
     1
        .457       3.183       9.670      15.722      21.096      25.992
      27.660      26.855      23.259      17.094      10.066       3.210
      67.056      66.910      63.041      57.799      60.281      60.187
      63.311      63.659      63.595      59.073      65.223      70.041
     2
    10    11    11    18    33    27    40    45    36    20    23    18
    10    18    13    21    21    42    58    59    52    22    25    19
    20    15    23    14    23    38    54    57    25    20    10    10
    15    21    13    20    19    51    67    65    52    23    17    16
    22    36    24    40    60    75    78   110    91    41    32    29
    21    38    43    44    58    79    79    90    75    57    28    23
    27    82    43    61    79    98   114   111    90    72    48    32
    34    45    31    35    40    59    77   103    81    48    32    22
    57    47    34    54    88    90    98   150   119    77    56    41
    25    22    19    28    49    69    73    70    56    40    34    18
    22    36    40    47    54    75    88    83    66    56    34    36
    36    37    33    35    46    82    87    87    70    59    30    36
    21    31    32    30    49    49    77    81    64    43    42    36
    48    41    40    49    59   125    97   105    95    76    44    42
    20    21    22    15    45    43    62    61    71    57    29    35
    20    30    29    35    44    76   110    89    65    56    38    33
    21    23    19    25    51    49    79    76    60    71    40    31
    32    27    41    42    62    96    96   104    77    90    52    40
    16    18    12    24    38    42    60    51    52    34    23    16
    14    17    16    24    31    51    62    46    50    39    20    19
    18    13    16    13    38    28    55    38    33    39    13    12
    17    18    12    11    26    41    70    55    47    33     9    15
    22    20    16    26    42    87   108    79    52    46    33    32
    23    19    15    19    35    55    96    60    61    30    23    20
    25    26    24    27    37    57   101    62    52    35    23    26
    18    13    14    25    32    43    68    44    21    21    21    16
    25    25    24    21    45    72   107    76    67    38    26    38
    18    11    13    15    20    45    82    39    30    27    14    15
    20    15    25    39    54    53    78    59    45    41    20    18
    22    18    22    25    49    59    87    58    52    43    13    16
    10    20    21    19    48    78    71    56    56    39    26    28
    39    23    44    51   102    97   180   138   123    80    47    47
    17    29    28    35    66    83    81    79    76    51    34    15
    19    38    28    22    47    77    86    82    67    57    36    27
    10    24    21    30    28    44    67    63    43    33    28    14
    22    27    25    39    51    78   127   112    72    51    45    30
     3
    27    48    44    58    79    85   114   108    78    73    30    35
    33    51    47    48    66    80   134   133   103    50    41    44
    34    45    46    46    71    60    96    94    94    50    26    38
    28    38    44    51    92   109   126   114   102    62    45    44
    36    79    83    80   126   140   115   193   124    81    57    54
    38    69    66    75    99   118   122   121   127    74    53    51
    45    92    77    91   118   108   120   133   147    78    41    72
    38    47    52    60    99   106    99    97    93    70    44    35
    71    85    98   110   160   168   138   132   116    81    70    60
    40    56    71    53    91    68   101    87    70    59    55    32
    56    70    98    78    94   102   122    97   101    96    62    56
    68    83   121    96   102    95   116   104   100    89    64    91
    74    95    85    85   107   111    92   120   103   103    87    74
   100   112   121   102   160   168   153   149   170   164   117    91
    49    73    56    75   110    79   100    97   114    65    69    60
    82    67    67    80    93   139   124   123   147   130    75    77
    80    71    69    83   107   104   106   126   147   106    69    93
    84    79    84   104   167   213   191   202   197   193   124   119
    53    48    47    58    86   104    86    94   111   102    77    49
    60    38    56    57   110   121   149   119   112   110    73    69
    51    54    45    44    73    98   139   132    96    98    56    56
    63    55    33    47    99   148   170   140   132    80    48    51
    72    52    58    81   141   278   317   258   156   167    62    77
    64    43    48    60   121   147   232   186   102    89    39    68
    80    46    48    56    88   143   210   114    78    71    52    53
    47    42    26    47    65    90   123    87    46    56    26    41
    82    66    46    76   115   114   160   124    75    63    72    72
    47    52    35    41    51    84   117    62    51    44    24    49
    57    54    46    58    70    91   129    92    77    63    58    66
    50    62    48    59    62   104   126    69    79    71    43    43
    62    51    54    64    74    75    90    72    89    76    59    29
   108   100    99    92   116   118   146   144    97   121   106   108
    65    72    46    61    68    74    82    86    91    70    74    49
    84   100    81    79    98    88   124   117    97    80    88    76
    60    67    53    63    90    83   122   130   119    81    64    61
    69   100    91   100   153   163   177   217   150   123    80    76
     4
    22    29    40    30    44    42    37    49    36    36    23    21
    26    24    34    26    54    37    55    66    49    32    11    24
    21    12    37    27    37    32    33    33    44    28    18    19
    27    23    30    39    46    44    45    61    42    37    25    16
    28    47    40    44    68    57    42    69    57    25    33    19
    24    30    47    52    52    44    43    42    42    40    31    23
    18    39    41    42    49    40    40    39    39    35    22    33
    18    25    28    35    33    32    29    24    30    12    13    15
    37    35    58    65    72    49    44    35    49    24    33    36
    24    17    30    35    50    27    18    21    26    18    14    31
    19    31    44    44    40    35    23    25    21    35    24    26
    40    40    56    38    43    32    25    21    33    32    25    33
    36    41    72    54    50    28    25    31    37    40    39    42
    52    61    84    73    72    56    25    47    52    59    79    45
    29    35    35    32    43    39    22    27    44    37    30    44
    41    32    46    45    70    59    48    36    45    42    50    50
    46    33    47    51    64    61    52    46    66    68    38    49
    84    59    88    72   116   108    97   105   108   122   104    98
    41    37    43    48    63    60    69    59    50    65    52    42
    70    46    55    66    91   103    92    97    61    90    61    56
    57    59    57    54    81    92    97    74    62    67    43    72
    33    30    48    62    84   127   116   106    80    69    63    53
    58    31    49    61   137   159   165   154    80    90    37    63
    50    34    34    30    79   114   120   108    44    53    39    37
    57    38    34    49    63    77    96    64    35    42    28    47
    41    27    24    35    44    44    58    38    22    33    25    25
    45    57    38    60    49    58    75    44    29    49    42    41
    43    29    25    32    35    28    38    15    19    26    25    34
    53    47    33    45    50    48    69    33    35    33    54    46
    53    61    38    48    46    45    43    35    27    54    34    45
    44    43    44    48    42    51    41    25    37    50    49    51
    68    83    73    72    72    67    59    41    50    86   103   100
    67    55    60    45    48    46    33    20    36    46    44    42
    82    79    65    68    50    63    52    49    72    72    58    48
    47    60    46    60    63    36    43    48    53    52    45    44
    41    56    69    79    81    68    73    99    79    81    49    56
     5
    27    31    44    35    64    27    24    20    42    32    19    29
    26    41    44    38    57    27    27    40    42    22    17    29
    23    17    37    36    44    24    21    21    25    15    16    15
    16     8    39    37    48    30    26    30    25    18    21    11
    19    33    44    37    59    37    36    33    29    36    24    19
    19    23    33    58    49    30    17    19    24    14    19    24
    18    37    42    46    39    25    21    16    33    17    20    13
    19    25    41    43    25    14    13     8    13     8    14    15
    29    25    65    53    65    35    27    20    28    18    15    25
    11    19    43    43    41    12     7     7     8     8    16    13
    17    17    39    48    44    14    13     9    14    12     8    13
    22    26    51    75    32    13     3    10    14    16    16    16
    22    29    57    61    39     9    11     5    11    18    19    21
    44    58    91    69    67    36    20    24    44    39    44    49
    31    31    60    47    38    25    11     9    28    18    37    23
    42    55    62    88    67    35    22    12    54    46    51    32
    47    49    58    74    75    39    35    31    62    61    61    70
   113   109   152   174   176   123    84    75   117   136   125   143
    64    54    79    87   130   104    57    58    98    87    97    91
   119    83   118   141   129   163   114    71    83   115    93    98
    58    86    84    99   117   156    86    87    87   118   127   121
    71    70   106   128   144   172   106    97    84   104   103    91
    83    47   100   120   166   204   148   115    69   101    91    55
    58    47    53    88   103   142   124   119    48    62    58    72
    59    44    77    71    87    77    81    57    27    50    52    59
    43    31    41    47    54    61    52    30    15    38    40    41
    75    73    84   118    89    41    42    19    17    43    59    62
    59    55    50    69    41    35    25    22    20    33    57    34
   107    81    81    91    65    53    31    25    20    64    85    78
   103    82   112   100    62    60    30    20    26    69    76    96
    90    97   106   106    66    36    32    21    47    62    74    98
   143   162   158   147    91    63    50    35    56    88   128   127
    82    98   100    90    62    35    21    17    37    61    63    73
   108   107   115   107    67    43    20    39    48    77    67    84
    72    83    74    70    76    39    30    31    45    59    74    60
    64    93   117    85    89    52    54    57    73    61    50    48
     6
    15    14    25    27    13     7     2     5     5     7     5    11
     8    15    15    24    17     9     6     8    11     4     6     3
    10     6    14    10    11    12     2     3    10     4     4     1
     3     6     9    14     7     7     2     3     6     5     5     3
     2    16    19    10    16     6     2     5     7     4     3     2
     5    11    13    13    15     5     4     1     6     9     5     2
     3    15    27    12    13     2     3     1     4     3     5     7
     7    15    19    11     7     3     2     0     3     0     4     2
     4     5    29    21    17     5     4     2     2     3     2     4
     1     1    13    13     7     3     1     1     1     2     5     0
     3     4     8    15     8     3     1     1     2     0     6     1
     6     4     8    17     5     1     0     1     0     2    11     3
     5     6    12    23     6     1     2     0     2     4     6     5
    16    27    40    35    14     2     2     4     7     5    11     9
     8    10    30    20    12     8     2     1     6     3    11     9
    28    26    52    45    17    14     6     1    13    19    24    15
    30    30    37    46    42    13    10     7    16    19    25    26
    55    70    75   121    77    42    36    15    44    67    84    55
    49    35    86    62    81    63    16     8    23    31    67    51
    52    68   101   101    94    72    37    27    40    52    80    73
    42    58    85    95    75    73    16    18    45    54    68    67
    43    49    88    80    69    94    20    32    34    38    68    70
    58    41    61    81    82    72    41    23    20    22    47    39
    42    25    46    52    35    50    31    23    18    17    35    32
    28    35    51    57    39    36    12     7     8    15    28    32
    23    17    34    30    17    15     5     4     6     8    17    25
    44    39    63    67    36    10    10     4     4    11    36    48
    38    25    37    44    23     8     4     3     6    13    31    30
    69    48    77    74    31    15     4     3     6    28    50    43
    68    51    88    91    32    24     7     2     6    30    53    55
    56    58    82    72    42    22     9     4    15    33    44    73
    80    96   124    85    49    29    11     6    19    47    68   100
    33    52    60    45    22    13     5     4     5    22    35    26
    46    57    50    55    35    13    10    11     9    18    30    28
    37    63    35    40    28    11     2     3     5    14    10    25
    29    43    53    36    21    11     6     5    15    16    15    30
     7
     0     2     6     2     1     5     0     0     0     2     2     0
     3     3     4     3     0     0     0     3     1     0     1     0
     1     1     2     1     1     0     1     0     0     0     1     0
     0     2     0     2     0     0     1     0     0     0     1     0
     0     5     2     1     1     1     1     0     0     0     0     0
     0     6     1     4     2     0     0     0     0     1     0     0
     0     4     6     4     0     0     0     0     1     0     1     0
     0     5     0     0     0     1     0     0     0     1     1     0
     0     1     6     1     3     0     0     0     0     0     1     1
     1     0     7     2     0     0     0     0     0     0     1     1
     0     0     6     1     0     0     1     0     0     0     1     0
     0     0     1     1     0     1     0     0     1     0     1     0
     1     0     3     4     2     0     0     0     0     0     0     0
     3     8     8    11     8     0     0     0     3     2     3     0
     1     2     4     5     2     1     0     0     0     1     3     1
     6     3    13    12     3     0     0     0     0     2     3     4
     6     5    10     9     5     4     1     1     0     3     5     3
    11    14    30    46    26    11     2     1     9    11    16     8
    16    12    31    26    22    13     2     0     7    14    20     9
    19    15    39    45    27    35     4     2     7    17    21    12
     9    16    29    38    22    21     1     1     4    13    16    16
     8    13    31    25    13    12     3     0     3     8    22    24
     9     8    17    26    15    13     4     4     3     4    11    10
    14     7    17    24    13    10     2     0     0     1    13     6
    10    15    23    21     3     1     1     0     1     1     5     6
     3     8    19    12     2     5     0     2     1     3     6    10
    13    14    17    21     6     4     0     1     1     1     7     7
    17     3     8    18     3     1     0     0     2     2    11     7
    38    18    24    31     8     2     1     1     2     2    12    13
    21     8    31    15     8     2     0     0     1    12    16    11
    17    25    26    21     6     4     4     0     0     9    10    16
    19    33    32    18    11     4     3     1     2     9    16    17
    13    15    10    16     4     2     1     0     0     3     9    14
    13    21    11     9     7     2     0     0     0     0     4     9
     1    11    11     8     5     4     0     0     1     3     3     4
     4     7     7     9     6     1     0     0     3     0     5     3
     8
     0     3     4     1     0     1     1     0     0     0     1     0
     0     2     1     2     3     1     0     0     0     0     2     1
     0     1     4     1     0     0     1     0     0     0     0     0
     0     2     0     3     0     0     0     0     0     0     0     0
     0     3     3     1     1     2     0     0     0     0     0     0
     0     3     1     5     0     1     1     0     1     0     0     0
     0     7     4     2     0     0     0     0     0     0     0     0
     0     1     2     5     2     0     0     0     0     0     0     0
     0     0     4     3     0     0     0     0     0     0     0     0
     0     1     2     1     0     0     0     0     0     0     0     0
     0     0     0     0     0     0     0     0     0     0     0     0
     0     0     1     0     0     0     0     0     0     0     0     0
     0     0     2     1     0     0     0     0     0     0     0     0
     1     2     4     3     1     0     0     0     4     1     1     0
     1     5     4     3     0     0     0     0     0     0     0     2
     3     1     3     8     1     1     0     0     4     3     1     4
     8     8    16     7     1     1     0     0     0     1     5     5
    13    14    36    21    11     7     4     0     5     4    14    16
    14    16    30    31    18     9     0     2     3     6    16     8
     8    11    40    39    13    15     2     0     5     5    16     9
    11    17    26    25    13    10     1     2     1     4    24    16
     7    17    19    18    12    15     2     0     0     5    14    12
     6    15    25    32     6     3     0     0     4     4    13    10
     5     5    14    23     3     5     1     0     1     4     8     6
     2    10    10    17     8     1     2     0     0     0     5     2
     8     4    11    11     1     0     1     0     0     0     3    10
    10    14    13    17     3     0     1     1     2     2     2     8
     7     8    10    10     5     1     0     0     0     1     4     9
    13    12    21    13     2     2     0     1     0     6     4    11
     9    12    16    10     4     2     0     0     3     2    12    12
    11    10    20    10     1     2     0     1     0     2     8    10
    25    28    18    16     5     3     4     1     3    10     7    14
     9    10     8     6     2     2     0     0     0     0     8     8
     9    15     4    13     5     0     0     0     0     0     1     4
     0     4     5     6     0     0     0     1     0     1     2     6
     9     6     7     7     1     4     2     0     0     5     4     2
     9
     0     0     0     0     0     0     0     0     0     0     0     0
     1     0     0     0     0     1     0     0     0     0     0     0
     0     0     0     0     0     1     0     0     0     0     0     0
     0     0     0     0     0     0     0     0     0     0     0     0
     0     0     0     0     0     0     0     0     0     0     0     0
     0     0     0     0     0     0     1     0     0     0     0     0
     0     0     1     0     0     0     0     0     0     0     0     0
     0     0     0     0     0     0     0     0     0     0     0     0
     0     0     1     1     0     0     0     0     0     0     0     0
     0     0     0     0     0     0     0     0     0     0     0     0
     0     0     1     0     0     0     0     0     0     0     0     0
     0     0     0     0     0     0     0     0     0     0     0     0
     0     0     0     0     0     0     0     0     0     0     0     0
     0     0     1     0     0     0     0     0     0     0     0     0
     0     1     0     0     0     0     0     0     0     1     0     0
     0     1     1     0     0     0     0     0     1     1     1     1
     1     1     1     0     0     0     0     0     0     1     0     0
     1     1     4     0     2     0     0     0     0     1     0     0
     3     0     6     6     2     1     0     0     1     2     0     1
     0     2     6     8     2     0     0     0     0     0     0     1
     0     3     4     5     3     1     0     0     1     2     1     2
     1     6     8     3     2     1     0     0     1     0     3     1
     0     1     2     2     0     0     0     0     1     0     2     4
     2     2     1     4     0     0     0     0     0     0     0     0
     3     2     2     2     0     0     0     0     0     0     0     3
     0     1     0     2     0     0     0     0     0     0     0     0
     3     0     1     2     1     0     0     0     0     0     0     2
     1     1     2     3     0     0     0     0     0     0     0     0
     0     2     3     1     1     0     0     0     0     0     1     2
     1     0     0     0     0     1     0     0     0     0     0     3
     5     1     1     5     0     1     0     0     0     0     0     2
     5     3     2     0     2     0     0     0     0     0     2     3
     1     3     0     6     0     0     0     0     0     0     0     1
     1     3     0     1     0     0     0     1     0     0     0     0
     0     0     0     0     0     1     0     0     0     0     0     0
     0     0     0     0     0     0     2     0     0     1     0     0
    10
     0     0     0     0     0     1     0     0     0     0     0     0
     0     0     0     0     0     0     0     0     0     0     0     0
     0     0     0     0     0     0     0     0     0     0     0     0
     0     0     0     0     0     0     0     0     0     0     0     0
     0     0     0     0     0     1     0     0     0     0     0     0
     0     0     0     0     0     0     0     0     0     0     0     0
     0     1     1     0     0     0     0     0     0     0     0     0
     0     0     0     0     0     0     0     0     0     0     0     0
     0     0     0     1     0     0     0     0     0     0     0     0
     0     0     0     0     0     0     0     0     0     0     0     0
     0     0     0     0     0     0     0     0     0     0     0     0
     0     0     0     0     1     0     0     0     0     0     0     0
     0     0     0     0     0     0     0     0     0     0     0     0
     0     0     0     0     0     0     0     0     0     0     0     0
     0     0     0     0     0     0     0     0     0     0     0     0
     0     0     0     0     0     0     0     0     0     0     0     0
     1     1     1     1     0     0     0     0     0     2     0     0
     0     0     3     2     1     1     0     0     0     1     0     0
     0     0     5     5     1     1     0     0     0     0     2     0
     1     0     3     3     3     1     0     0     0     0     0     1
     0     1     2     2     0     2     0     0     0     0     1     2
     1     0     1     0     0     0     0     0     0     0     0     1
     0     2     1     1     0     1     0     0     0     0     0     1
     1     2     2     0     0     0     0     0     0     0     0     1
     0     0     1     0     0     0     0     0     0     0     0     1
     0     0     2     3     0     0     0     0     0     0     0     1
     3     0     1     1     0     0     0     0     0     0     1     1
     1     1     0     0     0     0     0     0     0     0     0     0
     0     0     1     0     0     0     0     0     0     0     0     1
     2     2     0     0     0     0     0     0     0     0     0     1
     2     3     0     2     0     0     0     0     0     0     0     1
     0     3     0     0     0     0     0     0     0     3     0     1
     0     1     0     0     1     0     0     0     0     0     1     1
     0     2     1     0     0     2     1     0     0     0     0     0
     0     0     0     0     0     0     0     0     0     0     0     0
     0     0     0     0     0     0     0     0     0     0     0     1
    11
     0     0     0     0     0     0     0     0     0     0     0     0
     0     0     0     0     0     0     1     0     0     0     0     0
     0     0     0     0     0     0     0     0     0     0     0     0
     0     0     0     0     0     0     0     0     0     0     0     0
     0     0     0     0     0     0     0     0     0     0     0     0
     0     0     0     0     0     0     0     0     0     0     0     0
     0     0     0     0     0     0     0     0     0     0     0     0
     0     0     0     0     0     0     0     0     0     0     0     0
     0     0     0     0     0     0     0     0     0     0     0     0
     0     0     0     0     0     0     0     0     0     0     0     0
     0     0     0     0     0     0     0     0     0     0     0     0
     0     0     0     0     0     0     0     0     0     0     0     0
     0     0     1     0     0     0     0     0     0     0     0     0
     0     1     1     0     0     0     0     0     0     0     0     0
     0     0     0     0     0     0     0     0     0     0     0     0
     0     0     0     0     0     0     0     0     0     1     0     0
     0     0     0     0     0     0     0     0     0     0     0     1
     0     0     1     0     0     0     0     0     0     0     0     0
     0     0     5     2     1     0     0     0     0     0     2     1
     0     1     1     1     0     0     0     0     0     0     3     0
     0     1     0     1     0     0     0     0     0     0     0     1
     1     1     0     1     0     0     0     0     0     0     2     1
     0     0     2     1     0     0     0     0     0     0     0     0
     0     0     1     0     1     0     0     0     0     0     1     1
     2     1     0     1     1     0     1     0     0     0     0     0
     1     0     0     1     0     0     0     0     0     0     0     1
     0     0     1     1     0     0     0     0     0     0     0     1
     0     0     0     0     0     0     0     0     0     0     0     0
     1     0     0     0     0     0     0     0     0     0     0     0
     0     2     0     2     0     0     0     0     0     0     2     0
     1     1     0     0     0     0     0     0     0     0     0     0
     0     1     0     0     0     0     0     0     0     0     0     0
     2     1     0     0     0     0     0     0     0     0     0     1
     1     2     1     0     0     0     0     0     0     0     0     0
     0     1     0     0     0     0     0     0     0     0     0     0
     0     0     0     0     0     0     0     0     0     0     0     0
    12
     0     0     0     0     0     0     0     0     0     0     0     0
     0     0     0     0     0     0     0     0     0     0     0     0
     0     0     0     0     0     0     0     0     0     0     0     0
     0     0     0     0     0     0     0     0     0     0     0     0
     0     0     0     0     0     0     0     0     0     0     0     0
     0     0     0     0     0     0     0     0     0     0     0     0
     0     0     0     0     0     0     0     0     0     0     0     0
     0     0     0     0     0     0     0     0     0     0     0     0
     0     0     0     0     0     0     0     0     0     0     0     0
     0     0     0     0     0     0     0     0     0     0     0     0
     0     0     0     0     0     0     0     0     0     0     0     0
     0     0     0     0     0     0     0     0     0     0     0     0
     0     0     0     0     0     0     0     0     0     0     0     0
     0     0     0     0     0     0     0     0     0     0     0     0
     0     0     0     0     0     0     0     0     0     0     0     0
     0     0     0     0     0     0     0     0     0     0     0     0
     0     0     0     0     0     0     0     0     0     1     0     0
     0     0     0     0     0     0     0     0     0     0     0     0
     0     0     0     0     0     0     0     0     0     0     0     0
     0     0     1     0     0     0     0     0     0     0     0     0
     0     0     0     0     0     0     0     0     0     0     0     0
     0     0     0     0     0     0     0     0     0     0     0     0
     0     0     1     0     0     0     0     0     0     0     0     0
     0     0     1     0     0     0     0     0     0     0     0     0
     1     0     0     1     0     0     0     0     0     0     0     0
     1     0     0     1     0     0     0     0     0     0     0     1
     0     0     0     1     0     0     0     0     0     0     0     1
     0     0     0     0     0     0     0     0     0     0     0     0
     0     0     0     0     0     0     0     0     0     0     0     0
     0     0     0     0     0     0     0     0     0     0     0     0
     0     0     0     0     0     0     0     0     0     0     0     0
     0     0     1     1     0     0     0     0     0     0     0     0
     0     0     0     0     0     0     0     0     0     0     0     0
     0     0     0     0     0     0     0     0     0     0     0     0
     0     0     0     0     0     0     0     0     0     0     0     0
     0     0     0     0     0     0     0     0     0     0     0     0
    13
     0     0     0     0     0     0     0     0     0     0     0     0
     0     0     0     0     0     0     0     0     0     0     0     0
     0     0     0     0     0     0     0     0     0     0     0     0
     0     0     0     0     0     0     0     0     0     0     0     0
     0     0     0     0     0     0     0     0     0     0     0     0
     0     0     0     0     0     0     0     0     0     0     0     0
     0     0     0     0     0     0     0     0     0     0     0     0
     0     0     0     0     0     0     0     0     0     0     0     0
     0     0     0     0     0     0     0     0     0     0     0     0
     0     0     0     0     0     0     0     0     0     0     0     0
     0     0     0     0     0     0     0     0     0     0     0     0
     0     0     0     0     0     0     0     0     0     0     0     0
     0     0     0     0     0     0     0     0     0     0     0     0
     0     0     0     0     0     0     0     0     0     0     0     0
     0     0     0     0     0     0     0     0     0     0     0     0
     0     0     0     0     0     0     0     0     0     0     0     0
     0     0     0     0     0     0     0     0     0     0     0     0
     0     0     0     0     0     0     0     0     0     0     0     0
     0     0     0     0     0     0     0     0     0     0     0     0
     0     0     0     0     0     0     0     0     0     0     0     0
     0     0     0     0     0     0     0     0     0     0     0     0
     0     0     0     0     0     0     0     0     0     0     0     0
     0     0     0     0     0     0     0     0     0     0     0     0
     0     0     0     0     0     0     0     0     0     0     0     0
     0     0     0     0     0     0     0     0     0     0     0     0
     0     0     0     0     0     0     0     0     0     0     0     0
     0     0     0     0     0     0     0     0     0     0     0     0
     0     0     0     0     0     0     0     0     0     0     0     0
     0     0     0     0     0     0     0     0     0     0     0     0
     0     0     0     0     0     0     0     0     0     0     0     0
     0     0     0     0     0     0     0     0     0     0     0     0
     0     0     0     0     0     0     0     0     0     0     0     0
     0     0     0     0     0     0     0     0     0     0     0     0
     0     0     0     0     0     0     0     0     0     0     0     0
     0     0     0     0     0     0     0     0     0     0     0     0
     0     0     0     0     0     0     0     0     0     0     0     0
    14
     0     0     0     0     0     0     0     0     0     0     0     0
     0     0     0     0     0     0     0     0     0     0     0     0
     0     0     0     0     0     0     0     0     0     0     0     0
     0     0     0     0     0     0     0     0     0     0     0     0
     0     0     0     0     0     0     0     0     0     0     0     0
     0     0     0     0     0     0     0     0     0     0     0     0
     0     0     0     0     0     0     0     0     0     0     0     0
     0     0     0     0     0     0     0     0     0     0     0     0
     0     0     0     0     0     0     0     0     0     0     0     0
     0     0     0     0     0     0     0     0     0     0     0     0
     0     0     0     0     0     0     0     0     0     0     0     0
     0     0     0     0     0     0     0     0     0     0     0     0
     0     0     0     0     0     0     0     0     0     0     0     0
     0     0     0     0     0     0     0     0     0     0     0     0
     0     0     0     0     0     0     0     0     0     0     0     0
     0     0     0     0     0     0     0     0     0     0     0     0
     0     0     0     0     0     0     0     0     0     0     0     0
     0     0     0     0     0     0     0     0     0     0     0     0
     0     0     0     0     0     0     0     0     0     0     0     0
     0     0     0     0     0     0     0     0     0     0     0     0
     0     0     0     0     0     0     0     0     0     0     0     1
     0     0     0     0     0     0     0     0     0     0     0     0
     0     0     0     0     0     0     0     0     0     0     0     0
     0     0     0     0     0     0     0     0     0     0     0     0
     0     0     0     0     0     0     0     0     0     0     0     0
     0     0     0     0     0     0     0     0     0     0     0     0
     0     0     0     0     0     0     0     0     0     0     0     0
     0     0     0     0     0     0     0     0     0     0     0     0
     0     0     0     0     0     0     0     0     0     0     0     0
     0     0     0     0     0     0     0     0     0     0     0     0
     0     0     0     0     0     0     0     0     0     0     0     0
     0     0     0     0     0     0     0     0     0     0     0     0
     0     0     0     0     0     0     0     0     0     0     0     0
     0     0     0     0     0     0     0     0     0     0     0     0
     0     0     0     0     0     0     0     0     0     0     0     0
     0     0     0     0     0     0     0     0     0     0     0     0
    15
     0     0     0     0     0     0     0     0     0     0     0     0
     0     0     0     0     0     0     0     0     0     0     0     0
     0     0     0     0     0     0     0     0     0     0     0     0
     0     0     0     0     0     0     0     0     0     0     0     0
     0     0     0     0     0     0     0     0     0     0     0     0
     0     0     0     0     0     0     0     0     0     0     0     0
     0     0     0     0     0     0     0     0     0     0     0     0
     0     0     0     0     0     0     0     0     0     0     0     0
     0     0     0     0     0     0     0     0     0     0     0     0
     0     0     0     0     0     0     0     0     0     0     0     0
     0     0     0     0     0     0     0     0     0     0     0     0
     0     0     0     0     0     0     0     0     0     0     0     0
     0     0     0     0     0     0     0     0     0     0     0     0
     0     0     0     0     0     0     0     0     0     0     0     0
     0     0     0     0     0     0     0     0     0     0     0     0
     0     0     0     0     0     0     0     0     0     0     0     0
     0     0     0     0     0     0     0     0     0     1     0     0
     0     0     0     0     0     0     0     0     0     0     0     0
     0     0     0     0     0     0     0     0     0     0     0     0
     0     0     0     0     0     0     0     0     0     0     0     0
     0     0     0     0     0     0     0     0     0     0     0     0
     0     0     0     0     0     0     0     0     0     0     0     0
     0     0     0     0     0     0     0     0     0     0     0     0
     0     0     0     0     0     0     0     0     0     0     0     0
     0     0     0     0     0     0     0     0     0     0     0     0
     0     0     0     0     0     0     0     0     0     0     0     0
     0     0     0     0     0     0     0     0     0     0     0     0
     0     0     0     0     0     0     0     0     0     0     0     0
     0     0     0     0     0     0     0     0     0     0     0     0
     0     0     0     0     0     0     0     0     0     0     0     0
     0     0     0     0     0     0     0     0     0     0     0     0
     0     0     0     0     0     0     0     0     0     0     0     0
     0     0     0     0     0     0     0     0     0     0     0     0
     0     0     0     0     0     0     0     0     0     0     0     0
     0     0     0     0     0     0     0     0     0     0     0     0
     0     0     0     0     0     0     0     0     0     0     0     0
    16
     0     0     0     0     0     0     0     0     0     0     0     0
     0     0     0     0     0     0     0     0     0     0     0     0
     0     0     0     0     0     0     0     0     0     0     0     0
     0     0     0     0     0     0     0     0     0     0     0     0
     0     0     0     0     0     0     0     0     0     0     0     0
     0     0     0     0     0     0     0     0     0     0     0     0
     0     0     0     0     0     0     0     0     0     0     0     0
     0     0     0     0     0     0     0     0     0     0     0     0
     0     0     0     0     0     0     0     0     0     0     0     0
     0     0     0     0     0     0     0     0     0     0     0     0
     0     0     0     0     0     0     0     0     0     0     0     0
     0     0     0     0     0     0     0     0     0     0     0     0
     0     0     0     0     0     0     0     0     0     0     0     0
     0     0     0     0     0     0     0     0     0     0     0     0
     0     0     0     0     0     0     0     0     0     0     0     0
     0     0     0     0     0     0     0     0     0     0     0     0
     0     0     0     0     0     0     0     0     0     0     0     0
     0     0     0     0     0     0     0     0     0     0     0     0
     0     0     0     0     0     0     0     0     0     0     0     0
     0     0     0     0     0     0     0     0     0     0     0     0
     0     0     0     0     0     0     0     0     0     0     0     0
     0     0     0     0     0     0     0     0     0     0     0     0
     0     0     0     0     0     0     0     0     0     0     0     0
     0     0     0     0     0     0     0     0     0     0     0     0
     0     0     0     0     0     0     0     0     0     0     0     0
     0     0     0     0     0     0     0     0     0     0     0     0
     0     0     0     0     0     0     0     0     0     0     0     0
     0     0     0     0     0     0     0     0     0     0     0     0
     0     0     0     0     0     0     0     0     0     0     0     0
     0     0     0     0     0     0     0     0     0     0     0     0
     0     0     0     0     0     0     0     0     0     0     0     0
     0     0     0     0     0     0     0     0     0     0     0     0
     0     0     0     0     0     0     0     0     0     0     0     0
     0     0     0     0     0     0     0     0     0     0     0     0
     0     0     0     0     0     0     0     0     0     0     0     0
     0     0     0     0     0     0     0     0     0     0     0     0
    17
     0     0     0     0     0     0     0     0     0     0     0     0
     0     0     0     0     0     0     0     0     0     0     0     0
     0     0     0     0     0     0     0     0     0     0     0     0
     0     0     0     0     0     0     0     0     0     0     0     1
     0     0     0     0     0     0     0     0     0     0     0     0
     0     0     0     0     0     0     0     0     0     0     0     0
     0     0     0     0     0     0     0     0     0     0     0     0
     0     0     0     0     0     0     0     0     0     0     0     0
     0     0     0     0     0     0     0     0     0     0     0     0
     0     0     0     0     0     0     0     0     0     0     0     0
     0     0     0     0     0     0     0     0     0     0     0     0
     0     0     0     0     0     0     0     0     0     0     0     0
     0     0     0     0     0     0     0     0     0     0     0     0
     0     0     0     0     0     0     0     0     0     0     0     0
     0     0     0     0     0     0     0     0     0     0     0     0
     0     0     0     0     0     0     0     0     0     0     0     0
     0     0     0     0     0     0     0     0     0     0     0     0
     0     0     0     0     0     0     0     0     0     0     0     0
     0     0     0     0     0     0     0     0     0     0     0     0
     0     0     0     0     0     0     0     0     0     0     0     0
     0     0     0     0     0     0     0     0     0     0     0     0
     0     0     0     0     0     1     0     0     0     0     0     0
     0     0     0     0     0     0     0     0     0     0     0     0
     0     0     0     0     0     0     0     0     0     0     0     0
     0     0     0     0     0     0     0     0     0     0     0     0
     0     0     0     0     0     0     0     0     0     0     0     0
     0     0     0     0     0     0     0     0     0     0     0     0
     0     0     0     0     0     0     0     0     0     0     0     0
     0     0     0     0     0     0     0     0     0     0     0     0
     0     0     0     0     0     0     0     0     0     0     0     0
     0     0     0     0     0     0     0     0     0     0     0     0
     0     0     0     0     0     0     0     0     0     0     0     0
     0     0     0     0     0     0     0     0     0     0     0     0
     0     0     0     0     0     0     0     0     0     0     0     0
     0     0     0     0     0     0     0     0     0     0     0     0
     0     0     0     0     0     0     0     0     0     0     0     0
