19
Lexington, KY 93820
     0
      -4.000      -2.300       3.200       9.300      15.600      21.100
      23.200      22.200      18.200      11.100       5.000      -1.200
        .600       2.700       8.800      14.300      20.000      24.300
      26.100      25.600      22.200      16.100       9.300       2.700
       5.500       7.800      14.300      19.300      23.800      27.200
      28.800      28.200      25.600      20.600      14.300       7.800
      58.000      53.000      45.000      42.000      48.000      50.000
      53.000      53.000      52.000      47.000      52.000      59.000
      72.000      68.000      61.000      56.000      62.000      63.000
      65.000      65.000      65.000      61.000      67.000      72.000
      85.000      83.000      80.000      73.000      78.000      77.000
      79.000      81.000      82.000      80.000      83.000      85.000
       2.400       2.400       2.700       2.400       2.000       2.000
       2.000       2.000       2.000       2.000       2.400       2.400
       3.500       3.500       4.000       3.500       3.100       2.700
       2.400       2.400       2.700       2.700       3.100       3.500
       4.800       4.800       5.200       4.800       4.000       4.000
       3.100       3.100       3.500       4.000       4.400       4.800
     230.000     230.000     230.000     230.000     210.000     220.000
     220.000     210.000     210.000     210.000     210.000     230.000
     1
        .455       3.064       9.150      14.426      19.534      24.103
      25.933      25.300      21.897      15.745       9.664       3.083
      70.580      67.282      62.177      58.015      62.838      63.539
      66.026      66.239      65.981      62.904      66.834      71.407
     2
    15    24    12    13    27    25    39    49    27    23    13    14
    13    24    23    37    54    52    51    76    45    30    29    28
    12    24    25    22    25    28    47    44    32    25    17    20
     6    23    29    20    34    34    52    67    44    26    25    13
    20    22    29    44    61    80    64    92    71    48    34    15
    15    37    32    45    73    49    65    84    59    42    14    24
    21    40    27    42    61    53    58    87    77    58    30    20
    18    17    22    25    32    25    25    37    22    17    18    15
    13    24    29    14    28    39    43    64    58    48    17    19
     6     9    21    15    18    10    34    32    27    26    13    17
    17    13    22    21    30    33    43    59    43    39    21    18
    15    16    25    23    32    32    35    37    32    32    10    18
    11    14    25    20    43    26    41    40    40    27    16    15
    14    22    23    36    55    64    53    68    62    41    25    22
    21    19    18    20    41    20    42    42    29    27    18    18
    27    21     8    27    61    84    80    79    63    63    29    19
    26    26    20    29    62    55    70    79    66    50    16    28
    39    33    33    49   117   124   130   146   110    88    52    40
    22    18    16    29    67    76   100    91    61    41    32    24
    31    20    28    31    67    97    98    94    99    73    29    15
    22    18    20    27    47    66    72    65    44    29    21    16
    15    22    23    31    51    59    58    62    43    39    24     7
    37    28    16    29    66    82    75    80    60    55    31    24
    23    18    15    20    31    50    77    50    44    23    23    18
    28    21    14    25    45    53    78    36    42    47    14    17
    12    15    22    10    32    23    45    35    33    24    13    13
    21    19    26    19    56    52    68    54    54    38    26    26
    16    15    15    19    26    36    41    45    32    19    11    17
    31    18    22    31    53    46    70    68    53    37    26    33
    15    18    16    35    37    40    57    51    41    32    21    18
    18    22    22    29    36    39    63    60    39    37    13    17
    19    30    29    29    61    70    57    74    64    46    29    39
    15    21    23    20    28    38    40    44    26    25    19     8
    11    23    21    29    50    43    58    58    47    36    21    15
    12    13    10    17    23    30    33    41    21    15    22    13
    18    24    26    40    57    54    74    76    50    34    34    30
     3
    29    44    55    56    62    69    99    79    67    58    38    31
    47    79    71    82   116   114   125   158   116    83    45    53
    36    54    63    56    71    83    96   140   111    60    38    31
    52    66    58    89   136   116   143   154   114    92    58    48
    64    94    82   154   174   163   175   239   195   120    92    91
    56    73    91   114   103   120   127   194   171   100    66    76
    55    69    75    91   112   145    97   150   150    80    74    86
    29    40    34    38    63    55    75    70    77    36    43    36
    38    41    60    67    65    71    56   104   117    61    63    52
    37    23    39    43    40    33    29    48    62    38    34    31
    37    54    36    53    46    65    53    73    87    56    48    40
    41    50    59    42    52    61    74    76    97    72    56    49
    38    44    49    60    73    74    72    73   117    80    52    49
    57    66    58    65   101    93    89   116   115   114    67    56
    42    43    42    67    86    81    78   101    99    96    53    49
    50    74    65    77   137   149   128   163   141   152    88    65
    82    65    55    87   138   132   148   168   145   149    96   117
   145   141   116   143   239   275   328   269   265   285   164   148
    75    69    55    82   133   133   178   174   161   132    86    70
   113    89    80    81   184   220   255   230   175   173   100    90
    77    49    58    98   128   174   213   194   155   103    76    75
    80    67    38    78   136   191   235   194   123   110    55    70
   103    66    68    88   162   220   246   207   166   134    87    97
    87    72    55    88   143   171   203   180   110    89    72    68
   107    73    77    75   131   162   205   173   119    92    65    93
    61    36    45    51    70   105   137   109    68    74    39    49
    77    59    68    66    97   117   174   126   100    78    65    73
    42    45    41    62    66    56   112    85    62    66    55    38
    65    75    77    70   116   120   138   104   104   105    78    87
    58    82    65    73    78    98   142    96    85    87    62    69
    45    66    63    86   102    99   152    95    89    85    73    40
    70    66    56    88    83    96   133   131    93   102    72    71
    45    37    46    47    76    67    69    73    57    53    27    34
    43    41    53    55    79    88    82    98    69    57    42    47
    22    42    44    46    61    67    71    73    56    45    23    22
    55    59    56    83   124   128   111   136   112    87    55    47
     4
    14    37    23    23    35    35    27    40    29    20    10    16
    29    42    30    34    50    43    39    61    45    26    34    23
    24    31    26    31    49    47    34    34    37    33    14    10
    28    35    44    48    56    42    60    45    60    29    28    22
    35    56    65    53    83    65    74   100    96    50    36    35
    35    32    62    57    38    69    67    63    74    43    31    23
    39    50    64    64    62    68    48    48    65    40    52    47
    22    22    35    39    19    29    30    30    35    26    24    14
    27    27    40    44    30    35    31    27    45    35    39    32
    17    17    25    28    24    23    19    27    20    16    19    19
    25    29    33    27    33    25    24    32    42    35    22    18
    25    25    34    32    50    28    30    29    47    33    16    50
    31    28    42    31    40    27    17    19    39    42    31    56
    31    31    45    46    54    47    30    38    42    43    48    46
    39    37    38    33    30    31    23    29    21    41    31    29
    48    58    60    62    63    50    33    43    47    58    48    41
    51    40    62    59    63    42    46    50    58    76    71    64
   111   109   111   118   139   127   127   109    85   151   101   116
    47    60    56    65    93    80    74    66    89    70    60    84
    78    58    60    62   102   118   138   113    87    94    73    75
    59    57    53    69    92    97   117   133    84    69    63    70
    69    50    51    68   118   119   136   108    77    94    61    72
    89    60    49    84   104   146   167   132   102   116   102    73
    86    50    57    66    92   125   129   108    77    78    75    66
    88    55    53    77    83    91   140    99    71    89    45    72
    61    36    42    42    51    65    80    52    49    39    35    43
    69    53    58    75    78    75    87    46    54    58    63    74
    60    55    44    52    38    41    43    25    29    40    41    42
    61    58    77    58    69    63    53    38    35    68    58    63
    52    44    53    60    62    42    45    35    47    50    55    40
    30    31    56    77    62    53    32    21    34    55    39    42
    43    32    46    73    54    47    45    34    38    46    50    32
    25    19    17    34    25    29    20    28    12    18    14    14
    28    27    33    39    53    27    38    43    38    36    29    39
     9    27    17    26    26    28    27    29    13    20    15    20
    28    32    52    40    55    59    44    56    52    47    32    22
     5
     9    18    26    21    22    21    20    22    15    15    10     9
    19    37    49    38    53    31    28    15    28    25    31    20
    22    24    38    41    23    23    15    20    26    10    18    21
    20    32    40    43    37    40    22    25    39    20    18    20
    47    57    57    56    63    48    41    49    62    30    28    28
    20    39    69    50    52    47    44    45    50    36    26    26
    30    54    73    68    70    39    35    47    73    28    48    42
    23    22    32    33    22    28    22    26    25     9    21    11
    23    19    52    42    35    23    21    28    40    26    36    24
    20    17    18    15    22    10    17    13    16    18    20    22
    32    32    40    42    36    19    15    11    20    13    12    24
    30    31    36    38    32    15    26    16    19    20    24    36
    29    27    42    47    25    22    11     7    10    20    23    21
    25    45    52    44    35    28    15    14    13    30    25    34
    25    24    32    32    28    16    16    10    13    22    27    33
    42    39    61    71    46    24    21    19    23    34    39    55
    60    45    87    77    49    27    13    22    38    70    79    67
   119   136   167   146   120    91    78    63    70   130   148   143
    83    70   114    95    74    69    50    44    42    83    90   114
   125    79   141   125   127   137    94    78    87    91   118   114
    85    68    88   112   129   120    77   110    52    79    95   127
   105    80   103   119   119   158   100   121    98   103   102   106
   140   103    95   151   147   180   158   143    93   144   132   132
    96    83    99   128   136   137   121    96    65   108    84   115
   133    86   104   121   125   114   122    82    62    66    75   125
    94    66    70    76    78    85    65    36    31    54    60    68
   129    85   102    97   101    82    90    51    28    73    96   119
    91    70    73    72    64    35    20    24    18    46    50    74
   113    91   118   130    87    56    47    20    46    80    80   119
    50    68    83    89    60    31    24    15    26    54    46    43
    31    47    63    61    48    22    20    18    15    46    41    41
    36    52    69    84    49    31    27    18    18    36    40    35
    10    18    24    28    22    20    14     7    13    14    10    16
    19    45    33    59    42    33    20    25    31    30    20    33
    17    26    32    24    29    15    10     9    16    17    11    18
    33    55    29    58    54    43    28    36    34    57    15    27
     6
     3     2    14    13     7     2     3     1     3     7     3     1
     4     8    10     6     9     5     3     4     9     5     3     5
     3    12     6     7     8     2     2     1     8     2     2     6
     3    13    17     9    11     4     1     1    10     4     1     1
    17    23    37    10    18    12     4     3    13     6     6     3
    10    31    23    15    11     6     7     5     8     0     5     6
     8    26    40    19    26    11     9    10     8     5    15    16
     8     6    16     9     9     1     1     2     3     4     9     5
    11    11    24    13    16     3     5     3     5     4    17    10
     6     5     8    13    11     1     5     2     2     4     5     3
     7     4    16    12     7     1     4     1     2     6     8     3
     4    11    20    15    11     5     2     1     4     4     5     6
    10    13    25    11     5     2     5     1     1     1     8     7
     7     8    21    20    13     9     0     1     7     2    10    10
     9    10    16    23     9     5     2     0     4     3     9     7
    16    13    19    22    23    11     3     1     1    12    20    12
    36    22    43    35    30    19     5     2     4    14    42    26
    78    96   133    87    56    43    13     8    28    42    83    89
    53    49    80    57    63    33     9    14    18    26    68    63
    67    79   111    99    73    48    19    22    25    50    75    85
    61    42   105    82    65    48    20    23    21    37    67    75
    82    56    95    96    69    64    21    37    30    37    72    80
    94    65    85   116    94    64    44    41    40    57    83    97
    78    61    49    91    67    71    29    31    26    41    61    63
    86    74    81   114    61    53    40    24    23    50    35    74
    51    44    82    49    31    30    11     8    10    29    51    40
    76    61   100    73    52    25    22    11     8    26    51    71
    50    54    62    54    29    17     5     4     3    18    40    37
    78    74   104   102    38    20    17     2     9    21    54    64
    35    38    37    43    14    14     5     3     3    12    22    24
    18    18    25    37    14     7     2     3     1     9    16     9
    21    24    29    39     8     4     4     7     3    10    13    15
     3    10     4    10     8     8     2     5     4     4     1     5
     9    16    13    25    11     9     2     3     8    10     3    12
     1     5    12     5     9     0     6     2     3     2     1     2
    11    18    12    22     9     5     4     4     7    18     8     3
     7
     0     0     0     0     0     0     1     0     0     0     0     1
     2     1     4     0     0     2     0     0     0     1     2     0
     0     0     0     1     0     0     0     0     0     2     0     0
     0     1     4     2     1     0     0     0     0     0     0     0
     3     2    12     0     3     2     1     1     0     0     2     0
     2     3     7     4     1     0     0     0     1     2     3     0
     4    11     6     5     3     2     0     0     4     0     1     1
     1     7     5     0     1     0     0     1     0     0     0     1
     1     5     7     2     5     0     0     1     2     1     2     2
     0     1     5     1     1     0     0     0     0     0     2     2
     0     0     3     4     2     0     1     0     0     1     0     1
     1     0     5     0     0     0     0     0     0     0     0     1
     1     0     3     3     0     0     0     0     0     0     0     0
     2     1     3     1     4     1     0     1     0     0     0     1
     4     1     1     2     1     0     0     0     0     0     2     2
     3     6     8     6     2     0     0     0     2     3     4     4
     9     5    14    10     5     3     0     0     3     3    17     9
    14    17    32    26    17     8     1     2     9     8    20    28
    12    12    16    23    10     4     1     0     3     5    10    22
    16    20    40    22    17    10     3     3     5     8    17    26
    23    15    30    26    13     6     1     3     4     9    14    17
    21    22    35    27     8     6     3     2     1     9    18    16
    22    18    28    30     8    19     7     3     7    16    22    35
    21    21    30    35    14     6     7     5     3     8    13    21
    25    24    30    35    12     4     6     4     3    19    16    11
    14    14    22    20    12     5     2     2     0     1    10    15
    29    20    43    21    11     5     2     0     1     7     8    16
    12    15    15    15     6     3     0     0     0     1    10     9
    29    14    20    29     3     0     2     0     3     9    11    24
     7     4     9    14     2     2     0     0     0     1     5     2
     2     4     6     8     1     0     2     0     0     2     2     2
     1     4     7     9     3     1     1     0     0     4     3     8
     1     0     0     2     0     0     0     0     1     0     0     5
     2     2     5     9     4     1     0     1     0     1     2     1
     2     2     1     0     0     0     0     0     1     0     0     0
     0     2     2     5     5     0     1     1     0     0     0     0
     8
     0     0     0     1     0     1     0     0     0     0     0     0
     0     2     0     0     0     0     0     0     0     0     0     2
     0     0     0     0     0     0     0     0     0     0     0     0
     0     0     1     0     0     0     0     0     0     1     0     0
     4     1     5     0     0     1     0     0     0     0     0     0
     0     2     1     0     0     0     0     0     0     0     0     0
     0     1     6     1     0     0     0     0     2     0     0     1
     1     1     0     0     0     1     0     0     0     0     0     0
     0     2     5     0     2     0     0     0     0     0     0     0
     0     0     3     1     0     0     0     0     0     0     1     1
     0     0     3     2     0     0     0     0     1     0     0     1
     0     0     2     0     0     0     0     0     0     0     1     0
     0     1     5     0     1     0     0     0     0     0     0     1
     1     1     3     0     1     0     0     0     0     1     1     1
     2     1     4     0     0     0     0     0     0     0     1     2
     1     4     9     4     3     0     0     1     0     0     3     7
     1     7     6     8     3     0     0     0     1     2     9     7
    10     8    32    18     8     1     2     1     6     7    21    17
     4    13    16    15     4     0     0     1     0     3    11     8
     9    24    32    22    17     9     1     1     3     2    21    12
     7    16    29    15    11     3     0     1     0     7    12     9
     6    16    30    24     7     4     0     2     1     2    11    17
    34    23    23    40    12     9     4     1     3     5    12    23
    25    16    18    23     4     2     4     0     0     3     4    19
    25    20    46    39     4     9     4     2     1     9    13    21
    10     8    14    14     2     0     0     0     1     0     6     5
    13    11    54    25     2     1     3     0     0     7     1    11
     6     6    20     4     2     1     1     1     0     3     6     8
    15    21    21    33     5     4     1     0     1     3     4    19
     3     5    10     2     0     0     1     0     0     1     0     1
     1     1     3     3     1     0     1     0     0     0     0     1
     4     9     4     8     0     2     0     0     1     4     3     0
     0     0     1     0     0     0     1     0     1     0     0     0
     2     4     5     2     0     1     0     0     1     2     2     0
     0     0     0     0     0     0     0     0     0     0     0     0
     0     0     1     4     0     2     1     0     1     1     0     0
     9
     0     0     0     0     0     0     0     0     0     0     0     0
     0     0     0     0     0     0     0     0     0     0     1     0
     0     0     0     0     0     0     0     0     0     0     0     0
     0     0     0     0     0     0     0     0     0     0     0     0
     0     0     0     0     0     0     1     0     0     0     0     0
     0     1     0     0     0     0     0     0     0     0     0     0
     0     1     0     0     0     0     0     0     0     0     1     0
     0     0     0     0     0     0     0     0     0     0     0     0
     1     1     0     0     0     0     0     0     0     0     0     0
     0     0     1     0     0     0     0     0     0     0     0     0
     0     0     0     0     0     0     0     0     0     0     0     0
     0     0     0     0     0     0     0     0     0     0     0     0
     0     0     0     0     1     0     0     0     0     0     0     0
     0     0     0     0     0     0     0     0     0     0     0     0
     0     4     0     0     0     0     0     0     0     0     0     0
     0     1     1     0     0     0     0     0     0     0     0     0
     0     3     2     1     0     0     0     0     0     0     1     2
     0     3    11     3     2     0     0     0     1     1     2     1
     0     4     7     3     0     0     0     0     0     1     1     2
     6     3     2    11     2     1     0     0     1     1     3     4
     0     6     2     2     1     0     0     0     1     0     0     0
     4     3     6     7     1     1     0     0     0     0     1     2
     7     5     6     8     3     1     1     0     0     0     0     0
     7     1     4     2     0     1     0     0     0     0     3     5
     9     4    10    16     1     0     0     0     0     3     0     3
     3     1     4     1     0     1     0     0     0     0     0     0
     2     3     8     7     0     0     1     0     0     1     0     0
     1     1     4     0     0     0     0     0     0     0     1     1
     2     3     4     7     0     1     0     0     0     0     0     2
     0     2     1     0     0     0     0     0     0     0     0     0
     1     0     2     1     0     0     0     0     0     0     0     0
     0     2     0     1     0     0     0     0     0     1     1     0
     0     0     0     0     0     0     0     0     0     0     0     0
     0     0     2     0     0     1     0     0     0     0     0     0
     0     0     0     0     0     0     1     0     0     0     0     0
     0     0     0     0     1     0     0     0     0     0     0     0
    10
     0     0     0     0     0     0     0     0     0     0     0     0
     0     0     0     0     0     0     0     0     0     0     0     0
     0     0     0     0     0     0     0     0     0     0     0     0
     0     0     0     1     0     0     0     0     0     0     0     0
     0     0     0     0     0     0     0     0     0     0     0     0
     0     0     0     0     0     0     0     0     0     0     0     0
     0     0     0     0     0     0     0     0     0     0     0     0
     0     0     0     0     0     0     0     0     0     0     0     0
     0     0     0     0     0     0     0     0     0     0     0     0
     0     0     0     0     0     0     0     0     0     0     0     0
     0     0     0     0     0     0     0     0     0     0     0     0
     0     0     0     0     0     0     0     0     0     0     0     0
     0     0     0     0     0     0     0     0     0     0     0     0
     0     0     0     0     0     0     0     0     0     0     0     0
     0     1     0     0     0     0     0     0     0     0     0     0
     0     1     0     0     0     0     0     0     0     0     0     0
     0     0     2     2     0     0     0     0     0     0     0     1
     0     0     2     0     1     0     0     0     0     1     5     0
     0     1     4     3     0     0     0     0     0     0     3     2
     0     3     6     3     0     0     0     0     1     0     2     0
     1     1     4     1     0     0     0     0     0     0     0     0
     1     2     1     0     1     0     0     0     0     0     1     0
     3     1     1     6     0     0     0     0     0     0     1     2
     1     0     2     0     0     0     0     0     0     0     1     1
     9     3     8     8     0     0     0     0     0     0     0     4
     2     0     2     1     0     0     0     0     0     1     0     0
     1     1     2     2     0     1     0     0     0     0     1     0
     1     1     0     3     0     0     0     0     0     0     0     2
     3     1     7     6     0     0     0     0     0     0     0     0
     1     1     1     0     0     0     0     0     0     0     0     0
     0     0     1     0     0     0     0     0     0     0     0     0
     0     0     0     0     0     0     0     0     0     0     0     0
     0     0     0     0     0     0     1     0     0     0     0     0
     0     0     0     1     0     0     0     0     0     0     0     0
     0     0     0     0     0     0     0     0     0     0     0     0
     0     0     0     0     0     0     0     0     0     0     0     0
    11
     0     0     0     0     0     0     0     0     0     0     0     0
     0     0     0     0     0     0     0     0     0     0     0     0
     0     0     0     0     0     0     0     0     0     0     0     0
     0     0     0     0     0     0     0     0     0     0     0     0
     0     0     0     0     0     0     0     0     0     0     0     0
     0     0     0     0     0     0     0     0     0     0     0     0
     0     1     0     0     0     0     0     0     0     0     0     0
     0     0     0     0     0     0     0     0     0     0     0     0
     0     1     0     0     0     0     0     0     0     0     0     0
     0     0     0     0     0     0     0     0     0     0     0     0
     0     0     0     0     0     0     0     0     0     0     0     0
     0     0     0     0     0     0     0     0     0     0     0     0
     0     0     0     0     0     0     0     0     0     0     0     0
     0     0     0     0     0     0     0     0     0     0     0     0
     0     0     0     2     0     0     0     0     0     0     0     0
     0     0     0     0     1     0     0     0     0     0     0     0
     0     0     1     0     0     0     0     0     0     0     0     0
     0     0     1     0     0     0     0     0     0     0     1     0
     0     1     2     1     0     0     0     0     0     0     0     0
     0     1     3     0     0     0     0     0     0     1     3     0
     0     2     0     1     0     0     0     0     0     0     0     0
     1     1     0     0     0     0     0     0     0     0     0     1
     5     2     2    10     0     0     0     0     0     0     6     1
     5     0     3     5     0     0     0     0     0     0     0     1
     2     1     3     5     0     0     0     0     0     0     2     2
     0     0     0     1     0     0     0     0     0     0     0     0
     1     1     2     3     0     0     0     0     0     0     1     0
     0     2     0     1     0     0     0     0     0     0     0     1
     0     3     1     7     0     1     1     0     0     0     0     0
     0     0     0     1     0     0     0     0     0     0     0     0
     0     0     0     0     0     0     1     0     0     0     0     0
     1     0     0     2     0     0     0     0     0     0     0     0
     0     0     0     0     0     0     0     0     0     0     0     0
     0     0     0     0     0     0     0     0     0     0     0     0
     0     0     0     0     0     0     0     0     0     0     0     0
     0     0     1     0     0     0     0     0     0     0     0     0
    12
     0     0     0     0     0     0     0     0     0     0     0     0
     0     0     0     0     0     0     0     0     0     0     0     0
     0     0     0     0     0     0     0     0     0     0     0     0
     0     0     0     0     0     0     0     0     0     0     0     0
     0     0     0     0     0     0     0     0     0     0     0     0
     0     0     0     0     0     0     0     0     0     0     0     0
     0     0     0     0     0     0     0     0     0     0     0     0
     0     0     0     0     0     0     0     0     0     0     0     0
     0     0     0     0     0     0     0     0     0     0     0     0
     0     0     0     0     0     0     0     0     0     0     0     0
     0     0     0     0     0     0     0     0     0     0     0     0
     0     0     0     0     0     0     0     0     0     0     0     0
     0     0     0     0     0     0     0     0     0     0     0     0
     0     0     0     0     0     0     0     0     0     0     0     0
     0     0     0     0     0     0     0     0     0     0     0     0
     0     0     0     0     0     0     0     0     0     0     0     0
     0     0     0     0     0     0     0     0     0     0     0     0
     0     0     0     1     0     0     0     0     0     0     0     0
     0     0     0     0     0     0     0     0     0     0     0     0
     0     0     0     0     0     0     0     0     0     0     0     0
     0     0     0     0     0     0     0     0     0     0     0     1
     0     0     1     0     0     0     0     0     0     0     0     0
     1     6     3     0     0     0     0     0     0     0     1     0
     3     0     0     0     0     0     0     0     0     0     0     0
     1     1     2     3     0     0     0     0     0     0     0     1
     0     0     0     1     0     0     0     0     0     0     0     0
     0     0     0     2     0     0     1     0     0     0     0     0
     0     1     0     1     0     0     0     0     0     0     0     0
     0     1     0     2     0     0     0     0     0     0     0     0
     0     0     0     0     0     0     0     0     0     0     0     0
     0     0     0     0     0     0     0     0     0     0     0     0
     0     0     0     0     0     0     1     1     0     0     0     0
     0     0     0     0     0     0     0     0     0     0     0     0
     0     0     0     0     0     0     0     0     0     0     0     0
     0     0     0     0     0     0     0     0     0     0     0     0
     0     0     0     0     0     0     0     0     0     0     0     0
    13
     0     0     0     0     0     0     0     0     0     0     0     0
     0     0     0     0     0     0     0     0     0     0     0     0
     0     0     0     0     0     0     0     0     0     0     0     0
     0     0     0     0     0     0     0     0     0     0     0     0
     0     0     0     0     0     0     0     0     0     0     0     0
     0     0     0     0     0     0     0     0     0     0     0     0
     0     0     0     0     0     0     0     0     0     0     0     0
     0     0     0     0     0     0     0     0     0     0     0     0
     0     0     0     0     0     0     0     0     0     0     0     0
     0     0     0     0     0     0     0     0     0     0     0     0
     0     0     0     0     0     0     0     0     0     0     0     0
     0     0     0     0     0     0     0     0     0     0     0     0
     0     0     0     0     0     0     0     0     0     0     0     0
     0     0     0     0     0     0     0     0     0     0     0     0
     0     0     0     0     0     0     0     0     0     0     0     0
     0     0     0     0     0     0     0     0     0     0     0     0
     0     0     0     0     0     0     0     0     0     0     0     0
     0     0     0     0     0     0     0     0     0     0     0     0
     0     0     0     0     0     0     0     0     0     0     0     1
     0     0     0     0     0     0     0     0     0     0     0     0
     0     0     0     0     0     0     0     0     0     0     0     0
     0     0     0     0     0     0     0     0     0     0     0     0
     0     0     0     0     0     0     0     0     0     0     0     0
     0     0     0     0     0     0     0     0     0     0     0     0
     1     0     1     0     0     0     0     0     0     0     0     0
     0     0     0     0     0     0     0     0     0     0     0     0
     0     0     1     1     0     0     0     0     0     0     0     0
     0     0     0     1     0     0     0     0     0     0     0     0
     0     0     0     0     0     0     0     0     0     0     0     0
     0     0     0     0     0     0     0     0     0     0     0     0
     0     0     0     0     0     0     0     0     0     0     0     0
     0     0     0     0     0     0     0     0     0     0     0     0
     0     0     0     0     0     0     0     0     0     0     0     0
     0     0     0     0     0     0     0     0     0     0     0     0
     0     0     0     0     0     0     0     0     0     0     0     0
     0     0     0     0     0     0     0     0     0     0     0     0
    14
     0     0     0     0     0     0     0     0     0     0     0     0
     0     0     0     0     0     0     0     0     0     0     0     0
     0     0     0     0     0     0     0     0     0     0     0     0
     0     0     0     0     0     0     0     0     0     0     0     0
     0     0     0     0     0     0     0     0     0     0     0     0
     0     0     0     0     0     0     0     0     0     0     0     0
     0     0     0     0     0     0     0     0     0     0     0     0
     0     0     0     0     0     0     0     0     0     0     0     0
     0     0     0     0     0     0     0     0     0     0     0     0
     0     0     0     0     0     0     0     0     0     0     0     0
     0     0     0     0     0     0     0     0     0     0     0     0
     0     0     0     0     0     0     0     0     0     0     0     0
     0     0     0     0     0     0     0     0     0     0     0     0
     0     0     0     0     0     0     0     0     0     0     0     0
     0     0     0     0     0     0     0     0     0     0     1     0
     0     0     0     0     0     0     0     0     0     0     0     0
     0     0     0     0     0     0     0     0     0     0     0     0
     0     0     0     0     0     0     0     0     0     0     0     0
     0     0     0     0     0     0     0     0     0     0     0     0
     0     0     0     0     0     0     0     0     0     0     0     0
     0     0     0     0     0     0     0     0     0     0     0     0
     0     0     0     0     0     0     0     0     0     0     0     0
     0     1     1     0     0     0     0     0     0     0     0     0
     0     0     0     0     0     0     0     0     0     0     0     0
     0     0     0     0     0     0     0     0     0     0     0     0
     0     0     0     0     0     0     0     0     0     0     0     0
     0     0     0     0     0     0     0     0     0     0     0     0
     0     0     0     0     0     0     0     0     0     0     0     0
     0     0     0     0     0     0     0     0     0     0     0     0
     0     0     0     0     0     0     0     0     0     0     0     0
     0     0     0     0     0     0     0     0     0     0     0     0
     0     0     0     0     0     0     0     0     0     0     0     0
     0     0     0     0     0     0     0     0     0     0     0     0
     0     0     0     0     0     0     0     0     0     0     0     0
     0     0     0     0     0     0     0     0     0     0     0     0
     0     0     0     0     0     0     0     0     0     0     0     0
    15
     0     0     0     0     0     0     0     0     0     0     0     0
     0     0     0     0     0     0     0     0     0     0     0     0
     0     0     0     0     0     0     0     0     0     0     0     0
     0     0     0     0     0     0     0     0     0     0     0     0
     0     0     0     0     0     0     0     0     0     0     0     0
     0     0     0     0     0     0     0     0     0     0     0     0
     0     0     0     0     0     0     0     0     0     0     0     0
     0     0     0     0     0     0     0     0     0     0     0     0
     0     0     0     0     0     0     0     0     0     0     0     0
     0     0     0     0     0     0     0     0     0     0     0     0
     0     0     0     0     0     0     0     0     0     0     0     0
     0     0     0     0     0     0     0     0     0     0     0     0
     0     0     0     0     0     0     0     0     0     0     0     0
     0     0     0     0     0     0     0     0     0     0     0     0
     0     0     0     0     0     0     0     0     0     0     0     0
     0     0     0     0     0     0     0     0     0     0     0     0
     0     0     0     0     0     0     0     0     0     0     0     0
     0     0     0     0     0     0     0     0     0     0     0     0
     0     0     0     0     0     0     0     0     0     0     0     0
     0     0     0     0     0     0     0     0     0     0     0     0
     0     0     0     0     0     0     0     0     0     0     0     0
     0     0     0     0     0     0     0     0     0     0     0     0
     0     0     0     0     0     0     0     0     0     0     0     0
     0     0     0     0     0     0     0     0     0     0     0     0
     0     0     0     0     0     0     0     0     0     0     0     0
     0     0     0     0     0     0     0     0     0     0     0     0
     0     0     0     0     0     0     0     0     0     0     0     0
     0     0     0     0     0     0     0     0     0     0     0     0
     0     0     0     0     0     0     0     0     0     0     0     0
     0     0     0     0     0     0     0     0     0     0     0     0
     0     0     0     0     0     0     0     0     0     0     0     0
     0     0     0     0     0     0     0     0     0     0     0     0
     0     0     0     0     0     0     0     0     0     0     0     0
     0     0     0     0     0     0     0     0     0     0     0     0
     0     0     0     0     0     0     0     0     0     0     0     0
     0     0     0     0     0     0     0     0     0     0     0     0
    16
     0     0     0     0     0     0     0     0     0     0     0     0
     0     0     0     0     0     0     0     0     0     0     0     0
     0     0     0     0     0     0     0     0     0     0     0     0
     0     0     0     0     0     0     0     0     0     0     0     0
     0     0     0     0     0     0     0     0     0     0     0     0
     0     0     0     0     0     0     0     0     0     0     0     0
     0     0     0     0     0     0     0     0     0     0     0     0
     0     0     0     0     0     0     0     0     0     0     0     0
     0     0     0     0     0     0     0     0     0     0     0     0
     0     0     0     0     0     0     0     0     0     0     0     0
     0     0     0     0     0     0     0     0     0     0     0     0
     0     0     0     0     0     0     0     0     0     0     0     0
     0     0     0     0     0     0     0     0     0     0     0     0
     0     0     0     0     0     0     0     0     0     0     0     0
     0     0     0     0     0     0     0     0     0     0     0     0
     0     0     0     0     0     0     0     0     0     0     0     0
     0     0     0     0     0     0     0     0     0     0     0     0
     0     0     0     0     0     0     0     0     0     0     0     0
     0     0     0     0     0     0     0     0     0     0     0     0
     0     0     0     0     0     0     0     0     0     0     0     0
     0     0     0     0     0     0     0     0     0     0     0     0
     0     0     0     0     0     0     0     0     0     0     0     0
     0     0     0     0     0     0     0     0     0     0     0     0
     0     0     0     0     0     0     0     0     0     0     0     0
     0     0     0     0     0     0     0     0     0     0     0     0
     0     0     0     0     0     0     0     0     0     0     0     0
     0     0     0     0     0     0     0     0     0     0     0     0
     0     0     0     0     0     0     0     0     0     0     0     0
     0     0     0     0     0     0     0     0     0     0     0     0
     0     0     0     0     0     0     0     0     0     0     0     0
     0     0     0     0     0     0     0     0     0     0     0     0
     0     0     0     0     0     0     0     0     0     0     0     0
     0     0     0     0     0     0     0     0     0     0     0     0
     0     0     0     0     0     0     0     0     0     0     0     0
     0     0     0     0     0     0     0     0     0     0     0     0
     0     0     0     0     0     0     0     0     0     0     0     0
    17
     0     0     0     0     0     0     0     0     0     0     0     0
     0     0     0     0     0     0     0     0     0     0     0     0
     0     0     0     0     0     0     0     0     0     0     0     0
     0     0     0     0     0     0     0     0     0     0     0     0
     0     0     0     0     0     0     0     0     0     0     0     0
     0     0     0     0     0     0     0     0     0     0     0     0
     0     0     0     0     0     0     0     0     0     0     0     0
     0     0     0     0     0     0     0     0     0     0     0     0
     0     0     0     0     0     0     0     0     0     0     0     0
     0     0     0     0     0     0     0     0     0     0     0     0
     0     0     0     0     0     0     0     0     0     0     0     0
     0     0     0     0     0     0     0     0     0     0     0     0
     0     0     0     0     0     0     0     0     0     0     0     0
     0     0     0     0     0     0     0     0     0     0     0     0
     0     0     0     0     0     0     0     0     0     0     0     0
     0     0     0     0     0     0     0     0     0     0     0     0
     0     0     0     0     0     0     0     0     0     0     0     0
     0     0     0     0     0     0     0     0     0     0     0     0
     0     0     0     0     0     0     0     0     0     0     0     0
     0     0     0     0     0     0     0     0     0     0     0     0
     0     0     0     0     0     0     0     0     0     0     0     0
     0     0     0     0     0     0     0     0     0     0     0     0
     0     0     0     0     0     0     0     0     0     0     0     0
     0     0     0     0     0     0     0     0     0     0     0     0
     0     0     0     0     0     0     0     0     0     0     0     0
     0     0     0     0     0     0     0     0     0     0     0     0
     0     0     0     0     0     0     0     0     0     0     0     0
     0     0     0     0     0     0     0     0     0     0     0     0
     0     0     0     0     0     0     0     0     0     0     0     0
     0     0     0     0     0     0     0     0     0     0     0     0
     0     0     0     0     0     0     0     0     0     0     0     0
     0     0     0     0     0     0     0     0     0     0     0     0
     0     0     0     0     0     0     0     0     0     0     0     0
     0     0     0     0     0     0     0     0     0     0     0     0
     0     0     0     0     0     0     0     0     0     0     0     0
     0     0     0     0     0     0     0     0     0     0     0     0
    18
     0     0     0     0     0     0     0     0     0     0     0     0
     0     0     0     0     0     0     0     0     0     0     0     0
     0     0     0     0     0     0     0     0     0     0     0     0
     0     0     0     0     0     0     0     0     0     0     0     0
     0     0     0     0     0     0     0     0     0     0     0     0
     0     0     0     0     0     0     0     0     0     0     0     0
     0     0     0     0     0     0     0     0     0     0     0     0
     0     0     0     0     0     0     0     0     0     0     0     0
     0     0     0     0     0     0     0     0     0     0     0     0
     0     0     0     0     0     0     0     0     0     0     0     0
     0     0     0     0     0     0     0     0     0     0     0     0
     0     0     0     0     0     0     0     0     0     0     0     0
     0     0     0     0     0     0     0     0     0     0     0     0
     0     0     0     0     0     0     0     0     0     0     0     0
     0     0     0     0     0     0     0     0     0     0     0     0
     0     0     0     0     0     0     0     0     0     0     0     0
     0     0     0     0     0     0     0     0     0     0     0     0
     0     0     0     0     0     0     0     0     0     0     0     0
     0     0     0     0     0     0     0     0     0     0     0     0
     0     0     0     0     0     0     0     0     0     0     0     0
     0     0     0     0     0     0     0     0     0     0     0     0
     0     0     0     0     0     0     0     0     0     0     0     0
     0     0     0     0     0     0     0     0     0     0     0     0
     0     0     0     0     0     0     0     0     0     0     0     0
     0     0     0     0     0     0     0     0     0     0     0     0
     0     0     0     0     0     0     0     0     0     0     0     0
     0     0     0     0     0     0     0     0     0     0     0     0
     0     0     0     0     0     0     0     0     0     0     0     0
     1     0     0     0     0     0     0     0     0     0     0     0
     0     0     0     0     0     0     0     0     0     0     0     0
     0     0     0     0     0     0     0     0     0     0     0     0
     0     0     0     0     0     0     0     0     0     0     0     0
     0     0     0     0     0     0     0     0     0     0     0     0
     0     0     0     0     0     0     0     0     0     0     0     0
     0     0     0     0     0     0     0     0     0     0     0     0
     0     0     0     0     0     0     0     0     0     0     0     0
