21
Springfield, IL 93822
     0
      -7.900      -4.000       1.700       8.300      15.600      21.100
      23.200      22.200      17.700      11.100       2.700      -4.500
      -1.800        .600       6.000      13.300      19.300      25.000
      26.700      25.600      21.700      15.600       7.100        .000
       2.200       4.400      11.600      18.200      23.800      28.200
      30.000      28.200      26.100      20.000      12.800       3.900
      58.000      59.000      53.000      43.000      43.000      46.000
      52.000      54.000      48.000      43.000      55.000      62.000
      70.000      70.000      67.000      59.000      60.000      60.000
      64.000      66.000      64.000      58.000      69.000      75.000
      81.000      82.000      82.000      77.000      78.000      76.000
      77.000      79.000      81.000      77.000      84.000      85.000
       3.100       3.100       3.500       3.100       2.700       2.400
       2.400       2.000       2.400       2.700       3.100       3.100
       4.400       4.400       4.800       4.800       4.000       3.100
       3.100       2.700       3.100       4.000       4.400       4.400
       5.900       5.500       6.300       6.300       5.200       4.800
       4.000       4.000       4.400       5.200       5.500       5.500
     240.000     300.000     170.000     170.000     190.000     210.000
     210.000     200.000     190.000     190.000     200.000     240.000
     1
      -2.656        .219       6.961      13.498      19.675      24.514
      26.578      25.332      21.569      15.707       7.820       -.462
      69.571      70.270      66.556      60.061      60.460      61.556
      64.781      66.703      64.221      60.066      68.726      73.362
     2
    12     6     5    10    24    30    19    25    13    12     6     6
    13     4    10    15    34    33    28    56    38    23    14    17
     6     5     6    13    24    18    25    18    23    12    10    10
     4    15     9    13    21    31    28    35    17    16     8     4
     5    18    10    12    34    39    45    51    43    21    13     3
     1     8    11     8    24    16    31    40    33    21     9     7
     5    11    13    15    24    30    41    58    42    26    14    12
     2     2     6     4    16    17    23    35    19    13     2     5
    11     8    14    19    30    28    48    60    53    12    16     9
     5     5    10    12    22    17    34    32    35    22     7     4
     5     9    11    21    29    29    25    47    54    16    12     7
     4     7     6    12    30    30    27    43    39    23     3     3
     9     2     8    15    30    18    20    29    23    12     5     6
     7     8     5    12    28    26    27    35    37     7    16     9
     6     4     5     7    18    10    18    22    25    17     3     1
     4     8     7    11    18    29    25    40    40    16    17     5
     3     5     5     9     9    21    15    28    24    13    11     8
    16    10     3    14    31    41    57    54    46    28    10    21
     8     6    14     8    19    24    43    26    22    13     7    13
     8     8    12    14    19    34    42    38    36    18    16    11
    10    13    12    11    21    23    49    23    24    21    10    10
     6    15    10     8    31    30    39    44    26     9     9    12
    20    14     9    13    19    48    75    52    44    14    15    21
    11    14    10    13    17    35    49    46    29    17    14    16
    11    11    14    16    31    49    48    50    29    18    13    11
     8     2     6    10    16    25    31    25    13    13     9    11
    14    14    10    15    22    38    45    33    28    23    18    14
    13     8     6    12    13    20    27    21    18     8     5     6
     9    13    11    15    15    31    48    37    28     9    11     5
     4     6    11     8    20    24    32    34    18    20     3    13
     3    17     9    12    21    31    24    32    20    16     8     6
     4     9     9    17    19    36    38    45    32    19    10     7
     5     6     7     7    16    17    32    31    21    11     5    15
     7     9     9    17    33    29    32    44    20    17     9    13
     5     7     8     6    20    21    20    31    20     7     6     8
    13    13    13    13    32    37    54    44    39    17    11     7
     3
    19    27    36    44    50    57    64    77    61    27    10    19
    22    40    35    39    85   104   111   140    94    40    49    35
    15    25    15    23    56    50    89    91    49    36    18    27
    12    32    19    25    73    70   116    92    59    36    21    26
    19    43    38    42    71    97   117   140   100    42    43    37
    17    29    26    47    71    91   108   105    88    31    29    22
    25    45    49    38    65    98   113   134    81    35    30    28
    18    23    32    26    59    53    74    74    64    35    20    17
    35    41    34    50    72    79   110   120    88    49    32    37
    25    33    28    32    37    52    54    81    60    34    27    16
    40    36    45    54    92    82    99   121   113    55    42    29
    21    24    38    37    75    89    82   110    85    65    37    32
    15    25    19    38    79    74    88   111    80    58    40    22
    29    20    33    37    59    80   102   103    85    50    46    19
    19    16    19    29    58    45    66    63    59    49    33    19
    28    25    24    34    68    88    92    99   116    83    44    33
    29    24    20    29    70    80    89   102   117    67    39    22
    39    39    30    43    92   137   174   187   151    95    59    46
    32    19    26    24    66    92   122   107    96    48    51    33
    37    36    25    42    79   125   166   164   129    65    47    39
    31    42    12    21    69    97   115   100    68    40    33    31
    25    36    33    35    58    99   138   113    64    27    26    37
    63    59    32    46    61   134   219   156    74    50    39    53
    47    39    41    45    64    91   129   108    57    51    37    53
    52    39    28    38    62   119   139    94    51    59    42    66
    36    36    30    32    38    58    64    62    46    41    29    33
    48    40    38    46    49    98   110    64    59    45    42    45
    19    35    24    35    45    51    66    49    39    47    23    30
    43    37    44    35    57    85   108   100    67    61    25    41
    30    27    33    30    47    58    78    68    77    40    35    37
    19    33    30    44    53    70    79    86    64    54    33    29
    35    31    35    57    67    82   103   116    92    63    34    34
    23    39    29    33    54    56    82    77    79    52    39    33
    27    33    38    48    44    83   100   100    76    47    37    24
    28    24    26    48    52    56    52    75    54    44    24    25
    30    53    47    54    76    76   127   140    88    74    33    35
     4
    14    15    26    30    31    38    48    43    54    27    18    18
    21    37    24    25    42    63    76    61    56    37    25    20
    10    32    28    16    36    48    65    47    42    18    13    15
    14    37    26    24    29    47    53    49    32    18    17    17
    18    35    32    35    54    65    64    53    60    22    17    20
    13    31    32    27    49    26    52    33    38    25    18    13
     8    37    27    34    53    54    55    44    44    13    15    22
    13    29    24    27    33    29    35    28    37    15     5    15
    16    25    38    29    47    31    38    41    39    18    11    25
     7    16    30    23    31    34    28    43    25    26    10    10
    20    34    33    36    65    59    53    59    33    36    33    25
    27    22    39    41    51    42    43    54    33    53    19    34
    23    20    50    37    43    31    41    51    35    45    28    27
    20    24    54    48    60    58    58    58    58    67    35    19
    20    26    25    30    46    39    31    48    37    50    21    22
    32    47    37    39    65    71    75    66    75    97    53    33
    27    30    31    30    75    83    66    75    85    61    48    46
    47    51    36    38    82   114   126   140   119    91    52    47
    26    30    24    39    72    77   126   103    89    54    47    46
    49    36    24    40    69   115   125   138    76    63    50    48
    45    26    21    27    46    78    85   103    63    38    40    22
    26    27    28    23    47    72    96    96    46    21    40    23
    49    39    28    31    63    87   149    96    71    35    34    47
    43    47    33    28    47    65    87    62    43    29    46    28
    62    34    43    31    49    85    74    62    47    39    39    48
    34    32    21    19    26    40    47    40    30    34    27    36
    43    26    20    39    51    41    55    30    26    31    32    40
    24    21    19    20    22    36    35    22    36    21    29    29
    53    37    34    45    40    56    44    42    46    47    38    46
    41    22    42    36    53    46    42    38    44    47    40    44
    36    27    23    44    38    48    41    35    45    42    32    46
    41    29    46    49    48    47    54    43    54    44    30    26
    26    26    34    27    35    40    43    40    35    32    25    20
    22    42    38    45    29    39    70    67    48    62    38    41
    18    45    36    35    46    35    29    44    38    44    23    21
    39    40    41    51    52    41    95    69    74    43    44    28
     5
    29    32    25    33    49    35    50    40    43    28    32    18
    34    55    38    51    54    65    59    60    59    24    39    16
    20    31    34    22    55    39    42    47    26    26    15    10
    26    40    40    46    47    50    30    40    21    17    25    13
    19    42    54    42    43    51    23    25    45    15    17    14
    23    37    39    39    23    27    20    21    10    21    17    11
    17    50    83    67    40    61    24    31    28    34    17    18
    20    37    44    40    39    25    18    21    16    11    18    18
    18    36    76    67    51    44    24    27    36    34    19    32
    12    17    31    34    28    24    18    21    13    21    13    16
    28    41    70    65    60    51    32    36    23    22    29    35
    35    24    77    75    56    32    11    39    19    33    14    27
    29    25    62    51    52    39    20    33    35    46    37    47
    29    35    64    55    94    46    28    42    33    47    52    40
    34    25    47    73    57    62    34    24    48    63    38    30
    57    57    66    95   109    71    73    72    93   109    82    70
    65    67    65    95   107   101    84    76   125   120    85    72
    89    84    82   113   135   180   163   141   168   156   125    94
    79    54    23    80   123   103   140   134   130   120    94    66
    90    81    47    90   118   168   180   137   147   130   110    82
    50    33    26    34    76    96   113    92    78    55    55    54
    38    38    25    33    74   112   123    93    55    51    44    26
    72    49    37    42    88   150   112    92    78    74    52    58
    66    53    31    48    57    88    90    57    24    35    45    35
    84    68    50    31    80    78    92    50    42    49    46    72
    45    47    34    45    43    47    40    27    32    41    47    48
    84    75    63    57    50    68    56    34    30    67    47    76
    60    55    34    33    41    40    36    15    36    50    45    46
    94    86    62    76    68    62    49    31    65    82    67    89
    76    65    90    61    52    55    30    29    60    85    73    79
    47    59    77    73    66    45    49    40    45    66    73    66
    65    78   105    89    70    70    56    45    76    58    62    71
    43    58    59    64    43    34    32    36    32    58    43    39
    59    58    83    66    66    48    64    44    58    77    67    74
    36    52    62    55    46    22    41    37    48    43    46    48
    47    65    64    64    77    48    55    58    74    70    49    55
     6
     5    16    25    18    35    17    19    18    24    18     8    11
    35    27    31    38    54    34    20    15    28    22    10    13
     9    19    27    27    22    21    18    10    10    11    13     7
     8    18    31    34    14    16    10    10     6     5    14     6
    15    14    43    33    29    25     9    14    10     8     7    15
     7    12    36    16    13     8     4     6     4     9    12     4
     3    27    55    29    37    15     4     1     6    18    10    13
     7    19    34    25    20     4     5     3     7     8     7     6
    16    22    60    41    27    10     6     2     1    16    10    15
    14    15    26    27    18     4     5     4     4     4     0     3
    20    25    53    50    40    17     3     5     4     6    13    21
    11    19    54    52    23     7     3     3     3     8    18    15
    25    24    47    43    30    10     4     8     8    10    20    26
    25    29    70    55    52    10    10     7    11    23    25    36
    33    28    46    51    41    28     6     7    18    32    55    30
    56    52    74   117    58    35    16    18    46    85    74    67
    63    67    84    97    63    57    45    35    50    94    94    71
    98    90    80   131   120    97    64    59   103   135   110    98
    67    70    57    66    75    83    46    32    87    93    96    72
    78    59    50    75   110    88    68    56    83    88    80    63
    29    20    35    44    35    73    47    31    27    57    45    46
    32    29    21    33    49    61    39    28    31    40    34    27
    44    27    39    38    66    90    65    34    42    62    40    34
    47    20    28    37    40    56    37    17    20    23    39    34
    49    43    42    35    62    51    45    30    20    30    52    51
    43    24    24    43    41    28    22    12    17    32    30    41
    70    48    58    51    46    35    25     8    22    49    43    75
    50    56    42    37    27    20    13     9    20    28    38    46
    99   100    70    70    64    31    12     9    34    56    76    80
    62    71    95    43    47    30    17    11    40    59    59    57
    61    59    61    66    33    24    14    15    25    33    62    50
    49    59    65    91    46    21    30    20    41    60    69    69
    37    29    36    45    23    13    13     9    30    33    26    35
    50    38    52    63    40    21    16    10    39    36    29    31
    32    27    58    42    39    15    14    16    24    32    22    21
    38    42    34    42    43    25    32    19    37    41    25    30
     7
     0     8     8     7     6     3     1     2     1     8     2     6
     9    10    20    18    14     4     4     3    11     4     6     3
     1     6    13    11     9     5     3     1     4     1     3     4
     1     4    13    10     4     2     2     0     1     0     1     3
     3     9    13    11     8     6     0     0     0     1     3     1
     1     4     7     5     5     2     0     0     0     0     7     0
     1    10    16    12     9     7     0     0     1     4     3     5
     3     4    13    13     5     2     0     0     0     2     3     6
     4    10    14    19     6     0     1     0     1     2     0     1
     3     4     4    20     4     0     0     0     0     2     1     0
     5    10    16    13     7     0     0     1     3     1     2     4
     4     7    14    10    10     2     0     0     1     2     0     3
    10     2    13    12     5     1     0     1     2     2     5     9
    10     5    25    20    11     3     0     3     2     7     6     6
    11     6    35    26    19     4     3     0     7     9     5     9
    28    31    43    63    26     6     2     4     6    27    42    23
    52    34    58    65    38    12    10     8    17    36    60    34
    46    60    60    81    59    47    11    14    30    63    56    49
    36    32    38    51    48    39    13    10    21    33    34    38
    24    45    43    40    43    30    18    13    26    31    38    21
    32    24    23    21    20    24    11     6    14    18    12    14
    15     9    14    16    29    24     4     4    11    23    12    12
    19    14    30    24    28    12    11     6    11    20    17    12
    14     8    13    17    19    14     6     4     5    19    14    12
    26    11    34    36    28    29    10    15     6    13    20    19
    18    16    12    23    17     7     5     5     5    10    14    18
    36    20    28    40    13     9     5     3     3    20    18    35
    29    25    21    29    13     6     0     2     5    10    18    22
    35    49    56    46    37    16     2     1    14    28    38    63
    36    37    36    28    19     7     2     1     8    17    26    38
    35    33    34    21    10     6     2     2     8    17    18    35
    28    25    32    44    14     3     7     2     9    29    26    26
    20    14    23    15     7     4     3     0     2     7     9     6
    16    17    30    38    13     3     2     2     8    12    11     5
    17    17    13    16    10     5     1     0     8     3    11     8
    18    20    13    22    11     6     4     4     3    18     6     4
     8
     3     3    13     9     5     2     1     0     3     1     2     3
    11     7    12    19     8     0     2     2     5     3     3     0
     4     5     9     5     3     1     0     0     2     1     0     0
     1     8     9    11     5     0     0     0     0     0     1     0
     2     9     7    11     3     6     0     0     0     1     1     1
     0     7     1     4     2     0     0     1     0     0     1     0
     0     7    20     6     3     5     0     0     0     0     4     4
     0     1     8     4     3     0     1     0     0     0     0     3
     1     3    23     4     5     3     0     0     0     0     5     5
     4     1    10     9     4     0     0     0     0     0     1     2
     3     2    13    13     7     0     0     0     0     1     4     7
     1     3    15    13     0     0     0     0     0     0     1     2
     1     5    12    17     0     0     1     0     0     0     4     3
     3     6    17    13    17     0     0     0     1     0     4    11
     7    10    18    19    11     2     0     0     2     5     5     8
    15    17    33    60    29     4     2     0     4    13    34    13
    20    31    48    74    42    17     3     1    12    26    48    19
    47    28    81   108    83    35    14     4    29    51    59    56
    37    26    52    33    47    35     4     5    16    38    38    28
    24    21    48    47    63    37     2     4    23    36    23    18
    14     7    19    16    25    15     2     3    13    10    13     8
    10     6    24    22    16     9     4     1    13    13     8    11
    17    10    34    28    38    14     7     1     7    21    19    10
    17    14    22    35    29    12     0     2     5     7     7    17
    34    18    45    23    46    23     5     6     0    22    24    19
    16    12    15    17     8     8     2     0     5     6    27    14
    39    17    43    38    20    14     4     2     6    21    29    31
    31    18    41    27    10     3     2     0     2    17    22    23
    40    38    55    73    36     8     1     1     5    17    33    62
    27    30    47    30    19     8     2     4     1    12    11    30
    32    30    40    20     4     4     1     1     0    17    10    21
    19    32    27    28     7     3     4     0     3    18    17    33
     5    12     8    14     5     3     0     1     1     6     7     6
    11    26    16    18    12     4     1     0     5    10     6    12
     7    19     4    16     5     3     0     0     2     7     3     8
    14     8    13    15    12     3     1     1     2     9     5     5
     9
     0     3     1     2     0     1     0     0     0     0     0     0
     0     1     2     3     5     0     0     0     0     0     0     0
     0     0     0     2     0     0     0     0     1     0     0     1
     0     2     1     1     0     0     0     0     0     0     0     0
     0     3     0     0     0     0     0     0     0     0     0     0
     0     2     0     1     0     1     0     0     0     0     0     0
     0     4     3     0     0     0     0     0     0     0     0     0
     0     0     3     1     1     0     0     0     0     0     1     0
     0     0     2     3     0     0     0     0     0     0     2     0
     0     1     3     3     1     0     0     0     0     0     1     0
     0     1     2     0     0     1     0     0     0     0     0     0
     0     1     1     0     0     0     0     0     0     0     1     0
     0     0     3     4     1     0     0     0     0     0     0     0
     0     0     1     2     0     0     0     0     1     0     0     1
     0     2     4     7     0     0     0     0     0     1     1     3
     2     2     7     8     5     2     0     0     0     2     2     2
     8     3    12    16    12     3     0     0     2     2     6     4
     9     3    30    34    17     5     2     1     6     9    10     7
     7     3    12    14    11     6     1     0     8     8     7     9
     3     0    17    10    12     3     0     1     5     7     9     8
     3     3     6     5     4     2     0     1     4     6     3     3
     3     0     7     6     5     2     0     0     1     2     5     4
     9     0     6    12    11     4     0     0     3     5     3     2
     4     4    12     9     6     0     0     0     0     1     2     5
     8     5    11    18     9     4     2     0     1     4     6     7
     3     9     7    10     5     1     0     0     0     2    14     2
    21     6     9    11     4     3     0     0     0     1     4     7
     9     3     4     6     3     1     0     0     3     1     6     6
    14     6    15    14     9     2     1     0     0     2     6    14
     8     5     7    11     0     2     0     0     0     1     4     8
     9    10     4     4     3     1     1     1     0     2     4     5
     2    10     5    14     1     0     0     0     2     2     3     1
     0     4     0     1     2     0     0     0     0     1     0     1
     4     6     3     6     1     0     0     0     0     1     1     3
     3     3     0     2     0     0     0     0     0     0     0     2
     3     2     3     1     1     1     0     1     0     0     1     1
    10
     0     3     0     0     0     0     1     0     0     0     0     1
     1     0     0     0     0     0     0     1     0     0     0     0
     1     0     0     1     0     0     0     0     0     0     0     0
     0     0     1     1     0     1     0     0     0     0     0     0
     1     0     0     0     1     0     0     0     0     0     0     0
     0     0     0     0     0     0     0     0     0     0     0     0
     0     1     1     1     1     0     0     0     0     0     0     0
     0     0     0     2     0     0     0     0     0     0     0     0
     0     0     0     2     0     0     0     0     0     0     0     0
     0     0     3     3     0     0     0     0     0     0     1     0
     0     0     0     1     1     0     0     0     0     0     0     0
     0     0     2     0     0     0     0     0     0     0     0     0
     1     0     3     2     0     0     0     0     0     0     0     0
     0     0     1     0     0     0     0     0     0     1     0     0
     0     2     2     2     1     0     0     0     0     0     1     1
     1     1     5     5     1     0     0     0     0     2     3     0
     3     2    13    10     8     2     1     0     2     0     5     3
     2     3    19    13     8     3     0     0     5     0     4     3
     1     1     5     6     9     3     0     0     0     3     5     1
     3     1     9     4     6     0     0     0     6     3    11     5
     1     0     9     3     2     1     1     0     1     0     3     1
     3     1     4     2     1     3     0     0     1     0     0     2
     5     0     7     8     5     2     0     0     0     3     3     4
     3     1     4    10     3     1     0     0     0     3     4     9
     6     4     9     5     9     1     3     0     0     0     6     6
     5     3     5    11     3     1     0     0     0     1     9     5
    13     1     7     9     2     1     0     0     0     0     5     8
     8     1     3     8     2     0     0     0     1     0     4     6
    12     2     5     9     3     2     0     0     0     2     3     6
     6     2     9     0     0     2     2     0     0     1     2     1
     3     1     4     1     0     0     0     0     0     0     1     0
     2     5     4     4     1     0     0     0     0     1     3     0
     0     1     1     1     1     0     1     0     0     0     0     0
     0     4     1     2     1     0     0     0     0     0     2     0
     1     6     0     1     0     0     0     0     0     0     0     1
     1     0     1     0     0     0     0     0     0     0     0     0
    11
     0     1     0     0     0     0     0     0     0     0     0     0
     0     0     0     0     0     0     1     0     0     0     0     0
     4     0     0     0     0     0     0     0     0     0     0     0
     0     0     0     0     0     0     0     0     0     0     0     0
     0     0     1     0     0     0     0     0     0     0     0     0
     0     0     1     0     0     0     0     0     0     0     0     0
     0     3     0     0     1     0     0     0     0     0     0     0
     0     0     0     0     1     0     0     0     0     0     0     0
     0     0     0     0     0     0     0     0     0     0     0     0
     0     0     1     2     0     0     0     0     0     0     1     0
     0     0     1     0     0     0     0     0     0     0     1     0
     0     0     0     0     0     0     0     0     0     0     0     0
     0     0     0     1     0     0     0     0     0     0     0     0
     0     0     0     1     0     0     0     0     0     0     0     0
     0     0     1     1     0     0     0     0     1     0     0     0
     0     0     8     1     4     2     0     0     0     0     0     0
     3     0    11     5     1     0     0     0     0     0     3     1
     2     0    11     8    10     0     0     0     0     2     5     1
     2     0     4     0     6     1     0     0     0     6     1     4
     0     2     6     1     5     1     0     0     0     0     1     3
     0     0     7     1     2     2     0     0     0     1     2     0
     0     1     8     5     1     1     0     0     1     0     1     0
     1     0    14    12     1     1     0     0     1     1     4     2
     0     0     9     4     3     1     0     0     0     1     2     4
     8     2     8    10     3     2     0     0     0     0     0     9
     5     2     6     3     0     1     0     1     1     1     3     4
     6     3     7     8     4     0     0     0     0     0     3     3
     5     0     3     2     0     0     0     0     0     0     2     4
     4     2     4    10     0     0     0     1     1     0     1     2
     4     1     2     2     0     1     0     0     0     0     0     3
     1     1     2     0     1     0     0     0     0     0     0     0
     0     1     1     1     0     0     0     0     0     0     0     0
     0     1     0     1     1     0     0     0     0     0     0     0
     0     3     0     0     0     0     0     0     0     0     1     0
     1     0     0     0     0     0     0     0     0     0     0     0
     2     0     0     0     0     0     0     0     0     0     0     0
    12
     0     0     0     0     0     0     0     0     0     0     0     0
     0     0     0     0     2     0     0     0     0     0     0     0
     1     0     0     0     0     0     0     0     0     0     0     0
     0     0     0     0     0     0     0     0     0     0     0     0
     0     0     0     0     0     0     0     0     0     0     0     0
     0     0     0     0     0     0     0     0     0     0     0     0
     0     0     0     0     0     0     0     0     0     0     0     0
     0     0     0     0     0     0     0     0     0     0     0     0
     0     0     0     0     0     0     0     0     0     0     0     0
     0     0     0     0     0     0     0     0     0     0     0     0
     0     0     0     0     0     0     0     0     0     0     0     0
     0     0     0     0     0     0     0     0     0     0     0     0
     0     0     0     0     0     0     0     0     0     0     0     0
     0     0     0     0     0     0     0     0     0     0     0     0
     0     0     0     0     0     0     0     0     0     0     0     0
     1     0     1     0     0     0     0     0     0     0     0     1
     1     1     2     1     0     0     0     0     1     0     0     0
     0     0     4     2     0     0     0     0     0     0     3     0
     0     0     1     0     3     0     0     0     0     1     0     0
     0     0     2     2     1     0     0     0     0     1     1     2
     0     0     2     0     0     0     0     0     0     0     0     0
     0     0     1     1     0     0     0     0     0     0     0     0
     0     1     6     2     0     1     0     0     0     0     0     0
     0     0     4     1     1     0     0     0     1     0     1     0
     0     1     4     0     1     1     0     0     0     0     3     5
     2     1     3     2     1     0     0     0     0     0     0     0
     2     1     4    13     0     2     0     0     0     0     0     2
     0     0     0     0     0     0     0     0     0     0     1     0
     0     1     3     7     0     0     0     0     0     1     0     0
     1     0     2     1     0     0     0     0     0     1     0     0
     0     0     0     0     0     0     0     0     0     0     0     0
     0     1     0     0     0     0     0     0     0     0     0     0
     0     0     0     0     0     0     0     0     0     0     0     0
     0     0     1     0     0     0     0     0     0     0     0     0
     0     0     0     0     0     0     0     0     0     0     0     0
     0     0     0     0     0     0     0     0     0     0     0     0
    13
     0     0     0     0     0     0     0     0     0     0     0     0
     0     0     0     0     0     0     0     0     0     0     0     0
     0     0     0     0     0     0     0     0     0     0     0     0
     0     0     0     0     0     0     0     0     0     0     0     0
     0     0     0     0     0     0     0     0     0     0     0     0
     0     0     0     0     0     0     0     0     0     0     0     0
     0     0     0     0     0     0     0     0     0     0     0     0
     0     0     0     0     0     0     0     0     0     0     0     0
     0     0     0     0     0     0     0     0     0     0     0     0
     0     0     0     0     0     0     0     0     0     0     0     0
     0     0     0     0     0     0     0     0     0     0     0     0
     0     0     0     0     0     0     0     0     0     0     0     0
     0     0     0     0     0     0     0     0     0     0     0     0
     0     0     0     0     0     0     0     0     0     0     0     0
     0     0     0     0     0     0     0     0     0     0     0     0
     0     0     1     0     0     0     0     0     0     0     0     0
     0     0     1     0     0     0     0     0     0     0     0     0
     0     0     1     0     0     0     0     0     0     0     4     0
     0     0     1     0     0     0     0     0     0     0     0     0
     0     0     1     1     0     0     1     0     0     0     0     0
     0     0     0     0     0     0     0     0     0     0     0     0
     0     0     0     0     0     0     0     0     0     0     0     0
     0     1     0     0     0     0     0     0     0     0     0     0
     0     0     1     1     0     0     0     0     0     0     0     0
     0     0     3     0     0     0     0     0     0     0     0     0
     0     0     1     1     1     0     0     0     0     0     1     0
     0     2     4     0     0     0     0     0     0     0     1     0
     1     0     1     0     0     0     0     0     0     0     1     0
     0     0     1     0     0     0     0     0     0     0     1     0
     0     0     0     0     0     0     0     0     0     0     0     0
     1     0     0     0     0     0     0     0     0     0     0     0
     0     0     0     0     0     0     0     0     0     0     0     0
     0     0     0     0     0     0     0     0     0     0     0     0
     0     0     0     0     0     0     0     0     0     0     0     0
     0     0     0     0     0     0     0     0     0     0     0     0
     0     0     0     0     0     0     0     0     0     0     0     0
    14
     0     0     0     0     0     0     0     0     0     0     0     0
     0     0     0     0     0     0     0     0     0     0     0     0
     0     0     0     0     0     0     0     0     0     0     0     0
     0     0     0     0     0     0     0     0     0     0     0     0
     0     0     0     0     0     0     0     0     0     0     0     0
     0     0     0     0     0     0     0     0     0     0     0     0
     0     0     0     0     0     0     0     0     0     0     0     0
     0     0     0     0     0     0     0     0     0     0     0     0
     0     0     0     0     0     0     0     0     0     0     0     0
     0     0     0     0     0     0     0     0     0     0     0     0
     0     0     0     0     0     0     0     0     0     0     0     0
     0     0     0     0     0     0     0     0     0     0     0     0
     0     0     0     0     0     0     0     0     0     0     0     0
     0     0     0     0     0     0     0     0     0     0     0     0
     0     0     0     0     0     0     0     0     0     0     0     0
     0     0     1     0     0     0     0     0     0     0     0     0
     0     0     0     0     0     0     0     0     0     0     0     0
     0     0     0     0     0     0     0     0     1     0     1     0
     0     0     1     0     0     0     0     0     0     0     0     0
     0     0     0     0     1     0     0     0     0     0     0     0
     0     0     0     0     0     0     0     0     0     0     0     0
     0     0     0     0     0     0     0     0     0     0     0     1
     0     0     0     0     1     0     0     0     0     0     0     0
     0     0     0     0     0     0     0     0     0     0     0     0
     0     1     4     1     0     0     0     0     0     0     0     0
     0     0     0     2     0     0     0     0     0     0     0     0
     0     3     0     3     0     0     0     0     0     0     0     0
     0     0     0     0     0     0     0     0     0     0     0     0
     0     1     0     1     0     0     0     0     0     0     0     0
     0     0     0     0     0     0     0     0     0     0     0     0
     0     0     0     0     0     0     0     0     0     0     0     0
     0     0     0     0     0     0     0     0     0     0     0     0
     0     0     0     0     0     0     0     0     0     0     0     0
     0     0     0     0     0     0     0     0     0     0     0     0
     0     0     0     0     0     0     0     0     0     0     0     0
     0     0     0     0     0     0     0     0     0     0     0     0
    15
     0     0     0     0     0     0     0     0     0     0     0     0
     0     0     0     0     0     0     0     0     0     0     0     0
     0     0     0     0     0     0     0     0     0     0     0     0
     0     0     0     0     0     0     0     0     0     0     0     0
     0     0     0     0     0     0     0     0     0     0     0     0
     0     0     0     0     0     0     0     0     0     0     0     0
     0     0     0     0     0     0     0     0     0     0     0     0
     0     0     0     0     0     0     0     0     0     0     0     0
     0     0     0     0     0     0     0     0     0     0     0     0
     0     0     0     0     0     0     0     0     0     0     0     0
     0     0     0     0     0     0     0     0     0     0     0     0
     0     0     0     0     0     0     0     0     0     0     0     0
     0     0     0     0     0     0     0     0     0     0     0     0
     0     0     0     0     0     0     0     0     0     0     0     0
     0     0     0     0     0     0     0     0     0     0     0     0
     0     0     0     0     0     0     0     0     0     0     0     0
     0     0     0     0     0     0     0     0     0     0     0     0
     0     0     0     0     0     0     0     0     0     0     0     0
     0     0     0     0     0     0     0     0     0     0     0     0
     0     0     1     0     0     0     0     0     0     0     0     0
     0     0     0     0     0     0     0     0     0     0     0     0
     0     0     0     0     0     0     0     0     0     0     0     0
     0     0     0     0     0     0     0     0     0     0     0     0
     0     0     0     0     0     0     0     0     0     0     0     0
     0     0     0     0     0     0     0     0     0     0     0     0
     0     0     0     0     0     0     0     0     0     0     0     0
     0     0     1     0     0     0     0     0     0     0     0     0
     0     0     0     0     0     0     0     0     0     0     0     0
     0     0     0     0     0     0     0     0     0     0     0     0
     0     0     0     0     0     0     0     0     0     0     0     0
     0     0     0     0     0     0     0     0     0     0     0     0
     0     0     0     0     0     0     0     0     0     0     0     0
     0     0     0     0     0     0     0     0     0     0     0     0
     0     0     0     0     0     0     0     0     0     0     0     0
     0     0     0     0     0     0     0     0     0     0     0     0
     0     0     0     0     0     0     0     0     0     0     0     0
    16
     0     0     0     0     0     0     0     0     0     0     0     0
     0     0     0     0     0     0     0     0     0     0     0     0
     0     0     0     0     0     0     0     0     0     0     0     0
     0     0     0     0     0     0     0     0     0     0     0     0
     0     0     0     0     0     0     0     0     0     0     0     0
     0     0     0     0     0     0     0     0     0     0     0     0
     0     0     0     0     0     0     0     0     0     0     0     0
     0     0     0     0     0     0     0     0     0     0     0     0
     0     0     0     0     0     0     0     0     0     0     0     0
     0     0     0     0     0     0     0     0     0     0     0     0
     0     0     0     0     0     0     0     0     0     0     0     0
     0     0     0     0     0     0     0     0     0     0     0     0
     0     0     0     0     0     0     0     0     0     0     0     0
     0     0     0     0     0     0     0     0     0     0     0     0
     0     0     0     0     0     0     0     0     0     0     0     0
     0     0     0     0     0     0     0     0     0     0     0     0
     0     0     0     0     0     0     0     0     0     0     0     0
     0     0     0     0     0     0     0     0     0     0     0     0
     0     0     0     0     0     0     0     0     0     0     0     0
     0     0     0     0     0     0     0     0     0     0     0     0
     0     0     0     0     0     0     0     0     0     0     0     0
     0     0     0     0     0     0     0     0     0     0     0     0
     0     0     3     0     0     0     0     0     0     0     0     0
     0     0     0     1     0     0     0     0     0     0     0     0
     0     0     0     0     0     0     0     0     0     0     0     0
     0     0     0     0     0     0     0     0     0     0     0     0
     0     0     0     3     0     0     0     0     0     0     0     0
     0     0     0     0     0     0     0     0     0     0     0     0
     0     0     0     0     0     0     0     0     0     0     0     0
     0     0     0     0     0     0     0     0     0     0     0     0
     0     0     0     0     0     0     0     0     0     0     0     0
     0     0     0     0     0     0     0     0     0     0     0     0
     0     0     0     0     0     0     0     0     0     0     0     0
     0     0     0     0     0     0     0     0     0     0     0     0
     0     0     0     0     0     0     0     0     0     0     0     0
     0     0     0     0     0     0     0     0     0     0     0     0
    17
     0     0     0     0     0     0     0     0     0     0     0     0
     0     0     0     0     0     0     0     0     0     0     0     0
     0     0     0     0     0     0     0     0     0     0     0     0
     0     0     0     0     0     0     0     0     0     0     0     0
     0     0     0     0     0     0     0     0     0     0     0     0
     0     0     0     0     0     0     0     0     0     0     0     0
     0     0     0     0     0     0     0     0     0     0     0     0
     0     0     0     0     0     0     0     0     0     0     0     0
     0     0     0     0     0     0     0     0     0     0     0     0
     0     0     0     0     0     0     0     0     0     0     0     0
     0     0     0     0     0     0     0     0     0     0     0     0
     0     0     0     0     0     0     0     0     0     0     0     0
     0     0     0     0     0     0     0     0     0     0     0     0
     0     0     0     0     0     0     0     0     0     0     0     0
     0     0     0     0     0     0     0     0     0     0     0     0
     0     0     0     0     0     0     0     0     0     0     0     0
     0     0     0     0     0     0     0     0     0     0     0     0
     0     0     0     0     0     0     0     0     0     0     0     0
     0     0     0     0     0     0     0     0     0     0     0     0
     0     0     0     0     0     0     0     0     0     0     0     0
     0     0     0     0     0     0     0     0     0     0     0     0
     0     0     0     0     0     0     0     0     0     0     0     0
     0     0     0     0     0     0     0     0     0     0     0     0
     0     0     0     0     0     0     0     0     0     0     0     0
     0     0     0     0     0     0     0     0     0     0     0     0
     0     0     0     0     0     0     0     0     0     0     0     0
     0     0     0     1     0     0     0     0     0     0     0     0
     0     0     0     0     0     0     0     0     0     0     0     0
     0     0     0     0     0     0     0     0     0     0     0     0
     0     0     0     0     0     0     0     0     0     0     0     0
     0     0     0     0     0     0     0     0     0     0     0     0
     0     0     0     0     0     0     0     0     0     0     0     0
     0     0     0     0     0     0     0     0     0     0     0     0
     0     0     0     0     0     0     0     0     0     0     0     0
     0     0     0     0     0     0     0     0     0     0     0     0
     0     0     0     0     0     0     0     0     0     0     0     0
    18
     0     0     0     0     0     0     0     0     0     0     0     0
     0     0     0     0     0     0     0     0     0     0     0     0
     0     0     0     0     0     0     0     0     0     0     0     0
     0     0     0     0     0     0     0     0     0     0     0     0
     0     0     0     0     0     0     0     0     0     0     0     0
     0     0     0     0     0     0     0     0     0     0     0     0
     0     0     0     0     0     0     0     0     0     0     0     0
     0     0     0     0     0     0     0     0     0     0     0     0
     0     0     0     0     0     0     0     0     0     0     0     0
     0     0     0     0     0     0     0     0     0     0     0     0
     0     0     0     0     0     0     0     0     0     0     0     0
     0     0     0     0     0     0     0     0     0     0     0     0
     0     0     0     0     0     0     0     0     0     0     0     0
     0     0     0     0     0     0     0     0     0     0     0     0
     0     0     0     0     0     0     0     0     0     0     0     0
     0     0     0     0     0     0     0     0     0     0     0     0
     0     0     0     0     0     0     0     0     0     0     0     0
     0     0     0     0     0     0     0     0     0     0     0     0
     0     0     0     0     0     0     0     0     0     0     0     0
     0     0     0     0     0     0     0     0     0     0     0     0
     0     0     0     0     0     0     0     0     0     0     0     0
     0     0     0     0     0     0     0     0     0     0     0     0
     0     0     0     0     0     0     0     0     0     0     0     0
     0     0     0     0     0     0     0     0     0     0     0     0
     0     0     0     0     0     0     0     0     0     0     0     0
     0     0     0     0     0     0     0     0     0     0     0     0
     0     0     0     0     0     0     0     0     0     0     0     0
     0     0     0     0     0     0     0     0     0     0     0     0
     0     0     0     0     0     0     0     0     0     0     0     0
     0     0     0     0     0     0     0     0     0     0     0     0
     0     0     0     0     0     0     0     0     0     0     0     0
     0     0     0     0     0     0     0     0     0     0     0     0
     0     0     0     0     0     0     0     0     0     0     0     0
     0     0     0     0     0     0     0     0     0     0     0     0
     0     0     0     0     0     0     0     0     0     0     0     0
     0     0     0     0     0     0     0     0     0     0     0     0
    19
     0     0     0     0     0     0     0     0     0     0     0     0
     0     0     0     0     0     0     0     0     0     0     0     0
     0     0     0     0     0     0     0     0     0     0     0     0
     0     0     0     0     0     0     0     0     0     0     0     0
     0     0     0     0     0     0     0     0     0     0     0     0
     0     0     0     0     0     0     0     0     0     0     0     0
     0     0     0     0     0     0     0     0     0     0     0     0
     0     0     0     0     0     0     0     0     0     0     0     0
     0     0     0     0     0     0     0     0     0     0     0     0
     0     0     0     0     0     0     0     0     0     0     0     0
     0     0     0     0     0     0     0     0     0     0     0     0
     0     0     0     0     0     0     0     0     0     0     0     0
     0     0     0     0     0     0     0     0     0     0     0     0
     0     0     0     0     0     0     0     0     0     0     0     0
     0     0     0     0     0     0     0     0     0     0     0     0
     0     0     0     0     0     0     0     0     0     0     0     0
     0     0     0     0     0     0     0     0     0     0     0     0
     0     0     0     0     0     0     0     0     0     0     0     0
     0     0     0     0     0     0     0     0     0     0     0     0
     0     0     0     0     0     0     0     0     0     0     0     0
     0     0     0     0     0     0     0     0     0     0     0     0
     0     0     0     0     0     0     0     0     0     0     0     0
     0     0     0     0     0     0     0     0     0     0     0     0
     0     0     0     0     0     0     0     0     0     0     0     0
     0     0     0     0     0     0     0     0     0     0     0     0
     0     0     0     0     0     0     0     0     0     0     0     0
     0     0     0     0     0     0     0     0     0     0     0     0
     0     0     0     0     0     0     0     0     0     0     0     0
     0     0     0     0     0     0     0     0     0     0     0     0
     0     0     0     0     0     0     0     0     0     0     0     0
     0     0     0     0     0     0     0     0     0     0     0     0
     0     0     0     0     0     0     0     0     0     0     0     0
     0     0     0     0     0     0     0     0     0     0     0     0
     0     0     0     0     0     0     0     0     0     0     0     0
     0     0     0     0     0     0     0     0     0     0     0     0
     0     0     0     0     0     0     0     0     0     0     0     0
    20
     0     0     0     0     0     0     0     0     0     0     0     0
     0     0     0     0     0     0     0     0     0     0     0     0
     0     0     0     0     0     0     0     0     0     0     0     0
     0     0     0     0     0     0     0     0     0     0     0     0
     0     0     0     0     0     0     0     0     0     0     0     0
     0     0     0     0     0     0     0     0     0     0     0     0
     0     0     0     0     0     0     0     0     0     0     0     0
     0     0     0     0     0     0     0     0     0     0     0     0
     0     0     0     0     0     0     0     0     0     0     0     0
     0     0     0     0     0     0     0     0     0     0     0     0
     0     0     0     0     0     0     0     0     0     0     0     0
     0     0     0     0     0     0     0     0     0     0     0     0
     0     0     0     0     0     0     0     0     0     0     0     0
     0     0     0     0     0     0     0     0     0     0     0     0
     0     0     0     0     0     0     0     0     0     0     0     0
     0     0     0     0     0     0     0     0     0     0     0     0
     0     0     0     0     0     0     0     0     0     0     0     0
     0     0     0     0     0     0     0     0     0     0     0     0
     0     0     0     0     0     0     0     0     0     0     0     0
     0     0     0     0     0     0     0     0     0     0     0     0
     0     0     0     0     0     0     0     0     0     0     0     0
     0     0     0     0     0     0     0     0     0     0     0     0
     0     0     1     0     0     0     0     0     0     0     0     0
     0     0     0     0     0     0     0     0     0     0     0     0
     0     0     0     0     0     0     0     0     0     0     0     0
     0     0     0     0     0     0     0     0     0     0     0     0
     0     0     0     0     0     0     0     0     0     0     0     0
     0     0     0     0     0     0     0     0     0     0     0     0
     0     0     0     0     0     0     0     0     0     0     0     0
     0     0     0     0     0     0     0     0     0     0     0     0
     0     0     0     0     0     0     0     0     0     0     0     0
     0     0     0     0     0     0     0     0     0     0     0     0
     0     0     0     0     0     0     0     0     0     0     0     0
     0     0     0     0     0     0     0     0     0     0     0     0
     0     0     0     0     0     0     0     0     0     0     0     0
     0     0     0     0     0     0     0     0     0     0     0     0
