16
Lufkin, TX 93987
     0
       5.000       7.800      13.800      18.200      22.200      25.600
      27.200      27.200      24.300      19.300      12.800       7.100
      10.600      13.300      18.800      22.700      25.600      28.800
      30.600      30.600      27.700      23.200      17.700      12.100
      16.700      18.200      22.200      25.600      28.800      31.700
      32.700      33.200      31.100      26.700      22.200      17.700
      46.000      44.000      40.000      45.000      52.000      54.000
      52.000      47.000      48.000      44.000      49.000      48.000
      66.000      63.000      59.000      62.000      65.000      65.000
      63.000      59.000      61.000      59.000      67.000      68.000
      86.000      83.000      79.000      79.000      82.000      82.000
      79.000      76.000      77.000      78.000      84.000      86.000
       2.400       2.400       2.400       2.400       2.000       2.000
       2.000       2.000       2.000       2.000       2.000       2.400
       3.100       3.100       3.100       3.100       3.100       2.700
       2.400       2.400       2.700       2.700       3.100       3.100
       4.000       4.000       4.400       4.000       4.000       3.100
       3.100       3.100       3.500       4.000       4.000       4.000
     350.000     350.000     170.000     150.000     150.000     170.000
     190.000     180.000      80.000     130.000     140.000     360.000
     1
      10.674      13.125      17.802      21.822      25.295      28.256
      29.880      30.225      27.449      22.964      17.207      12.123
      65.115      62.762      59.631      62.021      66.394      67.352
      65.093      61.817      62.721      60.746      65.339      66.425
     2
     9     7    10    10    13     8    16     8    13    12     7    10
    14    11    11     9     8    18    13    18    23    14    15    17
     9     6     8     8    11    18     9    20    29    13     4    19
    13     7     8    14    15     9    16    23    21    16    16    13
    20    12    22    20    30    42    22    53    50    43    29    26
     6     9    10     7    14    29    29    39    45    21    13    10
    19    11     9    14    28    33    39    39    51    16    19    22
    14    16     7     6    21    40    32    31    24    19    10    22
    42    24    17    33    43    82    58    49    74    32    51    38
     7    11    11    10    17    37    27    35    29    19    15    11
    24    13    16    22    46    62    56    64    42    29    37    32
    20    19    32    26    34    52    68    64    58    37    32    29
    21    12    15    18    35    42    50    39    38    27    19    17
    47    23    41    46    64   107    99    87    61    71    58    40
    18    13    16    18    37    32    60    63    35    10    19    19
    42    13    30    26    28    62    64    53    37    34    16    29
    17    17    14    16    22    37    47    47    22    20    17    13
    31    33    46    30    75   102   113   102    46    50    42    45
    25    15    11     9    17    23    46    38     9     9    10    11
    13    22    20    19    34    32    48    38    20    14     9    14
     6     5     6     3    11    21    26    18    11     5     8     6
    11     2     9    11    10    14    22    31    13     7    10     8
    19    31    15    28    27    57   104    56    23    28    27    24
     9     7     2     6    16    18    31    18    16    10    10    10
    14    16     9    14    15    25    29    19    10     9    11    17
     7     5     3     3     6     4    18    22    10     7     7     4
     9     7    12    11    17    13    24    31    14    13    13    10
     7     8     3     8     6     8    17    19     6     4     6     7
     9     4     5    11     8     9    19    19     8     8    11     8
    15     7     7     7    15    11    14    15     9    10    13    12
     8     6     8     4    11     9     9    17    10    10    12     8
    16     9    13     9    20    18    24    13    17    17    19    24
    15     8    11     8     8    17    16    16    12     8    11    13
    22     9    11    13    15    17    14    18    30    15    20    17
    16    11    10     5     8     6    15    16    11    24    20    18
    31    11    19    16    17    32    27    21    24    15    34    25
     3
    60    29    32    29    35    36    24    37    76    52    45    40
    61    37    37    45    30    41    26    55    99    84    61    68
    40    52    34    40    47    52    32    70   107    64    48    62
    55    34    41    45    64    63    39    72   103    76    55    57
    66    67    85    68   109   101    67   127   177   116    85    96
    49    58    50    52    88    71    71    98   134    66    42    72
    73    65    54    58    99   126    76   130   159   106    77    74
    60    40    44    56    63    73    72   125   118    79    57    46
    70    74    68    90   120   143   110   153   157    89    93    84
    40    38    50    54    99    75    86    81    82    81    38    55
    72    52    41    97   121   125   107   123   121    97    85    62
    90    69    76    97   143   140   133   136   145   143   110    90
    61    57    67    94   128   127   126   116   123   123   101    78
    95    86    99   134   202   225   177   156   152   181   124   103
    66    62    84   103   164   188   131   157   104    97    84   103
    87    90   117   150   194   173   153   164   109   114    84    86
    66    54    91    96   120   169   162   146   101    74    79    68
   100    81   155   182   272   354   284   256   152   174   106   111
    51    33    48    69    87   122   168   143    70    52    44    42
    51    56    58    74    95   128   190   129    75    44    46    44
    34    29    36    41    34    63   126    92    43    32    24    37
    30    32    29    29    42    58   119   127    40    35    27    24
    52    71    79    70   109   147   319   216    64    62    54    55
    39    34    35    31    51    73   149   119    49    43    29    29
    49    38    34    45    36    66   175   107    30    31    29    28
    26    18    20    29    33    37    69    66    21    14    21    19
    35    33    32    31    39    51   102    96    32    27    36    25
    29    16    19    31    23    33    60    57    32    21    24    27
    38    42    52    30    48    41    50    54    26    38    34    40
    42    33    34    37    40    43    42    44    30    34    52    40
    52    25    33    34    39    36    32    34    32    27    40    47
    66    54    47    53    47    36    28    36    46    58    64    63
    74    53    30    36    40    36    43    43    44    63    60    59
    91    71    52    49    40    52    36    41    66    51    62    60
    63    68    46    32    58    46    34    54    47    55    44    66
   103    74    70    54    69    56    51    74   108    77   104    85
     4
    32    25    24    15    16    17     8    12    36    32    35    27
    32    27    35    27    34    24    10    23    45    39    30    35
    23    27    25    28    25    23    10    28    41    39    20    26
    31    29    43    31    32    25    20    29    42    39    23    36
    32    42    35    43    56    36    34    49    64    56    38    55
    31    29    35    31    39    26    27    35    56    42    20    28
    40    32    27    55    38    37    35    54    65    43    21    37
    16    45    24    42    41    29    28    31    59    30    36    27
    26    32    24    50    54    41    30    36    54    36    32    22
    22    28    21    28    35    36    16    30    33    18    17    15
    26    25    29    37    43    45    25    20    23    38    19    32
    38    25    41    44    58    49    26    38    56    76    39    40
    35    26    24    53    75    45    42    34    49    51    50    35
    37    39    55    72    82    71    47    45    53    89    70    40
    40    42    63    79    88    93    50    36    54    49    48    43
    55    38    94   107   141   106    78    70    52    73    71    46
    41    30    81    98   117   114    56    56    47    55    52    52
    46    34   117   133   150   131   104    77    62    77    55    62
    23    21    48    51    48    76    71    55    45    42    22    20
    19    23    39    41    67    61    75    53    33    27    28    31
    19    15    24    15    20    32    57    48    25    13    16    21
    23    19    21    23    34    40    70    51    18    18    16    25
    28    44    41    39    43    67   118    64    31    22    19    38
    17    21    20    16    13    23    82    56    18     9    15    21
    21    33    13    26    14    35    72    31    10     7    12    24
     6    22     9     5    13    21    35    28     9     5     7     8
    12    28    25    12    15    18    29    26     8    14    13     6
    18    11     6     9     9    13    12    32     4     6    11    25
    26    13    25    16    20    10    21    24     7     7    19    19
    23    17    27    14    19    10    12    14    14    17    27    24
    30    29    22    19    11    11    11     8     6    15    20    18
    43    50    35    31    22    20    16    12    20    21    34    34
    47    40    34    24    20    16    17    14    15    37    30    47
    64    48    46    22    21    13    11    11    24    47    48    53
    43    42    36    34    14    14     9    12    31    38    35    31
    71    54    59    32    29    27    11    24    58    43    63    67
     5
    37    33    29    31    18    17     6    12    52    50    26    41
    62    46    50    38    19    17     7    40    67    67    54    69
    51    33    27    19    26    16    14    20    43    46    27    41
    47    51    38    48    29    24    14    27    57    40    31    30
    38    66    54    53    47    18    23    42    96    46    42    45
    30    40    32    52    29    24    22    37    63    33    25    29
    33    55    42    45    30    32    23    50    71    34    36    32
    14    43    38    47    42    18    28    35    34    29    19    24
    31    33    22    29    47    26    30    43    44    29    22    31
    19    21    27    37    26    18    26    18    32    17    13    16
    29    34    33    42    43    22    22    24    16    23    17    22
    36    31    44    91    72    40    26    27    56    50    41    49
    37    40    51    91    87    42    24    22    33    56    42    48
    51    44    85    92   129    58    38    36    44    57    62    54
    55    60   117   125   149    94    39    54    36    53    61    57
    50    93   176   173   194    99    50    43    34    79   107    71
    74    83   189   176   196   113    52    57    42    48    99    64
    62    82   234   290   261   141    74    64    55    75   105   105
    37    46    67   101    79    81    44    49    31    38    49    61
    36    62    71    84    55    55    50    41    30    18    40    45
    31    27    40    47    25    34    43    48    19    13    25    30
    43    34    42    30    27    35    49    27    19    15    24    31
    55    78    64    61    49    41    79    59    23    25    27    44
    25    30    44    28     9    26    46    34    11    11    12    29
    30    37    31    22    13    23    53    34    17    10    25    21
    11    23    22    16     7     7    21     9     5     9    16    14
    31    35    42    24    22    14    17    24     5     8    19    34
    20    27    29    26    17     5    17     6     4    17    21    23
    37    42    59    36    22     5     7    12     5    19    30    26
    37    47    59    39    18     6     8     7     8     7    47    42
    58    73    64    49    36     5     2     3     8    20    53    52
    84    89   102    88    28    13     8    17    18    27    65    90
    71    88    70    57    30    17     8    12    19    49    64    85
   124   108   101    69    31    18    15    20    48    79    75   129
    82    78    70    59    35    18    10    21    50    56    43    97
    99    98    87    65    48    25    11    29    94    96    93   149
     6
     6     2     6     5     3     0     0     3     9    11     5     8
    13     9     8     9     7     2     0     5    12    17    12    11
     8     3     4     6     3     1     2     6     6    10     7     4
     7     3    10     8     4     9     4     4     9     2     6     3
     7     8     7    12     4     4     2     2     7     4     8     5
     3     4     7     3     3     4     2     8     4     1     7     3
     3    11     4    11     2     4     2     7    17     4     3     2
     1     0     6     2     4     2     1     3     3     1     2     3
     2     1     2     4     7     1     3     9     9     0     3     2
     3     2     3     4     1     1     2     3     0     1     3     3
     4     4     8    12     6     2     2     3     2     5     1     2
    10     9    13    20    11     5     4     6     6     9     7     7
     5     7    16    18    17    12     2     7     5     7     7     8
     7    15    27    25    21    10     4     8     7     9    11     8
    12    18    47    23    28    18     2     2     7    14     7    17
    14    24    52    40    30    14     1     3     8     6    22    12
    13    24    48    46    36     6     2     5     5    14    23    17
    18    38    37    61    38     8     4     5     9    10    28    25
    17    23    23    31    13     7     6     3     1     5    19    17
     9    10    12    19     8     5     4     4     3     5     8    13
     5     8    16    11     5     5     0     3     1     1     9     7
     9     8    17     9     3     0     7     2     1     2     2     8
    11     9     9    10     5     4     7     2     1     2     5    10
     1     2     9     3     0     1     2     1     1     0     5     3
     8     8    14     4     2     2     2     0     0     0     4     8
     2    12    12     4     3     2     0     0     0     0     7     3
     5    11    18    14    12     2     0     2     0     1     6     4
     7    16    17    13     6     4     2     1     1     1     7     5
    19    25    21    17     3     0     0     0     2     0     5     8
    17    15    26    13     1     1     0     0     3     1    20    13
    15    28    41    23     3     1     0     2     1     6    17    14
    33    39    52    33     5     0     2     2     1     4    24    31
    17    37    19    17    11     1     0     0     5    11    20    22
    46    33    40    21     5     4     1     2    10    14    23    30
    21    18     9    12     7     1     1     1     7    17     5    15
    27    13    18    15    14     2     4     5    10    18    23    22
     7
     0     0     0     0     0     0     0     1     0     0     2     0
     5     2     1     0     1     1     0     0     1     0     1     1
     0     0     1     0     0     0     0     0     0     0     0     0
     0     0     1     0     1     0     0     0     0     0     0     1
     1     0     0     1     0     0     0     1     0     0     0     0
     0     2     0     0     0     0     1     2     2     0     0     0
     0     0     0     1     0     0     1     1     2     0     0     0
     0     0     0     0     0     0     0     1     0     0     0     0
     0     0     0     1     0     0     0     0     0     0     0     0
     0     0     0     0     0     0     0     0     0     0     0     0
     0     1     0     0     0     0     0     0     0     0     1     0
     0     0     1     0     0     2     0     0     0     0     1     0
     0     1     1     1     0     0     1     0     0     0     2     0
     0     1     2     2     4     0     0     0     0     2     0     1
     0     2     1     0     4     1     1     0     0     0     0     2
     0     2     5     1     1     1     0     0     1     0     0     1
     1     0     7     3     3     0     0     0     0     1     2     4
     0     3     3     3     1     0     1     0     1     1     2     1
     4     0     2     1     0     2     1     1     0     2     2     3
     0     1     0     3     0     0     1     1     0     0     1     2
     3     0     0     0     0     0     0     0     1     1     0     0
     0     0     0     1     0     0     0     0     0     0     0     1
     1     0     0     0     0     1     0     0     0     0     0     0
     1     2     2     0     0     0     0     2     0     0     0     1
     1     2     0     1     0     0     0     0     0     0     0     1
     0     2     1     0     0     0     0     0     0     0     1     0
     0     1     4     2     1     0     0     0     0     2     0     0
     2     3     2     0     0     0     0     0     0     0     0     0
     1     3     3     2     0     0     0     0     0     1     4     2
     1     1     9     2     0     0     0     0     1     0     0     0
     2     1     3     2     1     0     0     0     0     0     3     0
     3     4     5     5     0     0     0     0     0     1     1     0
     1     1     2     0     0     0     0     0     1     1     2     1
     3     3     1     0     0     1     0     0     0     0     1     2
     3     1     2     0     1     0     1     0     0     0     0     2
     5     0     2     0     1     0     0     0     0     0     2     2
     8
     0     0     0     0     0     0     0     1     0     2     0     0
     3     1     0     0     0     0     0     0     1     0     0     0
     0     0     0     0     0     1     1     0     0     0     0     0
     0     0     0     0     0     1     1     0     0     0     0     0
     0     0     0     0     0     1     0     0     1     0     0     0
     0     0     0     0     0     0     0     0     0     0     0     0
     0     0     0     0     0     0     0     0     2     0     0     0
     0     0     1     0     1     1     1     0     1     0     0     0
     0     0     0     2     0     0     0     0     0     0     0     0
     0     0     0     0     0     0     0     0     0     0     0     0
     0     0     0     0     1     1     0     0     1     0     0     0
     0     1     1     0     2     0     0     0     0     0     0     0
     0     1     0     1     0     0     0     0     0     0     1     0
     0     0     1     2     0     1     2     1     0     0     0     0
     1     1     1     0     1     1     0     0     0     0     2     1
     0     0     1     2     0     0     0     0     0     1     0     1
     1     1     4     2     0     0     0     0     0     0     1     0
     1     1     0     5     1     0     1     1     0     0     0     2
     1     0     0     1     0     0     0     0     0     0     0     1
     1     0     1     0     0     0     0     0     0     0     0     0
     0     1     0     0     0     0     0     0     0     0     1     0
     3     0     1     1     0     0     0     0     0     0     1     0
     0     1     1     0     0     0     0     0     0     0     0     1
     0     2     2     0     0     0     1     0     0     0     0     0
     0     1     1     0     0     0     0     0     0     0     0     0
     2     3     1     0     0     0     0     0     0     0     0     0
     0     4     2     1     0     0     0     0     0     0     0     0
     0     3     2     2     1     0     0     0     1     0     0     1
     2     0     4     3     0     0     0     0     0     0     0     1
     2     3     3     3     0     0     0     0     0     1     0     0
     3     4     6     0     0     0     0     0     0     0     1     2
     2     2     5     7     0     0     0     0     0     0     1     1
     0     1     0     1     0     0     0     0     2     1     2     3
     6     1     2     1     0     0     0     0     0     1     2     2
     1     0     1     0     1     1     0     0     1     3     0     0
     1     1     0     0     2     1     0     0     0     1     0     1
     9
     0     0     0     0     0     0     0     0     0     0     0     0
     1     0     0     0     0     0     0     0     0     0     0     0
     0     0     0     0     0     0     0     0     0     0     0     0
     0     0     0     1     0     0     0     0     0     0     0     0
     0     0     0     0     0     0     0     0     0     0     0     0
     0     0     0     0     0     0     0     0     0     0     0     0
     0     0     0     0     0     0     0     0     0     0     0     0
     0     0     0     1     0     0     0     1     0     0     0     0
     0     0     0     0     0     0     0     0     0     0     0     0
     0     0     0     0     0     0     0     0     0     0     0     0
     0     0     0     0     0     0     0     0     0     0     0     0
     0     0     0     0     0     0     0     0     0     0     0     0
     0     0     0     1     0     0     0     0     0     0     0     0
     0     0     0     0     0     0     0     0     0     0     0     0
     0     0     0     0     0     0     0     0     0     0     0     0
     0     0     1     0     0     0     0     0     0     0     0     0
     0     0     1     0     0     0     0     0     0     0     0     0
     0     0     0     0     0     0     0     0     0     0     0     0
     0     0     0     0     0     0     0     0     0     0     0     0
     0     0     0     0     0     0     0     0     0     0     0     0
     0     0     0     0     0     0     0     0     0     0     0     1
     0     0     0     0     0     0     0     0     0     0     0     0
     0     0     0     0     0     0     0     0     0     0     0     0
     0     0     0     0     0     0     0     0     0     0     0     0
     0     0     1     0     0     0     0     0     0     0     0     0
     0     0     0     0     0     0     0     0     0     0     0     0
     0     0     1     0     0     0     0     0     0     0     0     0
     0     0     0     0     0     0     0     0     0     0     0     0
     0     0     1     0     0     0     0     0     0     0     0     0
     0     0     1     0     0     0     0     0     0     0     0     0
     0     0     0     0     0     0     0     0     0     0     0     0
     0     0     1     0     0     0     0     0     0     0     0     0
     0     0     0     0     0     0     0     0     0     0     0     0
     0     0     0     0     0     0     0     0     0     0     0     0
     0     0     0     0     0     0     0     0     0     0     0     0
     0     0     0     0     0     0     0     0     0     0     0     0
    10
     0     0     0     0     0     0     0     0     0     0     0     0
     0     0     0     0     0     0     0     0     0     0     0     0
     0     0     0     0     0     0     0     0     0     0     0     0
     0     0     0     0     0     0     0     0     0     0     0     0
     0     0     0     0     0     0     0     0     0     0     0     0
     0     0     0     0     0     0     0     0     0     0     0     0
     0     0     0     0     0     0     0     0     0     0     0     0
     0     0     0     0     0     0     0     0     0     0     0     0
     0     0     0     0     0     0     0     0     0     0     0     0
     0     0     0     0     0     0     0     0     0     0     0     0
     0     0     0     0     0     0     0     0     0     0     0     0
     0     0     0     0     0     0     0     0     0     0     0     0
     0     0     0     0     0     0     0     0     0     0     0     0
     0     0     0     0     0     0     0     0     0     0     0     0
     0     0     0     0     0     0     0     0     0     0     0     0
     0     0     0     0     0     0     0     0     0     0     0     0
     0     0     0     0     0     0     0     0     0     0     0     0
     0     0     1     0     0     0     0     0     0     0     0     0
     0     0     0     0     0     0     0     0     0     0     0     0
     0     0     0     0     0     0     0     0     0     0     0     0
     0     0     0     0     0     0     0     0     0     0     0     0
     0     0     0     0     0     0     0     0     0     0     0     0
     0     0     0     0     0     0     0     0     0     0     0     0
     0     1     0     0     0     0     0     0     0     0     1     0
     0     0     0     0     0     0     0     0     0     0     0     0
     0     0     0     0     0     0     0     0     0     0     0     0
     0     0     0     0     0     0     0     0     0     0     0     0
     0     0     0     0     0     0     0     0     0     0     0     0
     0     0     0     0     0     0     0     0     0     0     0     0
     0     0     0     0     0     0     0     0     0     0     0     0
     0     0     0     0     0     0     0     0     0     0     0     0
     0     0     0     0     0     0     0     0     0     0     0     0
     0     0     0     0     0     0     0     0     0     0     0     0
     0     0     0     0     0     0     0     0     0     0     0     0
     0     0     0     0     0     0     0     0     0     0     0     0
     0     0     0     0     0     0     0     0     0     0     0     0
    11
     0     0     0     0     0     0     0     0     0     0     0     0
     0     1     0     0     0     0     0     0     0     0     0     0
     0     0     0     0     0     0     0     0     0     0     0     0
     0     0     0     0     0     0     0     0     0     0     0     0
     0     0     0     0     0     0     0     0     0     0     0     0
     0     0     0     0     0     0     0     0     0     0     0     0
     0     0     0     0     0     0     0     0     0     0     0     0
     0     0     0     0     0     0     0     0     0     0     0     0
     0     0     0     0     0     0     0     0     0     0     0     0
     0     0     0     0     0     0     0     0     0     0     0     0
     0     0     0     0     0     0     0     0     0     0     0     0
     0     0     0     0     0     0     0     0     0     0     0     0
     0     0     0     0     0     0     0     1     0     0     0     0
     0     0     0     0     0     0     0     0     0     0     0     0
     0     0     0     0     0     0     0     0     0     0     0     0
     0     0     0     0     0     0     0     0     0     0     0     0
     0     0     0     0     0     0     0     0     0     0     0     0
     0     0     0     0     0     0     0     0     0     0     0     0
     0     0     0     0     0     0     0     0     0     0     0     0
     0     0     0     0     0     0     0     0     0     0     0     0
     0     0     0     0     0     0     0     0     0     0     0     0
     0     0     0     0     0     0     0     0     0     0     0     0
     0     0     0     0     0     0     0     0     0     0     0     0
     0     1     0     0     0     0     0     0     0     0     0     0
     0     0     0     0     0     0     0     0     0     0     0     0
     0     1     0     0     0     0     0     0     0     0     0     0
     0     0     0     1     0     0     0     1     0     0     0     0
     0     0     0     0     0     0     0     0     0     0     0     0
     1     0     0     2     0     0     0     0     0     0     0     0
     0     0     0     0     0     0     0     0     0     0     0     0
     0     0     0     0     0     0     0     0     0     0     0     0
     0     0     0     1     0     0     0     0     0     0     0     0
     0     0     0     0     0     0     0     0     0     0     0     0
     0     0     0     0     0     0     0     0     0     0     0     0
     0     0     0     0     0     0     0     0     0     0     0     0
     0     0     0     0     0     0     0     0     0     0     0     0
    12
     0     0     0     0     0     0     0     0     0     0     0     0
     0     1     0     0     0     0     0     0     0     0     0     0
     0     0     0     0     0     0     0     0     0     0     0     0
     0     0     0     0     0     0     0     0     0     0     0     0
     0     0     0     0     0     0     0     0     0     0     0     0
     0     0     0     0     0     0     0     0     0     0     0     0
     0     0     0     0     0     0     0     0     0     0     0     0
     0     0     0     0     0     0     0     0     0     0     0     0
     0     0     0     0     0     0     0     0     0     0     0     0
     0     0     0     0     0     0     0     0     0     0     0     0
     0     0     0     0     0     0     0     0     0     0     0     0
     0     0     0     0     0     0     0     0     0     0     0     0
     0     0     0     0     0     0     0     0     0     0     0     0
     0     0     0     0     0     0     0     0     0     0     0     0
     0     0     0     0     0     0     0     0     0     0     0     0
     0     0     0     0     0     0     0     0     0     0     0     0
     0     0     0     0     0     0     0     0     0     0     0     0
     0     0     0     0     0     0     0     0     0     0     0     0
     0     0     0     0     0     0     0     0     0     0     0     0
     0     0     0     0     0     0     0     0     0     0     0     0
     0     0     0     0     0     0     0     0     0     0     0     0
     0     0     0     0     0     0     0     0     0     0     0     0
     0     0     0     0     0     0     0     0     0     0     0     0
     0     0     0     0     0     0     0     0     0     0     0     0
     0     0     0     0     0     0     0     0     0     0     0     0
     0     0     0     0     0     0     0     0     0     0     0     0
     0     0     0     0     0     0     0     0     0     0     0     0
     0     0     0     0     0     0     0     0     0     0     0     0
     0     0     0     0     0     0     0     0     0     0     0     0
     0     0     0     0     0     0     0     0     0     0     0     0
     0     0     0     0     0     0     0     0     0     0     0     0
     0     0     0     0     0     0     0     0     0     0     0     0
     0     0     0     0     0     0     1     0     0     0     0     0
     0     0     0     0     0     0     0     0     0     0     0     0
     0     0     0     0     0     0     0     0     0     0     0     0
     0     0     0     0     0     0     0     0     0     0     0     0
