17
Glasgow, MT 94008
     0
     -16.800     -12.200      -3.300       3.900      10.000      15.600
      19.300      18.800      11.100       5.000      -4.500     -14.400
      -7.900      -4.500       1.700       9.300      14.300      20.000
      23.800      23.200      16.100      10.000       1.100      -6.700
      -1.200       1.700       6.000      14.300      19.300      24.300
      28.200      28.200      21.700      15.000       6.000      -1.200
      62.000      63.000      49.000      29.000      32.000      31.000
      27.000      26.000      30.000      35.000      51.000      63.000
      73.000      73.000      67.000      45.000      48.000      46.000
      40.000      37.000      44.000      50.000      66.000      73.000
      81.000      81.000      79.000      67.000      70.000      65.000
      58.000      54.000      64.000      68.000      78.000      81.000
       2.000       2.400       2.700       2.700       2.700       2.400
       2.400       2.700       2.700       2.400       2.400       2.400
       3.100       3.100       4.000       4.400       4.400       4.000
       3.500       4.000       4.000       4.000       3.100       3.100
       5.200       5.200       5.500       5.900       5.900       5.200
       5.200       5.200       5.500       5.200       4.800       5.200
     310.000     310.000     310.000     300.000     120.000     300.000
     300.000     310.000     300.000     300.000     300.000     310.000
     1
      -9.126      -5.736       1.185       9.327      14.733      20.286
      23.831      23.463      16.267      10.106        .231      -8.010
      71.957      71.242      63.714      48.608      51.082      48.981
      44.101      41.472      48.197      52.226      64.530      71.276
     2
    11    10    10     7     7    13    10    15     8     7     9    10
    22    17     4     5    16    11    14    13    13    11    18     9
     5    13    11     8    11    15    16    11    11     8    12    19
    16    11    16     6     8    12    19    10     2     8    13     6
    10    13     9     6     8    15    18    14    10     9     8     6
    16    12    14    12    14    13    17    19    18    16     9    13
     8     9    19    10    13    23    15    13     8     5    12    13
    12     7     7     3     9    11     7     4     4     4     8    14
    26    27    17    17    22    20    21    22    25    13    19    19
    14    20    13     7     6    10    14     5     8     3    13    15
    24    15    17    13    13    26    15    18    17    16    15    13
    38    18    24    17     8    26    25    20    18    20    31    36
    23    17    11    17    12    18    19    13     8    13    14    32
    28    26    22    33    28    33    24    15    25    24    20    32
    26    12    22    11    19    23    20    17    21    18    18    23
    18    20    16    26    20    35    20    19    13    24    20    15
    14     8    11     8    18    22    24    17    12    17    12    22
    25    22    19    36    25    31    38    41    34    31    30    38
    20    10    12    15    16    19    12    12    16    14    22    17
     9     9     8     8    15    17    18    18    22    24    20    14
    14    10    11    15    14    26    20    19    13    21    24    15
    17     5     8    12    15    13    11    18    18    18    18    12
    22    26    21    24    18    17    26    27    26    26    26    26
    30    29    24    25    34    33    30    27    27    32    25    27
    41    28    30    24    28    35    36    39    32    31    40    28
    27    25    15    19    19    23    21    18    17    25    29    28
    37    41    33    28    24    40    59    47    45    41    52    44
    27    22    22    10    27    21    24    16    16    25    21    18
    28    25    24    20    18    28    41    37    33    23    33    30
    41    40    20    20    22    37    28    28    15    28    29    39
    30    28    21    18    13    29    22    29    18    18    22    30
    34    34    23    17    18    27    26    31    27    29    30    42
    32    24    19    13    18    42    35    24    16    14    30    31
    41    33    17    15    22    30    28    32    16    13    24    35
    31    19    19    15    21    25    18    17    19    21    19    14
    24    25    16    23    16    40    35    27    12    18    24    25
     3
    22    16    21    26    30    36    39    39    18    19    16    15
    14    30    20    17    43    46    46    38    19    15    12     6
    16    10    27    23    21    38    35    51    17     7    19    18
    13    13    19    15    20    24    38    35     9    14    18     8
    21    22    24    21    44    43    49    38    24     6    17    17
    25    33    22    26    40    48    55    46    13    11    14    28
    14    27    24    20    42    54    53    50    20    11    11    24
    18    16    17    16    30    35    39    34    14    11    17    30
    51    59    52    36    59    75    81    68    48    28    42    53
    50    42    46    15    36    46    62    33    12    15    25    46
   102    87    75    52    68   101    99    75    52    53    87    81
   130   129   106    60    88   137   119   125    72    95   110   121
    77    73    80    49    53    85    84    60    45    74    67    70
    73    76    64    78    64   115   110    91    75    66    82    65
    30    43    54    47    56    60    74    68    59    57    55    38
    24    38    44    48    57    76    77    74    55    44    46    36
    26    18    28    34    41    47    49    47    32    43    30    22
    19    28    39    56    81    87    81   109    87    59    60    37
     8    20    16    34    44    33    49    43    49    30    29    19
    11    12    24    29    36    36    38    36    30    27    31    20
    11     9    30    36    33    32    45    46    36    34    31    14
     6    17    15    30    22    40    22    36    36    40    25    13
    26    29    30    35    41    66    54    56    59    54    42    30
    27    35    39    80    58    64    69    48    53    55    38    35
    45    46    44    56    47    61    68    71    66    76    67    37
    35    35    41    31    35    56    61    45    35    37    46    27
   104    87    81    86    92   118   127    94    78    97    71    79
    38    55    38    44    43    73    60    48    44    65    59    35
    82    69    50    48    70    75   114    95    90    87    84    71
    63    70    58    71    91   104   113   108    86    88    83    86
    66    64    50    55    63    87    93    73    57    75    70    81
    89    88    94    60    83    92   115    93    79    96    74    99
    89    93    72    47    78    87    89    73    51    63    72    78
    65    72    60    52    60    59    92    63    53    49    39    70
    46    47    26    36    57    48    51    34    30    27    36    25
    43    58    48    39    59    58    75    49    32    37    33    37
     4
     2     8     8    13    23    23    21    19    10    13     5     4
     4    10    11    21    20    20    22    13    21     6     5     2
     3     5    10     7    20    15    20    17    12    13     7     5
     8     5    13    15    16    14    22    14    16     4     9     8
     9    15    11    20    23    40    16    21    12     8     5    10
     6    15    16    19    39    13    32    32    17     8     7     8
    10    11    17    21    34    35    33    30     8     6    10     8
    12    10    15    14    17    20    24    23    16     4    14    11
    29    29    37    33    53    51    66    77    33    13    30    28
    35    26    37    27    31    32    55    40    26    17    32    33
    81   103    81    63    91    95   102   115    69    59    78    82
   105   122   117    61   109   115   116   108    88    86   105   100
    33    51    75    53    71    64    81    60    45    71    71    37
    23    48    46    55    87    83    71    80    65    59    66    36
    10    17    38    38    48    49    55    59    38    47    25    20
     3     9    32    41    44    59    52    31    42    37    30    12
     0     7    23    20    28    30    39    30    31    22    12     5
     4     8    25    40    41    46    59    45    40    18    18     6
     1     6     7    10    16    20    19    21    17    11     8     4
     4     4    13    16    22    19    19    14    18    16    11     4
     2     4     5    14    14    17    14     9     7    13    10     1
     3     6    14     8    15    11    15    11    11    14     4     2
     8     5    15    19    13    29    15    20    27    17    16     5
    10    14    17    18    30    29    24    27    26    32    14     8
    20    13    21    30    23    28    32    26    26    25    13    10
    11    15    16    17    26    29    21    15    14    19    13     8
    43    35    33    38    42    67    63    52    38    51    36    36
    18    18    18    25    42    38    45    20    34    27    30    26
    46    34    47    37    49    78    86    72    47    51    40    45
    35    43    45    49    66    66    83    72    56    62    51    31
    29    50    59    40    62    62    79    67    57    56    42    35
    53    53    72    44    59    76    67    68    65    61    45    46
    62    57    56    33    54    60    83    56    53    48    49    66
    33    49    39    27    48    36    54    42    30    31    35    30
    16    22    18    21    34    26    32    26    24    19    20    19
    14    22    35    23    33    48    29    32    20    19    15    10
     5
     5     7    13    21    29    26    27    33    17     9     8     5
     5     9    27    36    30    30    27    30    25    17     4     3
     4     0    13    16    29    21    33    33    24     7     8     5
     1     4    12    24    22    12    14    23    13     8    11     2
     5     9    17    26    43    23    30    29    15    13     9    10
     2     4    26    26    44    29    27    34    23     9     7     7
     9    13    17    28    43    26    41    39    24     8    10     5
    12     5    11    20    24    16    38    25    12     6    11     8
    28    34    46    56    87    49    90    78    47    21    29    21
    43    30    57    33    53    45    61    52    32    16    33    54
   104    99   144    86   164   135   157   120    95    80   119   124
   134   131   160   120   157   151   182   188   124   134   145   137
    49    63   102    77    86    83   120    91    64    86    73    41
    27    24    68    90   118   144   112   126    77    76    47    24
    10    13    46    71    86    74    84    65    58    62    33    11
     3     9    18    48    73    81    58    59    39    31    22     7
     1     3    18    25    67    45    45    36    28    24     9     3
     3     4    21    36    52    52    63    53    38    37    20     4
     2     4     6    18    26     8    23    12    13    18     2     3
     1     7     6    14    17    14    13    15    18    13    11     3
     0     0    10    12    18    20    14    10     8    14     5     2
     2     5     6     6    12     6     5     5     5    11     1     4
     7     6    13    22    17    19    11    18    21    22    12     4
     6    10    13    22    36    25    25    14    24    24    14     6
    10    20    18    40    25    43    26    28    27    41    18     7
     7    20    12    23    30    25    24    20    17    20    11     9
    47    25    38    69    79    98    96    63    52    72    41    34
    24    28    23    38    33    71    67    40    48    37    26    35
    69    33    48    73    71    98   131    95    62    78    61    60
    50    38    42    59    88   132   122    89   101    81    70    50
    38    39    60    73    86   108    96    94   106   101    61    40
    89    62   110    83   106   104   113    93   101    84    69    71
    50    70    77    72    84    80   106    69    58    77    58    60
    43    50    55    54    51    57    68    73    49    44    38    43
    20    30    35    36    41    41    47    28    34    26    17    25
    18    25    49    50    65    51    57    43    31    25    20    12
     6
     1     5    15    19    27    10    18    10    15     6     6     6
     6     8    16    20    32    16    27    19    19     6     1     4
     3     2     6    14    24    14    17    20    11     1     0     2
     2     2     7    18    22     8    10    18    13     4     1     2
     5     0     8    20    37    15    16    13     7    12     2     3
     2     5     6    17    19    21    13    33     7     4     3     3
     2     1     8    13    30    12    24    21    17     8     3     2
     1     2     8    17    22    21    29     6    13     2     2     7
     4    14    20    39    61    31    54    45    28     7    20    23
    37    26    35    25    42    22    37    39    29     9    22    38
    72    84   104    83   100    75   105   103    78    63    70    94
    92    93   148   102   108   113   123   127   100    77    75    79
    28    28    52    73    77    64    68    74    55    54    39    27
    17    10    48    50    82    71    60    64    46    48    16    12
     5     8    18    68    56    43    43    31    34    30    10     6
     0     2    28    49    53    48    36    49    30    35     2     2
     2     1    10    34    44    29    23    33    19    31     2     2
     0     4     4    27    39    31    14    32    20    16     3     0
     0     0     2    18     4     7     8     8     7     4     3     1
     1     0     2    11     6     4     2     5     5     5     2     0
     0     0     2     7     7     5     3     5     4     4     1     0
     0     0     0     2     2     4     0     3     5     6     3     0
     2     2     5     7    13    14     4    12    13    12     4     1
     2     4    10    19    15    13    12     5    10    14     2     0
     6     5    23    28    17    27    25    24    21    20     5     2
     8     7     8    19    28    13    18    13    10     9     3     4
    11    13    36    57    50    61    46    45    23    50    29    18
    19    10    20    32    39    40    45    31    29    27    23    16
    43    27    55    74    85    88   101    76    63    71    40    39
    47    36    52    67    94   102   109    79    73    70    51    31
    39    38    46    57    71    90    88    92    78    57    41    45
    52    57   100    84    72    75    85    92    88    65    51    72
    33    62    68    68    57    81    67    65    56    53    44    46
    27    42    86    66    59    59    40    49    58    36    37    30
    20    20    28    40    33    24    29    26    29    26    14    14
    16    18    18    58    64    37    23    31    33    11    10    10
     7
     1     1     6     8    11     6     3     3     2     0     1     0
     0     1    11    10     6     4     4     8     1     4     1     1
     0     0     4     7    14     6     1     4     1     2     0     2
     0     1     1     4     7     6     5     7     7     4     1     0
     0     1     3     6    13     9    10     7     7     4     0     1
     2     0     4     9    15    11     8     6     7     3     1     1
     1     1     5    11    10    11     6     3     5     2     1     0
     0     0     2     4    14     8     9     3    11     2     1     2
     4    11    10    17    26    14    18    10    10     0     3    10
    13    13    14    19    15    15    17     9    15     4     6     9
    27    40    47    27    39    31    30    27    43    21    25    36
    31    49    67    48    39    49    58    43    47    14    32    21
     4    12    20    18    20    32    27    27    21    13     6     7
     6     3    14    17    32    19    16    25    11    12     6     0
     3     1    11    25    26    18     9    18     5     7     1     3
     0     1     3    26    24    17    12    12     9     6     3     0
     0     0     4    16    18     9    10     6     6     2     0     0
     0     0     0     5     7    13     2     8     3     2     0     0
     0     0     1     4     1     4     1     1     0     1     0     1
     0     0     3     1     1     0     0     0     0     0     0     0
     0     0     1     1     2     1     1     0     2     0     1     0
     0     0     0     0     2     1     0     0     1     0     0     0
     0     0     1     1     1     4     0     5     2     3     0     0
     2     2     2     7     5     1     4     7     4     2     1     0
     0     0     5     6    11     9     5     6     9    10     0     1
     1     3     3     5    10     9     5     3     7     0     1     0
     3     4    16    23    24    20    14    23    17    19     5    11
     6    14    11    21    20    27    25    20    15    18     4     4
    19     9    30    40    48    39    37    25    31    22    16    21
    26    14    27    32    49    53    35    41    35    47    32    21
    33    20    23    33    32    48    27    28    35    26    32    19
    38    34    48    35    35    37    28    29    42    37    21    35
    12    21    24    30    26    29    27    27    38    25    20    22
    14    20    29    42    32    18    22    24    25    29    16    15
    13     7    13    22    25    10    14     8    18    19     4     5
     4     3    11    17    20    10     8     6     7     7     4     7
     8
     1     3     4     9     5     4     2     7     1     6     1     2
     1     1     5     7    14     7     4     8     3     4     0     1
     0     0     8     3     5     6     0     3     3     2     1     0
     0     0     0     6     6     5     3     1     6     2     1     2
     2     1     3     7    10    13     9    10    12     3     0     3
     1     1     1     3     9    16     5     3     1     0     1     0
     0     0     3     6    15     9     7     8     8     0     0     0
     8     1     8     9     8    14     3     2     7     1     3     1
     3     9    14    22    33    21    19     6    17     2     8    12
    12    18    28    19    20    17    10     4     9     6    11    12
    28    52    62    45    79    37    54    19    36     6    30    43
    43    34    59    53    51    27    24    26    41     6    24    19
     3     5    13    21    36    16    20    19     9     1     5     6
     6     9    17    19    36    13     9    12     8    17     0     1
     0     5     6    16    31    14    10     9     3     2     1     0
     1     0     8    16    27    11    15     3     8     7     0     0
     0     0     3    10    11     3     5     3     2     2     0     0
     0     0     1     2     8     5     1     2     4     4     0     0
     0     0     1     1     3     0     2     2     1     0     0     0
     0     0     0     0     0     2     1     1     0     0     0     0
     0     0     0     0     1     0     0     0     1     0     0     0
     0     0     1     1     1     0     1     0     0     0     0     0
     0     0     1     1     4     3     0     1     1     3     0     0
     1     1     2     4     5     4     2     4     3     1     0     0
     2     1     7    17     2    10     4     1     5     5     4     1
     1     1     4     2     7     5     2     3     5     2     1     2
     4     7    15    22    31    23    14    22    20    12     8    17
     5     9    10    17    36    25    23    12    19    20     9     7
    21    25    34    49    53    52    32    36    33    39    39    38
    24    25    27    57    63    40    40    44    43    40    31    30
    27    21    24    50    50    28    21    49    33    36    28    25
    36    64    57    71    76    28    32    40    62    59    28    54
    26    27    53    46    30    22    13    26    53    34    17    30
    27    29    33    42    34    11    13    25    32    30    18    14
    15    13    22    17    20     6    11    10    10    19     9    10
     8     6    12    21    24    12    16    12    14     9     2     6
     9
     0     1     2     4     0     3     2     1     2     1     0     1
     0     0     2     1     1     1     2     0     0     1     0     0
     0     0     3     6     1     3     0     2     0     1     1     0
     0     0     1     4     3     1     2     0     1     1     0     0
     0     0     0     1     1     5     2     1     3     2     0     1
     1     0     2     2     5     2     1     1     4     0     0     0
     0     1     3     5     4     3     1     0     1     0     0     0
     2     0     2     5     2     3     1     0     2     0     1     0
     3     2     4     5    11     5     2     2     2     1     3     2
     8     3     7     4    14     3     0     2     2     0     1     8
     6    23    11    11    17     4    11     3     8     0     3     6
     7    10    14    21    15     6     9    12    10     0     0     3
     0     2     3    10     9    10     4     5     1     0     0     1
     0     1     0     6    13     2     0     0     2     0     0     0
     0     0     0     5    10     4     2     0     0     0     0     0
     0     0     1     1     6     0     0     0     0     0     0     0
     0     0     0     0     7     1     0     0     0     0     0     0
     0     0     0     0     1     1     0     0     0     0     0     0
     0     0     0     0     0     0     0     0     0     0     0     0
     0     0     0     0     0     0     0     0     0     0     0     0
     0     0     0     0     0     0     0     0     0     0     0     0
     0     0     0     0     0     0     0     0     0     0     0     0
     1     0     0     0     0     0     0     0     0     0     0     0
     0     0     1     4     2     0     0     0     0     0     0     0
     0     0     1     7     2     0     0     2     0     2     0     0
     0     0     0     2     1     1     0     1     4     0     0     0
     1     0     3     5     4     8     2     4     5     2     2     1
     1     4     4     9    11    13     5     3     9     6     4     0
     6     5    11    14    21     8     7    10    16    19    13    12
     8     8     7    12    21    24     9    16    12    18     8     6
    10    11    13    20    14    17     9    11    12    12    11     5
    14    13    14    24    17    17    11    15    17    22     8    12
    11    10    14    20    14    11     5     8     8    14     8    10
     5    11    12    11     7     4     5     6     6     7     4     2
     5     8     6     9     0     2     1     4     3    10     6     1
     2     1     2     4     4     2     2     1     1     1     1     0
    10
     0     0     3     1     0     0     0     0     2     1     0     0
     0     0     1     4     2     0     1     0     1     2     0     0
     0     0     2     3     0     2     0     0     0     1     1     0
     0     0     2     3     1     1     0     1     1     1     0     1
     1     0     0     3     4     3     2     0     1     0     0     1
     1     0     0     0     3     2     4     2     1     0     0     0
     0     1     1     1     1     1     3     0     0     1     0     0
     0     0     0     6     2     4     0     0     0     0     1     0
     3     3     3     8    15     6     0     3     3     0     2     0
     1     5     3     3     8     1     1     1     6     0     1     3
     6    13    10     4    15     2     2     1     7     0     1     7
     7     5    11     6     7     4     1     7     6     0     1     1
     0     0     3     2     7     0     0     2     1     0     0     1
     0     1     1     3     6     2     0     2     0     3     0     0
     0     0     0     1     6     1     0     0     0     0     0     0
     0     0     0     3     3     0     0     0     0     0     0     0
     0     0     0     0     1     0     0     0     0     0     0     0
     0     0     0     0     0     0     0     0     0     0     0     0
     0     0     0     0     0     0     0     0     0     0     0     0
     0     0     0     0     0     0     0     0     1     0     0     0
     0     0     0     0     0     0     0     0     0     0     0     0
     0     0     0     0     0     0     0     0     0     0     0     0
     0     0     0     0     0     0     0     0     0     0     0     0
     0     0     1     2     0     1     0     0     0     0     0     0
     0     0     0     1     3     0     0     0     0     1     0     0
     0     0     2     1     0     0     0     0     1     0     0     0
     1     1     1     2     5     4     1     3     4     3     0     2
     1     2     4     6     5     2     7     1     7     6     2     0
     3     3    10    11    16    15     8    10     6     7     9     9
     3     2    10    10    17    12     9     4    14    13     6     9
    15     3     9    11     7     6     7     3     3    11     8     7
    16    13    17    24     9     2     9     5    12    18     4    17
     3     7     3     5     8     7     1     4     5    10     2     7
     4     3     8     5     3     4     3     3     4     3     2     3
     3     2     1     4     2     3     0     1     3     3     1     1
     2     1     2     1     2     1     2     1     2     2     0     2
    11
     1     0     1     0     0     0     0     0     0     0     0     0
     2     1     0     2     0     0     2     1     0     3     0     0
     0     0     0     2     3     1     0     2     1     0     0     0
     0     0     0     2     1     0     0     0     0     0     0     0
     0     0     1     1     4     0     1     1     3     1     0     0
     1     0     1     0     1     1     0     0     0     0     0     0
     1     0     0     6     1     2     1     0     4     0     0     0
     0     0     0     2     4     1     0     0     0     0     0     0
     0     0     3     1     9     3     3     0     0     0     2     0
     0     1     1     0     8     0     0     0     0     0     0     1
     1    10     4     2     8     3     1     1     2     0     0     1
     3     2     3     3    12     1     1     1     2     0     0     0
     0     0     1     5     7     2     1     0     0     0     0     0
     0     0     0     0     8     1     0     1     0     0     0     0
     0     0     0     0     1     0     0     0     0     0     0     0
     0     0     0     0     0     0     0     0     0     0     0     0
     0     0     0     0     0     0     0     0     0     0     0     0
     0     0     0     0     0     0     0     0     0     0     0     0
     0     0     0     0     0     0     0     0     0     0     0     0
     0     0     0     0     0     0     0     0     0     0     0     0
     0     0     0     0     0     0     0     0     0     0     0     0
     0     0     0     0     0     0     0     0     0     0     0     0
     0     0     0     0     0     1     1     0     0     0     0     0
     0     0     0     2     0     0     1     0     0     0     0     0
     0     0     0     2     0     0     0     0     1     0     0     0
     0     0     1     1     0     0     0     0     1     0     0     0
     0     2     1     4     4     3     1     1     4     2     0     2
     0     0     4     2     6     4     1     5     2     3     5     0
     3     3    10    10    18    10     4     9     7     3     6    15
     3     5     7     9    11     6     6     9    10    11     4    11
     8     2    10     9    13     5     6     9     6    10     6     7
    10     9    13    19     5    10     5     6     6    13     3     7
     9     4     6     3     3     6     3     6     1    14     3     6
     2     1     8    13     4     0     2     3     2     6     1     2
     1     1     1     3     3     0     2     1     0     1     0     0
     1     2     0     3     2     0     2     1     1     0     0     1
    12
     0     0     0     0     0     0     0     0     1     0     0     0
     0     0     0     0     0     0     0     0     0     0     0     0
     0     0     1     0     1     1     1     0     0     0     0     0
     0     0     0     0     5     0     1     0     1     0     0     0
     0     0     0     4     1     0     0     0     0     0     0     0
     0     0     0     0     2     1     0     0     0     0     0     0
     0     0     0     6     4     1     1     0     0     1     0     0
     0     0     0     1     1     0     0     0     0     0     0     0
     0     0     1     1     4     6     0     0     2     0     1     0
     0     0     0     4     2     0     0     0     0     0     0     0
     0     1     3     0     7     1     0     1     1     0     0     0
     0     3     0     1     3     0     0     0     4     0     0     0
     0     0     0     0     1     1     0     0     0     0     0     0
     0     0     0     0     2     0     0     0     0     0     0     0
     0     0     0     0     0     0     0     0     0     0     0     0
     0     0     0     0     0     0     0     0     0     0     0     0
     0     0     0     0     0     0     0     0     0     0     0     0
     0     0     0     0     0     0     0     0     0     0     0     0
     0     0     0     0     0     0     0     0     0     0     0     0
     0     0     0     0     0     1     0     0     0     0     0     0
     0     0     0     1     0     0     0     0     0     0     0     0
     0     0     0     0     0     0     0     0     0     0     0     0
     0     0     0     0     0     0     0     0     0     0     0     0
     0     0     0     1     0     0     0     0     0     0     0     0
     0     0     0     1     0     0     0     0     0     0     0     0
     0     0     0     1     0     0     0     0     0     0     0     0
     0     0     0     1     0     2     0     1     3     0     1     1
     1     1     1     0     1     1     0     1     3     0     0     0
     4     1     2     5     5     5     0     1     2     2     8     4
     1     1     4     4     1     0     4     4     2     6     1     4
     4     3     0     7     3     1     6     0     3     4     1     6
     5     8     3     8     1     6     1     1     7     9     1     0
     0     4     1     6     2     1     1     0     0     4     0     3
     1     4     0     9     0     0     2     0     2     0     0     1
     0     1     0     1     0     0     0     0     0     0     0     1
     0     0     0     2     1     1     1     0     0     0     0     0
    13
     0     0     0     0     0     0     0     0     0     0     0     0
     0     0     1     0     0     0     0     0     0     0     0     0
     0     0     1     0     0     0     0     0     0     0     0     0
     0     0     1     0     0     0     0     0     0     0     0     0
     0     0     0     0     0     0     0     0     0     0     0     0
     0     0     0     0     0     0     0     0     0     0     0     0
     0     0     0     0     0     0     1     0     0     0     0     0
     0     0     0     0     0     0     0     0     0     0     0     0
     0     0     0     0     1     0     0     0     0     0     0     0
     0     0     0     0     0     0     0     0     0     0     0     0
     0     0     0     0     0     0     0     0     0     0     0     0
     0     0     0     0     0     0     0     0     0     0     0     0
     0     0     0     0     0     0     0     0     0     0     0     0
     0     0     0     0     0     0     0     0     0     0     0     0
     0     0     0     0     0     0     0     0     0     0     0     0
     0     0     0     0     0     0     0     0     0     0     0     0
     0     0     0     0     0     0     0     0     0     0     0     0
     0     0     0     0     0     0     0     0     0     0     0     0
     0     0     0     0     0     0     0     0     0     0     0     0
     0     0     0     0     0     0     0     0     0     0     0     0
     0     0     0     0     0     0     0     0     0     0     0     0
     0     0     0     0     0     0     0     0     0     0     0     0
     0     0     0     0     0     0     0     0     0     0     0     0
     0     0     0     0     0     0     0     0     0     0     0     0
     0     0     0     0     0     0     0     0     0     0     0     0
     0     0     0     0     0     0     0     0     0     0     0     0
     0     0     0     0     1     0     0     0     0     0     0     0
     0     0     0     2     0     0     0     0     0     0     0     0
     2     0     2     0     0     0     0     0     0     2     4     1
     0     1     2     2     0     0     0     0     0     1     0     1
     0     1     3     1     0     0     0     0     0     2     2     0
     1     1     2     0     0     0     0     0     1     1     1     1
     0     0     0     0     0     0     0     0     0     1     0     0
     0     0     0     0     0     0     0     0     0     0     0     0
     0     0     0     2     0     0     0     0     0     0     0     0
     0     1     0     1     0     0     0     0     0     0     0     0
    14
     0     0     0     0     0     0     0     0     0     0     0     0
     0     0     0     0     0     0     0     0     0     0     0     0
     0     0     0     0     0     0     0     0     0     0     0     0
     0     0     0     0     0     0     0     0     0     0     0     0
     0     0     0     0     0     0     0     0     0     0     0     0
     0     0     0     0     0     0     0     0     0     0     0     0
     0     0     0     2     0     0     0     0     0     0     0     0
     0     0     0     0     0     0     0     0     0     0     0     0
     0     0     0     0     1     2     0     0     0     0     0     0
     0     0     0     1     0     0     0     0     0     0     0     0
     0     0     0     0     0     2     0     0     0     0     0     0
     0     0     0     0     0     0     0     0     0     0     0     0
     0     0     0     0     0     0     0     0     0     0     0     0
     0     0     0     0     1     0     0     0     0     0     0     0
     0     0     0     0     1     0     0     0     0     0     0     0
     0     0     0     0     0     0     0     0     0     0     0     0
     0     0     0     0     0     0     0     0     0     0     0     0
     0     0     0     0     0     0     0     0     0     0     0     0
     0     0     0     0     0     0     0     0     0     0     0     0
     0     0     0     0     0     0     0     0     0     0     0     0
     0     0     0     0     0     0     0     0     0     0     0     0
     0     0     0     0     0     0     0     0     0     0     0     0
     0     0     0     0     0     0     1     0     0     0     0     0
     0     0     0     1     0     0     0     0     0     0     0     0
     0     0     0     0     0     1     0     0     0     0     0     0
     0     0     0     0     0     0     0     0     0     0     0     0
     0     0     1     0     1     0     0     0     0     0     0     0
     0     1     0     2     0     0     0     0     0     0     1     0
     4     0     1     1     0     2     0     1     0     1     0     1
     0     1     0     1     1     0     0     0     0     2     1     2
     0     0     1     1     0     0     0     0     0     0     0     1
     2     0     0     3     0     0     0     0     1     1     0     1
     0     0     0     1     0     0     1     0     0     4     0     0
     0     1     0     2     1     0     0     0     0     0     0     0
     0     0     0     2     0     0     0     0     0     0     0     0
     0     0     0     1     0     0     0     0     0     0     0     0
    15
     0     0     0     0     0     0     0     0     0     0     0     0
     0     0     0     0     0     0     0     0     0     0     0     0
     0     0     0     0     0     0     0     0     0     0     0     0
     0     0     0     0     0     0     0     0     0     0     0     0
     0     0     0     0     0     0     0     0     0     0     0     0
     0     0     0     0     0     0     0     0     0     0     0     0
     0     0     0     0     0     0     0     0     0     0     0     0
     0     0     0     1     0     0     0     0     0     0     0     0
     0     0     0     0     0     0     0     0     0     0     0     0
     0     0     0     0     0     0     0     0     0     0     0     0
     0     0     0     0     0     0     0     0     0     0     0     0
     0     0     0     0     0     0     0     0     0     0     0     0
     0     0     0     0     0     0     0     0     0     0     0     0
     0     0     0     0     0     0     0     0     0     0     0     0
     0     0     0     0     0     0     0     0     0     0     0     0
     0     0     0     0     0     0     0     0     0     0     0     0
     0     0     0     0     0     0     0     0     0     0     0     0
     0     0     0     0     0     0     0     0     0     0     0     0
     0     0     0     0     0     0     0     0     0     0     0     0
     0     0     0     0     0     0     0     0     0     0     0     0
     0     0     0     0     0     0     0     0     0     0     0     0
     0     0     0     0     0     0     0     0     0     0     0     0
     0     0     0     0     0     0     0     0     0     0     0     0
     0     0     0     0     0     0     0     0     0     0     0     0
     0     0     0     0     0     0     0     0     0     0     0     0
     0     0     0     0     0     0     0     0     0     0     0     0
     0     0     0     0     0     0     0     0     0     0     0     0
     0     0     0     0     0     0     0     0     0     0     0     0
     0     0     0     0     0     0     0     0     0     0     0     0
     0     0     0     0     0     0     0     0     1     0     0     0
     0     0     0     0     0     0     0     0     0     0     0     0
     0     0     0     0     0     0     0     0     1     0     0     0
     0     0     0     0     0     0     0     0     0     0     0     0
     0     1     0     0     0     0     0     0     0     0     0     0
     0     0     0     2     0     0     0     0     0     0     0     0
     0     0     0     0     0     0     0     0     0     0     0     0
    16
     0     0     0     0     0     0     0     0     0     0     0     0
     0     0     0     0     0     0     0     0     0     0     0     0
     0     0     0     0     0     0     0     0     0     0     0     0
     0     0     0     0     0     0     0     0     0     0     0     0
     0     0     0     0     0     0     0     0     0     0     0     0
     0     0     0     0     0     0     0     0     0     0     0     0
     0     0     0     0     0     0     0     0     0     0     0     0
     0     0     0     0     0     0     0     0     0     0     0     0
     0     0     0     0     0     0     0     0     0     0     0     0
     0     0     0     0     0     0     0     0     0     0     0     0
     0     0     0     0     0     0     0     0     0     0     0     0
     0     0     0     0     0     0     0     0     0     0     0     0
     0     0     0     0     0     0     0     0     0     0     0     0
     0     0     0     0     0     1     0     0     0     0     0     0
     0     0     0     0     0     0     0     0     0     0     0     0
     0     0     0     0     0     0     0     0     0     0     0     0
     0     0     0     0     0     0     0     0     0     0     0     0
     0     0     0     0     0     0     0     0     0     0     0     0
     0     0     0     0     0     0     0     0     0     0     0     0
     0     0     0     0     0     0     0     0     0     0     0     0
     0     0     0     0     0     0     0     0     0     0     0     0
     0     0     0     0     0     0     0     0     0     0     0     0
     0     0     0     0     0     0     0     0     0     0     0     0
     0     0     0     0     0     0     0     0     0     0     0     0
     0     0     0     0     0     0     0     0     0     0     0     0
     0     0     0     0     0     0     0     0     0     0     0     0
     0     0     0     0     0     0     0     0     0     0     0     0
     0     0     0     0     0     0     0     0     0     0     0     0
     1     0     0     0     0     0     0     0     0     0     0     0
     0     0     0     0     0     0     0     0     0     0     0     0
     0     0     0     0     0     0     0     0     0     0     0     0
     0     0     0     0     0     0     0     0     1     0     0     0
     0     0     0     0     0     0     0     0     0     0     0     0
     0     0     0     0     0     0     0     0     0     0     0     0
     0     0     0     0     0     0     0     0     0     0     0     0
     0     0     0     0     0     0     0     0     0     0     0     0
    17
     0     0     0     0     0     0     0     0     0     0     0     0
     0     0     0     0     0     0     0     0     0     0     0     0
     0     0     0     0     0     0     0     0     0     0     0     0
     0     0     0     0     0     0     0     0     0     0     0     0
     0     0     0     0     0     0     0     0     0     0     0     0
     0     0     0     0     0     0     0     0     0     0     0     0
     0     0     0     0     0     0     0     0     0     0     0     0
     0     0     0     0     0     0     0     0     0     0     0     0
     0     0     0     0     0     0     0     0     0     0     0     0
     0     0     0     0     0     0     0     0     0     0     0     0
     0     0     0     0     0     0     0     0     0     0     0     0
     0     0     0     0     0     0     0     0     0     0     0     0
     0     0     0     0     0     0     0     0     0     0     0     0
     0     0     0     0     0     0     0     0     0     0     0     0
     0     0     0     0     0     0     0     0     0     0     0     0
     0     0     0     0     0     0     0     0     0     0     0     0
     0     0     0     0     0     0     0     0     0     0     0     0
     0     0     0     0     0     0     0     0     0     0     0     0
     0     0     0     0     0     0     0     0     0     0     0     0
     0     0     0     0     0     0     0     0     0     0     0     0
     0     0     0     0     0     0     0     0     0     0     0     0
     0     0     0     0     0     0     0     0     0     0     0     0
     0     0     0     0     0     0     0     0     0     0     0     0
     0     0     0     0     0     0     0     0     0     0     0     0
     0     0     0     0     0     0     0     0     0     0     0     0
     0     0     0     0     0     0     0     0     0     0     0     0
     0     0     0     0     0     0     0     0     0     0     1     0
     0     0     0     0     0     0     0     0     0     0     0     0
     0     0     0     0     0     0     0     0     0     0     0     0
     0     0     0     0     0     0     0     0     0     0     0     0
     0     0     0     0     0     0     0     0     0     0     0     0
     0     0     0     0     0     0     0     0     0     0     0     0
     0     0     0     0     0     0     0     0     0     0     0     0
     0     0     0     0     0     0     0     0     0     0     0     0
     0     0     0     0     0     0     0     0     0     0     0     0
     0     0     0     0     0     0     0     0     0     0     0     0
    18
     0     0     0     0     0     0     0     0     0     0     0     0
     0     0     0     0     0     0     0     0     0     0     0     0
     0     0     0     0     0     0     0     0     0     0     0     0
     0     0     0     0     0     0     0     0     0     0     0     0
     0     0     0     0     0     0     0     0     0     0     0     0
     0     0     0     0     0     0     0     0     0     0     0     0
     0     0     0     0     0     0     0     0     0     0     0     0
     0     0     0     0     0     0     0     0     0     0     0     0
     0     0     0     0     0     0     0     0     0     0     0     0
     0     0     0     0     0     0     0     0     0     0     0     0
     0     0     0     0     0     0     0     0     0     0     0     0
     0     0     0     0     0     0     0     0     0     0     0     0
     0     0     0     0     0     0     0     0     0     0     0     0
     0     0     0     0     0     0     0     0     0     0     0     0
     0     0     0     0     0     0     0     0     0     0     0     0
     0     0     0     0     0     0     0     0     0     0     0     0
     0     0     0     0     0     0     0     0     0     0     0     0
     0     0     0     0     0     0     0     0     0     0     0     0
     0     0     0     0     0     0     0     0     0     0     0     0
     0     0     0     0     0     0     0     0     0     0     0     0
     0     0     0     0     0     0     0     0     0     0     0     0
     0     0     0     0     0     0     0     0     0     0     0     0
     0     0     0     0     0     0     0     0     0     0     0     0
     0     0     0     0     0     0     0     0     0     0     0     0
     0     0     0     0     0     0     0     0     0     0     0     0
     0     0     0     0     0     0     0     0     0     0     0     0
     0     0     0     0     0     0     0     0     0     0     0     0
     0     0     0     0     0     0     0     0     0     0     0     0
     0     0     0     0     0     0     0     0     0     0     0     0
     0     0     0     0     0     0     0     0     0     0     0     0
     0     0     0     0     0     0     0     0     0     0     0     0
     0     0     0     0     0     0     0     0     0     0     0     0
     0     0     0     0     0     0     0     0     0     0     0     0
     0     0     0     0     0     0     0     0     0     0     0     0
     0     0     0     0     0     0     0     0     0     0     0     0
     0     0     0     0     0     0     0     0     0     0     0     0
    19
     0     0     0     0     0     0     0     0     0     0     0     0
     0     0     0     0     0     0     0     0     0     0     0     0
     0     0     0     0     0     0     0     0     0     0     0     0
     0     0     0     0     0     0     0     0     0     0     0     0
     0     0     0     0     0     0     0     0     0     0     0     0
     0     0     0     0     0     0     0     0     0     0     0     0
     0     0     0     0     0     0     0     0     0     0     0     0
     0     0     0     0     0     0     0     0     0     0     0     0
     0     0     0     0     0     0     0     0     0     0     0     0
     0     0     0     0     0     0     0     0     0     0     0     0
     0     0     0     0     0     0     0     0     0     0     0     0
     0     0     0     0     0     0     0     0     0     0     0     0
     0     0     0     0     0     0     0     0     0     0     0     0
     0     0     0     0     0     0     0     0     0     0     0     0
     0     0     0     0     0     0     0     0     0     0     0     0
     0     0     0     0     0     0     0     0     0     0     0     0
     0     0     0     0     0     0     0     0     0     0     0     0
     0     0     0     0     0     0     0     0     0     0     0     0
     0     0     0     0     0     0     0     0     0     0     0     0
     0     0     0     0     0     0     0     0     0     0     0     0
     0     0     0     0     0     0     0     0     0     0     0     0
     0     0     0     0     0     0     0     0     0     0     0     0
     0     0     0     0     0     0     0     0     0     0     0     0
     0     0     0     0     0     0     0     0     0     0     0     0
     0     0     0     0     0     0     0     0     0     0     0     0
     0     0     0     0     0     0     0     0     0     0     0     0
     0     0     0     0     0     0     0     0     0     0     0     0
     0     0     0     0     0     0     0     0     0     0     0     0
     0     0     0     0     0     0     0     0     0     0     0     0
     0     0     0     0     0     0     0     0     0     0     0     0
     0     0     0     0     0     0     0     0     0     0     0     0
     0     0     0     0     0     0     1     0     0     0     0     0
     0     0     0     0     0     0     0     0     0     0     0     0
     0     0     0     0     0     0     0     0     0     0     0     0
     0     0     0     0     0     0     0     0     0     0     0     0
     0     0     0     0     0     0     0     0     0     0     0     0
