23
New York City, NY 94728
     0
      -4.000      -1.800       2.700       8.300      13.800      19.300
      22.700      22.200      17.700      11.600       6.000       -.700
        .600       1.700       6.000      11.100      17.200      22.700
      25.600      25.000      21.100      15.600       9.300       3.200
       3.900       5.000       9.300      15.000      21.100      25.600
      28.200      27.200      23.800      18.800      12.800       6.600
      47.000      45.000      41.000      38.000      44.000      46.000
      48.000      51.000      50.000      48.000      47.000      48.000
      56.000      55.000      52.000      53.000      59.000      59.000
      61.000      63.000      62.000      60.000      59.000      57.000
      70.000      72.000      72.000      74.000      78.000      75.000
      74.000      76.000      76.000      75.000      76.000      73.000
       3.500       3.500       3.500       3.500       3.100       2.700
       2.700       2.700       2.700       3.100       3.100       3.100
       4.800       4.800       4.800       4.800       4.000       4.000
       4.000       4.000       4.000       4.000       4.400       4.800
       5.900       5.900       5.900       5.900       5.500       5.200
       4.800       4.800       5.200       5.200       5.900       5.900
     290.000     310.000     320.000     300.000     190.000     210.000
     210.000     210.000      10.000     290.000     290.000     290.000
     1
        .131       1.669       6.269      11.707      17.533      22.634
      25.409      24.833      20.998      15.265       9.477       3.028
      59.137      58.845      56.353      56.394      60.824      60.562
      61.712      63.540      63.362      61.400      61.691      61.013
     2
     5     4    13    11     5    10    13    12    13     4     9     7
     9     5    14    16    19    16    25    30    12    22    12    12
     3     8    10    11    14    16    21    11    23    13    11     8
    10     5    10     6    16    24    25    23    13    17    14    11
    13    11    20    18    28    25    38    26    33    20    15    20
    10     3    14    13    24    18    28    18    18    13     8     9
    18    21    11    15    23    18    27    14    20    22     9    21
     4    12     7     7    11     9     8    12     6     7     4     6
     2     4    12     7     9    13    12    13    14    13     5    10
     2     3     4     4     9     1     9     3     4     4     2     2
     5     3     6     3     8     7     6    11     3     8     7     8
     1     2     0     5     4     2     6     5     2     4     2     6
     3     0     3     3     6     3     3     2     4     3     0     4
     1     4     6     4     9     6    12     4     3     7     5     3
     5     0     0     1     8     5     6     6     6     7     4     3
     5     6     3     5     8    15    10     5     5     9     6     1
     1     2     5     3     8     8     9     3     1     1     5     1
     3     3     0     3    16    14    10    23    10     8     6     2
     4     2     5    10     0     9    13     9     7     5     3     4
     5     1     1     7    12    11     8    19     8    13     2    10
     4     1     4     5     9     4     8     7    10    11     5     4
     4     3     3     6     7    10     4    12    22     9     5     6
     3     4     9     5     8     8    19    13    11    16     9     4
     4     5    10     8     8    16    10     7    11    13     6     5
     3     2     4     8    10    19    21     9    15     6     7     4
     3     2     5     7     8     5     9     9     4     3     4     3
     2     4     7     8    15    13    17     6    10    10     5     5
     3     4     4     6     7     5    13    13     8     5     1     6
    11     6     7    14    19    21    23    15    15    15    10     2
    11     9     4    13    11    16    24    25    19    14     9     5
    10     4    10    13    18    19    34    26    18    17     6    12
    14    16    12    13    20    35    28    28    17    18    19     9
     8     9    14     9    12    27    30    28    15     9    15     5
    13    12     9    18    18    19    43    28    27    15    13    10
     9    11     9    11    13     9    22    20    22    14     9     5
     8    11    14    21    12    17    24    34    16    21    12     7
     3
    17    16    22    18    31    32    33    45    52    35    36    19
    28    30    35    43    42    51    59    64    70    59    38    30
    28    26    20    34    49    63    70    72    67    45    28    30
    43    53    55    63    98   103    93   102    85    60    48    42
    69    70    95   104   150   181   221   161   122   121    88    81
    50    60    74    78   102   119   136   121    77    57    65    55
    49    38    68    56   108   112   138    93    76    66    45    42
    22    19    22    23    44    27    35    44    41    30    22    15
    19    21    19    25    34    29    59    48    40    43    37    21
     9     5    11    18    16    15    18    21    25    11    11     6
    14     9    20    12    23    16    15    15    13    21     9     9
    11     8    14     7    16    17    15    13    21    12     8    10
     4     3     7    19    23    21    16     9    17    15    12     7
     9     7    18    20    30    41    34    40    18    19    19     8
     6     7    14    17    21    30    17    29    30    17     9    13
    12     9    19    34    43    55    55    49    38    24    20    15
    15    17    17    33    46    49    52    50    44    36    24    20
    21    28    37    44    84   112    99    64    51    58    27    21
    16     9    16    25    46    40    35    41    38    29    22    16
    18    32    14    36    51    63    71    64    29    38    30    31
    16    16    22    21    34    32    42    41    20    38    27    27
    32    21    23    12    43    48    67    47    35    41    42    21
    29    19    19    27    47    76    79    68    50    62    48    41
    19    18    14    31    39    52    71    54    53    40    33    30
    15    13    19    27    40    49    51    54    57    44    20    22
    10    12    10    13    24    27    26    34    26    19    14     6
    16    16    21    27    44    55    49    65    54    58    23    19
    12    14    14    15    22    38    37    35    28    26    23     9
    32    36    24    35    60    82   101    88    71    61    50    28
    43    33    28    36    47    76   104    75    65    45    40    36
    41    32    39    62    58    87   114    95    64    27    34    38
    53    49    42    71    61   113   129   119    98    57    42    42
    32    47    41    40    54    64    81    69    53    47    33    21
    30    29    39    45    32    64   109    83    71    63    33    24
    22    23    30    21    32    30    28    39    47    39    20    24
    26    31    35    25    43    40    51    61    64    45    35    31
     4
    25    30    19    15    33    25    22    28    33    38    22    17
    24    30    38    27    39    37    40    37    29    62    44    34
    22    24    28    29    32    44    43    41    39    38    20    15
    28    46    53    30    89    83    88    78    80    58    41    38
    71    78    97    74   165   144   159   128   124    89    78    58
    51    47    70    64    84    86   125   113    78    50    43    41
    38    31    48    34    65    77    81    70    61    41    35    40
    13     8    12    24    26    26    19    26    37    23    14    11
    11     7    14     9    21    14    32    26    28    17    15    11
     1     0     7     9     9    13     8    14     6    11     4     5
     1     2     8    11    15    14    17     9     9     5    15     4
     5     4    12    19    15    17    20    16    11    12     8     9
     6     8    11    18    36    28    23    13    22    14     7     6
    11    13    15    22    42    45    40    34    20    25    15    11
    13     1    15    32    29    41    40    22    27    20    12     7
    21    13    39    53    69    75    68    65    38    37    20    12
    18    17    42    54   102    88   100    83    77    51    34    25
    41    27    46    80   130   157   158   119    74    79    54    34
    17    17    25    31    43    77    71    53    37    33    17    21
    20    28    24    36    54    60    51    73    39    48    33    30
    18    24    26    23    36    39    54    49    44    38    31    35
    34    21    29    25    36    55    64    69    43    43    48    43
    56    48    43    41    69    80   112    83    66    76    65    39
    40    27    14    32    37    57    66    48    51    48    38    32
    26    25    21    19    33    36    69    48    47    41    26    26
    19    15    16    14    34    35    40    44    35    26    18    21
    24    30    15    44    31    48    63    54    51    35    35    37
    22    23    20    20    21    40    46    38    24    29    33    29
    32    46    31    55    35    49    82    73    45    50    38    54
    36    37    41    43    39    70    76    54    42    42    45    37
    37    49    39    53    46    72    64    58    40    36    33    43
    33    34    54    61    69    87    81    97    65    42    35    30
    20    35    49    37    48    46    43    55    42    21    25    21
    25    26    35    39    38    55    58    58    42    49    22    31
    22    24    19    23    22    21    32    38    28    32    21    23
    21    37    38    36    40    31    43    49    52    46    30    33
     5
    40    49    37    32    39    27    44    36    51    51    41    34
    31    54    63    30    61    38    38    45    82    70    52    45
    22    37    40    28    40    22    29    53    58    47    27    23
    49    64    99    66   104    73    72    89    81    81    60    41
    92   118   185   138   216   171   203   144   146   125    90    85
    51    70    78   114   101    98   104   119    89    75    46    46
    26    47    60    66    71    47    72    77    89    45    46    44
     8    12    22    23    22    21    17    35    34    23    20    24
     7    13    14    17    15    17    31    31    32    24    23    14
     4     1     5    15    10    13    10    13    17    14    12     7
     7     5     8    15    13    22     9    15    18    12    13     3
     7     7    15    20    16     6    14     9    12    16    15     4
     4     8    17    31    28    28    29    15    19    18    15     7
     6    27    36    47    54    45    53    36    24    35    20     5
     6     8    24    57    65    40    64    39    22    28     9     7
    17    24    48    68   113   139   129    88    67    65    47    15
    14    28    87   103   152   188   164   154   141    66    56    25
    37    53   111   185   306   320   321   304   199   140    96    47
    25    33    55    74   109   130   144   137    65    67    35    38
    35    39    32    53    84    93   116   132    60    59    47    28
    32    35    27    32    56    66    74    94    55    53    43    70
    54    51    47    46    59    71    83    86    60    65    63    69
    96    82    56    78   105   162   150   123   105   113   109    99
    62    56    47    61    56   102   121    93    67    59    75    79
    65    40    36    57    72    96    77    85    81    70    64    52
    37    36    34    52    43    50    54    48    44    53    65    54
   102    61    59    68    66   109   105    86    60    69    80   107
    63    50    52    56    46    59    71    72    50    61    61    77
    95    80    93    87   105   111   112   103    80    90    74   127
    70    83    74   100    70    86    76    75    71    69    89    72
    72    75    84    87    85   111    95    63    81    74    65    56
    89    92   118   119   134   142   128   112    91    98    90    86
    58    67    55    71    66    83    73    72    70    70    46    41
    61    56    85    68    76    64    65    78    68    64    62    57
    39    51    59    42    51    44    39    47    58    37    31    36
    61    92    72    70    73    66    64    76    70    80    62    63
     6
    32    39    40    35    34    31    18    12    20    33    22    18
    23    36    59    18    32    19    17    26    37    36    28    33
    15    19    29    22    26    10    12    20    32    31    15    25
    38    56    59    49    86    54    37    45    71    57    36    30
    60   102   137    82   143    99    80    95    86    74    57    62
    28    43    71    72    87    37    50    46    53    41    51    43
     7    25    40    72    39    19    34    28    74    33    37    28
     6     3    17    15    13     9     6     4    14    10    15    18
     3     5    16    17     8     5     8     6    10    12     9     9
     2     5     7    10    11     4     4     3    12     9    10     1
     3     2    12    10    11     2     8     1     6     7     6     2
     3     5     9    16    11     6     4     4     9     8     8     5
     4     4     5    20    19     8    13     7     6    13     7     3
     0     6    15    38    30    13    20    16    12     6     4     7
     2     2    12    20    29    24    20    12    13    10     4     5
     2    16    41    56    76    70    47    51    38    21    23    10
    17    20    54    77   141   126   113   104    38    37    23     5
    27    52    81   148   225   251   236   218   119    72    44    35
    11    20    55    61    86   100   108   107    75    33    14    12
    14    22    29    39    53    57    69    90    57    27    28    16
    19    16    22    22    25    34    39    31    30    25    16    29
    27    29    35    31    29    52    33    31    35    40    45    31
    65    67    57    68    87    83    79    67    49    70    73    61
    40    52    55    54    62    66    47    49    43    54    62    31
    74    41    36    56    63    58    58    37    38    52    66    41
    65    42    43    45    36    41    32    33    32    32    58    47
   121    82    71    67    54    57    56    59    43    65    74    97
    73    66    71    74    52    58    50    46    42    58    64    72
   118   126   116   103    80    51    89    44    51    82    89    91
   114    74   116    99    55    78    50    43    40    73   105    98
   100   101   115   134    58    81    51    43    63    74    81    98
   106   146   140   153   100   106    84    71    73    99   108   109
    67    83    83    79    68    72    39    55    51    54    60    64
    45    62    74    86    70    51    35    47    51    52    60    49
    34    50    45    44    34    40    17    17    24    29    45    34
    35    55    69    45    62    42    26    30    53    45    46    42
     7
     2     6    10    12    16    14     1     2     6     4     7     7
    10     5    16     8     3     4     0     6    17     4     6     6
     7     3    11    11     5     5     6     6    11    15     6     6
    13    17    11    18    14    16    12    22    13    18    10     8
    20    40    62    48    51    30    15    39    40    34    20    23
    15    17    15    37    25     8     8     7    22    23    23    22
     4     7    16    28    13     6    13     6    28    12    18    14
     2     0     6    13     2     1     2     1     6     5     6     9
     2     1     2     8     0     1     2     4     1     3     5     6
     0     0     7     1     1     0     0     0     3     2     1     4
     0     1     5     3     4     0     3     0     2     0     2     3
     1     4     8     2     1     0     1     3     1     2     0     3
     2     3     3     3     8     1     0     1     4     2     0     1
     0     1     1     6     8     0     3     2     3     2     2     1
     1     1     5     6     6     1     2     2     1     5     2     1
     1     2    13    19    20    19    20    11     6     5     5     1
     6     5    23    43    58    27    32    32    18    16     7     1
    10     8    27    55    65    78    66    64    26    26     9     9
     8    10    21    28    37    22    32    23    11     7    11     1
    14    12    13    12    15    17    24    14    19     9     5     2
     2     5     3     8     7     5     5     8     7     4     2     3
     5     2     7     9     6    10    16     8     4    11     6     2
    20    20    18    22    27    20    14     9    22    11    13    14
     5    18    13    13    20     6    16     8    10    13    19    13
    32    15    14    21    27    15    17    12    12    12    20    19
    19    13    14    13    13    11     2     5    12    13    16    14
    46    26    31    31    24    13    15    12    25    32    32    37
    45    32    35    20    23    12    10    11    18    20    38    27
    71    64    69    60    29    23    18    16    20    22    47    76
    58    56    68    51    23    22     9    10    10    25    44    54
    57    47    81    90    43    31    25    15    21    27    51    50
    57    72    89   106    51    36    34    22    23    38    60    70
    40    46    40    26    25    29     8    13    11    23    27    25
    14    38    32    33    30    19     9     9    14    23    28    21
     7    25    25    15    12    12     4     2     3    10    17    12
    10    24    27    21    21    12     5     9    19    13    14    11
     8
     7     6    11     9     8     6     1     2     2     5     4     1
     6     5     9     4     8     7     0     2     8     7     1     2
     8     1     6     4     4     2     1     2     1     5     2     1
     9    13    18    10    10     7     4    10     4     9     6     4
    29    58    45    30    28    23    10    20    21    26    15    17
    13    13    18    23    27    11     2     5    16    14    15    23
     9     1     5    14     7     6     2     5    14    12    17    10
     2     1     4     6     4     0     0     0     3     1     4     3
     0     1     6     2     4     1     0     1     0     2     4     4
     2     0     1     3     0     0     0     0     0     0     5     3
     0     0     5     1     2     0     1     0     0     2     6     2
     0     2     3     2     2     1     0     0     0     2     1     1
     0     4     1     1     2     0     0     0     0     0     1     1
     0     1     1     7     2     3     1     0     0     0     1     1
     1     2     2     5     0     1     0     0     2     4     0     2
     3     2     8    13     4     9     0     1     1     6     6     1
     1     9    17    26    30    14    19     8     7     8     6     3
     6    11    40    41    33    31    40    27    16    12    14     4
     0     5    10    14    15    13    17    16    12     3     5     0
     6     3     3     4     3     6     8     8     8     4     1     1
     2     1     1     6     0     2     5     4     1     2     1     0
     3     2     1     5     3     2     6     1     4     0     2     2
    22    10    13     8    18     5    10     4     6     7     3    14
    11     7     6    10     8     3     8     0     3     4     3     2
    34    14     7    30    15     2     8     7     4    14    16     9
    17    17    11     7     6     6     0     3     4     7    30    12
    51    31    33    20    18     8     8     7    14    28    28    41
    42    24    31    18     9     8     1     3     7    19    17    25
    78    46    88    62    32    11    11     8    10    36    49    66
    35    44    73    38    18    14     5     9     3    21    47    67
    46    65    81    60    20    20     9     6    10    30    46    60
    55    63   101   101    38    36    19    15    25    29    63    77
    40    36    35    23    18    18    10     4     7    16    22    27
    15    26    22    25    28    14    10     9    12    23    18    26
     7    10    16    17    14     2     1     2     7     5     9    13
     3    22    23    20    10    10     3     0    12    13    12     5
     9
     0     1     6     1     1     0     0     0     0     1     2     0
     3     1     3     2     1     0     0     0     1     2     2     1
     0     2     0     0     0     0     0     0     0     1     0     0
     2     4     4     4     1     0     1     3     0     0     2     3
     6     9    23     8     4     4     2     5     7     6     3     7
     1     1     5     7     2     3     0     1     4     1     5     3
     2     1     0     8     2     1     0     1     0     3     3     1
     0     0     1     1     0     0     0     1     0     1     2     1
     0     0     3     1     1     0     0     0     0     1     0     0
     0     0     1     0     0     0     0     0     0     0     1     0
     0     0     2     0     0     0     0     0     0     0     1     0
     1     0     1     1     0     0     0     0     1     0     1     1
     0     1     0     0     0     1     0     0     0     0     2     1
     0     0     0     0     0     0     0     0     0     0     0     0
     0     0     2     1     0     0     0     0     0     0     0     0
     3     0     1     2     0     2     0     0     0     0     0     0
     1     0     9     3     6     2     1     1     2     6     1     0
     1     5     6     4     3     5     0     2     5     2     2     2
     1     2     1     3     1     0     1     1     2     1     0     0
     1     0     1     0     1     0     1     1     3     0     0     1
     0     0     0     1     1     0     0     0     0     1     0     1
     1     0     0     0     0     0     0     1     0     0     0     0
     5     0     1     1     0     2     0     0     1     0     1     0
     4     2     1     1     1     0     0     0     0     0     0     2
     5     2     4     5     3     3     0     0     2     3     2     6
     2     1     3     2     4     1     1     1     0     2     3     3
    10     9     4    11     3     2     0     0     0     7     8    13
     9     8     5     5     5     1     0     0     0     5     2     8
    16    13    16    14     2     1     1     2     4    11    19    20
    12    10    29    12     1     4     0     2     1     6    14    12
    17    11    31    19     0     2     3     0     2     8    10    30
    23    29    23    18     7     4     2     5     7    16    32    24
    10     6     9    13     3     2     1     1     0     8     6    12
     5     3     4     2     2     1     2     0     0     3     3     2
     0     3     6     0     1     1     1     0     1     1     2     1
     2     4     5     7     2     2     0     0     1     0     1     0
    10
     1     0     2     0     0     0     0     0     0     2     1     0
     1     1     0     1     0     0     0     0     0     3     0     0
     1     1     1     0     0     0     0     0     0     0     0     0
     3     4     1     2     0     0     0     0     0     0     0     1
     1     4    10     8     1     0     0     4     4     4     4     1
     3     7    11     4     2     2     0     1     0     4     3     1
     3     3     1     3     1     2     0     1     1     2     3     0
     0     1     0     0     1     0     0     0     0     1     0     0
     0     0     0     0     0     0     0     1     0     1     0     1
     0     0     1     0     0     0     0     0     1     0     0     0
     0     0     1     0     0     0     0     0     0     0     2     0
     0     1     0     0     0     0     0     0     0     0     1     0
     1     1     0     0     0     0     0     0     0     0     4     0
     0     1     1     4     0     0     0     0     0     0     1     1
     0     0     0     2     0     0     0     0     0     0     0     0
     1     0     0     3     0     0     0     0     2     0     0     0
     0     0     3     2     2     0     1     0     2     4     1     2
     0     1     3     4     1     0     0     1     3     4     0     1
     0     0     1     3     0     2     0     0     0     0     2     0
     0     0     0     0     0     0     1     0     2     0     0     2
     0     0     0     0     1     1     0     0     0     0     1     0
     1     0     0     0     0     0     0     0     0     0     0     0
     1     0     0     0     1     0     3     0     0     0     0     1
     2     0     0     0     0     1     0     0     2     0     0     0
     0     0     2     1     1     1     0     0     0     0     0     3
     7     1     2     1     0     0     0     1     1     0     1     1
     5     4     5     3     0     0     0     0     0     4     3     7
     5     5     7     0     1     0     1     0     0     1     3     5
    19    10    10    10     3     0     0     0     0     5    12    13
    12     8     5     4     1     2     0     0     0     3    16    12
    12    16    15     9     0     0     0     2     1     2    14    28
    21    19    32    17     3     0     1     4     1    10    13    16
     9     6     3     1     1     1     2     0     1     3     4     9
     4     6     1     5     3     2     0     1     0     3     2     5
     2     2     1     1     3     0     0     0     0     2     1     0
     1     1     3     4     2     0     0     1     1     1     2     0
    11
     0     0     0     0     0     0     0     0     0     0     0     1
     1     0     1     1     0     0     0     0     0     0     1     0
     0     1     0     0     0     0     0     0     0     0     0     0
     2     2     1     1     0     0     0     0     0     0     0     0
    11     8    10     9     1     0     0     2     6     0     4     3
     5     3     3     1     0     0     0     0     1     3     0     0
     0     0     0     3     0     0     0     0     0     0     4     1
     0     2     0     1     0     0     0     0     0     0     0     0
     1     0     0     1     0     0     0     1     0     0     0     0
     0     0     0     0     0     0     0     0     0     0     0     0
     0     0     0     1     0     0     0     0     0     0     0     0
     0     0     0     1     0     0     0     0     0     0     0     0
     1     1     0     2     0     0     0     0     0     0     2     0
     0     0     1     0     0     0     0     0     0     0     0     0
     0     0     0     1     0     0     0     0     0     0     0     0
     1     1     0     1     0     0     0     0     1     0     1     0
     0     2     0     2     0     0     0     0     1     0     2     0
     1     2     2     0     0     0     0     0     0     4     0     0
     0     0     0     0     2     0     0     0     1     0     0     0
     0     0     0     0     0     0     0     0     0     0     0     0
     0     0     0     0     0     0     0     0     0     0     0     0
     0     0     0     0     0     0     0     0     0     0     0     0
     1     0     0     0     0     1     1     0     0     0     0     0
     1     0     0     0     0     1     0     0     0     0     1     0
     2     0     0     1     0     0     1     0     1     1     0     1
     2     1     1     0     3     1     0     0     1     0     1     3
     4     3     1     1     0     0     0     0     0     2     2     4
     3     3     4     3     2     0     0     0     0     0     4     1
     9     2     9     7     1     0     0     0     0     3    12     8
     6     1     6     2     1     0     0     0     0     2    10    12
    12     7    13     3     1     0     1     1     0     3     9     8
    13    14    15    17     1     0     0     0     3     6     5    13
     5     3     2     3     0     2     0     1     1     1     8     7
     2     1     2     3     1     0     0     0     0     0     2     2
     0     2     1     0     0     0     0     0     0     1     0     0
     0     7     1     2     1     0     0     0     0     1     0     0
    12
     0     2     0     0     0     0     0     0     0     0     0     0
     2     1     1     0     0     0     0     0     0     0     0     0
     0     1     0     0     0     0     0     0     0     0     0     0
     4     1     0     0     0     0     0     0     0     0     0     0
     3     3     5     2     1     0     0     0     1     0     2     1
     2     1     5     1     1     0     0     0     0     4     0     0
     0     1     0     1     0     0     0     0     1     1     0     0
     0     1     0     0     0     0     0     0     0     0     0     0
     0     0     0     0     0     0     0     0     0     0     0     0
     0     1     0     0     0     0     0     0     0     0     0     0
     0     0     0     0     0     0     0     0     0     0     0     0
     1     0     0     0     0     0     0     0     0     1     0     0
     0     0     0     1     0     0     0     0     0     0     0     0
     0     0     0     1     0     0     0     1     0     0     0     0
     0     0     0     0     0     0     0     0     0     0     0     0
     0     1     0     1     0     0     0     0     0     0     1     0
     0     1     0     1     1     0     0     0     1     1     0     2
     1     0     0     0     0     0     0     0     0     1     1     0
     0     0     0     0     0     0     0     0     0     0     0     0
     0     0     0     0     0     0     0     0     0     0     1     0
     0     0     0     0     0     0     0     0     0     0     0     0
     0     0     0     0     0     0     0     0     0     0     0     0
     0     0     0     0     0     0     0     0     0     0     0     1
     1     0     0     0     0     0     0     0     0     0     0     0
     0     0     0     0     0     0     0     0     0     0     0     0
     1     0     0     0     0     0     0     0     0     0     0     0
     1     0     0     1     0     0     0     0     0     0     1     3
     1     1     0     1     0     0     0     0     0     0     0     1
     4     1     3     6     0     0     0     0     0     3     2     6
     3     1     0     1     0     1     0     0     0     0     4     3
     4     5     3     4     0     0     0     0     1     0     4     5
     2     6     0     5     0     0     0     0     1     1     3    13
     4     0     0     0     0     1     0     0     0     0     1     0
     1     1     0     0     0     0     0     0     2     0     1     2
     0     0     0     0     0     0     0     0     0     0     0     0
     0     2     0     0     0     0     0     0     0     0     0     0
    13
     0     0     0     0     0     0     0     0     0     0     0     0
     0     0     0     0     0     0     0     0     0     0     0     0
     0     0     0     0     0     0     0     0     0     0     0     0
     2     0     0     0     0     0     0     0     0     0     0     0
     1     0     5     0     0     0     0     0     0     0     1     0
     0     1     1     0     0     0     0     0     0     0     0     0
     0     0     0     0     0     0     0     0     0     0     0     0
     0     0     0     0     0     0     0     0     0     0     0     0
     0     0     0     0     0     0     0     0     1     0     0     0
     0     0     0     0     0     0     0     0     0     0     0     0
     0     0     0     0     0     0     0     0     0     0     0     0
     0     0     0     0     0     0     0     0     0     0     0     0
     0     0     0     1     0     0     0     0     0     0     0     0
     0     0     1     0     0     0     0     0     0     0     0     0
     0     0     0     0     0     0     0     0     0     0     0     0
     0     0     0     0     0     0     0     0     0     0     1     0
     0     0     0     0     1     0     0     0     0     0     0     0
     0     0     0     0     0     0     0     0     0     1     0     0
     0     0     0     0     0     0     0     1     0     0     0     0
     0     0     0     0     0     0     0     0     0     0     0     0
     0     0     0     0     0     0     0     0     0     0     0     0
     0     0     0     0     0     0     0     0     0     0     0     0
     0     0     0     0     0     0     0     0     0     0     0     0
     0     0     0     0     0     0     0     0     0     0     0     0
     0     0     0     0     0     0     0     0     0     0     0     0
     0     0     0     0     0     0     0     0     0     0     0     0
     0     0     0     0     0     0     0     0     0     0     0     0
     0     1     0     0     0     0     0     0     0     0     0     0
     1     2     0     1     0     0     0     0     0     0     0     0
     0     0     0     0     0     0     0     0     0     0     1     0
     0     0     0     0     0     0     0     0     0     0     2     1
     1     0     2     1     0     0     0     0     0     0     1     2
     0     0     0     0     0     0     0     0     0     0     0     0
     0     0     0     0     0     0     0     0     0     0     0     0
     0     0     0     0     0     0     0     0     0     0     0     0
     0     2     0     0     0     0     0     0     0     0     0     0
    14
     0     0     0     0     0     0     0     0     0     0     0     0
     0     1     0     0     0     0     0     0     0     0     0     0
     0     0     0     0     0     0     0     0     0     0     0     0
     0     0     0     0     0     0     0     0     0     0     0     0
     0     0     7     1     0     0     0     0     0     0     0     0
     0     0     1     0     0     0     0     0     0     0     0     0
     0     0     0     0     0     0     0     0     0     0     0     0
     0     0     0     0     0     0     0     0     0     0     0     0
     0     1     0     0     0     0     0     0     1     0     0     0
     0     0     0     0     0     0     0     0     1     0     0     0
     0     0     0     0     0     0     0     0     0     0     0     0
     0     0     0     0     0     0     0     0     0     0     0     0
     0     0     0     0     0     0     0     0     0     0     0     0
     0     0     0     0     0     0     0     0     0     0     0     0
     0     0     0     0     0     0     0     0     0     0     0     0
     0     0     0     0     0     0     0     0     0     0     0     0
     0     0     0     1     0     0     0     0     0     0     0     0
     0     0     0     0     0     0     0     0     0     0     0     0
     0     0     1     0     0     0     0     0     0     0     0     0
     0     0     0     0     0     0     0     0     0     0     0     0
     0     0     0     0     0     0     0     0     0     0     0     0
     0     0     0     0     0     0     0     0     0     0     0     0
     0     0     0     0     0     0     0     0     0     0     0     0
     0     0     0     0     0     0     0     0     0     0     0     0
     0     0     0     0     0     0     0     0     0     0     0     0
     0     0     0     0     0     0     0     0     0     0     0     0
     1     0     0     0     0     0     0     0     0     0     0     0
     0     0     1     0     0     0     0     0     0     0     0     0
     0     2     1     0     0     0     0     0     0     0     0     0
     0     0     0     0     0     0     0     0     0     0     0     0
     0     0     1     0     0     0     0     0     0     0     0     1
     0     0     0     1     0     0     0     0     0     0     0     0
     0     0     1     0     0     0     0     0     0     0     0     0
     0     1     0     0     0     0     0     0     2     0     0     0
     0     0     0     0     0     0     0     0     0     0     0     0
     0     0     0     0     0     0     0     0     0     0     0     0
    15
     0     1     0     0     0     0     0     0     0     0     0     0
     0     1     0     0     0     0     0     0     0     0     0     0
     0     0     0     0     0     0     0     0     0     0     0     0
     0     0     0     0     0     0     0     0     0     0     0     0
     0     0     3     1     0     0     0     0     0     0     0     0
     0     0     1     0     0     0     0     0     0     0     0     0
     0     0     0     0     0     0     0     0     0     0     0     0
     0     0     0     0     0     0     0     0     0     0     0     0
     0     0     0     0     0     0     0     0     0     0     0     0
     0     0     0     0     0     0     0     0     0     0     0     0
     0     0     0     0     0     0     0     0     0     0     0     0
     0     0     0     0     0     0     0     0     0     0     0     0
     0     0     0     1     0     0     0     0     0     0     0     0
     0     0     0     0     0     0     0     0     0     0     0     0
     0     0     0     0     0     0     0     0     0     0     0     0
     0     0     0     0     0     0     0     0     0     0     0     0
     0     0     0     0     0     0     0     0     0     0     0     0
     0     0     0     0     0     0     0     0     0     0     0     0
     0     0     0     0     0     0     0     0     0     0     0     0
     0     0     0     0     0     0     0     0     0     0     0     0
     0     0     0     0     0     0     0     0     0     0     0     0
     0     0     0     0     0     0     0     0     0     0     0     0
     0     0     0     0     0     0     0     0     0     0     0     0
     0     0     0     0     0     0     0     0     0     0     0     0
     0     0     0     0     0     0     0     0     0     0     0     0
     0     0     0     0     0     0     0     0     0     0     0     0
     0     0     0     0     0     0     0     0     0     0     0     0
     0     0     0     0     0     0     0     0     0     0     0     0
     0     0     0     0     0     0     0     0     0     0     0     0
     0     0     0     0     0     0     0     0     0     0     0     0
     0     0     0     0     0     0     0     0     0     0     1     0
     0     0     0     0     0     0     0     0     0     0     0     0
     0     0     0     0     0     0     0     0     0     0     0     0
     0     0     0     0     0     0     0     0     3     0     0     0
     0     0     0     0     0     0     0     0     0     0     0     0
     0     0     0     0     0     0     0     0     0     0     0     0
    16
     0     0     0     0     0     0     0     0     0     0     0     0
     0     0     0     0     0     0     0     0     0     0     0     0
     0     0     0     0     0     0     0     0     0     0     0     0
     0     0     0     0     0     0     0     0     0     0     0     0
     0     1     0     1     0     0     0     0     0     0     0     0
     0     0     0     0     0     0     0     0     0     0     0     0
     0     0     0     0     0     0     0     0     0     0     0     0
     0     0     0     0     0     0     0     0     0     0     0     0
     0     0     0     0     0     0     0     0     0     0     0     0
     0     0     0     0     0     0     0     0     0     0     0     0
     0     0     0     0     0     0     0     0     0     0     0     0
     0     0     0     0     0     0     0     0     0     0     0     0
     0     0     0     0     0     0     0     0     0     0     0     0
     0     0     0     0     0     0     0     0     0     0     0     0
     0     0     0     0     1     0     0     0     0     0     0     0
     0     0     0     0     0     0     0     0     0     0     0     0
     0     0     0     0     0     0     0     0     0     0     0     0
     0     0     0     0     3     0     0     0     0     0     0     0
     0     0     0     0     0     0     0     0     0     0     0     0
     0     0     0     0     0     0     0     0     0     0     0     0
     0     0     0     0     0     0     0     0     0     0     0     0
     0     0     0     0     0     0     0     0     0     0     0     0
     0     0     0     0     0     0     0     0     0     0     0     0
     0     0     0     0     0     0     0     0     0     0     0     0
     0     0     0     0     0     0     0     0     0     0     0     0
     0     0     0     0     0     0     0     0     0     0     0     0
     0     1     0     0     0     0     0     0     0     0     0     0
     0     0     0     0     0     0     0     0     0     0     0     0
     0     2     0     0     0     0     0     0     0     0     0     0
     0     0     0     0     0     0     0     0     1     0     0     0
     0     0     0     0     0     0     0     0     0     0     0     0
     0     0     0     0     0     0     0     0     0     0     0     0
     0     0     0     0     0     0     0     0     0     0     0     0
     0     1     0     0     0     0     0     0     1     0     0     0
     0     0     0     0     0     0     0     0     0     0     0     0
     0     1     0     0     0     0     0     0     0     0     0     0
    17
     0     0     0     0     0     0     0     0     0     0     0     0
     0     0     0     0     0     0     0     0     0     0     0     0
     0     0     0     0     0     0     0     0     0     0     0     0
     0     0     0     0     0     0     0     0     0     0     0     0
     0     1     0     0     0     0     0     0     0     0     0     0
     0     0     0     0     0     0     0     0     0     0     0     0
     0     0     0     0     0     0     0     0     0     0     0     0
     0     0     0     0     0     0     0     0     0     0     0     0
     0     0     0     0     0     0     0     0     0     0     0     0
     0     0     0     0     0     0     0     0     0     0     0     0
     0     0     0     0     0     0     0     0     0     0     0     0
     0     0     0     0     0     0     0     0     0     0     0     0
     0     1     0     0     0     0     0     0     0     0     0     0
     0     0     0     0     0     0     0     0     0     0     0     0
     0     0     0     0     0     0     0     0     0     0     0     0
     0     0     0     0     0     0     0     0     0     0     0     0
     0     0     0     0     0     0     0     0     0     0     0     0
     0     0     0     0     0     0     0     0     0     0     0     0
     0     0     0     0     0     0     0     0     0     0     0     0
     0     0     0     0     0     0     0     0     0     0     0     0
     0     0     0     0     0     0     0     0     0     0     0     0
     0     0     0     0     0     0     0     0     0     0     0     0
     0     0     0     0     0     0     0     0     0     0     0     0
     0     0     0     0     0     0     0     0     0     0     0     0
     0     0     0     0     0     0     0     0     0     0     0     0
     0     0     0     0     0     0     0     0     0     0     0     0
     0     0     0     0     1     0     0     0     0     0     0     0
     0     0     0     0     0     0     0     0     0     0     0     0
     0     0     0     0     0     0     0     0     0     0     0     0
     0     0     0     0     0     0     0     0     0     0     0     0
     0     0     0     0     0     0     0     0     0     0     0     0
     0     0     0     0     0     0     0     0     0     0     0     0
     0     0     0     0     0     0     0     0     0     0     0     0
     0     0     0     0     0     0     0     0     0     0     0     0
     0     0     0     0     0     0     0     0     0     0     0     0
     0     0     0     0     0     0     0     0     0     0     0     0
    18
     0     0     0     0     0     0     0     0     0     0     0     0
     0     0     0     0     0     0     0     0     0     0     0     0
     0     0     0     0     0     0     0     0     0     0     0     0
     0     0     0     0     0     0     0     0     0     0     0     0
     0     0     0     0     0     0     0     0     0     0     0     0
     0     0     0     0     0     0     0     0     0     0     1     0
     0     0     0     0     0     0     0     0     0     0     0     0
     0     0     0     0     0     0     0     0     0     0     0     0
     0     0     0     0     0     0     0     0     0     0     0     0
     0     0     0     0     0     0     0     0     0     0     0     0
     0     0     0     0     0     0     0     0     0     0     0     0
     0     0     0     0     0     0     0     0     0     0     0     0
     0     0     0     0     0     0     0     0     0     0     0     0
     0     0     0     0     0     0     0     0     0     0     0     0
     0     0     0     0     1     0     0     0     0     0     0     0
     0     0     0     0     1     0     0     0     0     0     0     0
     0     0     0     0     0     0     0     0     0     0     0     0
     0     0     0     0     0     0     0     0     0     0     0     0
     0     0     0     0     0     0     0     0     0     0     0     0
     0     0     0     0     0     0     0     0     0     0     0     0
     0     0     0     0     0     0     0     0     0     0     0     0
     0     0     0     0     0     0     0     0     0     0     0     0
     0     0     0     0     0     0     0     0     0     0     0     0
     0     0     0     0     0     0     0     0     0     0     0     0
     0     0     0     0     0     0     0     0     0     0     0     0
     0     0     0     0     0     0     0     0     0     0     0     0
     0     0     0     0     0     0     0     0     0     0     0     0
     0     0     0     0     0     0     0     0     0     0     0     0
     0     0     0     0     0     0     0     0     0     0     0     0
     0     0     0     0     0     0     0     0     0     0     0     0
     0     0     0     0     0     0     0     0     0     0     0     0
     0     0     0     0     0     0     0     0     0     0     0     0
     0     0     0     0     0     0     0     0     0     0     0     0
     0     0     0     0     0     0     0     0     1     0     0     0
     0     0     0     0     0     0     0     0     0     0     0     0
     0     0     0     0     0     0     0     0     0     0     0     0
    19
     0     0     0     0     0     0     0     0     0     0     0     0
     0     0     0     0     0     0     0     0     0     0     0     0
     0     0     0     0     0     0     0     0     0     0     0     0
     0     0     0     0     0     0     0     0     0     0     0     0
     0     0     0     0     0     0     0     0     0     0     0     0
     0     0     0     0     0     0     0     0     0     0     0     0
     0     0     0     0     0     0     0     0     0     0     0     0
     0     0     0     0     0     0     0     0     0     0     0     0
     0     0     0     0     0     0     0     0     0     0     0     0
     0     0     0     0     0     0     0     0     0     0     0     0
     0     0     0     0     0     0     0     0     0     0     0     0
     0     0     0     0     0     0     0     0     0     0     0     0
     0     0     0     0     0     0     0     0     0     0     0     0
     0     0     0     0     0     0     0     0     0     0     0     0
     0     0     0     0     1     0     0     0     0     0     0     0
     0     0     0     0     0     0     0     0     0     0     0     0
     0     0     0     0     0     0     0     0     0     0     0     0
     0     0     0     0     0     0     0     0     0     0     0     0
     0     0     0     0     0     0     0     0     0     0     0     0
     0     0     0     0     0     0     0     0     0     0     0     0
     0     0     0     0     0     0     0     0     0     0     0     0
     0     0     0     0     0     0     0     0     0     0     0     0
     0     0     0     0     0     0     0     0     0     0     0     0
     0     0     0     0     0     0     0     0     0     0     0     0
     0     0     0     0     0     0     0     0     0     0     0     0
     0     0     0     0     0     0     0     0     0     0     0     0
     0     0     0     0     1     0     0     0     0     0     0     0
     0     0     0     0     0     0     0     0     0     0     0     0
     0     0     0     0     0     0     0     0     0     0     0     0
     0     0     0     0     0     0     0     0     0     0     0     0
     0     0     0     0     0     0     0     0     0     0     0     0
     0     0     0     0     0     0     0     0     0     0     0     0
     0     0     0     0     0     0     0     0     0     0     0     0
     0     0     0     0     0     0     0     0     0     0     0     0
     0     0     0     0     0     0     0     0     0     0     0     0
     0     0     0     0     0     0     0     0     0     0     0     0
    20
     0     0     0     0     0     0     0     0     0     0     0     0
     0     0     0     0     0     0     0     0     0     0     0     0
     0     0     0     0     0     0     0     0     0     0     0     0
     0     0     0     0     0     0     0     0     0     0     0     0
     0     1     0     0     0     0     0     0     0     0     0     0
     0     0     0     0     0     0     0     0     0     0     0     0
     0     0     0     0     0     0     0     0     0     0     0     0
     0     0     0     0     0     0     0     0     0     0     0     0
     0     0     0     0     0     0     0     0     0     0     0     0
     0     0     0     0     0     0     0     0     0     0     0     0
     0     0     0     0     0     0     0     0     0     0     0     0
     0     0     0     0     0     0     0     0     0     0     0     0
     0     0     0     0     0     0     0     0     0     0     0     0
     0     0     0     0     0     0     0     0     0     0     0     0
     0     0     0     0     0     0     0     0     0     0     0     0
     0     0     0     0     0     0     0     0     0     0     0     0
     0     0     0     0     0     0     0     0     0     0     0     0
     0     0     0     0     0     0     0     0     0     0     0     0
     0     0     0     0     0     0     0     0     0     0     0     0
     0     0     0     0     0     0     0     0     0     0     0     0
     0     0     0     0     0     0     0     0     0     0     0     0
     0     0     0     0     0     0     0     0     0     0     0     0
     0     0     0     0     0     0     0     0     0     0     0     0
     0     0     0     0     0     0     0     0     0     0     0     0
     0     0     0     0     0     0     0     0     0     0     0     0
     0     0     0     0     0     0     0     0     0     0     0     0
     0     0     0     0     0     0     0     0     0     0     0     0
     0     0     0     0     0     0     0     0     0     0     0     0
     0     0     0     0     0     0     0     0     0     0     0     0
     0     0     0     0     0     0     0     0     0     0     0     0
     0     0     0     0     0     0     0     0     0     0     0     0
     0     0     0     0     0     0     0     0     0     0     0     0
     0     0     0     0     0     0     0     0     0     0     0     0
     0     0     0     0     0     0     0     0     0     0     0     0
     0     0     0     0     0     0     0     0     0     0     0     0
     0     0     0     0     0     0     0     0     0     0     0     0
