20
Pittsburgh, PA 94823
     0
      -7.200      -5.000        .000       6.000      13.300      18.200
      21.100      20.600      16.100       8.800       2.700      -3.300
      -2.300       -.700       4.400      11.100      17.200      22.200
      24.300      23.200      20.000      13.300       6.600        .600
       2.200       3.900      10.600      16.700      21.700      25.600
      27.200      26.700      23.800      17.700      11.600       4.400
      56.000      52.000      45.000      38.000      42.000      47.000
      49.000      51.000      51.000      48.000      52.000      58.000
      68.000      64.000      60.000      54.000      57.000      60.000
      61.000      63.000      64.000      61.000      66.000      70.000
      78.000      77.000      77.000      73.000      74.000      75.000
      76.000      78.000      79.000      77.000      79.000      81.000
       2.700       2.700       2.700       2.700       2.400       2.400
       2.000       2.000       2.000       2.400       2.400       2.700
       4.000       4.000       4.000       4.000       3.100       3.100
       2.700       2.700       2.700       3.100       3.500       4.000
       5.200       5.200       5.200       5.200       4.400       4.000
       4.000       3.500       4.000       4.400       4.800       5.200
     250.000     260.000     280.000     280.000     280.000     240.000
     240.000     240.000     240.000     240.000     260.000     250.000
     1
      -2.274       -.348       5.508      11.423      17.355      21.661
      24.118      23.261      19.783      13.259       7.303        .679
      67.269      64.384      60.502      55.338      58.108      61.162
      62.608      64.270      64.581      62.245      65.592      69.157
     2
     6    14    16    20    23    26    22    35    17     8    10     6
    10    17    13    19    25    39    37    41    43    26    18    12
     8    15    15    14    20    20    34    35    24    15    12     9
    14    14     9    29    34    34    39    55    33    25     8    14
    23    28    49    34    54    40    62    53    47    45    32    19
    16    22    26    32    34    38    38    59    53    30    23    18
    23    13    32    26    28    42    47    57    42    51    36    16
    18    15    27    25    33    34    35    50    44    28    26    18
    27    27    37    31    56    49    57    89    62    46    46    25
    19    26    33    26    39    37    49    56    48    38    22    21
    23    31    19    41    50    50    58    73    55    56    35    29
    20    32    42    39    49    61    77    69    58    58    39    19
    18    26    26    44    45    67    65    70    57    39    25    22
    36    31    43    54    63    69    85    89    64    70    40    32
    29    20    19    25    39    43    59    57    59    33    19    18
    35    27    33    41    49    57    92    80    63    61    29    27
    19    12    15    13    32    55    55    64    57    41    24    16
    35    19    30    53    69    89    86   109    74    52    30    31
    12    20    13    19    31    34    48    72    38    27    16    16
    18    15    22    28    52    62    78    82    53    35    27    28
    13     4     6    14    32    33    51    61    29    16     9    12
    12    13    24    18    20    42    51    73    41    15    15     7
    29    22    17    33    44    87    76    79    63    33    21    26
    25    13    20    18    46    51    78    70    43    34    20    13
    24    22    14    25    31    53    57    51    39    24    17    18
    20    17    19    15    30    31    44    46    30    22    21    12
    20    19    18    37    34    55    46    64    52    32    19     9
    14    11    22    16    25    36    34    42    31    25    14     8
    21    20    14    25    31    43    39    52    39    40    21    17
    11    11    16    21    26    34    25    43    25    14     7    10
     8    12    15    23    17    27    26    36    14    15    15     5
    14    14    13    18    26    29    37    42    25    20    11     9
     2     7     6     7    19    17    13    20    19     5     7     4
     0     9    11    19    16    25    21    26    20    16     7     5
     7     4     6    17    22     9    18    18    15    18    11     7
    12    19    18    26    32    38    31    49    43    29    12     9
     3
    29    28    41    63    75    78    98    89    82    46    32    22
    32    54    70    68   103   116   115   132    94    68    45    23
    21    25    44    35    58    54    76    83    68    35    31    16
    27    32    50    61    79    72    92    93    71    60    34    31
    53    69   102    67   128   113   128   171   127    73    59    55
    52    56    85    58   101    74   103   111   104    71    36    44
    68    57    85    66   115    92    90   100   109    59    63    68
    54    60    74    56    77    63    79    79    81    60    56    55
    63    58    85    67   106    82    79    83   104    97    58    61
    53    52    64    51    81    55    37    72    66    96    52    52
    60    66    70    57    86    70    82    91    96    85    75    70
    61    57    88    66    74    98    99    90    91   104    62    78
    69    46    68    65   106    97    81    93   111    86    79    89
    73    71    77    87   123   113   112   115   146   117    85    95
    56    47    56    60    92    67    72    91    82    73    70    55
    83    63    68    85   116   104   122   125   106   103    77    97
    83    53    48    60    85    89   109   123   113    91    97    90
   100    95    88   107   152   204   225   204   174   128   112    99
    63    31    39    60    97   137   154   140   122    72    51    59
    97    67    52    65   109   188   201   183   134   106    64    68
    46    30    24    36    72   135   134   125    92    42    40    33
    43    46    33    45    93   167   183   184   134    70    50    45
    95    60    69    69   139   236   281   224   156   127   100    88
    81    60    66    76   107   181   208   210   127    91    73    78
    83    71    58    56   101   161   208   182   113    97    69    66
    56    58    77    54    98   144   145   158   102    90    55    74
    69    56    71    61   112   149   167   170   130   116    81    89
    47    32    61    55    83    92   140    97    85    75    53    53
    57    33    54    87   105   130   127   138   118    80    64    42
    41    40    50    62   100    93   109   119    69    59    47    34
    36    37    54    70    92    98    90    94    76    52    32    33
    28    38    64    87   100   108   144   118    89    69    37    34
    21    16    38    50    82    65    75    75    56    34    26    18
    30    46    60    67   117   107    96   129    61    67    46    29
    25    40    65    75    83    81    88    80    82    67    31    31
    65    71    75    87   133   125   127   176   120    81    41    32
     4
    20    33    30    33    45    44    51    34    36    20    18     8
    17    25    38    36    45    52    52    58    59    34    15    23
     7    17    37    11    25    30    22    28    29    17    11     5
    15    16    21    15    31    30    17    29    35    12    13     6
    28    43    49    32    38    34    40    32    40    31    22    20
    20    27    53    59    54    32    53    24    42    24    19    22
    42    45    51    39    56    31    23    34    58    24    38    23
    28    22    45    46    44    20    29    20    30    29    23    24
    25    33    58    46    38    36    36    31    47    26    24    24
    16    17    34    32    31    23    24    25    22    26    16    23
    24    36    46    40    45    15    28    19    33    40    38    23
    30    35    59    44    44    21    24    31    39    57    31    40
    25    22    54    37    34    32    25    23    37    34    36    37
    39    25    52    52    60    42    29    34    48    45    54    63
    27    26    47    30    29    37    18    18    32    36    24    41
    52    31    47    46    66    49    56    46    48    43    58    53
    43    27    34    45    51    46    44    32    45    43    47    34
    61    58    52    70    78    90    78    83    72    84    56    51
    54    36    31    27    64    84    64    57    48    65    37    41
    60    39    55    56    83   134   102   110    95    61    56    60
    43    26    26    24    49    81    90    62    70    43    46    40
    59    27    45    41    61   130   120   104   101    59    55    52
    88    76    75    70   123   191   191   151   121    98    80    97
    71    66    49    64    82   154   144   117    88    98    67    65
   101    53    64    61    84   131   146   111    80    89    66    62
    56    53    54    59    45   104   100    90    68    87    62    60
    68    56    59    62   102   124   106    91    81    53    66    75
    55    47    66    50    69    61    71    72    69    53    49    74
    59    65    55    73    95    81    89    99    75    62    60    53
    39    47    50    76    81    70    87    83    56    50    52    35
    26    36    41    52    88    75    63    42    40    35    42    30
    22    46    62    67   100    96   106    88    51    56    59    27
    32    36    52    56    71    69    62    68    45    49    27    29
    28    55    57    64    90    76    88    88    48    48    43    25
    25    43    44    67    71    66    68    46    52    40    28    23
    26    44    54    84   116    84    87    82    63    64    34    28
     5
     8    23    38    48    46    38    20    27    34     7    14     7
    13    23    42    33    34    38    31    27    43    20    10    17
     2     5    20    14    15    11     7    12    13     3     4     4
     3     6    17    15    19    17    10    10    16     5     3     3
    16    31    36    21    29    24    16    11    24    12     7    11
     9    19    30    32    35    15     7     8    10    18     5     4
    18    33    44    35    41    20    14    16    15    16    16    13
    16    19    36    32    27    16    16    11    16    18    18     8
    17    26    62    45    39    12    21     7    18    13    25    18
    13    14    43    40    24    10    14     6     6    26    16    15
    20    37    81    51    46     7    21     6    20    31    34    25
    29    29    67    56    47    10    14     8    26    52    46    21
    19    31    52    35    65    19    19    19    34    56    37    28
    17    25    54    34    52    23    14    14    36    40    47    17
    19    20    35    21    28    22    16    13    24    23    25    15
    33    17    29    34    55    26    26    25    22    37    23    31
    29    19    30    35    38    26    17    22    30    38    33    39
    57    50    62    79    76    73    50    55    64    69    61    54
    24    54    46    47    47    69    66    49    48    73    48    61
    78    82    84    88    92   104    70    78    86   100    81    94
    61    53    70    60    80    88    58    70    65    95    58    73
   104    78    96    74   105   136   106   107   102   107   101   113
   174   126   104   125   163   246   177   191   144   182   142   181
   142    83    96   115   143   207   163   141   102   121   114   137
   174   128   137   106   144   169   175   139   123   132   128   163
   170   120   132   127   102   135   100    97    80    97   103   116
   164   129   148   131   132   147   132   114   104   111   146   159
   127   105   122   114    79    90    86    90    78    98    89   101
   110   115   131   174   111   111   106   119    79    80   122   119
    86   100   128   137   123    98   107    76    65    83    76    73
    50    95   107    98   127   108    82    74    72    85    62    52
    60    93   113   174   161   127   118   100    70    70    54    56
    36    63    74    91   118    99    70    53    55    45    46    30
    52    71    87   131   155    93    84    77    71    73    42    28
    16    41    67    94   111    76    50    52    55    48    31    19
    26    61    72   105   130   102    84    75    86    63    35    32
     6
     2     2     4    12     8     4     3     6     9     3     2     1
     3     4    10    15     6    12     4     4     3     1     1     2
     2     1     5     1     1     2     3     2     7     2     2     0
     1     1     5     8     2     2     0     3     2     0     0     0
     6     4     8     8     3     3     1     2     3     2     1     1
     4     9     6    15     3     2     3     0     4     3     1     2
    10     8    12    12     5     3     0     1     2     6     5     2
     3    11     6     7     2     1     3     1     3     1     2     4
     2     8    15    20     7     1     1     1     4     2     5     9
     2     8     9    12     6     2     1     4     2     3     1     9
     1    13    44    30    21     1     1     1     1     6     8    14
     8    21    30    26    14     2     2     3     8    15    16    10
    13    16    31    25    16     2     0     3     2    19    14    12
     8    11    38    17    17     6     3     5     8     8    18     7
     6     5    12     6     7     2     4     1     3    10    11     2
    12     8    19     9    18     5     1     5     5    10     9     7
    12     4    15    13     8     4     3     3     6     8    13     3
    11    11    29    32    18    17     9    10    14    13    27    10
    13    23    24    28    20    19     7    10    15    24    24    29
    28    36    46    50    45    47    23    13    29    49    31    59
    32    40    47    39    45    29    20    16    27    33    47    45
    78    57    67    56    75    63    46    28    43    57    74    63
   164    87   127   122   126    88    89    83    82   123   109   116
   130    92    98    99    92    98    76    63    70    87   126   126
   166   110   120    97   109   103    65    60    63   109   138   178
   165   109   103    99    63    65    42    36    44    82   102   104
   165   129   166   151    81    79    51    32    48    99   119   142
   116   111   100   114    57    45    41    27    38    75    77    76
   104   111   166   163   103    68    67    36    40    80   125    88
    65    94   122   101    79    61    41    29    43    50    76    57
    53    66    95   105    77    55    31    21    55    53    39    33
    41    64   109   140    68    61    57    38    40    36    40    26
    20    42    44    75    64    46    35    17    18    34    14    30
    26    47    56    73    63    42    33    24    27    43    21    22
     8    10    43    46    46    29    17     5     9    16    10     8
     5    16    38    32    28    22    23    12    19    18     9     1
     7
     0     0     1     1     1     0     0     1     0     0     0     0
     0     0     2     3     0     1     1     0     2     0     0     0
     0     0     0     1     0     0     0     0     0     0     0     0
     0     0     0     0     0     1     0     0     0     0     0     0
     0     0     2     0     0     0     0     0     0     0     0     0
     1     1     1     1     0     0     0     0     0     1     0     1
     2     1     5     0     0     0     0     0     0     1     1     1
     0     1     0     1     1     0     0     0     0     1     0     1
     0     0     0     5     2     0     0     0     0     0     0     0
     0     1     2     3     1     0     0     0     0     0     2     1
     0     2    17     8     5     0     0     0     0     0     1     1
     0     4    10     6     2     0     0     0     0     2     0     4
     0     3     7     7     2     0     0     0     1     4     0     0
     0     0     5     6     2     0     0     1     1     2     3     0
     1     0     4     1     1     0     1     0     0     1     0     2
     4     2    10     2     1     1     1     0     1     1     3     0
     2     0     3     4     0     2     0     0     0     0     3     1
     4     2     7     1     2     1     1     0     4     2     4     1
     3     1     3     3     3     3     0     0     1    11     4     4
    11     3    15    14    12     4     1     2     4    10     7    10
     7    13    11    16    12     6     2     1     5     7    15     8
    23    16    31    14    22    12    11     7     2    24    28    21
    62    42    51    40    25    22    12    12    19    25    36    28
    48    35    31    41    32    20    11    10    13    20    43    31
    80    47    58    62    41    26    13     5    15    29    42    53
    57    32    45    45    24    14     8     6     6    20    37    45
    64    54    61    54    28    20     7     7     7    26    40    41
    35    26    49    32    16    11     9     8     8    24    26    35
    46    48    68    71    18    13     8    10    15    32    49    39
    28    30    54    54    21    10     8    16     6    14    25    28
    12    20    31    34    25    15     4     2    16    11    11    11
    12    21    39    48    18    10     7     6     5    12    10     7
     5     8    15    17     8     8     4     1     2     3     1     8
     4     5    12    13    12     8     2     2     1     8     8     5
     2     1     2     8     6     2     3     0     0     3     2     1
     5     0     4     4     5     2     0     0     1     2     1     3
     8
     0     0     0     0     0     0     0     0     0     2     0     0
     0     0     4     1     0     1     0     0     0     0     0     0
     0     0     0     1     0     0     0     0     0     0     0     0
     0     0     0     0     0     0     0     0     0     0     0     0
     0     0     0     0     0     0     0     0     0     0     0     0
     0     0     0     1     0     0     0     0     1     1     0     0
     1     1     1     0     0     0     0     0     0     0     0     0
     0     0     1     1     0     0     0     0     0     0     0     0
     0     1     1     1     0     0     0     0     0     0     0     0
     0     0     0     3     0     0     0     0     0     0     0     0
     0     0     4     4     1     0     0     0     0     0     2     0
     0     0     0     3     0     0     0     0     0     0     1     0
     0     2     4     3     1     0     0     0     0     0     0     2
     0     0     3    10     0     0     0     0     0     0     0     1
     1     0     4     2     0     0     0     0     1     1     0     0
     0     2     3     2     0     0     0     0     0     0     1     0
     0     0     5     2     0     1     0     0     0     0     0     0
     1     2     4     1     1     1     1     0     0     2     3     1
     5     4     3     2     1     1     0     0     0     2     6     2
     4     7    15    10     3     1     0     0     0     3     5     4
     3     4     9     8     7     0     1     0     0     3    11     4
    13     9    18    17     9     1     1     0     3    10     7    10
    43    25    28    36    23     6     4     3     5    22    19    20
    49    16    40    36    17     8     0     3     8    15    27    22
    75    36    49    61    41     7     9     1    13    12    26    62
    52    33    29    37    21     6     2     2     6    13    35    31
    49    38    54    66    21     4     2     3    11    15    18    43
    29    24    47    26    12     5     1     2     5    12    22    25
    44    31    55    48    30     7     5     7     2    14    38    31
    16    24    39    38    10     6     1     1     3     9    14    29
     9    16    22    40    12     6     5     0     0     5    10     9
     6    14    15    29     8     2     1     1     1     5     8     9
     1     2     3     6     2     1     0     0     0     1     0     4
     1     8     1     3    10     3     1     0     1     2     1     5
     0     3     2     0     3     1     0     0     0     0     0     1
     0     0     3     4     0     2     0     1     1     0     0     0
     9
     0     0     0     0     0     0     0     0     0     0     0     0
     0     0     0     0     0     0     0     0     0     0     0     0
     0     0     0     0     0     0     0     0     0     0     0     0
     0     0     0     0     0     0     0     0     0     0     0     0
     0     0     0     0     0     0     0     0     0     0     0     0
     1     0     0     0     0     0     0     0     0     0     0     0
     0     0     0     0     0     0     0     0     0     0     0     0
     0     0     0     0     0     0     0     0     0     0     0     0
     0     0     0     0     0     0     0     0     0     0     0     0
     1     0     0     1     0     0     0     0     0     0     0     0
     0     0     0     0     0     0     0     0     0     0     0     0
     0     0     1     0     0     0     0     0     0     0     0     0
     0     1     0     1     0     0     0     0     0     0     1     0
     0     1     0     1     0     0     0     0     0     0     0     0
     0     0     1     1     0     0     0     0     0     1     0     0
     0     1     0     0     0     0     0     0     0     0     0     0
     0     0     0     0     0     0     0     0     0     0     0     0
     0     1     1     1     0     0     0     0     1     0     0     0
     0     0     1     1     0     0     0     0     0     0     1     0
     1     1     4     0     0     0     0     0     0     0     0     2
     0     1     1     1     1     0     0     0     0     0     0     0
     0     4     7     5     1     0     0     1     0     1     2     2
     7     5    10     9     3     1     0     0     0     2     2     4
    12    10    10     4     4     2     0     0     0     3     6     4
    24    11    13    16     9     0     0     0     2     1     5    15
    18     8     9    13     4     1     1     1     1     4     7    12
    10     5    14     9    10     1     0     0     0     1     8    15
     3     4    10     5     6     1     0     0     0     0     2     4
     6     3     8     7     5     1     0     0     0     2     0     5
     5     4    12     7     1     3     0     0     0     0     5     5
     2     2     5     5     4     0     0     0     0     1     0     2
     0     4     2     5     0     1     0     0     2     0     0     1
     0     0     0     1     1     0     0     0     0     0     0     0
     2     0     0     0     0     0     0     0     0     0     0     0
     0     2     0     2     0     0     2     1     0     0     0     0
     0     0     0     1     0     0     0     0     0     0     0     0
    10
     0     0     0     0     0     0     0     0     0     0     0     0
     0     0     0     0     0     0     0     0     0     0     0     0
     0     0     0     0     0     0     0     0     0     0     0     0
     0     0     0     0     0     0     0     0     0     0     0     0
     0     0     0     0     0     0     0     0     0     0     0     0
     0     0     0     0     0     0     0     0     0     0     0     0
     0     0     0     0     0     0     0     0     0     0     0     0
     0     0     0     0     0     0     0     0     0     0     0     0
     0     0     0     0     0     0     0     0     0     0     0     0
     0     0     0     0     0     0     0     0     0     0     0     0
     0     0     0     0     0     0     0     0     0     0     0     0
     0     0     0     0     0     0     0     0     0     0     0     0
     0     0     1     0     0     0     0     0     0     0     0     0
     0     0     0     0     0     0     0     0     0     0     0     0
     0     0     0     1     0     0     0     0     0     0     0     0
     0     0     0     0     0     0     0     0     0     0     0     0
     0     0     0     0     0     0     0     0     0     1     0     0
     0     0     0     0     0     0     1     0     0     0     0     0
     0     0     2     1     0     0     0     0     0     0     1     0
     0     0     0     1     0     0     0     0     0     0     0     0
     0     0     0     1     1     0     0     0     0     0     0     0
     0     2     1     3     0     0     0     0     0     0     0     1
     3     1     1     3     0     0     0     0     0     1     0     1
    16     2     7     7     1     1     0     0     0     2     6     3
    17     7     9    13     8     2     0     0     0     4     5     3
    10     7     8    10     4     0     0     0     0     1     6     5
     5     4     6    10     4     0     0     0     0     0     6     5
     3     1     9     9     3     0     0     0     1     1     1     1
     1     2     9    10     2     0     1     0     0     0     1     1
     1     0     3     3     0     0     0     0     0     0     1     2
     2     1     4     2     2     0     0     0     0     1     0     1
     0     0     0     3     0     0     0     0     0     0     0     0
     0     1     0     0     0     0     0     0     0     0     0     0
     0     0     0     0     0     0     0     0     0     0     1     0
     0     1     0     0     0     0     0     0     0     0     0     0
     0     0     0     0     0     0     1     0     0     0     0     0
    11
     0     0     0     0     0     0     0     0     0     0     0     0
     0     0     0     0     0     0     0     0     0     0     0     0
     0     0     0     0     0     0     0     0     0     0     0     0
     0     0     0     0     0     0     0     0     0     0     0     0
     0     0     0     0     0     0     0     0     0     0     0     0
     0     0     0     0     0     0     0     0     0     0     0     0
     0     0     0     0     0     0     0     0     0     0     0     0
     0     0     0     0     0     0     0     0     0     0     0     0
     0     0     0     0     0     0     0     0     0     0     0     0
     0     0     0     0     0     0     0     0     0     0     0     0
     0     0     0     0     0     0     0     0     0     0     0     0
     0     0     0     0     0     0     0     0     0     0     0     0
     0     0     0     0     0     0     0     0     0     0     0     0
     0     0     0     0     0     0     0     0     0     0     0     0
     0     0     0     1     0     0     0     0     0     0     0     0
     0     0     0     1     0     0     0     0     0     0     0     0
     0     0     0     0     0     0     0     0     0     0     0     0
     0     0     0     0     0     0     0     0     0     0     0     0
     0     0     0     1     1     0     0     0     0     0     0     0
     0     0     0     0     1     0     0     0     0     0     0     0
     1     0     0     1     0     0     0     0     0     0     1     0
     0     0     0     0     0     0     0     0     0     0     0     1
     3     3     5     3     1     0     0     0     0     0     2     1
     5     1     5     6     1     0     0     0     0     1     0     1
    10     6    12    15     2     0     0     0     0     1     3     4
     8     5    13     7     2     0     0     0     0     1     2     8
     6     3     8     6     0     0     1     0     0     0     2     1
     0     4     3    12     0     0     0     0     0     0     1     0
     3     0     1     3     1     0     0     0     1     2     0     1
     7     1     5     2     1     0     0     0     0     0     1     1
     0     1     2     4     1     0     0     0     0     0     0     0
     1     2     0     0     0     0     0     0     0     0     0     0
     0     0     0     0     0     0     0     0     0     0     0     0
     0     0     0     0     0     0     0     0     0     0     0     0
     0     0     0     0     0     0     0     0     0     0     0     0
     0     0     0     0     0     0     0     0     0     0     0     0
    12
     0     0     0     0     0     0     0     0     0     0     0     0
     0     0     0     0     0     0     0     0     0     0     0     0
     0     0     0     0     0     0     0     0     0     0     0     0
     0     0     0     0     0     0     0     0     0     0     0     0
     0     0     0     0     0     0     0     0     0     0     0     0
     0     0     0     0     0     0     0     0     0     0     0     0
     0     0     0     0     0     0     0     0     0     0     0     0
     0     0     0     0     0     0     0     0     0     0     0     0
     0     0     0     0     0     0     0     0     0     0     0     0
     0     0     0     0     0     0     0     0     0     0     0     0
     0     0     0     0     0     0     0     0     0     0     0     0
     0     0     0     0     0     0     0     0     0     0     0     0
     0     0     0     0     0     0     0     0     0     0     0     0
     0     0     0     1     0     0     0     0     0     0     0     0
     0     0     0     0     0     0     0     0     0     0     0     0
     0     0     0     0     0     0     0     0     0     0     0     0
     0     0     0     0     0     0     0     0     0     0     0     0
     0     0     0     0     0     0     0     0     0     0     0     0
     0     0     0     0     0     0     0     0     0     0     0     0
     0     1     0     0     0     0     0     0     0     0     0     0
     0     0     0     0     0     0     0     0     0     0     0     0
     0     0     0     0     0     0     0     0     0     0     0     0
     5     1     0     2     0     0     0     0     0     0     0     0
     4     2     1     1     0     0     1     0     0     0     1     3
     3     1     7     3     0     0     0     0     0     1     1     4
     7     3     2     6     1     0     0     0     0     0     1     0
     2     4     1     1     2     0     0     0     0     0     1     1
     2     0     2     3     0     0     0     0     0     0     1     0
     0     1     0     1     1     0     1     0     0     0     0     0
     0     0     2     2     0     0     0     0     0     0     0     0
     0     0     0     2     0     0     0     0     0     0     0     0
     0     0     0     0     0     0     1     0     0     0     0     0
     0     0     0     0     0     0     0     0     0     0     0     0
     0     0     0     0     0     0     0     0     0     0     0     0
     0     0     0     0     0     1     0     0     0     0     0     0
     0     0     0     0     0     0     0     0     0     0     0     0
    13
     0     0     0     0     0     0     0     0     0     0     0     0
     0     0     0     0     0     0     0     0     0     0     0     0
     0     0     0     0     0     0     0     0     0     0     0     0
     0     0     0     0     0     0     0     0     0     0     0     0
     0     0     0     0     0     0     0     0     0     0     0     0
     0     0     0     0     0     0     0     0     0     0     0     0
     0     0     0     0     0     0     0     0     0     0     0     0
     0     0     0     0     0     0     0     0     0     0     0     0
     0     0     0     0     0     0     0     0     0     0     0     0
     0     0     0     0     0     0     0     0     0     0     0     0
     0     0     0     0     0     0     0     0     0     0     0     0
     0     0     0     0     0     0     1     0     0     0     0     0
     0     0     0     0     0     0     0     0     0     0     0     0
     0     0     0     0     0     0     0     0     0     0     0     0
     0     0     0     0     0     0     0     0     0     0     0     0
     0     0     0     0     0     0     0     0     0     0     0     0
     0     0     0     0     0     0     0     0     0     0     0     0
     0     0     0     0     0     0     0     0     0     0     0     0
     0     0     0     0     0     0     0     0     0     0     0     0
     0     0     0     0     0     0     0     0     0     0     0     0
     0     0     0     0     0     0     0     0     0     0     0     0
     0     0     0     1     0     0     0     0     0     0     0     0
     2     0     0     0     0     0     0     0     0     0     0     0
     0     0     2     1     0     0     0     0     0     0     0     0
     0     0     0     0     0     0     0     0     0     0     0     0
     0     1     0     3     0     0     0     0     0     0     0     0
     0     0     0     0     0     0     0     0     0     0     0     0
     0     0     0     0     0     0     0     0     0     0     0     0
     0     0     0     0     0     0     0     0     0     0     0     0
     0     0     0     0     0     0     0     0     0     0     0     0
     0     0     0     0     0     0     0     0     0     0     0     0
     0     0     0     0     0     0     1     0     0     0     0     0
     0     0     0     0     0     0     0     0     0     0     0     0
     0     0     0     0     0     0     0     0     0     0     0     0
     0     0     0     0     0     0     0     0     0     0     0     0
     0     0     0     0     0     0     0     0     0     0     0     0
    14
     0     0     0     0     0     0     0     0     0     0     0     0
     0     0     0     0     0     0     0     0     0     0     0     0
     0     0     0     0     0     0     0     0     0     0     0     0
     0     0     0     0     0     0     0     0     0     0     0     0
     0     0     0     0     0     0     0     0     0     0     0     0
     0     0     0     0     0     0     0     0     0     0     0     0
     0     0     0     0     0     0     0     0     0     0     0     0
     0     0     0     0     0     0     0     0     0     0     0     0
     0     0     0     0     0     0     0     0     0     0     0     0
     0     0     0     0     0     0     0     0     0     0     0     0
     0     0     0     0     0     0     0     0     0     0     0     0
     0     0     0     0     0     0     0     0     0     0     0     0
     0     0     0     0     0     0     0     0     0     0     0     0
     0     0     0     0     0     0     0     0     0     0     0     0
     0     0     0     0     0     0     0     0     0     0     0     0
     0     0     0     0     0     0     0     0     0     0     0     0
     0     0     0     0     0     0     0     0     0     0     0     0
     0     0     0     0     0     0     0     0     0     0     0     0
     0     0     0     0     0     0     0     0     0     0     0     0
     0     0     0     0     0     0     0     0     0     0     0     0
     0     0     0     0     0     0     0     0     0     0     0     0
     0     0     0     0     0     0     0     0     0     0     0     0
     0     0     1     0     0     0     0     0     0     0     0     0
     1     1     1     0     0     0     0     0     0     0     0     0
     0     1     0     0     0     0     0     0     0     0     0     0
     1     0     0     0     0     0     0     0     0     0     0     0
     0     0     0     0     0     0     0     0     0     0     0     0
     0     0     0     0     0     0     0     0     0     0     1     0
     0     0     0     0     0     0     0     0     0     0     0     0
     0     0     0     0     0     0     0     0     0     0     0     0
     0     0     0     0     0     0     0     0     0     0     0     0
     0     0     0     0     0     0     0     0     0     0     0     0
     0     0     0     0     0     0     0     0     0     0     0     0
     0     0     0     0     0     0     0     0     0     0     0     0
     0     0     0     0     0     0     0     0     0     0     0     0
     0     0     0     0     0     0     0     0     0     0     0     0
    15
     0     0     0     0     0     0     0     0     0     0     0     0
     0     0     0     0     0     0     0     0     0     0     0     0
     0     0     0     0     0     0     0     0     0     0     0     0
     0     0     0     0     0     0     0     0     0     0     0     0
     0     0     0     0     0     0     0     0     0     0     0     0
     0     0     0     0     0     0     0     0     0     0     0     0
     0     0     0     0     0     0     0     0     0     0     0     0
     0     0     0     0     0     0     0     0     0     0     0     0
     0     0     0     0     0     0     0     0     0     0     0     0
     0     0     0     0     0     0     0     0     0     0     0     0
     0     0     0     0     0     0     0     0     0     0     0     0
     0     0     0     0     0     0     0     0     0     0     0     0
     0     0     0     0     0     0     0     0     0     0     0     0
     0     0     0     0     0     0     0     0     0     0     0     0
     0     0     0     0     0     0     0     0     0     0     0     0
     0     0     0     0     0     0     0     0     0     0     0     0
     0     0     0     0     0     0     0     0     0     0     0     0
     0     0     0     0     0     0     0     0     0     0     0     0
     0     0     0     0     0     0     0     0     0     0     0     0
     0     0     0     0     0     0     0     0     0     0     0     0
     0     0     0     0     0     0     0     0     0     0     0     0
     0     0     0     0     0     0     0     0     0     0     0     0
     0     0     0     0     0     0     0     0     0     0     0     0
     0     0     0     0     0     0     0     0     0     0     0     0
     0     0     0     0     0     0     0     0     0     0     0     0
     1     0     0     0     0     0     0     0     0     0     0     0
     0     0     0     0     0     0     0     0     0     0     0     0
     1     0     0     0     0     0     0     0     0     0     0     0
     0     0     0     0     0     0     0     0     0     0     0     0
     0     0     0     0     0     0     0     0     0     0     0     0
     0     0     0     0     0     0     0     0     0     0     0     0
     0     0     0     0     0     0     0     0     0     0     0     0
     0     0     0     0     0     0     0     0     0     0     0     0
     0     0     0     0     0     0     0     0     0     0     0     0
     0     0     0     0     0     0     0     0     0     0     0     0
     0     0     0     0     0     0     0     0     0     0     0     0
    16
     0     0     0     0     0     0     0     0     0     0     0     0
     0     0     0     0     0     0     0     0     0     0     0     0
     0     0     0     0     0     0     0     0     0     0     0     0
     0     0     0     0     0     0     0     0     0     0     0     0
     0     0     0     0     0     0     0     0     0     0     0     0
     0     0     0     0     0     0     0     0     0     0     0     0
     0     0     0     0     0     0     0     0     0     0     0     0
     0     0     0     0     0     0     0     0     0     0     0     0
     0     0     0     0     0     0     0     0     0     0     0     0
     0     0     0     0     0     0     0     0     0     0     0     0
     0     0     0     0     0     0     0     0     0     0     0     0
     0     0     0     0     0     0     0     0     0     0     0     0
     0     0     0     0     0     0     0     0     0     0     0     0
     0     0     0     0     0     0     0     0     0     0     0     0
     0     0     0     0     0     0     0     0     0     0     0     0
     0     0     0     0     0     0     0     0     0     0     0     0
     0     0     0     0     0     0     0     0     0     0     0     0
     0     0     0     0     0     0     0     0     0     0     0     0
     0     0     0     0     0     0     0     0     0     0     0     0
     0     0     0     0     0     0     0     0     0     0     0     0
     0     0     0     0     0     0     0     0     0     0     0     0
     0     0     0     0     0     0     0     0     0     0     0     0
     0     0     0     0     0     0     0     0     0     0     0     0
     0     0     0     0     0     0     0     0     0     0     0     0
     0     0     0     0     0     0     0     0     0     0     0     0
     0     0     0     0     0     0     0     0     0     0     0     0
     0     0     0     0     0     0     0     0     0     0     0     0
     0     0     0     0     0     0     0     0     0     0     0     0
     0     0     0     0     0     0     0     0     0     0     0     0
     0     0     0     0     0     0     0     0     0     0     0     0
     0     0     0     0     0     0     0     0     0     0     0     0
     0     0     0     0     0     0     0     0     0     0     0     0
     0     0     0     0     0     0     0     0     0     0     0     0
     0     0     0     0     0     0     0     0     0     0     0     0
     0     0     0     0     0     0     0     0     0     0     0     0
     0     0     0     0     0     0     0     0     0     0     0     0
    17
     0     0     0     0     0     0     0     0     0     0     0     0
     0     0     0     0     0     0     0     0     0     0     0     0
     0     0     0     0     0     0     0     0     0     0     0     0
     0     0     0     0     0     0     0     0     0     0     0     0
     0     0     0     0     0     0     0     0     0     0     0     0
     0     0     0     0     0     0     0     0     0     0     0     0
     0     0     0     0     0     0     0     0     0     0     0     0
     0     0     0     0     0     0     0     0     0     0     0     0
     0     0     0     0     0     0     0     0     0     0     0     0
     0     0     0     0     0     0     0     0     0     0     0     0
     0     0     0     0     0     0     0     0     0     0     0     0
     0     0     0     0     0     0     1     0     0     0     0     0
     0     0     0     0     0     0     0     0     0     0     0     0
     0     0     0     0     0     0     0     0     0     0     0     0
     0     0     0     0     0     0     0     0     0     0     0     0
     0     0     0     0     0     0     0     0     0     0     0     0
     0     0     0     0     0     0     0     0     0     0     0     0
     0     0     0     0     0     0     0     0     0     0     0     0
     0     0     0     0     0     0     0     0     0     0     0     0
     0     0     0     0     0     0     0     0     0     0     0     0
     0     0     0     0     0     0     0     0     0     0     0     0
     0     0     0     0     0     0     0     0     0     0     0     0
     0     0     0     0     0     0     0     0     0     0     0     0
     0     0     0     0     0     0     0     0     0     0     0     0
     0     0     0     0     0     0     0     0     0     0     0     0
     0     0     0     0     0     0     0     0     0     0     0     0
     0     0     0     0     0     0     0     0     0     0     0     0
     0     0     0     0     0     0     0     0     0     0     0     0
     0     0     0     0     0     0     0     0     0     0     0     0
     0     0     0     0     0     0     0     0     0     0     0     0
     0     0     0     0     0     0     0     0     0     0     0     0
     0     0     0     0     0     0     0     0     0     0     0     0
     0     0     0     0     0     0     0     0     0     0     0     0
     0     0     0     0     0     0     0     0     0     0     0     0
     0     0     0     0     0     0     0     0     0     0     0     0
     0     0     0     0     0     0     0     0     0     0     0     0
    18
     0     0     0     0     0     0     0     0     0     0     0     0
     0     0     0     0     0     0     0     0     0     0     0     0
     0     0     0     0     0     0     0     0     0     0     0     0
     0     0     0     0     0     0     0     0     0     0     0     0
     0     0     0     0     0     0     0     0     0     0     0     0
     0     0     0     0     0     0     0     0     0     0     0     0
     0     0     0     0     0     0     0     0     0     0     0     0
     0     0     0     0     0     0     0     0     0     0     0     0
     0     0     0     0     0     0     0     0     0     0     0     0
     0     0     0     0     0     0     0     0     0     0     0     0
     0     0     0     0     0     0     0     0     0     0     0     0
     0     0     0     0     0     0     0     0     0     0     0     0
     0     0     0     0     0     0     0     0     0     0     0     0
     0     0     0     0     0     0     0     0     0     0     0     0
     0     0     0     0     0     0     0     0     0     0     0     0
     0     0     0     0     0     0     0     0     0     0     0     0
     0     0     0     0     0     0     0     0     0     0     0     0
     0     0     0     0     0     0     0     0     0     0     0     0
     0     0     0     0     0     0     0     0     0     0     0     0
     0     0     0     0     0     0     0     0     0     0     0     0
     0     0     0     0     0     0     0     0     0     0     0     0
     0     0     0     0     0     0     0     0     0     0     0     0
     0     0     0     0     0     0     0     0     0     0     0     0
     0     0     0     0     0     0     0     0     0     0     0     0
     0     0     0     0     0     0     0     0     0     0     0     0
     0     0     0     0     0     0     0     0     0     0     0     0
     0     1     0     0     0     0     0     0     0     0     0     0
     0     0     0     0     0     0     0     0     0     0     0     0
     0     0     0     0     0     0     0     0     0     0     0     0
     0     0     0     0     0     0     0     0     0     0     0     0
     0     0     0     0     0     0     0     0     0     0     0     0
     0     0     0     0     0     0     0     0     0     0     0     0
     0     0     0     0     0     0     0     0     0     0     0     0
     0     0     0     0     0     0     0     0     0     0     0     0
     0     0     0     0     0     0     0     0     0     0     0     0
     0     0     0     0     0     0     0     0     0     0     0     0
    19
     0     0     0     0     0     0     0     0     0     0     0     0
     0     0     0     0     0     0     0     0     0     0     0     0
     0     0     0     0     0     0     0     0     0     0     0     0
     0     0     0     0     0     0     0     0     0     0     0     0
     0     0     0     0     0     0     0     0     0     0     0     0
     0     0     0     0     0     0     0     0     0     0     0     0
     0     0     0     0     0     0     0     0     0     0     0     0
     0     0     0     0     0     0     0     0     0     0     0     0
     0     0     0     0     0     0     0     0     0     0     0     0
     0     0     0     0     0     0     0     0     0     0     0     0
     0     0     0     0     0     0     0     0     0     0     0     0
     0     0     0     0     0     0     0     0     0     0     0     0
     0     0     0     0     0     0     0     0     0     0     0     0
     0     0     0     0     0     0     0     0     0     0     0     0
     0     0     0     0     0     0     0     0     0     0     0     0
     0     0     0     0     0     0     0     0     0     0     0     0
     0     0     0     0     0     0     0     0     0     0     0     0
     0     0     0     0     0     0     0     0     0     0     0     0
     0     0     0     0     0     0     0     0     0     0     0     0
     0     0     0     0     0     0     0     0     0     0     0     0
     0     0     0     0     0     0     0     0     0     0     0     0
     0     0     0     0     0     0     0     0     0     0     0     0
     1     0     0     0     0     0     0     0     0     0     0     0
     0     0     0     0     0     0     0     0     0     0     0     0
     0     0     0     0     0     0     0     0     0     0     0     0
     0     0     0     0     0     0     0     0     0     0     0     0
     0     0     0     0     0     0     0     0     0     0     0     0
     0     0     0     0     0     0     0     0     0     0     0     0
     0     0     0     0     0     0     0     0     0     0     0     0
     0     0     0     0     0     0     0     0     0     0     0     0
     0     0     0     0     0     0     0     0     0     0     0     0
     0     0     0     0     0     0     0     0     0     0     0     0
     0     0     0     0     0     0     0     0     0     0     0     0
     0     0     0     0     0     0     0     0     0     0     0     0
     0     0     0     0     0     0     0     0     0     0     0     0
     0     0     0     0     0     0     0     0     0     0     0     0
