17
Detroit, MI 94847
     0
      -7.900      -6.700       -.700       5.500      12.100      18.200
      21.700      20.000      15.600       8.300       2.200      -4.500
      -3.300      -2.300       2.700       9.300      16.700      21.700
      24.300      23.200      19.300      12.100       5.500       -.700
        .600       1.700       7.100      14.300      21.100      25.600
      27.700      26.700      23.200      16.700      10.000       2.200
      62.000      58.000      53.000      45.000      44.000      47.000
      49.000      52.000      51.000      50.000      58.000      64.000
      71.000      68.000      66.000      60.000      58.000      60.000
      60.000      64.000      65.000      63.000      69.000      74.000
      80.000      80.000      79.000      76.000      74.000      75.000
      74.000      79.000      79.000      79.000      82.000      84.000
       3.100       3.100       3.100       3.100       2.700       2.400
       2.400       2.400       2.400       2.700       2.700       3.100
       4.400       4.000       4.400       4.400       4.000       3.500
       3.100       3.100       3.500       4.000       4.000       4.000
       5.900       5.500       5.900       5.500       5.200       4.800
       4.400       4.000       4.800       5.200       5.500       5.500
     240.000     260.000     260.000     260.000     260.000     240.000
     240.000     230.000     230.000     240.000     240.000     240.000
     1
      -3.651      -2.262       3.577      10.220      16.659      21.865
      24.489      23.191      19.437      12.716       6.125       -.898
      71.021      68.699      65.589      60.736      59.449      61.104
      61.467      64.966      65.195      64.272      69.457      73.486
     2
     5     5    14    10    15    15    13    17    15    14     9     3
     9    14    12    22    16    29    33    31    25    15     8     5
     4    10     9    12    17    20    20    20    23     7    11     3
     5     9    21    16    37    29    27    24    22    30    18     3
    18    15    24    16    30    25    32    31    19    17    12    11
     6    16    13    24    22    22    22    23    22    19     9    10
    11     7    19    22    15    41    17    30    27    21    10     7
     3     6     9    10    10    15    21    21     9    13    11     7
     7    22    11    16    16    23    29    34    27    22    17    15
     7    12    16    19    10    13    20    20    12    17     7     8
    10    18    21    30    18    25    36    28    26    17    20    16
    12    15    18    26    26    26    42    32    25    15    24    11
     3    14    14    19    27    31    36    15    25    28    16    16
    17    15    25    25    32    55    55    35    35    31    28    18
     8     7    12    19    17    30    31    25    16    11    11    10
    24    13    16    20    22    46    39    23    25    22    33    16
    17    17    17    24    16    42    29    35    24    11    17    10
    23    23    21    28    39    63    71    77    54    32    37    22
     9    14    16    13    13    38    43    34    26    24    23    17
    20    20    14    20    27    48    63    37    23    27    33    16
    11    16    16    10    18    29    34    36    24    19    16    15
     9    10    11    13    14    46    54    55    42    21    11    15
    34    27    18    35    33    69    88    72    49    48    37    31
    22    16    12    14    30    57    55    54    33    21    23    18
    26    20    16    24    41    74    51    73    45    29    24    17
    16     9    10    15    23    37    40    36    20    21    18    14
    21    12    21    22    25    51    57    52    37    26    14    12
     9    16     8    12    25    26    39    27    24    19    10    13
    16    21    16    31    30    41    52    50    24    26    19    26
    11    17     6    19    24    22    46    40    19    16    10     3
     7    15    10     8    14    21    42    43    15    23    13     5
     6    23    15    20    25    32    25    47    23    30     9    14
     4     5    10     7    15    15    19    18    14    10     2     1
     9    12    13    19    20    26    22    26    19    16    12    15
     4     9     8     9    13    15    15    27    14     7     6     6
     9     9    18    15    20    30    49    46    22    27    11     8
     3
    24    25    17    36    56    60    74    64    56    38    20    18
    32    48    50    44    66    80    80    83    84    41    24    21
    25    23    22    36    54    63    99    65    52    33    27    15
    28    36    42    56    83    73    96    68    58    64    30    24
    35    52    60    49    69    90    75    98    87    52    32    22
    17    29    39    53    70    56    58    76    61    31    22    25
    24    40    70    49    73    63    64    82    69    36    35    19
    11    31    30    40    38    25    49    59    28    20    13    22
    33    45    73    78    92    89   103    96    77    47    30    21
    16    17    38    46    50    62    57    49    58    32    19    25
    25    38    53    69    78    87    79    65    68    51    34    35
    30    37    65    75   101   103    90    97    82    56    35    52
    28    39    64    52    74    94    99    83    64    62    37    35
    30    45    75    84   121   152   162   123   139    89    72    38
    31    29    53    60    82   105    78   104    84    67    50    35
    48    49    69    93   100   136   178   154   130    91    70    51
    36    51    56    56    82   104   102   129    88    86    74    61
    87    78    87   103   127   147   210   212   179   122    86    68
    43    43    34    46    55    98   113   110    82    51    50    49
    72    71    48    65    79   122   135   179   110    79    68    76
    41    26    32    37    58   102   111   107    88    59    46    33
    45    43    40    36    57   114   186   174   105    69    49    38
    90    70    50    75    90   187   254   237   137   127   100   116
    47    41    45    51    48   109   166   157    88    81    59    45
    63    61    56    52    85   128   172   157   116   103    75    87
    25    28    43    46    50    90   106    91    76    54    46    28
    43    45    50    53    61    97   136   142    84    72    34    54
    32    39    29    24    54    80    70    86    65    58    32    38
    78    70    52    58    95   135   151   152    85    87    70    70
    44    52    38    56    62    95    98   105    55    71    47    29
    42    46    39    33    77    78   105    91    71    55    39    36
    50    35    34    63    88    78   119   127    55    68    47    43
    22    28    28    26    35    41    56    61    50    26    19    13
    26    46    45    51    62    56    65    91    63    52    40    35
    21    30    29    32    31    38    58    57    48    29    30    21
    39    70    70    53   104    97   136   150   120    46    53    48
     4
    16    23    42    42    38    35    60    54    44    19    14    13
    32    31    44    38    76    56    66    55    67    23    24    22
    22    20    40    26    47    62    52    59    28    41    11    15
    28    26    33    52    76    54    63    72    58    39    23    18
    15    31    37    51    55    48    53    59    51    32    21     7
     8    24    26    33    45    32    41    48    28    27    17    16
    10    28    55    37    65    51    45    51    33    19    17    14
     9    17    25    32    48    37    27    31    34    18     5    12
    23    40    82    53    74    55    61    44    46    35    10    33
    17    23    34    51    54    34    29    41    25    18    17    16
    10    44    56    72    80    50    45    41    46    29    11    20
    17    21    52    73    77    55    70    47    33    30    16    26
    22    27    76    57    80    68    58    51    50    39    26    33
    29    37    75    93   134   110    92    72    86    56    42    26
    28    11    51    58    74    79    64    54    65    53    45    35
    34    38    45    90    88   105   104    92    92    76    68    45
    42    30    45    53    80    72    80    73    73    50    34    28
    75    60    67    87    89   128   134   127   128   101    65    70
    46    39    45    24    45    70    58    87    60    51    51    42
    86    49    46    49    63    83    99   111    76    70    85    63
    46    44    20    31    39    61    77    91    66    44    46    49
    52    56    49    20    50    93   143   112    99    66    60    60
    85    65    36    50    82   154   168   172   135    97    97    87
    49    51    42    29    49   102   105   134    75    64    71    62
    73    54    49    52    86   103   124   117    76   100    62    83
    29    33    28    28    44    72    68    53    50    41    39    38
    38    42    41    69    61    80   101    70    60    62    41    51
    32    30    34    38    37    53    75    55    40    44    45    40
    63    61    62    69    85    99   120   101    64    83    61    67
    44    47    28    37    65    71    73    65    63    67    40    45
    42    49    41    40    55    54    66    73    80    46    36    42
    35    49    51    66    67    69    92    73    47    53    32    36
    15    39    24    22    41    40    46    46    42    29    27    23
    19    33    49    46    43    38    48    70    46    46    22    32
    30    31    36    31    45    37    47    42    47    31    17    35
    29    50    62    62    93    65    98   106    78    55    25    28
     5
    21    40    46    64    71    39    57    59    58    35    30    25
    28    56    71    87   103    93    76    74    90    47    40    17
    19    43    60    50    91    64    52    70    39    30    26    20
    51    46    68    75   105    68    69    74    68    31    37    25
    41    64    78    71    85    81    55    51    62    33    52    18
    29    36    59    54    78    41    37    39    30    37    40    23
    12    55    84    70    73    42    43    42    43    27    42    20
    12    50    59    58    68    24    24    30    16    16    18    18
    33    72   125    85   121    61    55    37    29    37    26    30
    25    36    55    72    72    49    27    23    21    26    13    20
    23    40    50    92   106    39    31    37    33    28    21    21
    13    22    68    65    90    44    44    29    34    36    24    36
    23    22    67    51    89    55    44    32    43    48    24    33
    20    29    55   104   125    97    70    48    66    55    48    36
    19    16    54    67    76    81    66    62    59    41    59    30
    39    32    60   105   123    89    84    64    73    65    57    53
    53    34    57    84    83    82    71    64    76    63    57    48
    93    49    79   115   108   114   130   105   128   113    99    86
    50    60    48    61    50    56    77    79    61    64    54    54
    99   103    87    91    92    92    99   116   105   109    97    93
    63    75    67    60    57    81   121   118    90    89    74    77
    99    82    70    58    94   138   138   168   103   141    92    81
   180   147   120   111   136   243   190   249   160   165   134   163
   114    99    84    81    97   167   162   180   130   140   104   117
   155   100    89   118   159   176   139   153   124   143   142   146
    85    61    65    51    84   103    99    76    66    77    74    79
    78    82    83   112   127   112   101    81    99    99    90    78
    71    59    57    73    72    73    73    67    65    73    68    42
   107   113   113   131   116   176   146   151   115   127   121   105
    82    72   104    71    89    90   100    94    79    87    71    62
    83    74   103    88   112    93    77    85    75   109    69    75
    60    84   109   107    98    89   103    82    97    83    64    79
    38    58    48    65    63    69    58    63    51    46    45    39
    41    43    68    94    68    60    76    81    82    80    56    52
    39    54    55    61    54    50    58    47    51    48    33    29
    39    85    74   106   128    79   111   100    98    68    46    30
     6
    16    34    47    42    34    33    19    24    22    24    11    13
    20    41    53    62    64    45    23    28    33    25    18    21
     5    29    33    27    49    35    10    30    23    17    22    11
    18    36    45    56    62    35    19    22    24    24    21    17
    28    48    65    55    62    48    16    21    37    15    23    23
    29    39    58    46    37    19     9     7    14    20    14    16
    33    37   109    43    42    14    10     6    13    18    16    17
    20    25    40    45    24    16     6     4     6     0    12     9
    18    33    72    60    51    26    16     6    10    15     8    13
    15    18    24    34    27    16     6     6    13    11    11     4
    15    11    28    35    30    10    10     6     6    19    15    12
    15     7    22    38    25    14     7     4     8     6     9     8
    10    15    20    31    42    12     3     8    13     7    13    12
     8    16    30    41    34    42     5     8    16    17    13    16
    12    14    20    30    38    26     9    13    15    21    21    14
    14    13    36    51    46    22    16     9    11    25    26    11
    21    22    35    30    34    31    11    13    26    47    36    27
    39    37    35    64    42    34    26    38    28    60    38    23
    45    21    32    24    30    33    16    25    18    45    29    31
    62    45    68    57    59    51    42    36    46    60    60    60
    51    65    57    50    50    55    56    48    44    60    56    70
    84    74    66    56    77   106    68    74    80   101    98    87
   152   116    98   108   105   119   139   104   115   155   139   123
   146   103    93    79   122   140    81    79    84   120   140    92
   160    90    84   119   124   125    75    61    64   101    84   131
    68    60    71    67    75    63    65    40    51    65    81    61
    90    81    87    96   106    93    71    46    75    89   104    71
    87    53    70    80    75    66    61    45    46    37    64    64
   120    90   127   124    80   132    74    81    77   123   116    85
    87    81   101    78    63    72    57    41    49    63    65    64
    70    61    86    79    62    62    58    45    43    70    56    50
    68    72    79   102    45    53    64    49    38    62    66    56
    36    34    53    63    37    22    36    30    29    41    43    25
    38    43    71    65    39    28    34    30    23    51    36    26
    24    26    32    39    29    16    25    10    20    24    23    33
    35    56    57    55    66    38    33    39    32    47    30    33
     7
     5    10    11    16    14     3     8     1     6     7    11     4
     4     7    15    20    14    10     2     6     3     3     4     5
     3    15     8    10    15    10     0     4     4     3     4     6
     8    18    11    17    18     8     0     3     3    12     6     4
    11    27     8    14    12    15     6     3     2     3     8    12
    12     8    24    17     4     5     4     0     1     6     3    11
    16     9    17    29    10     5     0     0     2     1     4     6
     8     5    11    17     6     5     0     0     1     0     3     4
     5     5    29    24    14     6     0     2     1     1     4     6
     6     1     4    17     4     2     0     0     1     3     2     2
     3     2     8     8     3     0     1     1     0     2     2     1
     4     4     8    11     2     3     1     0     1     1     3     3
     3     3     4     5     8     1     0     2     0     1     2     0
     3     3     6    10     8     4     1     1     3     4     4     6
     1     0     9    12     1     3     3     1     1     5     1     2
     3     4     9    10     5     6     1     1     5     6     9     4
     5     2     8     8     3     9     0     2     4    12     9     5
     9     9    17    23     8    15     4     2     5    30    19     5
    17    11     3    20     7     8     6     3     5    16    11     5
    16    20    20    20    17     8    13     2     7    13    17    24
    27    18    17    16    21    14    14     5    15    27    24    36
    35    23    21    37    28    22    17    16    23    31    34    40
    70    31    43    41    48    36    24    24    37    33    63    71
    61    47    49    49    48    30    22    19    35    41    63    54
    75    37    53    53    45    45    23    18    22    29    46    55
    38    25    29    29    29    27    13     8    12    22    40    24
    47    42    33    58    36    44    14    20    16    34    42    44
    35    25    33    34    37    26    11    11    20    23    25    27
    47    49    56    58    43    35    23    17    25    34    49    32
    26    23    47    40    21    17    15     9    22    25    35    14
    18    23    36    42    19    14    10     9    23    35    25    18
    22    29    25    36    14     9    19    13    20    23    37    20
    12    15    24    19     7     1    10     5     6    20    16    13
    15     5    17    19    10     5     4     2     8    14    10    10
     1     5    21    13     8     7     7     6     5    13     7    12
     9    11    18    26    14     9     7     2     6    14     9    13
     8
     3     4    12    13     9     0     0     1     1     0     6     2
     3    10    12    12    11     7     0     1     1     2     3     8
     1     2     6    14     6     1     3     0     0     1     2     5
     6     5     8    12     1     4     2     3     4     4     0     3
     6     8    10     9     5     9     1     0     0     6     1     5
     5     9     9    16     7     1     3     0     0     1     1     5
     7     3    19    27     4     0     0     0     1     2     2     8
     4     1    14    14     5     1     0     0     0     1     3     6
     4     4    19    22     6     4     1     0     0     2     0     3
     3     2     1     5     5     0     0     0     1     1     0     2
     0     2     0     2     0     0     0     0     0     0     0     2
     0     0     1     3     3     0     0     0     0     0     1     2
     0     1     1     2     2     0     0     0     0     0     0     1
     1     0     2     2     1     2     1     0     0     0     4     1
     2     1     3     1     1     0     1     1     0     1     2     1
     2     2     2     6     1     1     0     0     0     0     2     1
     4     2     7     5     2     3     0     0     1     4     6     3
    11     4     8    18     6     3     2     2     2    13     9     7
     9     6    13    11    11     7     1     2     6     6     9     3
    23    17    22    19    14     3     4     2     6     5    12     6
    17    13    17    23    20     6    13     3    14    24    11    23
    30    45    41    41    29    18    10     8    10    29    30    38
    74    41    61    60    45    27    25    12    14    55    51    77
    70    38    59    45    39    22    11    15    21    56    69    73
    74    45    52    49    49    33    11     8    25    30    28    53
    57    30    47    39    24     9    13     5    11    22    24    33
    50    34    52    66    44    22     8     5    11    41    33    34
    27    22    48    33    16    23     6     5    10    23    34    28
    59    48    58    61    39    31     9     5    15    19    35    33
    26    24    30    36    19    11     6     5    10    13    17    15
    11    15    32    21    13     6     3     5    10     7    17    15
    16    22    19    24    15     5     5     2     9     8    22    17
     7    10    19    13     4     4     4     2     1     7     9     9
     6     9    15     9     0     5     9     3     3     7     6    10
     2     2     6     9     7     2     2     1     1     2     4    12
     0     9    16    12     7     5     3     3     4     6     6     8
     9
     1     1     1     1     0     0     0     1     0     0     0     5
     0     3     2     8     1     0     0     0     0     0     0     1
     0     1     0     5     2     0     0     0     0     0     0     0
     3     1     2     5     1     0     1     0     3     0     0     0
     1     0     4     2     2     1     0     0     0     0     0     0
     0     4     7     3     0     0     0     0     0     0     1     3
     1     0     2     5     2     0     0     0     0     0     1     2
     0     0     2     2     1     2     0     0     0     0     1     0
     1     0     1     5     0     0     0     0     0     0     0     2
     0     0     1     2     0     0     0     0     0     0     0     0
     0     0     2     0     0     0     0     0     0     0     0     0
     0     0     1     1     0     0     0     0     0     0     0     1
     0     0     0     1     0     0     0     0     0     0     0     0
     0     0     0     1     0     0     0     0     0     0     1     0
     0     0     0     0     0     0     0     0     0     0     1     0
     0     0     0     0     0     0     0     0     0     0     2     0
     0     0     0     1     1     2     0     0     0     0     0     1
     0     0     1     2     2     0     1     0     0     1     5     1
     3     1     2     2     0     0     0     0     0     2     2     1
     7     1    11     6     5     1     1     0     2     2     6     2
    10     3     6     6     2     7     0     1     0     3    11     4
    10    13    19    17    10     5     2     0     0     1    13    11
    13    18    19     9    14     9     1     1     3    13    11    16
    18     9    18    15    17     5     1     0     3     9    18    16
    16     6     9    14    10     1     2     1     1     9     9    11
    14     4    13    10     9     1     0     1     1     4    12    12
    13    23     7    11     6     3     0     0     0     6     7     6
    10     6     9    10     1     1     1     1     0     4    13     7
    15     9    16    15     6     5     1     0     6     2     6     7
     9     4     8    11     3     2     1     0     2     1     3     5
     3     2    13    14     3     0     0     0     3     1     6     3
     2     2     8     8     2     1     0     1     1     1     3     3
     0     3     1     3     1     0     0     0     0     0     1     2
     0     2     1     1     0     1     1     0     0     0     2     3
     0     0     0     0     0     0     0     0     0     0     0     0
     0     3     3     2     0     0     0     0     0     0     0     2
    10
     0     0     1     2     0     1     0     0     0     0     1     1
     1     1     1     0     0     0     0     0     0     0     0     0
     0     0     2     2     0     0     0     0     0     0     0     0
     1     1     4     1     0     0     0     0     0     0     0     0
     0     0     4     3     1     0     0     0     1     0     1     1
     0     2     2     4     0     0     0     0     0     0     0     0
     2     0     5     4     0     0     0     0     0     0     0     0
     1     0     1     2     0     0     0     0     0     0     0     0
     0     0     0     1     0     0     0     0     0     0     0     1
     0     0     0     2     0     0     0     0     0     0     0     0
     0     0     0     0     0     0     0     0     0     0     0     0
     0     0     0     0     0     0     0     0     0     0     0     0
     0     0     0     0     0     0     0     0     0     0     0     0
     0     0     0     0     0     0     0     0     0     0     0     0
     0     0     0     0     0     0     0     0     0     0     0     0
     0     0     0     0     0     0     0     0     0     0     0     0
     0     0     1     0     0     0     0     0     0     0     0     0
     0     0     1     2     2     1     0     0     0     0     1     0
     2     0     1     2     0     0     0     0     0     1     0     0
     0     1     5     0     1     0     0     0     0     3     2     0
     3     0     6     3     1     0     0     0     1     0     6     0
     5     4    16    10     5     3     1     0     1     3     5     4
    10    17    20    16     7     4     0     1     0     8     8    12
     8     5    13    13     9     6     1     0     0     4    12     7
    11     3    13    12     7     2     1     1     1     7     5     4
     6    10     4    11     5     1     1     0     0     1     1     3
     2     9     7     9    12     1     1     0     1     3     5     2
     8     3    11     8     2     2     2     0     1     2     5     3
    11     1    12     9     5     0     0     0     1     3     2     2
     3     6     9     1     1     0     0     0     2     1     0     0
     0     4     4     6     3     0     0     0     0     0     0     1
     1     2     3     4     1     0     0     1     0     0     1     3
     0     3     2     1     1     0     0     0     0     0     0     2
     1     0     1     0     2     0     0     0     0     0     0     2
     0     2     1     0     0     0     0     0     0     0     0     1
     1     1     1     1     0     0     0     0     0     0     0     0
    11
     0     0     0     3     0     0     0     0     0     0     0     0
     0     3     6     2     0     0     0     0     0     0     0     0
     0     0     1     0     0     0     0     0     0     0     0     0
     0     2     2     1     0     0     0     0     0     0     0     0
     0     2     2     2     0     0     0     0     0     0     0     0
     0     0     0     4     0     0     0     0     0     0     0     0
     0     1     0     0     0     0     0     0     0     0     0     0
     1     0     0     1     0     0     0     0     0     0     0     0
     3     0     0     1     0     0     0     0     0     0     0     0
     0     0     0     1     0     0     0     0     0     0     0     0
     0     0     0     0     0     0     0     0     0     0     0     0
     0     0     0     0     0     0     0     0     0     0     0     0
     0     0     0     0     0     0     0     0     0     0     0     0
     0     0     0     0     0     0     0     0     0     0     0     0
     0     0     0     0     0     0     0     0     0     0     0     0
     0     0     0     0     0     0     0     0     0     0     0     0
     0     0     0     1     0     0     0     0     0     0     0     0
     0     0     0     1     0     1     0     0     0     0     3     0
     0     0     1     4     1     0     0     0     0     0     3     0
     0     1     3     2     0     0     0     0     0     1     1     2
     1     3     3     3     2     2     0     0     0     0     2     3
     5     1    12     6     1     0     0     0     0     0     4     6
     4     8    18    17     6     2     0     0     0     7     7     6
    12     6    14    13     9     5     0     0     0     4     4     8
     8     7    11     8     3     1     0     0     1     1     5     2
     4     6     1     9     2     2     1     0     3     3     4     2
     9     9     5     9     8     0     1     0     0     2     2     5
     2     1     7     9     4     2     0     0     0     1     1     3
     9     3     9     6     5     0     0     0     1     4     0     4
     4     3     4     3     2     0     0     0     1     1     4     2
     1     3     2     9     1     0     0     0     0     0     0     1
     0     2     9     4     2     0     0     0     0     0     1     2
     0     6     3     0     1     0     0     0     0     0     1     0
     0     0     3     1     0     0     0     0     0     0     0     0
     0     2     2     2     0     0     0     0     0     0     0     1
     0     2     1     1     0     1     0     0     0     0     0     0
    12
     0     0     0     1     0     0     0     0     0     0     0     0
     0     1     0     1     0     0     0     0     0     0     0     0
     0     0     0     0     0     0     0     0     0     0     0     0
     0     0     2     0     0     0     0     0     0     0     0     0
     0     0     0     0     0     0     0     0     0     0     0     0
     0     0     0     0     0     0     0     0     0     0     0     0
     0     0     0     0     0     0     0     0     0     0     0     0
     0     0     0     0     0     0     0     0     0     0     0     0
     0     0     0     0     0     0     0     0     0     0     0     0
     0     0     0     0     0     0     0     0     0     0     0     0
     0     0     0     0     0     0     0     0     0     0     0     0
     0     0     0     0     0     0     0     0     0     0     0     0
     0     0     0     0     0     0     0     0     0     0     0     0
     0     0     0     0     0     0     0     0     0     0     0     0
     0     0     0     0     0     0     0     0     0     0     0     0
     0     0     0     0     0     0     0     0     0     0     0     0
     0     0     0     0     0     0     0     0     0     0     0     0
     0     0     0     0     0     0     0     0     0     0     0     1
     0     0     0     0     1     0     0     0     0     0     0     1
     0     0     0     3     0     0     0     0     0     0     0     0
     2     0     2     3     2     0     0     0     0     0     0     1
     0     4     5     4     1     0     0     0     0     0     0     0
    10     1    13     7     4     1     1     0     0     0     2     5
     7     1     5     9     6     2     0     1     0     1     4     2
    11     2     3     8     3     0     0     0     0     0     4     1
     5     2     2     4     1     1     3     0     0     1     3     1
     5     0     1     1     2     0     0     0     0     0     0     0
     1     0     2     3     0     0     0     0     0     3     0     3
     5     2     3     4     1     0     0     0     0     0     1     3
     1     0     2     0     0     0     0     0     0     1     0     0
     0     1     0     2     0     0     0     0     0     0     0     0
     0     2     1     0     0     0     0     0     0     0     0     0
     0     0     0     0     0     0     0     0     0     0     0     0
     0     0     1     0     0     0     0     0     0     0     0     0
     0     0     0     0     0     0     0     0     0     0     0     0
     0     0     0     2     0     0     0     0     0     0     0     0
    13
     0     0     0     0     0     0     0     0     0     0     0     0
     0     0     0     0     0     0     0     0     0     0     0     0
     0     0     0     0     0     0     0     0     0     0     0     0
     0     0     0     0     0     0     0     0     0     0     0     0
     0     0     0     1     0     0     0     0     0     0     0     0
     0     0     0     0     0     0     0     0     0     0     0     0
     0     0     0     0     0     0     0     0     0     0     0     0
     0     0     0     0     0     0     0     0     0     0     0     0
     0     0     0     0     0     0     0     0     0     0     0     0
     0     0     0     0     0     0     0     0     0     0     0     0
     0     0     0     0     0     0     0     0     0     0     0     0
     0     0     0     0     0     0     0     0     0     0     0     0
     0     0     0     0     0     0     0     0     0     0     0     0
     0     0     0     0     0     0     0     0     0     0     0     0
     0     0     0     0     0     0     0     0     0     0     0     0
     0     0     0     0     0     0     0     0     0     0     0     0
     0     0     0     0     0     0     0     0     0     0     0     0
     0     0     0     0     0     0     0     0     0     0     0     0
     0     0     0     0     0     0     0     0     0     0     0     0
     0     0     1     0     0     0     0     0     0     0     0     0
     0     0     0     0     0     0     0     0     0     0     0     0
     0     0     0     1     0     0     0     0     0     0     0     0
     2     0     1     2     1     1     0     0     0     0     1     0
     1     0     3     1     0     0     0     0     0     0     1     1
     3     0     0     0     0     0     0     0     0     0     0     0
     1     0     1     1     0     0     0     0     0     0     0     0
     0     0     0     0     0     0     0     0     0     0     0     0
     0     0     0     2     0     0     0     0     0     0     0     0
     0     0     1     0     0     0     0     0     0     0     0     0
     0     0     0     0     0     0     0     0     0     0     1     0
     0     0     0     0     0     0     0     0     0     0     0     0
     0     2     0     0     0     0     0     0     0     0     0     0
     0     0     0     0     0     0     0     0     0     0     0     0
     0     0     0     0     0     0     0     0     0     0     0     0
     0     0     0     0     0     0     0     0     0     0     0     0
     0     0     0     0     0     0     0     0     0     0     0     0
    14
     0     0     0     0     0     0     0     0     0     0     0     0
     0     0     0     0     0     0     0     0     0     0     0     0
     0     0     0     0     0     0     0     0     0     0     0     0
     0     0     0     0     0     0     0     0     0     0     0     0
     0     0     0     0     0     0     0     0     0     0     0     0
     0     0     0     0     0     0     0     0     0     0     0     0
     0     0     0     0     0     0     0     0     0     0     0     0
     0     0     0     0     0     0     0     0     0     0     0     0
     0     0     0     0     0     0     0     0     0     0     0     0
     0     0     0     0     0     0     0     0     0     0     0     0
     0     0     0     0     0     0     0     0     0     0     0     0
     0     0     0     0     0     0     0     0     0     0     0     0
     0     0     0     0     0     0     0     0     0     0     0     0
     0     0     0     0     0     0     0     0     0     0     0     0
     0     0     0     0     0     0     0     0     0     0     0     0
     0     0     0     0     0     0     0     0     0     0     0     0
     0     0     0     0     0     0     0     0     0     0     0     0
     0     0     0     0     0     0     0     0     0     0     0     0
     0     0     0     0     0     0     0     0     0     0     0     0
     0     0     0     0     0     0     0     0     0     0     0     0
     1     0     0     0     0     0     0     0     0     0     0     0
     0     0     0     0     1     0     0     0     0     0     0     1
     0     0     0     2     0     0     0     0     0     0     0     0
     2     1     0     5     0     0     0     0     0     0     0     1
     0     0     0     0     0     0     0     0     0     0     0     0
     0     0     1     0     0     0     0     0     0     0     0     0
     1     0     0     0     0     0     0     0     0     0     0     0
     0     0     0     1     0     0     0     0     0     0     0     0
     0     0     0     0     0     0     0     0     0     0     0     0
     0     0     0     0     0     0     0     0     0     0     0     0
     0     0     0     0     1     0     0     0     0     0     0     0
     0     0     0     0     0     0     0     0     0     0     0     0
     0     0     0     0     0     0     0     0     0     0     0     0
     0     0     0     0     0     0     0     0     0     0     0     0
     0     0     0     0     0     0     0     0     0     0     0     0
     0     0     0     0     0     0     0     0     0     0     0     0
    15
     0     0     0     0     0     0     0     0     0     0     0     0
     0     0     0     0     0     0     0     0     0     0     0     0
     0     0     0     0     0     0     0     0     0     0     0     0
     0     0     0     0     0     0     0     0     0     0     0     0
     0     0     0     0     0     0     0     0     0     0     0     0
     0     0     0     0     0     0     0     0     0     0     0     0
     0     0     0     0     0     0     0     0     0     0     0     0
     0     0     0     0     0     0     0     0     0     0     0     0
     0     0     0     0     0     0     0     0     0     0     0     0
     0     0     0     0     0     0     0     0     0     0     0     0
     0     0     0     0     0     0     0     0     0     0     0     0
     0     0     0     0     0     0     0     0     0     0     0     0
     0     0     0     0     0     0     0     0     0     0     0     0
     0     0     0     0     0     0     0     0     0     0     0     0
     0     0     0     0     0     0     0     0     0     0     0     0
     0     0     0     0     0     0     0     0     0     0     0     0
     0     0     0     0     0     0     0     0     0     0     0     0
     0     0     0     0     0     0     0     0     0     0     0     0
     0     0     0     0     0     0     0     0     0     0     0     0
     0     0     0     0     0     0     0     0     0     0     0     0
     0     0     0     0     0     0     0     0     0     0     0     1
     0     0     0     0     0     0     0     0     0     0     0     2
     1     0     0     0     0     0     0     0     0     0     0     0
     0     0     0     1     0     0     0     0     0     0     0     0
     0     0     0     1     0     0     0     0     0     0     0     0
     0     0     0     0     0     0     0     0     0     0     0     0
     0     0     0     0     1     0     0     0     0     0     0     0
     0     0     0     0     0     0     0     0     0     0     0     0
     0     0     0     0     0     0     0     0     0     0     0     0
     0     0     0     0     0     0     0     0     0     0     0     0
     0     0     0     0     0     0     0     0     0     0     0     0
     0     0     0     0     0     0     0     0     0     0     0     0
     0     0     0     0     0     0     0     0     0     0     0     0
     0     0     0     0     0     0     0     0     0     0     0     0
     0     0     0     0     0     0     0     0     0     0     0     0
     0     0     0     0     0     0     0     0     0     0     0     0
    16
     0     0     0     0     0     0     0     0     0     0     0     0
     0     0     0     0     0     0     0     0     0     0     0     0
     0     0     0     0     0     0     0     0     0     0     0     0
     0     0     0     0     0     0     0     0     0     0     0     0
     0     0     0     0     0     0     0     0     0     0     0     0
     0     0     0     0     0     0     0     0     0     0     0     0
     0     0     0     0     0     0     0     0     0     0     0     0
     0     0     0     0     0     0     0     0     0     0     0     0
     0     0     0     0     0     0     0     0     0     0     0     0
     0     0     0     0     0     0     0     0     0     0     0     0
     0     0     0     0     0     0     0     0     0     0     0     0
     0     0     0     0     0     0     0     0     0     0     0     0
     0     0     0     0     0     0     0     0     0     0     0     0
     0     0     0     0     0     0     0     0     0     0     0     0
     0     0     0     0     0     0     0     0     0     0     0     0
     0     0     0     0     0     0     0     0     0     0     0     0
     0     0     0     0     0     0     0     0     0     0     0     0
     0     0     0     0     0     0     0     0     0     0     0     0
     0     0     0     0     0     0     0     0     0     0     0     0
     0     0     0     0     0     0     0     0     0     0     0     0
     0     0     0     0     0     0     0     0     0     0     0     0
     0     0     0     0     0     0     0     0     0     0     0     0
     0     0     0     1     2     0     0     0     0     0     0     0
     1     0     0     0     0     0     0     0     0     0     0     0
     0     0     0     1     0     0     0     0     0     0     0     0
     0     0     0     0     0     0     0     0     0     0     0     0
     0     0     0     0     0     0     0     2     0     0     0     0
     0     0     0     0     0     0     0     0     0     0     0     0
     0     0     0     0     0     0     0     0     0     0     0     0
     0     0     0     0     0     0     0     0     0     0     0     0
     0     0     0     0     0     0     0     0     0     0     0     0
     0     0     0     0     0     0     0     0     0     0     0     0
     0     0     0     0     0     0     0     0     0     0     0     0
     0     0     0     0     0     0     0     0     0     0     0     0
     0     0     0     0     0     0     0     0     0     0     0     0
     0     0     0     0     0     0     0     0     0     0     0     0
    17
     0     0     0     0     0     0     0     0     0     0     0     0
     0     0     0     0     0     0     0     0     0     0     0     0
     0     0     0     0     0     0     0     0     0     0     0     0
     0     0     0     0     0     0     0     0     0     0     0     0
     0     0     0     0     0     0     0     0     0     0     0     0
     0     0     0     0     0     0     0     0     0     0     0     0
     0     0     0     0     0     0     0     0     0     0     0     0
     0     0     0     0     0     0     0     0     0     0     0     0
     0     0     0     0     0     0     0     0     0     0     0     0
     0     0     0     0     0     0     0     0     0     0     0     0
     0     0     0     0     0     0     0     0     0     0     0     0
     0     0     0     0     0     0     0     0     0     0     0     0
     0     0     0     0     0     0     0     0     0     0     0     0
     0     0     0     0     0     0     0     0     0     0     0     0
     0     0     0     0     0     0     0     0     0     0     0     0
     0     0     0     0     0     0     0     0     0     0     0     0
     0     0     0     0     0     0     0     0     0     0     0     0
     0     0     0     0     0     0     0     0     0     0     0     0
     0     0     0     0     0     0     0     0     0     0     0     0
     0     0     0     0     0     0     0     0     0     0     0     0
     0     0     0     0     0     0     0     0     0     0     0     0
     1     0     1     0     0     0     0     0     0     0     0     0
     0     0     0     0     0     0     0     0     0     0     0     0
     0     0     0     0     0     0     0     0     0     0     0     0
     0     0     0     0     0     0     0     0     0     0     0     0
     0     0     0     0     0     0     0     0     0     0     0     0
     0     0     0     0     0     0     0     0     0     0     0     0
     0     0     0     0     0     0     0     0     0     0     0     0
     0     0     0     0     0     0     0     0     0     0     0     0
     0     0     0     0     0     0     0     0     0     0     0     0
     0     0     0     0     0     0     0     0     0     0     0     0
     0     0     0     0     0     0     0     0     0     0     0     0
     0     0     0     0     0     0     0     0     0     0     0     0
     0     0     0     0     0     0     0     0     0     0     0     0
     0     0     0     0     0     0     0     0     0     0     0     0
     0     0     0     0     0     0     0     0     0     0     0     0
