16
Alpena, MI 94849
     0
     -10.000      -8.900      -4.000       2.200       9.300      14.300
      18.800      17.700      12.800       6.600        .000      -6.700
      -5.600      -4.500        .000       6.000      13.300      18.800
      22.200      20.600      16.100      10.000       3.200      -2.800
      -1.200       -.700       3.200      11.100      18.200      22.700
      25.600      23.800      20.000      13.800       6.600        .600
      61.000      57.000      52.000      41.000      40.000      46.000
      47.000      53.000      56.000      54.000      61.000      67.000
      72.000      69.000      66.000      57.000      56.000      61.000
      60.000      67.000      70.000      68.000      73.000      76.000
      82.000      81.000      82.000      78.000      76.000      78.000
      76.000      82.000      86.000      83.000      86.000      85.000
       2.400       2.400       2.700       2.700       2.400       2.400
       2.000       2.000       2.000       2.400       2.400       2.400
       3.500       3.500       3.500       3.500       3.500       3.100
       2.700       2.700       3.100       3.100       3.100       3.100
       4.800       4.400       4.800       4.800       4.400       4.000
       4.000       3.500       4.000       4.400       4.400       4.400
     270.000     290.000     300.000     320.000     120.000     280.000
     280.000     270.000     260.000     260.000     260.000     260.000
     1
      -5.823      -4.863        .119       7.143      13.992      18.859
      22.413      20.793      16.334      10.494       3.632      -3.210
      71.673      68.695      66.360      59.411      58.435      62.371
      62.087      67.527      70.093      68.121      72.711      75.370
     2
    11    22    27    14    25    14    24    18    31     8     6    15
    14    25    27    26    35    35    28    17    22    15     7    17
     9    20    27    19    27    26    24    24    25     9     8     7
     4    10    14    26    24    19    28    17    25    17     9     6
    10    26    46    36    41    48    51    32    29    22    20     9
     4     8    13    17    28    27    18    17    19    19     4     9
     2     7     9    19    24    21    24    17    15    11    14     4
     3     4     8    16    21    19    18    13    12    12     4     4
     5    11    23    22    38    49    32    30    19    25     8    10
     4     8    12    12    17    18    23    31    16    17     5     3
     5    11    26    26    40    46    43    39    24    21    20    14
    13    10    21    33    58    55    48    34    32    17    17    10
    18    17    19    27    63    57    65    50    34    29    21     6
    16    18    40    65    38    88    93    75    57    54    48    14
    18    17    22     9    41    49    38    41    29    21    20    15
    28    24    26    27    49    55    47    67    45    36    36    22
    14    19    30    13    21    38    41    56    29    23    29    25
    42    34    28    23    38    49    33    66    57    40    54    47
    21    13    18    10    21    32    33    46    25    23    24    21
    20    18    18    19    31    44    32    35    48    34    39    40
    26    11    19    11    22    37    39    55    34    26    21    21
    25    20    11    19    23    22    45    51    34    28    31    20
    83    50    31    32    47    90    90   116   113   104    63    90
    30    33    25    23    27    58    77    93    61    50    45    23
    26    30    31    25    32    52    97    94    76    60    40    44
    29    24    13    17    32    59    49    71    47    29    21    26
    36    43    25    27    42    72    66    94    71    61    36    33
    19    19    20    24    37    45    66    66    53    28    21    27
    26    32    24    29    30    51    65    68    75    26    34    34
    23    25    16    18    39    32    59    73    52    23    24    20
    13    25    17    21    22    33    48    42    37    14    14    18
    26    32    32    33    31    43    67    64    41    42    21    21
    11    22    28    18    25    20    20    27    25     7     7    15
    17    24    21    15    16    13    32    35    29    16    13    19
     5    12    18    10    18    21    26    19    14     7     4     7
    23    36    49    25    29    23    38    42    31    18    18    28
     3
    23    32    53    48    58    46    56    56    50    30    17    33
    33    51    46    61    73    62    52    58    53    36    21    25
    10    42    36    41    42    53    65    45    38    26    12    17
    11    26    31    49    52    55    60    46    36    25    18    15
    22    43    74    75    80    73    82    81    54    41    31    16
     8    15    37    52    40    51    43    52    41    32    20    16
    12    23    24    36    55    47    52    47    28    27    21    14
     9    21    30    38    52    43    46    30    27    26    17     7
    16    47    67    71   100    93    88    56    63    56    27    10
    10    29    53    56    82    82    71    52    44    38    28    12
    17    34    86    97   144   137   123   106    68    68    38    12
    29    46    83   101   180   163   151   143    77    77    55    20
    40    24    69   115   146   147   121   132    84    69    59    28
    37    47    95    77   117   162   168   144   110    79    71    44
    35    29    45    42    74    93    76    61    77    40    31    20
    46    32    41    42    49    75    72    78    84    51    49    61
    47    34    44    26    28    56    65    74    50    53    58    46
    88    48    58    46    55    68    80   111   121   115    85   100
    46    38    29    30    34    51    60    83    73    64    61    43
    62    56    44    38    38    72    79    76   112   106    68    63
    57    30    48    34    36    67    81   104    84    59    51    71
    70    40    39    35    45    61    81   127    88    71    60    55
   151    84    80    81   108   157   220   232   188   173   145   162
    95    73    58    49    70   106   156   152   106   108   108   104
    71    74    53    51    67   100   140   169   124   129    95   122
    69    53    50    60    47    87   121   128    86    85    70    81
   109    86    67    56    99   121   142   160    99   108   114   116
    74    52    56    73    85   101   139   107   100    60    57    74
    62    94    77    68    78   129   189   141   129   105   108   100
    59    68    60    73    91    86   141   125   111    68    66    72
    42    56    54    69    73    69    96    98    86    63    52    40
    51    73    71    83   103    91   144   131    82    84    64    76
    24    38    27    33    49    29    69    60    39    25    30    26
    31    52    45    52    51    52    70    75    57    56    37    26
    24    29    40    51    42    46    49    52    41    25    26    26
    36    88    90    83   108    74    74    83    82    55    44    40
     4
    14    22    37    37    57    29    21    41    32    30    17    11
     8    21    56    42    50    46    46    46    33    19    21    15
     8    16    26    39    35    30    26    28    29    25    16    13
     9    22    27    35    43    30    26    35    27    22    17    13
    10    31    43    51    42    43    36    45    46    18    22    18
     7    15    28    33    35    25    24    33    14    11     9     8
     9    12    32    28    31    29    33    39    18    16    12     8
     8    20    32    32    49    32    28    30    14    11     8     2
    10    26    43    69    65    71    63    39    38    26    16    10
     6    16    46    60    96    68    58    40    37    37    16     7
     9    29    87    93   132   139   113    98    69    76    25     9
    13    37    85   145   162   165   120   112    58    73    32    18
    10    26    58    71   109   117    89    91    56    52    27    13
    18    44    81    54    97   110    93    89    77    52    32    28
    17    13    22    18    26    47    48    42    43    26    19    25
    31    18    32    16    27    39    27    38    40    39    29    27
    33    32    25    12    24    29    26    38    46    35    30    36
    51    58    42    14    35    48    44    60    69    77    58    50
    33    34    24    17    17    32    31    43    52    50    29    48
    45    25    35    25    30    32    44    52    58    61    50    42
    30    26    28    20    31    44    35    53    51    56    46    39
    47    26    40    22    20    45    43    64    59    41    39    47
    90    63    49    59    66    74   105    83    90    83    80    85
    75    53    38    49    48    79    84    89    76    68    63    76
    52    59    56    33    41    79    86    57    56    62    71    73
    58    41    26    50    39    48    61    51    51    62    43    42
    69    69    53    45    55    68    68    83    57    54    59    72
    62    45    42    43    48    64    71    65    49    44    55    34
    77    63    55    58    51    66    97    70    74    77    66    51
    78    57    48    59    51    69    82    67    60    59    73    59
    49    48    46    50    36    57    74    59    48    41    35    30
    43    55    71    77    61    64   101    89    53    53    45    50
    17    34    36    42    32    40    54    53    35    27    20    21
    21    46    49    65    43    43    58    46    54    34    24    26
    21    36    39    41    51    45    49    35    38    31    22    19
    28    60    60    77    85    73    65    57    71    41    22    21
     5
    25    36    30    47    76    41    43    26    32    27    19    12
    14    40    48    60    60    43    31    33    29    25    20    26
    20    29    27    48    39    31    29    19    18    16    11    15
    24    21    24    41    40    21    15    18    15    21    26    14
    18    46    53    56    39    39    26    26    22    22    41    25
     5    17    26    40    32    25     9    18    17     9    17    13
    13    21    36    43    36    28    16    17    19    11    22    12
     6     9    47    48    41    24    16    18    14     8    20    10
    15    37    79    87   107    60    61    45    32    42    29     9
    10    22    62    74   112    68    71    39    30    30    13    14
    19    28   103   128   183   126   110    98    59    59    22    12
    27    45   109   146   230   152   138    94    87    84    41    18
    26    36    76   130   147   116    83    85    57    53    40    27
    28    45    90    93    94    88    74    60    60    47    37    21
    24    24    27    24    29    30    27    22    43    28    29    28
    35    40    28    12    41    28    27    34    33    31    39    40
    47    37    28    31    25    34    26    36    42    48    45    50
    56    62    48    31    42    59    49    75    69    87    55    59
    59    43    30    39    31    35    42    38    41    49    36    42
    51    23    34    28    26    43    43    40    47    57    33    40
    33    33    42    32    22    46    37    30    50    42    34    36
    51    37    47    37    37    58    38    48    50    55    42    51
    90    60    47    74    69    82    78    69    89   100    80    88
    78    73    68    63    64    73    70    70    72    78    81    83
    75    54    55    59    66    72    50    59    45    65    65    68
    82    51    48    40    35    62    54    48    48    54    53    50
    94    73    64    63    82    94    79    74    78    80    88    66
    59    74    61    59    64    97    59    74    60    59    83    53
   110   100   102    92   101   122   115    92    88    76   105    74
   112   108    89    94   103    97    82    87    98    90    96    78
    72    74    97   100    60    91    65    70    81    69    58    64
   115    83   101   145    90   118   112    84    89    84    79    75
    39    44    72    76    56    54    67    49    52    66    32    33
    34    62    79    98    68    64    73    53    61    62    46    37
    28    44    53    93    68    57    73    35    53    33    33    22
    31    71    67   120   131    94    73    57    59    50    26    27
     6
    11    18    15    32    18    21    13     4     3     9    19     6
    12    12    20    29    27    16     4     5    16    12    11     4
     9     9    17    23    23     5     8     1     5     7    10     4
    12     6    13    20    11     9     1     8     4    13     2     7
    23    20    30    22    17    10     7    11    13     9     9    11
     7     6    22    20     8     5     3     3     8     9     2     7
     7    10    22    18    21     6     3     2     6     5     5     8
     7    10    26    25    11     5     2     4     7     3     3     7
     5    18    39    39    23     7     2     7     4     9     4    14
     8    16    24    39    19     7     8     6     6     9    10    12
    16    15    41    67    71    29    11    11    18    22    13    17
    13    13    72    71    69    49    18    28    23    24    22    25
    20    18    48    49    59    24    25    14    14    23    31    24
    24    22    51    56    44    27    24    15    17    18    28    13
    14    13    17    10     3     6    10     6    14    17    15    10
    28    15    20    13    11     5    13     5    11    27    20     7
    24    12    16    13    19    15    11     3    15    32    21    14
    29    20    23    34    28    16     9     7    33    41    25    17
    24    15    17    15    19    19    11    13    17    28    21    18
    12     7    18    23    11    16    12    12    22    19    14    13
     9     9    18    28    18    11    15    18    15    21    24    17
    16    25    18    12    29    25    10    15    16    30    27    15
    30    34    29    39    45    30    17    17    31    31    35    47
    18    33    31    43    48    35    14    11    35    36    32    42
    46    26    31    23    25    28    13    14    20    44    45    38
    33    21    26    33    33    24    16     8    14    26    22    34
    52    34    42    36    38    38    23    14    28    45    30    30
    52    23    50    28    44    36    18    16    23    24    26    21
    63    54    74    66    59    68    38    34    31    42    40    35
    55    65    84    70    56    58    27    29    38    60    52    30
    64    44    76    73    41    48    40    31    48    48    37    26
    72    48    99    91    60    47    56    38    48    54    52    54
    37    24    55    61    43    61    42    19    20    28    24    36
    31    28    47    88    58    47    36    20    25    31    29    28
    15    28    36    63    45    26    27    20    14    13    17    25
    15    23    35    70    67    43    25    13    22    28    27    13
     7
     1     2     6    13     3     3     3     0     0     3     2     0
     3     7     1     5     4     8     1     1     1     0     1     2
     1     1     1     2     1     0     0     0     0     4     0     2
     2     2     1     5     5     2     1     2     0     0     0     0
     2     3     6     6     4     0     2     2     3     5     1     7
     1     2     9     1     0     0     1     0     0     1     2     3
     3     2     4     5     3     2     0     0     2     2     1     5
     1     3     6     3     2     0     0     0     1     0     1     1
     2     3     9     9     3     1     1     2     2     1     5     2
     1     4     5     7     2     1     0     0     4     1     0     3
     2     3    15    14    11     3     1     1     1     3     4    10
     4     0     8    15     8     3     2     2     2     3     7     2
     9     0     9    20     8     2     1     3     3     4     6     5
     1     6    17    12    11     3     4     0     1     2     4     2
     2     1     3     3     3     0     0     0     1     4     4     2
     2     5     8     5     3     1     2     1     0     7     7     3
     0     0     0     2     3     4     1     0     2     6     4     2
     6     4     2     4     7     4     3     4     3    10     2     4
     0     3     2     4     6     3     1     1     3     3     4     2
     1     2     3     2     2     0     1     2     2     2     0     1
     1     3     3     5     4     2     2     2     4     4     2     1
     1     2     7     5     7     2     0     0     4     7     8     7
     3     3    13    14    11     7     8     3     1    14     6    14
    11     1     7    11     6     2     3     3     6    10     9     5
    10     5     3     8    10     4     3     2     4     9     6    12
     9     7     5     9     8     3     2     1     1     7     7     1
    10     8    11     9    13     5     2     1     3     6     8     9
    14     5     7     7     6     1     2     2     3     8     4     4
     9    21    14    22    10    10     3     7     2    15    15     4
    17    17    23    26    20    10     6     7     7     9    11    12
    22     9    30    27     9     6     3     5    13     9     9     6
    25    15    29    28    17     6    10     6     6     8    19    15
     8     9    20    25     4    14     0     3     7     4     8     7
     8    11    28    18    13    12     5     3     2     9    10     7
     4    10    15    14    17     8     5     0     1     6     5     1
     2     5    15    28     8     6     2     1     2     6     8     3
     8
     2     1    10     5     0     0     0     0     0     1     0     0
     1     1     5     3     4     1     0     2     4     0     1     1
     0     1     3     2     0     1     1     0     0     0     0     1
     0     0     4     1     0     0     0     0     0     0     0     4
     6     2     5     4     4     0     1     0     3     0     0     4
     1     1     1     2     0     0     0     0     0     0     1     2
     0     0     1     1     0     0     0     0     0     0     1     3
     0     0     2     3     1     0     0     0     0     2     2     2
     5     1    13     7     1     0     0     0     0     0     4     1
     0     0     3     0     1     0     0     0     0     0     3     4
     3     1    12     6     5     1     0     0     2     0     1     3
     4     2     1     8     1     0     0     0     0     0     4     4
     1     0     1     8     3     0     1     0     0     1     4     1
     2     4     5    10     2     0     0     0     0     1     2     0
     1     2     2     3     0     0     0     0     0     2     3     1
     2     1     0     1     2     1     1     0     1     0     3     0
     1     0     0     0     0     3     1     0     1     0     4     1
     1     1     0     2     1     1     1     0     0     3     5     1
     0     1     0     1     0     0     1     0     1     3     5     1
     0     0     6     0     0     0     1     3     1     1     3     2
     1     2     1     2     4     1     1     0     0     1     3     0
     3     0     1     3     3     2     1     0     2     1     5     3
     5     3     9     7     6     7     3     1     1     3    10     4
     7     3     5     6     8     0     2     1     2     1     8     8
     5     1     5     5     5     3     0     0     0     5     6     5
     3     0     4     3     1     3     3     0     1     2     2     2
     4     3     6     2     2     2     3     3     1     4     5     0
     6     5     5     2     7     6     0     0     4     2     8     1
     3    12    15    15     8     3     5     2     0     4    12     2
     8    13    12    10     6     7     2     3     5     8     5     3
    19    10    12     9     4     7     5     2     1     3     7    11
    16    15    18    18     8     9     5     1     3     4     6     8
    18     2     8    12     1     1     2     0     0     3     2     4
     4     4    11    10     5    11     4     3     2     5     7     2
     2     4     9     3     4     4     1     1     0     2     4     1
     1     3     8    16     5     4     0     1     1     3     3     2
     9
     0     0     2     0     0     0     0     0     0     0     1     0
     0     0     3     0     0     0     0     0     0     0     1     0
     0     1     1     0     0     0     0     0     0     0     0     0
     0     0     0     0     0     0     0     1     0     0     0     0
     0     0     2     0     0     0     0     0     1     0     0     1
     0     0     0     1     0     0     0     0     0     0     0     0
     0     0     0     0     0     0     0     0     0     0     0     0
     0     0     0     2     0     0     0     0     0     0     1     0
     0     0     6     1     1     0     0     0     0     0     1     0
     0     0     0     1     0     0     0     0     0     0     0     0
     0     0     5     2     0     0     0     0     0     0     0     0
     0     0     0     1     0     0     0     0     0     1     0     0
     2     0     0     0     0     0     0     0     0     0     0     0
     0     0     0     0     0     0     0     0     0     0     0     0
     0     0     0     0     0     0     0     0     0     0     0     0
     0     0     0     1     0     0     0     0     1     0     3     0
     1     0     0     1     0     0     0     0     0     0     3     0
     1     0     0     0     0     0     0     0     0     0     1     0
     0     0     0     0     1     0     0     0     0     0     1     0
     0     0     0     0     0     0     0     0     0     0     2     0
     0     0     1     2     0     0     0     0     0     0     3     0
     1     0     2     2     0     1     1     0     0     0     0     0
     2     0     0     3     1     0     2     0     0     0     2     1
     3     2     1     2     2     0     0     2     1     0     1     0
     1     0     2     0     0     0     0     0     0     0     1     1
     1     1     1     3     0     0     0     0     0     1     0     0
     0     0     0     0     3     0     0     0     1     1     0     2
     0     0     0     0     1     2     0     0     0     0     1     0
     0     1     1     0     1     1     0     0     0     0     1     0
     2     2     2     2     0     0     0     0     0     0     3     2
     1     3     0     4     1     0     1     1     2     2     0     0
     1     1     3     8     0     1     0     0     1     0     0     2
     1     1     0     4     1     0     0     0     1     0     0     0
     0     2     1     1     2     0     0     0     0     0     0     1
     0     0     2     1     3     0     0     0     0     0     0     0
     0     5     1     1     1     0     0     0     1     0     0     0
    10
     0     2     0     0     0     1     0     0     0     0     1     1
     0     0     0     1     0     0     0     0     0     0     0     0
     0     0     0     0     0     0     0     0     0     0     0     0
     0     0     0     0     0     0     0     0     0     0     0     0
     0     0     0     0     1     0     0     0     0     0     0     0
     0     0     0     1     0     0     0     0     0     0     0     4
     0     0     1     1     0     0     0     0     0     0     0     4
     0     0     2     0     0     0     0     0     0     0     1     0
     0     0     4     3     0     0     0     0     0     0     0     0
     0     0     1     2     0     0     0     0     0     0     0     0
     1     0     0     0     0     0     0     0     0     0     0     0
     0     0     0     0     0     0     0     0     0     0     0     0
     0     0     1     0     0     0     0     0     0     0     0     0
     0     1     0     1     1     0     0     0     0     0     0     0
     0     0     0     0     0     0     0     0     0     0     0     0
     0     0     0     1     0     0     0     0     0     0     0     0
     0     0     0     0     0     0     0     0     0     0     0     0
     0     0     0     0     0     0     1     0     0     0     0     0
     0     0     0     0     0     0     0     0     0     0     0     0
     0     0     0     0     0     0     0     0     0     0     0     0
     0     0     0     1     0     0     0     0     0     0     3     0
     0     0     0     0     0     0     0     0     0     0     3     0
     2     0     0     2     0     1     0     0     0     0     0     0
     2     0     0     0     1     1     0     0     0     0     0     0
     0     0     1     1     0     0     0     0     0     0     0     0
     0     0     1     1     0     0     0     0     0     0     0     0
     0     0     0     0     0     0     0     0     0     0     0     0
     0     0     0     1     0     0     0     0     0     0     0     0
     0     0     0     0     1     0     0     0     0     0     0     0
     0     0     1     1     2     2     1     0     0     0     2     0
     0     3     2     1     1     0     0     0     0     0     0     1
     0     0     2     9     0     0     0     0     0     0     0     0
     0     0     2     6     1     0     0     0     0     0     0     1
     0     0     2     0     2     0     0     0     0     0     1     0
     0     0     0     0     0     0     0     0     0     0     0     0
     0     0     0     1     0     0     0     0     0     0     2     1
    11
     0     0     0     0     0     0     0     0     0     0     0     0
     0     0     0     1     0     0     0     0     0     0     0     0
     1     0     0     0     0     0     0     0     0     0     0     0
     1     0     0     0     0     0     0     0     0     0     0     1
     0     0     0     1     0     0     0     0     0     0     0     1
     0     0     0     0     0     0     0     0     0     0     1     0
     0     0     0     0     0     0     0     0     0     0     0     2
     0     0     0     1     0     0     0     0     0     0     0     0
     0     0     2     2     0     0     0     0     0     0     0     0
     0     0     1     0     0     0     0     0     0     0     0     0
     0     0     0     0     0     0     0     0     0     0     0     0
     0     0     0     0     0     0     0     0     0     0     0     0
     0     0     0     0     0     0     0     0     0     0     0     0
     0     0     0     0     0     0     0     0     0     0     0     0
     0     0     0     0     0     0     0     0     0     0     0     0
     0     0     0     0     0     0     0     0     0     0     0     0
     0     0     0     0     0     0     0     0     0     0     0     0
     0     0     0     0     0     0     0     0     0     0     0     0
     0     0     0     0     0     0     0     0     0     0     0     0
     2     0     0     0     0     0     0     0     0     0     1     0
     0     0     0     0     0     0     0     0     0     0     0     0
     0     0     0     0     0     0     0     0     0     0     1     0
     0     0     0     1     0     0     0     0     0     0     0     0
     0     1     0     1     1     0     0     0     0     0     2     0
     1     0     0     1     0     0     0     0     0     0     0     0
     0     0     0     2     0     0     0     0     0     0     0     0
     0     0     1     0     0     0     0     0     0     0     0     0
     0     0     0     0     0     1     0     0     0     0     0     0
     0     0     0     1     1     0     1     0     0     0     0     0
     0     0     1     2     0     0     0     0     0     0     0     0
     0     0     0     0     2     0     0     0     0     0     0     0
     0     0     0     2     2     0     0     0     0     0     0     1
     0     0     1     0     0     0     0     0     0     0     0     0
     1     2     0     1     0     0     0     0     0     0     0     0
     0     1     0     0     0     0     0     0     0     0     0     0
     0     0     2     0     0     0     0     0     0     0     0     0
    12
     0     0     0     0     0     0     0     0     0     0     0     0
     0     0     0     0     0     0     0     0     0     0     0     0
     0     0     0     0     0     0     0     0     0     0     0     0
     0     0     0     0     0     0     0     0     0     0     0     0
     0     0     0     0     0     0     0     0     0     0     0     0
     0     0     0     0     0     0     0     0     0     0     0     0
     0     0     0     0     0     0     0     0     0     0     0     0
     0     0     0     0     0     0     0     0     0     0     0     0
     0     0     0     0     0     0     0     0     0     0     0     0
     0     0     1     0     0     0     0     0     0     0     0     0
     0     0     0     0     0     0     0     0     0     0     0     0
     0     0     0     0     0     0     0     0     0     0     0     0
     0     0     0     0     0     0     0     0     0     0     0     0
     0     0     0     0     0     0     0     0     0     0     0     0
     0     0     0     0     0     0     0     0     0     0     0     0
     0     0     0     0     0     0     0     0     0     0     0     0
     0     0     0     0     0     0     0     0     0     0     0     0
     0     0     0     0     0     0     0     0     0     0     0     0
     0     0     0     0     0     0     0     0     0     0     0     0
     0     0     0     0     0     0     0     0     0     0     0     0
     0     0     0     0     0     0     0     0     0     0     0     0
     0     0     0     1     0     0     0     0     0     0     0     0
     1     0     0     0     0     0     0     0     0     0     0     0
     0     0     0     0     0     0     0     0     0     0     0     0
     0     0     0     0     0     0     0     0     0     0     0     0
     0     0     0     0     0     0     0     0     0     0     0     0
     0     0     0     0     0     0     0     0     0     0     0     0
     0     0     0     0     0     0     0     0     0     0     0     0
     0     0     0     0     0     0     0     0     0     0     0     0
     0     0     0     0     0     0     0     0     0     0     0     0
     0     0     0     0     0     0     0     0     0     0     0     0
     0     0     0     0     0     0     0     0     0     0     0     0
     0     0     0     0     0     0     0     0     0     0     0     0
     0     0     0     0     0     0     0     0     0     0     0     0
     0     1     0     0     0     0     0     0     0     0     0     0
     1     0     0     0     0     0     0     0     0     0     0     0
    13
     0     0     0     0     0     0     0     0     0     0     0     0
     0     0     0     0     0     0     0     0     0     0     0     0
     0     0     0     0     0     0     0     0     0     0     0     0
     0     0     0     0     0     0     0     0     0     0     0     0
     0     0     0     0     0     0     0     0     0     0     0     0
     0     0     0     0     0     0     0     0     0     0     0     0
     0     0     0     0     0     0     0     0     0     0     0     0
     0     0     0     0     0     0     0     0     0     0     0     0
     0     0     0     0     0     0     0     0     0     0     0     0
     0     0     0     0     0     0     0     0     0     0     0     0
     0     0     0     0     0     0     0     0     0     0     0     0
     0     0     0     0     0     0     0     0     0     0     0     0
     0     0     0     0     0     0     0     0     0     0     0     0
     0     0     0     0     0     0     1     0     0     0     0     0
     0     0     0     0     0     0     0     0     0     0     0     0
     0     0     0     0     0     0     0     0     0     0     0     0
     0     0     0     0     0     0     0     0     0     0     0     0
     0     0     0     0     0     0     0     0     0     0     0     0
     0     0     0     0     0     0     0     0     0     0     0     0
     0     0     0     0     0     0     0     0     0     0     0     0
     0     0     0     0     0     0     0     0     0     0     0     0
     0     0     0     0     0     0     0     0     0     0     0     0
     0     0     0     0     0     0     0     0     0     0     0     0
     0     0     0     0     0     0     0     0     0     0     0     0
     0     0     0     0     0     0     0     0     0     0     0     0
     0     0     0     0     0     0     0     0     0     0     0     0
     0     0     0     0     0     0     0     0     0     0     0     0
     0     0     0     0     0     0     0     0     0     0     0     0
     0     0     0     0     0     0     0     0     0     0     0     0
     0     0     0     0     0     0     0     0     0     0     0     0
     0     0     0     0     0     0     0     0     0     0     0     0
     0     0     0     0     0     0     0     0     0     0     0     0
     0     0     0     0     0     0     0     0     0     0     0     0
     0     2     0     0     0     0     0     0     0     0     0     0
     0     2     0     0     0     0     0     0     0     0     0     0
     0     0     0     0     0     0     0     0     0     0     0     0
    14
     0     0     0     0     0     0     0     0     0     0     0     0
     0     0     0     0     0     0     0     0     0     0     0     0
     0     0     0     0     0     0     0     0     0     0     0     0
     0     0     0     0     0     0     0     0     0     0     0     0
     0     0     0     0     0     0     0     0     0     0     0     0
     0     0     0     0     0     0     0     0     0     0     0     0
     0     0     0     0     0     0     0     0     0     0     0     0
     0     0     0     0     0     0     0     0     0     0     0     0
     0     0     0     0     0     0     0     0     0     0     0     0
     0     0     0     0     0     0     0     0     0     0     0     0
     0     0     0     0     0     0     0     0     0     0     0     0
     0     0     0     0     0     0     0     0     0     0     0     0
     0     0     0     0     0     0     0     0     0     0     0     0
     0     0     0     0     0     0     0     0     0     0     0     0
     0     0     0     0     0     0     0     0     0     0     0     0
     0     0     0     0     0     0     0     0     0     0     0     0
     0     0     0     0     0     0     0     0     0     0     0     0
     0     0     0     0     0     0     0     0     0     0     0     0
     0     0     0     0     0     0     0     0     0     0     0     0
     0     0     0     0     0     0     0     0     0     0     0     0
     0     0     0     0     0     0     0     0     0     0     0     0
     0     0     0     0     0     0     0     0     0     0     0     0
     0     0     0     0     0     0     0     0     0     0     0     0
     0     0     0     0     0     0     0     0     0     0     0     0
     0     0     0     0     0     0     0     0     0     0     0     0
     0     0     0     0     0     0     0     0     0     0     0     0
     0     0     0     0     0     0     0     0     0     0     0     0
     0     0     0     0     0     0     0     0     0     0     0     0
     0     0     0     0     0     0     0     0     0     0     0     0
     0     0     0     0     0     0     0     0     0     0     0     0
     0     0     0     0     0     0     0     0     0     0     0     0
     0     0     0     0     0     0     0     0     0     0     0     0
     0     0     0     0     0     0     0     0     0     0     0     0
     0     0     0     0     0     0     0     0     0     0     0     0
     0     0     0     0     0     0     0     0     0     0     0     0
     0     0     0     0     0     0     0     0     0     0     0     0
    15
     0     0     0     0     0     0     0     0     0     0     0     0
     0     0     0     0     0     0     0     0     0     0     0     0
     0     0     0     0     0     0     0     0     0     0     0     0
     0     0     0     0     0     0     0     0     0     0     0     0
     0     0     0     0     0     0     0     0     0     0     0     0
     0     0     0     0     0     0     0     0     0     0     0     0
     0     0     0     0     0     0     0     0     0     0     0     0
     0     0     0     0     0     0     0     0     0     0     0     0
     0     0     0     0     0     0     0     0     0     0     0     0
     0     0     0     0     0     0     0     0     0     0     0     0
     0     0     0     0     0     0     0     0     0     0     0     0
     0     0     0     0     0     0     0     0     0     0     0     0
     0     0     0     0     0     0     0     0     0     0     0     0
     0     0     0     0     0     0     0     0     0     0     0     0
     0     0     0     0     0     0     0     0     0     0     0     0
     0     0     0     0     0     0     0     0     0     0     0     0
     0     0     0     0     0     0     0     0     0     0     0     0
     0     0     0     0     0     0     0     0     0     0     0     0
     0     0     0     0     0     0     0     0     0     0     0     0
     0     0     0     0     0     0     0     0     0     0     0     0
     0     0     0     0     0     0     0     0     0     0     0     0
     0     0     0     0     0     0     0     0     0     0     0     0
     0     0     0     0     0     0     0     0     0     0     0     0
     0     0     0     0     0     0     0     0     0     0     0     0
     0     0     0     1     0     0     0     0     0     0     0     0
     0     0     0     0     0     0     0     0     0     0     0     0
     0     0     0     0     0     0     0     0     0     0     0     0
     0     0     0     0     0     0     0     0     0     0     0     0
     0     0     0     0     0     0     0     0     0     0     0     0
     0     0     0     0     0     0     0     0     0     0     0     0
     0     0     0     0     0     0     0     0     0     0     0     0
     0     0     0     0     0     0     0     0     0     0     0     0
     0     0     0     0     0     0     0     0     0     0     0     0
     0     0     0     0     0     0     0     0     0     0     0     0
     0     0     0     0     0     0     0     0     0     0     0     0
     0     0     0     0     0     0     0     0     0     0     0     0
    16
     0     0     0     0     0     0     0     0     0     0     0     0
     0     0     0     0     0     0     0     0     0     0     0     0
     0     0     0     0     0     0     0     0     0     0     0     0
     0     0     0     0     0     0     0     0     0     0     0     0
     0     0     0     0     0     0     0     0     0     0     0     0
     0     0     0     0     0     0     0     0     0     0     0     0
     0     0     0     0     0     0     0     0     0     0     0     0
     0     0     0     0     0     0     0     0     0     0     0     0
     0     0     0     0     0     0     0     0     0     0     0     0
     0     0     0     0     0     0     0     0     0     0     0     0
     0     0     0     0     0     0     0     0     0     0     0     0
     0     0     0     0     0     0     0     0     0     0     0     0
     0     0     0     0     0     0     0     0     0     0     0     0
     0     0     0     0     0     0     0     0     0     0     0     0
     0     0     0     0     0     0     0     0     0     0     0     0
     0     0     0     0     0     0     0     0     0     0     0     0
     0     0     0     0     0     0     0     0     0     0     0     0
     0     0     0     0     0     0     0     0     0     0     0     0
     0     0     0     0     0     0     0     0     0     0     0     0
     0     0     0     0     0     0     0     0     0     0     0     0
     0     0     0     0     0     0     0     0     0     0     0     0
     0     0     0     0     0     0     0     0     0     0     0     0
     0     0     0     0     0     0     0     0     0     0     0     0
     0     0     0     0     0     0     0     0     0     0     0     0
     0     0     0     0     0     0     0     0     0     0     0     0
     0     0     0     0     0     0     0     0     0     0     0     0
     1     0     0     0     0     0     0     0     0     0     0     0
     0     0     0     0     0     0     0     0     0     1     0     0
     0     0     0     0     0     0     0     0     0     0     0     0
     0     0     0     0     0     0     0     0     0     0     0     0
     0     0     0     0     0     0     0     0     0     0     0     0
     0     0     0     0     0     0     0     0     0     0     0     0
     0     0     0     0     0     0     0     0     0     0     0     0
     0     0     0     0     0     0     0     0     0     0     0     0
     0     0     0     0     0     0     0     0     0     0     0     0
     0     0     0     0     0     0     0     0     0     0     0     0
