22
Grand Rapids, MI 94860
     0
      -7.900      -6.700      -1.200       4.400      12.100      17.700
      21.100      20.000      15.000       8.300       1.100      -5.600
      -4.000      -2.800       2.200       8.800      16.700      22.200
      24.300      23.200      18.200      12.100       4.400      -1.800
        .000       1.100       6.600      14.300      21.100      25.600
      27.700      26.100      22.700      16.700       8.800       1.100
      66.000      61.000      54.000      43.000      42.000      45.000
      48.000      51.000      53.000      53.000      60.000      68.000
      75.000      71.000      67.000      59.000      57.000      59.000
      61.000      64.000      68.000      66.000      73.000      78.000
      82.000      81.000      80.000      77.000      75.000      76.000
      76.000      81.000      84.000      83.000      84.000      85.000
       3.100       2.700       3.100       2.700       2.700       2.400
       2.400       2.400       2.400       2.400       2.700       2.700
       4.400       4.000       4.000       4.000       3.500       3.100
       3.100       3.100       3.100       3.500       4.000       4.000
       5.500       5.200       5.500       5.500       4.800       4.800
       4.400       4.000       4.400       4.800       5.200       5.200
     240.000     240.000     260.000     260.000     240.000     240.000
     240.000     240.000     230.000     230.000     230.000     230.000
     1
      -4.126      -2.647       2.926       9.788      16.563      21.719
      24.329      22.922      18.591      12.380       5.307      -1.804
      74.025      70.934      66.568      60.160      58.929      60.756
      61.911      65.255      67.855      66.978      71.745      76.420
     2
     5     9     9    11    18    17    26    15    29    18     8    11
     8     6     9    13    20    23    44    33    27    27    19    13
     3    12    13    19    20    22    29    40    28    15     9     8
    12     8    19    21    23    38    37    49    26    10    10     9
     8    10    12    15    29    43    52    51    21    17    11    15
     7    13    21    18    28    26    48    42    32    24    10    10
    14     9    19    20    36    42    52    43    34    40    23    13
     7    12    19    18    42    31    49    46    36    19     9     9
    13    24    21    30    31    44    54    48    49    35    18    13
    13    12    14    21    34    29    38    36    31    22     8    11
    21    20    21    22    30    48    45    43    53    51    27    19
    12    13    12    14    34    43    44    43    38    24    30    18
    19    13    13    20    29    34    29    46    29    27    17    17
    23    19    21    22    33    41    65    57    45    34    17    25
    12     6    16    17    22    46    48    52    26    29    18    13
    16    18    18    18    30    50    58    62    52    41    23    19
     8    12     9    13    16    32    41    46    36    28    12     9
    23    30    20    18    42    54    59    71    45    49    37    31
    12    21    14    13    16    27    42    40    26    19    23    14
    15    18     9    17    33    31    46    31    27    26    14    24
     8    16     5     9    21    24    25    21    24     9     8     9
    13    17    11    18    15    36    32    25    37    21     6    12
    12    19    19    25    30    40    57    45    47    30    21    33
    22    20    13    22    27    29    41    42    29    28    16    22
    11    22    16    25    36    33    32    42    36    21    19    31
     7    11    10    12    25    13    24    23    24    33    12    16
    17    16    22    21    32    29    38    30    27    29    28    13
     5    10     8    10    14    17    21    28    22    12     9     8
     9    16    13    22    17    18    34    30    20    14    17    11
     3     4    10    13    15    15    26    20    11    14    10    12
     3     4     7    13    20    15    26    17    12     8    13    10
     7    22    14    19    27    23    31    22    17    18    14     9
     2     9    11     9     7    11    18    13    17     8     6     9
     5    14     8    16    25    10    23    29    25    14    16    13
     3     3     4    15    10    16    20    14    15    10     9     6
     8    17    12    21    21    18    42    27    27    19    16    12
     3
    10    32    23    31    50    36    50    62    49    19    19    23
    14    29    35    52    68    56    80    62    64    34    41    25
    15    25    22    37    55    44    62    63    68    22    20    15
    26    19    38    38    71    67    75    77    74    41    25    16
    18    37    43    45    82   100   108   116    86    52    35    26
    22    39    39    67    90    85    99   109    64    48    37    25
    32    71    71    74   124   116   129   157    96    79    42    43
    19    39    58    61    81    76    79    80    58    64    35    29
    32    58    89    56   105   116   104    98    93    90    52    45
    22    38    53    56    58    64    55    62    53    42    33    32
    58    62    72    62    89    96    77    87    93    66    51    45
    28    29    46    58    85    92    61    98    81    69    43    38
    31    12    28    26    56    77    63    79    67    47    37    27
    44    40    46    58    79   110   102    81    92    71    47    48
    32    21    28    35    49    85    71    73    84    63    51    28
    35    34    58    48    76   118   106   112   103    77    69    55
    37    24    43    40    55    68    92    98    94    81    54    43
    81    70    51    78    92   129   149   150   138   147   101   117
    46    62    40    38    53    70    87   124    92    60    66    61
    40    53    34    55    63   112   109   123   108    80    73    73
    28    37    27    29    34    61    62    83    59    44    44    31
    30    40    22    29    50    92   115   128    72    49    46    45
    45    43    44    53    86   132   152   156   104    83    66    42
    46    72    54    72    99   147   173   155   114    86    64    74
    49    64    68    88   118   138   178   148   111    93    81    73
    30    22    39    62    74    99   111   138    82    65    50    40
    45    63    43    66   101   112   142   113    94    67    65    62
    25    25    28    37    62    57    86    75    68    63    38    27
    42    39    54    51    84    92   107   117    78    81    38    41
    27    39    42    41    39    41    62    69    63    64    37    30
    31    27    41    46    57    44    60    58    55    52    34    45
    33    46    50    59    58    71    75    82    77    49    65    42
    16    29    31    33    29    34    43    41    47    20    25    34
    23    30    32    40    44    62    61    73    73    43    30    36
    21    25    23    41    48    34    51    42    55    20    24    21
    21    35    34    48    61    63    66    55    66    38    45    38
     4
    15    21    16    30    21    31    23    30    22    10    11     9
    12    19    30    29    40    25    26    15    45    16    20    10
     7    20    12    35    31    23    24    18    22     8     9     8
     4    31    29    29    29    24    30    31    23    11    13     8
    19    35    45    33    64    48    48    54    44    19    24    19
    16    37    42    44    62    54    48    50    36    21    24    23
    31    46    80    51    91    56    69    59    41    39    28    25
    19    36    62    58    69    38    29    34    34    30    27    19
    20    48    61    73    92    65    58    54    37    43    21    19
    11    16    49    42    48    38    25    25    21    36    15    15
    21    35    56    57    78    59    29    36    58    38    34    23
    20    13    41    28    61    39    24    51    39    29    32    36
    17     7    18    25    39    27    19    20    31    16    20    22
    23    25    32    40    33    35    31    30    39    32    20    21
    13    12    23    21    26    42    30    29    19    31    24    20
    31    27    32    41    51    52    42    48    62    50    43    29
    31    33    43    28    36    41    36    44    50    56    40    30
    79    69    43    58    65    66    76    86   114    88    88    77
    56    46    36    36    39    44    46    59    60    53    58    37
    68    44    31    45    43    55    78    95    70    74    71    63
    25    24    34    26    31    38    59    44    41    32    39    36
    25    37    25    30    46    57    78    67    62    43    44    29
    35    43    38    54    65    75    97    96    70    58    31    42
    28    55    56    43    64    86   115    85    70    57    53    35
    39    54    67    61   111   148   147   146    77    64    62    42
    37    27    44    33    79    85   104   107    59    52    35    26
    45    54    52    80    78   114   129   106    71    59    49    50
    33    35    31    34    42    61    61    64    56    45    22    35
    55    55    59    54    51    89    85    88    50    46    50    54
    34    43    39    35    34    37    34    36    48    40    34    35
    21    37    32    34    38    39    44    35    23    38    25    45
    36    26    28    59    44    54    71    48    53    51    35    34
    13    20    20    32    19    20    29    27    18    26    20    28
    22    23    32    40    38    42    63    49    26    21    31    30
    16    12    22    21    18    32    39    22    30    18    17    14
    18    28    25    31    38    33    30    42    28    30    10    19
     5
    11    28    37    32    17    24    14    18    32    21    12    14
    15    31    32    49    41    34    20    29    30    26    21     7
    13    19    16    42    25    12    13    11    15    15    14    10
    12    34    32    34    37    35    13    19    19    19    20    21
    26    45    76    68    82    65    32    45    37    33    36    32
    21    56    68    49    69    51    49    36    33    30    36    20
    23    66   115    83   100    72    50    50    45    47    48    44
    26    54    82    84    72    39    44    28    31    39    24    32
    14    55   110   112   104    57    38    36    36    58    28    46
    18    34    69    74    55    42    18    34    29    30    14    16
    22    53    99    66    97    44    35    28    29    32    33    40
    39    19    45    42    50    33    17    21    28    18    25    27
    16    12    31    20    31    19    10    13    15    13    32    16
    15    41    28    31    41    28    16     9    22    28    41    25
    10    14    20    22    21    24    13    12    21    21    33    22
    31    37    39    50    56    38    22    34    46    60    48    36
    55    28    41    43    46    37    29    26    42    66    48    66
   127    89    73    95    93    89    58    57   105   161   141   104
    75    72    42    76    64    51    48    48    66    90    60    74
   140    81    59    82    71    99    84    83   102   140   101   112
    54    55    27    44    52    70    80    68    72    65    56    58
    61    57    53    60    59    74   101    79    85    70    57    51
    60    65    67    72    87   143   157   155   111   101    76    73
    60    69    83    76   136   154   189   132   122    78    92    74
    92   107   106   131   172   220   219   225   114    91    93    89
    80    57    74   107   103   147   159   107    86    67    63    62
   110   109   111   147   168   225   192   186   115    92    83    98
    62    75    68    72    82   101    96    93    64    63    72    66
    85    86    99   127   120   149   122   112    94   101   103    95
    52    47    78    65    69    63    54    51    61    51    54    55
    47    65    79    80    53    48    49    48    52    50    51    50
    61    59    74    95    80    89    90    91    62    81    61    47
    20    23    38    52    35    36    52    38    25    42    19    30
    39    40    44    81    57    49    72    49    37    50    46    34
    25    25    28    26    24    21    32    16    17    20    14    28
    32    41    38    69    40    24    54    40    38    40    29    34
     6
     7     4    16    10     8     6     2     2     6     9     9    16
     6    20    14    26    14     7     4     7    11    16    13    10
     6     9    10    25    10     8     2     5     7     9     4     9
     5    17    19    10    24    11     2     1     6     8     9     9
    12    42    47    35    41    19    13     6    16    10    13    16
    17    46    49    51    41    15    11     5     8     6    31    25
    38    61    80    57    48    31     8     7    16    14    19    26
    19    29    82    66    39    12    11     4    11    10    15    16
    26    29   106    72    37    19     7     7    19    21    17    23
    22    11    38    58    26     8     5     6     3    10    13    22
    19    13    58    36    54    13    10     5    12    11    18    16
    22     2    21    27    17     3     4     1     5     2     8    12
    12     5    14    14     6     3     0     0     4     6    15     5
     4    15    20    27    17     9     4     1     3     7    21     4
     7     5    14    22     7    11     2     2     6     8     7     7
    12     8    23    43    19    11     4    12    16    21    27    15
    22    12    33    23    26    18     8     7    22    38    29    30
    57    43    57    59    47    25    26    36    38    68    64    49
    57    44    28    50    31    29    28    28    26    69    25    66
    97    53    67    53    64    45    36    36    58    51    62    84
    64    35    27    37    36    28    34    29    34    38    38    54
    54    42    34    37    44    41    44    45    49    49    55    52
    75    51    39    66    72   100   101    75    85    76    61    48
    82    58    62    62    94   127   115    77    66    56    69    48
   107    76    83   117   166   152   125   116    81    88    79    92
    84    69    59    78   115    86    88    54    59    60    67    76
    92    72    74   135   117   153   110    84    67    73    86   113
    68    52    66    61    60    64    53    55    48    33    50    54
    78    62   119   108    94    76    77    61    87    62    82    72
    44    48    67    53    38    21    18    26    21    41    37    29
    36    31    82    58    31    26    21    23    28    34    31    29
    52    48    73    80    37    37    34    46    27    54    38    47
    18    15    37    29    12    14    13    20    16    25    17    19
    29    15    32    46    33    17    25    14    19    20    24    21
    10     9    18    14    11     7    10    10     7    16    13     3
    15    21    19    31    19    11    13    13    19    17    14    13
     7
     0     1     2    10     3     0     0     0     0     0     2     3
     1     0     6     4     4     1     1     0     0     6     1     6
     4     1     4     4     2     1     0     0     0     0     4     4
     1     4     9     9     7     1     1     0     0     3     3     4
     6     4    15    12     9     3     4     0     2     0     1     5
     5    10    17    15    14     1     4     0     0     2     2     5
    16    17    30    19     5     2     1     1     1     1     5     5
    10    10    17    14     8     0     0     0     0     2     5     7
     9     9    44    19     6     0     1     1     6     3     2    10
     1     2    17    14     1     0     1     0     1     0     1     1
    11     3    10     8    10     0     0     0     0     1     2     2
     3     1     4     8     0     2     0     0     1     0     0     3
     0     1     4     1     0     0     0     0     0     0     1     0
     0     2     5     5     1     1     0     0     2     2     3     1
     0     0     2     1     1     0     0     0     1     0     1     0
     4     0     6    15     1     0     1     2     1     2     8     2
    13     3     8     8     8     1     0     0     1     7     6     4
    10     7    16    20    17     6     2     4     6     9    17    13
    15     9     4    11     7     9     4     1     5     2     7    23
    29    13    18    17    18    14     4     6     6    19    15    12
    17    11     7     9    10     5    10     3     7    12    10    27
    13    21    21    17    12    10    13     5     7     9    19    16
    23    26    21    16    20    39    17    14    22    25    26    16
    38    36    27    21    33    43    39    21    20    41    36    25
    58    40    21    40    48    36    25    14    26    31    31    42
    35    25    26    32    33    18    23    20    14    17    23    21
    46    24    43    36    39    33    16    19    18    25    33    24
    32    16    32    31    24    16     9     9    15    15    17    22
    26    36    48    43    28    18    14    12    15    21    18    28
    16    15    26    13     8     5     3     4    10    13    15     9
     9     8    17    23     9     5     1     4     3     7    11    10
    14    23    10    13     5     9     9    10     7     8    20    16
     5     5     6     5     3     2     1     2     3     2     3     2
     6     8     7    14     0     2     0     3     1     3    10     2
     5     2     1     2     0     0     1     3     3     2     2     5
     4     0     3    11     6     2     1     1     1     0     4     6
     8
     1     2     0     5     1     0     0     0     2     0     1     0
     0     3     0     4     1     0     0     0     0     0     0     0
     1     0     0     2     0     0     1     1     0     1     0     1
     3     1     3     3     0     0     1     0     0     0     0     6
     1     5    11    13     6     4     1     0     2     0     1     4
     5    15    16    13     5     1     3     0     0     3     0     1
    11    14    27    10     2     0     0     0     0     0     1     1
    11     2    25    14     7     0     0     1     0     0     2     6
     5     7    26    12     1     0     0     0     1     0     1     5
     3     0     6     7     1     0     0     0     1     0     1     2
     2     5     6     6     4     1     1     0     0     0     0     1
     4     0     1     3     0     0     0     0     0     0     1     0
     0     0     0     0     0     0     0     0     0     0     0     1
     1     0     2     3     2     0     0     0     0     0     2     1
     1     0     2     2     0     0     0     0     0     2     1     0
     0     1     2     6     1     0     0     0     2     2     3     1
     2     1     3    15     1     1     0     0     2     4     4     2
     3     1    13    10     7     5     5     1     1     4    11     4
     5     3     5     6     3     5     3     1     0     4     3     4
    11     6    16     7     8     1     1     2     5     4    12    10
     7     7    11     5     4     4     3     2     1    10     7     5
    14     9     9    13    11     6     4     5     6    14    15    18
    17    26    46    46    30    19     6     5    17    29    23    17
    45    24    28    46    43    20    18    14    16    36    34    29
    38    14    29    51    53    14    10    10    17    26    33    36
    28    22    24    38    30    15     9     6    16    15    28    23
    38    16    36    35    27    20     7     7    11    24    23    25
    26    12    21    25    17    13     3     4     6    17    13    14
    22    17    30    23    14     3     5     2    11    28    13    20
    11     6    28    15     2     3     0     2     4     7     6    10
     8     8    17    16     6     4     0     1     2     4     2     5
     7    17    12    14     6     5     0     5     2     3     7    13
     4     7     2     4     1     0     0     0     0     0     0     0
     2     9     9    12     0     0     0     4     0     1     0     6
     1     4     1     5     0     1     0     0     0     0     0     1
     2     5     1     5     1     0     0     1     0     0     2     1
     9
     0     1     0     2     1     0     0     0     0     0     0     0
     0     0     0     0     0     0     0     0     0     0     0     0
     0     0     0     1     0     0     0     0     0     0     0     0
     0     0     1     1     0     0     0     0     0     0     0     0
     0     0     4     2     0     0     0     0     0     0     0     0
     1     1     4     5     0     0     1     0     0     0     0     0
     3     0     1     1     0     0     0     0     0     0     0     1
     2     0     6     6     0     0     0     0     0     0     0     0
     1     0     4     2     0     0     0     0     0     0     0     0
     0     0     0     3     0     0     0     0     0     0     0     0
     0     0     1     1     0     0     0     0     0     0     1     1
     0     0     0     0     0     0     0     0     0     0     0     0
     0     0     0     0     0     0     0     0     0     0     0     0
     0     1     0     0     0     0     0     0     0     0     0     0
     0     0     0     0     0     0     0     0     0     0     0     0
     0     0     0     0     0     0     0     0     0     0     0     0
     0     0     0     0     2     0     0     0     0     0     0     0
     0     0     4     2     2     0     0     0     0     0     0     0
     0     0     1     0     4     0     0     0     0     0     0     0
     1     0     2     2     0     1     0     1     1     0     2     2
     1     1     2     3     2     0     0     2     1     3     3     1
     2     0     5     2     2     1     1     0     0     0     4     7
     5     7    14     7     3     2     2     1     0     5     7     8
     8     9    14    12     8     7     5     3     5     8    13    10
    14    11    11    10    16     4     2     0     6     6     8    14
     7     3    10     6     8     2     1     0     2     4     7     8
    10     1     4     6     1     3     0     0     4     5     9     3
     5     3     2     5     1     3     1     0     2     6     3     3
     6     5     2     1     3     1     0     0     1     3     3     0
     2     0     2     1     0     1     0     1     0     2     1     2
     2     1     1     2     0     0     0     0     0     2     1     1
     1     9     2     2     1     0     0     1     0     0     0     1
     1     1     3     0     0     0     0     0     0     0     1     0
     0     3     1     1     0     1     0     0     0     0     0     0
     0     0     0     0     0     0     0     0     0     0     0     0
     0     1     1     2     0     0     0     0     0     0     0     0
    10
     0     1     0     0     0     0     0     0     0     0     0     0
     0     0     0     0     0     0     0     0     0     0     0     0
     0     0     0     0     0     0     0     0     0     0     0     0
     0     0     0     0     0     0     0     0     0     0     0     0
     0     0     0     1     0     0     0     0     1     0     0     0
     0     1     1     0     0     0     0     0     0     0     0     0
     0     1     0     0     0     0     0     0     0     0     0     0
     0     0     1     0     0     0     0     0     0     0     0     0
     1     1     1     5     0     0     0     0     0     0     0     0
     0     0     1     1     0     0     0     0     0     0     0     0
     0     2     0     0     0     0     0     0     0     0     0     0
     0     0     0     0     0     0     0     0     0     0     0     0
     0     0     0     0     0     0     0     0     0     0     0     0
     0     0     0     0     0     0     0     0     0     0     0     0
     0     0     0     0     0     0     0     0     0     0     0     0
     0     0     0     0     0     0     0     0     0     1     0     0
     0     0     2     0     0     0     0     0     0     0     0     0
     0     0     3     1     0     0     0     0     0     0     0     0
     1     0     1     1     1     0     0     0     0     0     1     0
     1     1     5     0     1     0     0     0     3     0     0     0
     0     0     2     1     0     0     0     0     0     0     0     1
     0     0     1     2     0     0     0     0     0     1     0     3
     2     5     7     8     4     2     2     0     0     4     1     2
     8     1     7    13    10     5     2     1     1     5     7     6
     7     3     9     8    11     0     2     0     5     3     5     3
     2     6     3     5     3     2     0     0     2     3     3     1
     5     1     3     4     0     1     0     1     3     3     0     1
     3     0     0     1     1     1     0     0     1     1     1     1
     4     0     0     0     0     0     0     0     0     1     0     0
     0     0     1     0     0     0     0     0     0     2     1     1
     2     1     2     2     1     0     0     0     0     0     0     0
     0     3     1     1     0     0     0     1     0     0     0     0
     0     0     0     0     0     0     0     0     0     0     0     0
     0     0     0     0     0     0     0     0     0     0     0     0
     0     0     1     0     0     0     0     0     0     0     0     0
     0     1     0     0     0     0     0     0     0     0     0     0
    11
     0     0     0     0     0     0     0     0     0     0     0     0
     0     0     0     0     0     0     0     0     0     0     0     0
     0     0     0     0     0     0     0     0     0     0     0     0
     0     0     0     0     0     0     0     0     0     0     0     0
     0     0     0     0     0     0     0     0     0     0     0     0
     0     0     0     1     0     0     0     0     0     0     0     0
     1     0     0     0     1     0     0     0     0     0     0     0
     0     0     2     0     0     0     0     0     0     0     0     1
     0     1     3     1     0     0     0     0     0     0     0     1
     0     0     0     0     0     0     0     0     0     0     0     0
     0     0     0     0     0     0     0     0     0     0     0     0
     0     0     0     0     0     0     0     0     0     0     0     0
     0     0     0     0     0     0     0     0     0     0     0     0
     0     0     0     0     0     0     0     0     0     0     0     0
     0     0     0     0     0     0     0     0     0     0     0     0
     0     0     0     0     0     0     0     0     0     0     0     0
     0     0     0     1     0     0     0     0     0     0     0     0
     0     0     2     1     0     0     0     0     0     0     0     0
     0     0     0     0     0     0     0     0     0     0     1     0
     1     0     3     1     0     0     1     1     0     0     1     0
     1     0     2     2     1     0     0     0     0     0     0     1
     4     1     4     5     1     0     0     0     1     0     0     1
     1     2    15     9     5     2     0     0     0     3     5     1
     3     4    10    13     5     1     0     1     2     3     3     4
    10     9     6    16     5     0     1     0     1     1     3     2
     3     3     2     4     7     1     1     0     2     0     2     1
     1     0     1     9     2     0     0     0     0     1     0     0
     4     0     0     1     0     3     0     0     0     0     0     1
     1     1     1     0     0     0     0     0     1     0     0     0
     1     0     1     0     0     0     0     0     0     0     1     0
     1     0     1     0     0     0     0     0     0     0     2     0
     0     0     0     0     0     0     0     0     0     0     0     0
     0     1     0     0     0     0     0     0     0     0     0     0
     0     1     0     0     0     0     0     0     0     0     0     0
     0     0     0     0     0     0     0     0     0     0     0     0
     0     0     0     1     0     0     0     0     0     0     0     0
    12
     0     0     0     0     0     0     0     0     0     0     0     0
     0     0     0     0     0     0     0     0     0     0     0     0
     0     0     0     1     0     0     0     0     0     0     0     0
     0     0     0     0     0     0     0     0     0     0     0     0
     0     0     0     0     0     0     0     0     0     0     0     0
     0     0     0     0     0     0     0     0     0     0     0     0
     0     0     0     0     0     0     0     0     0     0     0     0
     0     0     0     1     0     0     0     0     0     0     0     1
     0     0     0     0     0     0     0     0     0     0     0     0
     0     0     0     0     0     0     0     0     0     0     0     0
     0     0     0     0     0     0     0     0     0     0     0     0
     0     0     0     0     0     0     0     0     0     0     0     0
     0     0     0     0     0     0     0     0     0     0     0     0
     0     0     0     0     0     0     0     0     0     0     0     0
     0     0     0     0     0     0     0     0     0     0     0     0
     0     0     0     0     0     0     0     0     0     0     0     0
     0     0     0     0     0     1     0     0     0     0     0     0
     0     0     0     0     0     0     0     0     0     0     0     0
     0     0     0     0     0     0     0     0     0     0     0     0
     0     0     4     0     0     0     0     0     1     0     0     0
     0     0     2     0     0     0     0     0     0     0     0     0
     6     1     7     4     3     0     0     0     0     0     0     0
     2     1     5    10     2     0     0     0     0     0     1     4
     5     0     5     4     1     2     3     0     0     1     4     4
     5     0     3     3     0     1     1     0     1     0     8     0
     1     2     1     1     2     0     0     0     1     0     0     0
     2     0     1     1     1     0     0     0     0     0     1     0
     2     0     0     0     1     0     0     0     0     0     0     0
     1     0     0     0     0     0     0     0     0     0     0     1
     0     0     0     0     0     0     0     0     0     0     0     0
     0     1     0     0     0     0     0     0     0     0     0     0
     0     0     0     1     0     0     0     0     0     0     0     0
     0     0     0     0     0     0     0     0     0     0     0     0
     0     0     0     0     0     0     0     0     0     0     0     0
     0     0     0     0     0     0     0     0     0     0     0     0
     0     0     0     0     0     0     0     0     0     0     0     0
    13
     0     0     0     0     0     0     0     0     0     0     0     0
     0     0     0     0     0     0     0     0     0     0     0     0
     0     0     0     0     0     0     0     0     0     0     0     0
     0     0     0     0     0     0     0     0     0     0     0     0
     0     0     0     0     0     0     0     0     0     0     0     0
     0     0     0     0     0     0     0     0     0     0     0     0
     0     0     0     0     0     0     0     0     0     0     0     0
     0     0     0     0     0     0     0     0     0     0     0     0
     0     0     0     0     0     0     0     0     0     0     0     0
     0     0     0     0     0     0     0     0     0     0     0     0
     0     0     0     0     0     0     0     0     0     0     0     0
     0     0     0     0     0     0     0     0     0     0     0     0
     0     0     0     0     0     0     0     0     0     0     0     0
     0     0     0     0     0     0     0     0     0     0     0     0
     0     0     0     0     0     0     0     0     0     0     0     0
     0     0     0     0     0     0     0     0     0     0     0     0
     0     0     0     0     0     0     0     0     0     0     0     0
     0     0     0     0     0     0     0     0     0     0     0     0
     0     0     1     0     0     0     0     0     0     0     0     0
     0     0     1     0     0     0     0     0     0     0     0     0
     1     0     1     0     0     0     0     0     0     0     0     0
     0     0     0     0     0     0     0     0     0     0     0     0
     0     0     1     0     1     0     0     0     0     0     0     0
     0     0     2     0     1     0     0     0     0     0     1     0
     2     0     0     2     0     0     0     0     0     0     1     0
     0     0     1     0     0     0     0     0     0     0     1     0
     0     1     0     0     0     0     0     0     0     0     0     0
     0     0     0     0     0     0     0     0     0     0     0     0
     0     0     0     0     0     0     0     0     0     0     0     0
     0     0     0     0     0     0     0     0     0     0     0     0
     0     0     0     0     0     0     0     0     0     0     0     0
     0     0     0     0     0     0     0     0     0     0     0     0
     0     1     0     0     0     0     0     0     0     0     0     0
     0     0     0     0     0     0     0     0     0     0     0     0
     0     0     0     0     0     0     0     0     0     0     0     0
     0     0     0     0     0     0     0     0     0     0     0     0
    14
     0     0     0     0     0     0     0     0     0     0     0     0
     0     0     0     0     0     0     0     0     0     0     0     0
     0     0     0     0     0     0     0     0     0     0     0     0
     0     0     0     0     0     0     0     0     0     0     0     0
     0     0     0     0     0     0     0     0     0     0     0     0
     0     0     0     0     0     0     0     0     0     0     0     0
     0     0     0     0     0     0     0     0     0     0     0     0
     0     0     0     0     0     0     0     0     0     0     0     0
     0     0     0     0     0     0     0     0     0     0     0     0
     0     0     0     0     0     0     0     0     0     0     0     0
     0     0     0     0     0     0     0     0     0     0     0     0
     0     0     0     0     0     0     0     0     0     0     0     0
     0     0     0     0     0     0     0     0     0     0     0     0
     0     0     0     0     0     0     0     0     0     0     0     0
     0     0     0     0     0     0     0     0     0     0     0     0
     0     0     0     0     0     0     0     0     0     0     0     0
     0     0     0     0     0     0     0     0     0     0     0     0
     0     0     0     0     0     0     0     0     0     0     0     0
     0     0     1     0     0     0     0     0     0     0     0     0
     0     0     1     0     0     0     0     0     0     0     0     0
     0     0     0     0     0     0     0     0     0     0     0     0
     1     0     0     0     0     0     0     0     0     0     0     0
     0     3     0     1     0     0     0     0     0     0     0     0
     0     0     0     2     0     0     0     0     0     0     0     1
     0     0     2     1     0     0     0     0     0     0     1     0
     0     0     1     0     0     0     0     0     0     0     0     0
     0     0     0     0     0     0     0     0     0     0     1     0
     0     0     0     0     0     0     0     0     0     0     0     0
     0     0     0     0     0     0     0     0     0     0     0     0
     0     0     0     0     0     0     0     0     0     0     0     0
     0     0     0     0     0     0     0     0     0     0     0     0
     0     0     0     0     0     0     0     0     0     0     0     0
     0     0     0     0     0     0     0     0     0     0     0     0
     0     0     0     0     0     0     0     0     0     0     0     0
     0     0     0     0     0     0     0     0     0     0     0     0
     0     0     0     0     0     0     0     0     0     0     0     0
    15
     0     0     0     0     0     0     0     0     0     0     0     0
     0     0     0     0     0     0     0     0     0     0     0     0
     0     0     0     0     0     0     0     0     0     0     0     0
     0     0     0     0     0     0     0     0     0     0     0     0
     0     0     0     0     0     0     0     0     0     0     0     0
     0     0     0     0     0     0     0     0     0     0     0     0
     0     0     0     0     0     0     0     0     0     0     0     0
     0     0     0     0     0     0     0     0     0     0     0     0
     0     0     0     0     0     0     0     0     0     0     0     0
     0     0     0     0     0     0     0     0     0     0     0     0
     0     0     0     0     0     0     0     0     0     0     0     0
     0     0     0     0     0     0     0     0     0     0     0     0
     0     0     0     0     0     0     0     0     0     0     0     0
     0     0     0     0     0     0     0     0     0     0     0     0
     0     0     0     0     0     0     0     0     0     0     0     0
     0     0     0     0     0     0     0     0     0     0     0     0
     0     0     0     0     0     0     0     0     0     0     0     0
     0     0     0     0     0     0     0     0     0     0     0     0
     0     0     0     0     0     0     0     0     0     0     0     0
     0     0     0     0     0     0     0     0     0     0     0     0
     0     0     0     0     0     0     0     0     0     0     0     0
     0     0     0     0     0     0     0     0     0     0     0     0
     0     0     0     0     0     0     0     0     0     0     0     0
     0     0     0     1     0     0     0     0     0     0     0     0
     0     0     1     0     0     0     0     0     0     0     0     0
     0     0     0     0     0     0     0     0     0     0     0     0
     0     0     0     0     0     0     0     0     0     0     0     0
     0     0     0     0     0     0     0     0     0     0     0     0
     0     0     0     0     0     0     0     0     0     0     0     0
     0     0     0     0     0     0     0     0     0     0     0     0
     0     0     0     0     0     0     0     0     0     0     0     0
     0     0     0     0     0     0     0     0     0     0     0     0
     0     0     0     0     0     0     0     0     0     0     0     0
     0     0     0     0     0     0     0     0     0     0     0     0
     0     0     0     0     0     0     0     0     0     0     0     0
     0     0     0     0     0     0     0     0     0     0     0     0
    16
     0     0     0     0     0     0     0     0     0     0     0     0
     0     0     0     0     0     0     0     0     0     0     0     0
     0     0     0     0     0     0     0     0     0     0     0     0
     0     0     0     0     0     0     0     0     0     0     0     0
     0     0     0     0     0     0     0     0     0     0     0     0
     0     0     0     0     0     0     0     0     0     0     0     0
     0     0     0     0     0     0     0     0     0     0     0     0
     0     0     0     0     0     0     0     0     0     0     0     0
     0     0     0     0     0     0     0     0     0     0     0     0
     0     0     0     0     0     0     0     0     0     0     0     0
     0     0     0     0     0     0     0     0     0     0     0     0
     0     0     0     0     0     0     0     0     0     0     0     0
     0     0     0     0     0     0     0     0     0     0     0     0
     0     0     0     0     0     0     0     0     0     0     0     0
     0     0     0     0     0     0     0     0     0     0     0     0
     0     0     0     0     0     0     0     0     0     0     0     0
     0     0     0     0     0     0     0     0     0     0     0     0
     0     0     0     0     0     0     0     0     0     0     0     0
     0     0     0     0     0     0     0     0     0     0     0     0
     0     0     0     0     0     0     0     0     0     0     0     0
     0     1     0     0     0     0     0     0     0     0     0     0
     0     1     0     0     0     0     0     0     0     0     0     0
     0     0     0     0     0     0     0     0     0     0     0     0
     0     0     0     0     0     0     0     0     0     0     0     0
     0     0     0     1     0     0     0     0     0     0     0     0
     0     0     0     0     0     0     0     0     0     0     0     0
     0     0     0     0     0     0     0     0     0     0     0     0
     0     0     0     0     0     0     0     0     0     0     0     0
     0     0     0     0     0     0     0     0     0     0     0     0
     0     0     0     0     0     0     0     0     0     0     0     0
     0     0     0     0     0     0     0     0     0     0     0     0
     0     0     0     0     0     0     0     0     0     0     0     0
     0     0     0     0     0     0     0     0     0     0     0     0
     0     0     0     0     0     0     0     0     0     0     0     0
     0     0     0     0     0     0     0     0     0     0     0     0
     0     0     0     0     0     0     0     0     0     0     0     0
    17
     0     0     0     0     0     0     0     0     0     0     0     0
     0     0     0     0     0     0     0     0     0     0     0     0
     0     0     0     0     0     0     0     0     0     0     0     0
     0     0     0     0     0     0     0     0     0     0     0     0
     0     0     0     0     0     0     0     0     0     0     0     0
     0     0     0     0     0     0     0     0     0     0     0     0
     0     0     0     0     0     0     0     0     0     0     0     0
     0     0     0     0     0     0     0     0     0     0     0     0
     0     0     0     0     0     0     0     0     0     0     0     0
     0     0     0     0     0     0     0     0     0     0     0     0
     0     0     0     0     0     0     0     0     0     0     0     0
     0     0     0     0     0     0     0     0     0     0     0     0
     0     0     0     0     0     0     0     0     0     0     0     0
     0     0     0     0     0     0     0     0     0     0     0     0
     0     0     0     0     0     0     0     0     0     0     0     0
     0     0     0     0     0     0     0     0     0     0     0     0
     0     0     0     0     0     0     0     0     0     0     0     0
     0     0     0     0     0     0     0     0     0     0     0     0
     0     0     0     0     0     0     0     0     0     0     0     0
     0     0     0     0     0     0     0     0     0     0     0     0
     0     0     0     0     0     0     0     0     0     0     0     0
     0     0     0     0     0     0     0     0     0     0     0     0
     0     0     0     0     0     0     0     0     0     0     0     0
     0     0     0     0     0     0     0     0     0     0     0     0
     0     0     0     0     0     0     0     1     0     0     0     0
     0     0     0     0     0     0     0     0     0     0     0     0
     0     0     0     0     0     0     0     0     0     0     0     0
     0     0     0     0     0     0     0     0     0     0     0     0
     0     0     0     0     0     0     0     0     0     0     0     0
     0     0     0     0     0     0     0     0     0     0     0     0
     0     0     0     0     0     0     0     0     0     0     0     0
     0     0     0     0     0     0     0     0     0     0     0     0
     0     0     0     0     0     0     0     0     0     0     0     0
     0     0     0     0     0     0     0     0     0     0     0     0
     0     0     0     0     0     0     0     0     0     0     0     0
     0     0     0     0     0     0     0     0     0     0     0     0
