15
Omaha, NE 94918
     0
     -10.700      -6.700        .600       7.800      15.000      20.600
      23.800      21.700      16.700      10.000       1.100      -7.200
      -4.000       -.700       5.000      12.800      19.300      24.300
      27.200      25.600      20.600      14.300       5.500      -1.800
       1.700       4.400      10.600      18.200      23.200      28.200
      30.600      28.800      25.000      18.800      11.100       2.200
      56.000      54.000      46.000      38.000      42.000      46.000
      49.000      52.000      48.000      42.000      50.000      57.000
      67.000      67.000      62.000      54.000      57.000      59.000
      60.000      63.000      63.000      57.000      65.000      69.000
      78.000      78.000      78.000      73.000      74.000      74.000
      72.000      76.000      78.000      76.000      79.000      81.000
       2.400       2.700       2.700       3.100       2.700       2.400
       2.400       2.400       2.400       2.400       2.700       2.400
       3.500       4.000       4.000       4.400       4.000       3.100
       3.100       3.100       3.500       3.500       4.000       3.500
       5.200       5.200       5.500       5.900       5.200       4.800
       4.000       4.000       4.800       4.800       5.200       5.200
     330.000     330.000     340.000     340.000     160.000     170.000
     170.000     160.000     170.000     170.000     330.000     330.000
     1
      -4.326      -1.059       5.629      13.039      19.161      24.344
      27.224      25.349      20.680      14.416       5.891      -2.593
      66.325      65.830      61.702      55.575      58.034      59.802
      61.073      64.248      63.412      59.170      64.429      68.247
     2
    24    13    10    11    18    33    41    17    18    18     8    11
    17    17    19    20    23    31    46    39    28    17    11    14
    18    12    13    16    26    37    31    32    21    13     9     9
    11    12    21    11    39    33    60    34    26    20    12    22
    14    16    21    12    32    54    64    33    36    20    17     9
    15    13    17    12    39    41    55    45    25    12    13    18
     9    20    23    13    35    39    56    51    22    17    12    10
    12     7     3    11    15    39    38    30    27    13     5    13
    16    19    15    16    43    47    73    81    35    19    17    10
    15    10    14    11    37    26    36    37    17    22    17     7
     9    11     8    16    23    36    40    48    24    22    18    10
    23    17    18    21    36    51    63    83    40    27    16     9
    15    17    11    17    37    55    61    51    31    27    20    15
    37    27    29    20    48    74    74    86    51    47    24    33
    23    27    24    26    42    45    67    57    50    30    23    33
    39    31    28    30    45    74    57    88    50    50    42    38
    34    30    13    15    29    52    56    55    47    32    30    36
    38    39    20    26    40    56    58    61    48    47    35    37
    14    13     5    11    23    32    25    29    20    24     9    25
    28    21    13    16    15    20    30    28    13    30    22    26
    11    13    12    21    17    30    33    21    15    17    22    23
    13    14    10     8    26    18    29    13    11    24    18    18
    16    19     8    18    23    20    28    25    16    33    15    14
    15    11    11    17    22    18    30    12    19    27    24    12
    24    13    13    15    20    18    18    13     6    24    14    15
     6    18     8     8    13    17    14    10     6    17    14    11
    30    10    20    17    18    19    23    23    10    24    14    25
    22     9     6     7    16    18    19    24    12    18    10    13
    24    21    23    14    27    24    23    26    16    24    15    24
    28    19    13    18    17    23    16    33    23    28    18    14
    11    16     7     8    16    14    25    16    12    21    12    16
    26    24    22    15    17    19    22    36    20    25    19    32
    18    16    16    18    23    27    26    22    23    18    18    15
    28    17    28    26    27    43    42    32    43    29    27    22
    22    10    11    17    13    30    24    38    22    18    18    12
    27    22    22    19    41    46    59    63    38    30    23    22
     3
    41    57    36    44    57    87    83    83    49    64    34    29
    40    27    56    51    63    84   101    81    60    35    39    35
    28    37    38    42    77    76    84    66    53    40    29    32
    35    33    49    33    67    56    84    65    50    28    24    18
    29    40    60    47    66    78   107    72    66    23    26    13
    19    37    55    49    62    74    96    93    42    22    24    22
    26    47    58    48    81    76    96    82    55    23    27    21
    15    26    44    26    46    60    58    73    30    17    17    21
    36    40    49    46    74    99   117    89    56    28    26    28
    16    18    34    20    62    58    68    68    48    18    14    15
    24    38    46    50    73    62    89    99    64    37    27    20
    30    38    57    63   103   106   131   111    83    55    44    49
    46    38    52    61   107   103   117   144    64    60    50    36
    80    69    80    81   143   168   244   253   136   109    67    87
    80    68    91    79   125   180   201   229   136   122    86    90
   154   147   104   112   187   251   320   345   243   207   159   157
   120   124    82    79   114   178   261   285   206   154   107   104
   149   113    82    78   137   218   268   280   223   192   142   126
    58    59    35    39    83    84   121   111    97    66    60    67
    69    53    41    59    60    88    98    97    76    91    68    58
    33    31    28    38    47    77    61    59    36    52    34    40
    51    23    39    38    41    67    55    51    48    48    35    50
    49    31    30    38    34    62    43    48    43    63    41    61
    46    31    34    33    31    40    42    47    31    36    30    25
    59    35    25    32    31    43    48    40    35    34    35    42
    21    22    30    28    27    26    20    11    27    33    27    30
    68    48    42    25    30    44    30    33    30    44    38    59
    64    41    32    29    28    56    35    47    25    37    40    32
    80    56    57    46    56    59    39    55    49    57    47    72
    93    49    59    59    60    57    50    36    58    47    58    47
    57    48    42    42    35    57    36    48    40    62    39    50
    51    72    57    66    66    77    55    77    60    86    50    60
    63    60    45    56    69    74    63    87    53    69    49    63
    91    70    87    90    78   114   122   130   105    76    66    86
    82    51    69    62    80    78    96   112    97    87    60    67
    83    92    87    75    97   108   146   137   142    93    87    66
     4
    35    32    39    43    46    36    42    37    36    33    29    20
    26    33    46    33    42    56    61    41    40    41    29    21
    13    14    29    30    33    30    34    20    17    18    18    18
    11    18    37    25    32    25    34    20    22    19    17     6
     6    19    37    23    29    30    31    20    21    13    13    13
    11    10    37    28    23    18    24    25    28    14     7     9
     9    30    40    25    27    33    31    28    17    15    11     4
     7    16    29    14    34    26    15    26    17     6     5     4
    11    23    40    37    41    30    31    40    23    12    15    12
     7    10    27    15    26    22    23    22    22    11     5     6
    13    21    50    25    50    45    31    49    22    14    11    20
    15    32    41    41    72    38    41    52    41    23    17    17
    23    14    42    46    61    53    57    67    44    28    18    22
    38    40    66    69   105   105   117   136    82    42    61    55
    43    38    55    60   106   113   123   162    91    66    62    42
   127    97   106    89   131   173   236   247   177   133   116   119
    84    74    58    73    93   144   206   196   129   135    80    92
   107    98    84    74   136   192   239   238   169   153   111   109
    61    57    32    27    68    90   106   101    82    49    40    39
    52    36    43    46    60    78    99    88    67    84    50    36
    32    28    26    42    24    55    57    53    41    32    37    29
    40    32    29    23    23    29    48    40    31    26    23    25
    53    28    30    32    32    33    31    27    34    27    32    28
    26    20    17    15    16    24    31    21    14    15    18    25
    24    13    16    16    25    17    17    18    13    19    17    10
    19    20    24    15    10    15     9    10    10    16    16     8
    24    12    19    23    29    27    13    18    15    16    25    21
    24    19    12    13    15    37     9    27     6    21    15    16
    48    26    43    26    49    39    25    31    26    30    30    52
    66    35    58    19    41    39    22    22    34    45    36    63
    40    41    48    33    45    30    24    25    41    48    40    48
    45    57    49    51    39    42    34    51    47    41    47    44
    44    56    44    46    59    46    40    54    47    48    44    39
    58    70    72    58    76    78    77    85    75    75    53    62
    51    56    56    54    67    60    75    54    78    63    50    55
    61    60    73    68    74    86    91    90    84    75    54    74
     5
    44    42    44    57    57    48    43    41    43    48    68    31
    37    32    52    69    59    37    45    54    51    39    29    28
    12    27    45    50    35    35    34    26    29    21    24    22
    15    20    29    40    22    16    26    17    18    21    18    28
    10    19    50    38    32    29    20    17    11    17    17    22
     6    15    38    54    30    15    12    17    10    10    24     7
     8    25    54    30    56    26    31     8    16     5    12     3
    11    15    32    24    17    18    18    15    10     3     9     7
    16    19    52    58    64    37    25    19    27    12     4     4
     5    13    27    36    32    29    15    11    12     3     8    10
     6    17    62    52    76    40    39    28    24    24     2    10
    15    18    35    62    57    54    27    37    22    29     9    13
    26    35    39    67    65    50    46    52    38    29    18    22
    54    63    82   118   128   120   115   126    74    65    68    57
    60    56   106   141   117   142   135   144    96    98    71    54
   141    93   157   187   222   249   293   314   267   225   187   125
   106   108   116   127   185   197   270   228   223   166   127    97
   118   123   103   131   239   344   360   377   311   212   189   114
    59    50    67    72   133   163   148   161   140    97   101    45
    78    62    66    67   103   146   128   134   127   116    83    41
    49    40    51    48    57    75    63    72    57    63    47    37
    64    27    36    34    42    59    63    56    45    40    30    15
    45    37    29    45    38    26    38    31    34    30    34    26
    18    25    27    30    35    18    18    19    17    21    23    17
    22    15    18    23    38    23    23    19    16    23    13    13
     8    18     6    19    34    13     8    16    10    24    12     8
    20    18    40    29    32    33    12    17    16    22    20    27
    25    26    27    29    28    22    13    19    11    27    23    18
    64    50    47    75    58    43    22    20    28    33    35    73
    86    56    68    80    71    57    30    16    51    72    63    80
   117    91    87    92    71    52    27    28    54    77   109   107
   117    96    93   121    91    96    45    57    91   104   105    97
    96    93    89   125    83    82    48    59    81    96    84   105
   135   126   131   135   114   100    97   109   127   119   109   134
   100   122    88   103   103    65    90    67   104   107    98   100
   131    98   121   122   116    96   124    98   116   122    95    93
     6
    14    19    36    53    50    16    19    14    13    25    27    16
    17    25    33    44    30    23    13     8    27    19    16    12
     6     7    21    28    16     5     5     6     5     8     7     5
     1     6    21    17    11     2     3     1     3     7     5     8
     7    11    20    21    12    12     4     3     5     5    11     1
     1     8    19    16     7     3     4     3     2     1     8     0
     2    11    16    27    26    15     6     3     6     1    10     5
     3     2    10    23    11     3     1     1     2     4     7     0
     1    13    27    27    21    22    12     2     3     0     6     1
     0     4    15    27    23     8     1     4     0     0     2     1
     9    12    35    54    38    15    20    10    13     7     4     3
     9     7    23    49    11    16     5     7     4    10     4     4
     6    17    36    49    14    21    11     7     4    11     5     4
    17    29    55   105    50    60    45    47    33    39    36    21
    27    25    59    93    49    67    41    39    37    42    26    21
    57    76   109   131   150   137   144   136   134    98    85    47
    53    51    64    90   117   143    92    95   101    86    53    57
    73    54   107   120   163   197   158   168   155   113    80    79
    27    24    56    75    78   100    63    63    68    58    49    27
    35    30    50    66   106    94    59    55    57    62    55    33
    20    19    33    31    60    40    28    21    16    42    26    21
    17    30    31    29    23    14    27    19    11    22    12    11
     6    22    21    35    23    16    21    10    12    18     8     6
     4     6    23    18    22     5    10     5    12    10     3     6
     6     3     7    16    24     4     4     4     2     9     7     5
     6     4    13     9    12     9     1     4     3     3     7     4
     8    12    18    19    23    11     4     1     7    12    12    11
     7     7    12    27    16    13     4     4     2    13    12     5
    26    35    52    47    42    22    11     4    18    16    25    38
    62    43    54    62    44    35     6     2    18    35    47    63
    91    72    57    94    51    40    12     7    22    53    86    81
   141   114   109   133    99    61    23    27    64   116   105   125
   109    96   157   131    76    47    14    23    54    78    88    95
   120   164   165   138   108    60    73    54    92   125   136   124
    94   118   102    93    69    44    39    40    64   101   121   100
    80    81    92   106    82    37    35    45    56    96    93    71
     7
     5     6     8    18    16     4     4     1     3     7     4     3
     2     4    13     5     8     2     1     0     4     1     4     0
     1     1     3     4     7     0     1     0     1     2     1     1
     0     1     1     3     1     1     1     0     2     2     0     1
     0     3     6     0     2     2     0     0     4     1     1     0
     0     1     7     2     2     1     2     0     0     1     0     1
     1     1     3     6    10     5     1     1     0     1     0     2
     0     1     2     1     0     2     0     0     0     1     1     0
     0     7    10    12     9     6     3     0     0     0     1     0
     0     0     2     7     5     0     0     1     0     0     1     0
     1     3    10    20    13     0     2     3     0     4     0     0
     2     2     5     8     6     2     1     1     0     2     1     1
     5     3     8    19     8     8     5     2     0     2     4     1
     5     3    16    34    25    17    15    14     7     7     5     5
     3     3    11    23    12    12     2     2     7     5     3     9
    14    19    35    48    55    54    24    29    46    29    24     6
    10    12    34    20    32    27    20    21    24    13    12     8
    15    13    25    38    60    39    31    26    33    46    17    15
     8     6     9    25    26    31    13    10    13    20     9     6
     7     9    11    37    48    26    12     9    15    19     9     6
     5     6     9    18    23    16     8     3     3     8     6     6
     0     3    11    11     6     3     8     4     1     3     3     2
     1     2    13     7     4     1     3     0     0     3     0     3
     0     0     5     6     3     2     0     0     2     2     3     1
     0     0     4    11     4     0     1     0     3     2     1     0
     1     0     3     3     1     0     0     1     2     0     0     2
     1     0     5     8     6     3     0     0     2     1     1     0
     0     2     4     9     4     1     0     0     0     2     2     3
    16     7    15    12    17     8     0     1     2     6     6    18
    22    17    17    13    15    10     0     0     0    15    11    24
    44    16    40    40    14    16     2     4    12    27    26    32
    69    49    79    71    37    21     2     7    16    37    43    67
    51    36    52    57    34    13     5     5     8    29    46    46
    69    77    94    71    39    23    13    16    27    47    63    53
    43    54    51    37    33    10     5    11    22    31    38    38
    31    17    32    47    18    15     9     9    19    25    23    26
     8
     2     5    12    17     6     2     1     2     1     9     8     3
     0     2     9     9    10     3     1     0     2     2     6     3
     0     0     2     2     1     1     2     1     0     0     2     0
     1     0     2     0     1     0     0     0     0     0     0     0
     1     2     4     3     0     0     1     0     0     3     1     0
     0     0     6     1     1     0     6     0     0     0     2     0
     0     1     6     4     5     5     1     0     1     1     1     1
     0     2     1     3     4     1     1     0     0     0     0     0
     0     3     7     7     8     4     2     1     2     0     0     2
     0     0     1     1     4     0     0     1     1     0     1     0
     0     3     3     8    13     3     0     1     0     1     1     1
     0     0     5    12     1     3     0     0     2     0     0     0
     1     0    12    15     6     3     1     0     0     0     0     2
     2     0    13    30    18    13     5     5     1     3     0     2
     1     1    15    12     6     9     1     2     4     2     0     2
    10     9    26    49    50    30    13    14    22    18     6     3
     5     4    15    27    24    17     4     1     7     3     1     5
     4     9    28    37    66    45    11    11    18    24     5     6
     2     4    16    14    22    27     2     2    11    17     3     4
     3     1     9    26    24    20     5     5    11    12     5     3
     1     3    11    22     8    11     3     2     2     2     2     2
     1     2     8    13     2     4     5     1     1     4     1     0
     2     0     6     6     9     4     0     0     0     2     0     0
     1     0     5     5     2     1     0     2     1     1     1     0
     0     0     7     6     7     2     1     0     0     0     1     2
     1     0     8     6     1     0     0     0     0     3     0     2
     0     3     1    11     2     3     0     0     0     0     0     1
     0     0     5     6     2     1     0     0     0     2     1     1
    14     8    35    24     7     6     0     2     4     5     3    21
    25    10    23    21     8     9     2     0     2     9    14    14
    33    19    39    36    10     9     3     3     9    14    20    28
    72    64    82    73    33    17     1     6    17    35    52    63
    57    37    83    71    29    18     3     4    10    27    30    49
    80   117    97   113    46    28    16    14    34    40    62    77
    46    60    51    38    26     8     4     4     9    25    37    32
    32    39    43    45    27    11     1     3    22    15    23    20
     9
     1     2     3     2     3     0     0     0     0     0     1     0
     0     1     2     1     3     0     0     0     0     0     2     0
     0     0     1     2     1     0     0     0     0     0     0     0
     0     0     1     0     0     0     0     1     0     0     0     0
     0     1     0     0     1     0     0     0     0     0     0     0
     0     0     0     0     0     0     1     0     0     0     0     0
     0     0     0     1     0     2     0     0     0     0     0     0
     0     0     0     1     3     0     0     0     0     0     0     0
     0     2     5     0     1     2     0     0     0     0     0     0
     0     0     0     0     0     0     0     0     0     0     0     0
     0     0     1     5     1     0     0     0     0     0     0     0
     0     0     0     2     0     0     1     0     0     0     0     0
     0     0     1     1     0     0     0     0     0     0     0     0
     0     0    10     9     4     1     1     0     0     0     0     0
     0     0     0     0     2     0     0     0     0     0     0     0
     0     0     5    11     9     6     1     1     1     1     0     3
     0     0     3     6     1     1     0     0     0     0     1     0
     1     0     6    10    12     7     0     1     1     3     0     1
     0     0     2     2     2     1     0     0     2     1     0     0
     0     0     5     3     1     2     0     0     1     2     1     0
     0     0     2     4     2     0     0     0     0     0     0     0
     0     0     2     5     1     0     1     0     0     0     0     0
     0     0     2     0     1     2     0     0     0     0     0     0
     0     0     2     1     2     0     0     0     0     0     0     0
     0     0     3     0     0     0     0     0     0     0     0     0
     0     0     0     1     0     0     0     0     0     0     0     0
     0     0     2     4     2     0     0     0     0     0     0     1
     0     0     1     4     0     2     0     0     0     0     0     0
     2     0     7     6     2     2     0     0     0     0     2     5
     4     3     3     2     0     0     0     0     2     2     0     5
     6     3     7     8     1     4     0     0     1     8     6     6
    19    12    32    27     7     7     2     3     4     8    18    12
    18    14    25    15     4     5     0     1     1     6    12    10
    25    33    25    31    15     4     1     0    10    12    25    15
    16    11    16    12     8     1     0     0     1     5     7     4
     9     6    14     7     5     1     1     1    11     2     8     3
    10
     0     0     1     3     3     0     0     0     0     0     0     1
     0     0     4     0     0     0     0     0     1     0     0     0
     0     0     2     0     0     0     0     0     0     0     0     0
     0     0     0     0     0     0     0     0     0     0     0     0
     0     0     1     0     0     0     0     0     0     0     0     0
     0     0     0     0     1     0     1     0     0     0     0     0
     0     0     1     1     0     0     0     0     0     0     0     0
     0     1     0     0     0     1     0     0     0     0     0     0
     0     0     2     0     0     0     1     0     0     0     0     0
     0     0     0     0     0     0     0     0     0     0     0     0
     0     0     0     1     3     0     0     0     0     0     0     0
     0     0     0     0     1     0     0     0     0     0     0     0
     0     0     0     0     1     0     0     0     0     0     0     0
     0     0     4     2     0     0     0     0     0     0     0     0
     0     0     0     1     0     0     0     0     0     0     0     0
     1     1     4     8     7     2     0     0     1     2     0     1
     0     0     1     1     0     0     0     0     1     0     0     0
     1     0     2     7     2     1     0     0     1     1     1     0
     0     0     0     3     2     1     0     0     0     0     0     0
     0     1     3     3     2     0     0     0     0     0     0     0
     0     2     3     5     2     0     1     0     0     2     0     0
     0     0     1     2     0     0     0     0     0     1     0     0
     0     0     1     0     1     1     0     0     0     0     0     1
     0     0     0     0     0     0     0     0     0     0     0     0
     0     0     2     1     1     0     0     0     0     0     0     0
     0     0     0     0     0     0     0     0     0     0     0     0
     0     0     1     2     1     0     0     0     0     0     0     0
     0     0     1     1     1     0     0     0     0     0     0     0
     3     1     6     5     1     0     0     0     0     0     0     3
     1     0     4     0     0     1     0     0     0     0     1     3
     2     3     2     3     1     0     0     0     0     3     0     2
    18     4    14    19     5     2     0     1     0     6    14     9
    13    11    10    16     4     1     0     1     0     5     9     3
    15     8    18    15     6     1     0     0     3     4    22     6
     1    15    15    13     5     0     0     0     0     2     7     2
     5     4     3     8     7     0     0     0     1     1     6     0
    11
     0     0     0     0     0     0     0     0     0     0     1     0
     0     0     0     0     0     1     0     0     0     0     1     0
     0     0     1     0     0     0     0     0     0     0     0     0
     0     0     0     0     0     0     0     0     0     0     0     0
     0     0     1     0     0     1     0     0     0     0     0     0
     0     0     0     0     0     0     0     1     0     0     0     0
     0     0     1     0     1     0     0     0     0     0     0     0
     0     0     0     0     0     0     0     0     0     0     0     0
     0     0     0     0     1     0     0     0     0     0     1     0
     0     0     0     0     0     0     0     0     0     0     0     0
     0     0     0     2     3     0     0     0     0     0     0     0
     0     0     0     0     0     0     0     0     0     0     0     0
     0     0     0     0     0     0     0     0     0     0     0     0
     0     0     0     1     0     0     0     0     0     0     0     0
     0     0     0     0     0     0     0     0     0     0     0     0
     0     1     1     6     1     0     0     0     0     0     0     1
     0     0     2     6     0     0     0     0     0     0     0     0
     0     0     3     4     5     0     0     1     0     1     0     1
     0     0     1     1     0     0     0     0     0     0     0     0
     0     1     4     5     1     0     0     0     1     0     0     0
     0     1     0     2     0     0     0     0     0     0     0     0
     0     0     1     1     0     0     0     0     0     0     0     0
     0     0     3     2     2     0     0     0     0     0     0     0
     0     0     2     0     1     0     0     0     0     0     0     0
     0     0     0     0     2     0     0     0     1     0     0     0
     0     0     0     0     0     0     0     0     0     0     0     0
     0     0     0     1     1     0     0     0     0     0     0     0
     0     0     0     1     0     0     0     0     0     1     0     0
     5     0     3     7     2     1     0     0     0     0     1     0
     1     0     2     0     0     0     0     0     0     1     2     1
     3     6     5     1     0     0     0     0     0     1     4     2
    11     8    13    15     3     1     0     0     0     1     8    14
    10     1    14     4     1     0     0     1     0     0     7     8
    13     8    18    18     1     1     1     0     1     2    18     9
    10    14    11     5     2     0     0     0     1     0     2     5
     0     8     3     2     2     1     0     0     0     0     4     6
    12
     0     0     0     0     0     0     0     0     0     0     0     0
     0     0     0     0     0     0     0     0     0     0     0     0
     0     0     0     0     0     0     0     0     0     0     0     0
     0     0     0     0     0     0     0     0     0     0     0     0
     0     0     0     0     1     0     0     0     0     0     0     0
     0     0     0     0     0     0     0     0     0     0     0     0
     0     0     2     0     1     0     0     0     0     0     0     0
     0     0     0     0     0     0     0     0     0     0     0     0
     0     0     0     0     0     1     0     0     0     0     0     0
     0     0     0     0     0     0     0     0     0     0     0     0
     0     0     1     1     1     0     0     0     0     0     0     0
     0     0     0     2     0     0     0     0     0     0     0     0
     0     0     0     0     0     0     0     0     0     0     0     0
     0     0     0     1     0     0     0     0     0     0     0     0
     0     0     0     0     0     0     0     0     0     0     0     0
     0     0     0     0     0     0     0     0     0     0     0     0
     0     0     0     0     0     0     0     0     0     0     0     0
     0     0     3     0     0     0     0     0     0     0     0     0
     0     0     1     2     0     0     0     0     0     0     0     0
     0     1     1     2     1     0     0     0     0     0     0     0
     0     1     0     0     0     0     0     0     0     0     0     0
     0     0     0     2     1     0     0     0     0     0     0     0
     0     0     1     1     0     0     0     0     0     0     0     0
     0     0     0     1     0     0     0     0     0     0     0     0
     0     0     1     0     0     0     0     0     0     0     0     0
     0     0     0     0     0     0     0     0     0     0     0     0
     0     0     0     1     0     0     0     0     0     0     0     0
     0     0     0     1     0     0     0     0     0     0     0     0
     1     0     0     1     2     0     0     0     0     0     0     1
     3     0     2     0     0     0     0     0     0     0     1     0
     0     0     4     0     0     0     0     0     0     0     0     0
     4     0     5    11     1     0     0     0     0     2     5     5
     2     2     7     2     0     0     0     0     0     0     1     0
     7     3     6     7     2     0     0     0     0     0     5     1
     0     8     6     2     0     1     0     0     0     1     1     0
     0     2     1     0     0     0     0     0     1     0     2     1
    13
     0     0     0     0     0     0     0     0     0     0     0     0
     0     0     0     0     0     0     0     0     0     0     0     0
     0     0     0     0     0     0     0     0     0     0     0     0
     0     0     0     0     0     0     0     0     0     0     0     0
     0     0     0     0     0     0     0     0     0     0     0     0
     0     0     0     0     0     0     0     0     0     0     0     0
     0     0     0     0     0     0     0     0     0     0     0     0
     0     0     0     0     0     0     0     0     0     0     0     0
     0     0     0     0     0     0     0     0     0     0     0     0
     0     0     0     0     0     0     0     0     0     0     0     0
     0     0     0     0     0     0     0     0     0     0     0     0
     0     0     0     1     0     0     0     0     0     0     0     0
     0     0     0     0     0     0     0     0     0     0     0     0
     0     0     0     0     0     0     0     0     0     0     0     0
     0     0     0     0     0     0     0     0     0     0     0     0
     0     0     0     0     0     0     0     0     0     0     0     0
     0     0     0     0     0     0     0     0     0     0     0     0
     0     0     0     0     0     0     0     0     0     0     0     0
     0     0     0     0     0     0     0     0     0     0     0     0
     0     0     0     0     0     0     0     0     0     0     0     0
     0     0     0     0     0     0     0     0     0     0     0     0
     0     0     0     0     1     0     0     0     0     0     0     0
     0     0     0     0     0     0     0     0     0     0     0     1
     0     0     0     0     0     0     0     0     0     0     0     0
     0     0     0     0     0     0     0     0     0     0     0     0
     0     0     0     0     0     0     0     0     0     0     0     0
     0     0     0     0     0     0     0     0     0     0     0     0
     0     0     0     0     0     0     0     0     0     0     0     0
     0     0     0     0     0     0     0     0     0     0     0     0
     0     0     0     0     0     0     0     0     0     0     0     0
     0     1     0     0     0     0     0     0     0     0     0     0
     0     0     3     0     0     0     0     0     0     0     4     0
     0     0     0     1     0     0     0     0     0     0     1     0
     1     0     1     6     0     0     0     0     0     0     0     0
     1     1     0     2     0     0     0     0     0     0     0     0
     0     0     0     0     0     0     0     0     0     0     0     0
    14
     0     0     0     0     0     0     0     0     0     0     0     0
     0     0     0     0     0     0     0     0     0     0     0     0
     0     0     0     0     0     0     0     0     0     0     0     0
     0     0     0     0     0     0     0     0     0     0     0     0
     0     0     0     0     0     0     0     0     0     0     0     0
     0     0     0     0     0     0     0     0     0     0     0     0
     0     0     0     0     0     0     0     0     0     0     0     0
     0     0     0     0     0     0     0     0     0     0     0     0
     0     0     0     0     0     0     0     0     0     0     0     0
     0     0     0     0     0     0     0     0     0     0     0     0
     0     0     0     0     0     0     0     0     0     0     0     0
     0     0     0     0     0     0     0     0     0     0     0     0
     0     0     0     0     0     0     0     0     0     0     0     0
     0     0     0     1     0     0     0     0     0     0     0     0
     0     0     0     0     0     0     0     0     0     0     0     0
     0     0     0     0     0     0     0     0     0     0     0     0
     0     0     0     1     0     0     0     0     0     0     0     0
     0     0     0     0     0     0     0     0     0     0     0     0
     0     0     0     0     0     0     0     0     0     0     0     0
     0     0     0     0     0     0     0     0     0     0     0     0
     0     0     0     0     1     0     0     0     0     0     0     0
     0     0     0     0     0     0     0     0     0     0     0     0
     0     0     0     0     0     0     0     0     0     0     0     0
     0     0     0     0     0     0     0     0     0     0     0     0
     0     0     0     0     0     0     0     0     0     0     0     0
     0     0     0     0     0     0     0     0     0     0     0     0
     0     0     0     0     0     0     0     0     0     0     0     0
     0     0     0     0     0     0     0     0     0     0     0     0
     0     0     0     0     0     0     0     0     0     0     0     0
     0     0     0     0     0     0     0     0     0     0     0     0
     0     0     0     0     0     0     0     0     0     0     0     0
     0     0     1     2     0     0     0     0     0     0     0     4
     1     0     0     0     0     0     0     0     0     0     0     0
     2     0     0     0     0     0     0     0     0     0     0     0
     0     0     1     0     0     0     0     0     0     0     0     0
     0     0     0     1     0     0     0     0     0     0     0     0
    15
     0     0     0     0     0     0     0     0     0     0     0     0
     0     0     0     0     0     0     0     0     0     0     0     0
     0     0     0     0     0     0     0     0     0     0     0     0
     0     0     0     0     0     0     0     0     0     0     0     0
     0     0     0     0     0     0     0     0     0     0     0     0
     0     0     0     0     0     0     0     0     0     0     0     0
     0     0     0     0     0     0     0     0     0     0     0     0
     0     0     0     0     0     0     0     0     0     0     0     0
     0     0     0     0     0     0     0     0     0     0     0     0
     0     0     0     0     0     0     0     0     0     0     0     0
     0     0     0     0     0     0     0     0     0     0     0     0
     0     0     0     0     0     0     0     0     0     0     0     0
     0     0     0     0     0     0     0     0     0     0     0     0
     0     0     0     0     0     0     0     0     0     0     0     0
     0     0     0     0     0     0     0     0     0     0     0     0
     0     0     0     0     0     0     0     0     0     0     0     0
     0     0     0     0     0     0     0     0     0     0     0     0
     0     0     0     0     0     0     0     0     0     0     0     0
     0     0     0     0     0     0     0     0     0     0     0     0
     0     0     0     0     0     0     0     0     0     0     0     0
     0     0     0     0     0     0     0     0     0     0     0     0
     0     0     0     0     0     0     0     0     0     0     0     0
     0     0     0     0     0     0     0     0     0     0     0     0
     0     0     0     0     0     0     0     0     0     0     0     0
     0     0     0     0     0     0     0     0     0     0     0     0
     0     0     0     0     0     0     0     0     0     0     0     0
     0     0     0     0     0     0     0     0     0     0     0     0
     0     0     0     0     0     0     0     0     0     0     0     0
     0     0     0     0     0     0     0     0     0     0     0     0
     0     0     0     0     0     0     0     0     0     0     0     0
     0     0     0     0     0     0     0     0     0     0     0     0
     0     0     0     0     0     0     0     0     0     0     0     1
     0     0     0     0     0     0     0     0     0     0     0     0
     0     0     0     0     0     0     0     0     0     0     0     0
     0     0     0     0     0     0     0     0     0     0     0     0
     0     0     0     0     0     0     0     0     0     0     0     0
    16
     0     0     0     0     0     0     0     0     0     0     0     0
     0     0     0     0     0     0     0     0     1     0     0     1
     0     0     0     0     0     0     0     0     0     0     0     0
     0     0     0     0     0     0     0     0     0     0     0     0
     0     0     0     0     0     0     0     0     0     0     0     0
     0     0     0     0     0     0     0     0     0     0     0     0
     0     0     0     0     0     0     0     0     0     0     0     0
     0     0     0     0     0     0     0     0     0     0     0     0
     0     0     0     0     0     0     0     0     0     0     0     0
     0     0     0     0     0     0     0     0     0     0     0     0
     0     0     0     0     0     0     0     0     0     0     0     0
     0     0     0     0     0     0     0     0     0     0     0     0
     0     0     0     0     0     0     0     0     0     0     0     0
     0     0     0     0     0     0     0     0     0     0     0     0
     0     0     0     0     0     0     0     0     0     0     0     0
     0     0     0     0     0     0     0     0     0     0     0     0
     0     0     0     0     0     0     0     0     0     0     0     0
     0     0     0     0     0     0     0     0     0     0     0     0
     0     0     0     0     0     0     0     0     0     0     0     0
     0     0     0     0     0     0     0     0     0     0     0     0
     0     0     0     0     0     0     0     0     0     0     0     0
     0     0     0     0     0     0     0     0     0     0     0     0
     0     0     0     0     0     0     0     0     0     0     0     0
     0     0     0     0     0     0     0     0     0     0     0     0
     0     0     0     0     0     0     0     0     0     0     0     0
     0     0     0     0     0     0     0     0     0     0     0     0
     0     0     0     0     0     0     0     0     0     0     0     0
     0     0     0     0     0     0     0     0     0     0     0     0
     0     0     0     0     0     0     0     0     0     0     0     0
     0     0     0     0     0     0     0     0     0     0     0     0
     0     0     0     0     0     0     0     0     0     0     0     0
     0     0     0     0     0     0     0     0     0     0     0     0
     0     0     0     0     0     0     0     0     0     0     0     0
     0     0     0     0     0     0     0     0     0     0     0     0
     0     0     0     0     0     0     0     0     0     0     0     0
     0     0     0     0     0     0     0     0     0     0     0     0
    17
     0     0     0     0     0     0     0     0     0     0     0     0
     0     0     0     0     0     0     0     0     0     0     0     0
     0     0     0     0     0     0     0     0     0     0     0     0
     0     0     0     0     0     0     0     0     0     0     0     0
     0     0     0     0     0     0     0     0     0     1     0     0
     0     0     0     0     0     0     0     0     0     0     0     0
     0     0     0     0     0     0     0     0     0     0     0     0
     0     0     0     0     0     0     0     0     0     0     0     0
     0     0     0     0     0     0     0     0     0     0     0     0
     0     0     0     0     0     0     0     0     0     0     0     0
     0     0     0     0     0     0     0     0     0     0     0     0
     0     0     0     0     0     0     0     0     0     0     0     0
     0     0     0     0     0     0     0     0     0     0     0     0
     0     0     0     0     0     0     0     0     0     0     0     0
     0     0     0     0     0     0     0     0     0     0     0     0
     0     0     0     0     0     0     0     0     0     0     0     0
     0     0     0     1     0     0     0     0     0     0     0     0
     0     0     0     0     0     0     0     0     0     0     0     0
     0     0     0     0     0     0     0     0     0     0     0     0
     0     0     0     0     0     0     0     0     0     0     0     0
     0     0     0     0     0     0     0     0     0     0     0     0
     0     0     0     0     0     0     0     0     0     0     0     0
     0     0     0     0     0     0     0     0     0     0     0     0
     0     0     0     0     0     0     0     0     0     0     0     0
     0     0     0     0     0     0     0     0     0     0     0     0
     0     0     0     0     0     0     0     0     0     0     0     0
     0     0     0     0     0     0     0     0     0     0     0     0
     0     0     0     0     0     0     0     0     0     0     0     0
     0     0     0     0     0     0     0     0     0     0     0     0
     0     0     0     0     0     0     0     0     0     0     0     0
     0     0     0     0     0     0     0     0     0     0     0     0
     0     0     0     0     0     0     0     0     0     0     0     0
     0     0     0     0     0     0     0     0     0     0     0     0
     0     0     0     0     0     0     0     0     0     0     0     0
     0     0     0     0     0     0     0     0     0     0     0     0
     0     0     0     0     0     0     0     0     0     0     0     0
    18
     0     0     0     0     0     0     0     0     0     0     0     0
     0     0     0     0     0     0     0     0     0     0     0     0
     0     0     0     0     0     0     0     0     0     0     0     0
     0     0     0     0     0     0     0     0     0     0     0     0
     0     0     0     0     0     0     0     0     0     0     0     0
     0     0     0     0     0     0     0     0     0     0     0     0
     0     0     0     0     0     0     0     0     0     0     0     0
     0     0     0     0     0     0     0     0     0     0     0     0
     0     0     0     0     0     0     0     0     0     0     0     0
     0     0     0     0     0     0     0     0     0     0     0     0
     0     0     0     0     0     0     0     0     0     0     0     0
     0     0     0     0     0     0     0     0     0     0     0     0
     0     0     0     0     0     0     0     0     0     0     0     0
     0     0     0     0     0     0     0     0     0     0     0     0
     0     0     0     0     0     0     0     0     0     0     0     0
     0     0     0     0     0     0     0     0     0     0     0     0
     0     0     0     0     0     0     0     0     0     0     0     0
     0     0     0     0     0     0     0     0     0     0     0     0
     0     0     0     0     0     0     0     0     0     0     0     0
     0     0     0     0     0     0     0     0     0     0     0     0
     0     0     0     0     0     0     0     0     0     0     0     0
     0     0     0     0     0     0     0     0     0     0     0     0
     0     0     0     0     0     0     0     0     0     0     0     0
     0     0     0     0     0     0     0     0     0     0     0     0
     0     0     0     0     0     0     0     0     0     0     0     0
     0     0     0     0     0     0     0     0     0     0     0     0
     0     0     0     0     0     0     0     0     0     0     0     0
     0     0     0     0     0     0     0     0     0     0     0     0
     0     0     0     0     0     0     0     0     0     0     0     0
     0     0     0     0     0     0     0     0     0     0     0     0
     0     0     0     0     0     0     0     0     0     0     0     0
     0     0     0     0     0     0     0     0     0     0     0     0
     0     0     0     0     0     0     0     0     0     0     0     0
     0     0     0     0     0     0     0     0     0     0     0     0
     0     0     0     0     0     0     0     0     0     0     0     0
     0     0     0     0     0     0     0     0     0     0     0     0
    19
     0     0     0     0     0     0     0     0     0     0     0     0
     0     0     0     0     0     0     0     0     0     0     0     0
     0     0     0     0     0     0     0     0     0     0     0     0
     0     0     0     0     0     0     0     0     0     0     0     0
     0     0     0     0     0     0     0     0     0     0     0     0
     0     0     0     0     0     0     0     0     0     0     0     0
     0     0     0     0     0     0     0     0     0     0     0     0
     0     0     0     0     0     0     0     0     0     0     0     0
     0     0     0     0     0     0     0     0     0     0     0     0
     0     0     0     0     0     0     0     0     0     0     0     0
     0     0     0     0     0     0     0     0     0     0     0     0
     0     0     0     0     0     0     0     0     0     0     0     0
     0     0     0     0     0     0     0     0     0     0     0     0
     0     0     0     0     0     0     0     0     0     0     0     0
     0     0     0     0     0     0     0     0     0     0     0     0
     0     0     0     0     0     0     0     0     0     0     0     0
     0     0     0     0     0     0     0     0     0     0     0     0
     0     0     0     0     0     0     0     0     0     0     0     0
     0     0     0     0     0     0     0     0     0     0     0     0
     0     0     0     0     0     0     0     0     0     0     0     0
     0     0     0     0     0     0     0     0     0     0     0     0
     0     0     0     0     0     0     0     0     0     0     0     0
     0     0     0     0     0     0     0     0     0     0     0     0
     0     0     0     0     0     0     0     0     0     0     0     0
     0     0     0     0     0     0     0     0     0     0     0     0
     0     0     0     0     0     0     0     0     0     0     0     0
     0     0     0     0     0     0     0     0     0     0     0     0
     0     0     0     0     0     0     0     0     0     0     0     0
     0     0     0     0     0     0     0     0     0     0     0     0
     0     0     0     0     0     0     0     0     0     0     0     0
     0     0     0     0     0     0     0     0     0     0     0     0
     0     0     0     0     0     0     0     0     0     0     0     0
     0     0     0     0     0     0     0     0     0     0     0     0
     0     0     0     0     0     0     0     0     0     0     0     0
     0     0     0     0     0     0     0     0     0     0     0     0
     0     0     0     0     0     0     0     0     0     0     0     0
    20
     0     0     0     0     0     0     0     0     0     0     0     0
     0     0     0     0     0     0     0     0     0     0     0     0
     0     0     0     0     0     0     0     0     0     0     0     0
     0     0     0     0     0     0     0     0     0     0     0     0
     0     0     0     0     0     0     0     0     0     0     0     0
     0     0     0     0     0     0     0     0     0     0     0     0
     0     0     0     0     0     0     0     0     0     0     0     0
     0     0     0     0     0     0     0     0     0     0     0     0
     0     0     0     0     0     0     0     0     0     0     0     0
     0     0     0     0     1     0     0     0     0     0     0     0
     0     0     0     0     0     0     0     0     0     0     0     0
     0     0     0     0     0     0     0     0     0     0     0     0
     0     0     0     0     0     0     0     0     0     0     0     0
     0     0     0     0     0     0     0     0     0     0     0     0
     0     0     0     0     0     0     0     0     0     0     0     0
     0     0     0     0     0     0     0     0     0     0     0     0
     0     0     0     0     0     0     0     0     0     0     0     0
     0     0     0     0     0     0     0     0     0     0     0     0
     0     0     0     0     0     0     0     0     0     0     0     0
     0     0     0     0     0     0     0     0     0     0     0     0
     0     0     0     0     0     0     0     0     0     0     0     0
     0     0     0     0     0     0     0     0     0     0     0     0
     0     0     0     0     0     0     0     0     0     0     0     0
     0     0     0     0     0     0     0     0     0     0     0     0
     0     0     0     0     0     0     0     0     0     0     0     0
     0     0     0     0     0     0     0     0     0     0     0     0
     0     0     0     0     0     0     0     0     0     0     0     0
     0     0     0     0     0     0     0     0     0     0     0     0
     0     0     0     0     0     0     0     0     0     0     0     0
     0     0     0     0     0     0     0     0     0     0     0     0
     0     0     0     0     0     0     0     0     0     0     0     0
     0     0     0     0     0     0     0     0     0     0     0     0
     0     0     0     0     0     0     0     0     0     0     0     0
     0     0     0     0     0     0     0     0     0     0     0     0
     0     0     0     0     1     0     0     0     0     0     0     0
     0     0     0     0     0     0     0     0     0     0     0     0
