1, 32
   13.92,   20.84,   24.20,   28.15,   32.55,   37.72,   43.73,   50.64
   58.76,   68.12,   78.99,   91.62,  106.30,  123.22,  142.76,  165.29
  191.34,  221.91,  256.94,  298.07,  345.60,  400.75,  464.83,  538.47
  623.61,  722.82,  838.00,  971.78, 1126.51, 1305.88, 1513.71, 1754.16
2, 32
   10.77,   16.73,   19.39,   22.49,   26.05,   30.21,   35.01,   40.57
   47.03,   54.50,   63.16,   73.23,   84.85,   98.12,  113.71,  131.73
  152.79,  177.84,  205.84,  238.45,  276.48,  320.60,  372.18,  430.74
  498.91,  578.54,  670.72,  777.39,  900.61, 1044.42, 1210.66, 1403.04 
3, 32
   13.61,   20.07,   24.06,   28.05,   33.09,   40.13,   48.11,   57.15
   68.18,   80.15,   93.18,  110.30,  135.55,  165.45,  195.38,  230.58
  275.76,  330.91,  390.77,  461.16,  551.51,  661.81,  792.06,  942.26
 1122.97, 1343.57, 1604.07, 1904.48, 2265.89, 2707.09, 3228.10, 3828.91
4, 32
    6.80,   10.03,   12.03,   14.02,   16.54,   20.06,   24.05,   28.57
   34.09,   40.07,   46.59,   55.15,   67.77,   82.72,   97.69,  115.29
  137.88,  165.45,  195.38,  230.58,  275.75,  330.90,  396.03,  471.13
  561.48,  671.78,  802.03,  952.24, 1132.94, 1353.54, 1614.05, 1914.46
