0,  37
-4.401,-4.147,-3.943,-3.791,-3.639,-3.486,-3.334,-3.181,-2.8,-2.623
-2.343,-2.165,-1.988,-1.657,-1.48,-1.2,-0.972,-0.337,0.337,0.718
0.946,1.175,1.403,1.632,1.861,2.089,2.318,2.546,2.775,3.232
3.385,3.537,3.689,3.842,3.994,4.147,4.401,0.0,0.0,0.0
0.0,0.0,0.0,0.0,0.0,0.0,0.0,0.0,0.0,0.0
0.0,0.0,0.0,0.0,0.0,0.0,0.0,0.0,0.0,0.0
1,  56
-5.645,-5.493,-5.188,-5.036,-4.883,-4.731,-4.426,-4.274,-3.969,-3.816
-3.664,-3.512,-3.359,-3.207,-3.054,-2.902,-2.75,-2.597,-2.445,-2.292
-2.14,-1.988,-1.835,-1.683,-1.53,-1.378,-1.226,-1.073,-0.559,0.076
0.648,1.2,1.353,1.505,1.657,1.81,1.962,2.115,2.267,2.419
2.572,2.724,2.826,3.029,3.181,3.334,3.486,3.639,3.715,4.553
4.705,5.01,5.163,5.315,5.467,5.772,0.0,0.0,0.0,0.0
2,  27
-3.861,-3.531,-3.2,-3.035,-2.87,-2.54,-2.21,-1.88,-1.549,-1.219
-0.864,-0.698,-0.368,-0.038,0.292,0.698,0.864,1.219,1.384,1.88
2.21,2.54,2.87,3.035,3.2,3.531,3.861,0.0,0.0,0.0
0.0,0.0,0.0,0.0,0.0,0.0,0.0,0.0,0.0,0.0
0.0,0.0,0.0,0.0,0.0,0.0,0.0,0.0,0.0,0.0
0.0,0.0,0.0,0.0,0.0,0.0,0.0,0.0,0.0,0.0
3,  42
-5.699,-5.421,-5.143,-4.865,-4.587,-4.309,-4.031,-3.753,-3.475,-3.197
-2.919,-2.641,-2.363,-2.085,-1.807,-1.529,-1.251,-0.973,-0.695,-0.417
-0.139,0.139,0.417,0.695,0.973,1.251,1.529,1.807,2.085,2.363
2.641,2.919,3.197,3.475,3.753,4.031,4.309,4.587,4.865,5.143
5.421,5.699,0.0,0.0,0.0,0.0,0.0,0.0,0.0,0.0
0.0,0.0,0.0,0.0,0.0,0.0,0.0,0.0,0.0,0.0